L2 norm of gradient: 110.90027042215269
Iteration 0: -14918.995403788185
L2 norm of gradient: 13.284953477530498
Iteration 1: -14849.759023100243
L2 norm of gradient: 84.80302520205353
Iteration 2: -15383.563609843612
L2 norm of gradient: 7.772114690536463
Iteration 3: -14400.587663863611
L2 norm of gradient: 0.19867454176128496
Iteration 4: -13990.403647251846
L2 norm of gradient: 13.027920779531911
Iteration 5: -13631.556207841824
L2 norm of gradient: 16.683134538510732
Iteration 6: -13927.85519930536
L2 norm of gradient: 7.026494631089855
Iteration 7: -14302.409531042264
L2 norm of gradient: 14.742160029532673
Iteration 8: -13770.800021846435
L2 norm of gradient: 13.374210588151907
Iteration 9: -12556.159702125762
L2 norm of gradient: 3.923914417870525
Iteration 10: -14761.80809537074
L2 norm of gradient: 14.739701548018079
Iteration 11: -13482.128709809509
L2 norm of gradient: 14.254088510698901
Iteration 12: -14231.908095682109
L2 norm of gradient: 87.82892228268346
Iteration 13: -13016.611329693145
L2 norm of gradient: 16.969867150552645
Iteration 14: -13784.611485552996
L2 norm of gradient: 75.78894847078497
Iteration 15: -13546.786058264384
L2 norm of gradient: 140.7856471362408
Iteration 16: -12345.894787346135
L2 norm of gradient: 64.53094700277127
Iteration 17: -15308.257646330905
L2 norm of gradient: 81.24160823830144
Iteration 18: -16081.34880317045
L2 norm of gradient: 122.55368174916931
Iteration 19: -15077.952275125052
L2 norm of gradient: 0.11854397103360238
Iteration 20: -14297.596900173028
L2 norm of gradient: 165.73610212665864
Iteration 21: -14765.144902883503
L2 norm of gradient: 0.30534991060736943
Iteration 22: -13683.20854433358
L2 norm of gradient: 3.886735203096651
Iteration 23: -12314.73086307524
L2 norm of gradient: 90.37875887940524
Iteration 24: -14387.270001304983
L2 norm of gradient: 82.89417528453957
Iteration 25: -13396.408640237622
L2 norm of gradient: 65.27389897502385
Iteration 26: -14079.263163701875
L2 norm of gradient: 14.167192705441352
Iteration 27: -13617.305923271106
L2 norm of gradient: 14.437311487007776
Iteration 28: -14392.379738602427
L2 norm of gradient: 165.28408778676345
Iteration 29: -14623.854806204683
L2 norm of gradient: 13.644872556591825
Iteration 30: -13170.414722039355
L2 norm of gradient: 81.44688293779996
Iteration 31: -13235.242695428604
L2 norm of gradient: 82.80967724104829
Iteration 32: -12474.273497670149
L2 norm of gradient: 0.5286343944447186
Iteration 33: -13068.791725031453
L2 norm of gradient: 0.5063675213867365
Iteration 34: -13068.805881974495
L2 norm of gradient: 103.30934779721895
Iteration 35: -13174.024550242342
L2 norm of gradient: 117.55642330006975
Iteration 36: -15462.337613787386
L2 norm of gradient: 68.06550952893669
Iteration 37: -14074.681726432518
L2 norm of gradient: 74.7596583055373
Iteration 38: -14762.455393878003
L2 norm of gradient: 0.2976727779214598
Iteration 39: -14758.393538234091
L2 norm of gradient: 71.6819193697551
Iteration 40: -13479.161399603894
L2 norm of gradient: 4.198497025332541
Iteration 41: -12486.152731677947
L2 norm of gradient: 0.18585555637662332
Iteration 42: -12625.601733821895
L2 norm of gradient: 116.01920325366686
Iteration 43: -15375.971274006733
L2 norm of gradient: 179.92103270011893
Iteration 44: -15072.313912607939
L2 norm of gradient: 71.89226157666673
Iteration 45: -15156.313624754808
L2 norm of gradient: 92.65258829563125
Iteration 46: -13083.544549237266
L2 norm of gradient: 156.90435695706466
Iteration 47: -14758.071348337277
L2 norm of gradient: 116.78663736307898
Iteration 48: -15069.667503586783
L2 norm of gradient: 79.14264514687328
Iteration 49: -15381.941266871396
L2 norm of gradient: 135.2581030622134
Iteration 50: -14837.214847981913
L2 norm of gradient: 8.209419684294032
Iteration 51: -12779.498107096568
L2 norm of gradient: 81.3551931909157
Iteration 52: -15064.806513491147
L2 norm of gradient: 75.78974371466046
Iteration 53: -16307.85830785689
L2 norm of gradient: 16.85426296308214
Iteration 54: -15613.460323591806
L2 norm of gradient: 78.75698445826363
Iteration 55: -14384.904540781428
L2 norm of gradient: 76.68399368403013
Iteration 56: -12483.241021545986
L2 norm of gradient: 119.04783917833402
Iteration 57: -14471.26143026221
L2 norm of gradient: 15.74624597737961
Iteration 58: -13630.977848758132
L2 norm of gradient: 0.46168505783884184
Iteration 59: -13990.429748586603
L2 norm of gradient: 100.89831523873681
Iteration 60: -13853.857751781612
L2 norm of gradient: 98.53403969084852
Iteration 61: -15226.059393681386
L2 norm of gradient: 86.0591557376698
Iteration 62: -13080.732188090871
L2 norm of gradient: 8.439144966503822
Iteration 63: -15384.738861898397
L2 norm of gradient: 0.1075223573264888
Iteration 64: -15372.80620824917
L2 norm of gradient: 4.170658355743325
Iteration 65: -14915.668195322556
L2 norm of gradient: 88.85532399196383
Iteration 66: -14146.779006120662
L2 norm of gradient: 87.68844077233763
Iteration 67: -15063.16155496759
L2 norm of gradient: 1.2526056206932845
Iteration 68: -14911.93582296054
L2 norm of gradient: 0.35129439706199855
Iteration 69: -14451.210043593197
L2 norm of gradient: 83.00377675381
Iteration 70: -14453.004177457628
L2 norm of gradient: 19.62531043080662
Iteration 71: -13773.576265406524
L2 norm of gradient: 16.484397496672784
Iteration 72: -13477.198888763392
L2 norm of gradient: 4.390210500179314
Iteration 73: -13236.572684405894
L2 norm of gradient: 241.7771526708965
Iteration 74: -14157.557018361578
L2 norm of gradient: 0.5251511859628583
Iteration 75: -13990.381931554784
L2 norm of gradient: 91.28878736340229
Iteration 76: -14294.781894949221
L2 norm of gradient: 91.46799465066871
Iteration 77: -13989.907384379872
L2 norm of gradient: 116.00997813700174
Iteration 78: -13385.744018198353
L2 norm of gradient: 11.928181037883256
Iteration 79: -13174.715721929766
L2 norm of gradient: 106.22771382233688
Iteration 80: -13788.343719896926
L2 norm of gradient: 85.39820767320515
Iteration 81: -14074.603244473632
L2 norm of gradient: 4.1705969256464765
Iteration 82: -14454.832681880252
L2 norm of gradient: 4.527832708930372
Iteration 83: -14608.15147731053
L2 norm of gradient: 0.9498495678207989
Iteration 84: -14143.955852972227
L2 norm of gradient: 9.141192397986895
Iteration 85: -14166.453375541525
L2 norm of gradient: 93.84188567855041
Iteration 86: -13833.138948483582
L2 norm of gradient: 132.24994668940377
Iteration 87: -13318.26530939383
L2 norm of gradient: 0.09235958281964474
Iteration 88: -15065.60562465333
L2 norm of gradient: 89.15290589516209
Iteration 89: -14761.063285000073
L2 norm of gradient: 0.5561021327045295
Iteration 90: -13854.380803952494
L2 norm of gradient: 91.41311580349314
Iteration 91: -14139.601599400066
L2 norm of gradient: 18.891890777170623
Iteration 92: -13616.351950806398
L2 norm of gradient: 115.42530724722475
Iteration 93: -15240.63355533289
L2 norm of gradient: 27.035946060780805
Iteration 94: -14183.452868764962
L2 norm of gradient: 8.37364426260373
Iteration 95: -15531.404585214315
L2 norm of gradient: 218.86166388965293
Iteration 96: -15300.471547363824
L2 norm of gradient: 139.4550669897378
Iteration 97: -14684.825663575668
L2 norm of gradient: 8.147109691959223
Iteration 98: -14917.176561254586
L2 norm of gradient: 0.253275545073375
Iteration 99: -14451.201449417016
L2 norm of gradient: 17.839543157476943
Iteration 100: -13630.33218769029
L2 norm of gradient: 8.837593406901544
Iteration 101: -12778.813206468465
L2 norm of gradient: 89.51265544650063
Iteration 102: -14533.644090807024
L2 norm of gradient: 11.301596201764346
Iteration 103: -13999.292596061861
L2 norm of gradient: 171.2321843386869
Iteration 104: -13533.581563155749
L2 norm of gradient: 103.00009933254667
Iteration 105: -14151.304424663196
L2 norm of gradient: 10.431119222313425
Iteration 106: -10348.005584406308
L2 norm of gradient: 4.353701748143987
Iteration 107: -14608.194442050066
L2 norm of gradient: 96.12014412214742
Iteration 108: -14449.208637537864
L2 norm of gradient: 140.52469857499372
Iteration 109: -14134.441472347076
L2 norm of gradient: 20.50101740159342
Iteration 110: -13923.154482619651
L2 norm of gradient: 11.073086783186142
Iteration 111: -15618.387233596124
L2 norm of gradient: 8.71856472481393
Iteration 112: -14763.517181663505
L2 norm of gradient: 103.89537880056629
Iteration 113: -14025.96037138995
L2 norm of gradient: 36.59023199459396
Iteration 114: -14163.573838534523
L2 norm of gradient: 0.2328453336136222
Iteration 115: -13836.790341040261
L2 norm of gradient: 20.325278699295083
Iteration 116: -16227.180059897437
L2 norm of gradient: 101.11910144309468
Iteration 117: -15678.489573395645
L2 norm of gradient: 181.30881206750126
Iteration 118: -12759.400736138314
L2 norm of gradient: 97.01813416289504
Iteration 119: -14994.827840588352
L2 norm of gradient: 183.1490187002492
Iteration 120: -14748.35696434918
L2 norm of gradient: 8.779429664220237
Iteration 121: -13843.561597480952
L2 norm of gradient: 21.087118969232286
Iteration 122: -15151.906452948118
L2 norm of gradient: 106.92451026243918
Iteration 123: -14452.699095130958
L2 norm of gradient: 19.0188822912516
Iteration 124: -12418.81420620766
L2 norm of gradient: 195.73332078133186
Iteration 125: -15602.892780489929
L2 norm of gradient: 0.7539979808443235
Iteration 126: -14604.810230852943
L2 norm of gradient: 106.67690797719675
Iteration 127: -15299.471109642443
L2 norm of gradient: 243.71763055206554
Iteration 128: -16123.380566425949
L2 norm of gradient: 2.041654437867354
Iteration 129: -11100.027842690572
L2 norm of gradient: 103.66387943303651
Iteration 130: -14387.827051838325
L2 norm of gradient: 1.3666608070133883
Iteration 131: -14911.94815602846
L2 norm of gradient: 0.3432719652583805
Iteration 132: -15372.780315566733
L2 norm of gradient: 171.17897121500286
Iteration 133: -13307.998926070775
L2 norm of gradient: 110.66486574025524
Iteration 134: -14597.646705524003
L2 norm of gradient: 1.0451350389185634
Iteration 135: -14758.3060106676
L2 norm of gradient: 22.53821072497257
Iteration 136: -14234.07301554786
L2 norm of gradient: 111.81103965444514
Iteration 137: -13832.745788410914
L2 norm of gradient: 1.3955610036633286
Iteration 138: -12607.894267519283
L2 norm of gradient: 12.50979243390007
Iteration 139: -14317.210829761254
L2 norm of gradient: 123.17173733945081
Iteration 140: -15764.293405266842
L2 norm of gradient: 113.74816071500203
Iteration 141: -13936.838402645819
L2 norm of gradient: 45.4127236103021
Iteration 142: -15395.863044210217
L2 norm of gradient: 361.1259794564123
Iteration 143: -15425.347965583755
L2 norm of gradient: 4.494758955336019
Iteration 144: -14301.014567806742
L2 norm of gradient: 292.59625998620515
Iteration 145: -13973.257291467673
L2 norm of gradient: 183.36845788105128
Iteration 146: -15134.398822681054
L2 norm of gradient: 127.45717814666669
Iteration 147: -15295.204717046727
L2 norm of gradient: 127.005737834132
Iteration 148: -13314.456098407993
L2 norm of gradient: 4.921550380940973
Iteration 149: -13550.81316949652
L2 norm of gradient: 174.75467863363014
Iteration 150: -14592.709577628268
L2 norm of gradient: 12.358177801649415
Iteration 151: -13477.878516996843
L2 norm of gradient: 190.71577067347565
Iteration 152: -15196.648686439758
L2 norm of gradient: 365.6525381919533
Iteration 153: -13128.719071431304
L2 norm of gradient: 10.536374991352938
Iteration 154: -11714.705491602354
L2 norm of gradient: 2.3995715041186902
Iteration 155: -13683.027002682718
L2 norm of gradient: 4.982957305767977
Iteration 156: -12300.426972251507
L2 norm of gradient: 186.45280702639158
Iteration 157: -15196.198443763638
L2 norm of gradient: 21.84925970282766
Iteration 158: -14386.974659077248
L2 norm of gradient: 134.3459510593719
Iteration 159: -14218.763088557627
L2 norm of gradient: 12.49211700130335
Iteration 160: -14917.921615730173
L2 norm of gradient: 129.06062255958824
Iteration 161: -16072.50945631028
L2 norm of gradient: 24.230075766744815
Iteration 162: -14536.291656579859
L2 norm of gradient: 239.00787975020947
Iteration 163: -14419.57620088698
L2 norm of gradient: 134.10810123532946
Iteration 164: -13670.631076898364
L2 norm of gradient: 72.06460077386065
Iteration 165: -14401.021353751927
L2 norm of gradient: 114.10994048417714
Iteration 166: -13837.789848096094
L2 norm of gradient: 1.5986441240587437
Iteration 167: -13393.45155497385
L2 norm of gradient: 112.56964033041393
Iteration 168: -13533.007906035537
L2 norm of gradient: 6.637258839591344
Iteration 169: -14146.810811388958
L2 norm of gradient: 0.7633775551696168
Iteration 170: -14604.881913568554
L2 norm of gradient: 123.1673621411271
Iteration 171: -13757.763404689173
L2 norm of gradient: 49.68191386640713
Iteration 172: -14932.964209183407
L2 norm of gradient: 9.297383244851888
Iteration 173: -13086.609398212764
L2 norm of gradient: 215.92604942678554
Iteration 174: -14882.478728770595
L2 norm of gradient: 124.48255390277042
Iteration 175: -14368.70455729107
L2 norm of gradient: 204.8521996145873
Iteration 176: -15498.984173532459
L2 norm of gradient: 0.7781139467470497
Iteration 177: -13836.816842494334
L2 norm of gradient: 142.2388144772871
Iteration 178: -13974.69948270377
L2 norm of gradient: 286.43767589850665
Iteration 179: -14787.059516139887
L2 norm of gradient: 5.814576841142659
Iteration 180: -14757.845584294155
L2 norm of gradient: 212.8238543444359
Iteration 181: -14264.437374557432
L2 norm of gradient: 135.92687451625267
Iteration 182: -14594.273170761744
L2 norm of gradient: 21.906966914095797
Iteration 183: -14783.486814975759
L2 norm of gradient: 217.64021153687042
Iteration 184: -15491.463816710018
L2 norm of gradient: 24.346377445216664
Iteration 185: -15614.391697334735
L2 norm of gradient: 364.71141739684373
Iteration 186: -15092.984991800597
L2 norm of gradient: 263.16949928974816
Iteration 187: -15488.350415436738
L2 norm of gradient: 138.26074607712323
Iteration 188: -13770.668908702151
L2 norm of gradient: 20.600633980672825
Iteration 189: -13944.622436651174
L2 norm of gradient: 147.97725569401845
Iteration 190: -11849.884205275837
L2 norm of gradient: 177.81560052981078
Iteration 191: -14671.677884895813
L2 norm of gradient: 28.542396448236858
Iteration 192: -12399.664055411531
L2 norm of gradient: 180.7778728032502
Iteration 193: -14751.796105367017
L2 norm of gradient: 9.901966434797815
Iteration 194: -12775.359431418005
L2 norm of gradient: 1.4589791747677525
Iteration 195: -13854.564827199607
L2 norm of gradient: 236.3607795238359
Iteration 196: -14258.564191782993
L2 norm of gradient: 22.102460537832794
Iteration 197: -14094.039261910091
L2 norm of gradient: 373.24019323664504
Iteration 198: -14688.951320797058
L2 norm of gradient: 141.37316411931397
Iteration 199: -14362.349749036677
L2 norm of gradient: 10.926384561770684
Iteration 200: -13378.876110748559
L2 norm of gradient: 261.8111396029671
Iteration 201: -13121.613665004797
L2 norm of gradient: 30.577413393258443
Iteration 202: -14534.898159087792
L2 norm of gradient: 159.26113518673594
Iteration 203: -13815.209503173752
L2 norm of gradient: 490.8053693156102
Iteration 204: -14508.849353950296
L2 norm of gradient: 266.62513653711954
Iteration 205: -14486.945044745342
L2 norm of gradient: 120.08998354472382
Iteration 206: -14216.297470527432
L2 norm of gradient: 108.85049621549973
Iteration 207: -15371.631621358589
L2 norm of gradient: 6.221082799017462
Iteration 208: -13697.395355496623
L2 norm of gradient: 307.60097445180025
Iteration 209: -13625.535694993361
L2 norm of gradient: 32.1806820410724
Iteration 210: -14079.259601062453
L2 norm of gradient: 138.91408643650618
Iteration 211: -14284.766726540398
L2 norm of gradient: 31.34155309876362
Iteration 212: -13706.770690093479
L2 norm of gradient: 254.19802065935426
Iteration 213: -14339.498247239982
L2 norm of gradient: 180.19518991117812
Iteration 214: -13821.6273952495
L2 norm of gradient: 19.106174313615934
Iteration 215: -12307.183942112486
L2 norm of gradient: 8.034892332289063
Iteration 216: -14761.693381060073
L2 norm of gradient: 13.544274958455192
Iteration 217: -12165.10767805418
L2 norm of gradient: 7.541492890724489
Iteration 218: -14146.908140912336
L2 norm of gradient: 33.68350203800041
Iteration 219: -15000.61450433958
L2 norm of gradient: 165.33530135227866
Iteration 220: -13062.787542041326
L2 norm of gradient: 205.26932916699792
Iteration 221: -14273.28962182664
L2 norm of gradient: 325.409585851887
Iteration 222: -13906.112748504598
L2 norm of gradient: 35.74157581167665
Iteration 223: -14841.977474976791
L2 norm of gradient: 6.293641392710198
Iteration 224: -13850.836098774103
L2 norm of gradient: 6.073231613298622
Iteration 225: -13993.583583517186
L2 norm of gradient: 6.348700010451989
Iteration 226: -14915.767935877078
L2 norm of gradient: 13.456947540841389
Iteration 227: -14316.871335516718
L2 norm of gradient: 11.929234835324351
Iteration 228: -14917.461697868686
L2 norm of gradient: 512.6440109526532
Iteration 229: -14535.619836606253
L2 norm of gradient: 573.4282667550322
Iteration 230: -13791.674647680744
L2 norm of gradient: 348.50145872087444
Iteration 231: -14200.242311449549
L2 norm of gradient: 15.56198107169025
Iteration 232: -13374.227485503869
L2 norm of gradient: 2.517122192653724
Iteration 233: -12489.68573475504
L2 norm of gradient: 306.37651655513486
Iteration 234: -13852.56485439233
L2 norm of gradient: 17.247169823912795
Iteration 235: -13681.131828384856
L2 norm of gradient: 304.66184283068145
Iteration 236: -14465.728191560718
L2 norm of gradient: 0.40844243409492675
Iteration 237: -14758.402119562528
L2 norm of gradient: 195.57180816276554
Iteration 238: -14725.53833332043
L2 norm of gradient: 358.35100444887297
Iteration 239: -14428.93852445387
L2 norm of gradient: 196.9473793936372
Iteration 240: -10911.812285266147
L2 norm of gradient: 14.34810298728837
Iteration 241: -13994.86241371228
L2 norm of gradient: 200.23027086469108
Iteration 242: -14261.931633314238
L2 norm of gradient: 191.13583442162272
Iteration 243: -14262.466258808197
L2 norm of gradient: 7.54682361949061
Iteration 244: -13682.655032995479
L2 norm of gradient: 290.638570051296
Iteration 245: -13632.101651565437
L2 norm of gradient: 14.034718858448757
Iteration 246: -15064.089038525879
L2 norm of gradient: 116.82442714040042
Iteration 247: -15370.487755249587
L2 norm of gradient: 11.099697539626131
Iteration 248: -15221.730291239868
L2 norm of gradient: 214.3070722118954
Iteration 249: -12882.374591148404
L2 norm of gradient: 7.037971705226772
Iteration 250: -14296.591162879642
L2 norm of gradient: 278.129423447543
Iteration 251: -12257.749904415296
L2 norm of gradient: 317.58507951580367
Iteration 252: -15149.614732853355
L2 norm of gradient: 5.3392890908563935
Iteration 253: -13850.852410012321
L2 norm of gradient: 309.6244208741342
Iteration 254: -14610.2838805287
L2 norm of gradient: 204.41979361501137
Iteration 255: -14721.417237764936
L2 norm of gradient: 221.23184449250184
Iteration 256: -14488.356546437833
L2 norm of gradient: 237.87000562047925
Iteration 257: -14872.39217052858
L2 norm of gradient: 8.3502222854895
Iteration 258: -14157.874480711977
L2 norm of gradient: 120.13801085682675
Iteration 259: -14131.662928400077
L2 norm of gradient: 41.94844023227357
Iteration 260: -11797.172043104616
L2 norm of gradient: 20.93065729058418
Iteration 261: -14922.786821100937
L2 norm of gradient: 68.99740881670276
Iteration 262: -11727.671832429874
L2 norm of gradient: 429.03778619322287
Iteration 263: -13901.301102681095
L2 norm of gradient: 21.120633848111382
Iteration 264: -13086.152536685147
L2 norm of gradient: 315.3265050798274
Iteration 265: -14514.460225579822
L2 norm of gradient: 217.31216060563867
Iteration 266: -13790.271497947746
L2 norm of gradient: 7.089216709943031
Iteration 267: -13850.925181485292
L2 norm of gradient: 319.0472068876425
Iteration 268: -14516.31628307204
L2 norm of gradient: 233.72134053592887
Iteration 269: -13178.321548611677
L2 norm of gradient: 203.86050375138691
Iteration 270: -12944.219377998339
L2 norm of gradient: 19.503894298212433
Iteration 271: -14232.365095900795
L2 norm of gradient: 154.25900015765495
Iteration 272: -14211.954757544112
L2 norm of gradient: 118.61141606815285
Iteration 273: -14596.810036933322
L2 norm of gradient: 16.972775771127996
Iteration 274: -13838.144928320075
L2 norm of gradient: 6.892642187552918
Iteration 275: -15529.654007764357
L2 norm of gradient: 440.40449453540504
Iteration 276: -14546.916785033894
L2 norm of gradient: 11.982989092886735
Iteration 277: -14450.66450946615
L2 norm of gradient: 22.473767796092815
Iteration 278: -12004.17311819928
L2 norm of gradient: 241.79654758319447
Iteration 279: -15100.875716933015
L2 norm of gradient: 22.760922942908195
Iteration 280: -13860.770507812347
L2 norm of gradient: 231.124213072172
Iteration 281: -15321.848664815167
L2 norm of gradient: 37.74067553744378
Iteration 282: -13764.146030092072
L2 norm of gradient: 10.467102708658768
Iteration 283: -15528.451555880521
L2 norm of gradient: 211.11234236613163
Iteration 284: -13473.986674847285
L2 norm of gradient: 6.915503279121192
Iteration 285: -14915.790921458
L2 norm of gradient: 27.52773845776763
Iteration 286: -12774.544517441744
L2 norm of gradient: 385.1000280507806
Iteration 287: -16426.654646674746
L2 norm of gradient: 255.17060787761093
Iteration 288: -13405.686586477606
L2 norm of gradient: 230.92590634046633
Iteration 289: -13565.438060623726
L2 norm of gradient: 427.1647465812613
Iteration 290: -14521.905570655255
L2 norm of gradient: 17.983868981836203
Iteration 291: -13987.428894061153
L2 norm of gradient: 152.66688277037517
Iteration 292: -14013.049469933687
L2 norm of gradient: 345.1271972012953
Iteration 293: -14034.620462296867
L2 norm of gradient: 39.20266750431882
Iteration 294: -13609.50449820576
L2 norm of gradient: 32.201845750821896
Iteration 295: -14454.155534607871
L2 norm of gradient: 13.73649723764445
Iteration 296: -14295.758347266068
L2 norm of gradient: 372.0255434246206
Iteration 297: -14419.790846250646
L2 norm of gradient: 231.67280915899264
Iteration 298: -13546.571777973904
L2 norm of gradient: 220.29435447322257
Iteration 299: -11499.139878824644
L2 norm of gradient: 492.43995254156005
Iteration 300: -15807.282097726438
L2 norm of gradient: 62.36261730417734
Iteration 301: -14841.325024471484
L2 norm of gradient: 831.7875884368135
Iteration 302: -13687.124320026262
L2 norm of gradient: 212.57410403657622
Iteration 303: -14236.943251104185
L2 norm of gradient: 388.41611648183886
Iteration 304: -13954.763796528961
L2 norm of gradient: 57.84111721377762
Iteration 305: -13934.694468839183
L2 norm of gradient: 32.809556426390486
Iteration 306: -12615.816978893803
L2 norm of gradient: 15.38301882390417
Iteration 307: -14161.90957551478
L2 norm of gradient: 41.13544752184703
Iteration 308: -13610.729639974834
L2 norm of gradient: 59.52948976225535
Iteration 309: -13907.69799243233
L2 norm of gradient: 84.62411690680653
Iteration 310: -14991.105061224209
L2 norm of gradient: 5.809912926711208
Iteration 311: -13682.540635151177
L2 norm of gradient: 154.4199054526883
Iteration 312: -14297.326099312539
L2 norm of gradient: 95.48338361000854
Iteration 313: -14306.06454542936
L2 norm of gradient: 159.9573523188478
Iteration 314: -14308.614410305017
L2 norm of gradient: 314.7691863749801
Iteration 315: -15318.443232893173
L2 norm of gradient: 390.5214488063391
Iteration 316: -14863.904613008115
L2 norm of gradient: 238.5272327390952
Iteration 317: -13763.17345622494
L2 norm of gradient: 42.370571649881086
Iteration 318: -14067.646863968826
L2 norm of gradient: 270.63803291382595
Iteration 319: -15301.689181644404
L2 norm of gradient: 510.2220748157768
Iteration 320: -14554.89273565157
L2 norm of gradient: 823.4698040756316
Iteration 321: -13722.758266218587
L2 norm of gradient: 51.837146856367625
Iteration 322: -14840.150740277819
L2 norm of gradient: 419.1559603179609
Iteration 323: -14300.989555867192
L2 norm of gradient: 38.30438913086881
Iteration 324: -15686.669872972236
L2 norm of gradient: 502.57576406500044
Iteration 325: -13610.034093626844
L2 norm of gradient: 256.50845991272945
Iteration 326: -12625.492722054585
L2 norm of gradient: 240.42567553825734
Iteration 327: -13839.881100033763
L2 norm of gradient: 23.005548437316193
Iteration 328: -13063.967055410687
L2 norm of gradient: 308.0462263809691
Iteration 329: -12080.87783397964
L2 norm of gradient: 294.6895852268091
Iteration 330: -13450.82942614003
L2 norm of gradient: 256.0791709931219
Iteration 331: -13224.900358532781
L2 norm of gradient: 24.827267770775673
Iteration 332: -13553.34269940341
L2 norm of gradient: 279.23859095619554
Iteration 333: -13759.098362791832
L2 norm of gradient: 530.2188815073075
Iteration 334: -13982.557265028267
L2 norm of gradient: 489.8777590283227
Iteration 335: -14982.854964686514
L2 norm of gradient: 33.57791906848559
Iteration 336: -16145.77011404758
L2 norm of gradient: 65.7062885406446
Iteration 337: -14216.366032482121
L2 norm of gradient: 315.5176043344352
Iteration 338: -15291.402354935519
L2 norm of gradient: 259.85794744247164
Iteration 339: -12779.448176943706
L2 norm of gradient: 167.57017580036214
Iteration 340: -13241.952047102228
L2 norm of gradient: 302.48606844757734
Iteration 341: -12535.068354497114
L2 norm of gradient: 25.44850952136797
Iteration 342: -14297.625429871401
L2 norm of gradient: 19.741673986516485
Iteration 343: -12158.615340885688
L2 norm of gradient: 52.802483679890095
Iteration 344: -14686.917854381514
L2 norm of gradient: 325.1417108970718
Iteration 345: -12302.356855916185
L2 norm of gradient: 49.74867444156315
Iteration 346: -14301.909872625969
L2 norm of gradient: 19.441941026703844
Iteration 347: -14602.373115617369
L2 norm of gradient: 54.75119992546667
Iteration 348: -12765.826966861683
L2 norm of gradient: 355.8739402023013
Iteration 349: -14669.269950560323
L2 norm of gradient: 307.8759561615843
Iteration 350: -14007.662174711237
L2 norm of gradient: 73.90879661372458
Iteration 351: -14056.234410923698
L2 norm of gradient: 91.03928377289779
Iteration 352: -12690.832566938956
L2 norm of gradient: 45.37142647696241
Iteration 353: -14705.152780165261
L2 norm of gradient: 417.4725482161224
Iteration 354: -13501.26952108122
L2 norm of gradient: 30.5377143362186
Iteration 355: -13397.616541232996
L2 norm of gradient: 62.21803213668966
Iteration 356: -15305.112788755796
L2 norm of gradient: 30.99467619889256
Iteration 357: -12462.423615819884
L2 norm of gradient: 62.40073210804259
Iteration 358: -14526.594355790536
L2 norm of gradient: 10.510146020956018
Iteration 359: -14760.86197397114
L2 norm of gradient: 69.67065553588355
Iteration 360: -14302.113224837038
L2 norm of gradient: 45.519855093278345
Iteration 361: -15385.101901719865
L2 norm of gradient: 325.7074146070413
Iteration 362: -14041.309202514323
L2 norm of gradient: 240.91904487327974
Iteration 363: -14561.714573060051
L2 norm of gradient: 59.98715439944001
Iteration 364: -14841.934227694795
L2 norm of gradient: 563.6201889237617
Iteration 365: -12557.094125178543
L2 norm of gradient: 106.96732901048894
Iteration 366: -14213.609325835505
L2 norm of gradient: 255.09101652589888
Iteration 367: -13609.173003025075
L2 norm of gradient: 166.61037305604916
Iteration 368: -15072.497416914719
L2 norm of gradient: 288.56910678571154
Iteration 369: -15278.326562832066
L2 norm of gradient: 49.01981589256387
Iteration 370: -14382.395930369026
L2 norm of gradient: 281.7819781356295
Iteration 371: -15269.761480824845
L2 norm of gradient: 659.853286589001
Iteration 372: -14481.179153245525
L2 norm of gradient: 560.1008148541347
Iteration 373: -13323.784862626888
L2 norm of gradient: 340.6254424324933
Iteration 374: -14032.852096050321
L2 norm of gradient: 441.4203338864853
Iteration 375: -14720.777224174826
L2 norm of gradient: 105.55641914284085
Iteration 376: -14605.225823905143
L2 norm of gradient: 474.0109045412367
Iteration 377: -12728.115092739341
L2 norm of gradient: 313.09778409585414
Iteration 378: -12586.104561519285
L2 norm of gradient: 60.47560199981692
Iteration 379: -13532.62306279123
L2 norm of gradient: 55.07262448770074
Iteration 380: -14531.99582822873
L2 norm of gradient: 62.88889998594652
Iteration 381: -14746.84253470006
L2 norm of gradient: 4.8257735093079654
Iteration 382: -13221.397879660119
L2 norm of gradient: 74.13232575933763
Iteration 383: -15593.382812236614
L2 norm of gradient: 436.3376723148511
Iteration 384: -11862.758116078612
L2 norm of gradient: 7.649914523840822
Iteration 385: -15525.681108826251
L2 norm of gradient: 253.40623692397037
Iteration 386: -13336.576005403382
L2 norm of gradient: 450.1613101238946
Iteration 387: -14862.024632612347
L2 norm of gradient: 88.54791550029921
Iteration 388: -15755.901453699253
L2 norm of gradient: 499.1189982147959
Iteration 389: -15165.28626735152
L2 norm of gradient: 130.98414811757223
Iteration 390: -15214.78091263944
L2 norm of gradient: 55.27767382524897
Iteration 391: -14229.339791697677
L2 norm of gradient: 41.572593929779174
Iteration 392: -11808.904780563498
L2 norm of gradient: 301.3241033191932
Iteration 393: -14714.714049425345
L2 norm of gradient: 64.8765493844781
Iteration 394: -16289.021248445208
L2 norm of gradient: 75.04210254586341
Iteration 395: -14670.27923326191
L2 norm of gradient: 147.6491612205822
Iteration 396: -14194.750115804542
L2 norm of gradient: 94.79224289070811
Iteration 397: -14050.183661078285
L2 norm of gradient: 537.4159727944375
Iteration 398: -13032.651317141686
L2 norm of gradient: 27.642684026428274
Iteration 399: -13232.843377949124
L2 norm of gradient: 62.936001653192335
Iteration 400: -14826.933131954102
L2 norm of gradient: 296.65683013138874
Iteration 401: -12188.249927728673
L2 norm of gradient: 116.48923604048488
Iteration 402: -15448.807795060895
L2 norm of gradient: 415.66881025218896
Iteration 403: -13308.583882866316
L2 norm of gradient: 78.98231813434069
Iteration 404: -13225.480450653224
L2 norm of gradient: 348.97671755148457
Iteration 405: -14566.556937313037
L2 norm of gradient: 84.7044749044741
Iteration 406: -14521.562786603745
L2 norm of gradient: 429.0378689234227
Iteration 407: -11414.747454137518
L2 norm of gradient: 315.62249890368366
Iteration 408: -14090.037106673399
L2 norm of gradient: 20.692908205570774
Iteration 409: -14447.192854748348
L2 norm of gradient: 617.7907411396382
Iteration 410: -14446.006798613509
L2 norm of gradient: 300.74159122935197
Iteration 411: -14949.10863192691
L2 norm of gradient: 30.282521410757376
Iteration 412: -13248.49285054523
L2 norm of gradient: 531.9496032589902
Iteration 413: -15131.65251554171
L2 norm of gradient: 183.63019736700176
Iteration 414: -13489.023793251969
L2 norm of gradient: 358.3767224559258
Iteration 415: -11592.901870549327
L2 norm of gradient: 41.58272501302953
Iteration 416: -13170.652439402727
L2 norm of gradient: 176.86171604615006
Iteration 417: -13703.514957739644
L2 norm of gradient: 69.25370021066038
Iteration 418: -15672.331409946553
L2 norm of gradient: 465.1147623442658
Iteration 419: -14041.703064805182
L2 norm of gradient: 612.910047589258
Iteration 420: -14151.737265192161
L2 norm of gradient: 339.062369641476
Iteration 421: -15307.876228045949
L2 norm of gradient: 10.600030521117574
Iteration 422: -12467.458491518868
L2 norm of gradient: 352.6307450481461
Iteration 423: -13391.493224273405
L2 norm of gradient: 59.678317322052735
Iteration 424: -14759.585545318008
L2 norm of gradient: 726.0330009873924
Iteration 425: -15154.288534953686
L2 norm of gradient: 36.19514812210412
Iteration 426: -14755.201797390839
L2 norm of gradient: 652.5066244000622
Iteration 427: -12088.855308917053
L2 norm of gradient: 37.15719323747536
Iteration 428: -16005.710848091738
L2 norm of gradient: 348.579964760884
Iteration 429: -14244.557385296066
L2 norm of gradient: 195.59363934874042
Iteration 430: -13577.838626942523
L2 norm of gradient: 477.3874245918147
Iteration 431: -14804.023177855457
L2 norm of gradient: 104.24847091672945
Iteration 432: -14898.011618141829
L2 norm of gradient: 96.47046226392733
Iteration 433: -14437.922831475156
L2 norm of gradient: 500.2712875335514
Iteration 434: -13721.255654917957
L2 norm of gradient: 47.597623010555864
Iteration 435: -13758.384320530104
L2 norm of gradient: 340.9516072450414
Iteration 436: -15360.057722784612
L2 norm of gradient: 338.88480751298675
Iteration 437: -13612.772295432062
L2 norm of gradient: 178.55541546967947
Iteration 438: -14253.571673195132
L2 norm of gradient: 382.57827287258283
Iteration 439: -16547.410499011337
L2 norm of gradient: 73.98957140478124
Iteration 440: -15139.825832623319
L2 norm of gradient: 30.082801198620732
Iteration 441: -13687.517122991878
L2 norm of gradient: 82.07030079649353
Iteration 442: -14125.412208164882
L2 norm of gradient: 334.27109223226364
Iteration 443: -11647.340453152305
L2 norm of gradient: 748.2797636241407
Iteration 444: -13583.140146177704
L2 norm of gradient: 24.705975939565842
Iteration 445: -14760.031561876896
L2 norm of gradient: 11.69438121817928
Iteration 446: -15531.072925524737
L2 norm of gradient: 46.52820356647182
Iteration 447: -12001.72223374775
L2 norm of gradient: 90.40041834941667
Iteration 448: -14389.81185855101
L2 norm of gradient: 52.05698351530723
Iteration 449: -14214.404324698924
L2 norm of gradient: 322.93310395276745
Iteration 450: -13294.747636471555
L2 norm of gradient: 548.1232932501439
Iteration 451: -14168.608826087759
L2 norm of gradient: 77.82656601578599
Iteration 452: -13761.358798970881
L2 norm of gradient: 16.62333273836326
Iteration 453: -14144.059321507331
L2 norm of gradient: 87.75250705018269
Iteration 454: -14055.107041723071
L2 norm of gradient: 447.0114946654812
Iteration 455: -14807.762305337757
L2 norm of gradient: 114.88159888972868
Iteration 456: -14858.976660734274
L2 norm of gradient: 799.9574172071824
Iteration 457: -14405.18713730586
L2 norm of gradient: 793.5873055464009
Iteration 458: -14860.933614141852
L2 norm of gradient: 142.92872172048274
Iteration 459: -14039.023209882693
L2 norm of gradient: 380.83996447758886
Iteration 460: -11914.835174253049
L2 norm of gradient: 163.97224825348977
Iteration 461: -15424.033375817819
L2 norm of gradient: 64.70640814726673
Iteration 462: -13818.78636297561
L2 norm of gradient: 533.7449229291009
Iteration 463: -13892.784811080808
L2 norm of gradient: 649.5345636596501
Iteration 464: -13233.502014258478
L2 norm of gradient: 81.08945847226167
Iteration 465: -11930.570709561776
L2 norm of gradient: 520.8604853041309
Iteration 466: -13835.771647393656
L2 norm of gradient: 62.10671760587907
Iteration 467: -12898.756413726987
L2 norm of gradient: 61.86093340516233
Iteration 468: -13336.112824429138
L2 norm of gradient: 350.654907210626
Iteration 469: -13888.226161965445
L2 norm of gradient: 53.31534753069007
Iteration 470: -12720.759420186625
L2 norm of gradient: 23.01546827158079
Iteration 471: -16441.97460276699
L2 norm of gradient: 672.0343865623563
Iteration 472: -16451.93479919721
L2 norm of gradient: 360.6255085251679
Iteration 473: -13234.3497993395
L2 norm of gradient: 44.68432609563843
Iteration 474: -14145.269581586545
L2 norm of gradient: 104.64099429490628
Iteration 475: -12905.517534256896
L2 norm of gradient: 73.1546847032167
Iteration 476: -11857.086213418212
L2 norm of gradient: 14.285029299365032
Iteration 477: -14143.828232998561
L2 norm of gradient: 54.12329801554998
Iteration 478: -13935.699737511333
L2 norm of gradient: 348.92710915701264
Iteration 479: -13963.939080080792
L2 norm of gradient: 405.56925105064704
Iteration 480: -15031.54442112322
L2 norm of gradient: 408.66726254536826
Iteration 481: -14120.229497005961
L2 norm of gradient: 125.51376721821768
Iteration 482: -13727.48254167801
L2 norm of gradient: 142.64160560039795
Iteration 483: -14326.452005925183
L2 norm of gradient: 164.58462976599193
Iteration 484: -15490.939093479392
L2 norm of gradient: 473.1037346713152
Iteration 485: -13782.19918289391
L2 norm of gradient: 458.9362697073717
Iteration 486: -12580.158375438861
L2 norm of gradient: 218.73295874175196
Iteration 487: -13834.333969294777
L2 norm of gradient: 623.8215280145932
Iteration 488: -13705.796589999583
L2 norm of gradient: 536.4778099960939
Iteration 489: -13634.537379076499
L2 norm of gradient: 265.40413921705255
Iteration 490: -13829.86260406141
L2 norm of gradient: 88.08779595429979
Iteration 491: -12837.387051967218
L2 norm of gradient: 500.98255790875186
Iteration 492: -14074.419386793512
L2 norm of gradient: 466.6652230147213
Iteration 493: -14969.859044855357
L2 norm of gradient: 1021.6814924983331
Iteration 494: -13513.577346084854
L2 norm of gradient: 384.40438309836435
Iteration 495: -12518.537472851038
L2 norm of gradient: 122.80625516832154
Iteration 496: -14895.295229356057
L2 norm of gradient: 141.6542940011297
Iteration 497: -15486.41153911482
L2 norm of gradient: 425.09001570330975
Iteration 498: -13497.44932987438
L2 norm of gradient: 120.05136810212292
Iteration 499: -13971.457713888189
[ { query: [ 'Who is a doctor', [Object] ],
    trueResult: 
     Marginal:
         "John and Mary are doctors" : 0.380020640450514
         "John and Mary are doctors and teachers" : 0.20855974943514632
         "John is a doctor" : 0.08655534418766547
         "Mary is a doctor" : 0.08655534418766547
         "John is a doctor and a teacher" : 0.04750258005631425
         "Mary is a doctor and a teacher" : 0.04750258005631425
         "John and Mary are doctors or teachers" : 0.018309772241219994
         "John or Mary is a doctor and a teacher" : 0.01641723975145466
         "John is a doctor or a teacher" : 0.014074838535204214
         "Mary is a doctor or a teacher" : 0.014074838535204214
         "John or Mary is a doctor" : 0.014074838535204214
         "Mary is a teacher" : 0.010819418023458179
         "John is a teacher" : 0.010819418023458179
         "John is not a teacher" : 0.008015222008949992
         "Mary is not a teacher" : 0.008015222008949992
         "John and Mary are teachers" : 0.0059378225070392835
         "John or Mary is a teacher" : 0.005937822507039272
         "John and Mary are not teachers" : 0.0043988471043886965
         "John or Mary is not a teacher" : 0.0043988471043886965
         "John or Mary is a doctor or a teacher" : 0.003954910804103521
         "John is not a doctor and a teacher" : 0.0013033621050040592
         "Mary is not a doctor and a teacher" : 0.0013033621050040592
         "John or Mary is not a doctor and a teacher" : 0.0012360388998589598
         "John and Mary are not doctors and teachers" : 0.00021194082645043896,
    learnedResult: 
     Marginal:
         "John is a doctor" : 0.2552084397553844
         "Mary is a doctor" : 0.2552084397553844
         "John and Mary are doctors" : 0.034686832718443215
         "John is a teacher" : 0.03190105496942303
         "Mary is a teacher" : 0.03190105496942303
         "Mary is a doctor and a teacher" : 0.02476068860754497
         "John is a doctor and a teacher" : 0.024760688607544924
         "John is not a teacher" : 0.023632882780317666
         "Mary is not a teacher" : 0.023632882780317666
         "John or Mary is a doctor" : 0.02152359583698522
         "John is a doctor or a teacher" : 0.01973344369631427
         "Mary is a doctor or a teacher" : 0.01973344369631427
         "John and Mary are teachers" : 0.01750767017089454
         "John or Mary is a teacher" : 0.01750767017089451
         "John is not a doctor" : 0.014663972733488838
         "Mary is not a doctor" : 0.014663972733488812
         "John and Mary are not teachers" : 0.01297000106428445
         "John or Mary is not a teacher" : 0.01297000106428445
         "Mary is not a doctor or a teacher" : 0.01275723877102218
         "John is not a doctor or a teacher" : 0.01275723877102218
         "John or Mary is not a doctor" : 0.01266228782201803
         "Mary is not a doctor and a teacher" : 0.012402993137306393
         "John is not a doctor and a teacher" : 0.012402993137306393
         "John and Mary are not doctors" : 0.011871628836047357
         "John and Mary are doctors and teachers" : 0.010411687485661549
         "John and Mary are doctors or teachers" : 0.009897162325927487
         "John or Mary is a doctor and a teacher" : 0.009822231192335716
         "John or Mary is a doctor or a teacher" : 0.009686559282280191
         "John or Mary is not a doctor or a teacher" : 0.007111685662335088
         "John or Mary is not a doctor and a teacher" : 0.007100648841713357
         "John and Mary are not doctors or teachers" : 0.00709462508989212
         "John and Mary are not doctors and teachers" : 0.0070542835344002,
    KLDivergence: 1.3383492037724858 },
  { query: [ 'Who is a doctor', [Object] ],
    trueResult: 
     Marginal:
         "John and Mary are doctors" : 0.380020640450514
         "John and Mary are doctors and teachers" : 0.20855974943514632
         "John is a doctor" : 0.08655534418766547
         "Mary is a doctor" : 0.08655534418766547
         "John is a doctor and a teacher" : 0.04750258005631425
         "Mary is a doctor and a teacher" : 0.04750258005631425
         "John and Mary are doctors or teachers" : 0.018309772241219994
         "John or Mary is a doctor and a teacher" : 0.01641723975145466
         "John is a doctor or a teacher" : 0.014074838535204214
         "Mary is a doctor or a teacher" : 0.014074838535204214
         "John or Mary is a doctor" : 0.014074838535204214
         "Mary is a teacher" : 0.010819418023458179
         "John is a teacher" : 0.010819418023458179
         "John is not a teacher" : 0.008015222008949992
         "Mary is not a teacher" : 0.008015222008949992
         "John and Mary are teachers" : 0.0059378225070392835
         "John or Mary is a teacher" : 0.005937822507039272
         "John and Mary are not teachers" : 0.0043988471043886965
         "John or Mary is not a teacher" : 0.0043988471043886965
         "John or Mary is a doctor or a teacher" : 0.003954910804103521
         "John is not a doctor and a teacher" : 0.0013033621050040592
         "Mary is not a doctor and a teacher" : 0.0013033621050040592
         "John or Mary is not a doctor and a teacher" : 0.0012360388998589598
         "John and Mary are not doctors and teachers" : 0.00021194082645043896,
    learnedResult: 
     Marginal:
         "John is a doctor" : 0.2552084397553844
         "Mary is a doctor" : 0.2552084397553844
         "John and Mary are doctors" : 0.034686832718443215
         "John is a teacher" : 0.03190105496942303
         "Mary is a teacher" : 0.03190105496942303
         "Mary is a doctor and a teacher" : 0.02476068860754497
         "John is a doctor and a teacher" : 0.024760688607544924
         "John is not a teacher" : 0.023632882780317666
         "Mary is not a teacher" : 0.023632882780317666
         "John or Mary is a doctor" : 0.02152359583698522
         "John is a doctor or a teacher" : 0.01973344369631427
         "Mary is a doctor or a teacher" : 0.01973344369631427
         "John and Mary are teachers" : 0.01750767017089454
         "John or Mary is a teacher" : 0.01750767017089451
         "John is not a doctor" : 0.014663972733488838
         "Mary is not a doctor" : 0.014663972733488812
         "John and Mary are not teachers" : 0.01297000106428445
         "John or Mary is not a teacher" : 0.01297000106428445
         "Mary is not a doctor or a teacher" : 0.01275723877102218
         "John is not a doctor or a teacher" : 0.01275723877102218
         "John or Mary is not a doctor" : 0.01266228782201803
         "Mary is not a doctor and a teacher" : 0.012402993137306393
         "John is not a doctor and a teacher" : 0.012402993137306393
         "John and Mary are not doctors" : 0.011871628836047357
         "John and Mary are doctors and teachers" : 0.010411687485661549
         "John and Mary are doctors or teachers" : 0.009897162325927487
         "John or Mary is a doctor and a teacher" : 0.009822231192335716
         "John or Mary is a doctor or a teacher" : 0.009686559282280191
         "John or Mary is not a doctor or a teacher" : 0.007111685662335088
         "John or Mary is not a doctor and a teacher" : 0.007100648841713357
         "John and Mary are not doctors or teachers" : 0.00709462508989212
         "John and Mary are not doctors and teachers" : 0.0070542835344002,
    KLDivergence: 1.3383492037724858 },
  { query: [ 'Who is a doctor and a teacher', [Object] ],
    trueResult: 
     Marginal:
         "John is a doctor and a teacher" : 0.5057429117707349
         "John is a doctor" : 0.11519045846271186
         "John is a teacher" : 0.11519045846271186
         "John or Mary is a doctor and a teacher" : 0.051789172217255514
         "Mary is not a teacher" : 0.02528450088232814
         "Mary is not a doctor" : 0.02528450088232814
         "John and Mary are teachers" : 0.018731218954471676
         "John and Mary are doctors" : 0.018731218954471676
         "John or Mary is a teacher" : 0.018731218954471645
         "John is a doctor or a teacher" : 0.018731218954471645
         "John or Mary is a doctor" : 0.018731218954471645
         "Mary is not a doctor or a teacher" : 0.013876428297051366
         "Mary is not a doctor and a teacher" : 0.013876428297051366
         "John and Mary are doctors or teachers" : 0.007219910001734958
         "Mary is a doctor or a teacher" : 0.00554999080132493
         "John or Mary is a doctor or a teacher" : 0.005263314391264789
         "Mary is a doctor" : 0.004266313276396742
         "Mary is a teacher" : 0.004266313276396742
         "John or Mary is not a doctor" : 0.004111534310237441
         "John or Mary is not a teacher" : 0.004111534310237441
         "John or Mary is not a doctor and a teacher" : 0.003899159202225257
         "John or Mary is not a doctor or a teacher" : 0.0014209763856506024,
    learnedResult: 
     Marginal:
         "John is a teacher" : 0.06342493911025598
         "John is a doctor" : 0.06328096770266275
         "Mary is a doctor" : 0.05921953590619296
         "Mary is a teacher" : 0.05921729487928677
         "Mary is not a teacher" : 0.04401292036900807
         "Mary is not a doctor" : 0.04401267566939461
         "John is not a doctor" : 0.043580402441261525
         "John is not a teacher" : 0.043565474001478824
         "John is a doctor and a teacher" : 0.03311921564801754
         "John and Mary are teachers" : 0.032846322891304944
         "John and Mary are doctors" : 0.03283716408176092
         "John is a doctor or a teacher" : 0.03274487991381917
         "John or Mary is a teacher" : 0.03267734653169248
         "John or Mary is a doctor" : 0.03267429941177852
         "Mary is a doctor or a teacher" : 0.032585748637468596
         "Mary is a doctor and a teacher" : 0.032561819601237614
         "Mary is not a doctor and a teacher" : 0.024147256720820482
         "Mary is not a doctor or a teacher" : 0.02414528755350391
         "John or Mary is not a doctor" : 0.024137913906043768
         "John or Mary is not a teacher" : 0.024137663738079275
         "John is not a doctor or a teacher" : 0.02412938927283917
         "John and Mary are not doctors" : 0.024123330141846686
         "John and Mary are not teachers" : 0.02412253519175693
         "John is not a doctor and a teacher" : 0.02409768241987863
         "John and Mary are doctors and teachers" : 0.017916135912139024
         "John and Mary are doctors or teachers" : 0.017896444189470357
         "John or Mary is a doctor and a teacher" : 0.017896201432947127
         "John or Mary is a doctor or a teacher" : 0.017889880290367526
         "John or Mary is not a doctor or a teacher" : 0.013250631671542654
         "John or Mary is not a doctor and a teacher" : 0.013250108748310894
         "John and Mary are not doctors or teachers" : 0.01325008768556302
         "John and Mary are not doctors and teachers" : 0.01324844432826938,
    KLDivergence: 1.407873712932982 },
  { query: [ 'Who is a doctor or a teacher', [Object] ],
    trueResult: 
     Marginal:
         "John and Mary are doctors" : 0.1056107851909732
         "John and Mary are teachers" : 0.1056107851909732
         "John is a doctor" : 0.08118368320238828
         "John is a teacher" : 0.08118368320238828
         "Mary is a teacher" : 0.08118368320238828
         "Mary is a doctor" : 0.08118368320238828
         "John and Mary are doctors or teachers" : 0.05796042780983282
         "John and Mary are doctors and teachers" : 0.05796042780983277
         "Mary is a doctor and a teacher" : 0.044554550002441795
         "John is a doctor and a teacher" : 0.044554550002441795
         "Mary is a doctor or a teacher" : 0.04455455000244175
         "John is a doctor or a teacher" : 0.04455455000244175
         "John or Mary is a teacher" : 0.03129208450102909
         "John or Mary is a doctor" : 0.03129208450102909
         "John or Mary is a doctor and a teacher" : 0.021122604886965272
         "John or Mary is a doctor or a teacher" : 0.012519452406923889
         "John is not a doctor and a teacher" : 0.009779799246246973
         "Mary is not a doctor and a teacher" : 0.009779799246246973
         "John is not a teacher" : 0.007517793967297686
         "Mary is not a teacher" : 0.007517793967297686
         "Mary is not a doctor" : 0.007517793967297686
         "John is not a doctor" : 0.007517793967297686
         "John or Mary is not a doctor and a teacher" : 0.00651387501985663
         "John or Mary is not a doctor" : 0.00565960604528182
         "John or Mary is not a teacher" : 0.00565960604528182
         "John and Mary are not doctors and teachers" : 0.0037696035994540657
         "John and Mary are not doctors" : 0.0012224749057808738
         "John and Mary are not teachers" : 0.0012224749057808738,
    learnedResult: 
     Marginal:
         "John is a doctor" : 0.06024359550841315
         "John is a teacher" : 0.0601416836239775
         "Mary is a doctor" : 0.059876096913426116
         "Mary is a teacher" : 0.05986216080676781
         "Mary is not a teacher" : 0.04430415569551092
         "Mary is not a doctor" : 0.04430263840431939
         "John is not a teacher" : 0.04427377418579129
         "John is not a doctor" : 0.044262724185871315
         "John is a doctor and a teacher" : 0.03287657463950715
         "John and Mary are doctors" : 0.03285883498104336
         "John and Mary are teachers" : 0.03285103987843216
         "John is a doctor or a teacher" : 0.03284065983607087
         "John or Mary is a doctor" : 0.032836108931924464
         "John or Mary is a teacher" : 0.03283360500916116
         "Mary is a doctor and a teacher" : 0.032832529000935355
         "Mary is a doctor or a teacher" : 0.032827728142050185
         "Mary is not a doctor or a teacher" : 0.024317413623752056
         "Mary is not a doctor and a teacher" : 0.024316998602498734
         "John or Mary is not a teacher" : 0.0243169728678983
         "John or Mary is not a doctor" : 0.024316766854825797
         "John is not a doctor or a teacher" : 0.024316119609930166
         "John and Mary are not teachers" : 0.024315413694106496
         "John and Mary are not doctors" : 0.02431473460981985
         "John is not a doctor and a teacher" : 0.024313060577624983
         "John and Mary are doctors and teachers" : 0.01801843226870992
         "John and Mary are doctors or teachers" : 0.018016118873203927
         "John or Mary is a doctor and a teacher" : 0.018016015965345637
         "John or Mary is a doctor or a teacher" : 0.01801530958194942
         "John or Mary is not a doctor or a teacher" : 0.0133457795718052
         "John or Mary is not a doctor and a teacher" : 0.01334572114927015
         "John and Mary are not doctors or teachers" : 0.013345712596306868
         "John and Mary are not doctors and teachers" : 0.013345519809750545,
    KLDivergence: 0.42584853267420525 },
  { query: [ 'Who is not a doctor and a teacher', [Object] ],
    trueResult: 
     Marginal:
         "John is a doctor and a teacher" : 0.5057429117707349
         "John is a doctor" : 0.11519045846271186
         "John is a teacher" : 0.11519045846271186
         "John or Mary is a doctor and a teacher" : 0.051789172217255514
         "Mary is not a teacher" : 0.02528450088232814
         "Mary is not a doctor" : 0.02528450088232814
         "John and Mary are teachers" : 0.018731218954471676
         "John and Mary are doctors" : 0.018731218954471676
         "John or Mary is a teacher" : 0.018731218954471645
         "John is a doctor or a teacher" : 0.018731218954471645
         "John or Mary is a doctor" : 0.018731218954471645
         "Mary is not a doctor or a teacher" : 0.013876428297051366
         "Mary is not a doctor and a teacher" : 0.013876428297051366
         "John and Mary are doctors or teachers" : 0.007219910001734958
         "Mary is a doctor or a teacher" : 0.00554999080132493
         "John or Mary is a doctor or a teacher" : 0.005263314391264789
         "Mary is a doctor" : 0.004266313276396742
         "Mary is a teacher" : 0.004266313276396742
         "John or Mary is not a doctor" : 0.004111534310237441
         "John or Mary is not a teacher" : 0.004111534310237441
         "John or Mary is not a doctor and a teacher" : 0.003899159202225257
         "John or Mary is not a doctor or a teacher" : 0.0014209763856506024,
    learnedResult: 
     Marginal:
         "John is a teacher" : 0.05991011808005883
         "John is a doctor" : 0.059908402185233564
         "Mary is a doctor" : 0.059858518609206816
         "Mary is a teacher" : 0.059858490371568505
         "Mary is not a teacher" : 0.04434692072262819
         "Mary is not a doctor" : 0.04434691764588313
         "John is not a doctor" : 0.04434148411294456
         "John is not a teacher" : 0.04434129727188769
         "John is a doctor and a teacher" : 0.03285919176334789
         "John and Mary are teachers" : 0.03285579548188251
         "John and Mary are doctors" : 0.03285568216212026
         "John is a doctor or a teacher" : 0.032854628104890364
         "John or Mary is a teacher" : 0.03285378390361528
         "John or Mary is a doctor" : 0.0328537460775685
         "Mary is a doctor or a teacher" : 0.03285263717000152
         "Mary is a doctor and a teacher" : 0.03285223911874271
         "Mary is not a doctor and a teacher" : 0.024337963491365758
         "Mary is not a doctor or a teacher" : 0.02433793045901524
         "John or Mary is not a doctor" : 0.024337837336796866
         "John or Mary is not a teacher" : 0.024337834225398296
         "John is not a doctor or a teacher" : 0.024337731221938108
         "John and Mary are not doctors" : 0.024337663231995484
         "John and Mary are not teachers" : 0.024337653341635644
         "John is not a doctor and a teacher" : 0.024337341705988568
         "John and Mary are doctors and teachers" : 0.018030324443661545
         "John and Mary are doctors or teachers" : 0.018030089021299434
         "John or Mary is a doctor and a teacher" : 0.01803008680219416
         "John or Mary is a doctor or a teacher" : 0.018030010654989666
         "John or Mary is not a doctor or a teacher" : 0.01335693006247653
         "John or Mary is not a doctor and a teacher" : 0.013356923760883198
         "John and Mary are not doctors or teachers" : 0.013356923564546038
         "John and Mary are not doctors and teachers" : 0.013356903894235387,
    KLDivergence: 1.423123697512311 },
  { query: [ 'Who is not a doctor or a teacher', [Object] ],
    trueResult: 
     Marginal:
         "John and Mary are doctors" : 0.1056107851909732
         "John and Mary are teachers" : 0.1056107851909732
         "John is a doctor" : 0.08118368320238828
         "John is a teacher" : 0.08118368320238828
         "Mary is a teacher" : 0.08118368320238828
         "Mary is a doctor" : 0.08118368320238828
         "John and Mary are doctors or teachers" : 0.05796042780983282
         "John and Mary are doctors and teachers" : 0.05796042780983277
         "Mary is a doctor and a teacher" : 0.044554550002441795
         "John is a doctor and a teacher" : 0.044554550002441795
         "Mary is a doctor or a teacher" : 0.04455455000244175
         "John is a doctor or a teacher" : 0.04455455000244175
         "John or Mary is a teacher" : 0.03129208450102909
         "John or Mary is a doctor" : 0.03129208450102909
         "John or Mary is a doctor and a teacher" : 0.021122604886965272
         "John or Mary is a doctor or a teacher" : 0.012519452406923889
         "John is not a doctor and a teacher" : 0.009779799246246973
         "Mary is not a doctor and a teacher" : 0.009779799246246973
         "John is not a teacher" : 0.007517793967297686
         "Mary is not a teacher" : 0.007517793967297686
         "Mary is not a doctor" : 0.007517793967297686
         "John is not a doctor" : 0.007517793967297686
         "John or Mary is not a doctor and a teacher" : 0.00651387501985663
         "John or Mary is not a doctor" : 0.00565960604528182
         "John or Mary is not a teacher" : 0.00565960604528182
         "John and Mary are not doctors and teachers" : 0.0037696035994540657
         "John and Mary are not doctors" : 0.0012224749057808738
         "John and Mary are not teachers" : 0.0012224749057808738,
    learnedResult: 
     Marginal:
         "John is a doctor" : 0.059872038120256
         "John is a teacher" : 0.05987074488580325
         "Mary is a doctor" : 0.059867367848279854
         "Mary is a teacher" : 0.05986718986089785
         "Mary is not a teacher" : 0.04435016618189643
         "Mary is not a doctor" : 0.044350146789519033
         "John is not a teacher" : 0.044349778857260984
         "John is not a doctor" : 0.04434963796203053
         "John is a doctor and a teacher" : 0.032856113286773916
         "John and Mary are doctors" : 0.03285588738623536
         "John and Mary are teachers" : 0.03285578808030648
         "John is a doctor or a teacher" : 0.03285565661666972
         "John or Mary is a doctor" : 0.03285559864213505
         "John or Mary is a teacher" : 0.03285556673214666
         "Mary is a doctor and a teacher" : 0.03285555227043291
         "Mary is a doctor or a teacher" : 0.03285549185175599
         "Mary is not a doctor or a teacher" : 0.02433992221722901
         "Mary is not a doctor and a teacher" : 0.02433991699261083
         "John or Mary is not a teacher" : 0.02433991659543699
         "John or Mary is not a doctor" : 0.024339913969464624
         "John is not a doctor or a teacher" : 0.024339905726746543
         "John and Mary are not teachers" : 0.024339896792032065
         "John and Mary are not doctors" : 0.024339888134810087
         "John is not a doctor and a teacher" : 0.024339866801125556
         "John and Mary are doctors and teachers" : 0.018031504222148897
         "John and Mary are doctors or teachers" : 0.0180314748286026
         "John or Mary is a doctor and a teacher" : 0.018031473523351417
         "John or Mary is a doctor or a teacher" : 0.018031464544746006
         "John or Mary is not a doctor or a teacher" : 0.013358033793487786
         "John or Mary is not a doctor and a teacher" : 0.013358033050872293
         "John and Mary are not doctors or teachers" : 0.013358032942376379
         "John and Mary are not doctors and teachers" : 0.013358030492558813,
    KLDivergence: 0.42640858449559615 },
  { query: [ 'What is John', [Object] ],
    trueResult: 
     Marginal:
         "John is a doctor" : 0.23702792248662735
         "John is not a teacher" : 0.17559460378842734
         "John and Mary are doctors" : 0.130083681939854
         "John and Mary are not teachers" : 0.09636836179440914
         "John or Mary is a doctor" : 0.03854331316736411
         "John is a doctor or a teacher" : 0.03854331316736411
         "Mary is a teacher" : 0.029628490310828412
         "Mary is a doctor" : 0.029628490310828412
         "John is not a doctor and a teacher" : 0.02855358867982489
         "John or Mary is not a teacher" : 0.02855358867982489
         "Mary is not a doctor" : 0.02194932547355341
         "Mary is not a teacher" : 0.02194932547355341
         "John and Mary are doctors or teachers" : 0.021153018759865538
         "Mary is a doctor and a teacher" : 0.01626046024248175
         "Mary is a doctor or a teacher" : 0.016260460242481723
         "John and Mary are not doctors and teachers" : 0.0156705417197306
         "Mary is not a doctor or a teacher" : 0.012046045224301137
         "Mary is not a doctor and a teacher" : 0.012046045224301137
         "John or Mary is a doctor or a teacher" : 0.010830345605051172
         "John or Mary is not a doctor and a teacher" : 0.008023317360502066
         "John or Mary is a teacher" : 0.004817914145920514
         "John or Mary is not a doctor" : 0.0035691985849781176
         "John or Mary is a doctor and a teacher" : 0.0016651064329923299
         "John or Mary is not a doctor or a teacher" : 0.0012335411849350591,
    learnedResult: 
     Marginal:
         "John is a doctor" : 0.3500520063192028
         "John is not a teacher" : 0.0489246683793955
         "Mary is a teacher" : 0.04375650078990033
         "Mary is a doctor" : 0.04375650078990033
         "John and Mary are doctors" : 0.03396254737195956
         "Mary is not a doctor" : 0.03241561305843218
         "Mary is not a teacher" : 0.03241561305843218
         "John or Mary is a doctor" : 0.027067018489289982
         "John is a doctor or a teacher" : 0.024751657085452947
         "Mary is a doctor and a teacher" : 0.02401407678825477
         "Mary is a doctor or a teacher" : 0.024014076788254728
         "John is a doctor and a teacher" : 0.0232295164042798
         "John or Mary is a teacher" : 0.021199789516301616
         "John is not a doctor" : 0.020113571012337784
         "John and Mary are not teachers" : 0.018571279152846853
         "John or Mary is not a teacher" : 0.01803234790281049
         "John is not a doctor and a teacher" : 0.01785295212846341
         "Mary is not a doctor and a teacher" : 0.017790065637589062
         "Mary is not a doctor or a teacher" : 0.01779006563758903
         "John is not a doctor or a teacher" : 0.017716189663196484
         "John or Mary is not a doctor" : 0.01754996335016299
         "John and Mary are not doctors" : 0.01703107336932087
         "John and Mary are teachers" : 0.016227022906334244
         "John and Mary are doctors or teachers" : 0.01322696347001435
         "John or Mary is a doctor or a teacher" : 0.013194313167251129
         "John or Mary is a doctor and a teacher" : 0.01316442620705481
         "John and Mary are doctors and teachers" : 0.013127390101258615
         "John and Mary are not doctors and teachers" : 0.009766795950051949
         "John or Mary is not a doctor and a teacher" : 0.009764474462282234
         "John or Mary is not a doctor or a teacher" : 0.009762139968061424
         "John and Mary are not doctors or teachers" : 0.009759381074317347,
    KLDivergence: 0.4550836829290198 },
  { query: [ 'What is John', [Object] ],
    trueResult: 
     Marginal:
         "John is a doctor and a teacher" : 0.37545849217947985
         "John and Mary are doctors and teachers" : 0.20605598937841657
         "John is a doctor" : 0.08551624717081296
         "John is a teacher" : 0.08551624717081296
         "John and Mary are teachers" : 0.046932311522435
         "John and Mary are doctors" : 0.046932311522435
         "John or Mary is a doctor and a teacher" : 0.03844776478197857
         "John or Mary is a teacher" : 0.013905870080721474
         "John is a doctor or a teacher" : 0.013905870080721474
         "John or Mary is a doctor" : 0.013905870080721474
         "Mary is a teacher" : 0.010689530896351615
         "Mary is a doctor" : 0.010689530896351615
         "Mary is not a doctor" : 0.007918999258557448
         "Mary is not a teacher" : 0.007918999258557448
         "John and Mary are doctors or teachers" : 0.007631703310311726
         "Mary is a doctor and a teacher" : 0.005866538940304378
         "Mary is a doctor or a teacher" : 0.0058665389403043675
         "Mary is not a doctor or a teacher" : 0.004346038939316297
         "Mary is not a doctor and a teacher" : 0.004346038939316297
         "John or Mary is a doctor or a teacher" : 0.003907432094879606
         "John or Mary is not a doctor" : 0.0012877152412789025
         "John or Mary is not a teacher" : 0.0012877152412789025
         "John or Mary is not a doctor and a teacher" : 0.0012212002512970355
         "John or Mary is not a doctor or a teacher" : 0.00044504382335897773,
    learnedResult: 
     Marginal:
         "John is a doctor" : 0.2552082781184913
         "John is a teacher" : 0.2552082781184913
         "John is a doctor and a teacher" : 0.03468681074945238
         "Mary is a teacher" : 0.031901034764811396
         "Mary is a doctor" : 0.031901034764811396
         "John and Mary are teachers" : 0.024760672925301926
         "John and Mary are doctors" : 0.024760672925301885
         "Mary is not a doctor" : 0.023632867812373223
         "Mary is not a teacher" : 0.023632867812373223
         "John is a doctor or a teacher" : 0.021523582204962848
         "John or Mary is a teacher" : 0.01973343119808916
         "John or Mary is a doctor" : 0.01973343119808916
         "Mary is a doctor and a teacher" : 0.01750765908236856
         "Mary is a doctor or a teacher" : 0.01750765908236853
         "John is not a doctor" : 0.014663963446025626
         "John is not a teacher" : 0.014663963446025574
         "Mary is not a doctor and a teacher" : 0.012969992849702409
         "Mary is not a doctor or a teacher" : 0.012969992849702386
         "John or Mary is not a doctor" : 0.012794944313370233
         "John or Mary is not a teacher" : 0.012794944313370233
         "John is not a doctor or a teacher" : 0.01259963706618858
         "John and Mary are not doctors" : 0.012416643329079071
         "John and Mary are not teachers" : 0.012416643329079049
         "John is not a doctor and a teacher" : 0.011809675890562454
         "John and Mary are doctors and teachers" : 0.010436596744666066
         "John or Mary is a doctor and a teacher" : 0.009861976397329811
         "John and Mary are doctors or teachers" : 0.00985709244570056
         "John or Mary is a doctor or a teacher" : 0.009685937345955598
         "John or Mary is not a doctor or a teacher" : 0.007111740904979012
         "John and Mary are not doctors or teachers" : 0.007097838539138826
         "John or Mary is not a doctor and a teacher" : 0.007097532030121151
         "John and Mary are not doctors and teachers" : 0.007052604001715521,
    KLDivergence: 1.3405949437503657 },
  { query: [ 'What isn\'t John', [Object] ],
    trueResult: 
     Marginal:
         "John is a doctor and a teacher" : 0.37545849217947985
         "John and Mary are doctors and teachers" : 0.20605598937841657
         "John is a doctor" : 0.08551624717081296
         "John is a teacher" : 0.08551624717081296
         "John and Mary are teachers" : 0.046932311522435
         "John and Mary are doctors" : 0.046932311522435
         "John or Mary is a doctor and a teacher" : 0.03844776478197857
         "John or Mary is a teacher" : 0.013905870080721474
         "John is a doctor or a teacher" : 0.013905870080721474
         "John or Mary is a doctor" : 0.013905870080721474
         "Mary is a teacher" : 0.010689530896351615
         "Mary is a doctor" : 0.010689530896351615
         "Mary is not a doctor" : 0.007918999258557448
         "Mary is not a teacher" : 0.007918999258557448
         "John and Mary are doctors or teachers" : 0.007631703310311726
         "Mary is a doctor and a teacher" : 0.005866538940304378
         "Mary is a doctor or a teacher" : 0.0058665389403043675
         "Mary is not a doctor or a teacher" : 0.004346038939316297
         "Mary is not a doctor and a teacher" : 0.004346038939316297
         "John or Mary is a doctor or a teacher" : 0.003907432094879606
         "John or Mary is not a doctor" : 0.0012877152412789025
         "John or Mary is not a teacher" : 0.0012877152412789025
         "John or Mary is not a doctor and a teacher" : 0.0012212002512970355
         "John or Mary is not a doctor or a teacher" : 0.00044504382335897773,
    learnedResult: 
     Marginal:
         "John is a doctor" : 0.0617825437755882
         "John is a teacher" : 0.0617825437755882
         "Mary is a doctor" : 0.05958908336194977
         "Mary is a teacher" : 0.05958908336194977
         "Mary is not a doctor" : 0.04414467870825423
         "Mary is not a teacher" : 0.04414467870825421
         "John is not a doctor" : 0.04390898549207262
         "John is not a teacher" : 0.04390898549207256
         "John is a doctor and a teacher" : 0.033000595123127224
         "John and Mary are teachers" : 0.03284906523637787
         "John and Mary are doctors" : 0.03284906523637778
         "John is a doctor or a teacher" : 0.03278849922458145
         "John or Mary is a doctor" : 0.032751609547692274
         "John or Mary is a teacher" : 0.03275160954769225
         "Mary is a doctor and a teacher" : 0.03270318233321499
         "Mary is a doctor or a teacher" : 0.03270318233321493
         "Mary is not a doctor and a teacher" : 0.024227113346722114
         "Mary is not a doctor or a teacher" : 0.024227113346722104
         "John or Mary is not a teacher" : 0.02422313182981402
         "John or Mary is not a doctor" : 0.02422313182981402
         "John is not a doctor or a teacher" : 0.02421858317594712
         "John and Mary are not doctors" : 0.024214403082711708
         "John and Mary are not teachers" : 0.024214403082711698
         "John is not a doctor and a teacher" : 0.024200598250853043
         "John and Mary are doctors and teachers" : 0.017965585358670346
         "John and Mary are doctors or teachers" : 0.017953497338219996
         "John or Mary is a doctor and a teacher" : 0.017953432441735934
         "John or Mary is a doctor or a teacher" : 0.01794964832706879
         "John or Mary is not a doctor or a teacher" : 0.013295976979476262
         "John or Mary is not a doctor and a teacher" : 0.013295665782442461
         "John and Mary are not doctors or teachers" : 0.013295659334008236
         "John and Mary are not doctors and teachers" : 0.013294665235073758,
    KLDivergence: 1.3747888584846764 },
  { query: [ 'What isn\'t John', [Object] ],
    trueResult: 
     Marginal:
         "John is a doctor and a teacher" : 0.37545849217947985
         "John and Mary are doctors and teachers" : 0.20605598937841657
         "John is a doctor" : 0.08551624717081296
         "John is a teacher" : 0.08551624717081296
         "John and Mary are teachers" : 0.046932311522435
         "John and Mary are doctors" : 0.046932311522435
         "John or Mary is a doctor and a teacher" : 0.03844776478197857
         "John or Mary is a teacher" : 0.013905870080721474
         "John is a doctor or a teacher" : 0.013905870080721474
         "John or Mary is a doctor" : 0.013905870080721474
         "Mary is a teacher" : 0.010689530896351615
         "Mary is a doctor" : 0.010689530896351615
         "Mary is not a doctor" : 0.007918999258557448
         "Mary is not a teacher" : 0.007918999258557448
         "John and Mary are doctors or teachers" : 0.007631703310311726
         "Mary is a doctor and a teacher" : 0.005866538940304378
         "Mary is a doctor or a teacher" : 0.0058665389403043675
         "Mary is not a doctor or a teacher" : 0.004346038939316297
         "Mary is not a doctor and a teacher" : 0.004346038939316297
         "John or Mary is a doctor or a teacher" : 0.003907432094879606
         "John or Mary is not a doctor" : 0.0012877152412789025
         "John or Mary is not a teacher" : 0.0012877152412789025
         "John or Mary is not a doctor and a teacher" : 0.0012212002512970355
         "John or Mary is not a doctor or a teacher" : 0.00044504382335897773,
    learnedResult: 
     Marginal:
         "John is a doctor" : 0.0617825437755882
         "John is a teacher" : 0.0617825437755882
         "Mary is a doctor" : 0.05958908336194977
         "Mary is a teacher" : 0.05958908336194977
         "Mary is not a doctor" : 0.04414467870825423
         "Mary is not a teacher" : 0.04414467870825421
         "John is not a doctor" : 0.04390898549207262
         "John is not a teacher" : 0.04390898549207256
         "John is a doctor and a teacher" : 0.033000595123127224
         "John and Mary are teachers" : 0.03284906523637787
         "John and Mary are doctors" : 0.03284906523637778
         "John is a doctor or a teacher" : 0.03278849922458145
         "John or Mary is a doctor" : 0.032751609547692274
         "John or Mary is a teacher" : 0.03275160954769225
         "Mary is a doctor and a teacher" : 0.03270318233321499
         "Mary is a doctor or a teacher" : 0.03270318233321493
         "Mary is not a doctor and a teacher" : 0.024227113346722114
         "Mary is not a doctor or a teacher" : 0.024227113346722104
         "John or Mary is not a teacher" : 0.02422313182981402
         "John or Mary is not a doctor" : 0.02422313182981402
         "John is not a doctor or a teacher" : 0.02421858317594712
         "John and Mary are not doctors" : 0.024214403082711708
         "John and Mary are not teachers" : 0.024214403082711698
         "John is not a doctor and a teacher" : 0.024200598250853043
         "John and Mary are doctors and teachers" : 0.017965585358670346
         "John and Mary are doctors or teachers" : 0.017953497338219996
         "John or Mary is a doctor and a teacher" : 0.017953432441735934
         "John or Mary is a doctor or a teacher" : 0.01794964832706879
         "John or Mary is not a doctor or a teacher" : 0.013295976979476262
         "John or Mary is not a doctor and a teacher" : 0.013295665782442461
         "John and Mary are not doctors or teachers" : 0.013295659334008236
         "John and Mary are not doctors and teachers" : 0.013294665235073758,
    KLDivergence: 1.3747888584846764 } ]
