L2 norm of gradient: 71.47724236498415
Iteration 0: -14158.682555116311
L2 norm of gradient: 101.49911924007695
Iteration 1: -12173.066623511007
L2 norm of gradient: 4.671378143728245
Iteration 2: -12468.32285353835
L2 norm of gradient: 100.49016842086255
Iteration 3: -14767.952322034154
L2 norm of gradient: 19.57242710375004
Iteration 4: -11481.043869816524
L2 norm of gradient: 0.080140893031015
Iteration 5: -15526.402071486267
L2 norm of gradient: 107.53422274519754
Iteration 6: -14087.408530015953
L2 norm of gradient: 142.24061394558228
Iteration 7: -14799.951337307333
L2 norm of gradient: 98.8175367654325
Iteration 8: -14463.262505790271
L2 norm of gradient: 152.9739838554766
Iteration 9: -15386.772790186677
L2 norm of gradient: 4.893061533075111
Iteration 10: -13243.716788545193
L2 norm of gradient: 0.3366302714276382
Iteration 11: -14143.9972642916
L2 norm of gradient: 17.314292257305592
Iteration 12: -14097.768640065267
L2 norm of gradient: 81.26892244479134
Iteration 13: -14236.769985765515
L2 norm of gradient: 183.00094464304814
Iteration 14: -15240.896171572776
L2 norm of gradient: 71.8018954383375
Iteration 15: -13349.471120180002
L2 norm of gradient: 9.825408407805673
Iteration 16: -16390.357353825646
L2 norm of gradient: 1.3821671806139306
Iteration 17: -12454.35951590144
L2 norm of gradient: 85.6040608044675
Iteration 18: -14395.076384893775
L2 norm of gradient: 16.542432526194176
Iteration 19: -14846.734415214893
L2 norm of gradient: 156.65905067025236
Iteration 20: -13765.235683881949
L2 norm of gradient: 89.68020078135469
Iteration 21: -14396.46630643934
L2 norm of gradient: 92.17822520882402
Iteration 22: -14155.094099138727
L2 norm of gradient: 139.69648332867519
Iteration 23: -13328.191145783745
L2 norm of gradient: 102.31377080156277
Iteration 24: -14856.104582392778
L2 norm of gradient: 70.08075291973195
Iteration 25: -12181.47767923853
L2 norm of gradient: 85.1639066986433
Iteration 26: -13330.27989533936
L2 norm of gradient: 98.66660572056502
Iteration 27: -14155.979021426938
L2 norm of gradient: 0.4647726212087546
Iteration 28: -13683.197742226605
L2 norm of gradient: 29.676840030051114
Iteration 29: -15548.75081646135
L2 norm of gradient: 135.00836403613528
Iteration 30: -14863.12414503753
L2 norm of gradient: 93.30887119172539
Iteration 31: -14148.781606642831
L2 norm of gradient: 16.377637293594802
Iteration 32: -15000.314870113329
L2 norm of gradient: 216.631443395412
Iteration 33: -14243.38236358828
L2 norm of gradient: 206.68015307207995
Iteration 34: -13344.992899064679
L2 norm of gradient: 4.7515701730247475
Iteration 35: -11103.412252678338
L2 norm of gradient: 51.902489052291514
Iteration 36: -13435.509792630837
L2 norm of gradient: 94.6361201786535
Iteration 37: -15076.71998051912
L2 norm of gradient: 165.9937560680376
Iteration 38: -14312.264582296835
L2 norm of gradient: 29.72090408475745
Iteration 39: -14934.164135757317
L2 norm of gradient: 4.791135847095149
Iteration 40: -15530.155750268748
L2 norm of gradient: 66.89942369623334
Iteration 41: -14760.15877507138
L2 norm of gradient: 16.78464665803356
Iteration 42: -14538.719841862778
L2 norm of gradient: 180.54036698822827
Iteration 43: -13863.759094634273
L2 norm of gradient: 95.2837400696206
Iteration 44: -13993.712835727078
L2 norm of gradient: 4.843818429042865
Iteration 45: -14147.740711967503
L2 norm of gradient: 64.42092536765932
Iteration 46: -13245.34493395325
L2 norm of gradient: 98.5584380808369
Iteration 47: -11411.814684326051
L2 norm of gradient: 70.23232071525992
Iteration 48: -15379.796120091463
L2 norm of gradient: 16.45744737055822
Iteration 49: -13924.286153326537
L2 norm of gradient: 0.04502156231491683
Iteration 50: -14758.403622864254
L2 norm of gradient: 8.216087701164424
Iteration 51: -14302.50307149078
L2 norm of gradient: 0.029869615864157747
Iteration 52: -14604.802568439682
L2 norm of gradient: 4.627709275692644
Iteration 53: -13993.75292576141
L2 norm of gradient: 15.203228390727121
Iteration 54: -12863.305476188209
L2 norm of gradient: 160.36496279409977
Iteration 55: -13853.055989751201
L2 norm of gradient: 99.15980142289939
Iteration 56: -14617.536411876255
L2 norm of gradient: 178.23632063789685
Iteration 57: -13777.201191465441
L2 norm of gradient: 117.10070153226543
Iteration 58: -13836.766226807371
L2 norm of gradient: 16.695851081351236
Iteration 59: -14539.16673979584
L2 norm of gradient: 0.12257541365777383
Iteration 60: -15833.605322633093
L2 norm of gradient: 155.91140661507052
Iteration 61: -14299.656449542377
L2 norm of gradient: 68.59452210545803
Iteration 62: -13545.71958576825
L2 norm of gradient: 8.85452504416605
Iteration 63: -14697.37344257985
L2 norm of gradient: 150.6415765274408
Iteration 64: -15226.513140502893
L2 norm of gradient: 30.670071111166955
Iteration 65: -14780.078362061906
L2 norm of gradient: 4.64732784278728
Iteration 66: -13532.992314561921
L2 norm of gradient: 1.349362540467015
Iteration 67: -14911.961536961528
L2 norm of gradient: 100.09406989784098
Iteration 68: -14451.756042991838
L2 norm of gradient: 160.18792974754885
Iteration 69: -14147.948910186491
L2 norm of gradient: 85.71699890166919
Iteration 70: -15155.855569039612
L2 norm of gradient: 51.35491831375867
Iteration 71: -15174.056162085375
L2 norm of gradient: 120.54684660479809
Iteration 72: -15224.510986316785
L2 norm of gradient: 85.97802439724609
Iteration 73: -14541.25753234823
L2 norm of gradient: 0.13259333984291777
Iteration 74: -14451.197694944789
L2 norm of gradient: 8.046856112523294
Iteration 75: -16145.566882407353
L2 norm of gradient: 86.59576771276676
Iteration 76: -12847.621897873096
L2 norm of gradient: 19.204904801081764
Iteration 77: -14081.720834946575
L2 norm of gradient: 86.86402708966129
Iteration 78: -14076.26074322041
L2 norm of gradient: 0.2071197282599938
Iteration 79: -14758.40511577695
L2 norm of gradient: 192.9268646136519
Iteration 80: -14304.98734813249
L2 norm of gradient: 96.14698073239794
Iteration 81: -14760.35462552317
L2 norm of gradient: 280.0409390286959
Iteration 82: -13174.926180709572
L2 norm of gradient: 88.66723746656861
Iteration 83: -12553.548160084536
L2 norm of gradient: 99.52877852655172
Iteration 84: -13857.846702817851
L2 norm of gradient: 89.2770712541025
Iteration 85: -15153.886979266617
L2 norm of gradient: 0.010913913954603331
Iteration 86: -14758.402300879829
L2 norm of gradient: 8.275627560188473
Iteration 87: -14302.354640548065
L2 norm of gradient: 4.871727581371764
Iteration 88: -13236.604367708425
L2 norm of gradient: 91.9694999936315
Iteration 89: -12710.434066448424
L2 norm of gradient: 100.219108511883
Iteration 90: -13840.357414283028
L2 norm of gradient: 1.0872767521407933
Iteration 91: -13222.381080040313
L2 norm of gradient: 72.31358098945823
Iteration 92: -13543.593413594383
L2 norm of gradient: 169.39680919440633
Iteration 93: -15371.66727122665
L2 norm of gradient: 105.99087908707921
Iteration 94: -15685.534272214943
L2 norm of gradient: 122.78767683582636
Iteration 95: -13321.788514991458
L2 norm of gradient: 12.501032161642065
Iteration 96: -14613.512852796324
L2 norm of gradient: 4.769114974670979
Iteration 97: -14761.773709318342
L2 norm of gradient: 5.189913356526633
Iteration 98: -14147.650409679241
L2 norm of gradient: 103.28415666465406
Iteration 99: -14450.37524016284
L2 norm of gradient: 103.68860087646803
Iteration 100: -14142.72034435779
L2 norm of gradient: 112.12997718294045
Iteration 101: -15529.700485749127
L2 norm of gradient: 9.47852774108635
Iteration 102: -13854.12148742168
L2 norm of gradient: 190.97125609344337
Iteration 103: -14308.370195236546
L2 norm of gradient: 110.88403654093074
Iteration 104: -14607.981658521247
L2 norm of gradient: 179.6230489448978
Iteration 105: -13679.039997708756
L2 norm of gradient: 115.46870571466701
Iteration 106: -14293.005233919726
L2 norm of gradient: 165.6193348746523
Iteration 107: -13848.501697571228
L2 norm of gradient: 90.67136278222154
Iteration 108: -14466.568406589071
L2 norm of gradient: 5.560358526055292
Iteration 109: -13379.643994647977
L2 norm of gradient: 79.8314773528337
Iteration 110: -13851.5583647243
L2 norm of gradient: 100.43764334970821
Iteration 111: -13767.83311209472
L2 norm of gradient: 128.35367712162534
Iteration 112: -14993.60618396739
L2 norm of gradient: 10.374112313922348
Iteration 113: -14696.983894163717
L2 norm of gradient: 35.19317368041384
Iteration 114: -14472.434328437077
L2 norm of gradient: 261.5752248805646
Iteration 115: -15212.084580902918
L2 norm of gradient: 106.96179110324213
Iteration 116: -12092.830778182895
L2 norm of gradient: 4.831597961173969
Iteration 117: -12468.321632866411
L2 norm of gradient: 135.72167952864365
Iteration 118: -14845.279831129224
L2 norm of gradient: 8.654437908457247
Iteration 119: -14609.57321352392
L2 norm of gradient: 1.6955600525517212
Iteration 120: -13547.139480360796
L2 norm of gradient: 237.87880619664156
Iteration 121: -14742.027801162161
L2 norm of gradient: 138.2694932342996
Iteration 122: -14684.005778474875
L2 norm of gradient: 19.920300079372577
Iteration 123: -14231.472442333576
L2 norm of gradient: 20.276127547313525
Iteration 124: -14999.499151211794
L2 norm of gradient: 100.32178378238275
Iteration 125: -15612.318366998721
L2 norm of gradient: 10.973948376649725
Iteration 126: -12766.380056633623
L2 norm of gradient: 9.63585301164864
Iteration 127: -12777.201280638545
L2 norm of gradient: 94.40705649195405
Iteration 128: -15310.69927043192
L2 norm of gradient: 183.1059694482089
Iteration 129: -14826.53344763308
L2 norm of gradient: 12.672321773074875
Iteration 130: -13405.39080760851
L2 norm of gradient: 26.183305815901317
Iteration 131: -13634.77684634612
L2 norm of gradient: 2.905550054251249
Iteration 132: -14143.806694281986
L2 norm of gradient: 111.7780298273141
Iteration 133: -13462.144252509255
L2 norm of gradient: 21.437709043567875
Iteration 134: -13462.931825931073
L2 norm of gradient: 11.541133475271732
Iteration 135: -12641.327678604404
L2 norm of gradient: 129.16582478530864
Iteration 136: -14599.700178573585
L2 norm of gradient: 108.35766426098392
Iteration 137: -14690.10643536325
L2 norm of gradient: 23.43120450057303
Iteration 138: -12555.707383599796
L2 norm of gradient: 144.8042966769232
Iteration 139: -14594.991876536566
L2 norm of gradient: 156.83371802880035
Iteration 140: -14441.543270688424
L2 norm of gradient: 241.63414177204154
Iteration 141: -15756.083049437497
L2 norm of gradient: 42.51916039442217
Iteration 142: -14317.680902876864
L2 norm of gradient: 19.324853218389016
Iteration 143: -13016.093300629684
L2 norm of gradient: 99.0047644163395
Iteration 144: -13231.749531358451
L2 norm of gradient: 5.226264204924464
Iteration 145: -12468.335439006829
L2 norm of gradient: 18.94249489968574
Iteration 146: -13155.477202145761
L2 norm of gradient: 212.68791648317588
Iteration 147: -12629.701432461039
L2 norm of gradient: 0.44516005607221365
Iteration 148: -15526.418967518908
L2 norm of gradient: 215.95617041419396
Iteration 149: -14237.51662779311
L2 norm of gradient: 114.34735712819422
Iteration 150: -13302.314612945882
L2 norm of gradient: 108.16482630504969
Iteration 151: -14617.478082352647
L2 norm of gradient: 4.067832924075891
Iteration 152: -12775.692001043873
L2 norm of gradient: 0.011907559754399997
Iteration 153: -15065.601742763023
L2 norm of gradient: 21.978553092789216
Iteration 154: -15306.1080675532
L2 norm of gradient: 100.04456351173627
Iteration 155: -13988.108810904676
L2 norm of gradient: 11.977296809102953
Iteration 156: -14082.112409068968
L2 norm of gradient: 4.5086288440476325
Iteration 157: -14761.946351499595
L2 norm of gradient: 9.234048854923023
Iteration 158: -14917.027185017047
L2 norm of gradient: 117.42047808396853
Iteration 159: -16079.760260104245
L2 norm of gradient: 5.562697247174249
Iteration 160: -13082.821713409077
L2 norm of gradient: 21.516787493220672
Iteration 161: -14084.009857166831
L2 norm of gradient: 163.2624272297175
Iteration 162: -13524.784227072387
L2 norm of gradient: 174.91213830732124
Iteration 163: -13619.734911352138
L2 norm of gradient: 42.831505956965806
Iteration 164: -14317.492299474205
L2 norm of gradient: 2.3096515620904396
Iteration 165: -13990.316301337582
L2 norm of gradient: 24.404678622039654
Iteration 166: -13769.496973667514
L2 norm of gradient: 12.139705422937245
Iteration 167: -14458.389073030552
L2 norm of gradient: 114.76789900174758
Iteration 168: -14903.755055689024
L2 norm of gradient: 24.109713411181787
Iteration 169: -14998.342438040883
L2 norm of gradient: 206.26135532770195
Iteration 170: -13213.733195790044
L2 norm of gradient: 0.7465390339360276
Iteration 171: -14143.96484068998
L2 norm of gradient: 129.2530481837664
Iteration 172: -13620.989426148137
L2 norm of gradient: 125.32891739385492
Iteration 173: -12902.180071491337
L2 norm of gradient: 175.6802811519149
Iteration 174: -13813.961347616345
L2 norm of gradient: 190.68485616124136
Iteration 175: -14667.669838022564
L2 norm of gradient: 225.37721808919065
Iteration 176: -15032.755324083984
L2 norm of gradient: 360.12389448905935
Iteration 177: -13494.606944271625
L2 norm of gradient: 133.53484023702845
Iteration 178: -11551.577900533048
L2 norm of gradient: 134.08996879777976
Iteration 179: -15209.793485521033
L2 norm of gradient: 5.651587972744245
Iteration 180: -14300.935803983997
L2 norm of gradient: 376.36107835224664
Iteration 181: -14246.429122819278
L2 norm of gradient: 14.754572556132338
Iteration 182: -12934.622994287003
L2 norm of gradient: 136.96519342688816
Iteration 183: -14287.509573457772
L2 norm of gradient: 118.53918452014122
Iteration 184: -13533.835945916871
L2 norm of gradient: 12.320814339970282
Iteration 185: -13700.668753760856
L2 norm of gradient: 136.02125903681446
Iteration 186: -16448.073611154032
L2 norm of gradient: 1.8271473149418433
Iteration 187: -14451.173563787781
L2 norm of gradient: 25.810971160731604
Iteration 188: -12557.296269047732
L2 norm of gradient: 1.53742563387658
Iteration 189: -15987.251726539505
L2 norm of gradient: 4.808595912718385
Iteration 190: -12929.318786374039
L2 norm of gradient: 2.925390503334516
Iteration 191: -14143.823117270173
L2 norm of gradient: 400.22568416952464
Iteration 192: -14690.861350802885
L2 norm of gradient: 5.976402517800817
Iteration 193: -14454.808198533754
L2 norm of gradient: 130.1692308948254
Iteration 194: -14374.714956385344
L2 norm of gradient: 173.22644191380567
Iteration 195: -14001.553446992666
L2 norm of gradient: 18.906583806446264
Iteration 196: -13477.70896340928
L2 norm of gradient: 153.04261725029053
Iteration 197: -15595.312218123341
L2 norm of gradient: 137.1003290346345
Iteration 198: -14677.186522375385
L2 norm of gradient: 132.83485895515312
Iteration 199: -12094.24953601557
L2 norm of gradient: 160.9046058477887
Iteration 200: -14222.80127601439
L2 norm of gradient: 14.088971292764317
Iteration 201: -13085.197204314201
L2 norm of gradient: 212.47445870838874
Iteration 202: -14875.11419908609
L2 norm of gradient: 204.5767545242795
Iteration 203: -13961.182372389856
L2 norm of gradient: 147.99605863924697
Iteration 204: -14582.522319780504
L2 norm of gradient: 27.33148589251216
Iteration 205: -14075.990305880652
L2 norm of gradient: 18.287769344531252
Iteration 206: -13690.304581598666
L2 norm of gradient: 140.0306001987213
Iteration 207: -15443.04900921939
L2 norm of gradient: 139.88102396666005
Iteration 208: -14521.235006238896
L2 norm of gradient: 171.92615444855537
Iteration 209: -14515.789195821164
L2 norm of gradient: 300.66501727147016
Iteration 210: -14970.364117226844
L2 norm of gradient: 361.69679320251515
Iteration 211: -13016.711254816793
L2 norm of gradient: 299.5723887856947
Iteration 212: -14499.599000805776
L2 norm of gradient: 141.92627047857457
Iteration 213: -14741.609376689712
L2 norm of gradient: 8.116995049370985
Iteration 214: -13989.429304043766
L2 norm of gradient: 29.745632452355498
Iteration 215: -14536.616838352315
L2 norm of gradient: 5.234401557581885
Iteration 216: -14297.326374949087
L2 norm of gradient: 8.302138532569021
Iteration 217: -13082.176459403863
L2 norm of gradient: 16.423901998759625
Iteration 218: -12935.0797268253
L2 norm of gradient: 7.025799047328864
Iteration 219: -14762.190565533258
L2 norm of gradient: 348.3472662163914
Iteration 220: -14100.514135132995
L2 norm of gradient: 31.615908374178172
Iteration 221: -13168.420365500011
L2 norm of gradient: 0.03357342283715015
Iteration 222: -13683.200442357167
L2 norm of gradient: 141.44960886924713
Iteration 223: -13216.943402037694
L2 norm of gradient: 6.548472661770925
Iteration 224: -14296.976274327482
L2 norm of gradient: 29.335504368319402
Iteration 225: -14382.178669910109
L2 norm of gradient: 384.1389440696917
Iteration 226: -14991.629411788907
L2 norm of gradient: 156.08072911327986
Iteration 227: -15436.984412329564
L2 norm of gradient: 14.955664548071212
Iteration 228: -14764.585734795965
L2 norm of gradient: 31.593973639588587
Iteration 229: -15611.413335857254
L2 norm of gradient: 25.09906226023688
Iteration 230: -15175.59330974614
L2 norm of gradient: 155.4352930112584
Iteration 231: -14357.40440749572
L2 norm of gradient: 19.879197338492023
Iteration 232: -14694.850876633343
L2 norm of gradient: 173.20668381198163
Iteration 233: -12753.724458422348
L2 norm of gradient: 58.32584446337304
Iteration 234: -15388.976328469418
L2 norm of gradient: 19.58848372089083
Iteration 235: -13846.388560186257
L2 norm of gradient: 9.079270683092684
Iteration 236: -14454.668049242162
L2 norm of gradient: 6.475067733010257
Iteration 237: -14607.998581140782
L2 norm of gradient: 151.30165840785574
Iteration 238: -13225.333478927525
L2 norm of gradient: 6.464948057583533
Iteration 239: -13236.42131167518
L2 norm of gradient: 177.1021206521155
Iteration 240: -12905.328699261403
L2 norm of gradient: 281.7075979041421
Iteration 241: -15001.227048200064
L2 norm of gradient: 8.084532818526592
Iteration 242: -14300.995262465043
L2 norm of gradient: 148.15375002052406
Iteration 243: -13681.166608428124
L2 norm of gradient: 241.86116574337018
Iteration 244: -12879.22776274139
L2 norm of gradient: 143.3836189142943
Iteration 245: -13462.383578415735
L2 norm of gradient: 18.80421603430108
Iteration 246: -14003.065327445136
L2 norm of gradient: 9.664091161408486
Iteration 247: -14143.053057124227
L2 norm of gradient: 189.58854056895592
Iteration 248: -14119.855159160255
L2 norm of gradient: 160.69714876046072
Iteration 249: -14596.368003219868
L2 norm of gradient: 9.374738056100938
Iteration 250: -12467.612853665505
L2 norm of gradient: 280.8949310965942
Iteration 251: -15097.46580799103
L2 norm of gradient: 12.625185396119942
Iteration 252: -15070.110178974479
L2 norm of gradient: 214.3995083612265
Iteration 253: -14716.651819247823
L2 norm of gradient: 172.050289424394
Iteration 254: -14418.812437923018
L2 norm of gradient: 2.414832554635873
Iteration 255: -15372.904616541831
L2 norm of gradient: 263.0272160712823
Iteration 256: -13102.919038758242
L2 norm of gradient: 18.293481333198766
Iteration 257: -13834.295036014588
L2 norm of gradient: 7.0912021403163905
Iteration 258: -12008.008831868598
L2 norm of gradient: 161.91521616914758
Iteration 259: -15204.831798248748
L2 norm of gradient: 21.200329582447008
Iteration 260: -13479.095696508974
L2 norm of gradient: 270.88583191192475
Iteration 261: -14847.17239470705
L2 norm of gradient: 178.7819838902927
Iteration 262: -12297.137716623463
L2 norm of gradient: 186.6420577123399
Iteration 263: -14509.728479631278
L2 norm of gradient: 14.755953890654228
Iteration 264: -12759.594327132754
L2 norm of gradient: 192.35655562401968
Iteration 265: -13658.439023566081
L2 norm of gradient: 223.38641607224994
Iteration 266: -15668.010504339627
L2 norm of gradient: 43.30542636904643
Iteration 267: -13322.649977235556
L2 norm of gradient: 300.201502417963
Iteration 268: -15080.201613002784
L2 norm of gradient: 36.250690630052766
Iteration 269: -14537.713264921014
L2 norm of gradient: 11.59927524246646
Iteration 270: -15375.298427473836
L2 norm of gradient: 195.30120588129623
Iteration 271: -14349.753523212506
L2 norm of gradient: 217.59348713891708
Iteration 272: -13666.492124155453
L2 norm of gradient: 119.90623277420362
Iteration 273: -14293.101973263525
L2 norm of gradient: 198.58210714680908
Iteration 274: -14345.067629645975
L2 norm of gradient: 22.460319860799427
Iteration 275: -13088.240393612085
L2 norm of gradient: 31.002219995131746
Iteration 276: -14847.357377025577
L2 norm of gradient: 200.86743690379643
Iteration 277: -16259.22500812648
L2 norm of gradient: 188.83128373187034
Iteration 278: -15222.732968137156
L2 norm of gradient: 300.25939287890697
Iteration 279: -14991.380028274232
L2 norm of gradient: 107.33824395617211
Iteration 280: -14238.820010830821
L2 norm of gradient: 8.750378935266863
Iteration 281: -12928.555164372672
L2 norm of gradient: 376.88795770669066
Iteration 282: -13203.078674120481
L2 norm of gradient: 80.77738907021401
Iteration 283: -14311.312226370559
L2 norm of gradient: 6.848857481084237
Iteration 284: -13236.65904531142
L2 norm of gradient: 7.471585951643362
Iteration 285: -14608.251784243046
L2 norm of gradient: 195.04015422499847
Iteration 286: -15029.946947044638
L2 norm of gradient: 179.40100995855005
Iteration 287: -13050.563534998018
L2 norm of gradient: 25.302121634199143
Iteration 288: -14456.627052179843
L2 norm of gradient: 240.511702469413
Iteration 289: -14570.172892416127
L2 norm of gradient: 34.88156127193721
Iteration 290: -13917.657845703396
L2 norm of gradient: 36.028709926954065
Iteration 291: -12955.108090602302
L2 norm of gradient: 8.594958426196484
Iteration 292: -14610.586833483316
L2 norm of gradient: 21.459636488833393
Iteration 293: -13834.054478998556
L2 norm of gradient: 468.75459911387486
Iteration 294: -14303.840195559262
L2 norm of gradient: 11.430869976550223
Iteration 295: -12621.053435329468
L2 norm of gradient: 309.93704464289823
Iteration 296: -13518.627941258086
L2 norm of gradient: 223.82680633998797
Iteration 297: -14406.999327823667
L2 norm of gradient: 54.54806120214135
Iteration 298: -13924.507886255002
L2 norm of gradient: 27.712677315952273
Iteration 299: -14760.962818780516
L2 norm of gradient: 224.50887369332563
Iteration 300: -14352.138693764535
L2 norm of gradient: 256.7485791782534
Iteration 301: -14319.703532355195
L2 norm of gradient: 42.92098024861266
Iteration 302: -13460.236847440647
L2 norm of gradient: 209.24359804693773
Iteration 303: -14179.860273815215
L2 norm of gradient: 2.523748361514526
Iteration 304: -14451.069288969693
L2 norm of gradient: 197.96996127532228
Iteration 305: -14090.19531871562
L2 norm of gradient: 7.7408939656324085
Iteration 306: -13236.129982764769
L2 norm of gradient: 217.61519934193376
Iteration 307: -15015.938711315719
L2 norm of gradient: 28.107946180161104
Iteration 308: -12310.046519003952
L2 norm of gradient: 193.37659986117802
Iteration 309: -12322.386454926385
L2 norm of gradient: 44.85414761214341
Iteration 310: -15467.069252316518
L2 norm of gradient: 16.2452688128195
Iteration 311: -14295.433915155862
L2 norm of gradient: 44.593056577185564
Iteration 312: -13453.346583401719
L2 norm of gradient: 16.087401401754402
Iteration 313: -15067.258959860865
L2 norm of gradient: 195.75593460048643
Iteration 314: -12887.594749404896
L2 norm of gradient: 216.8068405348196
Iteration 315: -12344.27208389372
L2 norm of gradient: 214.84302225167306
Iteration 316: -14562.596553600903
L2 norm of gradient: 22.297485977910288
Iteration 317: -12935.887968340536
L2 norm of gradient: 43.439059722550375
Iteration 318: -14842.865387539017
L2 norm of gradient: 41.05239160688794
Iteration 319: -14245.054855135275
L2 norm of gradient: 183.32575676104696
Iteration 320: -14740.964868370771
L2 norm of gradient: 235.10670615074093
Iteration 321: -13940.551554701991
L2 norm of gradient: 81.30252012679803
Iteration 322: -14311.131618795409
L2 norm of gradient: 374.00950215831
Iteration 323: -14740.146916645923
L2 norm of gradient: 83.16681786304244
Iteration 324: -14927.14420210939
L2 norm of gradient: 44.07992840083674
Iteration 325: -13153.073392406894
L2 norm of gradient: 18.57582629084306
Iteration 326: -13477.121728434913
L2 norm of gradient: 679.5952023426931
Iteration 327: -13494.353327160068
L2 norm of gradient: 417.0326159774508
Iteration 328: -14509.593479238632
L2 norm of gradient: 233.60899484226846
Iteration 329: -13351.301700409751
L2 norm of gradient: 55.41953593921271
Iteration 330: -12752.216522587729
L2 norm of gradient: 54.92028374046318
Iteration 331: -14300.570589043362
L2 norm of gradient: 20.143211072423433
Iteration 332: -14454.485983628161
L2 norm of gradient: 129.49121952758472
Iteration 333: -14143.901926750994
L2 norm of gradient: 12.776409834835263
Iteration 334: -13839.564781511182
L2 norm of gradient: 315.60192362361204
Iteration 335: -13416.879363880875
L2 norm of gradient: 572.5751908847026
Iteration 336: -13676.435121638551
L2 norm of gradient: 129.98699248627435
Iteration 337: -14702.115451472304
L2 norm of gradient: 39.83255693522116
Iteration 338: -14377.83166407812
L2 norm of gradient: 305.96960414589256
Iteration 339: -14540.476306489156
L2 norm of gradient: 14.963778882406602
Iteration 340: -14460.929184232375
L2 norm of gradient: 390.13476830789097
Iteration 341: -14484.563422570254
L2 norm of gradient: 389.17463976524687
Iteration 342: -12444.07976518289
L2 norm of gradient: 35.52856410407271
Iteration 343: -13083.11552628714
L2 norm of gradient: 255.12588606196212
Iteration 344: -13914.290392795117
L2 norm of gradient: 36.264680904581226
Iteration 345: -14228.796499123699
L2 norm of gradient: 56.040085398498
Iteration 346: -13760.849399600766
L2 norm of gradient: 49.521355728886746
Iteration 347: -13521.511933127547
L2 norm of gradient: 144.57106966097325
Iteration 348: -15217.340360853705
L2 norm of gradient: 26.59349102031943
Iteration 349: -12774.814697755
L2 norm of gradient: 10.326679449018002
Iteration 350: -14449.910441735992
L2 norm of gradient: 478.42834545128983
Iteration 351: -14796.034990295391
L2 norm of gradient: 375.62291883926133
Iteration 352: -13547.188501116265
L2 norm of gradient: 936.3662345124638
Iteration 353: -12455.955984012917
L2 norm of gradient: 280.97380623594677
Iteration 354: -15144.027542281163
L2 norm of gradient: 305.22258679093693
Iteration 355: -14610.35507563966
L2 norm of gradient: 29.51194064160335
Iteration 356: -12926.156727328998
L2 norm of gradient: 413.92118820392045
Iteration 357: -14454.088313206135
L2 norm of gradient: 12.840458124253717
Iteration 358: -12315.977235935443
L2 norm of gradient: 359.4901068758501
Iteration 359: -13013.62090137647
L2 norm of gradient: 10.360601487225908
Iteration 360: -14610.681386028473
L2 norm of gradient: 268.083303901031
Iteration 361: -14385.67982284013
L2 norm of gradient: 51.74506138872541
Iteration 362: -14380.888491431368
L2 norm of gradient: 444.0990681612649
Iteration 363: -9965.966536550899
L2 norm of gradient: 260.4107840573176
Iteration 364: -14535.661455561985
L2 norm of gradient: 208.5149885238672
Iteration 365: -14604.108520312211
L2 norm of gradient: 274.45795071177207
Iteration 366: -12682.700289610466
L2 norm of gradient: 37.981365167998554
Iteration 367: -14609.199169350668
L2 norm of gradient: 26.300017091269584
Iteration 368: -13385.67208505237
L2 norm of gradient: 100.75946060642376
Iteration 369: -14299.451537371006
L2 norm of gradient: 45.739865176540995
Iteration 370: -14841.1566443125
L2 norm of gradient: 38.85402256808426
Iteration 371: -15063.48383696039
L2 norm of gradient: 305.8782262905645
Iteration 372: -14839.633506001766
L2 norm of gradient: 279.5000729651234
Iteration 373: -14838.307213308222
L2 norm of gradient: 955.310297685546
Iteration 374: -13445.983594278256
L2 norm of gradient: 43.398363746763984
Iteration 375: -14536.405425395806
L2 norm of gradient: 28.05397066184967
Iteration 376: -14447.211262862884
L2 norm of gradient: 79.01172214777283
Iteration 377: -14530.275153590674
L2 norm of gradient: 12.035173977280422
Iteration 378: -14464.423317536679
L2 norm of gradient: 185.22240632219172
Iteration 379: -14969.813199359094
L2 norm of gradient: 301.2507976856262
Iteration 380: -14680.970762741132
L2 norm of gradient: 256.787275979347
Iteration 381: -15067.360849949608
L2 norm of gradient: 59.460897774381024
Iteration 382: -14748.684610482196
L2 norm of gradient: 3.992614920923184
Iteration 383: -14757.88204546048
L2 norm of gradient: 26.766782879307716
Iteration 384: -14754.343861619884
L2 norm of gradient: 53.69499920808172
Iteration 385: -12459.072352261668
L2 norm of gradient: 22.016284929972336
Iteration 386: -11406.958438343669
L2 norm of gradient: 456.2540864143745
Iteration 387: -15125.962857535382
L2 norm of gradient: 6.013811231449363
Iteration 388: -14143.524009005683
L2 norm of gradient: 548.190551437798
Iteration 389: -15136.504181981578
L2 norm of gradient: 12.776248322195592
Iteration 390: -14453.511963870744
L2 norm of gradient: 484.1971255832224
Iteration 391: -14185.512745521555
L2 norm of gradient: 328.7688525250507
Iteration 392: -14665.521078727892
L2 norm of gradient: 399.0135580450768
Iteration 393: -14047.404128159047
L2 norm of gradient: 478.7037576590954
Iteration 394: -14876.548561881289
L2 norm of gradient: 341.0761429787416
Iteration 395: -14435.2368192601
L2 norm of gradient: 363.59346454406835
Iteration 396: -11472.134286916193
L2 norm of gradient: 477.9890575072713
Iteration 397: -15031.134622093277
L2 norm of gradient: 57.91023987143678
Iteration 398: -15146.307074030641
L2 norm of gradient: 166.74949381499673
Iteration 399: -14732.77063149296
L2 norm of gradient: 144.71189893023018
Iteration 400: -14204.896167575329
L2 norm of gradient: 472.03746977532523
Iteration 401: -13564.798345053097
L2 norm of gradient: 279.5446320621781
Iteration 402: -12286.459327159637
L2 norm of gradient: 182.46247427291294
Iteration 403: -14977.531275775867
L2 norm of gradient: 279.47249241338864
Iteration 404: -13064.816733479618
L2 norm of gradient: 18.43779882954908
Iteration 405: -13082.17725736241
L2 norm of gradient: 318.47840907900826
Iteration 406: -12765.732794571884
L2 norm of gradient: 132.70650776204928
Iteration 407: -15221.428305466092
L2 norm of gradient: 46.7195474445087
Iteration 408: -13517.604755757025
L2 norm of gradient: 796.2402163753212
Iteration 409: -14275.881726564752
L2 norm of gradient: 127.52100132841815
Iteration 410: -12988.114737851081
L2 norm of gradient: 33.042104010559
Iteration 411: -14601.669642912953
L2 norm of gradient: 452.4271603681574
Iteration 412: -14106.654167994247
L2 norm of gradient: 48.67852361111265
Iteration 413: -14683.181327344755
L2 norm of gradient: 600.3324064522644
Iteration 414: -13227.689805087575
L2 norm of gradient: 64.78902947560603
Iteration 415: -14595.0149623138
L2 norm of gradient: 16.967901534796315
Iteration 416: -14447.896884249973
L2 norm of gradient: 28.424540476801717
Iteration 417: -13858.215902531092
L2 norm of gradient: 34.813389288834976
Iteration 418: -14400.256379415123
L2 norm of gradient: 494.0737168164503
Iteration 419: -13211.687187614249
L2 norm of gradient: 300.87255199973504
Iteration 420: -15573.589451162545
L2 norm of gradient: 363.61084699259476
Iteration 421: -13566.895455887787
L2 norm of gradient: 439.36575749362163
Iteration 422: -12116.29857563229
L2 norm of gradient: 53.04117140651547
Iteration 423: -14368.22092300559
L2 norm of gradient: 334.1653577217759
Iteration 424: -12662.426550919457
L2 norm of gradient: 245.59741689581398
Iteration 425: -14454.481666693615
L2 norm of gradient: 480.9419019201099
Iteration 426: -14209.643571977313
L2 norm of gradient: 39.164698100449655
Iteration 427: -15297.242675984193
L2 norm of gradient: 69.17765709861132
Iteration 428: -15831.843147037593
L2 norm of gradient: 53.52709973849539
Iteration 429: -13474.055195146748
L2 norm of gradient: 711.7590055151472
Iteration 430: -12953.530629954243
L2 norm of gradient: 602.8028282224262
Iteration 431: -13792.781824465219
L2 norm of gradient: 70.21181192362198
Iteration 432: -14988.353428102491
L2 norm of gradient: 659.2684874053131
Iteration 433: -13435.967262857266
L2 norm of gradient: 93.85897971045216
Iteration 434: -15436.91901559587
L2 norm of gradient: 380.45782845593027
Iteration 435: -15254.873074898593
L2 norm of gradient: 16.4255999877098
Iteration 436: -14606.762070240406
L2 norm of gradient: 923.4734999599373
Iteration 437: -15277.73975101817
L2 norm of gradient: 346.31322988778976
Iteration 438: -14021.25388378086
L2 norm of gradient: 864.5370003199356
Iteration 439: -13619.97815918775
L2 norm of gradient: 133.04839265456624
Iteration 440: -14513.369008136808
L2 norm of gradient: 851.5747862771119
Iteration 441: -14170.105813243254
L2 norm of gradient: 79.1783933612758
Iteration 442: -13777.536868360306
L2 norm of gradient: 413.96729797430623
Iteration 443: -14827.912493131593
L2 norm of gradient: 518.8249448726914
Iteration 444: -13963.374233843571
L2 norm of gradient: 69.38378202566201
Iteration 445: -14446.117811203647
L2 norm of gradient: 581.239992497355
Iteration 446: -13859.183681310315
L2 norm of gradient: 531.1701350761209
Iteration 447: -14771.281891538376
L2 norm of gradient: 374.83886754607823
Iteration 448: -13485.7052473662
L2 norm of gradient: 503.6400622499847
Iteration 449: -14314.390086603951
L2 norm of gradient: 311.76284179689395
Iteration 450: -14238.461871403128
L2 norm of gradient: 123.28166117652925
Iteration 451: -13663.7355051621
L2 norm of gradient: 151.686659872955
Iteration 452: -14042.059685040707
L2 norm of gradient: 34.64109905918668
Iteration 453: -14908.718509593986
L2 norm of gradient: 419.65187113063257
Iteration 454: -12510.524615258291
L2 norm of gradient: 186.42340559326362
Iteration 455: -14171.232923708156
L2 norm of gradient: 100.78186750117347
Iteration 456: -14895.577108244323
L2 norm of gradient: 556.8710425457857
Iteration 457: -13661.083553576365
L2 norm of gradient: 42.01118215176235
Iteration 458: -13827.104171504217
L2 norm of gradient: 204.82098946391258
Iteration 459: -13974.471434223062
L2 norm of gradient: 331.6630673941935
Iteration 460: -15055.247294002505
L2 norm of gradient: 89.42534115886812
Iteration 461: -12981.81991064186
L2 norm of gradient: 1033.9244952452946
Iteration 462: -14960.348912650967
L2 norm of gradient: 363.160427073432
Iteration 463: -12477.958770101774
L2 norm of gradient: 366.44871702504764
Iteration 464: -13970.545224356385
L2 norm of gradient: 101.68313980500955
Iteration 465: -13374.558313874191
L2 norm of gradient: 118.52230231926545
Iteration 466: -14264.310265369653
L2 norm of gradient: 243.33738775955186
Iteration 467: -13318.786516927225
L2 norm of gradient: 87.76874895212315
Iteration 468: -14506.140109617838
L2 norm of gradient: 363.22090972101677
Iteration 469: -14305.9179275625
L2 norm of gradient: 440.3255029544358
Iteration 470: -14347.826527218034
L2 norm of gradient: 408.4516175108846
Iteration 471: -14065.60334408464
L2 norm of gradient: 86.71316870161269
Iteration 472: -15917.920394094006
L2 norm of gradient: 193.68569993545455
Iteration 473: -15324.566018053985
L2 norm of gradient: 107.52800721642603
Iteration 474: -13819.910337448899
L2 norm of gradient: 145.30808636906121
Iteration 475: -13222.250666761724
L2 norm of gradient: 205.1544037817868
Iteration 476: -14254.360301635317
L2 norm of gradient: 404.3771351514258
Iteration 477: -14896.919831379817
L2 norm of gradient: 228.54770344198542
Iteration 478: -13887.59285787251
L2 norm of gradient: 287.5435389900623
Iteration 479: -15187.701950888557
L2 norm of gradient: 55.30056670898493
Iteration 480: -13983.059976146546
L2 norm of gradient: 40.188658396000264
Iteration 481: -14774.69181947868
L2 norm of gradient: 11.786244698363097
Iteration 482: -13237.42038506841
L2 norm of gradient: 80.41611576528535
Iteration 483: -14512.7612075106
L2 norm of gradient: 129.27878494450962
Iteration 484: -13975.900836662024
L2 norm of gradient: 392.0669588182887
Iteration 485: -14868.231971278025
L2 norm of gradient: 130.80914972449227
Iteration 486: -14484.932340098332
L2 norm of gradient: 410.49201935890994
Iteration 487: -12473.609661005476
L2 norm of gradient: 772.4798842329797
Iteration 488: -13258.49104398185
L2 norm of gradient: 47.7748699239866
Iteration 489: -14605.527138114106
L2 norm of gradient: 193.58339487438013
Iteration 490: -13999.760959363452
L2 norm of gradient: 398.17030942801574
Iteration 491: -14287.02236865982
L2 norm of gradient: 142.5382796978942
Iteration 492: -15496.771489118008
L2 norm of gradient: 560.7229281885697
Iteration 493: -12872.81686011366
L2 norm of gradient: 15.869057044757616
Iteration 494: -15829.852515162785
L2 norm of gradient: 20.65931195297385
Iteration 495: -12620.965574889557
L2 norm of gradient: 395.08218454636403
Iteration 496: -14736.818978344829
L2 norm of gradient: 91.50338728064823
Iteration 497: -13901.17670709241
L2 norm of gradient: 492.0679728871423
Iteration 498: -13363.804578861818
L2 norm of gradient: 390.1823294155473
Iteration 499: -14631.813051800027
[ { query: [ 'Who is a doctor', [Object] ],
    trueResult: 
     Marginal:
         "John and Mary are doctors" : 0.380020640450514
         "John and Mary are doctors and teachers" : 0.20855974943514632
         "John is a doctor" : 0.08655534418766547
         "Mary is a doctor" : 0.08655534418766547
         "John is a doctor and a teacher" : 0.04750258005631425
         "Mary is a doctor and a teacher" : 0.04750258005631425
         "John and Mary are doctors or teachers" : 0.018309772241219994
         "John or Mary is a doctor and a teacher" : 0.01641723975145466
         "John is a doctor or a teacher" : 0.014074838535204214
         "Mary is a doctor or a teacher" : 0.014074838535204214
         "John or Mary is a doctor" : 0.014074838535204214
         "Mary is a teacher" : 0.010819418023458179
         "John is a teacher" : 0.010819418023458179
         "John is not a teacher" : 0.008015222008949992
         "Mary is not a teacher" : 0.008015222008949992
         "John and Mary are teachers" : 0.0059378225070392835
         "John or Mary is a teacher" : 0.005937822507039272
         "John and Mary are not teachers" : 0.0043988471043886965
         "John or Mary is not a teacher" : 0.0043988471043886965
         "John or Mary is a doctor or a teacher" : 0.003954910804103521
         "John is not a doctor and a teacher" : 0.0013033621050040592
         "Mary is not a doctor and a teacher" : 0.0013033621050040592
         "John or Mary is not a doctor and a teacher" : 0.0012360388998589598
         "John and Mary are not doctors and teachers" : 0.00021194082645043896,
    learnedResult: 
     Marginal:
         "John is a doctor" : 0.25481212513235096
         "Mary is a doctor" : 0.25481212513235096
         "John and Mary are doctors" : 0.03619082280657663
         "John is a teacher" : 0.03185151564154386
         "Mary is a teacher" : 0.03185151564154386
         "John is a doctor and a teacher" : 0.024726072040941936
         "Mary is a doctor and a teacher" : 0.024726072040941936
         "John is not a teacher" : 0.023596183143584453
         "Mary is not a teacher" : 0.02359618314358441
         "John or Mary is a doctor" : 0.020741270122405606
         "John is a doctor or a teacher" : 0.018746976485122347
         "Mary is a doctor or a teacher" : 0.018746976485122347
         "John and Mary are teachers" : 0.017480482411310172
         "John or Mary is a teacher" : 0.01748048241131014
         "Mary is not a doctor" : 0.01580234752493442
         "John is not a doctor" : 0.01580234752493442
         "John and Mary are not teachers" : 0.012949859876604882
         "John or Mary is not a teacher" : 0.012949859876604882
         "Mary is not a doctor or a teacher" : 0.012837797757496295
         "John is not a doctor or a teacher" : 0.012837797757496295
         "John or Mary is not a doctor" : 0.012713489897784985
         "Mary is not a doctor and a teacher" : 0.012520149674362801
         "John is not a doctor and a teacher" : 0.012520149674362801
         "John and Mary are not doctors" : 0.011862989903030778
         "John and Mary are doctors and teachers" : 0.010343525377232854
         "John and Mary are doctors or teachers" : 0.009778184506079101
         "John or Mary is a doctor and a teacher" : 0.00974800917417488
         "John or Mary is a doctor or a teacher" : 0.009632430445603203
         "John or Mary is not a doctor or a teacher" : 0.007104019168963819
         "John or Mary is not a doctor and a teacher" : 0.007095037771258107
         "John and Mary are not doctors or teachers" : 0.007092774839202251
         "John and Mary are not doctors and teachers" : 0.007050426611184368,
    KLDivergence: 1.3263909664047153 },
  { query: [ 'Who is a doctor', [Object] ],
    trueResult: 
     Marginal:
         "John and Mary are doctors" : 0.380020640450514
         "John and Mary are doctors and teachers" : 0.20855974943514632
         "John is a doctor" : 0.08655534418766547
         "Mary is a doctor" : 0.08655534418766547
         "John is a doctor and a teacher" : 0.04750258005631425
         "Mary is a doctor and a teacher" : 0.04750258005631425
         "John and Mary are doctors or teachers" : 0.018309772241219994
         "John or Mary is a doctor and a teacher" : 0.01641723975145466
         "John is a doctor or a teacher" : 0.014074838535204214
         "Mary is a doctor or a teacher" : 0.014074838535204214
         "John or Mary is a doctor" : 0.014074838535204214
         "Mary is a teacher" : 0.010819418023458179
         "John is a teacher" : 0.010819418023458179
         "John is not a teacher" : 0.008015222008949992
         "Mary is not a teacher" : 0.008015222008949992
         "John and Mary are teachers" : 0.0059378225070392835
         "John or Mary is a teacher" : 0.005937822507039272
         "John and Mary are not teachers" : 0.0043988471043886965
         "John or Mary is not a teacher" : 0.0043988471043886965
         "John or Mary is a doctor or a teacher" : 0.003954910804103521
         "John is not a doctor and a teacher" : 0.0013033621050040592
         "Mary is not a doctor and a teacher" : 0.0013033621050040592
         "John or Mary is not a doctor and a teacher" : 0.0012360388998589598
         "John and Mary are not doctors and teachers" : 0.00021194082645043896,
    learnedResult: 
     Marginal:
         "John is a doctor" : 0.25481212513235096
         "Mary is a doctor" : 0.25481212513235096
         "John and Mary are doctors" : 0.03619082280657663
         "John is a teacher" : 0.03185151564154386
         "Mary is a teacher" : 0.03185151564154386
         "John is a doctor and a teacher" : 0.024726072040941936
         "Mary is a doctor and a teacher" : 0.024726072040941936
         "John is not a teacher" : 0.023596183143584453
         "Mary is not a teacher" : 0.02359618314358441
         "John or Mary is a doctor" : 0.020741270122405606
         "John is a doctor or a teacher" : 0.018746976485122347
         "Mary is a doctor or a teacher" : 0.018746976485122347
         "John and Mary are teachers" : 0.017480482411310172
         "John or Mary is a teacher" : 0.01748048241131014
         "Mary is not a doctor" : 0.01580234752493442
         "John is not a doctor" : 0.01580234752493442
         "John and Mary are not teachers" : 0.012949859876604882
         "John or Mary is not a teacher" : 0.012949859876604882
         "Mary is not a doctor or a teacher" : 0.012837797757496295
         "John is not a doctor or a teacher" : 0.012837797757496295
         "John or Mary is not a doctor" : 0.012713489897784985
         "Mary is not a doctor and a teacher" : 0.012520149674362801
         "John is not a doctor and a teacher" : 0.012520149674362801
         "John and Mary are not doctors" : 0.011862989903030778
         "John and Mary are doctors and teachers" : 0.010343525377232854
         "John and Mary are doctors or teachers" : 0.009778184506079101
         "John or Mary is a doctor and a teacher" : 0.00974800917417488
         "John or Mary is a doctor or a teacher" : 0.009632430445603203
         "John or Mary is not a doctor or a teacher" : 0.007104019168963819
         "John or Mary is not a doctor and a teacher" : 0.007095037771258107
         "John and Mary are not doctors or teachers" : 0.007092774839202251
         "John and Mary are not doctors and teachers" : 0.007050426611184368,
    KLDivergence: 1.3263909664047153 },
  { query: [ 'Who is a doctor and a teacher', [Object] ],
    trueResult: 
     Marginal:
         "John is a doctor and a teacher" : 0.5057429117707349
         "John is a doctor" : 0.11519045846271186
         "John is a teacher" : 0.11519045846271186
         "John or Mary is a doctor and a teacher" : 0.051789172217255514
         "Mary is not a teacher" : 0.02528450088232814
         "Mary is not a doctor" : 0.02528450088232814
         "John and Mary are teachers" : 0.018731218954471676
         "John and Mary are doctors" : 0.018731218954471676
         "John or Mary is a teacher" : 0.018731218954471645
         "John is a doctor or a teacher" : 0.018731218954471645
         "John or Mary is a doctor" : 0.018731218954471645
         "Mary is not a doctor or a teacher" : 0.013876428297051366
         "Mary is not a doctor and a teacher" : 0.013876428297051366
         "John and Mary are doctors or teachers" : 0.007219910001734958
         "Mary is a doctor or a teacher" : 0.00554999080132493
         "John or Mary is a doctor or a teacher" : 0.005263314391264789
         "Mary is a doctor" : 0.004266313276396742
         "Mary is a teacher" : 0.004266313276396742
         "John or Mary is not a doctor" : 0.004111534310237441
         "John or Mary is not a teacher" : 0.004111534310237441
         "John or Mary is not a doctor and a teacher" : 0.003899159202225257
         "John or Mary is not a doctor or a teacher" : 0.0014209763856506024,
    learnedResult: 
     Marginal:
         "John is a teacher" : 0.06347069384519684
         "John is a doctor" : 0.06289443458685033
         "Mary is a doctor" : 0.0590627751070202
         "Mary is a teacher" : 0.059026176336890744
         "Mary is not a teacher" : 0.04407381721490877
         "Mary is not a doctor" : 0.0440704083742422
         "John is not a doctor" : 0.04372197871774708
         "John is not a teacher" : 0.04367096705799148
         "John is a doctor and a teacher" : 0.033149567183827944
         "John and Mary are teachers" : 0.032855357957461445
         "John and Mary are doctors" : 0.032820865060100325
         "John is a doctor or a teacher" : 0.03274219815372995
         "John or Mary is a teacher" : 0.0326651297654506
         "John or Mary is a doctor" : 0.032658670498963704
         "Mary is a doctor or a teacher" : 0.03260923331677842
         "Mary is a doctor and a teacher" : 0.032554043229928706
         "Mary is not a doctor and a teacher" : 0.02417159511088894
         "Mary is not a doctor or a teacher" : 0.024168214537404985
         "John or Mary is not a doctor" : 0.02416421592309473
         "John or Mary is not a teacher" : 0.024163715423517754
         "John is not a doctor or a teacher" : 0.024156150273187165
         "John and Mary are not doctors" : 0.024150850555347683
         "John and Mary are not teachers" : 0.024148047284595454
         "John is not a doctor and a teacher" : 0.024131527829647743
         "John and Mary are doctors and teachers" : 0.017926777747908552
         "John and Mary are doctors or teachers" : 0.017910642748007678
         "John or Mary is a doctor and a teacher" : 0.017907472647699773
         "John or Mary is a doctor or a teacher" : 0.01790467080997009
         "John or Mary is not a doctor or a teacher" : 0.013263060003106317
         "John or Mary is not a doctor and a teacher" : 0.013262838445470474
         "John and Mary are not doctors or teachers" : 0.01326259298416599
         "John and Mary are not doctors and teachers" : 0.013261311268897714,
    KLDivergence: 1.407923965818508 },
  { query: [ 'Who is a doctor or a teacher', [Object] ],
    trueResult: 
     Marginal:
         "John and Mary are doctors" : 0.1056107851909732
         "John and Mary are teachers" : 0.1056107851909732
         "John is a doctor" : 0.08118368320238828
         "John is a teacher" : 0.08118368320238828
         "Mary is a teacher" : 0.08118368320238828
         "Mary is a doctor" : 0.08118368320238828
         "John and Mary are doctors or teachers" : 0.05796042780983282
         "John and Mary are doctors and teachers" : 0.05796042780983277
         "Mary is a doctor and a teacher" : 0.044554550002441795
         "John is a doctor and a teacher" : 0.044554550002441795
         "Mary is a doctor or a teacher" : 0.04455455000244175
         "John is a doctor or a teacher" : 0.04455455000244175
         "John or Mary is a teacher" : 0.03129208450102909
         "John or Mary is a doctor" : 0.03129208450102909
         "John or Mary is a doctor and a teacher" : 0.021122604886965272
         "John or Mary is a doctor or a teacher" : 0.012519452406923889
         "John is not a doctor and a teacher" : 0.009779799246246973
         "Mary is not a doctor and a teacher" : 0.009779799246246973
         "John is not a teacher" : 0.007517793967297686
         "Mary is not a teacher" : 0.007517793967297686
         "Mary is not a doctor" : 0.007517793967297686
         "John is not a doctor" : 0.007517793967297686
         "John or Mary is not a doctor and a teacher" : 0.00651387501985663
         "John or Mary is not a doctor" : 0.00565960604528182
         "John or Mary is not a teacher" : 0.00565960604528182
         "John and Mary are not doctors and teachers" : 0.0037696035994540657
         "John and Mary are not doctors" : 0.0012224749057808738
         "John and Mary are not teachers" : 0.0012224749057808738,
    learnedResult: 
     Marginal:
         "John is a teacher" : 0.060181390119297344
         "John is a doctor" : 0.06006855904931393
         "Mary is a doctor" : 0.05979354848592161
         "Mary is a teacher" : 0.05977139807441221
         "Mary is not a teacher" : 0.04433504070365695
         "Mary is not a doctor" : 0.04433298651156716
         "John is not a doctor" : 0.04430752990518241
         "John is not a teacher" : 0.04429711088311672
         "John is a doctor and a teacher" : 0.032881010489074554
         "John and Mary are teachers" : 0.032857563363706245
         "John and Mary are doctors" : 0.0328517196842563
         "John is a doctor or a teacher" : 0.03284925464757228
         "John or Mary is a teacher" : 0.03284280978116243
         "John or Mary is a doctor" : 0.03284178110770339
         "Mary is a doctor or a teacher" : 0.03283780167631782
         "Mary is a doctor and a teacher" : 0.03283073204110939
         "Mary is not a doctor and a teacher" : 0.024328808782839714
         "Mary is not a doctor or a teacher" : 0.024328377814948877
         "John or Mary is not a doctor" : 0.024328044894130835
         "John or Mary is not a teacher" : 0.024327964974168326
         "John is not a doctor or a teacher" : 0.024327337408725343
         "John and Mary are not doctors" : 0.024327223745712813
         "John and Mary are not teachers" : 0.02432674605774078
         "John is not a doctor and a teacher" : 0.024325409388487047
         "John and Mary are doctors and teachers" : 0.018024409031533305
         "John and Mary are doctors or teachers" : 0.018023297483783382
         "John or Mary is a doctor and a teacher" : 0.018023052461856044
         "John or Mary is a doctor or a teacher" : 0.01802286867415877
         "John or Mary is not a doctor or a teacher" : 0.013351598252742439
         "John or Mary is not a doctor and a teacher" : 0.013351583687793597
         "John and Mary are not doctors or teachers" : 0.013351564697665167
         "John and Mary are not doctors and teachers" : 0.013351476120342674,
    KLDivergence: 0.42612677716689906 },
  { query: [ 'Who is not a doctor and a teacher', [Object] ],
    trueResult: 
     Marginal:
         "John is a doctor and a teacher" : 0.5057429117707349
         "John is a doctor" : 0.11519045846271186
         "John is a teacher" : 0.11519045846271186
         "John or Mary is a doctor and a teacher" : 0.051789172217255514
         "Mary is not a teacher" : 0.02528450088232814
         "Mary is not a doctor" : 0.02528450088232814
         "John and Mary are teachers" : 0.018731218954471676
         "John and Mary are doctors" : 0.018731218954471676
         "John or Mary is a teacher" : 0.018731218954471645
         "John is a doctor or a teacher" : 0.018731218954471645
         "John or Mary is a doctor" : 0.018731218954471645
         "Mary is not a doctor or a teacher" : 0.013876428297051366
         "Mary is not a doctor and a teacher" : 0.013876428297051366
         "John and Mary are doctors or teachers" : 0.007219910001734958
         "Mary is a doctor or a teacher" : 0.00554999080132493
         "John or Mary is a doctor or a teacher" : 0.005263314391264789
         "Mary is a doctor" : 0.004266313276396742
         "Mary is a teacher" : 0.004266313276396742
         "John or Mary is not a doctor" : 0.004111534310237441
         "John or Mary is not a teacher" : 0.004111534310237441
         "John or Mary is not a doctor and a teacher" : 0.003899159202225257
         "John or Mary is not a doctor or a teacher" : 0.0014209763856506024,
    learnedResult: 
     Marginal:
         "John is a teacher" : 0.05990371369176976
         "John is a doctor" : 0.05989789303743324
         "Mary is a doctor" : 0.05985784956425355
         "Mary is a teacher" : 0.059857458794495326
         "Mary is not a teacher" : 0.044348257004896266
         "Mary is not a doctor" : 0.04434822078816871
         "John is not a doctor" : 0.044344510479808995
         "John is not a teacher" : 0.04434397131029156
         "John is a doctor and a teacher" : 0.03285899671609114
         "John and Mary are teachers" : 0.03285588697706426
         "John and Mary are doctors" : 0.032855526041174254
         "John is a doctor or a teacher" : 0.03285483645549949
         "John or Mary is a teacher" : 0.03285401927506279
         "John or Mary is a doctor" : 0.03285395148713941
         "Mary is a doctor or a teacher" : 0.032853426275601616
         "Mary is a doctor and a teacher" : 0.03285269356532987
         "Mary is not a doctor and a teacher" : 0.024338609903590477
         "Mary is not a doctor or a teacher" : 0.02433856509224322
         "John or Mary is not a doctor" : 0.024338522034361012
         "John or Mary is not a teacher" : 0.024338516777018582
         "John is not a doctor or a teacher" : 0.024338436993172737
         "John and Mary are not doctors" : 0.024338391954913084
         "John and Mary are not teachers" : 0.02433836248992858
         "John is not a doctor and a teacher" : 0.024338183734440057
         "John and Mary are doctors and teachers" : 0.018030668019280358
         "John and Mary are doctors or teachers" : 0.01803051132838848
         "John or Mary is a doctor and a teacher" : 0.018030479451138365
         "John or Mary is a doctor or a teacher" : 0.01803045279756699
         "John or Mary is not a doctor or a teacher" : 0.01335727792293947
         "John or Mary is not a doctor and a teacher" : 0.013357275813437977
         "John and Mary are not doctors or teachers" : 0.013357273344099778
         "John and Mary are not doctors and teachers" : 0.013357260879400335,
    KLDivergence: 1.4231548452314902 },
  { query: [ 'Who is not a doctor or a teacher', [Object] ],
    trueResult: 
     Marginal:
         "John and Mary are doctors" : 0.1056107851909732
         "John and Mary are teachers" : 0.1056107851909732
         "John is a doctor" : 0.08118368320238828
         "John is a teacher" : 0.08118368320238828
         "Mary is a teacher" : 0.08118368320238828
         "Mary is a doctor" : 0.08118368320238828
         "John and Mary are doctors or teachers" : 0.05796042780983282
         "John and Mary are doctors and teachers" : 0.05796042780983277
         "Mary is a doctor and a teacher" : 0.044554550002441795
         "John is a doctor and a teacher" : 0.044554550002441795
         "Mary is a doctor or a teacher" : 0.04455455000244175
         "John is a doctor or a teacher" : 0.04455455000244175
         "John or Mary is a teacher" : 0.03129208450102909
         "John or Mary is a doctor" : 0.03129208450102909
         "John or Mary is a doctor and a teacher" : 0.021122604886965272
         "John or Mary is a doctor or a teacher" : 0.012519452406923889
         "John is not a doctor and a teacher" : 0.009779799246246973
         "Mary is not a doctor and a teacher" : 0.009779799246246973
         "John is not a teacher" : 0.007517793967297686
         "Mary is not a teacher" : 0.007517793967297686
         "Mary is not a doctor" : 0.007517793967297686
         "John is not a doctor" : 0.007517793967297686
         "John or Mary is not a doctor and a teacher" : 0.00651387501985663
         "John or Mary is not a doctor" : 0.00565960604528182
         "John or Mary is not a teacher" : 0.00565960604528182
         "John and Mary are not doctors and teachers" : 0.0037696035994540657
         "John and Mary are not doctors" : 0.0012224749057808738
         "John and Mary are not teachers" : 0.0012224749057808738,
    learnedResult: 
     Marginal:
         "John is a teacher" : 0.059870750743693045
         "John is a doctor" : 0.059869499488282386
         "Mary is a doctor" : 0.059866439805354756
         "Mary is a teacher" : 0.059866192418938834
         "Mary is not a teacher" : 0.04435058223990304
         "Mary is not a doctor" : 0.04435055931342002
         "John is not a doctor" : 0.04435027576383568
         "John is not a teacher" : 0.04435015980954272
         "John is a doctor and a teacher" : 0.032856129069049854
         "John and Mary are teachers" : 0.032855868097536635
         "John and Mary are doctors" : 0.03285580316715365
         "John is a doctor or a teacher" : 0.0328557756299406
         "John or Mary is a teacher" : 0.032855703860061175
         "John or Mary is a doctor" : 0.03285569243282253
         "Mary is a doctor or a teacher" : 0.032855648103141746
         "Mary is a doctor and a teacher" : 0.03285556937684991
         "Mary is not a doctor and a teacher" : 0.02434008466721003
         "Mary is not a doctor or a teacher" : 0.024340079868610885
         "John or Mary is not a doctor" : 0.024340076160123507
         "John or Mary is not a teacher" : 0.02434007527225141
         "John is not a doctor or a teacher" : 0.024340068282848345
         "John and Mary are not doctors" : 0.024340067009901163
         "John and Mary are not teachers" : 0.024340061700797947
         "John is not a doctor and a teacher" : 0.02434004681210926
         "John and Mary are doctors and teachers" : 0.018031591401998615
         "John and Mary are doctors or teachers" : 0.018031579024594728
         "John or Mary is a doctor and a teacher" : 0.018031576295734503
         "John or Mary is a doctor or a teacher" : 0.018031574249104978
         "John or Mary is not a doctor or a teacher" : 0.013358117957794227
         "John or Mary is not a doctor and a teacher" : 0.013358117795597025
         "John and Mary are not doctors or teachers" : 0.013358117584097821
         "John and Mary are not doctors and teachers" : 0.013358116597698935,
    KLDivergence: 0.42641258363031975 },
  { query: [ 'What is John', [Object] ],
    trueResult: 
     Marginal:
         "John is a doctor" : 0.23702792248662735
         "John is not a teacher" : 0.17559460378842734
         "John and Mary are doctors" : 0.130083681939854
         "John and Mary are not teachers" : 0.09636836179440914
         "John or Mary is a doctor" : 0.03854331316736411
         "John is a doctor or a teacher" : 0.03854331316736411
         "Mary is a teacher" : 0.029628490310828412
         "Mary is a doctor" : 0.029628490310828412
         "John is not a doctor and a teacher" : 0.02855358867982489
         "John or Mary is not a teacher" : 0.02855358867982489
         "Mary is not a doctor" : 0.02194932547355341
         "Mary is not a teacher" : 0.02194932547355341
         "John and Mary are doctors or teachers" : 0.021153018759865538
         "Mary is a doctor and a teacher" : 0.01626046024248175
         "Mary is a doctor or a teacher" : 0.016260460242481723
         "John and Mary are not doctors and teachers" : 0.0156705417197306
         "Mary is not a doctor or a teacher" : 0.012046045224301137
         "Mary is not a doctor and a teacher" : 0.012046045224301137
         "John or Mary is a doctor or a teacher" : 0.010830345605051172
         "John or Mary is not a doctor and a teacher" : 0.008023317360502066
         "John or Mary is a teacher" : 0.004817914145920514
         "John or Mary is not a doctor" : 0.0035691985849781176
         "John or Mary is a doctor and a teacher" : 0.0016651064329923299
         "John or Mary is not a doctor or a teacher" : 0.0012335411849350591,
    learnedResult: 
     Marginal:
         "John is a doctor" : 0.35149872077675187
         "John is not a teacher" : 0.046356988362089346
         "Mary is a teacher" : 0.04393734009709397
         "Mary is a doctor" : 0.04393734009709397
         "John and Mary are doctors" : 0.03410819908083512
         "Mary is not a doctor" : 0.03254958211221662
         "Mary is not a teacher" : 0.03254958211221662
         "John or Mary is a doctor" : 0.025860379483628217
         "Mary is a doctor and a teacher" : 0.024113323504305825
         "Mary is a doctor or a teacher" : 0.024113323504305825
         "John is a doctor or a teacher" : 0.023291613075196737
         "John or Mary is a teacher" : 0.022446778676846968
         "John is a doctor and a teacher" : 0.022044937541848924
         "John is not a doctor" : 0.02179843261932327
         "John and Mary are not teachers" : 0.018596611218173385
         "John is not a doctor and a teacher" : 0.01800351043456835
         "John or Mary is not a teacher" : 0.01799617721111411
         "John is not a doctor or a teacher" : 0.01793868342477956
         "Mary is not a doctor or a teacher" : 0.017863589413182467
         "Mary is not a doctor and a teacher" : 0.017863589413182467
         "John or Mary is not a doctor" : 0.017731654451629685
         "John and Mary are not doctors" : 0.017150087544015594
         "John and Mary are teachers" : 0.016290854532916055
         "John or Mary is a doctor or a teacher" : 0.01322313710933397
         "John or Mary is a doctor and a teacher" : 0.013213038631016055
         "John and Mary are doctors or teachers" : 0.01317604999062245
         "John and Mary are doctors and teachers" : 0.013116234044702423
         "John and Mary are not doctors and teachers" : 0.009812206355319788
         "John and Mary are not doctors or teachers" : 0.00980817951333096
         "John or Mary is not a doctor and a teacher" : 0.009805299035576157
         "John or Mary is not a doctor or a teacher" : 0.00980455663278296,
    KLDivergence: 0.4657721918750928 },
  { query: [ 'What is John', [Object] ],
    trueResult: 
     Marginal:
         "John is a doctor and a teacher" : 0.37545849217947985
         "John and Mary are doctors and teachers" : 0.20605598937841657
         "John is a doctor" : 0.08551624717081296
         "John is a teacher" : 0.08551624717081296
         "John and Mary are teachers" : 0.046932311522435
         "John and Mary are doctors" : 0.046932311522435
         "John or Mary is a doctor and a teacher" : 0.03844776478197857
         "John or Mary is a teacher" : 0.013905870080721474
         "John is a doctor or a teacher" : 0.013905870080721474
         "John or Mary is a doctor" : 0.013905870080721474
         "Mary is a teacher" : 0.010689530896351615
         "Mary is a doctor" : 0.010689530896351615
         "Mary is not a doctor" : 0.007918999258557448
         "Mary is not a teacher" : 0.007918999258557448
         "John and Mary are doctors or teachers" : 0.007631703310311726
         "Mary is a doctor and a teacher" : 0.005866538940304378
         "Mary is a doctor or a teacher" : 0.0058665389403043675
         "Mary is not a doctor or a teacher" : 0.004346038939316297
         "Mary is not a doctor and a teacher" : 0.004346038939316297
         "John or Mary is a doctor or a teacher" : 0.003907432094879606
         "John or Mary is not a doctor" : 0.0012877152412789025
         "John or Mary is not a teacher" : 0.0012877152412789025
         "John or Mary is not a doctor and a teacher" : 0.0012212002512970355
         "John or Mary is not a doctor or a teacher" : 0.00044504382335897773,
    learnedResult: 
     Marginal:
         "John is a doctor" : 0.2548115070410594
         "John is a teacher" : 0.2548115070410594
         "John is a doctor and a teacher" : 0.036190735019418156
         "Mary is a teacher" : 0.031851438380132414
         "Mary is a doctor" : 0.031851438380132414
         "John and Mary are teachers" : 0.02472601206353786
         "John and Mary are doctors" : 0.02472601206353782
         "Mary is not a teacher" : 0.023596125906923057
         "Mary is not a doctor" : 0.023596125906923057
         "John is a doctor or a teacher" : 0.020741219810834162
         "John or Mary is a teacher" : 0.01874693101105826
         "John or Mary is a doctor" : 0.01874693101105826
         "Mary is a doctor or a teacher" : 0.017480440009348557
         "Mary is a doctor and a teacher" : 0.017480440009348557
         "John is not a doctor" : 0.015802309193581922
         "John is not a teacher" : 0.015802309193581922
         "Mary is not a doctor or a teacher" : 0.012949828464459101
         "Mary is not a doctor and a teacher" : 0.012949828464459101
         "John or Mary is not a teacher" : 0.01285418502567113
         "John or Mary is not a doctor" : 0.012854185025671108
         "John is not a doctor or a teacher" : 0.012672694248043402
         "John and Mary are not teachers" : 0.012432590489432477
         "John and Mary are not doctors" : 0.012432590489432455
         "John is not a doctor and a teacher" : 0.01200358692261818
         "John and Mary are doctors and teachers" : 0.010377024122782654
         "John and Mary are doctors or teachers" : 0.009807654321687582
         "John or Mary is a doctor and a teacher" : 0.009732965620538948
         "John or Mary is a doctor or a teacher" : 0.009632516153248354
         "John or Mary is not a doctor or a teacher" : 0.007103998426886178
         "John or Mary is not a doctor and a teacher" : 0.007096219155581702
         "John and Mary are not doctors or teachers" : 0.0070905176484289375
         "John and Mary are not doctors and teachers" : 0.007048133379522211,
    KLDivergence: 1.3288222130116512 },
  { query: [ 'What isn\'t John', [Object] ],
    trueResult: 
     Marginal:
         "John is a doctor and a teacher" : 0.37545849217947985
         "John and Mary are doctors and teachers" : 0.20605598937841657
         "John is a doctor" : 0.08551624717081296
         "John is a teacher" : 0.08551624717081296
         "John and Mary are teachers" : 0.046932311522435
         "John and Mary are doctors" : 0.046932311522435
         "John or Mary is a doctor and a teacher" : 0.03844776478197857
         "John or Mary is a teacher" : 0.013905870080721474
         "John is a doctor or a teacher" : 0.013905870080721474
         "John or Mary is a doctor" : 0.013905870080721474
         "Mary is a teacher" : 0.010689530896351615
         "Mary is a doctor" : 0.010689530896351615
         "Mary is not a doctor" : 0.007918999258557448
         "Mary is not a teacher" : 0.007918999258557448
         "John and Mary are doctors or teachers" : 0.007631703310311726
         "Mary is a doctor and a teacher" : 0.005866538940304378
         "Mary is a doctor or a teacher" : 0.0058665389403043675
         "Mary is not a doctor or a teacher" : 0.004346038939316297
         "Mary is not a doctor and a teacher" : 0.004346038939316297
         "John or Mary is a doctor or a teacher" : 0.003907432094879606
         "John or Mary is not a doctor" : 0.0012877152412789025
         "John or Mary is not a teacher" : 0.0012877152412789025
         "John or Mary is not a doctor and a teacher" : 0.0012212002512970355
         "John or Mary is not a doctor or a teacher" : 0.00044504382335897773,
    learnedResult: 
     Marginal:
         "John is a doctor" : 0.06154840314149657
         "John is a teacher" : 0.06154840314149657
         "Mary is a doctor" : 0.059620666067366525
         "Mary is a teacher" : 0.059620666067366525
         "Mary is not a teacher" : 0.04416807575188527
         "Mary is not a doctor" : 0.04416807575188527
         "John is not a teacher" : 0.043991551807872384
         "John is not a doctor" : 0.04399155180787233
         "John is a doctor and a teacher" : 0.0329978098428611
         "John and Mary are teachers" : 0.032848949857271235
         "John and Mary are doctors" : 0.03284894985727121
         "John is a doctor or a teacher" : 0.03278203260071078
         "John or Mary is a teacher" : 0.03274521439748173
         "John or Mary is a doctor" : 0.03274521439748173
         "Mary is a doctor or a teacher" : 0.03272051528944702
         "Mary is a doctor and a teacher" : 0.03272051528944699
         "Mary is not a doctor and a teacher" : 0.024239953916517072
         "Mary is not a doctor or a teacher" : 0.024239953916517062
         "John or Mary is not a teacher" : 0.02423804014283683
         "John or Mary is not a doctor" : 0.02423804014283682
         "John is not a doctor or a teacher" : 0.02423436913053183
         "John and Mary are not teachers" : 0.02422949042741579
         "John and Mary are not doctors" : 0.024229490427415724
         "John is not a doctor and a teacher" : 0.024221257843798173
         "John and Mary are doctors and teachers" : 0.017971984796235928
         "John and Mary are doctors or teachers" : 0.017961643512367738
         "John or Mary is a doctor and a teacher" : 0.017960064556605447
         "John or Mary is a doctor or a teacher" : 0.017958178663423262
         "John or Mary is not a doctor or a teacher" : 0.013303108368863704
         "John or Mary is not a doctor and a teacher" : 0.0133029605468328
         "John and Mary are not doctors or teachers" : 0.013302838339917434
         "John and Mary are not doctors and teachers" : 0.013302030198671088,
    KLDivergence: 1.3753525151138113 },
  { query: [ 'What isn\'t John', [Object] ],
    trueResult: 
     Marginal:
         "John is a doctor and a teacher" : 0.37545849217947985
         "John and Mary are doctors and teachers" : 0.20605598937841657
         "John is a doctor" : 0.08551624717081296
         "John is a teacher" : 0.08551624717081296
         "John and Mary are teachers" : 0.046932311522435
         "John and Mary are doctors" : 0.046932311522435
         "John or Mary is a doctor and a teacher" : 0.03844776478197857
         "John or Mary is a teacher" : 0.013905870080721474
         "John is a doctor or a teacher" : 0.013905870080721474
         "John or Mary is a doctor" : 0.013905870080721474
         "Mary is a teacher" : 0.010689530896351615
         "Mary is a doctor" : 0.010689530896351615
         "Mary is not a doctor" : 0.007918999258557448
         "Mary is not a teacher" : 0.007918999258557448
         "John and Mary are doctors or teachers" : 0.007631703310311726
         "Mary is a doctor and a teacher" : 0.005866538940304378
         "Mary is a doctor or a teacher" : 0.0058665389403043675
         "Mary is not a doctor or a teacher" : 0.004346038939316297
         "Mary is not a doctor and a teacher" : 0.004346038939316297
         "John or Mary is a doctor or a teacher" : 0.003907432094879606
         "John or Mary is not a doctor" : 0.0012877152412789025
         "John or Mary is not a teacher" : 0.0012877152412789025
         "John or Mary is not a doctor and a teacher" : 0.0012212002512970355
         "John or Mary is not a doctor or a teacher" : 0.00044504382335897773,
    learnedResult: 
     Marginal:
         "John is a doctor" : 0.06154840314149657
         "John is a teacher" : 0.06154840314149657
         "Mary is a doctor" : 0.059620666067366525
         "Mary is a teacher" : 0.059620666067366525
         "Mary is not a teacher" : 0.04416807575188527
         "Mary is not a doctor" : 0.04416807575188527
         "John is not a teacher" : 0.043991551807872384
         "John is not a doctor" : 0.04399155180787233
         "John is a doctor and a teacher" : 0.0329978098428611
         "John and Mary are teachers" : 0.032848949857271235
         "John and Mary are doctors" : 0.03284894985727121
         "John is a doctor or a teacher" : 0.03278203260071078
         "John or Mary is a teacher" : 0.03274521439748173
         "John or Mary is a doctor" : 0.03274521439748173
         "Mary is a doctor or a teacher" : 0.03272051528944702
         "Mary is a doctor and a teacher" : 0.03272051528944699
         "Mary is not a doctor and a teacher" : 0.024239953916517072
         "Mary is not a doctor or a teacher" : 0.024239953916517062
         "John or Mary is not a teacher" : 0.02423804014283683
         "John or Mary is not a doctor" : 0.02423804014283682
         "John is not a doctor or a teacher" : 0.02423436913053183
         "John and Mary are not teachers" : 0.02422949042741579
         "John and Mary are not doctors" : 0.024229490427415724
         "John is not a doctor and a teacher" : 0.024221257843798173
         "John and Mary are doctors and teachers" : 0.017971984796235928
         "John and Mary are doctors or teachers" : 0.017961643512367738
         "John or Mary is a doctor and a teacher" : 0.017960064556605447
         "John or Mary is a doctor or a teacher" : 0.017958178663423262
         "John or Mary is not a doctor or a teacher" : 0.013303108368863704
         "John or Mary is not a doctor and a teacher" : 0.0133029605468328
         "John and Mary are not doctors or teachers" : 0.013302838339917434
         "John and Mary are not doctors and teachers" : 0.013302030198671088,
    KLDivergence: 1.3753525151138113 } ]
