L2 norm of gradient: 100.6750705862196
Iteration 0: -14319.237974188896
L2 norm of gradient: 13.285402717572932
Iteration 1: -15000.552811109137
L2 norm of gradient: 0.08553458177843898
Iteration 2: -14144.00062034373
L2 norm of gradient: 1.0169745417063276
Iteration 3: -14143.975203242519
L2 norm of gradient: 11.635796076284088
Iteration 4: -13244.665789080285
L2 norm of gradient: 71.26755892290001
Iteration 5: -14699.805945092874
L2 norm of gradient: 16.84330147634089
Iteration 6: -14697.42673919538
L2 norm of gradient: 0.0208314149114203
Iteration 7: -13990.401619097189
L2 norm of gradient: 101.51554067399016
Iteration 8: -14149.917269036392
L2 norm of gradient: 121.74102141656937
Iteration 9: -15325.599085844431
L2 norm of gradient: 0.03024499760652146
Iteration 10: -13990.402159107809
L2 norm of gradient: 6.842097889253497
Iteration 11: -13172.190983129945
L2 norm of gradient: 196.72086541458236
Iteration 12: -14479.803169953939
L2 norm of gradient: 57.6299327900729
Iteration 13: -13547.122078984154
L2 norm of gradient: 8.535458825273484
Iteration 14: -13176.022175556096
L2 norm of gradient: 28.386800576944754
Iteration 15: -14475.364493369263
L2 norm of gradient: 106.75954655208011
Iteration 16: -13637.043685422526
L2 norm of gradient: 16.62128750224078
Iteration 17: -12711.071754946806
L2 norm of gradient: 14.210624125037672
Iteration 18: -13464.845222334076
L2 norm of gradient: 6.983209253328315
Iteration 19: -13841.0323634841
L2 norm of gradient: 33.281406349478175
Iteration 20: -14943.394349831724
L2 norm of gradient: 57.07287581401352
Iteration 21: -12629.264957208614
L2 norm of gradient: 100.43080642931099
Iteration 22: -14544.310001587464
L2 norm of gradient: 12.523480902046431
Iteration 23: -13171.483920569583
L2 norm of gradient: 38.50179929083984
Iteration 24: -15093.128332076942
L2 norm of gradient: 12.509395899662644
Iteration 25: -13464.302365396232
L2 norm of gradient: 0.05706523900453098
Iteration 26: -14297.60113663863
L2 norm of gradient: 56.82787483440811
Iteration 27: -13997.299818042764
L2 norm of gradient: 95.92418011005066
Iteration 28: -13393.743429248523
L2 norm of gradient: 51.09333307249577
Iteration 29: -15092.498128733754
L2 norm of gradient: 5.971199573915625
Iteration 30: -13391.034087243714
L2 norm of gradient: 0.016727993413326443
Iteration 31: -14758.401843910937
L2 norm of gradient: 0.07375316606385562
Iteration 32: -13086.39318857285
L2 norm of gradient: 14.283610312514659
Iteration 33: -13631.759895874673
L2 norm of gradient: 93.53518890365811
Iteration 34: -14608.143162466227
L2 norm of gradient: 52.82034538734653
Iteration 35: -12886.083361443405
L2 norm of gradient: 3.819702431443107
Iteration 36: -15222.606174810786
L2 norm of gradient: 217.60107961775321
Iteration 37: -14776.171048589007
L2 norm of gradient: 148.24440558972606
Iteration 38: -13487.40420957714
L2 norm of gradient: 27.921646123545667
Iteration 39: -13553.145441259405
L2 norm of gradient: 126.72917410129207
Iteration 40: -13627.19344976954
L2 norm of gradient: 57.38108724018475
Iteration 41: -15071.796232786655
L2 norm of gradient: 46.52274336459727
Iteration 42: -14456.828235886262
L2 norm of gradient: 16.50124191521803
Iteration 43: -13632.284504898329
L2 norm of gradient: 127.50828445792598
Iteration 44: -14761.875475495228
L2 norm of gradient: 79.27504865683842
Iteration 45: -14915.024193737881
L2 norm of gradient: 93.34039960510883
Iteration 46: -14304.062976593681
L2 norm of gradient: 114.93617853366392
Iteration 47: -14321.53413604529
L2 norm of gradient: 3.7594410477651277
Iteration 48: -12929.142398460464
L2 norm of gradient: 7.992682044536463
Iteration 49: -12561.387789947083
L2 norm of gradient: 61.7251508767097
Iteration 50: -15229.24411122166
L2 norm of gradient: 0.20738349041413923
Iteration 51: -13683.201089082828
L2 norm of gradient: 7.6421864914605795
Iteration 52: -14008.245907377446
L2 norm of gradient: 54.17849901316361
Iteration 53: -12108.34709500508
L2 norm of gradient: 14.495529860957719
Iteration 54: -14693.278908934732
L2 norm of gradient: 0.17707760279678417
Iteration 55: -13700.791647963159
L2 norm of gradient: 8.31716767559097
Iteration 56: -12176.51526040453
L2 norm of gradient: 55.01835845005085
Iteration 57: -13769.457574175272
L2 norm of gradient: 84.3774452398339
Iteration 58: -13991.487202472414
L2 norm of gradient: 93.41875840700683
Iteration 59: -14083.13906240511
L2 norm of gradient: 53.04541482749825
Iteration 60: -13721.466285564798
L2 norm of gradient: 13.317713115969626
Iteration 61: -14385.640001201711
L2 norm of gradient: 6.023825896607432
Iteration 62: -15070.207018837034
L2 norm of gradient: 13.33954512021841
Iteration 63: -14078.429518257446
L2 norm of gradient: 61.715503640269034
Iteration 64: -13688.073811286915
L2 norm of gradient: 13.693647021246123
Iteration 65: -13463.999398014874
L2 norm of gradient: 105.97779588850875
Iteration 66: -15312.069569127336
L2 norm of gradient: 0.18522720165421397
Iteration 67: -14911.999309171082
L2 norm of gradient: 6.24876628915881
Iteration 68: -13998.409142596558
L2 norm of gradient: 3.739131626859874
Iteration 69: -14454.594761962164
L2 norm of gradient: 46.51378451873511
Iteration 70: -14606.68730306669
L2 norm of gradient: 112.92350256955469
Iteration 71: -12490.707430695318
L2 norm of gradient: 0.033813441182332066
Iteration 72: -14451.201086771525
L2 norm of gradient: 3.9040582188229256
Iteration 73: -12929.416664604858
L2 norm of gradient: 60.01636878345512
Iteration 74: -15158.831064687287
L2 norm of gradient: 7.996566933431368
Iteration 75: -12421.759607577202
L2 norm of gradient: 59.0013603191473
Iteration 76: -12557.568184720421
L2 norm of gradient: 56.49187685259146
Iteration 77: -14102.75872265174
L2 norm of gradient: 64.61362888593953
Iteration 78: -15073.589351944269
L2 norm of gradient: 62.356047547165495
Iteration 79: -13018.807417898692
L2 norm of gradient: 0.2514925113148793
Iteration 80: -14451.19530966302
L2 norm of gradient: 120.05886522270809
Iteration 81: -15312.973706715375
L2 norm of gradient: 61.089614908609455
Iteration 82: -14846.861188100454
L2 norm of gradient: 144.61020476773217
Iteration 83: -14760.90340810204
L2 norm of gradient: 7.2678460509665
Iteration 84: -13994.837012703914
L2 norm of gradient: 0.25517383843935115
Iteration 85: -14604.795658070256
L2 norm of gradient: 6.808701822747307
Iteration 86: -12336.963038639293
L2 norm of gradient: 0.04508396674001784
Iteration 87: -13683.20317338573
L2 norm of gradient: 4.316648150264176
Iteration 88: -14608.511723460571
L2 norm of gradient: 8.44549695219069
Iteration 89: -16233.32229247667
L2 norm of gradient: 70.44675558392964
Iteration 90: -14757.997887864509
L2 norm of gradient: 64.84884785158276
Iteration 91: -13771.071246242416
L2 norm of gradient: 0.13728821509762135
Iteration 92: -13683.19781195992
L2 norm of gradient: 47.953668477778784
Iteration 93: -15220.975896877868
L2 norm of gradient: 14.292113562184353
Iteration 94: -14696.311196210896
L2 norm of gradient: 67.30189508725049
Iteration 95: -12551.907650237856
L2 norm of gradient: 14.45802652362554
Iteration 96: -11956.107901366113
L2 norm of gradient: 150.4270538742369
Iteration 97: -13852.106664192075
L2 norm of gradient: 149.14404726104507
Iteration 98: -14449.015130615593
L2 norm of gradient: 120.90842546936038
Iteration 99: -15372.962552099043
L2 norm of gradient: 0.9915266181970805
Iteration 100: -12915.171103043913
L2 norm of gradient: 3.992553098650915
Iteration 101: -14300.958072968353
L2 norm of gradient: 117.08147243964439
Iteration 102: -14912.965962999586
L2 norm of gradient: 0.6244768307239091
Iteration 103: -13990.388078486842
L2 norm of gradient: 78.61334767565403
Iteration 104: -14756.942287212174
L2 norm of gradient: 129.90014826874415
Iteration 105: -15154.003617603234
L2 norm of gradient: 0.9051904764056434
Iteration 106: -13239.956571399818
L2 norm of gradient: 80.80618123078571
Iteration 107: -14913.926871832793
L2 norm of gradient: 176.57526114979916
Iteration 108: -15217.688715894667
L2 norm of gradient: 0.4842477118133777
Iteration 109: -15065.58348233586
L2 norm of gradient: 133.59637411166204
Iteration 110: -13694.948214933107
L2 norm of gradient: 4.319213483940589
Iteration 111: -14762.110198210257
L2 norm of gradient: 4.099390035424344
Iteration 112: -15836.941403062514
L2 norm of gradient: 16.20720864366677
Iteration 113: -12095.47794135051
L2 norm of gradient: 9.20349002539133
Iteration 114: -14459.630473585126
L2 norm of gradient: 140.13140728386617
Iteration 115: -13693.601068484608
L2 norm of gradient: 17.359654128112936
Iteration 116: -14231.613939293195
L2 norm of gradient: 145.7297951496485
Iteration 117: -12320.793115455235
L2 norm of gradient: 251.24560756702715
Iteration 118: -15205.976001003102
L2 norm of gradient: 78.54257156820938
Iteration 119: -13917.812587263412
L2 norm of gradient: 82.4002531232724
Iteration 120: -14540.585161374082
L2 norm of gradient: 8.285899791129594
Iteration 121: -13085.948799985928
L2 norm of gradient: 4.1188826191315195
Iteration 122: -13840.103809861206
L2 norm of gradient: 8.066059496149872
Iteration 123: -12932.367927080657
L2 norm of gradient: 4.27431033015953
Iteration 124: -12929.495354569113
L2 norm of gradient: 301.0084587165451
Iteration 125: -15049.079631690975
L2 norm of gradient: 0.2762888915369911
Iteration 126: -15219.20959931205
L2 norm of gradient: 90.23946231379391
Iteration 127: -12618.336365134517
L2 norm of gradient: 130.47334415621688
Iteration 128: -13849.530924592755
L2 norm of gradient: 4.135747538766369
Iteration 129: -14608.103650048604
L2 norm of gradient: 0.09064047171514675
Iteration 130: -14144.005880862349
L2 norm of gradient: 105.3719076795504
Iteration 131: -13688.77033495617
L2 norm of gradient: 124.24928116787251
Iteration 132: -15926.178085027463
L2 norm of gradient: 85.47873857077661
Iteration 133: -12090.61277966718
L2 norm of gradient: 4.327402951150606
Iteration 134: -14454.983135395963
L2 norm of gradient: 119.65680596686931
Iteration 135: -13078.829869592048
L2 norm of gradient: 94.66986243573838
Iteration 136: -13835.693324616594
L2 norm of gradient: 4.066011452808231
Iteration 137: -13850.643648306826
L2 norm of gradient: 187.99399129935264
Iteration 138: -14987.747275816648
L2 norm of gradient: 10.243509225554902
Iteration 139: -13332.53909542475
L2 norm of gradient: 18.651487051541455
Iteration 140: -14542.051457012976
L2 norm of gradient: 20.030324551616182
Iteration 141: -14691.932795730216
L2 norm of gradient: 199.54875953698692
Iteration 142: -14276.69550372786
L2 norm of gradient: 0.04322244824396796
Iteration 143: -14297.60185309621
L2 norm of gradient: 175.24546782732327
Iteration 144: -14127.425845111888
L2 norm of gradient: 102.49938658519117
Iteration 145: -15227.371204948176
L2 norm of gradient: 92.75863375329789
Iteration 146: -12243.818786639371
L2 norm of gradient: 207.80674127972196
Iteration 147: -14274.04015082571
L2 norm of gradient: 96.5709801428183
Iteration 148: -14075.967841075724
L2 norm of gradient: 83.48393896199714
Iteration 149: -13064.132349227715
L2 norm of gradient: 4.729088343109348
Iteration 150: -13533.42381904897
L2 norm of gradient: 190.37733496493595
Iteration 151: -13700.071784008094
L2 norm of gradient: 1.9761208786663444
Iteration 152: -13529.489737132146
L2 norm of gradient: 1.3702967138858604
Iteration 153: -13990.29684523292
L2 norm of gradient: 220.18842236306978
Iteration 154: -14451.38105986609
L2 norm of gradient: 12.782176974408806
Iteration 155: -14850.74368067977
L2 norm of gradient: 138.33689713337358
Iteration 156: -13329.1927482463
L2 norm of gradient: 190.698954215994
Iteration 157: -14279.428196791428
L2 norm of gradient: 105.20633702354077
Iteration 158: -14001.327629025647
L2 norm of gradient: 222.85060169608323
Iteration 159: -13960.14355554309
L2 norm of gradient: 111.5389337399598
Iteration 160: -12921.307012598994
L2 norm of gradient: 11.324590471931675
Iteration 161: -13785.998050683016
L2 norm of gradient: 149.745548531108
Iteration 162: -14299.00965574717
L2 norm of gradient: 11.850054723437793
Iteration 163: -12623.71006508804
L2 norm of gradient: 115.40816273546145
Iteration 164: -13366.257049335945
L2 norm of gradient: 8.902621859672754
Iteration 165: -13995.19636093517
L2 norm of gradient: 22.577048723812673
Iteration 166: -14538.365701953026
L2 norm of gradient: 201.95165907455655
Iteration 167: -13811.0295795354
L2 norm of gradient: 201.8310928314325
Iteration 168: -14428.691010612538
L2 norm of gradient: 4.525254733735338
Iteration 169: -14147.787394804393
L2 norm of gradient: 122.46821404695184
Iteration 170: -13826.080741903002
L2 norm of gradient: 112.6954682028326
Iteration 171: -14065.892284750675
L2 norm of gradient: 206.67553075900113
Iteration 172: -16116.504925620658
L2 norm of gradient: 46.0767396344285
Iteration 173: -13703.448997203182
L2 norm of gradient: 260.03445389403055
Iteration 174: -13882.0449205137
L2 norm of gradient: 20.41121886336953
Iteration 175: -15156.60361599184
L2 norm of gradient: 11.570441684283107
Iteration 176: -13555.330798119674
L2 norm of gradient: 107.91312613737685
Iteration 177: -12625.545571769217
L2 norm of gradient: 245.3269510358663
Iteration 178: -13537.161765601519
L2 norm of gradient: 5.080575826724983
Iteration 179: -13543.396651207213
L2 norm of gradient: 138.37597590862111
Iteration 180: -14903.586461954508
L2 norm of gradient: 21.060002449669547
Iteration 181: -14854.175852758739
L2 norm of gradient: 3.9859956362471443
Iteration 182: -14297.279055178029
L2 norm of gradient: 229.96259631081733
Iteration 183: -14262.759979984065
L2 norm of gradient: 26.367829667826996
Iteration 184: -12400.81387641441
L2 norm of gradient: 265.4890333885996
Iteration 185: -14708.580959832652
L2 norm of gradient: 5.5004732662027775
Iteration 186: -13989.972980029204
L2 norm of gradient: 253.90389954594121
Iteration 187: -12670.666985595917
L2 norm of gradient: 190.58031476210334
Iteration 188: -13912.829028293783
L2 norm of gradient: 124.0357029607542
Iteration 189: -12843.221676726964
L2 norm of gradient: 138.45289068421906
Iteration 190: -11991.381470402692
L2 norm of gradient: 250.7122360627441
Iteration 191: -16195.79988327761
L2 norm of gradient: 26.340486211425915
Iteration 192: -13923.1596558945
L2 norm of gradient: 17.658892343020437
Iteration 193: -15310.475366629402
L2 norm of gradient: 16.071484154922533
Iteration 194: -14614.356477108797
L2 norm of gradient: 407.408848488765
Iteration 195: -14228.166217969087
L2 norm of gradient: 14.411805388170869
Iteration 196: -14146.199471071888
L2 norm of gradient: 461.5591821148708
Iteration 197: -15761.159957103459
L2 norm of gradient: 5.424017393649283
Iteration 198: -14450.661087145836
L2 norm of gradient: 26.894062083503822
Iteration 199: -14383.07138913421
L2 norm of gradient: 0.9033030840503885
Iteration 200: -13683.23807629449
L2 norm of gradient: 27.815856755633273
Iteration 201: -14230.592194745383
L2 norm of gradient: 25.0486538155703
Iteration 202: -13772.419729889036
L2 norm of gradient: 259.3208373440876
Iteration 203: -15328.221138622142
L2 norm of gradient: 146.9747648366135
Iteration 204: -14126.045404214185
L2 norm of gradient: 260.0804717394284
Iteration 205: -14247.200565444175
L2 norm of gradient: 144.40338589735455
Iteration 206: -13372.097556243409
L2 norm of gradient: 169.62222199147368
Iteration 207: -13824.496337556073
L2 norm of gradient: 5.638152414451944
Iteration 208: -13840.694793074977
L2 norm of gradient: 16.95399227912375
Iteration 209: -9886.29218832153
L2 norm of gradient: 140.19690991293214
Iteration 210: -14897.406532955623
L2 norm of gradient: 151.10078295909298
Iteration 211: -14124.128394603755
L2 norm of gradient: 27.51510904880056
Iteration 212: -13154.720395978404
L2 norm of gradient: 153.19918940139695
Iteration 213: -13662.135423281974
L2 norm of gradient: 236.5246018676625
Iteration 214: -11062.571516186712
L2 norm of gradient: 6.689040183277522
Iteration 215: -13993.289197251452
L2 norm of gradient: 6.413631173315961
Iteration 216: -13993.932938786493
L2 norm of gradient: 320.53709876429525
Iteration 217: -13155.513852290513
L2 norm of gradient: 194.26368337450512
Iteration 218: -15206.140054750807
L2 norm of gradient: 279.3573170343431
Iteration 219: -14698.1435758155
L2 norm of gradient: 134.73820503831973
Iteration 220: -14891.491866933007
L2 norm of gradient: 7.096837163070962
Iteration 221: -13235.631254364494
L2 norm of gradient: 163.63488277621863
Iteration 222: -13969.979386503763
L2 norm of gradient: 316.34744682891255
Iteration 223: -13104.455782205161
L2 norm of gradient: 182.42954585020527
Iteration 224: -14737.472496553932
L2 norm of gradient: 184.6403878020834
Iteration 225: -15346.921119935305
L2 norm of gradient: 287.33980326041944
Iteration 226: -13924.896852340149
L2 norm of gradient: 4.917817969867193
Iteration 227: -13990.12745085215
L2 norm of gradient: 9.870048070090164
Iteration 228: -11868.934148030125
L2 norm of gradient: 5.772133559145772
Iteration 229: -14605.478193318893
L2 norm of gradient: 203.72134546722208
Iteration 230: -14597.423205313498
L2 norm of gradient: 14.573839016107128
Iteration 231: -15071.057846132666
L2 norm of gradient: 12.512513238102251
Iteration 232: -14606.635546027923
L2 norm of gradient: 4.50391693042046
Iteration 233: -13082.674683188878
L2 norm of gradient: 6.234988991843664
Iteration 234: -14148.175694172316
L2 norm of gradient: 166.68315928197634
Iteration 235: -14814.595766264043
L2 norm of gradient: 298.57676364847777
Iteration 236: -14225.106001356826
L2 norm of gradient: 320.04901572457686
Iteration 237: -14464.745563492543
L2 norm of gradient: 438.77083205691054
Iteration 238: -14814.305823705998
L2 norm of gradient: 34.06729368822831
Iteration 239: -15923.014295174095
L2 norm of gradient: 289.42758985580036
Iteration 240: -13164.043194579895
L2 norm of gradient: 7.257647036458167
Iteration 241: -12454.036385689338
L2 norm of gradient: 216.80886269041
Iteration 242: -14718.36947031854
L2 norm of gradient: 11.893736241434128
Iteration 243: -14915.964173262935
L2 norm of gradient: 310.13829449841
Iteration 244: -13909.722791818473
L2 norm of gradient: 370.1586053116946
Iteration 245: -14233.63822894775
L2 norm of gradient: 34.59029260402472
Iteration 246: -12400.584151725732
L2 norm of gradient: 6.061506645401368
Iteration 247: -12775.225639577613
L2 norm of gradient: 370.483762879264
Iteration 248: -13873.99369629916
L2 norm of gradient: 14.361080128522097
Iteration 249: -13700.718205789999
L2 norm of gradient: 316.10921111232045
Iteration 250: -14073.559027481584
L2 norm of gradient: 118.53084341028283
Iteration 251: -12928.76365067049
L2 norm of gradient: 33.6453191840823
Iteration 252: -15004.535456556003
L2 norm of gradient: 393.71394848596196
Iteration 253: -14638.390992752335
L2 norm of gradient: 9.643920434619396
Iteration 254: -13531.707964001866
L2 norm of gradient: 67.12990921996811
Iteration 255: -13081.547270875484
L2 norm of gradient: 523.7210163572631
Iteration 256: -14618.219103950742
L2 norm of gradient: 175.95206186555225
Iteration 257: -13726.304021264228
L2 norm of gradient: 195.68058725752928
Iteration 258: -13046.938397493748
L2 norm of gradient: 12.924094972686818
Iteration 259: -12779.99908377895
L2 norm of gradient: 6.844112102955924
Iteration 260: -12622.550299971714
L2 norm of gradient: 16.82855921953394
Iteration 261: -13991.521205994162
L2 norm of gradient: 362.3393695651967
Iteration 262: -14745.816605439453
L2 norm of gradient: 11.073308277543955
Iteration 263: -12577.856813572193
L2 norm of gradient: 186.1843373538426
Iteration 264: -14734.991998601075
L2 norm of gradient: 401.67102204768395
Iteration 265: -15685.246219835497
L2 norm of gradient: 365.34687967030607
Iteration 266: -14741.761180773876
L2 norm of gradient: 183.5545840146291
Iteration 267: -14804.658260158107
L2 norm of gradient: 176.20868194304813
Iteration 268: -13360.75867429933
L2 norm of gradient: 10.201847636436893
Iteration 269: -14607.63518811268
L2 norm of gradient: 109.14443309567591
Iteration 270: -17012.223332565518
L2 norm of gradient: 678.4932879527092
Iteration 271: -13800.872477435067
L2 norm of gradient: 209.64545924604698
Iteration 272: -14560.020862792791
L2 norm of gradient: 425.7082744452689
Iteration 273: -14293.767360371468
L2 norm of gradient: 70.81322372737023
Iteration 274: -14005.157309002778
L2 norm of gradient: 4.310897376182985
Iteration 275: -14605.200022707122
L2 norm of gradient: 22.871985154046882
Iteration 276: -15220.988489263467
L2 norm of gradient: 218.80004302221522
Iteration 277: -14794.89318581655
L2 norm of gradient: 5.775114926413226
Iteration 278: -14311.404663898611
L2 norm of gradient: 6.734695126750539
Iteration 279: -12775.568990713611
L2 norm of gradient: 433.3764643146369
Iteration 280: -13437.978461189728
L2 norm of gradient: 392.39893161792924
Iteration 281: -14262.373424505895
L2 norm of gradient: 23.571115664626543
Iteration 282: -14755.14646593269
L2 norm of gradient: 384.8833406440848
Iteration 283: -14417.146301759647
L2 norm of gradient: 437.5687148214303
Iteration 284: -14668.013434868944
L2 norm of gradient: 363.7981054013378
Iteration 285: -12653.314754026156
L2 norm of gradient: 9.32801037911113
Iteration 286: -14452.916729443556
L2 norm of gradient: 119.8785178200004
Iteration 287: -14153.93603069321
L2 norm of gradient: 3.981732335632255
Iteration 288: -14450.478715870413
L2 norm of gradient: 11.709813918457861
Iteration 289: -14450.037434247713
L2 norm of gradient: 36.95840290187601
Iteration 290: -14227.221197669835
L2 norm of gradient: 735.4051415403901
Iteration 291: -14198.057021799474
L2 norm of gradient: 7.5834665882561225
Iteration 292: -14143.270100930575
L2 norm of gradient: 230.579537468735
Iteration 293: -14555.785823106295
L2 norm of gradient: 232.04190749437464
Iteration 294: -13319.723241913603
L2 norm of gradient: 16.35158281653421
Iteration 295: -15063.894273966436
L2 norm of gradient: 233.45446000739827
Iteration 296: -14393.754833143868
L2 norm of gradient: 220.85002614113276
Iteration 297: -14173.66992058069
L2 norm of gradient: 250.00071845186613
Iteration 298: -13313.18246210899
L2 norm of gradient: 212.6793860916832
Iteration 299: -14711.546915831665
L2 norm of gradient: 779.2304691593126
Iteration 300: -14184.627543428785
L2 norm of gradient: 13.809496897424618
Iteration 301: -14918.664926662881
L2 norm of gradient: 49.377022350662486
Iteration 302: -14838.702722997587
L2 norm of gradient: 86.61316531362687
Iteration 303: -13865.913640539326
L2 norm of gradient: 213.30494980222255
Iteration 304: -13182.989557413706
L2 norm of gradient: 268.60066758706864
Iteration 305: -13789.490977510784
L2 norm of gradient: 417.63324179921074
Iteration 306: -13178.316273471115
L2 norm of gradient: 785.5608099740587
Iteration 307: -15397.300910784492
L2 norm of gradient: 280.938431641005
Iteration 308: -13745.781547127182
L2 norm of gradient: 222.36137328863828
Iteration 309: -14318.620919884404
L2 norm of gradient: 100.66897570446918
Iteration 310: -14371.730741450887
L2 norm of gradient: 52.182754367005096
Iteration 311: -11635.678998251937
L2 norm of gradient: 59.71892409694171
Iteration 312: -14223.026398103924
L2 norm of gradient: 306.69760135928146
Iteration 313: -13520.840788390411
L2 norm of gradient: 488.6780366939545
Iteration 314: -13033.571140283691
L2 norm of gradient: 133.25560114618654
Iteration 315: -12909.861091409668
L2 norm of gradient: 23.650152199499033
Iteration 316: -12476.717009216265
L2 norm of gradient: 226.36457139823057
Iteration 317: -15235.05967718488
L2 norm of gradient: 28.925862107297576
Iteration 318: -15231.360591770928
L2 norm of gradient: 24.544656209003172
Iteration 319: -14760.862242515275
L2 norm of gradient: 15.630566994118642
Iteration 320: -15228.43895165162
L2 norm of gradient: 408.921417671392
Iteration 321: -12609.741952754057
L2 norm of gradient: 52.3549987654836
Iteration 322: -13539.488833664054
L2 norm of gradient: 44.41723515351216
Iteration 323: -14229.023710640777
L2 norm of gradient: 9.503109418228458
Iteration 324: -13988.940504950282
L2 norm of gradient: 9.93481240564521
Iteration 325: -13840.407914054333
L2 norm of gradient: 308.4688917532463
Iteration 326: -14528.196449806946
L2 norm of gradient: 853.2672300967724
Iteration 327: -15500.831934689479
L2 norm of gradient: 264.16498663139396
Iteration 328: -13767.293228400658
L2 norm of gradient: 239.90565309235555
Iteration 329: -12780.54610160119
L2 norm of gradient: 29.082985905161166
Iteration 330: -14315.318218688677
L2 norm of gradient: 51.21188640021937
Iteration 331: -13621.5407121202
L2 norm of gradient: 8.71702535709267
Iteration 332: -13395.338295929025
L2 norm of gradient: 430.86841857187073
Iteration 333: -13198.672448787509
L2 norm of gradient: 697.7398482429288
Iteration 334: -14123.519632208669
L2 norm of gradient: 410.6785015827386
Iteration 335: -12464.73333273517
L2 norm of gradient: 262.46366272717955
Iteration 336: -14760.794108938468
L2 norm of gradient: 20.299928613490632
Iteration 337: -13377.209498933924
L2 norm of gradient: 9.475913711597649
Iteration 338: -14004.671477536933
L2 norm of gradient: 69.02870762652229
Iteration 339: -14550.980902446297
L2 norm of gradient: 141.62390376775053
Iteration 340: -13472.64979890706
L2 norm of gradient: 234.01756902610467
Iteration 341: -13013.236664676095
L2 norm of gradient: 56.35556828241001
Iteration 342: -13013.370549570365
L2 norm of gradient: 10.260772012374405
Iteration 343: -12005.376703001799
L2 norm of gradient: 287.8502089446793
Iteration 344: -14365.415678811816
L2 norm of gradient: 14.33926119160495
Iteration 345: -14756.522258126419
L2 norm of gradient: 302.1023905040112
Iteration 346: -13153.572939861126
L2 norm of gradient: 456.0514038451675
Iteration 347: -15885.664418010125
L2 norm of gradient: 504.441753900268
Iteration 348: -15058.120666455383
L2 norm of gradient: 50.16817404533643
Iteration 349: -12614.134468094746
L2 norm of gradient: 474.4039196304387
Iteration 350: -14718.565609110497
L2 norm of gradient: 564.4801814082821
Iteration 351: -14402.373334033724
L2 norm of gradient: 436.115310881699
Iteration 352: -13031.636365597607
L2 norm of gradient: 48.91083669194029
Iteration 353: -14688.984904929837
L2 norm of gradient: 303.2867101393543
Iteration 354: -14068.396438535032
L2 norm of gradient: 51.85984858381843
Iteration 355: -13677.715932131394
L2 norm of gradient: 450.8649241275178
Iteration 356: -15170.634963801742
L2 norm of gradient: 299.4282314561074
Iteration 357: -14513.371466892355
L2 norm of gradient: 256.833638344805
Iteration 358: -14206.397182905755
L2 norm of gradient: 30.892792379252445
Iteration 359: -12647.329412951784
L2 norm of gradient: 15.416826966064143
Iteration 360: -13546.432272807184
L2 norm of gradient: 46.16497071421449
Iteration 361: -12989.924562011618
L2 norm of gradient: 107.79842526802632
Iteration 362: -13555.784170457417
L2 norm of gradient: 558.5712359110091
Iteration 363: -12793.198898418774
L2 norm of gradient: 77.80862628433175
Iteration 364: -13825.58529216811
L2 norm of gradient: 338.0812299179477
Iteration 365: -15486.082287435056
L2 norm of gradient: 15.999744962149839
Iteration 366: -12932.294322747703
L2 norm of gradient: 272.4559303596681
Iteration 367: -14589.698474316365
L2 norm of gradient: 36.63719589972389
Iteration 368: -12724.751004734924
L2 norm of gradient: 311.08677810998313
Iteration 369: -14329.04250233817
L2 norm of gradient: 74.09363356785661
Iteration 370: -14365.733110242934
L2 norm of gradient: 38.40312188571868
Iteration 371: -13763.70669466713
L2 norm of gradient: 949.3700125879437
Iteration 372: -14640.162803753257
L2 norm of gradient: 322.7685881722235
Iteration 373: -13144.307308400921
L2 norm of gradient: 536.0712514949714
Iteration 374: -13863.819503253539
L2 norm of gradient: 546.5111471410902
Iteration 375: -13536.117102831213
L2 norm of gradient: 323.0507479750436
Iteration 376: -14194.733002372792
L2 norm of gradient: 30.935167825362615
Iteration 377: -12461.017165761934
L2 norm of gradient: 76.10167701427208
Iteration 378: -11874.415837986688
L2 norm of gradient: 38.15945909633087
Iteration 379: -13863.058403631767
L2 norm of gradient: 133.13411386966095
Iteration 380: -14135.033077045255
L2 norm of gradient: 278.96433552219514
Iteration 381: -13658.151888649601
L2 norm of gradient: 567.5949018295547
Iteration 382: -13445.221033725245
L2 norm of gradient: 734.0543078883168
Iteration 383: -13936.577806455443
L2 norm of gradient: 464.96534332717346
Iteration 384: -12538.723724982521
L2 norm of gradient: 611.0315038096232
Iteration 385: -15026.491435055914
L2 norm of gradient: 91.25591783705161
Iteration 386: -14839.473947418504
L2 norm of gradient: 476.26700252172833
Iteration 387: -14366.276802219487
L2 norm of gradient: 139.12842929698073
Iteration 388: -15204.06129933022
L2 norm of gradient: 321.02810581347626
Iteration 389: -13812.447232151373
L2 norm of gradient: 56.58148320697033
Iteration 390: -14070.254778622031
L2 norm of gradient: 280.9505791546827
Iteration 391: -12357.734171948241
L2 norm of gradient: 463.06619487441407
Iteration 392: -13807.45508830051
L2 norm of gradient: 67.1708143266262
Iteration 393: -15060.180170878675
L2 norm of gradient: 417.95487532640396
Iteration 394: -14055.14773704864
L2 norm of gradient: 370.90004094425177
Iteration 395: -13404.538420724764
L2 norm of gradient: 27.895520288134385
Iteration 396: -14142.818274216192
L2 norm of gradient: 100.3201925068095
Iteration 397: -16126.277516160542
L2 norm of gradient: 69.83530880669416
Iteration 398: -12612.567878622605
L2 norm of gradient: 7.159244199075382
Iteration 399: -14911.093110791546
L2 norm of gradient: 160.51654497669458
Iteration 400: -13624.082379337135
L2 norm of gradient: 340.03576254064245
Iteration 401: -13085.807539735817
L2 norm of gradient: 326.0375110902602
Iteration 402: -13926.021039801972
L2 norm of gradient: 59.430013780227284
Iteration 403: -13010.523947405198
L2 norm of gradient: 613.5592288704443
Iteration 404: -14611.559288872753
L2 norm of gradient: 80.80652253004621
Iteration 405: -14128.45100635552
L2 norm of gradient: 344.9305036688851
Iteration 406: -14939.225642641179
L2 norm of gradient: 34.60886424728753
Iteration 407: -11651.125847851947
L2 norm of gradient: 599.3773368030558
Iteration 408: -12613.860375380042
L2 norm of gradient: 295.49033222145715
Iteration 409: -12419.403783324053
L2 norm of gradient: 80.97147652451316
Iteration 410: -13595.001739030462
L2 norm of gradient: 341.1304375756463
Iteration 411: -14854.370402727303
L2 norm of gradient: 48.529032890920476
Iteration 412: -13077.392052597233
L2 norm of gradient: 338.2542000936787
Iteration 413: -14691.038555607507
L2 norm of gradient: 179.8661701626967
Iteration 414: -12893.5291888043
L2 norm of gradient: 70.07206631596638
Iteration 415: -12928.464927131516
L2 norm of gradient: 110.41007630859056
Iteration 416: -13736.87350305146
L2 norm of gradient: 22.81839162751812
Iteration 417: -14462.282967571806
L2 norm of gradient: 63.444640853020786
Iteration 418: -14840.449574096712
L2 norm of gradient: 393.0194270592136
Iteration 419: -14729.001866668783
L2 norm of gradient: 671.0407026655151
Iteration 420: -14026.732021783033
L2 norm of gradient: 487.462245786934
Iteration 421: -15257.992554993836
L2 norm of gradient: 179.6349600029095
Iteration 422: -14572.406863954728
L2 norm of gradient: 89.70889699530474
Iteration 423: -12293.900051594412
L2 norm of gradient: 92.09575954835735
Iteration 424: -13054.316347821483
L2 norm of gradient: 423.2630018059055
Iteration 425: -13742.900297685235
L2 norm of gradient: 50.51848764925229
Iteration 426: -12613.00122045387
L2 norm of gradient: 248.31629790605498
Iteration 427: -14590.928339780923
L2 norm of gradient: 838.6722575442609
Iteration 428: -13832.949645635514
L2 norm of gradient: 54.37192301707791
Iteration 429: -13677.46453351707
L2 norm of gradient: 33.75867139026764
Iteration 430: -13083.690433337491
L2 norm of gradient: 277.8809319142588
Iteration 431: -13621.075308745669
L2 norm of gradient: 292.4164701747454
Iteration 432: -13206.270974872303
L2 norm of gradient: 302.8628668337436
Iteration 433: -14620.429483681737
L2 norm of gradient: 39.44214697377355
Iteration 434: -15227.823978987077
L2 norm of gradient: 71.21531873148434
Iteration 435: -13532.62470533232
L2 norm of gradient: 6.914583436592826
Iteration 436: -12331.526566262979
L2 norm of gradient: 32.87044845681494
Iteration 437: -14609.770388073408
L2 norm of gradient: 32.177095287321244
Iteration 438: -14013.10170108374
L2 norm of gradient: 79.22904539500027
Iteration 439: -15210.785134726233
L2 norm of gradient: 414.89609061063095
Iteration 440: -14051.72288364495
L2 norm of gradient: 514.682864622471
Iteration 441: -13546.619822458859
L2 norm of gradient: 693.2585097833481
Iteration 442: -13640.35409865419
L2 norm of gradient: 770.6146254410139
Iteration 443: -14579.53932885827
L2 norm of gradient: 628.4211012607735
Iteration 444: -14721.73633085584
L2 norm of gradient: 372.28782605963386
Iteration 445: -14302.221765937436
L2 norm of gradient: 699.4559796422731
Iteration 446: -12990.770170188252
L2 norm of gradient: 417.9757159056508
Iteration 447: -14822.98444499222
L2 norm of gradient: 470.20994097281954
Iteration 448: -12897.476337800916
L2 norm of gradient: 382.4276145032045
Iteration 449: -14600.351178792534
L2 norm of gradient: 382.79163619571887
Iteration 450: -13137.538026845988
L2 norm of gradient: 406.995200950847
Iteration 451: -13302.546877593153
L2 norm of gradient: 454.8540913993162
Iteration 452: -12344.884451359581
L2 norm of gradient: 126.22264140211377
Iteration 453: -12612.91318642286
L2 norm of gradient: 63.46325544154119
Iteration 454: -15061.721511963355
L2 norm of gradient: 74.94467499221211
Iteration 455: -14996.983334640328
L2 norm of gradient: 305.255337242304
Iteration 456: -14313.607691648867
L2 norm of gradient: 146.00626279868976
Iteration 457: -15071.154677234641
L2 norm of gradient: 472.79875385289637
Iteration 458: -14514.37257249342
L2 norm of gradient: 79.65404285474672
Iteration 459: -14222.863494222473
L2 norm of gradient: 127.98290960628404
Iteration 460: -13190.036918659252
L2 norm of gradient: 33.20983591875392
Iteration 461: -15837.898979160485
L2 norm of gradient: 62.282820506255106
Iteration 462: -14436.483679596908
L2 norm of gradient: 643.9878952517932
Iteration 463: -14410.565011460008
L2 norm of gradient: 757.7038987185055
Iteration 464: -13232.261306501961
L2 norm of gradient: 75.44595373887624
Iteration 465: -14667.053278669535
L2 norm of gradient: 391.02943327357747
Iteration 466: -14423.192727268532
L2 norm of gradient: 418.6922062979013
Iteration 467: -15115.291877790343
L2 norm of gradient: 127.19910213633892
Iteration 468: -13821.595060490034
L2 norm of gradient: 147.10353548849164
Iteration 469: -14726.575517995132
L2 norm of gradient: 147.56407851750654
Iteration 470: -14875.726715762486
L2 norm of gradient: 339.44102459318736
Iteration 471: -11140.802199709302
L2 norm of gradient: 5.308600637941913
Iteration 472: -14297.118337843234
L2 norm of gradient: 407.47790031502706
Iteration 473: -14169.17606531477
L2 norm of gradient: 177.38643433255262
Iteration 474: -15214.18524998223
L2 norm of gradient: 24.538704317739487
Iteration 475: -15074.648686811985
L2 norm of gradient: 38.40334477415917
Iteration 476: -14767.561116595572
L2 norm of gradient: 712.9543800614729
Iteration 477: -13672.157270505533
L2 norm of gradient: 190.21299155802626
Iteration 478: -13458.991241921225
L2 norm of gradient: 28.126889549310118
Iteration 479: -14917.11321326501
L2 norm of gradient: 535.3822161323288
Iteration 480: -11613.342269705985
L2 norm of gradient: 549.3536433818501
Iteration 481: -14705.287187315684
L2 norm of gradient: 186.07961363536052
Iteration 482: -14397.463477198275
L2 norm of gradient: 38.273765013727996
Iteration 483: -13094.680575535738
L2 norm of gradient: 102.57659810196944
Iteration 484: -14834.374932516046
L2 norm of gradient: 567.7041495722123
Iteration 485: -14530.357467409876
L2 norm of gradient: 453.5654351669983
Iteration 486: -15455.348265616296
L2 norm of gradient: 608.3264786940608
Iteration 487: -12366.746941994443
L2 norm of gradient: 172.47895333521288
Iteration 488: -13938.188225604768
L2 norm of gradient: 28.352720826865195
Iteration 489: -15379.621797107624
L2 norm of gradient: 417.51652482742725
Iteration 490: -14566.456405274175
L2 norm of gradient: 862.2019845269773
Iteration 491: -14337.946108237986
L2 norm of gradient: 796.8740317437089
Iteration 492: -13770.770411577281
L2 norm of gradient: 45.588862752500994
Iteration 493: -14003.440325521377
L2 norm of gradient: 29.55180773101494
Iteration 494: -13843.502099557383
L2 norm of gradient: 690.6118903289688
Iteration 495: -15520.289160284214
L2 norm of gradient: 469.687305152412
Iteration 496: -14661.472257523354
L2 norm of gradient: 12.875150351223512
Iteration 497: -15062.452359744118
L2 norm of gradient: 498.8146271464949
Iteration 498: -14327.996752344327
L2 norm of gradient: 20.779121829535182
Iteration 499: -15058.672848292976
[ { query: [ 'Who is a doctor', [Object] ],
    trueResult: 
     Marginal:
         "John and Mary are doctors" : 0.380020640450514
         "John and Mary are doctors and teachers" : 0.20855974943514632
         "John is a doctor" : 0.08655534418766547
         "Mary is a doctor" : 0.08655534418766547
         "John is a doctor and a teacher" : 0.04750258005631425
         "Mary is a doctor and a teacher" : 0.04750258005631425
         "John and Mary are doctors or teachers" : 0.018309772241219994
         "John or Mary is a doctor and a teacher" : 0.01641723975145466
         "John is a doctor or a teacher" : 0.014074838535204214
         "Mary is a doctor or a teacher" : 0.014074838535204214
         "John or Mary is a doctor" : 0.014074838535204214
         "Mary is a teacher" : 0.010819418023458179
         "John is a teacher" : 0.010819418023458179
         "John is not a teacher" : 0.008015222008949992
         "Mary is not a teacher" : 0.008015222008949992
         "John and Mary are teachers" : 0.0059378225070392835
         "John or Mary is a teacher" : 0.005937822507039272
         "John and Mary are not teachers" : 0.0043988471043886965
         "John or Mary is not a teacher" : 0.0043988471043886965
         "John or Mary is a doctor or a teacher" : 0.003954910804103521
         "John is not a doctor and a teacher" : 0.0013033621050040592
         "Mary is not a doctor and a teacher" : 0.0013033621050040592
         "John or Mary is not a doctor and a teacher" : 0.0012360388998589598
         "John and Mary are not doctors and teachers" : 0.00021194082645043896,
    learnedResult: 
     Marginal:
         "John is a doctor" : 0.25542814859645746
         "Mary is a doctor" : 0.25542814859645746
         "John and Mary are doctors" : 0.03824920717392263
         "John is a teacher" : 0.031928518574557176
         "Mary is a teacher" : 0.031928518574557176
         "John is a doctor and a teacher" : 0.025001721407459855
         "Mary is a doctor and a teacher" : 0.025001721407459834
         "John is not a teacher" : 0.023653228319406562
         "Mary is not a teacher" : 0.023653228319406562
         "John or Mary is a doctor" : 0.01924845410368441
         "John is a doctor or a teacher" : 0.01851097998692316
         "Mary is a doctor or a teacher" : 0.01851097998692316
         "John and Mary are teachers" : 0.017522742516961235
         "John or Mary is a teacher" : 0.017522742516961204
         "John is not a doctor" : 0.014616953072817058
         "Mary is not a doctor" : 0.014616953072817006
         "John or Mary is not a teacher" : 0.012981166932879122
         "John and Mary are not teachers" : 0.012981166932879077
         "Mary is not a doctor or a teacher" : 0.012878666510036533
         "John is not a doctor or a teacher" : 0.012878666510036533
         "John or Mary is not a doctor" : 0.012845411300440535
         "Mary is not a doctor and a teacher" : 0.012421943866280335
         "John is not a doctor and a teacher" : 0.012421943866280335
         "John and Mary are not doctors" : 0.011686425117113496
         "John and Mary are doctors and teachers" : 0.010561871850800144
         "John and Mary are doctors or teachers" : 0.009777441465845731
         "John or Mary is a doctor and a teacher" : 0.009709370216182124
         "John or Mary is a doctor or a teacher" : 0.009633149375499889
         "John or Mary is not a doctor or a teacher" : 0.007122884990883255
         "John or Mary is not a doctor and a teacher" : 0.007116681202575691
         "John and Mary are not doctors or teachers" : 0.007111040558656312
         "John and Mary are not doctors and teachers" : 0.0070499230768391995,
    KLDivergence: 1.3008913607617274 },
  { query: [ 'Who is a doctor', [Object] ],
    trueResult: 
     Marginal:
         "John and Mary are doctors" : 0.380020640450514
         "John and Mary are doctors and teachers" : 0.20855974943514632
         "John is a doctor" : 0.08655534418766547
         "Mary is a doctor" : 0.08655534418766547
         "John is a doctor and a teacher" : 0.04750258005631425
         "Mary is a doctor and a teacher" : 0.04750258005631425
         "John and Mary are doctors or teachers" : 0.018309772241219994
         "John or Mary is a doctor and a teacher" : 0.01641723975145466
         "John is a doctor or a teacher" : 0.014074838535204214
         "Mary is a doctor or a teacher" : 0.014074838535204214
         "John or Mary is a doctor" : 0.014074838535204214
         "Mary is a teacher" : 0.010819418023458179
         "John is a teacher" : 0.010819418023458179
         "John is not a teacher" : 0.008015222008949992
         "Mary is not a teacher" : 0.008015222008949992
         "John and Mary are teachers" : 0.0059378225070392835
         "John or Mary is a teacher" : 0.005937822507039272
         "John and Mary are not teachers" : 0.0043988471043886965
         "John or Mary is not a teacher" : 0.0043988471043886965
         "John or Mary is a doctor or a teacher" : 0.003954910804103521
         "John is not a doctor and a teacher" : 0.0013033621050040592
         "Mary is not a doctor and a teacher" : 0.0013033621050040592
         "John or Mary is not a doctor and a teacher" : 0.0012360388998589598
         "John and Mary are not doctors and teachers" : 0.00021194082645043896,
    learnedResult: 
     Marginal:
         "John is a doctor" : 0.25542814859645746
         "Mary is a doctor" : 0.25542814859645746
         "John and Mary are doctors" : 0.03824920717392263
         "John is a teacher" : 0.031928518574557176
         "Mary is a teacher" : 0.031928518574557176
         "John is a doctor and a teacher" : 0.025001721407459855
         "Mary is a doctor and a teacher" : 0.025001721407459834
         "John is not a teacher" : 0.023653228319406562
         "Mary is not a teacher" : 0.023653228319406562
         "John or Mary is a doctor" : 0.01924845410368441
         "John is a doctor or a teacher" : 0.01851097998692316
         "Mary is a doctor or a teacher" : 0.01851097998692316
         "John and Mary are teachers" : 0.017522742516961235
         "John or Mary is a teacher" : 0.017522742516961204
         "John is not a doctor" : 0.014616953072817058
         "Mary is not a doctor" : 0.014616953072817006
         "John or Mary is not a teacher" : 0.012981166932879122
         "John and Mary are not teachers" : 0.012981166932879077
         "Mary is not a doctor or a teacher" : 0.012878666510036533
         "John is not a doctor or a teacher" : 0.012878666510036533
         "John or Mary is not a doctor" : 0.012845411300440535
         "Mary is not a doctor and a teacher" : 0.012421943866280335
         "John is not a doctor and a teacher" : 0.012421943866280335
         "John and Mary are not doctors" : 0.011686425117113496
         "John and Mary are doctors and teachers" : 0.010561871850800144
         "John and Mary are doctors or teachers" : 0.009777441465845731
         "John or Mary is a doctor and a teacher" : 0.009709370216182124
         "John or Mary is a doctor or a teacher" : 0.009633149375499889
         "John or Mary is not a doctor or a teacher" : 0.007122884990883255
         "John or Mary is not a doctor and a teacher" : 0.007116681202575691
         "John and Mary are not doctors or teachers" : 0.007111040558656312
         "John and Mary are not doctors and teachers" : 0.0070499230768391995,
    KLDivergence: 1.3008913607617274 },
  { query: [ 'Who is a doctor and a teacher', [Object] ],
    trueResult: 
     Marginal:
         "John is a doctor and a teacher" : 0.5057429117707349
         "John is a doctor" : 0.11519045846271186
         "John is a teacher" : 0.11519045846271186
         "John or Mary is a doctor and a teacher" : 0.051789172217255514
         "Mary is not a teacher" : 0.02528450088232814
         "Mary is not a doctor" : 0.02528450088232814
         "John and Mary are teachers" : 0.018731218954471676
         "John and Mary are doctors" : 0.018731218954471676
         "John or Mary is a teacher" : 0.018731218954471645
         "John is a doctor or a teacher" : 0.018731218954471645
         "John or Mary is a doctor" : 0.018731218954471645
         "Mary is not a doctor or a teacher" : 0.013876428297051366
         "Mary is not a doctor and a teacher" : 0.013876428297051366
         "John and Mary are doctors or teachers" : 0.007219910001734958
         "Mary is a doctor or a teacher" : 0.00554999080132493
         "John or Mary is a doctor or a teacher" : 0.005263314391264789
         "Mary is a doctor" : 0.004266313276396742
         "Mary is a teacher" : 0.004266313276396742
         "John or Mary is not a doctor" : 0.004111534310237441
         "John or Mary is not a teacher" : 0.004111534310237441
         "John or Mary is not a doctor and a teacher" : 0.003899159202225257
         "John or Mary is not a doctor or a teacher" : 0.0014209763856506024,
    learnedResult: 
     Marginal:
         "John is a teacher" : 0.06505714093601961
         "John is a doctor" : 0.06365480625947274
         "Mary is a doctor" : 0.05872341243687884
         "Mary is a teacher" : 0.05855763475172819
         "Mary is not a teacher" : 0.044032051221153334
         "Mary is not a doctor" : 0.04401368494897114
         "John is not a doctor" : 0.0434846686506012
         "John is not a teacher" : 0.043339996492435987
         "John is a doctor and a teacher" : 0.03334773330056445
         "John and Mary are teachers" : 0.0328725247741248
         "John and Mary are doctors" : 0.03279549530602344
         "John is a doctor or a teacher" : 0.03264175494303421
         "John or Mary is a teacher" : 0.03260778012744581
         "John or Mary is a doctor" : 0.03259555768625665
         "Mary is a doctor or a teacher" : 0.03254563707632525
         "Mary is a doctor and a teacher" : 0.03243720062537136
         "Mary is not a doctor and a teacher" : 0.024129077550862185
         "Mary is not a doctor or a teacher" : 0.0241201630942263
         "John or Mary is not a doctor" : 0.024115836735236932
         "John or Mary is not a teacher" : 0.024114847670150336
         "John is not a doctor or a teacher" : 0.02410999053734766
         "John and Mary are not doctors" : 0.024097635790059014
         "John and Mary are not teachers" : 0.02409077440321666
         "John is not a doctor and a teacher" : 0.024051511570940747
         "John and Mary are doctors and teachers" : 0.01790548264332157
         "John or Mary is a doctor and a teacher" : 0.01787336514654593
         "John and Mary are doctors or teachers" : 0.01787278227624128
         "John or Mary is a doctor or a teacher" : 0.01786849667701754
         "John or Mary is not a doctor or a teacher" : 0.013236697534569663
         "John and Mary are not doctors or teachers" : 0.013236342538438488
         "John or Mary is not a doctor and a teacher" : 0.013236297616094215
         "John and Mary are not doctors and teachers" : 0.01323361867932469,
    KLDivergence: 1.4011428768592549 },
  { query: [ 'Who is a doctor or a teacher', [Object] ],
    trueResult: 
     Marginal:
         "John and Mary are doctors" : 0.1056107851909732
         "John and Mary are teachers" : 0.1056107851909732
         "John is a doctor" : 0.08118368320238828
         "John is a teacher" : 0.08118368320238828
         "Mary is a teacher" : 0.08118368320238828
         "Mary is a doctor" : 0.08118368320238828
         "John and Mary are doctors or teachers" : 0.05796042780983282
         "John and Mary are doctors and teachers" : 0.05796042780983277
         "Mary is a doctor and a teacher" : 0.044554550002441795
         "John is a doctor and a teacher" : 0.044554550002441795
         "Mary is a doctor or a teacher" : 0.04455455000244175
         "John is a doctor or a teacher" : 0.04455455000244175
         "John or Mary is a teacher" : 0.03129208450102909
         "John or Mary is a doctor" : 0.03129208450102909
         "John or Mary is a doctor and a teacher" : 0.021122604886965272
         "John or Mary is a doctor or a teacher" : 0.012519452406923889
         "John is not a doctor and a teacher" : 0.009779799246246973
         "Mary is not a doctor and a teacher" : 0.009779799246246973
         "John is not a teacher" : 0.007517793967297686
         "Mary is not a teacher" : 0.007517793967297686
         "Mary is not a doctor" : 0.007517793967297686
         "John is not a doctor" : 0.007517793967297686
         "John or Mary is not a doctor and a teacher" : 0.00651387501985663
         "John or Mary is not a doctor" : 0.00565960604528182
         "John or Mary is not a teacher" : 0.00565960604528182
         "John and Mary are not doctors and teachers" : 0.0037696035994540657
         "John and Mary are not doctors" : 0.0012224749057808738
         "John and Mary are not teachers" : 0.0012224749057808738,
    learnedResult: 
     Marginal:
         "John is a doctor" : 0.05994990045300636
         "John is a teacher" : 0.05992512533675287
         "Mary is a doctor" : 0.059870879158786944
         "Mary is a teacher" : 0.05986704704391344
         "Mary is not a teacher" : 0.044340523225763116
         "Mary is not a doctor" : 0.04434010248848881
         "John is not a teacher" : 0.044334148878007566
         "John is not a doctor" : 0.04433143113913136
         "John is a doctor and a teacher" : 0.03286190506257381
         "John and Mary are doctors" : 0.032857178812331696
         "John and Mary are teachers" : 0.03285512437906453
         "Mary is a doctor and a teacher" : 0.03285122258736192
         "John is a doctor or a teacher" : 0.03285071522268524
         "John or Mary is a doctor" : 0.03285030653062212
         "John or Mary is a teacher" : 0.032850027276504296
         "Mary is a doctor or a teacher" : 0.032849482901411216
         "Mary is not a doctor or a teacher" : 0.024335282183085616
         "John or Mary is not a teacher" : 0.024335244452376406
         "John or Mary is not a doctor" : 0.024335221839722806
         "John is not a doctor or a teacher" : 0.02433515164889255
         "Mary is not a doctor and a teacher" : 0.024335134900338562
         "John and Mary are not teachers" : 0.024334784277962367
         "John and Mary are not doctors" : 0.02433460136181886
         "John is not a doctor and a teacher" : 0.02433421800537627
         "John and Mary are doctors and teachers" : 0.018028953797548986
         "John and Mary are doctors or teachers" : 0.01802817059088343
         "John or Mary is a doctor and a teacher" : 0.018028154183427382
         "John or Mary is a doctor or a teacher" : 0.018028056566800135
         "John or Mary is not a doctor or a teacher" : 0.013355499384175403
         "John or Mary is not a doctor and a teacher" : 0.013355491369564373
         "John and Mary are not doctors or teachers" : 0.013355489942260986
         "John and Mary are not doctors and teachers" : 0.013355424999359985,
    KLDivergence: 0.4262889875558246 },
  { query: [ 'Who is not a doctor and a teacher', [Object] ],
    trueResult: 
     Marginal:
         "John is a doctor and a teacher" : 0.5057429117707349
         "John is a doctor" : 0.11519045846271186
         "John is a teacher" : 0.11519045846271186
         "John or Mary is a doctor and a teacher" : 0.051789172217255514
         "Mary is not a teacher" : 0.02528450088232814
         "Mary is not a doctor" : 0.02528450088232814
         "John and Mary are teachers" : 0.018731218954471676
         "John and Mary are doctors" : 0.018731218954471676
         "John or Mary is a teacher" : 0.018731218954471645
         "John is a doctor or a teacher" : 0.018731218954471645
         "John or Mary is a doctor" : 0.018731218954471645
         "Mary is not a doctor or a teacher" : 0.013876428297051366
         "Mary is not a doctor and a teacher" : 0.013876428297051366
         "John and Mary are doctors or teachers" : 0.007219910001734958
         "Mary is a doctor or a teacher" : 0.00554999080132493
         "John or Mary is a doctor or a teacher" : 0.005263314391264789
         "Mary is a doctor" : 0.004266313276396742
         "Mary is a teacher" : 0.004266313276396742
         "John or Mary is not a doctor" : 0.004111534310237441
         "John or Mary is not a teacher" : 0.004111534310237441
         "John or Mary is not a doctor and a teacher" : 0.003899159202225257
         "John or Mary is not a doctor or a teacher" : 0.0014209763856506024,
    learnedResult: 
     Marginal:
         "John is a teacher" : 0.05992751083269922
         "John is a doctor" : 0.059911386122596694
         "Mary is a doctor" : 0.059852030716958944
         "Mary is a teacher" : 0.05984996671774439
         "Mary is not a teacher" : 0.044347563292079346
         "Mary is not a doctor" : 0.04434733661088779
         "John is not a doctor" : 0.044340820391115074
         "John is not a teacher" : 0.04433905102430441
         "John is a doctor and a teacher" : 0.032861889218564165
         "John and Mary are teachers" : 0.03285611486206237
         "John and Mary are doctors" : 0.032855188476908666
         "John is a doctor or a teacher" : 0.032853566715111034
         "John or Mary is a teacher" : 0.032853149597187825
         "John or Mary is a doctor" : 0.03285300174291011
         "Mary is a doctor or a teacher" : 0.032852388778917746
         "Mary is a doctor and a teacher" : 0.03285079145140062
         "Mary is not a doctor and a teacher" : 0.024337927208376103
         "Mary is not a doctor or a teacher" : 0.024337795758873165
         "John or Mary is not a doctor" : 0.02433774180267694
         "John or Mary is not a teacher" : 0.02433772982486773
         "John is not a doctor or a teacher" : 0.024337670990683347
         "John and Mary are not doctors" : 0.024337541689186042
         "John and Mary are not teachers" : 0.024337458698624453
         "John is not a doctor and a teacher" : 0.024336974839198455
         "John and Mary are doctors and teachers" : 0.018030290625607143
         "John or Mary is a doctor and a teacher" : 0.018029933585462902
         "John and Mary are doctors or teachers" : 0.01802992515766753
         "John or Mary is a doctor or a teacher" : 0.0180298774560672
         "John or Mary is not a doctor or a teacher" : 0.013356854708409645
         "John and Mary are not doctors or teachers" : 0.013356850756224396
         "John or Mary is not a doctor and a teacher" : 0.01335685009623892
         "John and Mary are not doctors and teachers" : 0.013356820250387223,
    KLDivergence: 1.423045710876452 },
  { query: [ 'Who is not a doctor or a teacher', [Object] ],
    trueResult: 
     Marginal:
         "John and Mary are doctors" : 0.1056107851909732
         "John and Mary are teachers" : 0.1056107851909732
         "John is a doctor" : 0.08118368320238828
         "John is a teacher" : 0.08118368320238828
         "Mary is a teacher" : 0.08118368320238828
         "Mary is a doctor" : 0.08118368320238828
         "John and Mary are doctors or teachers" : 0.05796042780983282
         "John and Mary are doctors and teachers" : 0.05796042780983277
         "Mary is a doctor and a teacher" : 0.044554550002441795
         "John is a doctor and a teacher" : 0.044554550002441795
         "Mary is a doctor or a teacher" : 0.04455455000244175
         "John is a doctor or a teacher" : 0.04455455000244175
         "John or Mary is a teacher" : 0.03129208450102909
         "John or Mary is a doctor" : 0.03129208450102909
         "John or Mary is a doctor and a teacher" : 0.021122604886965272
         "John or Mary is a doctor or a teacher" : 0.012519452406923889
         "John is not a doctor and a teacher" : 0.009779799246246973
         "Mary is not a doctor and a teacher" : 0.009779799246246973
         "John is not a teacher" : 0.007517793967297686
         "Mary is not a teacher" : 0.007517793967297686
         "Mary is not a doctor" : 0.007517793967297686
         "John is not a doctor" : 0.007517793967297686
         "John or Mary is not a doctor and a teacher" : 0.00651387501985663
         "John or Mary is not a doctor" : 0.00565960604528182
         "John or Mary is not a teacher" : 0.00565960604528182
         "John and Mary are not doctors and teachers" : 0.0037696035994540657
         "John and Mary are not doctors" : 0.0012224749057808738
         "John and Mary are not teachers" : 0.0012224749057808738,
    learnedResult: 
     Marginal:
         "John is a doctor" : 0.059868303724713086
         "John is a teacher" : 0.059867990861368216
         "Mary is a doctor" : 0.059867305715420184
         "Mary is a teacher" : 0.059867257212030574
         "Mary is not a teacher" : 0.044350627414737186
         "Mary is not a doctor" : 0.04435062208850582
         "John is not a teacher" : 0.04435054685193648
         "John is not a doctor" : 0.04435051249631539
         "John is a doctor and a teacher" : 0.03285592527858347
         "John and Mary are doctors" : 0.032855865570187805
         "John and Mary are teachers" : 0.03285583960012747
         "Mary is a doctor and a teacher" : 0.032855790297121795
         "John is a doctor or a teacher" : 0.0328557838467339
         "John or Mary is a doctor" : 0.032855778682489116
         "John or Mary is a teacher" : 0.032855775152347
         "Mary is a doctor or a teacher" : 0.032855768273646134
         "Mary is not a doctor or a teacher" : 0.024340149091510315
         "John or Mary is not a teacher" : 0.024340148614889142
         "John or Mary is not a doctor" : 0.024340148329029802
         "John is not a doctor or a teacher" : 0.024340147441891676
         "Mary is not a doctor and a teacher" : 0.024340147226953653
         "John and Mary are not teachers" : 0.024340142796012203
         "John and Mary are not doctors" : 0.02434014048340099
         "John is not a doctor and a teacher" : 0.024340135639391563
         "John and Mary are doctors and teachers" : 0.01803163774264128
         "John and Mary are doctors or teachers" : 0.018031627839872572
         "John or Mary is a doctor and a teacher" : 0.018031627632257748
         "John or Mary is a doctor or a teacher" : 0.018031626398092936
         "John or Mary is not a doctor or a teacher" : 0.013358157214764042
         "John or Mary is not a doctor and a teacher" : 0.013358157113434908
         "John and Mary are not doctors or teachers" : 0.013358157095375066
         "John and Mary are not doctors and teachers" : 0.013358156274218661,
    KLDivergence: 0.42641421397751894 },
  { query: [ 'What is John', [Object] ],
    trueResult: 
     Marginal:
         "John is a doctor" : 0.23702792248662735
         "John is not a teacher" : 0.17559460378842734
         "John and Mary are doctors" : 0.130083681939854
         "John and Mary are not teachers" : 0.09636836179440914
         "John or Mary is a doctor" : 0.03854331316736411
         "John is a doctor or a teacher" : 0.03854331316736411
         "Mary is a teacher" : 0.029628490310828412
         "Mary is a doctor" : 0.029628490310828412
         "John is not a doctor and a teacher" : 0.02855358867982489
         "John or Mary is not a teacher" : 0.02855358867982489
         "Mary is not a doctor" : 0.02194932547355341
         "Mary is not a teacher" : 0.02194932547355341
         "John and Mary are doctors or teachers" : 0.021153018759865538
         "Mary is a doctor and a teacher" : 0.01626046024248175
         "Mary is a doctor or a teacher" : 0.016260460242481723
         "John and Mary are not doctors and teachers" : 0.0156705417197306
         "Mary is not a doctor or a teacher" : 0.012046045224301137
         "Mary is not a doctor and a teacher" : 0.012046045224301137
         "John or Mary is a doctor or a teacher" : 0.010830345605051172
         "John or Mary is not a doctor and a teacher" : 0.008023317360502066
         "John or Mary is a teacher" : 0.004817914145920514
         "John or Mary is not a doctor" : 0.0035691985849781176
         "John or Mary is a doctor and a teacher" : 0.0016651064329923299
         "John or Mary is not a doctor or a teacher" : 0.0012335411849350591,
    learnedResult: 
     Marginal:
         "John is a doctor" : 0.3509861187987067
         "John is not a teacher" : 0.049203808116001994
         "Mary is a teacher" : 0.043873264849838334
         "Mary is a doctor" : 0.043873264849838334
         "John and Mary are doctors" : 0.03435509049534946
         "Mary is not a doctor" : 0.0325021140015549
         "Mary is not a teacher" : 0.0325021140015549
         "John or Mary is a doctor" : 0.0254361042683485
         "John is a doctor or a teacher" : 0.024448954524896333
         "Mary is a doctor and a teacher" : 0.02407815826302632
         "Mary is a doctor or a teacher" : 0.024078158263026277
         "John or Mary is a teacher" : 0.022769424002102825
         "John is a doctor and a teacher" : 0.020930406893948858
         "John is not a doctor" : 0.020085286824813326
         "John and Mary are not teachers" : 0.01866125745225516
         "John is not a doctor and a teacher" : 0.018112276364089627
         "John or Mary is not a teacher" : 0.01794573695634968
         "Mary is not a doctor or a teacher" : 0.017837538361707973
         "Mary is not a doctor and a teacher" : 0.01783753836170791
         "John is not a doctor or a teacher" : 0.017798273705215622
         "John or Mary is not a doctor" : 0.01772977554472944
         "John and Mary are not doctors" : 0.017038422712970423
         "John and Mary are teachers" : 0.016087040235048
         "John and Mary are doctors or teachers" : 0.013240936430462895
         "John or Mary is a doctor or a teacher" : 0.013217982178987616
         "John or Mary is a doctor and a teacher" : 0.013187914655469255
         "John and Mary are doctors and teachers" : 0.01300997405750336
         "John and Mary are not doctors and teachers" : 0.009805125665153205
         "John or Mary is not a doctor and a teacher" : 0.00979154332496952
         "John or Mary is not a doctor or a teacher" : 0.009789155170983584
         "John and Mary are not doctors or teachers" : 0.009787240669389886,
    KLDivergence: 0.4531496334017662 },
  { query: [ 'What is John', [Object] ],
    trueResult: 
     Marginal:
         "John is a doctor and a teacher" : 0.37545849217947985
         "John and Mary are doctors and teachers" : 0.20605598937841657
         "John is a doctor" : 0.08551624717081296
         "John is a teacher" : 0.08551624717081296
         "John and Mary are teachers" : 0.046932311522435
         "John and Mary are doctors" : 0.046932311522435
         "John or Mary is a doctor and a teacher" : 0.03844776478197857
         "John or Mary is a teacher" : 0.013905870080721474
         "John is a doctor or a teacher" : 0.013905870080721474
         "John or Mary is a doctor" : 0.013905870080721474
         "Mary is a teacher" : 0.010689530896351615
         "Mary is a doctor" : 0.010689530896351615
         "Mary is not a doctor" : 0.007918999258557448
         "Mary is not a teacher" : 0.007918999258557448
         "John and Mary are doctors or teachers" : 0.007631703310311726
         "Mary is a doctor and a teacher" : 0.005866538940304378
         "Mary is a doctor or a teacher" : 0.0058665389403043675
         "Mary is not a doctor or a teacher" : 0.004346038939316297
         "Mary is not a doctor and a teacher" : 0.004346038939316297
         "John or Mary is a doctor or a teacher" : 0.003907432094879606
         "John or Mary is not a doctor" : 0.0012877152412789025
         "John or Mary is not a teacher" : 0.0012877152412789025
         "John or Mary is not a doctor and a teacher" : 0.0012212002512970355
         "John or Mary is not a doctor or a teacher" : 0.00044504382335897773,
    learnedResult: 
     Marginal:
         "John is a doctor" : 0.2554293439946516
         "John is a teacher" : 0.2554293439946516
         "John is a doctor and a teacher" : 0.038249386179382526
         "Mary is a teacher" : 0.031928667999331445
         "Mary is a doctor" : 0.031928667999331445
         "John and Mary are teachers" : 0.025001838414973634
         "John and Mary are doctors" : 0.025001838414973634
         "Mary is not a doctor" : 0.023653339016001966
         "Mary is not a teacher" : 0.023653339016001966
         "John is a doctor or a teacher" : 0.01924854418603201
         "John or Mary is a doctor" : 0.018511066617907957
         "John or Mary is a teacher" : 0.018511066617907922
         "Mary is a doctor and a teacher" : 0.017522824523016078
         "Mary is a doctor or a teacher" : 0.017522824523016046
         "John is not a doctor" : 0.01461702147984034
         "John is not a teacher" : 0.01461702147984034
         "Mary is not a doctor or a teacher" : 0.012981227684458755
         "Mary is not a doctor and a teacher" : 0.012981227684458708
         "John or Mary is not a teacher" : 0.012902803541241795
         "John or Mary is not a doctor" : 0.012902803541241771
         "John is not a doctor or a teacher" : 0.01280508246436136
         "John and Mary are not doctors" : 0.012399673101526785
         "John and Mary are not teachers" : 0.012399673101526763
         "John is not a doctor and a teacher" : 0.011692560017298419
         "John and Mary are doctors and teachers" : 0.010595619780526684
         "John or Mary is a doctor and a teacher" : 0.009743108142178042
         "John and Mary are doctors or teachers" : 0.009737941698366762
         "John or Mary is a doctor or a teacher" : 0.009633068056235834
         "John or Mary is not a doctor or a teacher" : 0.007122927403678642
         "John and Mary are not doctors or teachers" : 0.00711431599674303
         "John or Mary is not a doctor and a teacher" : 0.007114034954368083
         "John and Mary are not doctors and teachers" : 0.007047798374928153,
    KLDivergence: 1.3035505017000422 },
  { query: [ 'What isn\'t John', [Object] ],
    trueResult: 
     Marginal:
         "John is a doctor and a teacher" : 0.37545849217947985
         "John and Mary are doctors and teachers" : 0.20605598937841657
         "John is a doctor" : 0.08551624717081296
         "John is a teacher" : 0.08551624717081296
         "John and Mary are teachers" : 0.046932311522435
         "John and Mary are doctors" : 0.046932311522435
         "John or Mary is a doctor and a teacher" : 0.03844776478197857
         "John or Mary is a teacher" : 0.013905870080721474
         "John is a doctor or a teacher" : 0.013905870080721474
         "John or Mary is a doctor" : 0.013905870080721474
         "Mary is a teacher" : 0.010689530896351615
         "Mary is a doctor" : 0.010689530896351615
         "Mary is not a doctor" : 0.007918999258557448
         "Mary is not a teacher" : 0.007918999258557448
         "John and Mary are doctors or teachers" : 0.007631703310311726
         "Mary is a doctor and a teacher" : 0.005866538940304378
         "Mary is a doctor or a teacher" : 0.0058665389403043675
         "Mary is not a doctor or a teacher" : 0.004346038939316297
         "Mary is not a doctor and a teacher" : 0.004346038939316297
         "John or Mary is a doctor or a teacher" : 0.003907432094879606
         "John or Mary is not a doctor" : 0.0012877152412789025
         "John or Mary is not a teacher" : 0.0012877152412789025
         "John or Mary is not a doctor and a teacher" : 0.0012212002512970355
         "John or Mary is not a doctor or a teacher" : 0.00044504382335897773,
    learnedResult: 
     Marginal:
         "John is a doctor" : 0.06175804614866861
         "John is a teacher" : 0.06175804614866861
         "Mary is a doctor" : 0.05959576058850043
         "Mary is a teacher" : 0.05959576058850043
         "Mary is not a teacher" : 0.04414962531934648
         "Mary is not a doctor" : 0.04414962531934636
         "John is not a doctor" : 0.04391541148054924
         "John is not a teacher" : 0.04391541148054923
         "John is a doctor and a teacher" : 0.03304823773452857
         "John and Mary are teachers" : 0.03285456793714536
         "John and Mary are doctors" : 0.03285456793714536
         "John is a doctor or a teacher" : 0.03274441005092558
         "John or Mary is a doctor" : 0.032728493958964454
         "John or Mary is a teacher" : 0.03272849395896441
         "Mary is a doctor and a teacher" : 0.03270684687284278
         "Mary is a doctor or a teacher" : 0.03270684687284277
         "Mary is not a doctor or a teacher" : 0.024229828104448837
         "Mary is not a doctor and a teacher" : 0.02422982810444877
         "John or Mary is not a teacher" : 0.024228075244917602
         "John or Mary is not a doctor" : 0.024228075244917557
         "John is not a doctor or a teacher" : 0.02422585095753815
         "John and Mary are not doctors" : 0.024216659360844446
         "John and Mary are not teachers" : 0.024216659360844425
         "John is not a doctor and a teacher" : 0.02420063743532904
         "John and Mary are doctors and teachers" : 0.01797043232218126
         "John or Mary is a doctor and a teacher" : 0.017952639862472166
         "John and Mary are doctors or teachers" : 0.017952607828591805
         "John or Mary is a doctor or a teacher" : 0.01795026493216047
         "John or Mary is not a doctor or a teacher" : 0.013297581900674524
         "John and Mary are not doctors or teachers" : 0.013297388216767174
         "John or Mary is not a doctor and a teacher" : 0.013297387888596314
         "John and Mary are not doctors and teachers" : 0.013295930837778552,
    KLDivergence: 1.3742768193712585 },
  { query: [ 'What isn\'t John', [Object] ],
    trueResult: 
     Marginal:
         "John is a doctor and a teacher" : 0.37545849217947985
         "John and Mary are doctors and teachers" : 0.20605598937841657
         "John is a doctor" : 0.08551624717081296
         "John is a teacher" : 0.08551624717081296
         "John and Mary are teachers" : 0.046932311522435
         "John and Mary are doctors" : 0.046932311522435
         "John or Mary is a doctor and a teacher" : 0.03844776478197857
         "John or Mary is a teacher" : 0.013905870080721474
         "John is a doctor or a teacher" : 0.013905870080721474
         "John or Mary is a doctor" : 0.013905870080721474
         "Mary is a teacher" : 0.010689530896351615
         "Mary is a doctor" : 0.010689530896351615
         "Mary is not a doctor" : 0.007918999258557448
         "Mary is not a teacher" : 0.007918999258557448
         "John and Mary are doctors or teachers" : 0.007631703310311726
         "Mary is a doctor and a teacher" : 0.005866538940304378
         "Mary is a doctor or a teacher" : 0.0058665389403043675
         "Mary is not a doctor or a teacher" : 0.004346038939316297
         "Mary is not a doctor and a teacher" : 0.004346038939316297
         "John or Mary is a doctor or a teacher" : 0.003907432094879606
         "John or Mary is not a doctor" : 0.0012877152412789025
         "John or Mary is not a teacher" : 0.0012877152412789025
         "John or Mary is not a doctor and a teacher" : 0.0012212002512970355
         "John or Mary is not a doctor or a teacher" : 0.00044504382335897773,
    learnedResult: 
     Marginal:
         "John is a doctor" : 0.06175804614866861
         "John is a teacher" : 0.06175804614866861
         "Mary is a doctor" : 0.05959576058850043
         "Mary is a teacher" : 0.05959576058850043
         "Mary is not a teacher" : 0.04414962531934648
         "Mary is not a doctor" : 0.04414962531934636
         "John is not a doctor" : 0.04391541148054924
         "John is not a teacher" : 0.04391541148054923
         "John is a doctor and a teacher" : 0.03304823773452857
         "John and Mary are teachers" : 0.03285456793714536
         "John and Mary are doctors" : 0.03285456793714536
         "John is a doctor or a teacher" : 0.03274441005092558
         "John or Mary is a doctor" : 0.032728493958964454
         "John or Mary is a teacher" : 0.03272849395896441
         "Mary is a doctor and a teacher" : 0.03270684687284278
         "Mary is a doctor or a teacher" : 0.03270684687284277
         "Mary is not a doctor or a teacher" : 0.024229828104448837
         "Mary is not a doctor and a teacher" : 0.02422982810444877
         "John or Mary is not a teacher" : 0.024228075244917602
         "John or Mary is not a doctor" : 0.024228075244917557
         "John is not a doctor or a teacher" : 0.02422585095753815
         "John and Mary are not doctors" : 0.024216659360844446
         "John and Mary are not teachers" : 0.024216659360844425
         "John is not a doctor and a teacher" : 0.02420063743532904
         "John and Mary are doctors and teachers" : 0.01797043232218126
         "John or Mary is a doctor and a teacher" : 0.017952639862472166
         "John and Mary are doctors or teachers" : 0.017952607828591805
         "John or Mary is a doctor or a teacher" : 0.01795026493216047
         "John or Mary is not a doctor or a teacher" : 0.013297581900674524
         "John and Mary are not doctors or teachers" : 0.013297388216767174
         "John or Mary is not a doctor and a teacher" : 0.013297387888596314
         "John and Mary are not doctors and teachers" : 0.013295930837778552,
    KLDivergence: 1.3742768193712585 } ]
