L2 norm of gradient: 7.297549109908501
Iteration 0: -15166.077308421038
L2 norm of gradient: 15.319620702697083
Iteration 1: -14697.887166612087
L2 norm of gradient: 3.729414852887432
Iteration 2: -14301.049589586073
L2 norm of gradient: 80.435767409426
Iteration 3: -14308.554262933314
L2 norm of gradient: 115.38346364048834
Iteration 4: -13091.529002481764
L2 norm of gradient: 159.84531898912667
Iteration 5: -13980.761374389542
L2 norm of gradient: 91.92435873749396
Iteration 6: -13307.87853499313
L2 norm of gradient: 6.541496854852481
Iteration 7: -16237.900769795751
L2 norm of gradient: 3.8594663139991945
Iteration 8: -12468.348793698933
L2 norm of gradient: 3.8366928640020115
Iteration 9: -14608.231319544628
L2 norm of gradient: 110.04893859497706
Iteration 10: -14313.64416529979
L2 norm of gradient: 119.01728792246584
Iteration 11: -13561.361496737158
L2 norm of gradient: 47.0747068626051
Iteration 12: -14767.388377930492
L2 norm of gradient: 134.40377813625605
Iteration 13: -14616.595511939531
L2 norm of gradient: 1.2050515592653241
Iteration 14: -14451.13870628142
L2 norm of gradient: 103.16340441287984
Iteration 15: -13992.789499505601
L2 norm of gradient: 21.34535145868786
Iteration 16: -13483.286729890602
L2 norm of gradient: 15.27771289728036
Iteration 17: -12404.003319741227
L2 norm of gradient: 107.63548597369953
Iteration 18: -14315.281190016976
L2 norm of gradient: 104.33336790949991
Iteration 19: -14002.19507622092
L2 norm of gradient: 0.16802629942975048
Iteration 20: -14451.197361023002
L2 norm of gradient: 107.31680040098234
Iteration 21: -11885.627272336153
L2 norm of gradient: 102.8898297916383
Iteration 22: -14468.984502879914
L2 norm of gradient: 97.24762353345895
Iteration 23: -14881.55113465279
L2 norm of gradient: 0.14503150241388796
Iteration 24: -13836.79958087649
L2 norm of gradient: 123.82258493113217
Iteration 25: -14762.812990011065
L2 norm of gradient: 100.16026007468845
Iteration 26: -11491.526181046178
L2 norm of gradient: 3.9773302824031824
Iteration 27: -13993.85595623018
L2 norm of gradient: 143.45224826741293
Iteration 28: -14395.649515863119
L2 norm of gradient: 192.50189805564003
Iteration 29: -14859.925084212457
L2 norm of gradient: 138.55451080838665
Iteration 30: -12565.902478411896
L2 norm of gradient: 79.96121549750508
Iteration 31: -14856.606999177864
L2 norm of gradient: 13.81099361705102
Iteration 32: -14244.602211669458
L2 norm of gradient: 80.83980266131746
Iteration 33: -14920.72664090307
L2 norm of gradient: 27.414953913888642
Iteration 34: -12186.356302013764
L2 norm of gradient: 115.16442822760624
Iteration 35: -13789.640021813102
L2 norm of gradient: 98.4216870378629
Iteration 36: -13926.589968421857
L2 norm of gradient: 100.30606945956966
Iteration 37: -15631.535162749784
L2 norm of gradient: 14.438246624186899
Iteration 38: -15154.901561702623
L2 norm of gradient: 109.02425772015852
Iteration 39: -13990.29815119951
L2 norm of gradient: 14.224351351430432
Iteration 40: -14236.91695092485
L2 norm of gradient: 1.043070939791041
Iteration 41: -13375.972940612904
L2 norm of gradient: 99.34046582742583
Iteration 42: -14789.9236545973
L2 norm of gradient: 65.3975516771664
Iteration 43: -13332.168732155675
L2 norm of gradient: 112.61627433332833
Iteration 44: -13832.432281564823
L2 norm of gradient: 81.07842191098744
Iteration 45: -16245.931905048863
L2 norm of gradient: 10.328170503623388
Iteration 46: -13326.125491157165
L2 norm of gradient: 129.48235615640726
Iteration 47: -14536.628971893362
L2 norm of gradient: 91.20743354764248
Iteration 48: -14160.660424370253
L2 norm of gradient: 61.75643513725542
Iteration 49: -14917.891607828651
L2 norm of gradient: 72.22520469599823
Iteration 50: -13240.661940757918
L2 norm of gradient: 0.31684042663525697
Iteration 51: -13836.806719874789
L2 norm of gradient: 100.1738613961115
Iteration 52: -13629.665763361922
L2 norm of gradient: 92.90380540883343
Iteration 53: -14461.024793189135
L2 norm of gradient: 221.0137671295293
Iteration 54: -15327.169808267614
L2 norm of gradient: 150.72028579113262
Iteration 55: -14609.379197047147
L2 norm of gradient: 17.369125189076804
Iteration 56: -14083.631573357727
L2 norm of gradient: 0.30908546987931046
Iteration 57: -14143.995186045755
L2 norm of gradient: 15.13652720206394
Iteration 58: -14079.988043312236
L2 norm of gradient: 145.5609893761424
Iteration 59: -14851.200723081
L2 norm of gradient: 90.9117130662762
Iteration 60: -14857.150799303292
L2 norm of gradient: 98.98963078772742
Iteration 61: -13935.760407386975
L2 norm of gradient: 83.44399543448974
Iteration 62: -14774.486604366246
L2 norm of gradient: 80.8561256299066
Iteration 63: -14146.9573579334
L2 norm of gradient: 0.1885742159095076
Iteration 64: -14143.996029336831
L2 norm of gradient: 135.867523230815
Iteration 65: -12480.225380611048
L2 norm of gradient: 14.670007306712115
Iteration 66: -11943.20479702016
L2 norm of gradient: 106.555502657242
Iteration 67: -13762.186600103016
L2 norm of gradient: 0.10301424157189605
Iteration 68: -14143.999099306386
L2 norm of gradient: 38.197468910174564
Iteration 69: -14304.001443726664
L2 norm of gradient: 3.5229156316852537
Iteration 70: -13082.787294802785
L2 norm of gradient: 108.02087898332856
Iteration 71: -14840.068611485443
L2 norm of gradient: 89.92279923463107
Iteration 72: -14870.302434285297
L2 norm of gradient: 15.961002255801567
Iteration 73: -14540.641231677348
L2 norm of gradient: 86.44756635554582
Iteration 74: -15073.423308231097
L2 norm of gradient: 144.37090926992312
Iteration 75: -15387.065316676237
L2 norm of gradient: 3.565817978382712
Iteration 76: -13697.356688261218
L2 norm of gradient: 29.950381341637158
Iteration 77: -15248.157289151453
L2 norm of gradient: 84.6697181492254
Iteration 78: -14773.264672642517
L2 norm of gradient: 14.375041811770474
Iteration 79: -13394.308634021012
L2 norm of gradient: 7.381361277379261
Iteration 80: -15466.245930754323
L2 norm of gradient: 87.10471927185378
Iteration 81: -13997.458878360787
L2 norm of gradient: 73.99940176415338
Iteration 82: -11429.867263697597
L2 norm of gradient: 151.71185224617878
Iteration 83: -15310.855451339683
L2 norm of gradient: 16.03066235954134
Iteration 84: -11565.020777838497
L2 norm of gradient: 245.84019108855088
Iteration 85: -14433.256134758713
L2 norm of gradient: 133.51887840525825
Iteration 86: -13828.888171028933
L2 norm of gradient: 153.31297063240342
Iteration 87: -13383.043176036877
L2 norm of gradient: 8.336947383846422
Iteration 88: -13689.881738500306
L2 norm of gradient: 81.23541452245058
Iteration 89: -14305.058784660829
L2 norm of gradient: 1.1524891441241236
Iteration 90: -14919.11408135515
L2 norm of gradient: 88.15297647249446
Iteration 91: -12937.839024089348
L2 norm of gradient: 23.78841252041234
Iteration 92: -15863.116559649166
L2 norm of gradient: 86.36104921295095
Iteration 93: -16457.5012463296
L2 norm of gradient: 3.7619609741513993
Iteration 94: -13686.81028053307
L2 norm of gradient: 80.08759358780237
Iteration 95: -14145.695925431226
L2 norm of gradient: 75.37754583844213
Iteration 96: -15383.988700717378
L2 norm of gradient: 62.03773259186926
Iteration 97: -12780.70380645487
L2 norm of gradient: 7.373300272111609
Iteration 98: -13240.299111733013
L2 norm of gradient: 116.59514373042124
Iteration 99: -14526.304205829985
L2 norm of gradient: 156.48950145259485
Iteration 100: -12394.480829485457
L2 norm of gradient: 130.06544087993797
Iteration 101: -13535.738509345158
L2 norm of gradient: 0.018083315895073896
Iteration 102: -14912.002190916166
L2 norm of gradient: 1.2262955796466606
Iteration 103: -13990.332352684236
L2 norm of gradient: 73.3914362440757
Iteration 104: -13382.733215003294
L2 norm of gradient: 16.452754356813724
Iteration 105: -12250.966422804075
L2 norm of gradient: 119.0612536713292
Iteration 106: -13313.799617509341
L2 norm of gradient: 0.9933103057150542
Iteration 107: -13086.441991682663
L2 norm of gradient: 93.17873193811451
Iteration 108: -15069.562335113265
L2 norm of gradient: 45.529706239199704
Iteration 109: -14236.367254522469
L2 norm of gradient: 33.5645374670004
Iteration 110: -14784.180491751298
L2 norm of gradient: 91.36505608078559
Iteration 111: -12486.406158749285
L2 norm of gradient: 3.5320843732737655
Iteration 112: -13236.53003850342
L2 norm of gradient: 83.19641019199969
Iteration 113: -13837.480009012352
L2 norm of gradient: 95.65327104923223
Iteration 114: -13686.19959211715
L2 norm of gradient: 0.2854954761715741
Iteration 115: -15372.793288478208
L2 norm of gradient: 141.63218780908483
Iteration 116: -13208.57621696686
L2 norm of gradient: 17.340562372961333
Iteration 117: -13175.998836600174
L2 norm of gradient: 0.060183753672483416
Iteration 118: -14297.60089009609
L2 norm of gradient: 2.426186532053053
Iteration 119: -14451.048438920703
L2 norm of gradient: 123.04014537519424
Iteration 120: -13005.108318215967
L2 norm of gradient: 12.579841227271649
Iteration 121: -13479.903022447177
L2 norm of gradient: 172.48170291392597
Iteration 122: -15382.340608469834
L2 norm of gradient: 3.1903798365841127
Iteration 123: -13836.596495098063
L2 norm of gradient: 9.948767793686535
Iteration 124: -12572.536714348244
L2 norm of gradient: 8.221891713750685
Iteration 125: -14165.386177265653
L2 norm of gradient: 5.583854807329034
Iteration 126: -14559.019235560014
L2 norm of gradient: 2.5882817051092912
Iteration 127: -14604.631556426402
L2 norm of gradient: 101.42785203017901
Iteration 128: -14149.203659782861
L2 norm of gradient: 11.091337087378806
Iteration 129: -12775.83005367092
L2 norm of gradient: 97.69651063996399
Iteration 130: -13702.768192260632
L2 norm of gradient: 140.0417811936096
Iteration 131: -14129.16855198556
L2 norm of gradient: 102.69685387673495
Iteration 132: -15169.64711693522
L2 norm of gradient: 18.429805448005084
Iteration 133: -13326.090756431993
L2 norm of gradient: 20.935026697359632
Iteration 134: -14698.271518346062
L2 norm of gradient: 8.871165490032588
Iteration 135: -16144.659391950681
L2 norm of gradient: 3.540796992906368
Iteration 136: -12775.605722531322
L2 norm of gradient: 0.5631385933404683
Iteration 137: -14451.168298536097
L2 norm of gradient: 0.3817800467884221
Iteration 138: -13529.62844596019
L2 norm of gradient: 16.348590563826377
Iteration 139: -13926.318341961538
L2 norm of gradient: 166.6192423598432
Iteration 140: -14609.450239250713
L2 norm of gradient: 11.119334843364124
Iteration 141: -13637.016743976144
L2 norm of gradient: 55.13197377325654
Iteration 142: -14266.341933642854
L2 norm of gradient: 0.40608717191705573
Iteration 143: -15219.172077049105
L2 norm of gradient: 132.86620248375203
Iteration 144: -13449.240502363296
L2 norm of gradient: 107.71899990809688
Iteration 145: -13389.619065708568
L2 norm of gradient: 8.817446436304179
Iteration 146: -14915.89003570126
L2 norm of gradient: 19.92532123046643
Iteration 147: -13394.023740455603
L2 norm of gradient: 114.10108557499558
Iteration 148: -15832.193184443375
L2 norm of gradient: 114.19896158533143
Iteration 149: -13235.17026822638
L2 norm of gradient: 121.15711452522063
Iteration 150: -14013.979937621234
L2 norm of gradient: 59.078323659134604
Iteration 151: -14258.924106396445
L2 norm of gradient: 68.3472137846372
Iteration 152: -13689.657527351726
L2 norm of gradient: 117.61930606433427
Iteration 153: -12326.751553329561
L2 norm of gradient: 61.24452002257924
Iteration 154: -14855.104757781415
L2 norm of gradient: 81.6211095842034
Iteration 155: -12164.106175984054
L2 norm of gradient: 21.51398975216856
Iteration 156: -15005.308197962497
L2 norm of gradient: 39.4327314628916
Iteration 157: -12958.417260920425
L2 norm of gradient: 8.995397652009013
Iteration 158: -12468.941306729712
L2 norm of gradient: 22.057941487803422
Iteration 159: -12557.68147397736
L2 norm of gradient: 85.32785906278163
Iteration 160: -14146.480982208124
L2 norm of gradient: 0.4386749207260275
Iteration 161: -14144.035359629084
L2 norm of gradient: 79.82134951047345
Iteration 162: -13992.917047167375
L2 norm of gradient: 6.945483138697907
Iteration 163: -14458.162457246033
L2 norm of gradient: 0.4700299860470355
Iteration 164: -13222.369891850587
L2 norm of gradient: 272.6079001701427
Iteration 165: -12145.706728914378
L2 norm of gradient: 134.9591266869925
Iteration 166: -13290.92706786786
L2 norm of gradient: 107.93645208025748
Iteration 167: -14555.049656627163
L2 norm of gradient: 2.692148111145598
Iteration 168: -13529.414171533133
L2 norm of gradient: 44.02291489940984
Iteration 169: -13931.000478720953
L2 norm of gradient: 81.98712678252205
Iteration 170: -14452.852947739251
L2 norm of gradient: 94.57491032536242
Iteration 171: -15774.597983870743
L2 norm of gradient: 9.296909065130322
Iteration 172: -15376.721826519743
L2 norm of gradient: 141.57955855220905
Iteration 173: -15920.551784164998
L2 norm of gradient: 56.02186161160889
Iteration 174: -12935.85970330064
L2 norm of gradient: 153.8643286587843
Iteration 175: -13511.068631931299
L2 norm of gradient: 2.6185108139179376
Iteration 176: -12576.354866544985
L2 norm of gradient: 204.54019582439628
Iteration 177: -13589.875653666973
L2 norm of gradient: 87.58665352113563
Iteration 178: -14920.138329821646
L2 norm of gradient: 140.67282417750016
Iteration 179: -14136.115337292995
L2 norm of gradient: 232.113250857814
Iteration 180: -15513.710006699832
L2 norm of gradient: 1.041794039307489
Iteration 181: -14143.926166015513
L2 norm of gradient: 290.5935855784576
Iteration 182: -14344.482337442674
L2 norm of gradient: 9.833474744715492
Iteration 183: -12776.210734222976
L2 norm of gradient: 109.65814100564741
Iteration 184: -13370.136673914638
L2 norm of gradient: 341.1106402857729
Iteration 185: -14643.749739791978
L2 norm of gradient: 21.801454235428626
Iteration 186: -14079.73442320372
L2 norm of gradient: 151.02638574985102
Iteration 187: -13382.389247943593
L2 norm of gradient: 3.7854502719672123
Iteration 188: -14004.366974437196
L2 norm of gradient: 7.644976103708817
Iteration 189: -12624.999018045466
L2 norm of gradient: 154.31898003053803
Iteration 190: -14592.595411672475
L2 norm of gradient: 10.720534938942901
Iteration 191: -14308.739007381155
L2 norm of gradient: 4.573657538205345
Iteration 192: -14911.648381265159
L2 norm of gradient: 9.343978349887061
Iteration 193: -15223.084337081043
L2 norm of gradient: 4.649405189811864
Iteration 194: -13529.22862795193
L2 norm of gradient: 7.560884977305785
Iteration 195: -11868.3333447376
L2 norm of gradient: 99.0489901697475
Iteration 196: -13064.954230560756
L2 norm of gradient: 116.01586506514118
Iteration 197: -15154.909919767615
L2 norm of gradient: 0.30226047077787666
Iteration 198: -14143.988137626555
L2 norm of gradient: 161.30627369891897
Iteration 199: -13528.275865636611
L2 norm of gradient: 147.9934227317518
Iteration 200: -14360.021832872722
L2 norm of gradient: 19.88674462289904
Iteration 201: -14386.29523865083
L2 norm of gradient: 7.942623185808895
Iteration 202: -15379.748976348168
L2 norm of gradient: 1.9480616514308755
Iteration 203: -14604.653549387165
L2 norm of gradient: 160.21610212982563
Iteration 204: -12846.362501722535
L2 norm of gradient: 24.54004977512462
Iteration 205: -14693.964998507468
L2 norm of gradient: 123.80778646129521
Iteration 206: -14689.0906784598
L2 norm of gradient: 154.7581328349377
Iteration 207: -14515.731562956209
L2 norm of gradient: 21.54219079298265
Iteration 208: -13464.452100463637
L2 norm of gradient: 40.04516481312345
Iteration 209: -14480.00893531781
L2 norm of gradient: 20.968868157665828
Iteration 210: -13925.588021239018
L2 norm of gradient: 138.10080489270595
Iteration 211: -13682.558733667802
L2 norm of gradient: 36.58278635366012
Iteration 212: -12646.929321324815
L2 norm of gradient: 167.29444101496887
Iteration 213: -14053.885767091284
L2 norm of gradient: 0.7284730547565887
Iteration 214: -16140.727866092588
L2 norm of gradient: 46.921196968810136
Iteration 215: -14326.393257961414
L2 norm of gradient: 3.1766798962145533
Iteration 216: -12161.196276163633
L2 norm of gradient: 153.41795912183903
Iteration 217: -12838.66375289021
L2 norm of gradient: 160.1048205389874
Iteration 218: -15127.919504763564
L2 norm of gradient: 17.120462826809373
Iteration 219: -13082.8599031789
L2 norm of gradient: 7.856110416390643
Iteration 220: -14147.586383233385
L2 norm of gradient: 128.51672763553412
Iteration 221: -13766.456051148247
L2 norm of gradient: 180.7517352313875
Iteration 222: -14895.25315678285
L2 norm of gradient: 183.0785364815474
Iteration 223: -14590.846180549672
L2 norm of gradient: 164.93916770607365
Iteration 224: -13278.98614762639
L2 norm of gradient: 181.73294614902548
Iteration 225: -14276.51984016284
L2 norm of gradient: 127.64492814869614
Iteration 226: -14133.05277818735
L2 norm of gradient: 186.40719245656103
Iteration 227: -13682.09933059308
L2 norm of gradient: 6.237453030164793
Iteration 228: -12178.709859489813
L2 norm of gradient: 185.27529696397133
Iteration 229: -13677.825686164098
L2 norm of gradient: 51.39376634413998
Iteration 230: -14936.805139320486
L2 norm of gradient: 161.7476296982276
Iteration 231: -11770.342319496576
L2 norm of gradient: 21.34362492454983
Iteration 232: -13157.55861679394
L2 norm of gradient: 114.83086917916326
Iteration 233: -14906.526328027223
L2 norm of gradient: 4.158823712047483
Iteration 234: -13990.107671707709
L2 norm of gradient: 119.86092750047264
Iteration 235: -14286.799721746169
L2 norm of gradient: 51.58034781459594
Iteration 236: -14322.410350561826
L2 norm of gradient: 229.5233548199774
Iteration 237: -14183.577083046213
L2 norm of gradient: 191.89397773589107
Iteration 238: -13055.602518540116
L2 norm of gradient: 4.058595086066656
Iteration 239: -12622.153992787395
L2 norm of gradient: 4.4572746392380385
Iteration 240: -14761.754745492646
L2 norm of gradient: 5.152925077848767
Iteration 241: -12778.709579256905
L2 norm of gradient: 213.01574320844966
Iteration 242: -14426.561735476153
L2 norm of gradient: 9.181054354562399
Iteration 243: -14453.805051122983
L2 norm of gradient: 207.49765884587498
Iteration 244: -14113.284029283303
L2 norm of gradient: 228.51735780144318
Iteration 245: -14358.480604055861
L2 norm of gradient: 168.67306453262378
Iteration 246: -12213.410196010875
L2 norm of gradient: 44.31795266231895
Iteration 247: -13091.501579472375
L2 norm of gradient: 136.95958554358043
Iteration 248: -13517.221744401659
L2 norm of gradient: 188.6957943662645
Iteration 249: -14728.029416235027
L2 norm of gradient: 331.1324046283551
Iteration 250: -14253.747424180872
L2 norm of gradient: 19.845708310569506
Iteration 251: -15222.798925551237
L2 norm of gradient: 28.59226847816134
Iteration 252: -13622.311844565722
L2 norm of gradient: 339.15657443845805
Iteration 253: -13799.920218315616
L2 norm of gradient: 550.088648349708
Iteration 254: -15291.041930766654
L2 norm of gradient: 224.84828674696467
Iteration 255: -15334.78195699368
L2 norm of gradient: 253.50912724155535
Iteration 256: -15430.083269895638
L2 norm of gradient: 251.2477290867048
Iteration 257: -14345.50259352474
L2 norm of gradient: 58.050151241234126
Iteration 258: -14334.504293963299
L2 norm of gradient: 148.7494741593488
Iteration 259: -15050.370427898746
L2 norm of gradient: 153.13378640832715
Iteration 260: -14237.503975115682
L2 norm of gradient: 158.88666215340737
Iteration 261: -13819.722971433439
L2 norm of gradient: 16.72282006750304
Iteration 262: -14009.167194090329
L2 norm of gradient: 15.296587846399593
Iteration 263: -11545.471854268308
L2 norm of gradient: 153.45248773481853
Iteration 264: -14826.68677670197
L2 norm of gradient: 0.5006201979769251
Iteration 265: -13375.99850221709
L2 norm of gradient: 4.9015401796486495
Iteration 266: -12314.946568735204
L2 norm of gradient: 15.949319261231647
Iteration 267: -13788.59913200084
L2 norm of gradient: 250.43093323794886
Iteration 268: -15015.868165753262
L2 norm of gradient: 32.548860003328265
Iteration 269: -14696.770404673789
L2 norm of gradient: 31.972515295586323
Iteration 270: -14696.48234632595
L2 norm of gradient: 9.363191216529874
Iteration 271: -14300.256871727814
L2 norm of gradient: 390.07293664017055
Iteration 272: -13760.827144644189
L2 norm of gradient: 207.1870382807469
Iteration 273: -13356.155863419233
L2 norm of gradient: 14.973537552738309
Iteration 274: -13224.007257297211
L2 norm of gradient: 480.63954712819015
Iteration 275: -14781.5672759071
L2 norm of gradient: 319.43616909606635
Iteration 276: -14284.384443606137
L2 norm of gradient: 60.911490641842306
Iteration 277: -15700.299285856374
L2 norm of gradient: 189.84067819416668
Iteration 278: -14495.065352892485
L2 norm of gradient: 5.249711164218042
Iteration 279: -14608.26630051962
L2 norm of gradient: 263.9790385736737
Iteration 280: -13778.63618551876
L2 norm of gradient: 0.7338401825721865
Iteration 281: -14912.08043985814
L2 norm of gradient: 267.88239582501666
Iteration 282: -12868.522951309877
L2 norm of gradient: 275.0900597849864
Iteration 283: -13329.520927790802
L2 norm of gradient: 23.20381530351151
Iteration 284: -14608.890450109477
L2 norm of gradient: 303.45743734172225
Iteration 285: -14546.252769048097
L2 norm of gradient: 164.3163000384646
Iteration 286: -14428.753148019461
L2 norm of gradient: 33.86693982792214
Iteration 287: -14540.367498151469
L2 norm of gradient: 58.789016156464385
Iteration 288: -12181.376752246413
L2 norm of gradient: 8.195079364595166
Iteration 289: -14614.941143818853
L2 norm of gradient: 1.3465767877384216
Iteration 290: -13529.822152312303
L2 norm of gradient: 59.54841214788821
Iteration 291: -14318.993280964412
L2 norm of gradient: 7.618786147138633
Iteration 292: -14453.702191719603
L2 norm of gradient: 212.0103629701522
Iteration 293: -13582.728288739787
L2 norm of gradient: 504.3406288606293
Iteration 294: -14841.307469413887
L2 norm of gradient: 76.91539634452158
Iteration 295: -12948.714227174658
L2 norm of gradient: 288.687876688281
Iteration 296: -15148.174987664404
L2 norm of gradient: 14.79649917877677
Iteration 297: -12917.38274187814
L2 norm of gradient: 170.6179026459607
Iteration 298: -12895.875143960388
L2 norm of gradient: 60.92014519750208
Iteration 299: -15071.272475365911
L2 norm of gradient: 314.2253451662054
Iteration 300: -15541.902549886101
L2 norm of gradient: 195.5622764928382
Iteration 301: -13724.729370762936
L2 norm of gradient: 217.44116877046054
Iteration 302: -14562.720921871389
L2 norm of gradient: 21.797568763180717
Iteration 303: -13839.028961374064
L2 norm of gradient: 30.766292053815913
Iteration 304: -13544.935175065168
L2 norm of gradient: 344.1560577438977
Iteration 305: -13778.083964657888
L2 norm of gradient: 2.9871523904990163
Iteration 306: -14911.662378037649
L2 norm of gradient: 88.75470311606406
Iteration 307: -14237.386530271593
L2 norm of gradient: 297.36597246005044
Iteration 308: -12617.723124615204
L2 norm of gradient: 196.1839427338982
Iteration 309: -15101.436092601218
L2 norm of gradient: 16.00028952757977
Iteration 310: -13392.122348364399
L2 norm of gradient: 37.0545291591535
Iteration 311: -13783.116537979822
L2 norm of gradient: 52.4695661690483
Iteration 312: -14844.111710735677
L2 norm of gradient: 299.0095432628659
Iteration 313: -14229.85696570482
L2 norm of gradient: 43.481594819182334
Iteration 314: -14383.27236718778
L2 norm of gradient: 1.4587247356927429
Iteration 315: -14911.819813620514
L2 norm of gradient: 20.394067772440543
Iteration 316: -14850.54174695497
L2 norm of gradient: 15.2819314171429
Iteration 317: -15063.658668350736
L2 norm of gradient: 186.27312965682933
Iteration 318: -15023.914074357437
L2 norm of gradient: 26.671233820859417
Iteration 319: -16141.581836011985
L2 norm of gradient: 424.13627608866915
Iteration 320: -14171.57081900309
L2 norm of gradient: 10.743295376139802
Iteration 321: -13374.697273025293
L2 norm of gradient: 234.6584028769171
Iteration 322: -14555.225848095888
L2 norm of gradient: 213.01543948837121
Iteration 323: -13116.513746018956
L2 norm of gradient: 31.37776011797468
Iteration 324: -15065.538023479876
L2 norm of gradient: 202.88728501226035
Iteration 325: -14335.107982994225
L2 norm of gradient: 307.40137794613435
Iteration 326: -13483.29307349566
L2 norm of gradient: 218.70753722899016
Iteration 327: -14721.273153422597
L2 norm of gradient: 7.72849989703098
Iteration 328: -13856.701063502747
L2 norm of gradient: 4.504928963757296
Iteration 329: -14450.743792102152
L2 norm of gradient: 189.54435700116878
Iteration 330: -14874.397003091959
L2 norm of gradient: 209.4312009154346
Iteration 331: -15253.299262961633
L2 norm of gradient: 44.12926951944295
Iteration 332: -14376.612780286167
L2 norm of gradient: 257.2882794808337
Iteration 333: -15102.072718964586
L2 norm of gradient: 319.15921200780383
Iteration 334: -14667.762554468149
L2 norm of gradient: 8.199990988656772
Iteration 335: -14146.777371492903
L2 norm of gradient: 16.089127165814833
Iteration 336: -14452.666469330281
L2 norm of gradient: 15.542981687616043
Iteration 337: -15375.361230537084
L2 norm of gradient: 83.7904263131368
Iteration 338: -13675.343917389197
L2 norm of gradient: 39.72997912262325
Iteration 339: -14097.218120708625
L2 norm of gradient: 7.142066245766625
Iteration 340: -13993.693243518703
L2 norm of gradient: 419.88948869353123
Iteration 341: -12546.052351345212
L2 norm of gradient: 252.81759355334574
Iteration 342: -13175.038981916303
L2 norm of gradient: 1.9922889143679317
Iteration 343: -14911.746165981285
L2 norm of gradient: 314.8490471433002
Iteration 344: -12831.162951177905
L2 norm of gradient: 6.021202828491539
Iteration 345: -15840.844997275317
L2 norm of gradient: 515.8464841308935
Iteration 346: -14607.141460226878
L2 norm of gradient: 442.4057322665631
Iteration 347: -12745.60079374892
L2 norm of gradient: 260.9046141347241
Iteration 348: -10578.195651082062
L2 norm of gradient: 374.96310874085304
Iteration 349: -13201.573330014355
L2 norm of gradient: 249.98477630244312
Iteration 350: -14386.152852605666
L2 norm of gradient: 442.6810191385369
Iteration 351: -14205.253079262891
L2 norm of gradient: 50.35108826922219
Iteration 352: -14220.769577951518
L2 norm of gradient: 9.021626690029272
Iteration 353: -15374.717735756452
L2 norm of gradient: 18.610607842998224
Iteration 354: -11480.17150012399
L2 norm of gradient: 258.744920209786
Iteration 355: -12859.752756665588
L2 norm of gradient: 132.76994669300942
Iteration 356: -15396.170998889384
L2 norm of gradient: 247.15139271813993
Iteration 357: -15082.893601388756
L2 norm of gradient: 212.9714267895169
Iteration 358: -12874.048498413753
L2 norm of gradient: 41.7234087633335
Iteration 359: -13834.945788431658
L2 norm of gradient: 16.676668325130223
Iteration 360: -13387.524051728244
L2 norm of gradient: 528.2085572430309
Iteration 361: -13385.960026241673
L2 norm of gradient: 732.9993676260561
Iteration 362: -15241.983601473094
L2 norm of gradient: 9.473428995652572
Iteration 363: -14301.285248268083
L2 norm of gradient: 239.92784938117157
Iteration 364: -13693.970649581042
L2 norm of gradient: 51.49698209394745
Iteration 365: -13453.239493263934
L2 norm of gradient: 272.4533412326715
Iteration 366: -13086.887724075636
L2 norm of gradient: 14.762183940341684
Iteration 367: -14303.271287841477
L2 norm of gradient: 53.49002310846696
Iteration 368: -13624.311558427327
L2 norm of gradient: 221.21051179618152
Iteration 369: -15161.576013760292
L2 norm of gradient: 29.54724806839719
Iteration 370: -14298.5282795524
L2 norm of gradient: 49.01094227734748
Iteration 371: -15914.79453963013
L2 norm of gradient: 259.6886253424694
Iteration 372: -12339.899998269215
L2 norm of gradient: 634.1747487559486
Iteration 373: -12974.158373121145
L2 norm of gradient: 263.0879463344095
Iteration 374: -14762.380885520324
L2 norm of gradient: 9.482466656488342
Iteration 375: -12314.386531642402
L2 norm of gradient: 25.83766749898292
Iteration 376: -14293.714563910718
L2 norm of gradient: 31.546304781612477
Iteration 377: -15071.681679843943
L2 norm of gradient: 372.26136235269325
Iteration 378: -13107.232577478182
L2 norm of gradient: 311.16511099160937
Iteration 379: -14517.195234389612
L2 norm of gradient: 247.68116343699612
Iteration 380: -13085.362426804568
L2 norm of gradient: 18.588819404863393
Iteration 381: -12781.588714299904
L2 norm of gradient: 137.2594369686391
Iteration 382: -15143.489918402869
L2 norm of gradient: 370.93116025123123
Iteration 383: -15063.676542865927
L2 norm of gradient: 240.09459042584373
Iteration 384: -15303.671241854963
L2 norm of gradient: 544.9367483639047
Iteration 385: -12218.56198321658
L2 norm of gradient: 287.05836101597873
Iteration 386: -12928.10067278698
L2 norm of gradient: 14.110240612232284
Iteration 387: -13837.350140446444
L2 norm of gradient: 276.0846752084745
Iteration 388: -12482.36818717067
L2 norm of gradient: 560.5964643569479
Iteration 389: -13121.429823222401
L2 norm of gradient: 273.7326079505586
Iteration 390: -14072.445699271133
L2 norm of gradient: 320.01877112553535
Iteration 391: -14201.753196387719
L2 norm of gradient: 34.70496478639612
Iteration 392: -14444.671856267094
L2 norm of gradient: 52.19506614235961
Iteration 393: -15001.91102463835
L2 norm of gradient: 9.223510708712377
Iteration 394: -14617.060245000892
L2 norm of gradient: 232.15339373513194
Iteration 395: -12701.875225128182
L2 norm of gradient: 74.73423903686188
Iteration 396: -14685.680063646922
L2 norm of gradient: 27.83201547077269
Iteration 397: -12464.124409729417
L2 norm of gradient: 312.99152309179397
Iteration 398: -14496.905906219108
L2 norm of gradient: 409.23604280555526
Iteration 399: -13897.049297103727
L2 norm of gradient: 7.763596202226822
Iteration 400: -14757.950062986307
L2 norm of gradient: 129.04711433065424
Iteration 401: -14997.547658125155
L2 norm of gradient: 309.7289159237489
Iteration 402: -14045.344480318563
L2 norm of gradient: 12.570769844054999
Iteration 403: -14608.197926821042
L2 norm of gradient: 60.220465576778835
Iteration 404: -14375.685845711856
L2 norm of gradient: 54.37289274963992
Iteration 405: -14235.056864202199
L2 norm of gradient: 35.20114943350375
Iteration 406: -15215.169000831796
L2 norm of gradient: 5.442205234122747
Iteration 407: -11869.548078538148
L2 norm of gradient: 20.31441400675002
Iteration 408: -14602.24792866473
L2 norm of gradient: 43.18429098038555
Iteration 409: -12704.947967319398
L2 norm of gradient: 254.8049774140032
Iteration 410: -14222.944999573101
L2 norm of gradient: 259.6715957184142
Iteration 411: -14375.070516104082
L2 norm of gradient: 35.899984297168224
Iteration 412: -14687.173323711635
L2 norm of gradient: 244.83310282199315
Iteration 413: -13761.157788895327
L2 norm of gradient: 12.694871393330875
Iteration 414: -13987.714118852231
L2 norm of gradient: 330.4227811109758
Iteration 415: -14597.727331437403
L2 norm of gradient: 478.3508486622565
Iteration 416: -13549.654334509027
L2 norm of gradient: 53.8975519248277
Iteration 417: -15768.639010760662
L2 norm of gradient: 42.719684005297324
Iteration 418: -13981.368789550674
L2 norm of gradient: 62.29123805994927
Iteration 419: -13923.059636718443
L2 norm of gradient: 283.77395070265305
Iteration 420: -13399.841337206493
L2 norm of gradient: 4.044039452336035
Iteration 421: -15066.344812630912
L2 norm of gradient: 58.11139954662627
Iteration 422: -14533.671214998853
L2 norm of gradient: 40.6976490531508
Iteration 423: -14748.837579128369
L2 norm of gradient: 570.0322488009006
Iteration 424: -13861.963344475316
L2 norm of gradient: 39.31095790462793
Iteration 425: -14442.730498176796
L2 norm of gradient: 37.10916245049017
Iteration 426: -14137.518367096196
L2 norm of gradient: 685.882069968679
Iteration 427: -14592.530311829772
L2 norm of gradient: 63.70018134750356
Iteration 428: -14384.306353972443
L2 norm of gradient: 426.93006628159753
Iteration 429: -14680.756270808206
L2 norm of gradient: 546.3833808751141
Iteration 430: -13943.619807789932
L2 norm of gradient: 68.93073146902846
Iteration 431: -15774.962702702702
L2 norm of gradient: 62.42799774412915
Iteration 432: -12921.87496645546
L2 norm of gradient: 52.10766907981551
Iteration 433: -14399.422636915275
L2 norm of gradient: 467.9602453956231
Iteration 434: -12989.31584959507
L2 norm of gradient: 327.5389166295566
Iteration 435: -14336.395720794015
L2 norm of gradient: 136.54086636359546
Iteration 436: -13914.465346942814
L2 norm of gradient: 53.045154391719706
Iteration 437: -14067.141601832303
L2 norm of gradient: 229.07629183205182
Iteration 438: -12854.972054956255
L2 norm of gradient: 409.96776765372977
Iteration 439: -15350.191644065097
L2 norm of gradient: 143.31435747557424
Iteration 440: -13981.720991072461
L2 norm of gradient: 31.284467578875088
Iteration 441: -12795.613835786098
L2 norm of gradient: 139.55381870170177
Iteration 442: -12940.042350883066
L2 norm of gradient: 671.350009481297
Iteration 443: -14419.970747609437
L2 norm of gradient: 56.46508138621043
Iteration 444: -14229.240942577493
L2 norm of gradient: 14.731005468981051
Iteration 445: -14299.702440897918
L2 norm of gradient: 276.7641031116067
Iteration 446: -14816.832590887598
L2 norm of gradient: 7.9904073575475785
Iteration 447: -12775.382960658206
L2 norm of gradient: 596.6280371941847
Iteration 448: -14647.052534627932
L2 norm of gradient: 545.7681787917074
Iteration 449: -14726.615219374957
L2 norm of gradient: 293.26174848170825
Iteration 450: -14720.170175251942
L2 norm of gradient: 67.55651283149123
Iteration 451: -14537.676728732407
L2 norm of gradient: 5.061324297575313
Iteration 452: -14605.003365695387
L2 norm of gradient: 57.653866894558846
Iteration 453: -13634.08278786458
L2 norm of gradient: 433.4997223011236
Iteration 454: -14716.269159726058
L2 norm of gradient: 68.04848223569502
Iteration 455: -12732.109601427093
L2 norm of gradient: 668.6890236595198
Iteration 456: -13848.724427928064
L2 norm of gradient: 512.9638638383128
Iteration 457: -14722.22039407671
L2 norm of gradient: 35.87323227128837
Iteration 458: -14294.636807470612
L2 norm of gradient: 124.9042308494299
Iteration 459: -13701.146848372759
L2 norm of gradient: 45.80211314703928
Iteration 460: -11689.882703349747
L2 norm of gradient: 79.0734987314891
Iteration 461: -13361.160468893004
L2 norm of gradient: 249.3844385427731
Iteration 462: -13441.535161995333
L2 norm of gradient: 443.8294887785407
Iteration 463: -12960.68946145478
L2 norm of gradient: 335.3224789494645
Iteration 464: -14327.143298929166
L2 norm of gradient: 52.71898752305228
Iteration 465: -12766.531225296889
L2 norm of gradient: 9.173506230201427
Iteration 466: -13852.51552677714
L2 norm of gradient: 77.3349556855859
Iteration 467: -14063.061898194985
L2 norm of gradient: 443.5264229928183
Iteration 468: -13759.922129679855
L2 norm of gradient: 294.92967631374637
Iteration 469: -13584.034657849059
L2 norm of gradient: 475.3865377870715
Iteration 470: -13855.30974551738
L2 norm of gradient: 292.87094662064635
Iteration 471: -12115.820902949148
L2 norm of gradient: 130.73747539780817
Iteration 472: -14613.849327560143
L2 norm of gradient: 603.09207902073
Iteration 473: -12122.863446461588
L2 norm of gradient: 57.579161871730165
Iteration 474: -13921.004063201908
L2 norm of gradient: 67.88127258711305
Iteration 475: -13776.239839346297
L2 norm of gradient: 134.46366078659065
Iteration 476: -14268.86972926934
L2 norm of gradient: 317.1176555686789
Iteration 477: -13142.550572635188
L2 norm of gradient: 349.24187360741826
Iteration 478: -13693.626421059691
L2 norm of gradient: 48.06595079595407
Iteration 479: -15541.861530528497
L2 norm of gradient: 335.71215037492635
Iteration 480: -13491.998442696407
L2 norm of gradient: 91.26751864982457
Iteration 481: -12694.202473421448
L2 norm of gradient: 65.1066308804434
Iteration 482: -14770.173279928818
L2 norm of gradient: 761.989889443725
Iteration 483: -14444.199509609809
L2 norm of gradient: 455.1243448120088
Iteration 484: -14535.515595352068
L2 norm of gradient: 329.10251681313684
Iteration 485: -13154.49273970382
L2 norm of gradient: 40.090460273502266
Iteration 486: -13228.890951339974
L2 norm of gradient: 483.82208903377017
Iteration 487: -14050.678605000448
L2 norm of gradient: 65.9344155591688
Iteration 488: -12859.517896576079
L2 norm of gradient: 5.050198074646245
Iteration 489: -15372.576718552635
L2 norm of gradient: 316.3123543337416
Iteration 490: -13544.646418652095
L2 norm of gradient: 516.7205459840028
Iteration 491: -14751.142204124024
L2 norm of gradient: 13.296253362425496
Iteration 492: -14312.094601010076
L2 norm of gradient: 755.8737971686644
Iteration 493: -14341.28805024178
L2 norm of gradient: 90.70701984991317
Iteration 494: -12843.745449192693
L2 norm of gradient: 622.4793078527526
Iteration 495: -14354.018926626264
L2 norm of gradient: 321.54635885005536
Iteration 496: -13615.886189881236
L2 norm of gradient: 16.053705109999946
Iteration 497: -14762.867461778795
L2 norm of gradient: 382.58231409794024
Iteration 498: -14154.04307724708
L2 norm of gradient: 588.2006609413999
Iteration 499: -10339.870806628303
[ { query: [ 'Who is a doctor', [Object] ],
    trueResult: 
     Marginal:
         "John and Mary are doctors" : 0.380020640450514
         "John and Mary are doctors and teachers" : 0.20855974943514632
         "John is a doctor" : 0.08655534418766547
         "Mary is a doctor" : 0.08655534418766547
         "John is a doctor and a teacher" : 0.04750258005631425
         "Mary is a doctor and a teacher" : 0.04750258005631425
         "John and Mary are doctors or teachers" : 0.018309772241219994
         "John or Mary is a doctor and a teacher" : 0.01641723975145466
         "John is a doctor or a teacher" : 0.014074838535204214
         "Mary is a doctor or a teacher" : 0.014074838535204214
         "John or Mary is a doctor" : 0.014074838535204214
         "Mary is a teacher" : 0.010819418023458179
         "John is a teacher" : 0.010819418023458179
         "John is not a teacher" : 0.008015222008949992
         "Mary is not a teacher" : 0.008015222008949992
         "John and Mary are teachers" : 0.0059378225070392835
         "John or Mary is a teacher" : 0.005937822507039272
         "John and Mary are not teachers" : 0.0043988471043886965
         "John or Mary is not a teacher" : 0.0043988471043886965
         "John or Mary is a doctor or a teacher" : 0.003954910804103521
         "John is not a doctor and a teacher" : 0.0013033621050040592
         "Mary is not a doctor and a teacher" : 0.0013033621050040592
         "John or Mary is not a doctor and a teacher" : 0.0012360388998589598
         "John and Mary are not doctors and teachers" : 0.00021194082645043896,
    learnedResult: 
     Marginal:
         "John is a doctor" : 0.2576749578811216
         "Mary is a doctor" : 0.2576749578811216
         "John is a teacher" : 0.03220936973514019
         "Mary is a teacher" : 0.03220936973514019
         "John and Mary are doctors" : 0.029464088200152453
         "Mary is not a teacher" : 0.023861287976466118
         "John is not a teacher" : 0.023861287976466073
         "John is a doctor and a teacher" : 0.022997248858319327
         "Mary is a doctor and a teacher" : 0.022997248858319327
         "John or Mary is a doctor" : 0.019271963610922895
         "Mary is a doctor or a teacher" : 0.018435363783932623
         "John is a doctor or a teacher" : 0.01843536378393259
         "John or Mary is a teacher" : 0.017676876901899684
         "John and Mary are teachers" : 0.017676876901899684
         "John is not a doctor" : 0.017061432920154548
         "Mary is not a doctor" : 0.017061432920154548
         "John and Mary are not teachers" : 0.013095352493675097
         "John or Mary is not a teacher" : 0.013095352493675072
         "John is not a doctor or a teacher" : 0.013042450593424522
         "Mary is not a doctor or a teacher" : 0.013042450593424522
         "John or Mary is not a doctor" : 0.01300222303709445
         "John is not a doctor and a teacher" : 0.01280316389669482
         "Mary is not a doctor and a teacher" : 0.012803163896694796
         "John and Mary are not doctors" : 0.012464782976864467
         "John and Mary are doctors and teachers" : 0.010120854553507218
         "John and Mary are doctors or teachers" : 0.00977443423757833
         "John or Mary is a doctor and a teacher" : 0.00976144316586521
         "John or Mary is a doctor or a teacher" : 0.00971200299917686
         "John or Mary is not a doctor or a teacher" : 0.007186223867387559
         "John or Mary is not a doctor and a teacher" : 0.007183177053346515
         "John and Mary are not doctors or teachers" : 0.007182355729350419
         "John and Mary are not doctors and teachers" : 0.007161440487097104,
    KLDivergence: 1.4147561515925045 },
  { query: [ 'Who is a doctor', [Object] ],
    trueResult: 
     Marginal:
         "John and Mary are doctors" : 0.380020640450514
         "John and Mary are doctors and teachers" : 0.20855974943514632
         "John is a doctor" : 0.08655534418766547
         "Mary is a doctor" : 0.08655534418766547
         "John is a doctor and a teacher" : 0.04750258005631425
         "Mary is a doctor and a teacher" : 0.04750258005631425
         "John and Mary are doctors or teachers" : 0.018309772241219994
         "John or Mary is a doctor and a teacher" : 0.01641723975145466
         "John is a doctor or a teacher" : 0.014074838535204214
         "Mary is a doctor or a teacher" : 0.014074838535204214
         "John or Mary is a doctor" : 0.014074838535204214
         "Mary is a teacher" : 0.010819418023458179
         "John is a teacher" : 0.010819418023458179
         "John is not a teacher" : 0.008015222008949992
         "Mary is not a teacher" : 0.008015222008949992
         "John and Mary are teachers" : 0.0059378225070392835
         "John or Mary is a teacher" : 0.005937822507039272
         "John and Mary are not teachers" : 0.0043988471043886965
         "John or Mary is not a teacher" : 0.0043988471043886965
         "John or Mary is a doctor or a teacher" : 0.003954910804103521
         "John is not a doctor and a teacher" : 0.0013033621050040592
         "Mary is not a doctor and a teacher" : 0.0013033621050040592
         "John or Mary is not a doctor and a teacher" : 0.0012360388998589598
         "John and Mary are not doctors and teachers" : 0.00021194082645043896,
    learnedResult: 
     Marginal:
         "John is a doctor" : 0.2576749578811216
         "Mary is a doctor" : 0.2576749578811216
         "John is a teacher" : 0.03220936973514019
         "Mary is a teacher" : 0.03220936973514019
         "John and Mary are doctors" : 0.029464088200152453
         "Mary is not a teacher" : 0.023861287976466118
         "John is not a teacher" : 0.023861287976466073
         "John is a doctor and a teacher" : 0.022997248858319327
         "Mary is a doctor and a teacher" : 0.022997248858319327
         "John or Mary is a doctor" : 0.019271963610922895
         "Mary is a doctor or a teacher" : 0.018435363783932623
         "John is a doctor or a teacher" : 0.01843536378393259
         "John or Mary is a teacher" : 0.017676876901899684
         "John and Mary are teachers" : 0.017676876901899684
         "John is not a doctor" : 0.017061432920154548
         "Mary is not a doctor" : 0.017061432920154548
         "John and Mary are not teachers" : 0.013095352493675097
         "John or Mary is not a teacher" : 0.013095352493675072
         "John is not a doctor or a teacher" : 0.013042450593424522
         "Mary is not a doctor or a teacher" : 0.013042450593424522
         "John or Mary is not a doctor" : 0.01300222303709445
         "John is not a doctor and a teacher" : 0.01280316389669482
         "Mary is not a doctor and a teacher" : 0.012803163896694796
         "John and Mary are not doctors" : 0.012464782976864467
         "John and Mary are doctors and teachers" : 0.010120854553507218
         "John and Mary are doctors or teachers" : 0.00977443423757833
         "John or Mary is a doctor and a teacher" : 0.00976144316586521
         "John or Mary is a doctor or a teacher" : 0.00971200299917686
         "John or Mary is not a doctor or a teacher" : 0.007186223867387559
         "John or Mary is not a doctor and a teacher" : 0.007183177053346515
         "John and Mary are not doctors or teachers" : 0.007182355729350419
         "John and Mary are not doctors and teachers" : 0.007161440487097104,
    KLDivergence: 1.4147561515925045 },
  { query: [ 'Who is a doctor and a teacher', [Object] ],
    trueResult: 
     Marginal:
         "John is a doctor and a teacher" : 0.5057429117707349
         "John is a doctor" : 0.11519045846271186
         "John is a teacher" : 0.11519045846271186
         "John or Mary is a doctor and a teacher" : 0.051789172217255514
         "Mary is not a teacher" : 0.02528450088232814
         "Mary is not a doctor" : 0.02528450088232814
         "John and Mary are teachers" : 0.018731218954471676
         "John and Mary are doctors" : 0.018731218954471676
         "John or Mary is a teacher" : 0.018731218954471645
         "John is a doctor or a teacher" : 0.018731218954471645
         "John or Mary is a doctor" : 0.018731218954471645
         "Mary is not a doctor or a teacher" : 0.013876428297051366
         "Mary is not a doctor and a teacher" : 0.013876428297051366
         "John and Mary are doctors or teachers" : 0.007219910001734958
         "Mary is a doctor or a teacher" : 0.00554999080132493
         "John or Mary is a doctor or a teacher" : 0.005263314391264789
         "Mary is a doctor" : 0.004266313276396742
         "Mary is a teacher" : 0.004266313276396742
         "John or Mary is not a doctor" : 0.004111534310237441
         "John or Mary is not a teacher" : 0.004111534310237441
         "John or Mary is not a doctor and a teacher" : 0.003899159202225257
         "John or Mary is not a doctor or a teacher" : 0.0014209763856506024,
    learnedResult: 
     Marginal:
         "John is a teacher" : 0.061589628600328676
         "John is a doctor" : 0.06156279962048364
         "Mary is a doctor" : 0.05963504583790184
         "Mary is a teacher" : 0.0596348677395396
         "Mary is not a teacher" : 0.04417011640755101
         "Mary is not a doctor" : 0.0441701024518539
         "John is not a doctor" : 0.04402081239646748
         "John is not a teacher" : 0.04401875918339193
         "John is a doctor and a teacher" : 0.03291806240475656
         "John and Mary are teachers" : 0.032821048476475365
         "John and Mary are doctors" : 0.03281973391251977
         "John is a doctor or a teacher" : 0.03275355630051306
         "John or Mary is a teacher" : 0.03273776167968705
         "John or Mary is a doctor" : 0.03273755985033415
         "Mary is a doctor and a teacher" : 0.03272312919048598
         "Mary is a doctor or a teacher" : 0.0327227796579718
         "Mary is not a doctor or a teacher" : 0.024241507782346447
         "Mary is not a doctor and a teacher" : 0.024241475417609376
         "John or Mary is not a doctor" : 0.02424061842649282
         "John or Mary is not a teacher" : 0.02424060625482645
         "John is not a doctor or a teacher" : 0.024239328601896183
         "John and Mary are not doctors" : 0.02423516275412497
         "John and Mary are not teachers" : 0.024235076802778102
         "John is not a doctor and a teacher" : 0.024229695358583027
         "John and Mary are doctors and teachers" : 0.01796677841414562
         "John and Mary are doctors or teachers" : 0.01796006348983688
         "John or Mary is a doctor and a teacher" : 0.017959725880600436
         "John or Mary is a doctor or a teacher" : 0.017958774363023556
         "John or Mary is not a doctor or a teacher" : 0.013304014520125243
         "John or Mary is not a doctor and a teacher" : 0.013303955529887647
         "John and Mary are not doctors or teachers" : 0.013303934423382078
         "John and Mary are not doctors and teachers" : 0.013303518270079405,
    KLDivergence: 1.4167979932261727 },
  { query: [ 'Who is a doctor or a teacher', [Object] ],
    trueResult: 
     Marginal:
         "John and Mary are doctors" : 0.1056107851909732
         "John and Mary are teachers" : 0.1056107851909732
         "John is a doctor" : 0.08118368320238828
         "John is a teacher" : 0.08118368320238828
         "Mary is a teacher" : 0.08118368320238828
         "Mary is a doctor" : 0.08118368320238828
         "John and Mary are doctors or teachers" : 0.05796042780983282
         "John and Mary are doctors and teachers" : 0.05796042780983277
         "Mary is a doctor and a teacher" : 0.044554550002441795
         "John is a doctor and a teacher" : 0.044554550002441795
         "Mary is a doctor or a teacher" : 0.04455455000244175
         "John is a doctor or a teacher" : 0.04455455000244175
         "John or Mary is a teacher" : 0.03129208450102909
         "John or Mary is a doctor" : 0.03129208450102909
         "John or Mary is a doctor and a teacher" : 0.021122604886965272
         "John or Mary is a doctor or a teacher" : 0.012519452406923889
         "John is not a doctor and a teacher" : 0.009779799246246973
         "Mary is not a doctor and a teacher" : 0.009779799246246973
         "John is not a teacher" : 0.007517793967297686
         "Mary is not a teacher" : 0.007517793967297686
         "Mary is not a doctor" : 0.007517793967297686
         "John is not a doctor" : 0.007517793967297686
         "John or Mary is not a doctor and a teacher" : 0.00651387501985663
         "John or Mary is not a doctor" : 0.00565960604528182
         "John or Mary is not a teacher" : 0.00565960604528182
         "John and Mary are not doctors and teachers" : 0.0037696035994540657
         "John and Mary are not doctors" : 0.0012224749057808738
         "John and Mary are not teachers" : 0.0012224749057808738,
    learnedResult: 
     Marginal:
         "John is a teacher" : 0.05992324405217836
         "John is a doctor" : 0.05991912495223344
         "Mary is a doctor" : 0.059857946924667435
         "Mary is a teacher" : 0.05985780887726361
         "Mary is not a teacher" : 0.04434549854439765
         "Mary is not a doctor" : 0.044345487725402546
         "John is not a doctor" : 0.044340694915148915
         "John is not a teacher" : 0.04434037234618607
         "John is a doctor and a teacher" : 0.03285801668065238
         "John and Mary are teachers" : 0.03285490509291698
         "John and Mary are doctors" : 0.03285470504016406
         "John is a doctor or a teacher" : 0.03285281114661099
         "John or Mary is a teacher" : 0.03285230199593094
         "John or Mary is a doctor" : 0.032852271278856114
         "Mary is a doctor or a teacher" : 0.03285179627531328
         "Mary is a doctor and a teacher" : 0.03285160330477972
         "Mary is not a doctor and a teacher" : 0.024337247380127887
         "Mary is not a doctor or a teacher" : 0.024337236447351106
         "John or Mary is not a doctor" : 0.024337207457462193
         "John or Mary is not a teacher" : 0.02433720560441969
         "John is not a doctor or a teacher" : 0.024337164564361177
         "John and Mary are not doctors" : 0.024337045710228475
         "John and Mary are not teachers" : 0.024337032603607624
         "John is not a doctor and a teacher" : 0.024336859012633147
         "John and Mary are doctors and teachers" : 0.018029716742716625
         "John and Mary are doctors or teachers" : 0.018029512322860243
         "John or Mary is a doctor and a teacher" : 0.018029501918434807
         "John or Mary is a doctor or a teacher" : 0.01802947300646932
         "John or Mary is not a doctor or a teacher" : 0.01335655685728315
         "John or Mary is not a doctor and a teacher" : 0.013356555064568872
         "John and Mary are not doctors or teachers" : 0.013356554414565184
         "John and Mary are not doctors and teachers" : 0.013356541740207938,
    KLDivergence: 0.42634907395902355 },
  { query: [ 'Who is not a doctor and a teacher', [Object] ],
    trueResult: 
     Marginal:
         "John is a doctor and a teacher" : 0.5057429117707349
         "John is a doctor" : 0.11519045846271186
         "John is a teacher" : 0.11519045846271186
         "John or Mary is a doctor and a teacher" : 0.051789172217255514
         "Mary is not a teacher" : 0.02528450088232814
         "Mary is not a doctor" : 0.02528450088232814
         "John and Mary are teachers" : 0.018731218954471676
         "John and Mary are doctors" : 0.018731218954471676
         "John or Mary is a teacher" : 0.018731218954471645
         "John is a doctor or a teacher" : 0.018731218954471645
         "John or Mary is a doctor" : 0.018731218954471645
         "Mary is not a doctor or a teacher" : 0.013876428297051366
         "Mary is not a doctor and a teacher" : 0.013876428297051366
         "John and Mary are doctors or teachers" : 0.007219910001734958
         "Mary is a doctor or a teacher" : 0.00554999080132493
         "John or Mary is a doctor or a teacher" : 0.005263314391264789
         "Mary is a doctor" : 0.004266313276396742
         "Mary is a teacher" : 0.004266313276396742
         "John or Mary is not a doctor" : 0.004111534310237441
         "John or Mary is not a teacher" : 0.004111534310237441
         "John or Mary is not a doctor and a teacher" : 0.003899159202225257
         "John or Mary is not a doctor or a teacher" : 0.0014209763856506024,
    learnedResult: 
     Marginal:
         "John is a teacher" : 0.05987876376028651
         "John is a doctor" : 0.05987858372859887
         "Mary is a doctor" : 0.059865473306757455
         "Mary is a teacher" : 0.059865472079585855
         "Mary is not a teacher" : 0.04434960030053682
         "Mary is not a doctor" : 0.044349600204363585
         "John is not a doctor" : 0.04434857282611098
         "John is not a teacher" : 0.044348558719356036
         "John is a doctor and a teacher" : 0.0328562930622517
         "John and Mary are teachers" : 0.032855627970938564
         "John and Mary are doctors" : 0.032855618977719
         "John is a doctor or a teacher" : 0.032855188204713344
         "John or Mary is a teacher" : 0.032855079678353806
         "John or Mary is a doctor" : 0.03285507829528811
         "Mary is a doctor or a teacher" : 0.03285497671269352
         "Mary is a doctor and a teacher" : 0.032854955591665846
         "Mary is not a doctor and a teacher" : 0.024339569283903708
         "Mary is not a doctor or a teacher" : 0.02433956812681729
         "John or Mary is not a doctor" : 0.024339561966915724
         "John or Mary is not a teacher" : 0.02433956188348007
         "John is not a doctor or a teacher" : 0.024339553146863792
         "John and Mary are not doctors" : 0.02433952602926558
         "John and Mary are not teachers" : 0.02433952543998789
         "John is not a doctor and a teacher" : 0.024339488289987367
         "John and Mary are doctors and teachers" : 0.018031249505309658
         "John and Mary are doctors or teachers" : 0.018031205287650544
         "John or Mary is a doctor and a teacher" : 0.018031203054035556
         "John or Mary is a doctor or a teacher" : 0.018031196794253385
         "John or Mary is not a doctor or a teacher" : 0.013357837989248469
         "John or Mary is not a doctor and a teacher" : 0.013357837601136015
         "John and Mary are not doctors or teachers" : 0.013357837461538772
         "John and Mary are not doctors and teachers" : 0.013357834720386421,
    KLDivergence: 1.4232730370391369 },
  { query: [ 'Who is not a doctor or a teacher', [Object] ],
    trueResult: 
     Marginal:
         "John and Mary are doctors" : 0.1056107851909732
         "John and Mary are teachers" : 0.1056107851909732
         "John is a doctor" : 0.08118368320238828
         "John is a teacher" : 0.08118368320238828
         "Mary is a teacher" : 0.08118368320238828
         "Mary is a doctor" : 0.08118368320238828
         "John and Mary are doctors or teachers" : 0.05796042780983282
         "John and Mary are doctors and teachers" : 0.05796042780983277
         "Mary is a doctor and a teacher" : 0.044554550002441795
         "John is a doctor and a teacher" : 0.044554550002441795
         "Mary is a doctor or a teacher" : 0.04455455000244175
         "John is a doctor or a teacher" : 0.04455455000244175
         "John or Mary is a teacher" : 0.03129208450102909
         "John or Mary is a doctor" : 0.03129208450102909
         "John or Mary is a doctor and a teacher" : 0.021122604886965272
         "John or Mary is a doctor or a teacher" : 0.012519452406923889
         "John is not a doctor and a teacher" : 0.009779799246246973
         "Mary is not a doctor and a teacher" : 0.009779799246246973
         "John is not a teacher" : 0.007517793967297686
         "Mary is not a teacher" : 0.007517793967297686
         "Mary is not a doctor" : 0.007517793967297686
         "John is not a doctor" : 0.007517793967297686
         "John or Mary is not a doctor and a teacher" : 0.00651387501985663
         "John or Mary is not a doctor" : 0.00565960604528182
         "John or Mary is not a teacher" : 0.00565960604528182
         "John and Mary are not doctors and teachers" : 0.0037696035994540657
         "John and Mary are not doctors" : 0.0012224749057808738
         "John and Mary are not teachers" : 0.0012224749057808738,
    learnedResult: 
     Marginal:
         "John is a teacher" : 0.05986765773873193
         "John is a doctor" : 0.0598676284311124
         "Mary is a doctor" : 0.05986719292844239
         "Mary is a teacher" : 0.059867191944458435
         "Mary is not a teacher" : 0.044350719502785796
         "Mary is not a doctor" : 0.0443507194256713
         "John is not a doctor" : 0.04435068529558358
         "John is not a teacher" : 0.0443506829987693
         "John is a doctor and a teacher" : 0.03285586418913091
         "John and Mary are teachers" : 0.03285584203351366
         "John and Mary are doctors" : 0.03285584060930377
         "John is a doctor or a teacher" : 0.032855827173223724
         "John or Mary is a teacher" : 0.03285582354766631
         "John or Mary is a doctor" : 0.032855823328975624
         "Mary is a doctor or a teacher" : 0.03285581994654336
         "Mary is a doctor and a teacher" : 0.03285581852269993
         "Mary is not a doctor and a teacher" : 0.02434019035374348
         "Mary is not a doctor or a teacher" : 0.024340190272979765
         "John or Mary is not a doctor" : 0.0243401900664482
         "John or Mary is not a teacher" : 0.02434019005325528
         "John is not a doctor or a teacher" : 0.024340189761111613
         "John and Mary are not doctors" : 0.024340188917967753
         "John and Mary are not teachers" : 0.02434018882465344
         "John is not a doctor and a teacher" : 0.02434018758820721
         "John and Mary are doctors and teachers" : 0.01803165821342466
         "John and Mary are doctors or teachers" : 0.01803165676186833
         "John or Mary is a doctor and a teacher" : 0.018031656687963003
         "John or Mary is a doctor or a teacher" : 0.018031656482677946
         "John or Mary is not a doctor or a teacher" : 0.013358179634127151
         "John or Mary is not a doctor and a teacher" : 0.013358179621398202
         "John and Mary are not doctors or teachers" : 0.013358179616781153
         "John and Mary are not doctors and teachers" : 0.013358179526781042,
    KLDivergence: 0.42641534443589113 },
  { query: [ 'What is John', [Object] ],
    trueResult: 
     Marginal:
         "John is a doctor" : 0.23702792248662735
         "John is not a teacher" : 0.17559460378842734
         "John and Mary are doctors" : 0.130083681939854
         "John and Mary are not teachers" : 0.09636836179440914
         "John or Mary is a doctor" : 0.03854331316736411
         "John is a doctor or a teacher" : 0.03854331316736411
         "Mary is a teacher" : 0.029628490310828412
         "Mary is a doctor" : 0.029628490310828412
         "John is not a doctor and a teacher" : 0.02855358867982489
         "John or Mary is not a teacher" : 0.02855358867982489
         "Mary is not a doctor" : 0.02194932547355341
         "Mary is not a teacher" : 0.02194932547355341
         "John and Mary are doctors or teachers" : 0.021153018759865538
         "Mary is a doctor and a teacher" : 0.01626046024248175
         "Mary is a doctor or a teacher" : 0.016260460242481723
         "John and Mary are not doctors and teachers" : 0.0156705417197306
         "Mary is not a doctor or a teacher" : 0.012046045224301137
         "Mary is not a doctor and a teacher" : 0.012046045224301137
         "John or Mary is a doctor or a teacher" : 0.010830345605051172
         "John or Mary is not a doctor and a teacher" : 0.008023317360502066
         "John or Mary is a teacher" : 0.004817914145920514
         "John or Mary is not a doctor" : 0.0035691985849781176
         "John or Mary is a doctor and a teacher" : 0.0016651064329923299
         "John or Mary is not a doctor or a teacher" : 0.0012335411849350591,
    learnedResult: 
     Marginal:
         "John is a doctor" : 0.3512412010942015
         "John is not a teacher" : 0.04397872423652552
         "Mary is a teacher" : 0.043905150136775165
         "Mary is a doctor" : 0.043905150136775165
         "Mary is not a teacher" : 0.03252573520308944
         "Mary is not a doctor" : 0.032525735203089386
         "John and Mary are doctors" : 0.03134794850567096
         "John or Mary is a doctor" : 0.02512956389446428
         "Mary is a doctor or a teacher" : 0.024095657279517454
         "Mary is a doctor and a teacher" : 0.024095657279517412
         "John is a doctor or a teacher" : 0.024022670000500426
         "John is a doctor and a teacher" : 0.02392742863279775
         "John is not a doctor" : 0.023256734921163563
         "John or Mary is a teacher" : 0.023090505553351834
         "John and Mary are not teachers" : 0.018288234416636052
         "John and Mary are teachers" : 0.018058193181093765
         "John or Mary is not a teacher" : 0.0179120733405801
         "John is not a doctor and a teacher" : 0.017858876167957564
         "John is not a doctor or a teacher" : 0.017855602286509953
         "Mary is not a doctor or a teacher" : 0.0178505019519686
         "Mary is not a doctor and a teacher" : 0.017850501951968568
         "John or Mary is not a doctor" : 0.017789071823249982
         "John and Mary are not doctors" : 0.017419810622945273
         "John or Mary is a doctor or a teacher" : 0.013223470460889232
         "John or Mary is a doctor and a teacher" : 0.013222953183956327
         "John and Mary are doctors or teachers" : 0.01322041236363312
         "John and Mary are doctors and teachers" : 0.013215533386361786
         "John and Mary are not doctors and teachers" : 0.009796915908009025
         "John and Mary are not doctors or teachers" : 0.009796779071225215
         "John or Mary is not a doctor and a teacher" : 0.009796614018447891
         "John or Mary is not a doctor or a teacher" : 0.009796593787128025,
    KLDivergence: 0.487989924977678 },
  { query: [ 'What is John', [Object] ],
    trueResult: 
     Marginal:
         "John is a doctor and a teacher" : 0.37545849217947985
         "John and Mary are doctors and teachers" : 0.20605598937841657
         "John is a doctor" : 0.08551624717081296
         "John is a teacher" : 0.08551624717081296
         "John and Mary are teachers" : 0.046932311522435
         "John and Mary are doctors" : 0.046932311522435
         "John or Mary is a doctor and a teacher" : 0.03844776478197857
         "John or Mary is a teacher" : 0.013905870080721474
         "John is a doctor or a teacher" : 0.013905870080721474
         "John or Mary is a doctor" : 0.013905870080721474
         "Mary is a teacher" : 0.010689530896351615
         "Mary is a doctor" : 0.010689530896351615
         "Mary is not a doctor" : 0.007918999258557448
         "Mary is not a teacher" : 0.007918999258557448
         "John and Mary are doctors or teachers" : 0.007631703310311726
         "Mary is a doctor and a teacher" : 0.005866538940304378
         "Mary is a doctor or a teacher" : 0.0058665389403043675
         "Mary is not a doctor or a teacher" : 0.004346038939316297
         "Mary is not a doctor and a teacher" : 0.004346038939316297
         "John or Mary is a doctor or a teacher" : 0.003907432094879606
         "John or Mary is not a doctor" : 0.0012877152412789025
         "John or Mary is not a teacher" : 0.0012877152412789025
         "John or Mary is not a doctor and a teacher" : 0.0012212002512970355
         "John or Mary is not a doctor or a teacher" : 0.00044504382335897773,
    learnedResult: 
     Marginal:
         "John is a doctor" : 0.2576751599812659
         "John is a teacher" : 0.2576751599812659
         "Mary is a teacher" : 0.03220939499765823
         "Mary is a doctor" : 0.03220939499765823
         "John is a doctor and a teacher" : 0.029464111309485723
         "Mary is not a teacher" : 0.02386130669139978
         "Mary is not a doctor" : 0.023861306691399735
         "John and Mary are teachers" : 0.022997266895568077
         "John and Mary are doctors" : 0.022997266895568077
         "John is a doctor or a teacher" : 0.01927197872634835
         "John or Mary is a doctor" : 0.018435378243194443
         "John or Mary is a teacher" : 0.018435378243194443
         "Mary is a doctor or a teacher" : 0.017676890766263564
         "Mary is a doctor and a teacher" : 0.017676890766263532
         "John is not a teacher" : 0.017061446301812125
         "John is not a doctor" : 0.017061446301812125
         "Mary is not a doctor or a teacher" : 0.013095362764648451
         "Mary is not a doctor and a teacher" : 0.013095362764648429
         "John or Mary is not a doctor" : 0.013050296815107427
         "John or Mary is not a teacher" : 0.013050296815107403
         "John is not a doctor or a teacher" : 0.012985980738114812
         "John and Mary are not teachers" : 0.012779401946945672
         "John and Mary are not doctors" : 0.012779401946945672
         "John is not a doctor and a teacher" : 0.01250940525478176
         "John and Mary are doctors and teachers" : 0.010122862153504783
         "John and Mary are doctors or teachers" : 0.009776528748960038
         "John or Mary is a doctor and a teacher" : 0.009760168388669381
         "John or Mary is a doctor or a teacher" : 0.009712022701292802
         "John or Mary is not a doctor or a teacher" : 0.007186229150978745
         "John or Mary is not a doctor and a teacher" : 0.007183269749566527
         "John and Mary are not doctors or teachers" : 0.00718224040246452
         "John and Mary are not doctors and teachers" : 0.007161391868104418,
    KLDivergence: 1.4166988741517645 },
  { query: [ 'What isn\'t John', [Object] ],
    trueResult: 
     Marginal:
         "John is a doctor and a teacher" : 0.37545849217947985
         "John and Mary are doctors and teachers" : 0.20605598937841657
         "John is a doctor" : 0.08551624717081296
         "John is a teacher" : 0.08551624717081296
         "John and Mary are teachers" : 0.046932311522435
         "John and Mary are doctors" : 0.046932311522435
         "John or Mary is a doctor and a teacher" : 0.03844776478197857
         "John or Mary is a teacher" : 0.013905870080721474
         "John is a doctor or a teacher" : 0.013905870080721474
         "John or Mary is a doctor" : 0.013905870080721474
         "Mary is a teacher" : 0.010689530896351615
         "Mary is a doctor" : 0.010689530896351615
         "Mary is not a doctor" : 0.007918999258557448
         "Mary is not a teacher" : 0.007918999258557448
         "John and Mary are doctors or teachers" : 0.007631703310311726
         "Mary is a doctor and a teacher" : 0.005866538940304378
         "Mary is a doctor or a teacher" : 0.0058665389403043675
         "Mary is not a doctor or a teacher" : 0.004346038939316297
         "Mary is not a doctor and a teacher" : 0.004346038939316297
         "John or Mary is a doctor or a teacher" : 0.003907432094879606
         "John or Mary is not a doctor" : 0.0012877152412789025
         "John or Mary is not a teacher" : 0.0012877152412789025
         "John or Mary is not a doctor and a teacher" : 0.0012212002512970355
         "John or Mary is not a doctor or a teacher" : 0.00044504382335897773,
    learnedResult: 
     Marginal:
         "John is a doctor" : 0.06094393939319563
         "John is a teacher" : 0.06094393939319563
         "Mary is a doctor" : 0.05971519752481537
         "Mary is a teacher" : 0.05971519752481537
         "Mary is not a teacher" : 0.04423810637799098
         "Mary is not a doctor" : 0.0442381063779909
         "John is not a doctor" : 0.04414253230773181
         "John is not a teacher" : 0.04414253230773181
         "John is a doctor and a teacher" : 0.03289619635602349
         "John and Mary are teachers" : 0.03283382972768124
         "John and Mary are doctors" : 0.03283382972768124
         "John is a doctor or a teacher" : 0.03279194790972549
         "John or Mary is a teacher" : 0.03278184197888237
         "John or Mary is a doctor" : 0.03278184197888237
         "Mary is a doctor or a teacher" : 0.03277239525327188
         "Mary is a doctor and a teacher" : 0.03277239525327182
         "Mary is not a doctor or a teacher" : 0.024278387539006845
         "Mary is not a doctor and a teacher" : 0.024278387539006803
         "John or Mary is not a doctor" : 0.024277817708630117
         "John or Mary is not a teacher" : 0.024277817708630075
         "John is not a doctor or a teacher" : 0.024277002923202458
         "John and Mary are not teachers" : 0.024274364660422803
         "John and Mary are not doctors" : 0.024274364660422803
         "John is not a doctor and a teacher" : 0.024270900483445965
         "John and Mary are doctors and teachers" : 0.017991079337514745
         "John and Mary are doctors or teachers" : 0.017986818566613716
         "John or Mary is a doctor and a teacher" : 0.017986609688875423
         "John or Mary is a doctor or a teacher" : 0.017986007304342216
         "John or Mary is not a doctor or a teacher" : 0.013324253276537277
         "John or Mary is not a doctor and a teacher" : 0.013324216045151636
         "John and Mary are not doctors or teachers" : 0.013324202910352943
         "John and Mary are not doctors and teachers" : 0.013323940254956304,
    KLDivergence: 1.3778158723658365 },
  { query: [ 'What isn\'t John', [Object] ],
    trueResult: 
     Marginal:
         "John is a doctor and a teacher" : 0.37545849217947985
         "John and Mary are doctors and teachers" : 0.20605598937841657
         "John is a doctor" : 0.08551624717081296
         "John is a teacher" : 0.08551624717081296
         "John and Mary are teachers" : 0.046932311522435
         "John and Mary are doctors" : 0.046932311522435
         "John or Mary is a doctor and a teacher" : 0.03844776478197857
         "John or Mary is a teacher" : 0.013905870080721474
         "John is a doctor or a teacher" : 0.013905870080721474
         "John or Mary is a doctor" : 0.013905870080721474
         "Mary is a teacher" : 0.010689530896351615
         "Mary is a doctor" : 0.010689530896351615
         "Mary is not a doctor" : 0.007918999258557448
         "Mary is not a teacher" : 0.007918999258557448
         "John and Mary are doctors or teachers" : 0.007631703310311726
         "Mary is a doctor and a teacher" : 0.005866538940304378
         "Mary is a doctor or a teacher" : 0.0058665389403043675
         "Mary is not a doctor or a teacher" : 0.004346038939316297
         "Mary is not a doctor and a teacher" : 0.004346038939316297
         "John or Mary is a doctor or a teacher" : 0.003907432094879606
         "John or Mary is not a doctor" : 0.0012877152412789025
         "John or Mary is not a teacher" : 0.0012877152412789025
         "John or Mary is not a doctor and a teacher" : 0.0012212002512970355
         "John or Mary is not a doctor or a teacher" : 0.00044504382335897773,
    learnedResult: 
     Marginal:
         "John is a doctor" : 0.06094393939319563
         "John is a teacher" : 0.06094393939319563
         "Mary is a doctor" : 0.05971519752481537
         "Mary is a teacher" : 0.05971519752481537
         "Mary is not a teacher" : 0.04423810637799098
         "Mary is not a doctor" : 0.0442381063779909
         "John is not a doctor" : 0.04414253230773181
         "John is not a teacher" : 0.04414253230773181
         "John is a doctor and a teacher" : 0.03289619635602349
         "John and Mary are teachers" : 0.03283382972768124
         "John and Mary are doctors" : 0.03283382972768124
         "John is a doctor or a teacher" : 0.03279194790972549
         "John or Mary is a teacher" : 0.03278184197888237
         "John or Mary is a doctor" : 0.03278184197888237
         "Mary is a doctor or a teacher" : 0.03277239525327188
         "Mary is a doctor and a teacher" : 0.03277239525327182
         "Mary is not a doctor or a teacher" : 0.024278387539006845
         "Mary is not a doctor and a teacher" : 0.024278387539006803
         "John or Mary is not a doctor" : 0.024277817708630117
         "John or Mary is not a teacher" : 0.024277817708630075
         "John is not a doctor or a teacher" : 0.024277002923202458
         "John and Mary are not teachers" : 0.024274364660422803
         "John and Mary are not doctors" : 0.024274364660422803
         "John is not a doctor and a teacher" : 0.024270900483445965
         "John and Mary are doctors and teachers" : 0.017991079337514745
         "John and Mary are doctors or teachers" : 0.017986818566613716
         "John or Mary is a doctor and a teacher" : 0.017986609688875423
         "John or Mary is a doctor or a teacher" : 0.017986007304342216
         "John or Mary is not a doctor or a teacher" : 0.013324253276537277
         "John or Mary is not a doctor and a teacher" : 0.013324216045151636
         "John and Mary are not doctors or teachers" : 0.013324202910352943
         "John and Mary are not doctors and teachers" : 0.013323940254956304,
    KLDivergence: 1.3778158723658365 } ]
