L2 norm of gradient: 113.44258191678702
Iteration 0: -12809.173580422004
L2 norm of gradient: 66.8016399983404
Iteration 1: -13859.132604853667
L2 norm of gradient: 71.95712194918556
Iteration 2: -13553.420102774955
L2 norm of gradient: 19.83133906119736
Iteration 3: -15157.193800499712
L2 norm of gradient: 247.23158590891697
Iteration 4: -14707.544616744828
L2 norm of gradient: 74.19621774422556
Iteration 5: -14613.383475666258
L2 norm of gradient: 128.4642392527889
Iteration 6: -13538.289763840576
L2 norm of gradient: 9.275168040092575
Iteration 7: -13325.74725779013
L2 norm of gradient: 82.5856321399152
Iteration 8: -15097.658203445595
L2 norm of gradient: 0.7589583148295824
Iteration 9: -14758.387522613442
L2 norm of gradient: 11.175040363487906
Iteration 10: -15926.566535820068
L2 norm of gradient: 36.22675145007732
Iteration 11: -15088.182437868747
L2 norm of gradient: 0.10303204599548185
Iteration 12: -14451.2008128607
L2 norm of gradient: 115.43109180655486
Iteration 13: -12561.090210345035
L2 norm of gradient: 80.60478883612325
Iteration 14: -13316.02812771706
L2 norm of gradient: 126.59092534604372
Iteration 15: -14305.546131110434
L2 norm of gradient: 3.0015461839406
Iteration 16: -14147.615878956402
L2 norm of gradient: 68.60827727013208
Iteration 17: -13548.68595969576
L2 norm of gradient: 8.616638307678642
Iteration 18: -14302.217274233253
L2 norm of gradient: 133.34362000823228
Iteration 19: -13849.235102924342
L2 norm of gradient: 0.07201336536724505
Iteration 20: -14144.00253011411
L2 norm of gradient: 3.1261791364861007
Iteration 21: -12622.147369790006
L2 norm of gradient: 71.97175493457854
Iteration 22: -14766.625919861388
L2 norm of gradient: 71.20538557405483
Iteration 23: -13548.51096712533
L2 norm of gradient: 124.87670187798086
Iteration 24: -12940.387678780078
L2 norm of gradient: 0.05962735237706265
Iteration 25: -15219.202805599745
L2 norm of gradient: 147.69972356685446
Iteration 26: -14304.251386622193
L2 norm of gradient: 11.037663132737283
Iteration 27: -13929.717557198837
L2 norm of gradient: 16.84637401407607
Iteration 28: -14078.704761592944
L2 norm of gradient: 3.0070892552799413
Iteration 29: -11700.367452376784
L2 norm of gradient: 16.057231942769725
Iteration 30: -14767.520458025116
L2 norm of gradient: 124.01359043046911
Iteration 31: -15076.452376494468
L2 norm of gradient: 252.53453011640107
Iteration 32: -14473.251769007067
L2 norm of gradient: 33.95946603141606
Iteration 33: -14027.068707908504
L2 norm of gradient: 73.4936473524628
Iteration 34: -13621.952389918617
L2 norm of gradient: 2.9402949867082233
Iteration 35: -14301.043747325628
L2 norm of gradient: 16.76513165132907
Iteration 36: -15003.727265815434
L2 norm of gradient: 128.8410972618137
Iteration 37: -15845.843813318534
L2 norm of gradient: 188.7195160330234
Iteration 38: -15394.951558289094
L2 norm of gradient: 16.663927592320967
Iteration 39: -15000.288626095604
L2 norm of gradient: 58.89649207646685
Iteration 40: -12938.72843065823
L2 norm of gradient: 0.16642606327843545
Iteration 41: -15219.19968732147
L2 norm of gradient: 158.0582288006294
Iteration 42: -15161.426176647255
L2 norm of gradient: 6.081018311461665
Iteration 43: -12625.780287066045
L2 norm of gradient: 35.96555762298448
Iteration 44: -13415.860965652646
L2 norm of gradient: 230.36323892291767
Iteration 45: -13783.491073933836
L2 norm of gradient: 0.6710192477230421
Iteration 46: -13529.593914005665
L2 norm of gradient: 76.30399626976921
Iteration 47: -14096.304690762086
L2 norm of gradient: 81.64763129796853
Iteration 48: -13941.28610699388
L2 norm of gradient: 55.098542207325856
Iteration 49: -14922.10565761465
L2 norm of gradient: 16.54595383902561
Iteration 50: -14542.812815577163
L2 norm of gradient: 108.69515539747836
Iteration 51: -14388.05403718289
L2 norm of gradient: 64.8338379281399
Iteration 52: -15070.002015570135
L2 norm of gradient: 8.205838344449566
Iteration 53: -12930.434741919053
L2 norm of gradient: 240.76426767844526
Iteration 54: -14939.72415632723
L2 norm of gradient: 8.203941160257589
Iteration 55: -11869.255649875833
L2 norm of gradient: 135.52930648434946
Iteration 56: -14612.28787529918
L2 norm of gradient: 81.00112153057327
Iteration 57: -13856.196624748054
L2 norm of gradient: 136.36439615812986
Iteration 58: -12940.638853749815
L2 norm of gradient: 129.1576003018968
Iteration 59: -12718.103458281601
L2 norm of gradient: 3.0863912345112756
Iteration 60: -13686.833339841138
L2 norm of gradient: 17.96137991472918
Iteration 61: -14999.764196366228
L2 norm of gradient: 70.08529858493021
Iteration 62: -15468.75832978441
L2 norm of gradient: 0.09333944807008539
Iteration 63: -14297.60300310313
L2 norm of gradient: 118.4086474933491
Iteration 64: -13073.488305392195
L2 norm of gradient: 64.96021299940774
Iteration 65: -15693.95536231861
L2 norm of gradient: 0.183921884718271
Iteration 66: -15379.867945710133
L2 norm of gradient: 8.075950896746917
Iteration 67: -14159.136128906019
L2 norm of gradient: 80.3943787054628
Iteration 68: -13788.775237833983
L2 norm of gradient: 54.4213494209479
Iteration 69: -15689.288251257509
L2 norm of gradient: 99.15975579473347
Iteration 70: -11954.936910339555
L2 norm of gradient: 16.94305282330311
Iteration 71: -14078.409724236153
L2 norm of gradient: 93.5967946611723
Iteration 72: -14453.586773149598
L2 norm of gradient: 241.6268703824995
Iteration 73: -14771.450668599515
L2 norm of gradient: 120.65851348324793
Iteration 74: -14395.0223694536
L2 norm of gradient: 17.54927780619387
Iteration 75: -13938.567012547102
L2 norm of gradient: 74.2305506539653
Iteration 76: -13988.904041547783
L2 norm of gradient: 2.888000705589376
Iteration 77: -12929.134541025842
L2 norm of gradient: 97.74328223061124
Iteration 78: -13859.04118679265
L2 norm of gradient: 243.5844477684528
Iteration 79: -15624.428905239563
L2 norm of gradient: 58.373356640658194
Iteration 80: -13537.037810873586
L2 norm of gradient: 51.6743670293249
Iteration 81: -13960.215139818138
L2 norm of gradient: 17.054873926123417
Iteration 82: -15003.267209178215
L2 norm of gradient: 203.38946076249462
Iteration 83: -14301.762769001896
L2 norm of gradient: 65.94770528876974
Iteration 84: -14699.635550573963
L2 norm of gradient: 6.304813688222845
Iteration 85: -13536.950044177433
L2 norm of gradient: 9.29499980239911
Iteration 86: -13328.82713179821
L2 norm of gradient: 75.73987573267476
Iteration 87: -14763.44333534542
L2 norm of gradient: 106.74593584490373
Iteration 88: -11959.124706762643
L2 norm of gradient: 73.83563670704181
Iteration 89: -15312.000024930456
L2 norm of gradient: 75.02765958435891
Iteration 90: -14145.143025994626
L2 norm of gradient: 17.71373351954498
Iteration 91: -14078.083549371915
L2 norm of gradient: 0.22847750373669776
Iteration 92: -13536.66857039612
L2 norm of gradient: 91.5542843197692
Iteration 93: -13990.642923616218
L2 norm of gradient: 6.633722786901668
Iteration 94: -13086.728000929412
L2 norm of gradient: 134.1124104975025
Iteration 95: -14327.381618239859
L2 norm of gradient: 3.1808573467253147
Iteration 96: -12621.891568518375
L2 norm of gradient: 17.493669906704298
Iteration 97: -14168.114592064983
L2 norm of gradient: 111.40388601076967
Iteration 98: -15526.354617970184
L2 norm of gradient: 0.09054100855758593
Iteration 99: -14604.803897088117
L2 norm of gradient: 131.4417579466869
Iteration 100: -13102.36385362845
L2 norm of gradient: 106.93037738214217
Iteration 101: -14387.442284819968
L2 norm of gradient: 18.210673477127774
Iteration 102: -14231.476875274222
L2 norm of gradient: 10.415164590578799
Iteration 103: -14696.85295192949
L2 norm of gradient: 173.2970981460266
Iteration 104: -13232.432227254001
L2 norm of gradient: 121.48003625975089
Iteration 105: -14751.920770862249
L2 norm of gradient: 87.05080769184262
Iteration 106: -15002.431054690785
L2 norm of gradient: 18.389410835289464
Iteration 107: -13463.392790280956
L2 norm of gradient: 121.14787806308613
Iteration 108: -13845.57335833793
L2 norm of gradient: 76.72647300370299
Iteration 109: -14763.289750455026
L2 norm of gradient: 178.71492284754396
Iteration 110: -13844.970076958627
L2 norm of gradient: 10.06267888547351
Iteration 111: -12944.536938712861
L2 norm of gradient: 119.21460294498357
Iteration 112: -14296.06493558983
L2 norm of gradient: 108.40337193777204
Iteration 113: -13928.922315181404
L2 norm of gradient: 109.02522252692935
Iteration 114: -14846.854142919725
L2 norm of gradient: 179.34655745348965
Iteration 115: -13395.36480768867
L2 norm of gradient: 152.66382066094945
Iteration 116: -12262.448451618699
L2 norm of gradient: 1.1617625454765679
Iteration 117: -12607.973526288764
L2 norm of gradient: 3.6390326715700487
Iteration 118: -14301.347389371853
L2 norm of gradient: 1.5621905822555953
Iteration 119: -13836.748546132583
L2 norm of gradient: 141.1582752425136
Iteration 120: -14747.685322523615
L2 norm of gradient: 121.23715464714351
Iteration 121: -14451.774660872688
L2 norm of gradient: 20.75376578213804
Iteration 122: -14383.983384085739
L2 norm of gradient: 7.256252849398977
Iteration 123: -12022.204900701765
L2 norm of gradient: 0.29950864656439274
Iteration 124: -14604.805131407797
L2 norm of gradient: 0.3262555476500992
Iteration 125: -15219.210495519463
L2 norm of gradient: 157.61494162385947
Iteration 126: -13296.614571583284
L2 norm of gradient: 150.20773653727008
Iteration 127: -14460.533731590145
L2 norm of gradient: 0.7314360878354713
Iteration 128: -15065.64637215472
L2 norm of gradient: 3.7883883245810472
Iteration 129: -12622.2724876454
L2 norm of gradient: 10.973663838780187
Iteration 130: -14009.321147528746
L2 norm of gradient: 96.7962732180569
Iteration 131: -13677.178131069504
L2 norm of gradient: 296.8770151558707
Iteration 132: -12907.76754152084
L2 norm of gradient: 99.72932976806511
Iteration 133: -14139.756546343186
L2 norm of gradient: 236.27670005992934
Iteration 134: -14997.408065569067
L2 norm of gradient: 113.78015104614848
Iteration 135: -14686.92760941167
L2 norm of gradient: 313.19343778492413
Iteration 136: -14882.17376804311
L2 norm of gradient: 20.816497897655445
Iteration 137: -15152.497383054013
L2 norm of gradient: 100.88286239807249
Iteration 138: -14597.377443604373
L2 norm of gradient: 9.35324154918393
Iteration 139: -14456.539639635748
L2 norm of gradient: 115.67784213761065
Iteration 140: -13457.345694647318
L2 norm of gradient: 178.33954507318862
Iteration 141: -14523.919887352826
L2 norm of gradient: 107.98761404546424
Iteration 142: -11859.196675488834
L2 norm of gradient: 20.270338599129236
Iteration 143: -13465.716149952825
L2 norm of gradient: 128.87409545368402
Iteration 144: -13067.17793066511
L2 norm of gradient: 0.535613164050922
Iteration 145: -14451.243004563188
L2 norm of gradient: 15.17025147938443
Iteration 146: -15006.755228548434
L2 norm of gradient: 114.50722287318143
Iteration 147: -13922.552098906648
L2 norm of gradient: 112.38205815536242
Iteration 148: -14439.535153774403
L2 norm of gradient: 0.3611482563661823
Iteration 149: -14144.020084858337
L2 norm of gradient: 114.35540347079564
Iteration 150: -14444.509000339382
L2 norm of gradient: 11.88834575722274
Iteration 151: -15382.099998034148
L2 norm of gradient: 120.31169012766348
Iteration 152: -13921.294594363828
L2 norm of gradient: 4.779209855101932
Iteration 153: -14455.011481906953
L2 norm of gradient: 4.1193383589956065
Iteration 154: -14147.777911920733
L2 norm of gradient: 127.36155316021369
Iteration 155: -14222.156362971054
L2 norm of gradient: 12.2389971105998
Iteration 156: -15464.68309858173
L2 norm of gradient: 233.7410531348717
Iteration 157: -15131.374477205183
L2 norm of gradient: 4.532822063050548
Iteration 158: -14454.416963652193
L2 norm of gradient: 113.44340119054944
Iteration 159: -12480.573897526645
L2 norm of gradient: 186.64930087506718
Iteration 160: -15199.160493163641
L2 norm of gradient: 108.8183566502784
Iteration 161: -13320.34394765911
L2 norm of gradient: 153.0588166663087
Iteration 162: -13765.101000769133
L2 norm of gradient: 228.7973613019033
Iteration 163: -14421.305718096393
L2 norm of gradient: 45.069251639883404
Iteration 164: -13854.739558615782
L2 norm of gradient: 91.90644869139115
Iteration 165: -13987.527048017011
L2 norm of gradient: 121.47186278820716
Iteration 166: -14293.822047672958
L2 norm of gradient: 188.4219470475388
Iteration 167: -13291.047264529687
L2 norm of gradient: 122.8054430951931
Iteration 168: -14312.910659950016
L2 norm of gradient: 250.19005072740273
Iteration 169: -14657.636339972474
L2 norm of gradient: 0.3586909126502577
Iteration 170: -14604.791988695255
L2 norm of gradient: 127.92497894977333
Iteration 171: -14596.550233580729
L2 norm of gradient: 24.529840726243883
Iteration 172: -14076.229868828492
L2 norm of gradient: 142.03752976865843
Iteration 173: -13834.888553643967
L2 norm of gradient: 17.462744761575866
Iteration 174: -15618.000156692018
L2 norm of gradient: 109.9271912199282
Iteration 175: -15061.854321286908
L2 norm of gradient: 4.936915607997551
Iteration 176: -12010.860824230245
L2 norm of gradient: 25.608045247483542
Iteration 177: -14535.73728904247
L2 norm of gradient: 226.74988356859168
Iteration 178: -13287.996750125523
L2 norm of gradient: 208.93814496920186
Iteration 179: -14725.651279866905
L2 norm of gradient: 16.621577699958166
Iteration 180: -14545.145513436757
L2 norm of gradient: 217.72374143151384
Iteration 181: -15500.591911477393
L2 norm of gradient: 198.58535087418545
Iteration 182: -13304.649508856204
L2 norm of gradient: 28.30010418415097
Iteration 183: -13170.830727922348
L2 norm of gradient: 142.96602410712788
Iteration 184: -14445.591860020395
L2 norm of gradient: 107.80719947667261
Iteration 185: -13180.146034642736
L2 norm of gradient: 1.281081407735867
Iteration 186: -14297.557156372404
L2 norm of gradient: 155.1435081701951
Iteration 187: -14976.130404429237
L2 norm of gradient: 252.5184846653199
Iteration 188: -14228.048195335523
L2 norm of gradient: 271.47685486578786
Iteration 189: -14562.887857425643
L2 norm of gradient: 77.51874070396379
Iteration 190: -15064.904141626082
L2 norm of gradient: 227.77983974183965
Iteration 191: -13660.041718389955
L2 norm of gradient: 140.66351273540312
Iteration 192: -15759.70619554973
L2 norm of gradient: 17.23868443547745
Iteration 193: -13231.625686306128
L2 norm of gradient: 137.84798544560587
Iteration 194: -12853.52185056373
L2 norm of gradient: 2.3025947598997267
Iteration 195: -13529.430077883928
L2 norm of gradient: 161.28524163743063
Iteration 196: -14307.834717259633
L2 norm of gradient: 0.16017954920576796
Iteration 197: -12915.206877184417
L2 norm of gradient: 141.61811900836702
Iteration 198: -13368.613118253224
L2 norm of gradient: 375.47517669879255
Iteration 199: -15471.09578690808
L2 norm of gradient: 16.369169712393294
Iteration 200: -14762.265256383449
L2 norm of gradient: 4.685239704758825
Iteration 201: -13993.672867856474
L2 norm of gradient: 11.059900463332914
Iteration 202: -14610.707581479393
L2 norm of gradient: 285.7237374619205
Iteration 203: -14446.304627149442
L2 norm of gradient: 17.707112019914383
Iteration 204: -13693.64519048628
L2 norm of gradient: 9.920630632919448
Iteration 205: -12176.274258473388
L2 norm of gradient: 246.09999383343714
Iteration 206: -15324.36846695982
L2 norm of gradient: 1.5061638069809586
Iteration 207: -15372.64163076401
L2 norm of gradient: 14.125476251000938
Iteration 208: -13930.995894394939
L2 norm of gradient: 5.621133126476028
Iteration 209: -12782.364854206406
L2 norm of gradient: 240.63425748227354
Iteration 210: -13495.268938549923
L2 norm of gradient: 7.832468602640149
Iteration 211: -14605.530981263904
L2 norm of gradient: 14.219858887802713
Iteration 212: -14918.3862767078
L2 norm of gradient: 180.09232948015614
Iteration 213: -14355.73402079766
L2 norm of gradient: 147.3678381511277
Iteration 214: -14519.432115626445
L2 norm of gradient: 160.11297158905668
Iteration 215: -14891.558440289551
L2 norm of gradient: 163.24218804519438
Iteration 216: -13071.793801969206
L2 norm of gradient: 252.77592732190269
Iteration 217: -14247.795321572868
L2 norm of gradient: 8.549516718150992
Iteration 218: -12472.75842861136
L2 norm of gradient: 309.93581847431506
Iteration 219: -13171.997136734028
L2 norm of gradient: 0.6361485839822425
Iteration 220: -14758.360277516655
L2 norm of gradient: 2.972859493743457
Iteration 221: -14912.024772854116
L2 norm of gradient: 144.1470278611635
Iteration 222: -14601.497014061446
L2 norm of gradient: 328.46882089951083
Iteration 223: -15172.883247104477
L2 norm of gradient: 256.82289433609884
Iteration 224: -13640.677762804884
L2 norm of gradient: 19.859913032843608
Iteration 225: -14769.163217757441
L2 norm of gradient: 59.011984739456004
Iteration 226: -12946.153251212905
L2 norm of gradient: 271.3685148574129
Iteration 227: -14235.451178858846
L2 norm of gradient: 154.95535586795535
Iteration 228: -14981.280999423167
L2 norm of gradient: 23.046949807667307
Iteration 229: -14312.949968730556
L2 norm of gradient: 30.580297077218194
Iteration 230: -14691.500543960514
L2 norm of gradient: 17.080749143462317
Iteration 231: -14619.245367505655
L2 norm of gradient: 5.570890948479591
Iteration 232: -12485.827649448767
L2 norm of gradient: 3.7484717434446115
Iteration 233: -13529.410445753623
L2 norm of gradient: 10.665313833340813
Iteration 234: -13700.210375132767
L2 norm of gradient: 278.18267694336924
Iteration 235: -14845.119463039347
L2 norm of gradient: 19.772555398847405
Iteration 236: -13168.439289864427
L2 norm of gradient: 310.9376775055613
Iteration 237: -13253.097183952796
L2 norm of gradient: 16.57467368955759
Iteration 238: -13015.598300127682
L2 norm of gradient: 5.749171574066149
Iteration 239: -14454.377206897403
L2 norm of gradient: 176.26852328814016
Iteration 240: -14281.24013250188
L2 norm of gradient: 503.589024731184
Iteration 241: -14508.327218477454
L2 norm of gradient: 4.460043749409365
Iteration 242: -14765.249042536156
L2 norm of gradient: 199.58096253041484
Iteration 243: -13433.284179746843
L2 norm of gradient: 169.44500286049248
Iteration 244: -12613.419094855082
L2 norm of gradient: 4.168705029771183
Iteration 245: -13543.45081393266
L2 norm of gradient: 506.13053273881883
Iteration 246: -14052.995664061953
L2 norm of gradient: 105.44718080372053
Iteration 247: -13913.668249366407
L2 norm of gradient: 18.42056154007694
Iteration 248: -14459.043286348773
L2 norm of gradient: 301.1173143363774
Iteration 249: -15600.349550619852
L2 norm of gradient: 264.8354210998871
Iteration 250: -15018.802951827538
L2 norm of gradient: 467.03791291467434
Iteration 251: -14180.43568689803
L2 norm of gradient: 5.550680297366138
Iteration 252: -14147.478377061818
L2 norm of gradient: 12.681349534839802
Iteration 253: -13395.15962044987
L2 norm of gradient: 310.0952408218143
Iteration 254: -12230.101063280434
L2 norm of gradient: 15.127928430002319
Iteration 255: -14148.40087440518
L2 norm of gradient: 190.8262348603807
Iteration 256: -11393.287775749279
L2 norm of gradient: 224.53271238047543
Iteration 257: -15262.154590056085
L2 norm of gradient: 187.49965625122258
Iteration 258: -11850.312302274526
L2 norm of gradient: 74.33853914720801
Iteration 259: -13242.922855637178
L2 norm of gradient: 41.28162117039441
Iteration 260: -12862.63302910582
L2 norm of gradient: 173.01216942141107
Iteration 261: -12988.203111435545
L2 norm of gradient: 102.89405223890223
Iteration 262: -15001.762296077393
L2 norm of gradient: 7.590677402623417
Iteration 263: -15068.100701363646
L2 norm of gradient: 205.25514074872396
Iteration 264: -14562.87804766992
L2 norm of gradient: 193.14650209518337
Iteration 265: -15479.043460906725
L2 norm of gradient: 0.18004565772468892
Iteration 266: -13990.399319629912
L2 norm of gradient: 109.25332799254683
Iteration 267: -15675.245681424389
L2 norm of gradient: 35.87443161239171
Iteration 268: -13308.450973398605
L2 norm of gradient: 1.6832211539381898
Iteration 269: -14451.102821644181
L2 norm of gradient: 19.11147314007158
Iteration 270: -14762.455427497434
L2 norm of gradient: 38.49995086887978
Iteration 271: -14843.570999363794
L2 norm of gradient: 42.483718839924826
Iteration 272: -14690.031951473968
L2 norm of gradient: 579.9126258371912
Iteration 273: -14070.590326035379
L2 norm of gradient: 180.37490011318872
Iteration 274: -14971.786290774173
L2 norm of gradient: 9.303555655118426
Iteration 275: -13835.96384052883
L2 norm of gradient: 336.1961452814383
Iteration 276: -14214.827202049777
L2 norm of gradient: 7.028591695753283
Iteration 277: -13082.738878367018
L2 norm of gradient: 25.00664732688434
Iteration 278: -15215.536898927967
L2 norm of gradient: 90.43014501055823
Iteration 279: -15223.760526003787
L2 norm of gradient: 195.35502158291487
Iteration 280: -12534.523645436275
L2 norm of gradient: 175.38441970446607
Iteration 281: -14506.924859637782
L2 norm of gradient: 2.8023174624259086
Iteration 282: -14007.776439422625
L2 norm of gradient: 413.23685476295645
Iteration 283: -11798.927555938297
L2 norm of gradient: 214.60621609467282
Iteration 284: -14085.250038464608
L2 norm of gradient: 350.17899472512937
Iteration 285: -14486.026094331151
L2 norm of gradient: 56.31649416586257
Iteration 286: -13863.752219734773
L2 norm of gradient: 698.7333010652682
Iteration 287: -14226.593493594839
L2 norm of gradient: 2.9421705054196794
Iteration 288: -13990.340785344459
L2 norm of gradient: 349.85400819788975
Iteration 289: -13889.159320269435
L2 norm of gradient: 219.50327646146428
Iteration 290: -14081.396614127454
L2 norm of gradient: 12.435167176986575
Iteration 291: -14304.139110037044
L2 norm of gradient: 26.095635508615512
Iteration 292: -14534.770588957956
L2 norm of gradient: 38.52564961494048
Iteration 293: -13765.939544805204
L2 norm of gradient: 74.33888068924435
Iteration 294: -14766.488387097144
L2 norm of gradient: 17.54979752621022
Iteration 295: -13999.930617323396
L2 norm of gradient: 764.7323724086025
Iteration 296: -14900.363092845555
L2 norm of gradient: 41.11172822088585
Iteration 297: -12551.229068431227
L2 norm of gradient: 37.1721699820831
Iteration 298: -14686.459755744985
L2 norm of gradient: 13.685077405600824
Iteration 299: -13682.195296319296
L2 norm of gradient: 23.44204053891671
Iteration 300: -12567.80900867435
L2 norm of gradient: 258.9209990308637
Iteration 301: -13845.692667299525
L2 norm of gradient: 368.0996398814716
Iteration 302: -12952.708962972665
L2 norm of gradient: 370.7572026072769
Iteration 303: -14473.821694337212
L2 norm of gradient: 399.73580722276864
Iteration 304: -13183.427846115603
L2 norm of gradient: 45.05768262823549
Iteration 305: -13982.451273114058
L2 norm of gradient: 39.76040812211259
Iteration 306: -14682.218669605547
L2 norm of gradient: 220.40315216736047
Iteration 307: -15731.762836132377
L2 norm of gradient: 8.1891985176658
Iteration 308: -14609.141819539795
L2 norm of gradient: 31.315347028459474
Iteration 309: -14146.652390660725
L2 norm of gradient: 351.36250732812437
Iteration 310: -14166.32583192087
L2 norm of gradient: 8.264838723017276
Iteration 311: -13543.511131516458
L2 norm of gradient: 204.5234762704019
Iteration 312: -11533.954554750659
L2 norm of gradient: 20.25968706975514
Iteration 313: -14611.301721376172
L2 norm of gradient: 424.6011462291899
Iteration 314: -14688.111502145588
L2 norm of gradient: 272.23205076789867
Iteration 315: -14915.747410675733
L2 norm of gradient: 427.621178213391
Iteration 316: -12407.56936943447
L2 norm of gradient: 137.00035596812126
Iteration 317: -14013.062180707555
L2 norm of gradient: 223.5202473878911
Iteration 318: -13964.647034573853
L2 norm of gradient: 234.3039630221458
Iteration 319: -14685.17570884938
L2 norm of gradient: 385.4219270538566
Iteration 320: -14921.05216931661
L2 norm of gradient: 220.3761282804073
Iteration 321: -14804.642962315165
L2 norm of gradient: 5.989581910831058
Iteration 322: -14910.940339957742
L2 norm of gradient: 804.5961077386481
Iteration 323: -13779.227323341835
L2 norm of gradient: 34.24063948276326
Iteration 324: -11724.283337758847
L2 norm of gradient: 90.57473772009935
Iteration 325: -15516.985148744694
L2 norm of gradient: 345.0996070707323
Iteration 326: -13293.366647117957
L2 norm of gradient: 462.1465629190133
Iteration 327: -15486.37029922875
L2 norm of gradient: 415.0123021093535
Iteration 328: -13384.618716983146
L2 norm of gradient: 259.4622061400299
Iteration 329: -14363.43940890139
L2 norm of gradient: 258.6427388608392
Iteration 330: -14064.97501140976
L2 norm of gradient: 344.6531016154388
Iteration 331: -14715.446450390324
L2 norm of gradient: 15.867867062270795
Iteration 332: -13991.031008893693
L2 norm of gradient: 810.5293514838279
Iteration 333: -12904.347797603654
L2 norm of gradient: 421.8757570921069
Iteration 334: -14830.855152085003
L2 norm of gradient: 69.96578680493164
Iteration 335: -13098.084551689835
L2 norm of gradient: 98.73972685846435
Iteration 336: -14445.094082367665
L2 norm of gradient: 487.2454985027153
Iteration 337: -14080.46769834925
L2 norm of gradient: 456.5516279303924
Iteration 338: -13579.118562138397
L2 norm of gradient: 250.72702179788985
Iteration 339: -15337.4300134616
L2 norm of gradient: 346.8477275546607
Iteration 340: -14275.537309478206
L2 norm of gradient: 16.432438089622927
Iteration 341: -14913.879531330944
L2 norm of gradient: 10.212072154731827
Iteration 342: -12318.201280890882
L2 norm of gradient: 474.14405270704316
Iteration 343: -13563.931475301943
L2 norm of gradient: 46.09302240733206
Iteration 344: -13467.066292077436
L2 norm of gradient: 26.019653268348094
Iteration 345: -15077.640182314839
L2 norm of gradient: 237.2059915531924
Iteration 346: -13097.602430436642
L2 norm of gradient: 471.21063167222627
Iteration 347: -13716.784283719013
L2 norm of gradient: 414.45320005790893
Iteration 348: -14909.280278998005
L2 norm of gradient: 788.4019419585978
Iteration 349: -13635.616448506966
L2 norm of gradient: 523.2021203477044
Iteration 350: -14370.72876305647
L2 norm of gradient: 278.68095131599074
Iteration 351: -15578.968725287401
L2 norm of gradient: 263.85206470336067
Iteration 352: -13484.020857773814
L2 norm of gradient: 347.3103516386924
Iteration 353: -13724.737683140831
L2 norm of gradient: 268.3658867168811
Iteration 354: -12559.344043914285
L2 norm of gradient: 272.85544538705096
Iteration 355: -13184.71478668922
L2 norm of gradient: 269.3138242631747
Iteration 356: -12276.659266659737
L2 norm of gradient: 46.59555631648019
Iteration 357: -14527.931925052497
L2 norm of gradient: 280.28924906391984
Iteration 358: -13319.639460310194
L2 norm of gradient: 102.5883468963498
Iteration 359: -15063.034975373595
L2 norm of gradient: 279.28091964918616
Iteration 360: -14619.039555255342
L2 norm of gradient: 19.575449127824402
Iteration 361: -13988.329873768938
L2 norm of gradient: 37.57589862457991
Iteration 362: -15075.169740657142
L2 norm of gradient: 1.4417607039872975
Iteration 363: -15065.464627629779
L2 norm of gradient: 299.57767056820256
Iteration 364: -14661.22854091473
L2 norm of gradient: 250.14962479269204
Iteration 365: -14615.133632329418
L2 norm of gradient: 1.3416240390993763
Iteration 366: -13529.529157279998
L2 norm of gradient: 466.0176700570974
Iteration 367: -14686.54617082201
L2 norm of gradient: 32.918881105579025
Iteration 368: -11575.19279111315
L2 norm of gradient: 15.542344766482062
Iteration 369: -12019.06507010107
L2 norm of gradient: 29.217781488290466
Iteration 370: -14603.826703238537
L2 norm of gradient: 97.62048445799691
Iteration 371: -15143.923220201035
L2 norm of gradient: 553.6166904604352
Iteration 372: -14852.054948379056
L2 norm of gradient: 346.5313544073028
Iteration 373: -14320.351271721196
L2 norm of gradient: 48.67728269912572
Iteration 374: -13601.144185567844
L2 norm of gradient: 53.32041706824457
Iteration 375: -14068.15314992849
L2 norm of gradient: 78.94517702730626
Iteration 376: -14207.543640036378
L2 norm of gradient: 353.8732566549986
Iteration 377: -14785.510026223223
L2 norm of gradient: 67.8891813610814
Iteration 378: -14747.1248745326
L2 norm of gradient: 271.39134212810865
Iteration 379: -13698.450034065945
L2 norm of gradient: 758.3608326856274
Iteration 380: -13915.711011910209
L2 norm of gradient: 550.0342354097359
Iteration 381: -13086.002348370715
L2 norm of gradient: 738.2809941818878
Iteration 382: -13941.96423061606
L2 norm of gradient: 358.9774498360904
Iteration 383: -15393.481125594317
L2 norm of gradient: 20.340843479760476
Iteration 384: -14908.760470234596
L2 norm of gradient: 441.0548818462705
Iteration 385: -14948.526809741696
L2 norm of gradient: 44.59072538417963
Iteration 386: -12014.77054569689
L2 norm of gradient: 129.71491396577335
Iteration 387: -13964.70791446973
L2 norm of gradient: 23.132285334531932
Iteration 388: -15067.744606592445
L2 norm of gradient: 462.08644537805026
Iteration 389: -13789.4657033096
L2 norm of gradient: 71.39561567394863
Iteration 390: -13592.54522287231
L2 norm of gradient: 28.901569858456824
Iteration 391: -14392.451015750274
L2 norm of gradient: 15.822977342217804
Iteration 392: -14908.783303052274
L2 norm of gradient: 113.10310049477201
Iteration 393: -14439.825870996177
L2 norm of gradient: 10.255267601902085
Iteration 394: -14913.655712742611
L2 norm of gradient: 79.58217691527449
Iteration 395: -14289.636787832886
L2 norm of gradient: 29.152303201580562
Iteration 396: -14450.553333004304
L2 norm of gradient: 352.56285757267057
Iteration 397: -13352.075473498766
L2 norm of gradient: 393.9020076642894
Iteration 398: -15374.90149836978
L2 norm of gradient: 301.96241495355144
Iteration 399: -12805.0516899077
L2 norm of gradient: 478.42422111645
Iteration 400: -13270.64026020773
L2 norm of gradient: 547.9693156813549
Iteration 401: -13533.419309570852
L2 norm of gradient: 358.2060743801549
Iteration 402: -13225.168094681376
L2 norm of gradient: 45.20703033905238
Iteration 403: -12926.32792078515
L2 norm of gradient: 352.0427233678608
Iteration 404: -14232.572483831591
L2 norm of gradient: 331.0511792751644
Iteration 405: -14224.286752845768
L2 norm of gradient: 137.76391699410044
Iteration 406: -13527.528653134324
L2 norm of gradient: 91.81101318629877
Iteration 407: -13069.72551514518
L2 norm of gradient: 530.7168301755464
Iteration 408: -13031.137624013321
L2 norm of gradient: 564.9421421865652
Iteration 409: -13649.661763593871
L2 norm of gradient: 599.5049869774726
Iteration 410: -14004.831287248799
L2 norm of gradient: 1035.7864827158278
Iteration 411: -14893.912113671451
L2 norm of gradient: 333.51595326002064
Iteration 412: -14915.728696325377
L2 norm of gradient: 69.44146778315424
Iteration 413: -12325.075474269854
L2 norm of gradient: 29.353260353671597
Iteration 414: -14446.672519975129
L2 norm of gradient: 812.947926644586
Iteration 415: -14607.474379143925
L2 norm of gradient: 485.28800410389994
Iteration 416: -14470.782464702146
L2 norm of gradient: 778.2027138150478
Iteration 417: -13431.429584397662
L2 norm of gradient: 497.7592643607368
Iteration 418: -12968.14624246867
L2 norm of gradient: 786.045705590874
Iteration 419: -14463.096257440317
L2 norm of gradient: 67.7571596622305
Iteration 420: -14454.899998054825
L2 norm of gradient: 66.61797992696134
Iteration 421: -11567.88931980684
L2 norm of gradient: 925.8948655074685
Iteration 422: -14119.017427861638
L2 norm of gradient: 35.93383695998853
Iteration 423: -15066.428361959664
L2 norm of gradient: 341.1242169219762
Iteration 424: -14198.302158181716
L2 norm of gradient: 567.704733401907
Iteration 425: -14285.103531371418
L2 norm of gradient: 79.4495727673691
Iteration 426: -13509.52318966597
L2 norm of gradient: 28.08647341106583
Iteration 427: -13690.847360945245
L2 norm of gradient: 13.205730727220823
Iteration 428: -13840.752768693263
L2 norm of gradient: 53.82276356953026
Iteration 429: -13977.125468229342
L2 norm of gradient: 113.18139241611999
Iteration 430: -13884.112002591963
L2 norm of gradient: 600.4038307420717
Iteration 431: -13886.704417555318
L2 norm of gradient: 50.30907518178449
Iteration 432: -12458.171739531954
L2 norm of gradient: 507.40471383358374
Iteration 433: -14751.137263610774
L2 norm of gradient: 711.7175617082005
Iteration 434: -12842.677392562977
L2 norm of gradient: 80.57846034844847
Iteration 435: -13539.701926876243
L2 norm of gradient: 513.8093444259813
Iteration 436: -14125.667250337043
L2 norm of gradient: 28.319846578905302
Iteration 437: -14606.374643932793
L2 norm of gradient: 377.4180462037173
Iteration 438: -14164.264417106599
L2 norm of gradient: 144.47285978928883
Iteration 439: -14002.097500930242
L2 norm of gradient: 45.36580962793523
Iteration 440: -12633.63345984146
L2 norm of gradient: 67.63117056066308
Iteration 441: -14218.815874575634
L2 norm of gradient: 44.540792600266975
Iteration 442: -13981.862413307666
L2 norm of gradient: 917.9674295911423
Iteration 443: -14127.06262258801
L2 norm of gradient: 395.0983047881548
Iteration 444: -14019.935935477839
L2 norm of gradient: 655.0728906905834
Iteration 445: -13301.367287514593
L2 norm of gradient: 12.634756616350423
Iteration 446: -14622.942669902783
L2 norm of gradient: 309.34266600959677
Iteration 447: -14244.900825481402
L2 norm of gradient: 852.8898062412168
Iteration 448: -14073.61503805348
L2 norm of gradient: 505.43917729440847
Iteration 449: -14366.148354779689
L2 norm of gradient: 132.4178510341625
Iteration 450: -14575.519574073667
L2 norm of gradient: 401.4866395627294
Iteration 451: -13609.366485858242
L2 norm of gradient: 42.15643791617703
Iteration 452: -13521.832101078804
L2 norm of gradient: 417.2344966680629
Iteration 453: -14449.185596149753
L2 norm of gradient: 415.1801930457923
Iteration 454: -13947.567226670113
L2 norm of gradient: 393.22627440800443
Iteration 455: -14793.175187465271
L2 norm of gradient: 20.842040468633545
Iteration 456: -14907.483674219906
L2 norm of gradient: 372.48102487753823
Iteration 457: -14626.223881339232
L2 norm of gradient: 139.30374591171255
Iteration 458: -13647.487030959546
L2 norm of gradient: 40.86978487998537
Iteration 459: -15370.28100350035
L2 norm of gradient: 33.24448018456897
Iteration 460: -14140.462224766638
L2 norm of gradient: 356.7324451987453
Iteration 461: -12724.57858994748
L2 norm of gradient: 48.548951895050564
Iteration 462: -13593.572733992893
L2 norm of gradient: 497.5245577888908
Iteration 463: -13846.825649162212
L2 norm of gradient: 138.50915213641602
Iteration 464: -15965.969036711824
L2 norm of gradient: 23.008042352947342
Iteration 465: -13992.951000129051
L2 norm of gradient: 629.200721854128
Iteration 466: -13000.663524508915
L2 norm of gradient: 344.21884225848356
Iteration 467: -13932.31656303992
L2 norm of gradient: 656.337386026287
Iteration 468: -14677.73680694705
L2 norm of gradient: 71.03034936582699
Iteration 469: -13600.683453261152
L2 norm of gradient: 663.0068181558244
Iteration 470: -14624.444103520842
L2 norm of gradient: 328.1703583193665
Iteration 471: -15203.247434035706
L2 norm of gradient: 48.79876829733785
Iteration 472: -15530.47185594383
L2 norm of gradient: 104.58849121345702
Iteration 473: -13160.569183709482
L2 norm of gradient: 71.59579610800442
Iteration 474: -14514.040898509167
L2 norm of gradient: 67.74885843540329
Iteration 475: -15206.220054650776
L2 norm of gradient: 18.50388777074416
Iteration 476: -14140.990662208513
L2 norm of gradient: 548.9577886438564
Iteration 477: -13449.571826390726
L2 norm of gradient: 788.9786794235704
Iteration 478: -13091.551131257858
L2 norm of gradient: 590.8546814260236
Iteration 479: -14971.486357703294
L2 norm of gradient: 266.19977422979605
Iteration 480: -14587.352195963796
L2 norm of gradient: 158.74644669416008
Iteration 481: -14472.054505921327
L2 norm of gradient: 175.7867272585965
Iteration 482: -14806.565514961443
L2 norm of gradient: 50.72342692708334
Iteration 483: -13530.779322727223
L2 norm of gradient: 74.6855616981326
Iteration 484: -11985.760530879114
L2 norm of gradient: 544.2951951711716
Iteration 485: -13447.721126335891
L2 norm of gradient: 617.9928483040005
Iteration 486: -13504.436878404245
L2 norm of gradient: 201.81014559736346
Iteration 487: -13938.908051471391
L2 norm of gradient: 42.01222010836423
Iteration 488: -14292.013420375575
L2 norm of gradient: 396.3892178247765
Iteration 489: -12821.774708129158
L2 norm of gradient: 444.47857683957045
Iteration 490: -14715.790493357465
L2 norm of gradient: 47.95372103542771
Iteration 491: -13402.008680933654
L2 norm of gradient: 33.57472035860095
Iteration 492: -12942.348343885616
L2 norm of gradient: 196.27767140562486
Iteration 493: -16242.57858924045
L2 norm of gradient: 414.86054146647365
Iteration 494: -14592.137995242967
L2 norm of gradient: 23.660261880312408
Iteration 495: -14767.202958798456
L2 norm of gradient: 548.7464511595934
Iteration 496: -15428.670388186312
L2 norm of gradient: 24.78396066885287
Iteration 497: -13385.287091710252
L2 norm of gradient: 178.7377778221595
Iteration 498: -14720.221316420875
L2 norm of gradient: 1433.9966832843033
Iteration 499: -14275.742120391807
[ { query: [ 'Who is a doctor', [Object] ],
    trueResult: 
     Marginal:
         "John and Mary are doctors" : 0.380020640450514
         "John and Mary are doctors and teachers" : 0.20855974943514632
         "John is a doctor" : 0.08655534418766547
         "Mary is a doctor" : 0.08655534418766547
         "John is a doctor and a teacher" : 0.04750258005631425
         "Mary is a doctor and a teacher" : 0.04750258005631425
         "John and Mary are doctors or teachers" : 0.018309772241219994
         "John or Mary is a doctor and a teacher" : 0.01641723975145466
         "John is a doctor or a teacher" : 0.014074838535204214
         "Mary is a doctor or a teacher" : 0.014074838535204214
         "John or Mary is a doctor" : 0.014074838535204214
         "Mary is a teacher" : 0.010819418023458179
         "John is a teacher" : 0.010819418023458179
         "John is not a teacher" : 0.008015222008949992
         "Mary is not a teacher" : 0.008015222008949992
         "John and Mary are teachers" : 0.0059378225070392835
         "John or Mary is a teacher" : 0.005937822507039272
         "John and Mary are not teachers" : 0.0043988471043886965
         "John or Mary is not a teacher" : 0.0043988471043886965
         "John or Mary is a doctor or a teacher" : 0.003954910804103521
         "John is not a doctor and a teacher" : 0.0013033621050040592
         "Mary is not a doctor and a teacher" : 0.0013033621050040592
         "John or Mary is not a doctor and a teacher" : 0.0012360388998589598
         "John and Mary are not doctors and teachers" : 0.00021194082645043896,
    learnedResult: 
     Marginal:
         "John is a doctor" : 0.25261908756153045
         "Mary is a doctor" : 0.25261908756153045
         "John and Mary are doctors" : 0.0406291749237362
         "Mary is a teacher" : 0.0315773859451913
         "John is a teacher" : 0.0315773859451913
         "John is a doctor and a teacher" : 0.02664302560867028
         "Mary is a doctor and a teacher" : 0.026643025608670233
         "John is not a teacher" : 0.02339310286969648
         "Mary is not a teacher" : 0.02339310286969644
         "John or Mary is a doctor" : 0.019176241503514366
         "John is a doctor or a teacher" : 0.018564519885334245
         "Mary is a doctor or a teacher" : 0.01856451988533421
         "John or Mary is a teacher" : 0.017330036844152952
         "John and Mary are teachers" : 0.017330036844152952
         "John is not a doctor" : 0.01603526744857808
         "Mary is not a doctor" : 0.01603526744857808
         "John and Mary are not teachers" : 0.012838407059233994
         "John or Mary is not a teacher" : 0.012838407059233971
         "John is not a doctor or a teacher" : 0.012731950072869194
         "Mary is not a doctor or a teacher" : 0.012731950072869194
         "John or Mary is not a doctor" : 0.012717676658805183
         "Mary is not a doctor and a teacher" : 0.012278490136818808
         "John is not a doctor and a teacher" : 0.012278490136818785
         "John and Mary are not doctors" : 0.011651713563005303
         "John and Mary are doctors and teachers" : 0.010822767723757487
         "John and Mary are doctors or teachers" : 0.009740188000256743
         "John or Mary is a doctor and a teacher" : 0.009634035227011763
         "John or Mary is a doctor or a teacher" : 0.009533613939361767
         "John or Mary is not a doctor or a teacher" : 0.007044315475308376
         "John or Mary is not a doctor and a teacher" : 0.007037422830183381
         "John and Mary are not doctors or teachers" : 0.007030064767361078
         "John and Mary are not doctors and teachers" : 0.006960238523546421,
    KLDivergence: 1.2696388830079142 },
  { query: [ 'Who is a doctor', [Object] ],
    trueResult: 
     Marginal:
         "John and Mary are doctors" : 0.380020640450514
         "John and Mary are doctors and teachers" : 0.20855974943514632
         "John is a doctor" : 0.08655534418766547
         "Mary is a doctor" : 0.08655534418766547
         "John is a doctor and a teacher" : 0.04750258005631425
         "Mary is a doctor and a teacher" : 0.04750258005631425
         "John and Mary are doctors or teachers" : 0.018309772241219994
         "John or Mary is a doctor and a teacher" : 0.01641723975145466
         "John is a doctor or a teacher" : 0.014074838535204214
         "Mary is a doctor or a teacher" : 0.014074838535204214
         "John or Mary is a doctor" : 0.014074838535204214
         "Mary is a teacher" : 0.010819418023458179
         "John is a teacher" : 0.010819418023458179
         "John is not a teacher" : 0.008015222008949992
         "Mary is not a teacher" : 0.008015222008949992
         "John and Mary are teachers" : 0.0059378225070392835
         "John or Mary is a teacher" : 0.005937822507039272
         "John and Mary are not teachers" : 0.0043988471043886965
         "John or Mary is not a teacher" : 0.0043988471043886965
         "John or Mary is a doctor or a teacher" : 0.003954910804103521
         "John is not a doctor and a teacher" : 0.0013033621050040592
         "Mary is not a doctor and a teacher" : 0.0013033621050040592
         "John or Mary is not a doctor and a teacher" : 0.0012360388998589598
         "John and Mary are not doctors and teachers" : 0.00021194082645043896,
    learnedResult: 
     Marginal:
         "John is a doctor" : 0.25261908756153045
         "Mary is a doctor" : 0.25261908756153045
         "John and Mary are doctors" : 0.0406291749237362
         "Mary is a teacher" : 0.0315773859451913
         "John is a teacher" : 0.0315773859451913
         "John is a doctor and a teacher" : 0.02664302560867028
         "Mary is a doctor and a teacher" : 0.026643025608670233
         "John is not a teacher" : 0.02339310286969648
         "Mary is not a teacher" : 0.02339310286969644
         "John or Mary is a doctor" : 0.019176241503514366
         "John is a doctor or a teacher" : 0.018564519885334245
         "Mary is a doctor or a teacher" : 0.01856451988533421
         "John or Mary is a teacher" : 0.017330036844152952
         "John and Mary are teachers" : 0.017330036844152952
         "John is not a doctor" : 0.01603526744857808
         "Mary is not a doctor" : 0.01603526744857808
         "John and Mary are not teachers" : 0.012838407059233994
         "John or Mary is not a teacher" : 0.012838407059233971
         "John is not a doctor or a teacher" : 0.012731950072869194
         "Mary is not a doctor or a teacher" : 0.012731950072869194
         "John or Mary is not a doctor" : 0.012717676658805183
         "Mary is not a doctor and a teacher" : 0.012278490136818808
         "John is not a doctor and a teacher" : 0.012278490136818785
         "John and Mary are not doctors" : 0.011651713563005303
         "John and Mary are doctors and teachers" : 0.010822767723757487
         "John and Mary are doctors or teachers" : 0.009740188000256743
         "John or Mary is a doctor and a teacher" : 0.009634035227011763
         "John or Mary is a doctor or a teacher" : 0.009533613939361767
         "John or Mary is not a doctor or a teacher" : 0.007044315475308376
         "John or Mary is not a doctor and a teacher" : 0.007037422830183381
         "John and Mary are not doctors or teachers" : 0.007030064767361078
         "John and Mary are not doctors and teachers" : 0.006960238523546421,
    KLDivergence: 1.2696388830079142 },
  { query: [ 'Who is a doctor and a teacher', [Object] ],
    trueResult: 
     Marginal:
         "John is a doctor and a teacher" : 0.5057429117707349
         "John is a doctor" : 0.11519045846271186
         "John is a teacher" : 0.11519045846271186
         "John or Mary is a doctor and a teacher" : 0.051789172217255514
         "Mary is not a teacher" : 0.02528450088232814
         "Mary is not a doctor" : 0.02528450088232814
         "John and Mary are teachers" : 0.018731218954471676
         "John and Mary are doctors" : 0.018731218954471676
         "John or Mary is a teacher" : 0.018731218954471645
         "John is a doctor or a teacher" : 0.018731218954471645
         "John or Mary is a doctor" : 0.018731218954471645
         "Mary is not a doctor or a teacher" : 0.013876428297051366
         "Mary is not a doctor and a teacher" : 0.013876428297051366
         "John and Mary are doctors or teachers" : 0.007219910001734958
         "Mary is a doctor or a teacher" : 0.00554999080132493
         "John or Mary is a doctor or a teacher" : 0.005263314391264789
         "Mary is a doctor" : 0.004266313276396742
         "Mary is a teacher" : 0.004266313276396742
         "John or Mary is not a doctor" : 0.004111534310237441
         "John or Mary is not a teacher" : 0.004111534310237441
         "John or Mary is not a doctor and a teacher" : 0.003899159202225257
         "John or Mary is not a doctor or a teacher" : 0.0014209763856506024,
    learnedResult: 
     Marginal:
         "John is a teacher" : 0.06557953816976801
         "John is a doctor" : 0.06525040944463471
         "Mary is a doctor" : 0.058693320849427674
         "Mary is a teacher" : 0.05868656468826676
         "Mary is not a teacher" : 0.04381142745384894
         "Mary is not a doctor" : 0.04381083242470441
         "John is not a doctor" : 0.043255981585096435
         "John is not a teacher" : 0.04322925066714773
         "John is a doctor and a teacher" : 0.03348250980429454
         "John and Mary are teachers" : 0.032926339128208984
         "John and Mary are doctors" : 0.03290067680616853
         "John is a doctor or a teacher" : 0.03254442090756792
         "John or Mary is a teacher" : 0.03250730906870614
         "John or Mary is a doctor" : 0.03250342829721606
         "Mary is a doctor or a teacher" : 0.03242248696843698
         "Mary is a doctor and a teacher" : 0.03233927842854809
         "Mary is not a doctor and a teacher" : 0.024030979638935166
         "Mary is not a doctor or a teacher" : 0.024025368294278267
         "John or Mary is not a doctor" : 0.024019746406959648
         "John or Mary is not a teacher" : 0.02401948438854358
         "John is not a doctor or a teacher" : 0.024014591184341152
         "John and Mary are not doctors" : 0.023989535870033146
         "John and Mary are not teachers" : 0.023987628711247558
         "John is not a doctor and a teacher" : 0.023950794985828687
         "John and Mary are doctors and teachers" : 0.01786910450739576
         "John or Mary is a doctor and a teacher" : 0.017808218699515214
         "John and Mary are doctors or teachers" : 0.017807740765123186
         "John or Mary is a doctor or a teacher" : 0.017799344341913506
         "John or Mary is not a doctor or a teacher" : 0.013184944379620617
         "John and Mary are not doctors or teachers" : 0.013184358599698439
         "John or Mary is not a doctor and a teacher" : 0.013184329867879822
         "John and Mary are not doctors and teachers" : 0.013180054666644105,
    KLDivergence: 1.396064342295815 },
  { query: [ 'Who is a doctor or a teacher', [Object] ],
    trueResult: 
     Marginal:
         "John and Mary are doctors" : 0.1056107851909732
         "John and Mary are teachers" : 0.1056107851909732
         "John is a doctor" : 0.08118368320238828
         "John is a teacher" : 0.08118368320238828
         "Mary is a teacher" : 0.08118368320238828
         "Mary is a doctor" : 0.08118368320238828
         "John and Mary are doctors or teachers" : 0.05796042780983282
         "John and Mary are doctors and teachers" : 0.05796042780983277
         "Mary is a doctor and a teacher" : 0.044554550002441795
         "John is a doctor and a teacher" : 0.044554550002441795
         "Mary is a doctor or a teacher" : 0.04455455000244175
         "John is a doctor or a teacher" : 0.04455455000244175
         "John or Mary is a teacher" : 0.03129208450102909
         "John or Mary is a doctor" : 0.03129208450102909
         "John or Mary is a doctor and a teacher" : 0.021122604886965272
         "John or Mary is a doctor or a teacher" : 0.012519452406923889
         "John is not a doctor and a teacher" : 0.009779799246246973
         "Mary is not a doctor and a teacher" : 0.009779799246246973
         "John is not a teacher" : 0.007517793967297686
         "Mary is not a teacher" : 0.007517793967297686
         "Mary is not a doctor" : 0.007517793967297686
         "John is not a doctor" : 0.007517793967297686
         "John or Mary is not a doctor and a teacher" : 0.00651387501985663
         "John or Mary is not a doctor" : 0.00565960604528182
         "John or Mary is not a teacher" : 0.00565960604528182
         "John and Mary are not doctors and teachers" : 0.0037696035994540657
         "John and Mary are not doctors" : 0.0012224749057808738
         "John and Mary are not teachers" : 0.0012224749057808738,
    learnedResult: 
     Marginal:
         "John is a doctor" : 0.059988351239873325
         "John is a teacher" : 0.05991615613746496
         "Mary is a doctor" : 0.059898059041666556
         "Mary is a teacher" : 0.05987272386974665
         "Mary is not a teacher" : 0.044335060213188796
         "Mary is not a doctor" : 0.0443328412064981
         "John is not a teacher" : 0.044331256582434454
         "John is not a doctor" : 0.044324938559323325
         "John is a doctor and a teacher" : 0.03286320878200015
         "John and Mary are doctors" : 0.03286192048268889
         "John and Mary are teachers" : 0.03285357079363921
         "Mary is a doctor and a teacher" : 0.032851725252207344
         "John is a doctor or a teacher" : 0.032847955266585675
         "John or Mary is a doctor" : 0.03284784313672297
         "John or Mary is a teacher" : 0.032846769637215785
         "Mary is a doctor or a teacher" : 0.032846540611317476
         "John or Mary is not a teacher" : 0.024332675067290796
         "Mary is not a doctor or a teacher" : 0.024332674440493827
         "John or Mary is not a doctor" : 0.024332602390749858
         "John is not a doctor or a teacher" : 0.024332549251244968
         "Mary is not a doctor and a teacher" : 0.024332317966657024
         "John and Mary are not teachers" : 0.02433215678043502
         "John and Mary are not doctors" : 0.024331529731548392
         "John is not a doctor and a teacher" : 0.024331503870383978
         "John and Mary are doctors and teachers" : 0.01802792482162905
         "John and Mary are doctors or teachers" : 0.018026415071316578
         "John or Mary is a doctor and a teacher" : 0.018026348689498883
         "John or Mary is a doctor or a teacher" : 0.018026171760124627
         "John or Mary is not a doctor or a teacher" : 0.013354090233892084
         "John or Mary is not a doctor and a teacher" : 0.013354077985409126
         "John and Mary are not doctors or teachers" : 0.013354073256633963
         "John and Mary are not doctors and teachers" : 0.01335396787011823,
    KLDivergence: 0.4262259735883606 },
  { query: [ 'Who is not a doctor and a teacher', [Object] ],
    trueResult: 
     Marginal:
         "John is a doctor and a teacher" : 0.5057429117707349
         "John is a doctor" : 0.11519045846271186
         "John is a teacher" : 0.11519045846271186
         "John or Mary is a doctor and a teacher" : 0.051789172217255514
         "Mary is not a teacher" : 0.02528450088232814
         "Mary is not a doctor" : 0.02528450088232814
         "John and Mary are teachers" : 0.018731218954471676
         "John and Mary are doctors" : 0.018731218954471676
         "John or Mary is a teacher" : 0.018731218954471645
         "John is a doctor or a teacher" : 0.018731218954471645
         "John or Mary is a doctor" : 0.018731218954471645
         "Mary is not a doctor or a teacher" : 0.013876428297051366
         "Mary is not a doctor and a teacher" : 0.013876428297051366
         "John and Mary are doctors or teachers" : 0.007219910001734958
         "Mary is a doctor or a teacher" : 0.00554999080132493
         "John or Mary is a doctor or a teacher" : 0.005263314391264789
         "Mary is a doctor" : 0.004266313276396742
         "Mary is a teacher" : 0.004266313276396742
         "John or Mary is not a doctor" : 0.004111534310237441
         "John or Mary is not a teacher" : 0.004111534310237441
         "John or Mary is not a doctor and a teacher" : 0.003899159202225257
         "John or Mary is not a doctor or a teacher" : 0.0014209763856506024,
    learnedResult: 
     Marginal:
         "John is a teacher" : 0.059914201962201125
         "John is a doctor" : 0.05991154844800241
         "Mary is a doctor" : 0.059856051783698724
         "Mary is a teacher" : 0.05985599268260469
         "Mary is not a teacher" : 0.04434667656638026
         "Mary is not a doctor" : 0.04434667138726737
         "John is not a doctor" : 0.04434180981735749
         "John is not a teacher" : 0.04434157745066069
         "John is a doctor and a teacher" : 0.032861310333447184
         "John and Mary are teachers" : 0.032856522282318314
         "John and Mary are doctors" : 0.032856303156753607
         "John is a doctor or a teacher" : 0.03285345909970804
         "John or Mary is a teacher" : 0.032853135570259505
         "John or Mary is a doctor" : 0.03285310216284577
         "Mary is a doctor or a teacher" : 0.03285239603612242
         "Mary is a doctor and a teacher" : 0.03285142236092775
         "Mary is not a doctor and a teacher" : 0.024337798828039377
         "Mary is not a doctor or a teacher" : 0.024337732881153835
         "John or Mary is not a doctor" : 0.024337683170816374
         "John or Mary is not a teacher" : 0.024337680911449857
         "John is not a doctor or a teacher" : 0.024337638808993804
         "John and Mary are not doctors" : 0.024337438205127546
         "John and Mary are not teachers" : 0.02433742174856918
         "John is not a doctor and a teacher" : 0.02433709795587218
         "John and Mary are doctors and teachers" : 0.018030407638850013
         "John or Mary is a doctor and a teacher" : 0.018029915214204814
         "John and Mary are doctors or teachers" : 0.01802990949912362
         "John or Mary is a doctor or a teacher" : 0.018029841380270813
         "John or Mary is not a doctor or a teacher" : 0.013356825573475986
         "John and Mary are not doctors or teachers" : 0.013356820820182781
         "John or Mary is not a doctor and a teacher" : 0.013356820459454506
         "John and Mary are not doctors and teachers" : 0.013356785803859995,
    KLDivergence: 1.4230794128897875 },
  { query: [ 'Who is not a doctor or a teacher', [Object] ],
    trueResult: 
     Marginal:
         "John and Mary are doctors" : 0.1056107851909732
         "John and Mary are teachers" : 0.1056107851909732
         "John is a doctor" : 0.08118368320238828
         "John is a teacher" : 0.08118368320238828
         "Mary is a teacher" : 0.08118368320238828
         "Mary is a doctor" : 0.08118368320238828
         "John and Mary are doctors or teachers" : 0.05796042780983282
         "John and Mary are doctors and teachers" : 0.05796042780983277
         "Mary is a doctor and a teacher" : 0.044554550002441795
         "John is a doctor and a teacher" : 0.044554550002441795
         "Mary is a doctor or a teacher" : 0.04455455000244175
         "John is a doctor or a teacher" : 0.04455455000244175
         "John or Mary is a teacher" : 0.03129208450102909
         "John or Mary is a doctor" : 0.03129208450102909
         "John or Mary is a doctor and a teacher" : 0.021122604886965272
         "John or Mary is a doctor or a teacher" : 0.012519452406923889
         "John is not a doctor and a teacher" : 0.009779799246246973
         "Mary is not a doctor and a teacher" : 0.009779799246246973
         "John is not a teacher" : 0.007517793967297686
         "Mary is not a teacher" : 0.007517793967297686
         "Mary is not a doctor" : 0.007517793967297686
         "John is not a doctor" : 0.007517793967297686
         "John or Mary is not a doctor and a teacher" : 0.00651387501985663
         "John or Mary is not a doctor" : 0.00565960604528182
         "John or Mary is not a teacher" : 0.00565960604528182
         "John and Mary are not doctors and teachers" : 0.0037696035994540657
         "John and Mary are not doctors" : 0.0012224749057808738
         "John and Mary are not teachers" : 0.0012224749057808738,
    learnedResult: 
     Marginal:
         "John is a doctor" : 0.059868339044658436
         "John is a teacher" : 0.059867696038765086
         "Mary is a doctor" : 0.05986753522138528
         "Mary is a teacher" : 0.05986730912918684
         "Mary is not a teacher" : 0.04435061662220057
         "Mary is not a doctor" : 0.04435059681076381
         "John is not a teacher" : 0.0443505827190981
         "John is not a doctor" : 0.044350526375817566
         "John is a doctor and a teacher" : 0.03285591436178913
         "John and Mary are doctors" : 0.03285590292380493
         "John and Mary are teachers" : 0.03285582846750435
         "Mary is a doctor and a teacher" : 0.03285581204756541
         "John is a doctor or a teacher" : 0.032855778268974845
         "John or Mary is a doctor" : 0.03285577727189498
         "John or Mary is a teacher" : 0.03285576769844718
         "Mary is a doctor or a teacher" : 0.03285576566201464
         "John or Mary is not a teacher" : 0.0243401441273213
         "Mary is not a doctor or a teacher" : 0.024340144120910713
         "John or Mary is not a doctor" : 0.02434014347917121
         "John is not a doctor or a teacher" : 0.024340143005225835
         "Mary is not a doctor and a teacher" : 0.02434014093139539
         "John and Mary are not teachers" : 0.02434013949590206
         "John and Mary are not doctors" : 0.02434013390270565
         "John is not a doctor and a teacher" : 0.024340133676179987
         "John and Mary are doctors and teachers" : 0.01803163865615596
         "John and Mary are doctors or teachers" : 0.01803162517469105
         "John or Mary is a doctor and a teacher" : 0.018031624581613757
         "John or Mary is a doctor or a teacher" : 0.01803162300214117
         "John or Mary is not a doctor or a teacher" : 0.013358154634089583
         "John or Mary is not a doctor and a teacher" : 0.013358154524744708
         "John and Mary are not doctors or teachers" : 0.013358154482496642
         "John and Mary are not doctors and teachers" : 0.013358153541383803,
    KLDivergence: 0.42641412208578816 },
  { query: [ 'What is John', [Object] ],
    trueResult: 
     Marginal:
         "John is a doctor" : 0.23702792248662735
         "John is not a teacher" : 0.17559460378842734
         "John and Mary are doctors" : 0.130083681939854
         "John and Mary are not teachers" : 0.09636836179440914
         "John or Mary is a doctor" : 0.03854331316736411
         "John is a doctor or a teacher" : 0.03854331316736411
         "Mary is a teacher" : 0.029628490310828412
         "Mary is a doctor" : 0.029628490310828412
         "John is not a doctor and a teacher" : 0.02855358867982489
         "John or Mary is not a teacher" : 0.02855358867982489
         "Mary is not a doctor" : 0.02194932547355341
         "Mary is not a teacher" : 0.02194932547355341
         "John and Mary are doctors or teachers" : 0.021153018759865538
         "Mary is a doctor and a teacher" : 0.01626046024248175
         "Mary is a doctor or a teacher" : 0.016260460242481723
         "John and Mary are not doctors and teachers" : 0.0156705417197306
         "Mary is not a doctor or a teacher" : 0.012046045224301137
         "Mary is not a doctor and a teacher" : 0.012046045224301137
         "John or Mary is a doctor or a teacher" : 0.010830345605051172
         "John or Mary is not a doctor and a teacher" : 0.008023317360502066
         "John or Mary is a teacher" : 0.004817914145920514
         "John or Mary is not a doctor" : 0.0035691985849781176
         "John or Mary is a doctor and a teacher" : 0.0016651064329923299
         "John or Mary is not a doctor or a teacher" : 0.0012335411849350591,
    learnedResult: 
     Marginal:
         "John is a doctor" : 0.35036411174622784
         "John is not a teacher" : 0.04537283047123594
         "Mary is a teacher" : 0.043795513968278466
         "Mary is a doctor" : 0.043795513968278466
         "John and Mary are doctors" : 0.03695191876322528
         "Mary is not a doctor" : 0.032444514731821354
         "Mary is not a teacher" : 0.0324445147318213
         "John or Mary is a doctor" : 0.025747624941587405
         "John is a doctor or a teacher" : 0.024917449528059646
         "Mary is a doctor or a teacher" : 0.024035487674509706
         "Mary is a doctor and a teacher" : 0.02403548767450966
         "John is a doctor and a teacher" : 0.022611086952769418
         "John or Mary is a teacher" : 0.022400985454902923
         "John is not a doctor" : 0.022239737663789307
         "John and Mary are not teachers" : 0.018653875623598066
         "John or Mary is not a teacher" : 0.017919324444474655
         "John is not a doctor and a teacher" : 0.017902012688230978
         "Mary is not a doctor and a teacher" : 0.017805927212247653
         "Mary is not a doctor or a teacher" : 0.01780592721224759
         "John is not a doctor or a teacher" : 0.017728768628581745
         "John or Mary is not a doctor" : 0.017693009392940374
         "John and Mary are not doctors" : 0.01698407298535363
         "John and Mary are teachers" : 0.014545769427827482
         "John and Mary are doctors or teachers" : 0.01327116762138416
         "John or Mary is a doctor or a teacher" : 0.013201991187778086
         "John or Mary is a doctor and a teacher" : 0.013175929432989699
         "John and Mary are doctors and teachers" : 0.013065445728620244
         "John and Mary are not doctors and teachers" : 0.009779083451737173
         "John or Mary is not a doctor and a teacher" : 0.009773060049707195
         "John or Mary is not a doctor or a teacher" : 0.009771343471185875
         "John and Mary are not doctors or teachers" : 0.009766513170078832,
    KLDivergence: 0.45793216481956495 },
  { query: [ 'What is John', [Object] ],
    trueResult: 
     Marginal:
         "John is a doctor and a teacher" : 0.37545849217947985
         "John and Mary are doctors and teachers" : 0.20605598937841657
         "John is a doctor" : 0.08551624717081296
         "John is a teacher" : 0.08551624717081296
         "John and Mary are teachers" : 0.046932311522435
         "John and Mary are doctors" : 0.046932311522435
         "John or Mary is a doctor and a teacher" : 0.03844776478197857
         "John or Mary is a teacher" : 0.013905870080721474
         "John is a doctor or a teacher" : 0.013905870080721474
         "John or Mary is a doctor" : 0.013905870080721474
         "Mary is a teacher" : 0.010689530896351615
         "Mary is a doctor" : 0.010689530896351615
         "Mary is not a doctor" : 0.007918999258557448
         "Mary is not a teacher" : 0.007918999258557448
         "John and Mary are doctors or teachers" : 0.007631703310311726
         "Mary is a doctor and a teacher" : 0.005866538940304378
         "Mary is a doctor or a teacher" : 0.0058665389403043675
         "Mary is not a doctor or a teacher" : 0.004346038939316297
         "Mary is not a doctor and a teacher" : 0.004346038939316297
         "John or Mary is a doctor or a teacher" : 0.003907432094879606
         "John or Mary is not a doctor" : 0.0012877152412789025
         "John or Mary is not a teacher" : 0.0012877152412789025
         "John or Mary is not a doctor and a teacher" : 0.0012212002512970355
         "John or Mary is not a doctor or a teacher" : 0.00044504382335897773,
    learnedResult: 
     Marginal:
         "John is a doctor" : 0.2526166386474228
         "John is a teacher" : 0.2526166386474228
         "John is a doctor and a teacher" : 0.040628781060546314
         "Mary is a teacher" : 0.03157707983092784
         "Mary is a doctor" : 0.03157707983092784
         "John and Mary are teachers" : 0.026642767328577854
         "John and Mary are doctors" : 0.026642767328577854
         "Mary is not a doctor" : 0.0233928760946725
         "Mary is not a teacher" : 0.023392876094672457
         "John is a doctor or a teacher" : 0.01917605560715632
         "John or Mary is a doctor" : 0.018564339919065306
         "John or Mary is a teacher" : 0.018564339919065274
         "Mary is a doctor or a teacher" : 0.017329868845083182
         "Mary is a doctor and a teacher" : 0.01732986884508315
         "John is not a doctor" : 0.016035112001129292
         "John is not a teacher" : 0.016035112001129292
         "Mary is not a doctor and a teacher" : 0.012838282602462074
         "Mary is not a doctor or a teacher" : 0.01283828260246203
         "John or Mary is not a doctor" : 0.012756867528827301
         "John or Mary is not a teacher" : 0.012756867528827277
         "John is not a doctor or a teacher" : 0.012681137833868726
         "John and Mary are not teachers" : 0.012245716054417563
         "John and Mary are not doctors" : 0.012245716054417563
         "John is not a doctor and a teacher" : 0.011669967418421233
         "John and Mary are doctors and teachers" : 0.010877949126914466
         "John or Mary is a doctor and a teacher" : 0.009687883976773164
         "John and Mary are doctors or teachers" : 0.009676145402838785
         "John or Mary is a doctor or a teacher" : 0.009533440097746813
         "John or Mary is not a doctor or a teacher" : 0.007044254007142295
         "John and Mary are not doctors or teachers" : 0.007034398839721452
         "John or Mary is not a doctor and a teacher" : 0.007033733264990574
         "John and Mary are not doctors and teachers" : 0.006957155658708138,
    KLDivergence: 1.2723668533189734 },
  { query: [ 'What isn\'t John', [Object] ],
    trueResult: 
     Marginal:
         "John is a doctor and a teacher" : 0.37545849217947985
         "John and Mary are doctors and teachers" : 0.20605598937841657
         "John is a doctor" : 0.08551624717081296
         "John is a teacher" : 0.08551624717081296
         "John and Mary are teachers" : 0.046932311522435
         "John and Mary are doctors" : 0.046932311522435
         "John or Mary is a doctor and a teacher" : 0.03844776478197857
         "John or Mary is a teacher" : 0.013905870080721474
         "John is a doctor or a teacher" : 0.013905870080721474
         "John or Mary is a doctor" : 0.013905870080721474
         "Mary is a teacher" : 0.010689530896351615
         "Mary is a doctor" : 0.010689530896351615
         "Mary is not a doctor" : 0.007918999258557448
         "Mary is not a teacher" : 0.007918999258557448
         "John and Mary are doctors or teachers" : 0.007631703310311726
         "Mary is a doctor and a teacher" : 0.005866538940304378
         "Mary is a doctor or a teacher" : 0.0058665389403043675
         "Mary is not a doctor or a teacher" : 0.004346038939316297
         "Mary is not a doctor and a teacher" : 0.004346038939316297
         "John or Mary is a doctor or a teacher" : 0.003907432094879606
         "John or Mary is not a doctor" : 0.0012877152412789025
         "John or Mary is not a teacher" : 0.0012877152412789025
         "John or Mary is not a doctor and a teacher" : 0.0012212002512970355
         "John or Mary is not a doctor or a teacher" : 0.00044504382335897773,
    learnedResult: 
     Marginal:
         "John is a doctor" : 0.061196063852176026
         "John is a teacher" : 0.061196063852176026
         "Mary is a doctor" : 0.05966588818319262
         "Mary is a teacher" : 0.05966588818319262
         "Mary is not a doctor" : 0.04420157711926707
         "Mary is not a teacher" : 0.044201577119267005
         "John is not a teacher" : 0.04406875761963446
         "John is not a doctor" : 0.04406875761963443
         "John is a doctor and a teacher" : 0.0330091052920326
         "John and Mary are doctors" : 0.03287386018844544
         "John and Mary are teachers" : 0.03287386018844542
         "John is a doctor or a teacher" : 0.032773961827414835
         "John or Mary is a teacher" : 0.03276465787724491
         "John or Mary is a doctor" : 0.0327646578772449
         "Mary is a doctor or a teacher" : 0.0327453337128212
         "Mary is a doctor and a teacher" : 0.03274533371282115
         "Mary is not a doctor and a teacher" : 0.02425833985676125
         "Mary is not a doctor or a teacher" : 0.02425833985676124
         "John or Mary is not a doctor" : 0.02425703311642281
         "John or Mary is not a teacher" : 0.02425703311642279
         "John is not a doctor or a teacher" : 0.024255807188066983
         "John and Mary are not doctors" : 0.024248700311228635
         "John and Mary are not teachers" : 0.024248700311228624
         "John is not a doctor and a teacher" : 0.024239690857132037
         "John and Mary are doctors and teachers" : 0.017990979693499862
         "John or Mary is a doctor and a teacher" : 0.017973730483446245
         "John and Mary are doctors or teachers" : 0.017973654821057734
         "John or Mary is a doctor or a teacher" : 0.017971382505304948
         "John or Mary is not a doctor or a teacher" : 0.013313234386447168
         "John and Mary are not doctors or teachers" : 0.013313076081492852
         "John or Mary is not a doctor and a teacher" : 0.013313072398159959
         "John and Mary are not doctors and teachers" : 0.013311880791555942,
    KLDivergence: 1.3758198040540788 },
  { query: [ 'What isn\'t John', [Object] ],
    trueResult: 
     Marginal:
         "John is a doctor and a teacher" : 0.37545849217947985
         "John and Mary are doctors and teachers" : 0.20605598937841657
         "John is a doctor" : 0.08551624717081296
         "John is a teacher" : 0.08551624717081296
         "John and Mary are teachers" : 0.046932311522435
         "John and Mary are doctors" : 0.046932311522435
         "John or Mary is a doctor and a teacher" : 0.03844776478197857
         "John or Mary is a teacher" : 0.013905870080721474
         "John is a doctor or a teacher" : 0.013905870080721474
         "John or Mary is a doctor" : 0.013905870080721474
         "Mary is a teacher" : 0.010689530896351615
         "Mary is a doctor" : 0.010689530896351615
         "Mary is not a doctor" : 0.007918999258557448
         "Mary is not a teacher" : 0.007918999258557448
         "John and Mary are doctors or teachers" : 0.007631703310311726
         "Mary is a doctor and a teacher" : 0.005866538940304378
         "Mary is a doctor or a teacher" : 0.0058665389403043675
         "Mary is not a doctor or a teacher" : 0.004346038939316297
         "Mary is not a doctor and a teacher" : 0.004346038939316297
         "John or Mary is a doctor or a teacher" : 0.003907432094879606
         "John or Mary is not a doctor" : 0.0012877152412789025
         "John or Mary is not a teacher" : 0.0012877152412789025
         "John or Mary is not a doctor and a teacher" : 0.0012212002512970355
         "John or Mary is not a doctor or a teacher" : 0.00044504382335897773,
    learnedResult: 
     Marginal:
         "John is a doctor" : 0.061196063852176026
         "John is a teacher" : 0.061196063852176026
         "Mary is a doctor" : 0.05966588818319262
         "Mary is a teacher" : 0.05966588818319262
         "Mary is not a doctor" : 0.04420157711926707
         "Mary is not a teacher" : 0.044201577119267005
         "John is not a teacher" : 0.04406875761963446
         "John is not a doctor" : 0.04406875761963443
         "John is a doctor and a teacher" : 0.0330091052920326
         "John and Mary are doctors" : 0.03287386018844544
         "John and Mary are teachers" : 0.03287386018844542
         "John is a doctor or a teacher" : 0.032773961827414835
         "John or Mary is a teacher" : 0.03276465787724491
         "John or Mary is a doctor" : 0.0327646578772449
         "Mary is a doctor or a teacher" : 0.0327453337128212
         "Mary is a doctor and a teacher" : 0.03274533371282115
         "Mary is not a doctor and a teacher" : 0.02425833985676125
         "Mary is not a doctor or a teacher" : 0.02425833985676124
         "John or Mary is not a doctor" : 0.02425703311642281
         "John or Mary is not a teacher" : 0.02425703311642279
         "John is not a doctor or a teacher" : 0.024255807188066983
         "John and Mary are not doctors" : 0.024248700311228635
         "John and Mary are not teachers" : 0.024248700311228624
         "John is not a doctor and a teacher" : 0.024239690857132037
         "John and Mary are doctors and teachers" : 0.017990979693499862
         "John or Mary is a doctor and a teacher" : 0.017973730483446245
         "John and Mary are doctors or teachers" : 0.017973654821057734
         "John or Mary is a doctor or a teacher" : 0.017971382505304948
         "John or Mary is not a doctor or a teacher" : 0.013313234386447168
         "John and Mary are not doctors or teachers" : 0.013313076081492852
         "John or Mary is not a doctor and a teacher" : 0.013313072398159959
         "John and Mary are not doctors and teachers" : 0.013311880791555942,
    KLDivergence: 1.3758198040540788 } ]
