L2 norm of gradient: 52.77937122481911
Iteration 0: -15534.739709221363
L2 norm of gradient: 23.57923270173595
Iteration 1: -12336.876464303128
L2 norm of gradient: 3.449074348911728
Iteration 2: -12621.928053870384
L2 norm of gradient: 0.3097755030132087
Iteration 3: -13068.798875294066
L2 norm of gradient: 7.218358813585275
Iteration 4: -12640.890453761358
L2 norm of gradient: 3.253368503279531
Iteration 5: -14454.85790190388
L2 norm of gradient: 57.96537259528622
Iteration 6: -12794.52601030261
L2 norm of gradient: 16.458153225218776
Iteration 7: -13770.57559452638
L2 norm of gradient: 0.04711158091276759
Iteration 8: -13529.60163560365
L2 norm of gradient: 80.02619149878554
Iteration 9: -13841.59531524668
L2 norm of gradient: 14.519755661269556
Iteration 10: -13927.992877747454
L2 norm of gradient: 0.0007236930298232456
Iteration 11: -14758.402082695835
L2 norm of gradient: 14.133601115240861
Iteration 12: -13635.682500128332
L2 norm of gradient: 7.185739136367324
Iteration 13: -13237.665647617901
L2 norm of gradient: 97.80569513764779
Iteration 14: -14155.057814749416
L2 norm of gradient: 180.99684854484326
Iteration 15: -15221.369455172196
L2 norm of gradient: 88.53922404693175
Iteration 16: -15847.655898198416
L2 norm of gradient: 15.17895260908381
Iteration 17: -13774.246025311126
L2 norm of gradient: 81.25130119429197
Iteration 18: -15223.60088649715
L2 norm of gradient: 106.85394732238954
Iteration 19: -14000.242378262583
L2 norm of gradient: 80.14064792814156
Iteration 20: -13702.651270305205
L2 norm of gradient: 0.06491114956044541
Iteration 21: -14297.602510752593
L2 norm of gradient: 9.86075049105618
Iteration 22: -15227.79491993674
L2 norm of gradient: 3.4620337288773277
Iteration 23: -14608.45942148159
L2 norm of gradient: 37.18144179196728
Iteration 24: -14568.801896998975
L2 norm of gradient: 3.4066530656087126
Iteration 25: -13379.413959959962
L2 norm of gradient: 6.905918969609807
Iteration 26: -13086.14884959814
L2 norm of gradient: 0.06961741233682826
Iteration 27: -13990.404051106996
L2 norm of gradient: 0.03425650531681523
Iteration 28: -14758.401514854782
L2 norm of gradient: 3.2738800302564215
Iteration 29: -14915.649186453775
L2 norm of gradient: 7.350066648184405
Iteration 30: -14148.926166158257
L2 norm of gradient: 88.58881038880718
Iteration 31: -12174.498920401804
L2 norm of gradient: 7.993516509320893
Iteration 32: -12930.673315793976
L2 norm of gradient: 112.11572800132711
Iteration 33: -15156.163477848871
L2 norm of gradient: 64.63182448827227
Iteration 34: -15225.025595148687
L2 norm of gradient: 123.4145390721694
Iteration 35: -14183.422244365676
L2 norm of gradient: 62.87724736431838
Iteration 36: -15071.041701156457
L2 norm of gradient: 67.45126466074565
Iteration 37: -14912.725238091687
L2 norm of gradient: 60.78281038952265
Iteration 38: -14607.838963039105
L2 norm of gradient: 3.5034055734848506
Iteration 39: -15683.413856551386
L2 norm of gradient: 71.99845261858165
Iteration 40: -15859.939208987656
L2 norm of gradient: 75.2190469276213
Iteration 41: -13926.11523508051
L2 norm of gradient: 77.71152811649789
Iteration 42: -13174.518684440514
L2 norm of gradient: 15.312163224998729
Iteration 43: -16235.346014574747
L2 norm of gradient: 16.935963738317152
Iteration 44: -14235.256351295446
L2 norm of gradient: 40.92863915081049
Iteration 45: -13192.60803634377
L2 norm of gradient: 225.15804091027687
Iteration 46: -13024.318022239177
L2 norm of gradient: 95.10636667722417
Iteration 47: -15228.902844414508
L2 norm of gradient: 183.04815766868794
Iteration 48: -12934.12890473829
L2 norm of gradient: 17.32941116876734
Iteration 49: -15156.806857056845
L2 norm of gradient: 3.642186071662845
Iteration 50: -14454.85093765875
L2 norm of gradient: 75.84964907481633
Iteration 51: -14847.85307592438
L2 norm of gradient: 110.5786764534007
Iteration 52: -14535.350285560546
L2 norm of gradient: 108.57983820634112
Iteration 53: -14760.402890451
L2 norm of gradient: 3.8142358090846322
Iteration 54: -12161.122393783562
L2 norm of gradient: 110.65417824933839
Iteration 55: -13786.281796452742
L2 norm of gradient: 3.6163379354953977
Iteration 56: -11700.346245116189
L2 norm of gradient: 111.63270412734941
Iteration 57: -14764.38820864276
L2 norm of gradient: 8.435436978179798
Iteration 58: -13548.706113811242
L2 norm of gradient: 13.259820259400437
Iteration 59: -14013.244477226515
L2 norm of gradient: 16.045358521938176
Iteration 60: -14081.211912024113
L2 norm of gradient: 49.09872445011569
Iteration 61: -13637.8326514479
L2 norm of gradient: 108.49990144673005
Iteration 62: -13386.826643962091
L2 norm of gradient: 0.1846080168388439
Iteration 63: -14297.610542329894
L2 norm of gradient: 9.982060904021269
Iteration 64: -16232.870811998235
L2 norm of gradient: 19.907003764648472
Iteration 65: -14080.854386701865
L2 norm of gradient: 129.99893638479944
Iteration 66: -15393.036007695226
L2 norm of gradient: 83.50519050596719
Iteration 67: -14601.818779543093
L2 norm of gradient: 84.6696086713456
Iteration 68: -12933.867039428158
L2 norm of gradient: 3.6510356237544235
Iteration 69: -13225.99720547159
L2 norm of gradient: 78.26150032052638
Iteration 70: -13003.596684123195
L2 norm of gradient: 120.20822639239744
Iteration 71: -12923.047874185635
L2 norm of gradient: 81.6530423156036
Iteration 72: -15776.462504909832
L2 norm of gradient: 4.223380134024536
Iteration 73: -13390.125039456492
L2 norm of gradient: 3.823333649247721
Iteration 74: -13840.231499798516
L2 norm of gradient: 76.51669520834116
Iteration 75: -13995.502020790522
L2 norm of gradient: 102.27578594334679
Iteration 76: -13849.303837319014
L2 norm of gradient: 16.806913115575764
Iteration 77: -13560.853593848235
L2 norm of gradient: 0.38452734540057
Iteration 78: -14297.585777880939
L2 norm of gradient: 127.27461820540786
Iteration 79: -14289.831738340526
L2 norm of gradient: 167.72467240037003
Iteration 80: -12171.481460800298
L2 norm of gradient: 128.35369567243987
Iteration 81: -14903.999892121372
L2 norm of gradient: 3.8394345592163317
Iteration 82: -13236.354804807619
L2 norm of gradient: 113.58511748334783
Iteration 83: -14392.061313418275
L2 norm of gradient: 88.2293662854224
Iteration 84: -15526.324813622132
L2 norm of gradient: 143.9335669630544
Iteration 85: -15336.607473509257
L2 norm of gradient: 207.06665523836799
Iteration 86: -15292.89412265169
L2 norm of gradient: 0.3168819728874591
Iteration 87: -14144.002614635201
L2 norm of gradient: 0.34836106404531203
Iteration 88: -13690.26372985136
L2 norm of gradient: 88.25517863214004
Iteration 89: -13987.107512587183
L2 norm of gradient: 188.50407664433376
Iteration 90: -13993.564319558976
L2 norm of gradient: 149.7206438472629
Iteration 91: -13927.423741789487
L2 norm of gradient: 280.2857544756849
Iteration 92: -16119.115460561065
L2 norm of gradient: 98.94083532140097
Iteration 93: -13389.965172139367
L2 norm of gradient: 143.7914281228175
Iteration 94: -14286.044281079903
L2 norm of gradient: 4.625006603807262
Iteration 95: -13236.584246017639
L2 norm of gradient: 4.085077025035267
Iteration 96: -13840.213498601452
L2 norm of gradient: 4.224947047203211
Iteration 97: -14301.013254280062
L2 norm of gradient: 4.2184417351549115
Iteration 98: -14004.350667027313
L2 norm of gradient: 4.918823695154442
Iteration 99: -14761.962704336338
L2 norm of gradient: 10.125368211773083
Iteration 100: -13391.928084897085
L2 norm of gradient: 0.6216690267824276
Iteration 101: -15219.174702493641
L2 norm of gradient: 4.180143744223022
Iteration 102: -14454.835318024165
L2 norm of gradient: 101.31387744686539
Iteration 103: -13537.769290008597
L2 norm of gradient: 93.40724388032488
Iteration 104: -14296.830236840455
L2 norm of gradient: 156.57974948247792
Iteration 105: -13685.942962042882
L2 norm of gradient: 9.019182153552894
Iteration 106: -14149.193555857066
L2 norm of gradient: 20.592611941146455
Iteration 107: -14844.965073127998
L2 norm of gradient: 159.64077513980195
Iteration 108: -13374.47476024801
L2 norm of gradient: 314.8264229016613
Iteration 109: -13359.690648849257
L2 norm of gradient: 96.68081260776573
Iteration 110: -14752.554135835191
L2 norm of gradient: 152.3028687219924
Iteration 111: -15371.690970936763
L2 norm of gradient: 0.3632342136967908
Iteration 112: -14144.018098884151
L2 norm of gradient: 88.33290401990718
Iteration 113: -14842.407018807855
L2 norm of gradient: 90.01175014940083
Iteration 114: -14842.310930226591
L2 norm of gradient: 286.1930357618242
Iteration 115: -15674.237725629097
L2 norm of gradient: 0.13560724592884302
Iteration 116: -13836.795549895358
L2 norm of gradient: 204.59487863088023
Iteration 117: -13456.271715231806
L2 norm of gradient: 18.685819640794897
Iteration 118: -14096.018853028916
L2 norm of gradient: 174.28778781010857
Iteration 119: -15356.369207577589
L2 norm of gradient: 324.74188798628114
Iteration 120: -14057.929018130522
L2 norm of gradient: 112.54283585597332
Iteration 121: -14598.472893586119
L2 norm of gradient: 115.92250844434344
Iteration 122: -13627.579980269787
L2 norm of gradient: 18.712009496212296
Iteration 123: -13858.371868913624
L2 norm of gradient: 238.94500513267604
Iteration 124: -13440.068894982192
L2 norm of gradient: 184.51338294963608
Iteration 125: -13967.22792702044
L2 norm of gradient: 21.899256711991164
Iteration 126: -12554.116516408865
L2 norm of gradient: 59.41782800201465
Iteration 127: -13956.258263354965
L2 norm of gradient: 204.18087705546395
Iteration 128: -13454.103987076616
L2 norm of gradient: 24.99870873029712
Iteration 129: -13014.685049772574
L2 norm of gradient: 191.96827132818106
Iteration 130: -15500.441245629396
L2 norm of gradient: 4.768192473974754
Iteration 131: -14311.610243665218
L2 norm of gradient: 121.56389092722245
Iteration 132: -12779.146224384695
L2 norm of gradient: 27.843487966564687
Iteration 133: -14693.322058252812
L2 norm of gradient: 159.35426478110915
Iteration 134: -14740.766252559886
L2 norm of gradient: 130.49833536580667
Iteration 135: -15535.83092615899
L2 norm of gradient: 207.67139590750355
Iteration 136: -14446.287376930706
L2 norm of gradient: 11.825088960867896
Iteration 137: -13549.379816373268
L2 norm of gradient: 202.6214508619255
Iteration 138: -15035.63431133033
L2 norm of gradient: 213.23668015637313
Iteration 139: -14522.317008393573
L2 norm of gradient: 233.79249923916692
Iteration 140: -14415.323716635092
L2 norm of gradient: 106.32755837502144
Iteration 141: -10941.087318918777
L2 norm of gradient: 209.4349904941498
Iteration 142: -15647.768702981171
L2 norm of gradient: 1.7079960081456111
Iteration 143: -14911.920584660445
L2 norm of gradient: 109.24857175813102
Iteration 144: -14445.47079634526
L2 norm of gradient: 242.51344418426712
Iteration 145: -14718.312220715748
L2 norm of gradient: 13.229585363729981
Iteration 146: -13392.577254138258
L2 norm of gradient: 260.5922759897635
Iteration 147: -12749.05995721955
L2 norm of gradient: 131.62729337017382
Iteration 148: -15383.23603666876
L2 norm of gradient: 26.126231319189465
Iteration 149: -13768.069941192178
L2 norm of gradient: 17.560634624279402
Iteration 150: -12709.373561809702
L2 norm of gradient: 339.7487368303257
Iteration 151: -14708.146383779169
L2 norm of gradient: 193.02515743878126
Iteration 152: -14593.631643244633
L2 norm of gradient: 131.91055968749666
Iteration 153: -13608.813566125002
L2 norm of gradient: 26.103819580247812
Iteration 154: -13921.431588705836
L2 norm of gradient: 189.68945375695156
Iteration 155: -12982.81380926895
L2 norm of gradient: 117.27591390962876
Iteration 156: -12313.418957450362
L2 norm of gradient: 10.63857751146327
Iteration 157: -13547.200567352545
L2 norm of gradient: 35.44085997106467
Iteration 158: -14489.650265890075
L2 norm of gradient: 14.837049497717494
Iteration 159: -15156.416304878912
L2 norm of gradient: 5.361983563287759
Iteration 160: -13390.01941199958
L2 norm of gradient: 233.7062064318778
Iteration 161: -15796.131188277208
L2 norm of gradient: 4.191847644414206
Iteration 162: -13993.982969340053
L2 norm of gradient: 22.079732191573537
Iteration 163: -13398.44961415691
L2 norm of gradient: 29.595563933099672
Iteration 164: -15614.468757322156
L2 norm of gradient: 122.70704405193788
Iteration 165: -13520.33030225278
L2 norm of gradient: 9.359749580474498
Iteration 166: -15535.157811812041
L2 norm of gradient: 27.662011907214676
Iteration 167: -12845.478443138287
L2 norm of gradient: 0.7814546614374798
Iteration 168: -15219.129452972576
L2 norm of gradient: 52.80997668098605
Iteration 169: -15234.168761549052
L2 norm of gradient: 187.93444558351854
Iteration 170: -13672.149194526472
L2 norm of gradient: 142.91334441919176
Iteration 171: -14587.940172835097
L2 norm of gradient: 27.603525172990768
Iteration 172: -13921.12668587026
L2 norm of gradient: 2.3769206866567854
Iteration 173: -14143.845737740454
L2 norm of gradient: 141.62166753117054
Iteration 174: -13523.2311645796
L2 norm of gradient: 28.60117327062392
Iteration 175: -14688.898886831566
L2 norm of gradient: 144.51885548753998
Iteration 176: -13841.527467279144
L2 norm of gradient: 274.3343013596257
Iteration 177: -14485.86849707153
L2 norm of gradient: 1.2509562530359528
Iteration 178: -15987.132580902406
L2 norm of gradient: 7.0532591322630145
Iteration 179: -13836.04360312863
L2 norm of gradient: 124.38802401508516
Iteration 180: -14926.092924905159
L2 norm of gradient: 0.07194846716778246
Iteration 181: -13683.198168136942
L2 norm of gradient: 30.79615554890776
Iteration 182: -14230.954314620565
L2 norm of gradient: 200.31348880707938
Iteration 183: -14982.148047217775
L2 norm of gradient: 303.4303846120413
Iteration 184: -13701.21661615171
L2 norm of gradient: 252.78031408672297
Iteration 185: -13785.459990487147
L2 norm of gradient: 179.07250856572966
Iteration 186: -13384.534161865784
L2 norm of gradient: 1.4300706938330756
Iteration 187: -14604.983682844519
L2 norm of gradient: 255.3755984124359
Iteration 188: -14859.151526708392
L2 norm of gradient: 12.331414257851044
Iteration 189: -13086.49893201564
L2 norm of gradient: 323.4108456176341
Iteration 190: -15479.785873202018
L2 norm of gradient: 39.14945516057422
Iteration 191: -13919.119352046146
L2 norm of gradient: 260.55854916144847
Iteration 192: -12877.180458376453
L2 norm of gradient: 16.001665456392768
Iteration 193: -12625.381368535916
L2 norm of gradient: 30.158228213494255
Iteration 194: -12094.421435910273
L2 norm of gradient: 245.49089468620417
Iteration 195: -14555.25628584117
L2 norm of gradient: 222.69380730623342
Iteration 196: -14130.17169680945
L2 norm of gradient: 268.1425877066444
Iteration 197: -13163.045543616427
L2 norm of gradient: 220.51781570412868
Iteration 198: -14953.110148896101
L2 norm of gradient: 5.900172054635054
Iteration 199: -14762.011194695504
L2 norm of gradient: 11.751489931330623
Iteration 200: -13989.053529562825
L2 norm of gradient: 7.970895280025117
Iteration 201: -14300.729982824625
L2 norm of gradient: 123.51688797488832
Iteration 202: -13831.681796401568
L2 norm of gradient: 834.1365097975545
Iteration 203: -14585.337745801928
L2 norm of gradient: 13.92299945212929
Iteration 204: -14008.146206425261
L2 norm of gradient: 61.298161864790885
Iteration 205: -13555.36139054259
L2 norm of gradient: 3.09655998910915
Iteration 206: -14143.777727816354
L2 norm of gradient: 0.16508423601607297
Iteration 207: -14758.392540742529
L2 norm of gradient: 122.54977895262941
Iteration 208: -12691.470542948686
L2 norm of gradient: 28.13956895947426
Iteration 209: -13920.227332519238
L2 norm of gradient: 455.71586313828095
Iteration 210: -14655.183702437545
L2 norm of gradient: 32.10223275101835
Iteration 211: -12718.168339861666
L2 norm of gradient: 323.56636187974414
Iteration 212: -13457.860321048243
L2 norm of gradient: 68.53846468126942
Iteration 213: -15535.082704760027
L2 norm of gradient: 1.302529881216499
Iteration 214: -13529.630204980283
L2 norm of gradient: 134.39123133504833
Iteration 215: -14671.584046417047
L2 norm of gradient: 141.3304712998319
Iteration 216: -13619.135970675055
L2 norm of gradient: 348.8565833767494
Iteration 217: -14207.996903700407
L2 norm of gradient: 288.1591379701402
Iteration 218: -13317.11152976107
L2 norm of gradient: 614.8532965019522
Iteration 219: -14284.609033476294
L2 norm of gradient: 2.1302547466801784
Iteration 220: -14911.712809745282
L2 norm of gradient: 303.6346335120999
Iteration 221: -14063.717913806631
L2 norm of gradient: 140.2685506933355
Iteration 222: -14364.945822707721
L2 norm of gradient: 173.87169669408655
Iteration 223: -15031.521477995868
L2 norm of gradient: 6.800307292612968
Iteration 224: -13850.971890808178
L2 norm of gradient: 146.42150136289493
Iteration 225: -13526.536290487587
L2 norm of gradient: 319.7181052064394
Iteration 226: -14985.199612268661
L2 norm of gradient: 363.54446787828846
Iteration 227: -14991.29598330155
L2 norm of gradient: 208.79648103882593
Iteration 228: -15047.040288471571
L2 norm of gradient: 170.21362424930976
Iteration 229: -15612.605177971547
L2 norm of gradient: 2.0267865607172215
Iteration 230: -14143.761755275633
L2 norm of gradient: 172.7250875306703
Iteration 231: -14716.06522168595
L2 norm of gradient: 20.62764386149145
Iteration 232: -13086.873867837023
L2 norm of gradient: 153.88760830359362
Iteration 233: -13664.153493942877
L2 norm of gradient: 230.53594807247245
Iteration 234: -14510.675849530075
L2 norm of gradient: 454.1687664982236
Iteration 235: -13703.517007024438
L2 norm of gradient: 37.0953732641363
Iteration 236: -15299.938225567561
L2 norm of gradient: 38.421020609683154
Iteration 237: -15149.338060826038
L2 norm of gradient: 36.143565038786086
Iteration 238: -13610.281670837576
L2 norm of gradient: 23.213226913982947
Iteration 239: -13702.44871944222
L2 norm of gradient: 1.511144503911694
Iteration 240: -14144.201530368915
L2 norm of gradient: 232.29182619970936
Iteration 241: -14173.962308049864
L2 norm of gradient: 212.57091257076814
Iteration 242: -13048.003251943392
L2 norm of gradient: 204.54350914114485
Iteration 243: -14707.995876560326
L2 norm of gradient: 172.902904120771
Iteration 244: -14236.491203800828
L2 norm of gradient: 163.06732486567657
Iteration 245: -13827.95713660562
L2 norm of gradient: 72.05749531208295
Iteration 246: -12935.043983314987
L2 norm of gradient: 269.4690589170183
Iteration 247: -16030.86921692694
L2 norm of gradient: 263.7300949579253
Iteration 248: -13851.96699993927
L2 norm of gradient: 27.692993645743755
Iteration 249: -13683.203496892917
L2 norm of gradient: 216.58439029669435
Iteration 250: -15040.12397811863
L2 norm of gradient: 253.61594169194603
Iteration 251: -16172.925626172973
L2 norm of gradient: 7.779817271601725
Iteration 252: -12928.275954885103
L2 norm of gradient: 168.9631104101313
Iteration 253: -14272.846373065258
L2 norm of gradient: 3.38251262511965
Iteration 254: -15525.974584499614
L2 norm of gradient: 25.424299620855773
Iteration 255: -12184.385749909154
L2 norm of gradient: 41.21495707800594
Iteration 256: -14380.819214289797
L2 norm of gradient: 117.75187296258711
Iteration 257: -13172.85507107293
L2 norm of gradient: 40.69446746623944
Iteration 258: -14842.402123122194
L2 norm of gradient: 5.843327454216524
Iteration 259: -13221.702171930536
L2 norm of gradient: 346.52148023754637
Iteration 260: -14495.851792468799
L2 norm of gradient: 77.46329513704657
Iteration 261: -13857.122369314635
L2 norm of gradient: 405.92774481940955
Iteration 262: -13733.555522011797
L2 norm of gradient: 16.63931899391711
Iteration 263: -14916.943334863548
L2 norm of gradient: 177.5287104079376
Iteration 264: -14152.513776940626
L2 norm of gradient: 42.396478160550906
Iteration 265: -13915.720498226136
L2 norm of gradient: 59.806341899554155
Iteration 266: -13452.517372032742
L2 norm of gradient: 11.398487456552415
Iteration 267: -13389.033375111476
L2 norm of gradient: 700.8541375190895
Iteration 268: -14683.5480673093
L2 norm of gradient: 257.4937417945418
Iteration 269: -14316.146136080022
L2 norm of gradient: 77.02448580954677
Iteration 270: -11718.75308057467
L2 norm of gradient: 42.858038814489305
Iteration 271: -14840.053084036319
L2 norm of gradient: 19.613998658016346
Iteration 272: -12784.60143613267
L2 norm of gradient: 21.312147269909634
Iteration 273: -14456.576184595895
L2 norm of gradient: 353.92169599814474
Iteration 274: -13424.247284097546
L2 norm of gradient: 228.61411928520354
Iteration 275: -16395.541836699114
L2 norm of gradient: 143.34366089692594
Iteration 276: -13238.420093267905
L2 norm of gradient: 575.7207173229284
Iteration 277: -15190.22622225907
L2 norm of gradient: 404.2242194577049
Iteration 278: -13498.585609418114
L2 norm of gradient: 2.067672874384624
Iteration 279: -14143.98805102972
L2 norm of gradient: 10.144314150001483
Iteration 280: -15528.894659845035
L2 norm of gradient: 24.78531024042368
Iteration 281: -12321.206546586614
L2 norm of gradient: 42.74856664230756
Iteration 282: -13156.1122015408
L2 norm of gradient: 16.146597189965412
Iteration 283: -14613.0757908794
L2 norm of gradient: 17.08391549135436
Iteration 284: -12482.744902354374
L2 norm of gradient: 254.5049926282611
Iteration 285: -13095.40372992001
L2 norm of gradient: 221.67788000593106
Iteration 286: -14234.97296845521
L2 norm of gradient: 182.8180282207242
Iteration 287: -13504.69351705082
L2 norm of gradient: 64.12835267146556
Iteration 288: -11789.553173225184
L2 norm of gradient: 9.877182275690272
Iteration 289: -13840.165567818627
L2 norm of gradient: 239.29683618695816
Iteration 290: -12424.995809844193
L2 norm of gradient: 257.8365086045137
Iteration 291: -14229.860395100484
L2 norm of gradient: 374.9511738971119
Iteration 292: -15550.510742068804
L2 norm of gradient: 81.7185161236236
Iteration 293: -15373.02985264884
L2 norm of gradient: 38.97992990617908
Iteration 294: -12308.267870333559
L2 norm of gradient: 190.36649599549034
Iteration 295: -13643.493689630452
L2 norm of gradient: 9.521309224458962
Iteration 296: -12486.654799872405
L2 norm of gradient: 241.68864722532874
Iteration 297: -16158.382577343855
L2 norm of gradient: 49.621400684221385
Iteration 298: -13607.209830657388
L2 norm of gradient: 182.35132875910062
Iteration 299: -12731.748335559292
L2 norm of gradient: 42.0514119209381
Iteration 300: -13912.192292574793
L2 norm of gradient: 70.30115222239118
Iteration 301: -14167.029207640948
L2 norm of gradient: 7.661685507249833
Iteration 302: -13682.632484353719
L2 norm of gradient: 280.2663198036802
Iteration 303: -12933.017662511607
L2 norm of gradient: 45.593893219361185
Iteration 304: -13774.813695234392
L2 norm of gradient: 417.2885698219112
Iteration 305: -16303.17533484914
L2 norm of gradient: 353.33964575885904
Iteration 306: -14156.671318291654
L2 norm of gradient: 5.838438158861408
Iteration 307: -14450.653666736353
L2 norm of gradient: 57.31411808369087
Iteration 308: -13930.73872242006
L2 norm of gradient: 88.21257221397528
Iteration 309: -15371.358921244884
L2 norm of gradient: 14.947059327954127
Iteration 310: -14612.20843490266
L2 norm of gradient: 35.0918750632095
Iteration 311: -14146.227096761282
L2 norm of gradient: 355.3137092946532
Iteration 312: -14306.360069706916
L2 norm of gradient: 11.38283927167404
Iteration 313: -13237.399592508178
L2 norm of gradient: 395.581995442183
Iteration 314: -14912.758938479894
L2 norm of gradient: 50.805418193600545
Iteration 315: -12346.560826785457
L2 norm of gradient: 557.1454494947923
Iteration 316: -13663.396729713386
L2 norm of gradient: 57.24923103726462
Iteration 317: -14379.730247059571
L2 norm of gradient: 183.60721996936132
Iteration 318: -13416.87557498509
L2 norm of gradient: 176.7784712602092
Iteration 319: -14952.892355332755
L2 norm of gradient: 568.3627049043829
Iteration 320: -12775.058919731182
L2 norm of gradient: 178.0865062265595
Iteration 321: -13953.272174103013
L2 norm of gradient: 51.6575028647328
Iteration 322: -13308.500887450467
L2 norm of gradient: 444.4967967502721
Iteration 323: -13361.765852399607
L2 norm of gradient: 159.68844732884963
Iteration 324: -12915.56451715636
L2 norm of gradient: 422.0330067043933
Iteration 325: -14437.906737854288
L2 norm of gradient: 12.342575295381208
Iteration 326: -14453.219812751702
L2 norm of gradient: 263.1059916415673
Iteration 327: -13746.659635609321
L2 norm of gradient: 5.827946142282258
Iteration 328: -15525.336244816019
L2 norm of gradient: 56.01251949569801
Iteration 329: -14369.581935830958
L2 norm of gradient: 187.76860215702686
Iteration 330: -13115.49080517424
L2 norm of gradient: 475.6037128371424
Iteration 331: -14125.510130029792
L2 norm of gradient: 486.94869852817806
Iteration 332: -14896.318794932102
L2 norm of gradient: 825.8450047154139
Iteration 333: -13505.918157575357
L2 norm of gradient: 211.7964144594303
Iteration 334: -14405.530226222134
L2 norm of gradient: 78.78601901782415
Iteration 335: -14754.963492342687
L2 norm of gradient: 335.44031676617493
Iteration 336: -15120.961099284865
L2 norm of gradient: 407.0566701463057
Iteration 337: -12604.381602288828
L2 norm of gradient: 17.42567440094728
Iteration 338: -14452.684462021265
L2 norm of gradient: 344.60675164278695
Iteration 339: -13897.468564036077
L2 norm of gradient: 21.172998632131666
Iteration 340: -13218.914185352562
L2 norm of gradient: 390.2712118223315
Iteration 341: -12598.042221589825
L2 norm of gradient: 13.263991476878578
Iteration 342: -13220.058798746573
L2 norm of gradient: 251.32221888096885
Iteration 343: -15904.06794825079
L2 norm of gradient: 355.1653986676893
Iteration 344: -13062.515482583618
L2 norm of gradient: 43.835906517046354
Iteration 345: -13450.17380159529
L2 norm of gradient: 232.97612172521102
Iteration 346: -12884.163659517062
L2 norm of gradient: 304.6594057382181
Iteration 347: -13367.883335810275
L2 norm of gradient: 50.55789710499332
Iteration 348: -13985.056810303888
L2 norm of gradient: 48.70922825308581
Iteration 349: -14524.685289405013
L2 norm of gradient: 56.80862266234531
Iteration 350: -13462.014131894852
L2 norm of gradient: 50.056395756046435
Iteration 351: -14525.706130082634
L2 norm of gradient: 23.443792131814657
Iteration 352: -13993.843094010957
L2 norm of gradient: 319.65612182972365
Iteration 353: -14570.616549733384
L2 norm of gradient: 7.835613296853153
Iteration 354: -14756.802053538748
L2 norm of gradient: 49.61850387993105
Iteration 355: -14829.587061755072
L2 norm of gradient: 53.22928052311034
Iteration 356: -12906.521604731319
L2 norm of gradient: 298.6934820600728
Iteration 357: -13467.073408923303
L2 norm of gradient: 245.14271945385497
Iteration 358: -14558.215340411767
L2 norm of gradient: 62.465551737191475
Iteration 359: -14438.571336567922
L2 norm of gradient: 442.4163531384325
Iteration 360: -14866.49117177847
L2 norm of gradient: 21.432324167901317
Iteration 361: -13065.368026313814
L2 norm of gradient: 108.95258605868803
Iteration 362: -13530.10861212014
L2 norm of gradient: 441.6071969102604
Iteration 363: -10449.393166904916
L2 norm of gradient: 82.05978987732351
Iteration 364: -14129.37236036228
L2 norm of gradient: 449.5039891636801
Iteration 365: -15472.076728001259
L2 norm of gradient: 4.235852666332325
Iteration 366: -13990.284082654814
L2 norm of gradient: 13.563611509161563
Iteration 367: -12160.509100627378
L2 norm of gradient: 276.3710410029575
Iteration 368: -12266.069971852405
L2 norm of gradient: 234.3679759197069
Iteration 369: -15306.949568397422
L2 norm of gradient: 380.5455795357552
Iteration 370: -14436.054575998189
L2 norm of gradient: 9.995635402581604
Iteration 371: -12472.127738529505
L2 norm of gradient: 219.11041541719828
Iteration 372: -14923.343734335767
L2 norm of gradient: 521.9632473653176
Iteration 373: -14699.34689531281
L2 norm of gradient: 515.2371954429458
Iteration 374: -15609.018421585215
L2 norm of gradient: 468.2880388710274
Iteration 375: -14714.262889417658
L2 norm of gradient: 263.8252704440752
Iteration 376: -13019.516288100458
L2 norm of gradient: 185.38340991073483
Iteration 377: -13954.11299123117
L2 norm of gradient: 243.2319374902071
Iteration 378: -13080.572718155396
L2 norm of gradient: 486.27770637111274
Iteration 379: -14237.587500168325
L2 norm of gradient: 55.17634018602198
Iteration 380: -13134.252448303327
L2 norm of gradient: 2.0224343904970468
Iteration 381: -13683.168126143275
L2 norm of gradient: 248.32809938570938
Iteration 382: -13223.023827827914
L2 norm of gradient: 400.4108528270889
Iteration 383: -13319.6317468152
L2 norm of gradient: 284.792202725271
Iteration 384: -15572.126363210875
L2 norm of gradient: 281.49760671152706
Iteration 385: -13010.157428562099
L2 norm of gradient: 45.37278305277428
Iteration 386: -14993.821909992866
L2 norm of gradient: 260.0147410231008
Iteration 387: -12528.890164047576
L2 norm of gradient: 301.6562087553191
Iteration 388: -13351.050198766832
L2 norm of gradient: 74.85755168711044
Iteration 389: -11630.908564991318
L2 norm of gradient: 5.2229250681391
Iteration 390: -13989.894078890644
L2 norm of gradient: 545.0093526249336
Iteration 391: -14074.321557201967
L2 norm of gradient: 680.0677983902441
Iteration 392: -14661.561705827799
L2 norm of gradient: 246.45544978327482
Iteration 393: -13164.155526566765
L2 norm of gradient: 282.3502314551054
Iteration 394: -12835.627515075466
L2 norm of gradient: 283.6021352347678
Iteration 395: -14064.15762578812
L2 norm of gradient: 368.4633129368577
Iteration 396: -12822.400768174295
L2 norm of gradient: 10.121785605324582
Iteration 397: -12775.976286691272
L2 norm of gradient: 361.730097964071
Iteration 398: -14489.6398082332
L2 norm of gradient: 312.6500005766774
Iteration 399: -12950.821571340253
L2 norm of gradient: 378.07720039141486
Iteration 400: -13253.935593563026
L2 norm of gradient: 334.02164400492876
Iteration 401: -13915.736684495534
L2 norm of gradient: 68.77180792739652
Iteration 402: -13770.582592423467
L2 norm of gradient: 18.352386292254003
Iteration 403: -13696.397876658435
L2 norm of gradient: 386.50743018642993
Iteration 404: -14222.354791155323
L2 norm of gradient: 778.7675421961293
Iteration 405: -13836.434181256143
L2 norm of gradient: 12.328801045959718
Iteration 406: -14756.735470256888
L2 norm of gradient: 58.45929422831586
Iteration 407: -14826.315814902668
L2 norm of gradient: 59.980698968328745
Iteration 408: -12931.87413295147
L2 norm of gradient: 51.3608852264284
Iteration 409: -14084.383825221537
L2 norm of gradient: 314.9541551553262
Iteration 410: -14469.76060192272
L2 norm of gradient: 54.9760103352133
Iteration 411: -15293.584606252643
L2 norm of gradient: 327.1820502935547
Iteration 412: -12408.150384334775
L2 norm of gradient: 45.49238027353344
Iteration 413: -13538.09887343488
L2 norm of gradient: 47.371686614532486
Iteration 414: -12770.252503814438
L2 norm of gradient: 31.419727861973865
Iteration 415: -14019.100793566486
L2 norm of gradient: 565.3219125079975
Iteration 416: -14641.137577558848
L2 norm of gradient: 248.70144192659023
Iteration 417: -15522.820616146248
L2 norm of gradient: 35.44881034062713
Iteration 418: -13553.515258527337
L2 norm of gradient: 592.343746879665
Iteration 419: -13935.350292776957
L2 norm of gradient: 38.07897435675891
Iteration 420: -12477.809700337126
L2 norm of gradient: 482.8850554569635
Iteration 421: -13276.937446117745
L2 norm of gradient: 25.705306425581433
Iteration 422: -13833.173217426072
L2 norm of gradient: 31.46548122883747
Iteration 423: -14139.182445332523
L2 norm of gradient: 342.5615952727655
Iteration 424: -13244.567732774278
L2 norm of gradient: 34.56398615712191
Iteration 425: -13082.869877329802
L2 norm of gradient: 458.580563563969
Iteration 426: -12376.235476202659
L2 norm of gradient: 113.07605188958306
Iteration 427: -13986.453204931227
L2 norm of gradient: 334.63430094683474
Iteration 428: -13276.987708389437
L2 norm of gradient: 479.2226674751322
Iteration 429: -13280.623907274734
L2 norm of gradient: 26.175686026239656
Iteration 430: -12935.372026107723
L2 norm of gradient: 73.9147652000905
Iteration 431: -13726.307701441689
L2 norm of gradient: 65.67278781018956
Iteration 432: -13004.752036772465
L2 norm of gradient: 131.10408399223616
Iteration 433: -14190.886853606205
L2 norm of gradient: 325.49679187290815
Iteration 434: -15077.781567591639
L2 norm of gradient: 286.5476566787932
Iteration 435: -14004.123134458716
L2 norm of gradient: 177.00054060629793
Iteration 436: -15961.430882644323
L2 norm of gradient: 97.33247364835188
Iteration 437: -12290.201945347299
L2 norm of gradient: 245.41168500617317
Iteration 438: -13097.76001556189
L2 norm of gradient: 968.4474957189307
Iteration 439: -12980.714581560722
L2 norm of gradient: 330.07360983028894
Iteration 440: -15378.75014946379
L2 norm of gradient: 801.3998667576286
Iteration 441: -14167.972679907709
L2 norm of gradient: 323.40008642620904
Iteration 442: -14337.836994057152
L2 norm of gradient: 531.2585846326791
Iteration 443: -13692.564345101311
L2 norm of gradient: 342.82456480717605
Iteration 444: -12976.796880026423
L2 norm of gradient: 388.8830049939612
Iteration 445: -14512.829788841456
L2 norm of gradient: 282.9156126730158
Iteration 446: -14623.332392862987
L2 norm of gradient: 136.48402604380456
Iteration 447: -14431.039364862554
L2 norm of gradient: 559.9520279627628
Iteration 448: -14669.969688252759
L2 norm of gradient: 473.7496429690046
Iteration 449: -12344.018737936412
L2 norm of gradient: 400.7882561179656
Iteration 450: -15232.137792348425
L2 norm of gradient: 62.12876779476717
Iteration 451: -15066.501598699107
L2 norm of gradient: 107.73086929789429
Iteration 452: -14587.187264121956
L2 norm of gradient: 577.2064615035506
Iteration 453: -14368.438821788535
L2 norm of gradient: 245.02543591176018
Iteration 454: -14469.288161681223
L2 norm of gradient: 656.5665095373708
Iteration 455: -14756.513427022328
L2 norm of gradient: 69.59384188462809
Iteration 456: -13755.930387609262
L2 norm of gradient: 86.52472309093221
Iteration 457: -13595.392785094631
L2 norm of gradient: 338.9751046071826
Iteration 458: -13264.886742865501
L2 norm of gradient: 532.2503482761277
Iteration 459: -13359.908843629722
L2 norm of gradient: 298.5784089823683
Iteration 460: -11991.087856056221
L2 norm of gradient: 650.8698797627779
Iteration 461: -13863.536578474503
L2 norm of gradient: 318.61475539214155
Iteration 462: -11356.817855115169
L2 norm of gradient: 560.7144500134751
Iteration 463: -11848.732716329052
L2 norm of gradient: 133.4313536622629
Iteration 464: -14732.715640722006
L2 norm of gradient: 77.98447344476924
Iteration 465: -14215.628582233021
L2 norm of gradient: 142.30777504776543
Iteration 466: -14955.724584653857
L2 norm of gradient: 171.8297274339549
Iteration 467: -14102.85234173475
L2 norm of gradient: 68.65536731115566
Iteration 468: -14528.580382739425
L2 norm of gradient: 482.62272355490137
Iteration 469: -14389.13425371522
L2 norm of gradient: 78.22350163503481
Iteration 470: -13781.642380921625
L2 norm of gradient: 45.08347689166905
Iteration 471: -14906.314604739842
L2 norm of gradient: 428.33684553121145
Iteration 472: -13187.525725882972
L2 norm of gradient: 562.5218694338281
Iteration 473: -14569.268587433528
L2 norm of gradient: 349.68741452314083
Iteration 474: -14780.429677295073
L2 norm of gradient: 88.54071612012768
Iteration 475: -15166.169575691241
L2 norm of gradient: 453.17445616992063
Iteration 476: -13611.202767466764
L2 norm of gradient: 401.75558201581924
Iteration 477: -14724.786325090638
L2 norm of gradient: 25.779678111380804
Iteration 478: -14443.460868511342
L2 norm of gradient: 1145.246606515785
Iteration 479: -13311.083971852402
L2 norm of gradient: 760.5003648896471
Iteration 480: -13476.362789131921
L2 norm of gradient: 1061.3097684055735
Iteration 481: -14197.304583603358
L2 norm of gradient: 763.7577299851888
Iteration 482: -12061.539140326811
L2 norm of gradient: 44.36297876499561
Iteration 483: -12633.591428208394
L2 norm of gradient: 361.8590378211858
Iteration 484: -14127.793968218064
L2 norm of gradient: 357.90853625776924
Iteration 485: -11715.517741764314
L2 norm of gradient: 507.4766099415802
Iteration 486: -14041.05277452578
L2 norm of gradient: 154.71736084583108
Iteration 487: -15340.38203859664
L2 norm of gradient: 160.0800240337407
Iteration 488: -13511.938373311861
L2 norm of gradient: 374.6626339070074
Iteration 489: -13683.353859378
L2 norm of gradient: 40.88280564567032
Iteration 490: -13092.998619417478
L2 norm of gradient: 527.075662264968
Iteration 491: -14124.86385802599
L2 norm of gradient: 79.33908650251585
Iteration 492: -15735.005953605876
L2 norm of gradient: 705.4810973931327
Iteration 493: -12736.315687404916
L2 norm of gradient: 123.17458373695881
Iteration 494: -11659.267272744748
L2 norm of gradient: 243.68432128904772
Iteration 495: -13616.2571184641
L2 norm of gradient: 263.1799232390692
Iteration 496: -15607.777840825143
L2 norm of gradient: 151.78755565557805
Iteration 497: -13496.543181456289
L2 norm of gradient: 399.29188616167795
Iteration 498: -12795.706313305158
L2 norm of gradient: 63.23774575430947
Iteration 499: -11895.024822851727
[ { query: [ 'Who is a doctor', [Object] ],
    trueResult: 
     Marginal:
         "John and Mary are doctors" : 0.380020640450514
         "John and Mary are doctors and teachers" : 0.20855974943514632
         "John is a doctor" : 0.08655534418766547
         "Mary is a doctor" : 0.08655534418766547
         "John is a doctor and a teacher" : 0.04750258005631425
         "Mary is a doctor and a teacher" : 0.04750258005631425
         "John and Mary are doctors or teachers" : 0.018309772241219994
         "John or Mary is a doctor and a teacher" : 0.01641723975145466
         "John is a doctor or a teacher" : 0.014074838535204214
         "Mary is a doctor or a teacher" : 0.014074838535204214
         "John or Mary is a doctor" : 0.014074838535204214
         "Mary is a teacher" : 0.010819418023458179
         "John is a teacher" : 0.010819418023458179
         "John is not a teacher" : 0.008015222008949992
         "Mary is not a teacher" : 0.008015222008949992
         "John and Mary are teachers" : 0.0059378225070392835
         "John or Mary is a teacher" : 0.005937822507039272
         "John and Mary are not teachers" : 0.0043988471043886965
         "John or Mary is not a teacher" : 0.0043988471043886965
         "John or Mary is a doctor or a teacher" : 0.003954910804103521
         "John is not a doctor and a teacher" : 0.0013033621050040592
         "Mary is not a doctor and a teacher" : 0.0013033621050040592
         "John or Mary is not a doctor and a teacher" : 0.0012360388998589598
         "John and Mary are not doctors and teachers" : 0.00021194082645043896,
    learnedResult: 
     Marginal:
         "John is a doctor" : 0.251568465423832
         "Mary is a doctor" : 0.251568465423832
         "John and Mary are doctors" : 0.0385055361179328
         "John is a teacher" : 0.031446058177978985
         "Mary is a teacher" : 0.031446058177978985
         "John is a doctor and a teacher" : 0.026490408691155317
         "Mary is a doctor and a teacher" : 0.026490408691155317
         "John is not a teacher" : 0.02329581286686416
         "Mary is not a teacher" : 0.02329581286686416
         "John or Mary is a doctor" : 0.021676132466179318
         "John is a doctor or a teacher" : 0.019587142054907088
         "Mary is a doctor or a teacher" : 0.019587142054907088
         "John and Mary are teachers" : 0.017257962637364593
         "John or Mary is a teacher" : 0.017257962637364562
         "John is not a doctor" : 0.016487402526484927
         "Mary is not a doctor" : 0.016487402526484896
         "John and Mary are not teachers" : 0.012785013173603995
         "John or Mary is not a teacher" : 0.012785013173603995
         "Mary is not a doctor or a teacher" : 0.012629751570930322
         "John is not a doctor or a teacher" : 0.012629751570930322
         "John or Mary is not a doctor" : 0.012554686627864345
         "Mary is not a doctor and a teacher" : 0.012302826204880025
         "John is not a doctor and a teacher" : 0.012302826204880025
         "John and Mary are not doctors" : 0.011868258138639495
         "John and Mary are doctors and teachers" : 0.01061101303546162
         "John and Mary are doctors or teachers" : 0.009819816254670797
         "John or Mary is a doctor and a teacher" : 0.009741640889202605
         "John or Mary is a doctor or a teacher" : 0.009556252174225201
         "John or Mary is not a doctor or a teacher" : 0.007011764148140322
         "John or Mary is not a doctor and a teacher" : 0.007001372771781258
         "John and Mary are not doctors or teachers" : 0.006997018329606958
         "John and Mary are not doctors and teachers" : 0.00695482239029195,
    KLDivergence: 1.2920978880625082 },
  { query: [ 'Who is a doctor', [Object] ],
    trueResult: 
     Marginal:
         "John and Mary are doctors" : 0.380020640450514
         "John and Mary are doctors and teachers" : 0.20855974943514632
         "John is a doctor" : 0.08655534418766547
         "Mary is a doctor" : 0.08655534418766547
         "John is a doctor and a teacher" : 0.04750258005631425
         "Mary is a doctor and a teacher" : 0.04750258005631425
         "John and Mary are doctors or teachers" : 0.018309772241219994
         "John or Mary is a doctor and a teacher" : 0.01641723975145466
         "John is a doctor or a teacher" : 0.014074838535204214
         "Mary is a doctor or a teacher" : 0.014074838535204214
         "John or Mary is a doctor" : 0.014074838535204214
         "Mary is a teacher" : 0.010819418023458179
         "John is a teacher" : 0.010819418023458179
         "John is not a teacher" : 0.008015222008949992
         "Mary is not a teacher" : 0.008015222008949992
         "John and Mary are teachers" : 0.0059378225070392835
         "John or Mary is a teacher" : 0.005937822507039272
         "John and Mary are not teachers" : 0.0043988471043886965
         "John or Mary is not a teacher" : 0.0043988471043886965
         "John or Mary is a doctor or a teacher" : 0.003954910804103521
         "John is not a doctor and a teacher" : 0.0013033621050040592
         "Mary is not a doctor and a teacher" : 0.0013033621050040592
         "John or Mary is not a doctor and a teacher" : 0.0012360388998589598
         "John and Mary are not doctors and teachers" : 0.00021194082645043896,
    learnedResult: 
     Marginal:
         "John is a doctor" : 0.251568465423832
         "Mary is a doctor" : 0.251568465423832
         "John and Mary are doctors" : 0.0385055361179328
         "John is a teacher" : 0.031446058177978985
         "Mary is a teacher" : 0.031446058177978985
         "John is a doctor and a teacher" : 0.026490408691155317
         "Mary is a doctor and a teacher" : 0.026490408691155317
         "John is not a teacher" : 0.02329581286686416
         "Mary is not a teacher" : 0.02329581286686416
         "John or Mary is a doctor" : 0.021676132466179318
         "John is a doctor or a teacher" : 0.019587142054907088
         "Mary is a doctor or a teacher" : 0.019587142054907088
         "John and Mary are teachers" : 0.017257962637364593
         "John or Mary is a teacher" : 0.017257962637364562
         "John is not a doctor" : 0.016487402526484927
         "Mary is not a doctor" : 0.016487402526484896
         "John and Mary are not teachers" : 0.012785013173603995
         "John or Mary is not a teacher" : 0.012785013173603995
         "Mary is not a doctor or a teacher" : 0.012629751570930322
         "John is not a doctor or a teacher" : 0.012629751570930322
         "John or Mary is not a doctor" : 0.012554686627864345
         "Mary is not a doctor and a teacher" : 0.012302826204880025
         "John is not a doctor and a teacher" : 0.012302826204880025
         "John and Mary are not doctors" : 0.011868258138639495
         "John and Mary are doctors and teachers" : 0.01061101303546162
         "John and Mary are doctors or teachers" : 0.009819816254670797
         "John or Mary is a doctor and a teacher" : 0.009741640889202605
         "John or Mary is a doctor or a teacher" : 0.009556252174225201
         "John or Mary is not a doctor or a teacher" : 0.007011764148140322
         "John or Mary is not a doctor and a teacher" : 0.007001372771781258
         "John and Mary are not doctors or teachers" : 0.006997018329606958
         "John and Mary are not doctors and teachers" : 0.00695482239029195,
    KLDivergence: 1.2920978880625082 },
  { query: [ 'Who is a doctor and a teacher', [Object] ],
    trueResult: 
     Marginal:
         "John is a doctor and a teacher" : 0.5057429117707349
         "John is a doctor" : 0.11519045846271186
         "John is a teacher" : 0.11519045846271186
         "John or Mary is a doctor and a teacher" : 0.051789172217255514
         "Mary is not a teacher" : 0.02528450088232814
         "Mary is not a doctor" : 0.02528450088232814
         "John and Mary are teachers" : 0.018731218954471676
         "John and Mary are doctors" : 0.018731218954471676
         "John or Mary is a teacher" : 0.018731218954471645
         "John is a doctor or a teacher" : 0.018731218954471645
         "John or Mary is a doctor" : 0.018731218954471645
         "Mary is not a doctor or a teacher" : 0.013876428297051366
         "Mary is not a doctor and a teacher" : 0.013876428297051366
         "John and Mary are doctors or teachers" : 0.007219910001734958
         "Mary is a doctor or a teacher" : 0.00554999080132493
         "John or Mary is a doctor or a teacher" : 0.005263314391264789
         "Mary is a doctor" : 0.004266313276396742
         "Mary is a teacher" : 0.004266313276396742
         "John or Mary is not a doctor" : 0.004111534310237441
         "John or Mary is not a teacher" : 0.004111534310237441
         "John or Mary is not a doctor and a teacher" : 0.003899159202225257
         "John or Mary is not a doctor or a teacher" : 0.0014209763856506024,
    learnedResult: 
     Marginal:
         "John is a doctor" : 0.06446522843758834
         "John is a teacher" : 0.06408125043374094
         "Mary is a doctor" : 0.05921683154675596
         "Mary is a teacher" : 0.059204793952642
         "Mary is not a teacher" : 0.043838708525967364
         "Mary is not a doctor" : 0.04383773835838615
         "John is not a teacher" : 0.04345709759410379
         "John is not a doctor" : 0.04342797459106776
         "John is a doctor and a teacher" : 0.03327971329670184
         "John and Mary are doctors" : 0.03291581012875397
         "John and Mary are teachers" : 0.032883967396925846
         "John is a doctor or a teacher" : 0.03269350383871001
         "John or Mary is a doctor" : 0.03260046028124108
         "John or Mary is a teacher" : 0.03259160627123447
         "Mary is a doctor or a teacher" : 0.03247932581822764
         "Mary is a doctor and a teacher" : 0.03246983165733399
         "Mary is not a doctor and a teacher" : 0.02406073270014113
         "Mary is not a doctor or a teacher" : 0.024060240235175858
         "John or Mary is not a teacher" : 0.024053902055370797
         "John or Mary is not a doctor" : 0.024053400733162388
         "John is not a doctor or a teacher" : 0.024045315500465465
         "John and Mary are not teachers" : 0.024035528378253478
         "John and Mary are not doctors" : 0.024033591311957127
         "John is not a doctor and a teacher" : 0.02401142115829886
         "John and Mary are doctors and teachers" : 0.017879749784521132
         "John and Mary are doctors or teachers" : 0.017841507331972657
         "John or Mary is a doctor and a teacher" : 0.01783882812905279
         "John or Mary is a doctor or a teacher" : 0.017828811912068
         "John or Mary is not a doctor or a teacher" : 0.013204340078479917
         "John or Mary is not a doctor and a teacher" : 0.013203767269381298
         "John and Mary are not doctors or teachers" : 0.01320361352163801
         "John and Mary are not doctors and teachers" : 0.013201407770680263,
    KLDivergence: 1.4027347177218534 },
  { query: [ 'Who is a doctor or a teacher', [Object] ],
    trueResult: 
     Marginal:
         "John and Mary are doctors" : 0.1056107851909732
         "John and Mary are teachers" : 0.1056107851909732
         "John is a doctor" : 0.08118368320238828
         "John is a teacher" : 0.08118368320238828
         "Mary is a teacher" : 0.08118368320238828
         "Mary is a doctor" : 0.08118368320238828
         "John and Mary are doctors or teachers" : 0.05796042780983282
         "John and Mary are doctors and teachers" : 0.05796042780983277
         "Mary is a doctor and a teacher" : 0.044554550002441795
         "John is a doctor and a teacher" : 0.044554550002441795
         "Mary is a doctor or a teacher" : 0.04455455000244175
         "John is a doctor or a teacher" : 0.04455455000244175
         "John or Mary is a teacher" : 0.03129208450102909
         "John or Mary is a doctor" : 0.03129208450102909
         "John or Mary is a doctor and a teacher" : 0.021122604886965272
         "John or Mary is a doctor or a teacher" : 0.012519452406923889
         "John is not a doctor and a teacher" : 0.009779799246246973
         "Mary is not a doctor and a teacher" : 0.009779799246246973
         "John is not a teacher" : 0.007517793967297686
         "Mary is not a teacher" : 0.007517793967297686
         "Mary is not a doctor" : 0.007517793967297686
         "John is not a doctor" : 0.007517793967297686
         "John or Mary is not a doctor and a teacher" : 0.00651387501985663
         "John or Mary is not a doctor" : 0.00565960604528182
         "John or Mary is not a teacher" : 0.00565960604528182
         "John and Mary are not doctors and teachers" : 0.0037696035994540657
         "John and Mary are not doctors" : 0.0012224749057808738
         "John and Mary are not teachers" : 0.0012224749057808738,
    learnedResult: 
     Marginal:
         "John is a doctor" : 0.06026580048319408
         "John is a teacher" : 0.060187081314391926
         "Mary is a doctor" : 0.05984949777467404
         "Mary is a teacher" : 0.05984218397230391
         "Mary is not a teacher" : 0.04430175136124906
         "Mary is not a doctor" : 0.0443011619681824
         "John is not a teacher" : 0.04427401508649821
         "John is not a doctor" : 0.04426770105408725
         "John is a doctor and a teacher" : 0.03288928922420598
         "John and Mary are doctors" : 0.03286397601700284
         "John and Mary are teachers" : 0.03285679385158833
         "John is a doctor or a teacher" : 0.03284009126026887
         "John or Mary is a doctor" : 0.03283349704263624
         "John or Mary is a teacher" : 0.03283149980595254
         "Mary is a doctor and a teacher" : 0.03282725252107086
         "Mary is a doctor or a teacher" : 0.03282352006675323
         "Mary is not a doctor or a teacher" : 0.024314831312204216
         "Mary is not a doctor and a teacher" : 0.024314608225047947
         "John or Mary is not a teacher" : 0.024314402347577046
         "John or Mary is not a doctor" : 0.024314288986127273
         "John is not a doctor or a teacher" : 0.024313673947408132
         "John and Mary are not teachers" : 0.024312804356712483
         "John and Mary are not doctors" : 0.024312363630797057
         "John is not a doctor and a teacher" : 0.024310800129918965
         "John and Mary are doctors and teachers" : 0.01801806895031666
         "John and Mary are doctors or teachers" : 0.018014548783189158
         "John or Mary is a doctor and a teacher" : 0.018014286076690762
         "John or Mary is a doctor or a teacher" : 0.018013371980437756
         "John or Mary is not a doctor or a teacher" : 0.013344307173357602
         "John or Mary is not a doctor and a teacher" : 0.013344254885712772
         "John and Mary are not doctors or teachers" : 0.013344239811304842
         "John and Mary are not doctors and teachers" : 0.013344036599137308,
    KLDivergence: 0.4258002176674315 },
  { query: [ 'Who is not a doctor and a teacher', [Object] ],
    trueResult: 
     Marginal:
         "John is a doctor and a teacher" : 0.5057429117707349
         "John is a doctor" : 0.11519045846271186
         "John is a teacher" : 0.11519045846271186
         "John or Mary is a doctor and a teacher" : 0.051789172217255514
         "Mary is not a teacher" : 0.02528450088232814
         "Mary is not a doctor" : 0.02528450088232814
         "John and Mary are teachers" : 0.018731218954471676
         "John and Mary are doctors" : 0.018731218954471676
         "John or Mary is a teacher" : 0.018731218954471645
         "John is a doctor or a teacher" : 0.018731218954471645
         "John or Mary is a doctor" : 0.018731218954471645
         "Mary is not a doctor or a teacher" : 0.013876428297051366
         "Mary is not a doctor and a teacher" : 0.013876428297051366
         "John and Mary are doctors or teachers" : 0.007219910001734958
         "Mary is a doctor or a teacher" : 0.00554999080132493
         "John or Mary is a doctor or a teacher" : 0.005263314391264789
         "Mary is a doctor" : 0.004266313276396742
         "Mary is a teacher" : 0.004266313276396742
         "John or Mary is not a doctor" : 0.004111534310237441
         "John or Mary is not a teacher" : 0.004111534310237441
         "John or Mary is not a doctor and a teacher" : 0.003899159202225257
         "John or Mary is not a doctor or a teacher" : 0.0014209763856506024,
    learnedResult: 
     Marginal:
         "John is a doctor" : 0.05989348931169631
         "John is a teacher" : 0.059891317092190414
         "Mary is a doctor" : 0.05986271805872858
         "Mary is a teacher" : 0.059862645582861675
         "Mary is not a teacher" : 0.04434801850357582
         "Mary is not a doctor" : 0.04434801266001075
         "John is not a teacher" : 0.04434570719280425
         "John is not a doctor" : 0.044345532115918
         "John is a doctor and a teacher" : 0.03285841620563058
         "John and Mary are doctors" : 0.03285624035828212
         "John and Mary are teachers" : 0.032856051674828295
         "John is a doctor or a teacher" : 0.032855025861993625
         "John or Mary is a doctor" : 0.03285446583677989
         "John or Mary is a teacher" : 0.032854413046597815
         "Mary is a doctor or a teacher" : 0.03285373578255346
         "Mary is a doctor and a teacher" : 0.0328535618260897
         "Mary is not a doctor and a teacher" : 0.024338684129206374
         "Mary is not a doctor or a teacher" : 0.02433867434204538
         "John or Mary is not a teacher" : 0.024338635506059657
         "John or Mary is not a doctor" : 0.024338632509273376
         "John is not a doctor or a teacher" : 0.024338584230784277
         "John and Mary are not teachers" : 0.024338531934310015
         "John and Mary are not doctors" : 0.024338520348469096
         "John is not a doctor and a teacher" : 0.02433838601681619
         "John and Mary are doctors and teachers" : 0.018030844422068183
         "John and Mary are doctors or teachers" : 0.0180306287265615
         "John or Mary is a doctor and a teacher" : 0.01803061383462754
         "John or Mary is a doctor or a teacher" : 0.018030557052087653
         "John or Mary is not a doctor or a teacher" : 0.013357344939443927
         "John or Mary is not a doctor and a teacher" : 0.01335734169055968
         "John and Mary are not doctors or teachers" : 0.013357340835285655
         "John and Mary are not doctors and teachers" : 0.013357328371860377,
    KLDivergence: 1.423193815244677 },
  { query: [ 'Who is not a doctor or a teacher', [Object] ],
    trueResult: 
     Marginal:
         "John and Mary are doctors" : 0.1056107851909732
         "John and Mary are teachers" : 0.1056107851909732
         "John is a doctor" : 0.08118368320238828
         "John is a teacher" : 0.08118368320238828
         "Mary is a teacher" : 0.08118368320238828
         "Mary is a doctor" : 0.08118368320238828
         "John and Mary are doctors or teachers" : 0.05796042780983282
         "John and Mary are doctors and teachers" : 0.05796042780983277
         "Mary is a doctor and a teacher" : 0.044554550002441795
         "John is a doctor and a teacher" : 0.044554550002441795
         "Mary is a doctor or a teacher" : 0.04455455000244175
         "John is a doctor or a teacher" : 0.04455455000244175
         "John or Mary is a teacher" : 0.03129208450102909
         "John or Mary is a doctor" : 0.03129208450102909
         "John or Mary is a doctor and a teacher" : 0.021122604886965272
         "John or Mary is a doctor or a teacher" : 0.012519452406923889
         "John is not a doctor and a teacher" : 0.009779799246246973
         "Mary is not a doctor and a teacher" : 0.009779799246246973
         "John is not a teacher" : 0.007517793967297686
         "Mary is not a teacher" : 0.007517793967297686
         "Mary is not a doctor" : 0.007517793967297686
         "John is not a doctor" : 0.007517793967297686
         "John or Mary is not a doctor and a teacher" : 0.00651387501985663
         "John or Mary is not a doctor" : 0.00565960604528182
         "John or Mary is not a teacher" : 0.00565960604528182
         "John and Mary are not doctors and teachers" : 0.0037696035994540657
         "John and Mary are not doctors" : 0.0012224749057808738
         "John and Mary are not teachers" : 0.0012224749057808738,
    learnedResult: 
     Marginal:
         "John is a doctor" : 0.05986972409771228
         "John is a teacher" : 0.05986923680644852
         "Mary is a doctor" : 0.05986714134420266
         "Mary is a teacher" : 0.05986709577028701
         "Mary is not a teacher" : 0.04435045573179543
         "Mary is not a doctor" : 0.04435045205732065
         "John is not a teacher" : 0.044350283109333734
         "John is not a doctor" : 0.044350243821789724
         "John is a doctor and a teacher" : 0.03285605682051816
         "John and Mary are doctors" : 0.0328558994135061
         "John and Mary are teachers" : 0.03285585477428055
         "John is a doctor or a teacher" : 0.0328557523084527
         "John or Mary is a doctor" : 0.03285571129157336
         "John or Mary is a teacher" : 0.032855698871112206
         "Mary is a doctor and a teacher" : 0.0328556710515428
         "Mary is a doctor or a teacher" : 0.03285564922794342
         "Mary is not a doctor or a teacher" : 0.024340055111209357
         "Mary is not a doctor and a teacher" : 0.024340053804783827
         "John or Mary is not a teacher" : 0.02434005243560674
         "John or Mary is not a doctor" : 0.024340051730466238
         "John is not a doctor or a teacher" : 0.02434004791033034
         "John and Mary are not teachers" : 0.024340042581176967
         "John and Mary are not doctors" : 0.024340039839539283
         "John is not a doctor and a teacher" : 0.02434003010629229
         "John and Mary are doctors and teachers" : 0.018031588381516844
         "John and Mary are doctors or teachers" : 0.01803156665894169
         "John or Mary is a doctor and a teacher" : 0.018031565039795326
         "John or Mary is a doctor or a teacher" : 0.01803155939612942
         "John or Mary is not a doctor or a teacher" : 0.013358105728739857
         "John or Mary is not a doctor and a teacher" : 0.013358105405899785
         "John and Mary are not doctors or teachers" : 0.013358105312983695
         "John and Mary are not doctors and teachers" : 0.01335810405876911,
    KLDivergence: 0.42641200514848837 },
  { query: [ 'What is John', [Object] ],
    trueResult: 
     Marginal:
         "John is a doctor" : 0.23702792248662735
         "John is not a teacher" : 0.17559460378842734
         "John and Mary are doctors" : 0.130083681939854
         "John and Mary are not teachers" : 0.09636836179440914
         "John or Mary is a doctor" : 0.03854331316736411
         "John is a doctor or a teacher" : 0.03854331316736411
         "Mary is a teacher" : 0.029628490310828412
         "Mary is a doctor" : 0.029628490310828412
         "John is not a doctor and a teacher" : 0.02855358867982489
         "John or Mary is not a teacher" : 0.02855358867982489
         "Mary is not a doctor" : 0.02194932547355341
         "Mary is not a teacher" : 0.02194932547355341
         "John and Mary are doctors or teachers" : 0.021153018759865538
         "Mary is a doctor and a teacher" : 0.01626046024248175
         "Mary is a doctor or a teacher" : 0.016260460242481723
         "John and Mary are not doctors and teachers" : 0.0156705417197306
         "Mary is not a doctor or a teacher" : 0.012046045224301137
         "Mary is not a doctor and a teacher" : 0.012046045224301137
         "John or Mary is a doctor or a teacher" : 0.010830345605051172
         "John or Mary is not a doctor and a teacher" : 0.008023317360502066
         "John or Mary is a teacher" : 0.004817914145920514
         "John or Mary is not a doctor" : 0.0035691985849781176
         "John or Mary is a doctor and a teacher" : 0.0016651064329923299
         "John or Mary is not a doctor or a teacher" : 0.0012335411849350591,
    learnedResult: 
     Marginal:
         "John is a doctor" : 0.35006393903429356
         "John is not a teacher" : 0.044194661841668974
         "Mary is a teacher" : 0.043757992379286674
         "Mary is a doctor" : 0.043757992379286674
         "John and Mary are doctors" : 0.03686207966261104
         "Mary is not a teacher" : 0.0324167180550273
         "Mary is not a doctor" : 0.032416718055027244
         "John or Mary is a doctor" : 0.02725600798420054
         "John is a doctor or a teacher" : 0.02454215723481151
         "John is a doctor and a teacher" : 0.024041998457899963
         "Mary is a doctor and a teacher" : 0.02401489538986627
         "Mary is a doctor or a teacher" : 0.024014895389866224
         "John is not a doctor" : 0.022942641332813526
         "John or Mary is a teacher" : 0.02104148157179251
         "John and Mary are not teachers" : 0.0184785477431423
         "John or Mary is not a teacher" : 0.01796753386999519
         "Mary is not a doctor or a teacher" : 0.01779067207257835
         "Mary is not a doctor and a teacher" : 0.01779067207257832
         "John is not a doctor and a teacher" : 0.01778285495490963
         "John is not a doctor or a teacher" : 0.01775353557654792
         "John or Mary is not a doctor" : 0.017614974715464634
         "John and Mary are not doctors" : 0.017120082872668665
         "John and Mary are teachers" : 0.014564595951410634
         "John and Mary are doctors or teachers" : 0.013220494009822547
         "John or Mary is a doctor or a teacher" : 0.013190483600642873
         "John or Mary is a doctor and a teacher" : 0.013179892151340538
         "John and Mary are doctors and teachers" : 0.013170311965200129
         "John or Mary is not a doctor and a teacher" : 0.009763593484596612
         "John and Mary are not doctors and teachers" : 0.009763160855658232
         "John or Mary is not a doctor or a teacher" : 0.009763102429264718
         "John and Mary are not doctors or teachers" : 0.009761312905725041,
    KLDivergence: 0.46306498338219315 },
  { query: [ 'What is John', [Object] ],
    trueResult: 
     Marginal:
         "John is a doctor and a teacher" : 0.37545849217947985
         "John and Mary are doctors and teachers" : 0.20605598937841657
         "John is a doctor" : 0.08551624717081296
         "John is a teacher" : 0.08551624717081296
         "John and Mary are teachers" : 0.046932311522435
         "John and Mary are doctors" : 0.046932311522435
         "John or Mary is a doctor and a teacher" : 0.03844776478197857
         "John or Mary is a teacher" : 0.013905870080721474
         "John is a doctor or a teacher" : 0.013905870080721474
         "John or Mary is a doctor" : 0.013905870080721474
         "Mary is a teacher" : 0.010689530896351615
         "Mary is a doctor" : 0.010689530896351615
         "Mary is not a doctor" : 0.007918999258557448
         "Mary is not a teacher" : 0.007918999258557448
         "John and Mary are doctors or teachers" : 0.007631703310311726
         "Mary is a doctor and a teacher" : 0.005866538940304378
         "Mary is a doctor or a teacher" : 0.0058665389403043675
         "Mary is not a doctor or a teacher" : 0.004346038939316297
         "Mary is not a doctor and a teacher" : 0.004346038939316297
         "John or Mary is a doctor or a teacher" : 0.003907432094879606
         "John or Mary is not a doctor" : 0.0012877152412789025
         "John or Mary is not a teacher" : 0.0012877152412789025
         "John or Mary is not a doctor and a teacher" : 0.0012212002512970355
         "John or Mary is not a doctor or a teacher" : 0.00044504382335897773,
    learnedResult: 
     Marginal:
         "John is a doctor" : 0.2515639706940134
         "John is a teacher" : 0.2515639706940134
         "John is a doctor and a teacher" : 0.03850484814624659
         "Mary is a teacher" : 0.03144549633675166
         "Mary is a doctor" : 0.03144549633675166
         "John and Mary are teachers" : 0.02648993539165154
         "John and Mary are doctors" : 0.026489935391651516
         "Mary is not a teacher" : 0.023295396644645826
         "Mary is not a doctor" : 0.023295396644645784
         "John is a doctor or a teacher" : 0.021675745182507717
         "John or Mary is a teacher" : 0.019586792094862186
         "John or Mary is a doctor" : 0.019586792094862186
         "Mary is a doctor and a teacher" : 0.017257654292361407
         "Mary is a doctor or a teacher" : 0.017257654292361375
         "John is not a doctor" : 0.016487107948944608
         "John is not a teacher" : 0.016487107948944608
         "Mary is not a doctor or a teacher" : 0.012784784746007402
         "Mary is not a doctor and a teacher" : 0.01278478474600738
         "John or Mary is not a doctor" : 0.012658524597881601
         "John or Mary is not a teacher" : 0.012658524597881578
         "John is not a doctor or a teacher" : 0.012501820941430694
         "John and Mary are not teachers" : 0.012302883975824738
         "John and Mary are not doctors" : 0.012302883975824738
         "John is not a doctor and a teacher" : 0.01183804330304032
         "John and Mary are doctors and teachers" : 0.010648785057744454
         "John and Mary are doctors or teachers" : 0.009800619459305167
         "John or Mary is a doctor and a teacher" : 0.009766377534630905
         "John or Mary is a doctor or a teacher" : 0.009556113261780453
         "John or Mary is not a doctor or a teacher" : 0.007011643010084402
         "John or Mary is not a doctor and a teacher" : 0.006999935602856832
         "John and Mary are not doctors or teachers" : 0.00699796878223393
         "John and Mary are not doctors and teachers" : 0.006953006272249411,
    KLDivergence: 1.2948241991555092 },
  { query: [ 'What isn\'t John', [Object] ],
    trueResult: 
     Marginal:
         "John is a doctor and a teacher" : 0.37545849217947985
         "John and Mary are doctors and teachers" : 0.20605598937841657
         "John is a doctor" : 0.08551624717081296
         "John is a teacher" : 0.08551624717081296
         "John and Mary are teachers" : 0.046932311522435
         "John and Mary are doctors" : 0.046932311522435
         "John or Mary is a doctor and a teacher" : 0.03844776478197857
         "John or Mary is a teacher" : 0.013905870080721474
         "John is a doctor or a teacher" : 0.013905870080721474
         "John or Mary is a doctor" : 0.013905870080721474
         "Mary is a teacher" : 0.010689530896351615
         "Mary is a doctor" : 0.010689530896351615
         "Mary is not a doctor" : 0.007918999258557448
         "Mary is not a teacher" : 0.007918999258557448
         "John and Mary are doctors or teachers" : 0.007631703310311726
         "Mary is a doctor and a teacher" : 0.005866538940304378
         "Mary is a doctor or a teacher" : 0.0058665389403043675
         "Mary is not a doctor or a teacher" : 0.004346038939316297
         "Mary is not a doctor and a teacher" : 0.004346038939316297
         "John or Mary is a doctor or a teacher" : 0.003907432094879606
         "John or Mary is not a doctor" : 0.0012877152412789025
         "John or Mary is not a teacher" : 0.0012877152412789025
         "John or Mary is not a doctor and a teacher" : 0.0012212002512970355
         "John or Mary is not a doctor or a teacher" : 0.00044504382335897773,
    learnedResult: 
     Marginal:
         "John is a doctor" : 0.06080793373685761
         "John is a teacher" : 0.06080793373685761
         "Mary is a doctor" : 0.05972071401784585
         "Mary is a teacher" : 0.05972071401784585
         "Mary is not a teacher" : 0.044242193096542266
         "Mary is not a doctor" : 0.04424219309654219
         "John is not a doctor" : 0.044155117709717966
         "John is not a teacher" : 0.04415511770971791
         "John is a doctor and a teacher" : 0.032951695992379536
         "John and Mary are teachers" : 0.032866571418337855
         "John and Mary are doctors" : 0.032866571418337806
         "John is a doctor or a teacher" : 0.03282220180848495
         "John or Mary is a teacher" : 0.03280099353678887
         "John or Mary is a doctor" : 0.03280099353678886
         "Mary is a doctor and a teacher" : 0.03277542276883742
         "Mary is a doctor or a teacher" : 0.032775422768837395
         "Mary is not a doctor or a teacher" : 0.024280630377701222
         "Mary is not a doctor and a teacher" : 0.02428063037770121
         "John or Mary is not a doctor" : 0.024279179223847515
         "John or Mary is not a teacher" : 0.02427917922384746
         "John is not a doctor or a teacher" : 0.024277364261174147
         "John and Mary are not teachers" : 0.024275039457069714
         "John and Mary are not doctors" : 0.024275039457069703
         "John is not a doctor and a teacher" : 0.024269822789508025
         "John and Mary are doctors and teachers" : 0.017999990317471397
         "John and Mary are doctors or teachers" : 0.017991252616008303
         "John or Mary is a doctor and a teacher" : 0.01799076900989058
         "John or Mary is a doctor or a teacher" : 0.017988501826970444
         "John or Mary is not a doctor or a teacher" : 0.013325437523853399
         "John or Mary is not a doctor and a teacher" : 0.013325308639768958
         "John and Mary are not doctors or teachers" : 0.013325280640819637
         "John and Mary are not doctors and teachers" : 0.013324783886578475,
    KLDivergence: 1.3773234989004899 },
  { query: [ 'What isn\'t John', [Object] ],
    trueResult: 
     Marginal:
         "John is a doctor and a teacher" : 0.37545849217947985
         "John and Mary are doctors and teachers" : 0.20605598937841657
         "John is a doctor" : 0.08551624717081296
         "John is a teacher" : 0.08551624717081296
         "John and Mary are teachers" : 0.046932311522435
         "John and Mary are doctors" : 0.046932311522435
         "John or Mary is a doctor and a teacher" : 0.03844776478197857
         "John or Mary is a teacher" : 0.013905870080721474
         "John is a doctor or a teacher" : 0.013905870080721474
         "John or Mary is a doctor" : 0.013905870080721474
         "Mary is a teacher" : 0.010689530896351615
         "Mary is a doctor" : 0.010689530896351615
         "Mary is not a doctor" : 0.007918999258557448
         "Mary is not a teacher" : 0.007918999258557448
         "John and Mary are doctors or teachers" : 0.007631703310311726
         "Mary is a doctor and a teacher" : 0.005866538940304378
         "Mary is a doctor or a teacher" : 0.0058665389403043675
         "Mary is not a doctor or a teacher" : 0.004346038939316297
         "Mary is not a doctor and a teacher" : 0.004346038939316297
         "John or Mary is a doctor or a teacher" : 0.003907432094879606
         "John or Mary is not a doctor" : 0.0012877152412789025
         "John or Mary is not a teacher" : 0.0012877152412789025
         "John or Mary is not a doctor and a teacher" : 0.0012212002512970355
         "John or Mary is not a doctor or a teacher" : 0.00044504382335897773,
    learnedResult: 
     Marginal:
         "John is a doctor" : 0.06080793373685761
         "John is a teacher" : 0.06080793373685761
         "Mary is a doctor" : 0.05972071401784585
         "Mary is a teacher" : 0.05972071401784585
         "Mary is not a teacher" : 0.044242193096542266
         "Mary is not a doctor" : 0.04424219309654219
         "John is not a doctor" : 0.044155117709717966
         "John is not a teacher" : 0.04415511770971791
         "John is a doctor and a teacher" : 0.032951695992379536
         "John and Mary are teachers" : 0.032866571418337855
         "John and Mary are doctors" : 0.032866571418337806
         "John is a doctor or a teacher" : 0.03282220180848495
         "John or Mary is a teacher" : 0.03280099353678887
         "John or Mary is a doctor" : 0.03280099353678886
         "Mary is a doctor and a teacher" : 0.03277542276883742
         "Mary is a doctor or a teacher" : 0.032775422768837395
         "Mary is not a doctor or a teacher" : 0.024280630377701222
         "Mary is not a doctor and a teacher" : 0.02428063037770121
         "John or Mary is not a doctor" : 0.024279179223847515
         "John or Mary is not a teacher" : 0.02427917922384746
         "John is not a doctor or a teacher" : 0.024277364261174147
         "John and Mary are not teachers" : 0.024275039457069714
         "John and Mary are not doctors" : 0.024275039457069703
         "John is not a doctor and a teacher" : 0.024269822789508025
         "John and Mary are doctors and teachers" : 0.017999990317471397
         "John and Mary are doctors or teachers" : 0.017991252616008303
         "John or Mary is a doctor and a teacher" : 0.01799076900989058
         "John or Mary is a doctor or a teacher" : 0.017988501826970444
         "John or Mary is not a doctor or a teacher" : 0.013325437523853399
         "John or Mary is not a doctor and a teacher" : 0.013325308639768958
         "John and Mary are not doctors or teachers" : 0.013325280640819637
         "John and Mary are not doctors and teachers" : 0.013324783886578475,
    KLDivergence: 1.3773234989004899 } ]
