L2 norm of gradient: 84.770231023776
Iteration 0: -14165.293302072801
L2 norm of gradient: 1.8716574050378956
Iteration 1: -14297.473349931086
L2 norm of gradient: 19.2881767200591
Iteration 2: -15000.991096715883
L2 norm of gradient: 112.0384272606306
Iteration 3: -13169.10411998874
L2 norm of gradient: 2.02256285658741
Iteration 4: -14143.902219022224
L2 norm of gradient: 2.128086432574498
Iteration 5: -14758.289841520193
L2 norm of gradient: 110.85687117541305
Iteration 6: -14696.90253955768
L2 norm of gradient: 3.150707423036733
Iteration 7: -13990.234386883321
L2 norm of gradient: 157.28687342480248
Iteration 8: -12887.251827373502
L2 norm of gradient: 115.37658413147457
Iteration 9: -14533.058549216948
L2 norm of gradient: 156.89539899765208
Iteration 10: -14908.360692526605
L2 norm of gradient: 7.267629218141178
Iteration 11: -15839.266189629125
L2 norm of gradient: 98.51956754047558
Iteration 12: -12463.545996903995
L2 norm of gradient: 138.27107341781795
Iteration 13: -14078.245109913214
L2 norm of gradient: 1.7176755267311807
Iteration 14: -14604.719590627383
L2 norm of gradient: 18.32202431947857
Iteration 15: -12693.46293401679
L2 norm of gradient: 17.95257859520742
Iteration 16: -13922.303115319464
L2 norm of gradient: 24.574702986133207
Iteration 17: -15777.686170765419
L2 norm of gradient: 149.13853188754152
Iteration 18: -13330.353244532696
L2 norm of gradient: 72.34940800987185
Iteration 19: -14393.833451150831
L2 norm of gradient: 0.4415870842390482
Iteration 20: -14912.018398891734
L2 norm of gradient: 68.75828222903512
Iteration 21: -13400.3912766475
L2 norm of gradient: 18.472510897629384
Iteration 22: -13168.1465785283
L2 norm of gradient: 76.59910485674058
Iteration 23: -13386.825222816198
L2 norm of gradient: 4.376678536370863
Iteration 24: -14301.314749710345
L2 norm of gradient: 139.82459777801117
Iteration 25: -13840.673623058243
L2 norm of gradient: 17.834713135094148
Iteration 26: -13787.029658236394
L2 norm of gradient: 205.54020153140047
Iteration 27: -15067.954132766583
L2 norm of gradient: 164.73507777267102
Iteration 28: -14829.985550141959
L2 norm of gradient: 0.5110592228110138
Iteration 29: -14297.582472420576
L2 norm of gradient: 118.74830340141884
Iteration 30: -14303.290735693266
L2 norm of gradient: 139.22867849978087
Iteration 31: -13630.682712884209
L2 norm of gradient: 85.26656651986909
Iteration 32: -13084.233033325332
L2 norm of gradient: 0.09211187745164293
Iteration 33: -13683.206144325848
L2 norm of gradient: 0.7997782509352358
Iteration 34: -14143.979091092175
L2 norm of gradient: 1.4021700246287105
Iteration 35: -12932.711664959406
L2 norm of gradient: 77.71846516061667
Iteration 36: -14159.709289893417
L2 norm of gradient: 11.731860642274647
Iteration 37: -16235.914033949337
L2 norm of gradient: 134.49047312792536
Iteration 38: -13158.3270308349
L2 norm of gradient: 2.1581116469905925
Iteration 39: -13529.464194945593
L2 norm of gradient: 2.8747544000416294
Iteration 40: -13836.787232315333
L2 norm of gradient: 132.72295079474418
Iteration 41: -14473.580797711245
L2 norm of gradient: 108.76601968205722
Iteration 42: -13992.1484595384
L2 norm of gradient: 0.4507393289503955
Iteration 43: -14911.970726209915
L2 norm of gradient: 13.361669171281955
Iteration 44: -15309.886654956961
L2 norm of gradient: 10.109109799188412
Iteration 45: -12095.56581787661
L2 norm of gradient: 134.76110972980928
Iteration 46: -13868.745059815712
L2 norm of gradient: 88.77340591580646
Iteration 47: -15986.752744042427
L2 norm of gradient: 131.49141447019124
Iteration 48: -14286.382980597273
L2 norm of gradient: 9.459970226659628
Iteration 49: -12317.09047740876
L2 norm of gradient: 8.562306998404996
Iteration 50: -14303.30748058397
L2 norm of gradient: 38.59902135287557
Iteration 51: -14470.92328628322
L2 norm of gradient: 20.30388861417742
Iteration 52: -14075.183153919603
L2 norm of gradient: 131.09838470704125
Iteration 53: -14313.396882483654
L2 norm of gradient: 66.07741131681816
Iteration 54: -13315.712690049402
L2 norm of gradient: 9.222600813284616
Iteration 55: -13239.054220097227
L2 norm of gradient: 18.690336799217583
Iteration 56: -14536.111282899641
L2 norm of gradient: 0.4323611259721338
Iteration 57: -14912.022528071378
L2 norm of gradient: 156.2043945304695
Iteration 58: -13371.809317894335
L2 norm of gradient: 8.384614624005708
Iteration 59: -13086.800029248498
L2 norm of gradient: 4.65327268926867
Iteration 60: -13990.111876602088
L2 norm of gradient: 19.59533403654666
Iteration 61: -14229.6352016139
L2 norm of gradient: 74.20243151849905
Iteration 62: -14929.987916686088
L2 norm of gradient: 195.56304886381216
Iteration 63: -13278.986269456225
L2 norm of gradient: 89.99364436567092
Iteration 64: -14226.678832030273
L2 norm of gradient: 311.5100009938719
Iteration 65: -14590.734962798639
L2 norm of gradient: 84.66618042542301
Iteration 66: -12929.742019258229
L2 norm of gradient: 95.11249288477828
Iteration 67: -13691.421596834272
L2 norm of gradient: 106.10724945424545
Iteration 68: -15825.53255826929
L2 norm of gradient: 10.737640223588308
Iteration 69: -12709.736002004638
L2 norm of gradient: 0.6522124191589231
Iteration 70: -13990.40715894805
L2 norm of gradient: 69.96515395640776
Iteration 71: -14459.033546169063
L2 norm of gradient: 20.848923999780457
Iteration 72: -14232.147153487289
L2 norm of gradient: 9.52721533692906
Iteration 73: -14918.224780560056
L2 norm of gradient: 19.77331008608329
Iteration 74: -13632.444251293313
L2 norm of gradient: 87.33171904276692
Iteration 75: -14153.988037626934
L2 norm of gradient: 0.5756387646757322
Iteration 76: -14297.61062692437
L2 norm of gradient: 150.15600721246193
Iteration 77: -14163.35278910533
L2 norm of gradient: 302.48841159734855
Iteration 78: -15186.889364564608
L2 norm of gradient: 5.058062977355249
Iteration 79: -13840.351887739218
L2 norm of gradient: 162.12448653862756
Iteration 80: -15665.419216679893
L2 norm of gradient: 179.80538182136692
Iteration 81: -14366.99451456171
L2 norm of gradient: 99.50098690619319
Iteration 82: -12924.518533807282
L2 norm of gradient: 4.603807190196996
Iteration 83: -14608.13539954241
L2 norm of gradient: 173.82423776046278
Iteration 84: -14284.374967069487
L2 norm of gradient: 64.74114227738332
Iteration 85: -14077.979728985158
L2 norm of gradient: 20.875648981099165
Iteration 86: -14535.431644637158
L2 norm of gradient: 66.76645518888448
Iteration 87: -15005.247272245975
L2 norm of gradient: 19.61392199350379
Iteration 88: -12860.030037138573
L2 norm of gradient: 10.24672142226566
Iteration 89: -12939.289812246318
L2 norm of gradient: 20.289861230128675
Iteration 90: -13628.151260432782
L2 norm of gradient: 130.05189480827593
Iteration 91: -13163.707784276896
L2 norm of gradient: 21.08955478823539
Iteration 92: -14228.079233893011
L2 norm of gradient: 20.006469894234307
Iteration 93: -13002.96286352307
L2 norm of gradient: 0.2956357928654024
Iteration 94: -13376.026692209014
L2 norm of gradient: 125.11564304484997
Iteration 95: -13757.605224425402
L2 norm of gradient: 13.781205093397038
Iteration 96: -12935.490274957283
L2 norm of gradient: 22.380526561227896
Iteration 97: -14996.452418458652
L2 norm of gradient: 104.9137175749367
Iteration 98: -13365.124103487615
L2 norm of gradient: 164.40970805133992
Iteration 99: -13971.569522241325
L2 norm of gradient: 4.616128996583424
Iteration 100: -13840.435775479105
L2 norm of gradient: 10.741623852623938
Iteration 101: -12318.041528456573
L2 norm of gradient: 72.74205116640769
Iteration 102: -13094.987354694162
L2 norm of gradient: 290.4760410595376
Iteration 103: -15111.638918419787
L2 norm of gradient: 198.78391644389643
Iteration 104: -13745.906674896705
L2 norm of gradient: 187.7487854201309
Iteration 105: -15042.17882466597
L2 norm of gradient: 1.4230501150254868
Iteration 106: -15687.130301532237
L2 norm of gradient: 191.72804679862531
Iteration 107: -12678.161734382133
L2 norm of gradient: 23.4738135502076
Iteration 108: -13166.344438216529
L2 norm of gradient: 64.7020362759991
Iteration 109: -14540.26307090668
L2 norm of gradient: 4.820335269164562
Iteration 110: -13682.806032614359
L2 norm of gradient: 4.347668916046232
Iteration 111: -14454.819009043373
L2 norm of gradient: 5.004904734889423
Iteration 112: -13236.662861030696
L2 norm of gradient: 117.22825467819419
Iteration 113: -14133.237814819391
L2 norm of gradient: 46.31576453507721
Iteration 114: -14157.35304577977
L2 norm of gradient: 325.461200031281
Iteration 115: -14201.833978910998
L2 norm of gradient: 1.0992656724895122
Iteration 116: -13990.411490944476
L2 norm of gradient: 11.086573511933608
Iteration 117: -13033.606642469687
L2 norm of gradient: 11.583962932651602
Iteration 118: -13075.486879330558
L2 norm of gradient: 132.28073182678165
Iteration 119: -14386.065796871622
L2 norm of gradient: 11.265206437832322
Iteration 120: -14458.143432576193
L2 norm of gradient: 66.66153524730153
Iteration 121: -13476.7436277039
L2 norm of gradient: 1.6632178540274014
Iteration 122: -13683.095889038786
L2 norm of gradient: 132.94921826138037
Iteration 123: -12842.817135412231
L2 norm of gradient: 22.703180033531297
Iteration 124: -13767.014249559787
L2 norm of gradient: 5.264669647269547
Iteration 125: -12314.708796285464
L2 norm of gradient: 11.897612526120364
Iteration 126: -13536.443298354186
L2 norm of gradient: 125.94283763964116
Iteration 127: -14280.539200272218
L2 norm of gradient: 29.857833791523436
Iteration 128: -14533.932340106181
L2 norm of gradient: 135.66621888470019
Iteration 129: -14367.248850001917
L2 norm of gradient: 123.2695243789664
Iteration 130: -15048.200609949146
L2 norm of gradient: 127.82990628828959
Iteration 131: -16215.091009760781
L2 norm of gradient: 130.01989540032486
Iteration 132: -13331.347030287881
L2 norm of gradient: 226.91017935643933
Iteration 133: -11900.6479515979
L2 norm of gradient: 6.729740808647851
Iteration 134: -13375.348084663205
L2 norm of gradient: 9.109271463516935
Iteration 135: -13550.479698252286
L2 norm of gradient: 203.25722661325273
Iteration 136: -14872.551499039357
L2 norm of gradient: 199.45986513467525
Iteration 137: -13865.777246095693
L2 norm of gradient: 22.91002444004825
Iteration 138: -13472.776058520725
L2 norm of gradient: 223.44472264576217
Iteration 139: -13265.020070628509
L2 norm of gradient: 70.10433059087445
Iteration 140: -14612.400880036868
L2 norm of gradient: 122.55198276597855
Iteration 141: -14753.736178871837
L2 norm of gradient: 176.20596615518707
Iteration 142: -14362.665209520272
L2 norm of gradient: 72.66986949588069
Iteration 143: -14469.545041612455
L2 norm of gradient: 4.63972570100525
Iteration 144: -12929.08408719077
L2 norm of gradient: 28.207782396052774
Iteration 145: -14533.61387380221
L2 norm of gradient: 5.618532180322621
Iteration 146: -14147.742190291861
L2 norm of gradient: 219.12523366659246
Iteration 147: -14870.450223947602
L2 norm of gradient: 213.1922435641137
Iteration 148: -13946.199597328354
L2 norm of gradient: 276.82962575771154
Iteration 149: -14502.94679277369
L2 norm of gradient: 49.13623825617721
Iteration 150: -13540.172410850622
L2 norm of gradient: 234.2273798444087
Iteration 151: -14337.28335667092
L2 norm of gradient: 70.65600808204118
Iteration 152: -15076.058456728126
L2 norm of gradient: 74.74904667720041
Iteration 153: -14160.455983462607
L2 norm of gradient: 10.598094116701
Iteration 154: -13992.627713318932
L2 norm of gradient: 247.69153370037395
Iteration 155: -13868.914460900156
L2 norm of gradient: 249.11439834430462
Iteration 156: -15100.047679442288
L2 norm of gradient: 23.585721574261385
Iteration 157: -14533.207794619248
L2 norm of gradient: 146.72535682973805
Iteration 158: -12478.191349414094
L2 norm of gradient: 120.23840660850495
Iteration 159: -15218.736021308076
L2 norm of gradient: 227.6087257367973
Iteration 160: -14552.474694777082
L2 norm of gradient: 456.3381948156717
Iteration 161: -15266.835519828852
L2 norm of gradient: 26.469625752690206
Iteration 162: -14532.415123649458
L2 norm of gradient: 157.8344414331457
Iteration 163: -14114.60757959864
L2 norm of gradient: 29.21373150240774
Iteration 164: -14229.209182516664
L2 norm of gradient: 77.3095569059627
Iteration 165: -13019.754127593576
L2 norm of gradient: 167.89809582909754
Iteration 166: -14422.64182712252
L2 norm of gradient: 236.40069885212463
Iteration 167: -15161.127328204606
L2 norm of gradient: 127.02160076364862
Iteration 168: -12463.069941039503
L2 norm of gradient: 78.33413951500614
Iteration 169: -15387.065432712561
L2 norm of gradient: 13.661116204119605
Iteration 170: -12180.027662832794
L2 norm of gradient: 30.877904680103565
Iteration 171: -14384.170710263645
L2 norm of gradient: 72.55235747694769
Iteration 172: -14843.910121994919
L2 norm of gradient: 259.0945949576224
Iteration 173: -14083.345650143898
L2 norm of gradient: 11.403464394331424
Iteration 174: -14161.969789317616
L2 norm of gradient: 878.0279336536379
Iteration 175: -15314.245115206795
L2 norm of gradient: 26.277831547525057
Iteration 176: -13163.478686670063
L2 norm of gradient: 75.17943473131086
Iteration 177: -13989.942139490857
L2 norm of gradient: 290.492849291941
Iteration 178: -14699.926386377963
L2 norm of gradient: 183.07736381737783
Iteration 179: -15267.519792444906
L2 norm of gradient: 13.865024826506371
Iteration 180: -13988.626859985527
L2 norm of gradient: 252.34767426337834
Iteration 181: -14386.333554839792
L2 norm of gradient: 1.5139939293916642
Iteration 182: -14604.733661401826
L2 norm of gradient: 2.027021655524416
Iteration 183: -13990.137859742857
L2 norm of gradient: 1.1441932125801948
Iteration 184: -15065.786503030546
L2 norm of gradient: 162.60428554644295
Iteration 185: -14922.84506796327
L2 norm of gradient: 29.397916155921035
Iteration 186: -12995.005435811287
L2 norm of gradient: 28.07516944018845
Iteration 187: -13766.379372035412
L2 norm of gradient: 151.61570844990135
Iteration 188: -14302.56795325142
L2 norm of gradient: 199.2087712164249
Iteration 189: -14564.239000630952
L2 norm of gradient: 216.29752352875275
Iteration 190: -14180.283479003603
L2 norm of gradient: 15.012151830532337
Iteration 191: -14759.901509223464
L2 norm of gradient: 2.304630954996676
Iteration 192: -14143.685139815607
L2 norm of gradient: 720.0009148011976
Iteration 193: -15433.001275340877
L2 norm of gradient: 359.1654763255045
Iteration 194: -13448.599060485105
L2 norm of gradient: 262.7777353792795
Iteration 195: -13455.819737697551
L2 norm of gradient: 27.54831895310158
Iteration 196: -12855.317151225361
L2 norm of gradient: 30.37367018682926
Iteration 197: -14991.290351106933
L2 norm of gradient: 143.48286445320346
Iteration 198: -15609.95258585157
L2 norm of gradient: 77.89754405344401
Iteration 199: -11253.057005121882
L2 norm of gradient: 178.19913347484933
Iteration 200: -15192.82257060773
L2 norm of gradient: 142.161488043328
Iteration 201: -14916.05805956863
L2 norm of gradient: 27.27128607845853
Iteration 202: -12701.370257793174
L2 norm of gradient: 4.699473026763439
Iteration 203: -13701.608805900323
L2 norm of gradient: 27.104955770028095
Iteration 204: -12547.825024277474
L2 norm of gradient: 211.4698807562701
Iteration 205: -15176.069051526776
L2 norm of gradient: 86.96401120782431
Iteration 206: -13308.438533592336
L2 norm of gradient: 6.201760507089208
Iteration 207: -14147.411731651779
L2 norm of gradient: 79.10738507652391
Iteration 208: -13082.145954735117
L2 norm of gradient: 7.653605217367261
Iteration 209: -13082.891068329827
L2 norm of gradient: 78.70866147186639
Iteration 210: -12081.065144043234
L2 norm of gradient: 286.71485734198086
Iteration 211: -15224.435920610165
L2 norm of gradient: 193.55009679372193
Iteration 212: -14558.122542314904
L2 norm of gradient: 80.1188396092579
Iteration 213: -14911.395352209269
L2 norm of gradient: 207.45104923171155
Iteration 214: -14044.116277121575
L2 norm of gradient: 178.3526188549037
Iteration 215: -15033.755444564227
L2 norm of gradient: 26.889570370504853
Iteration 216: -12418.813852802268
L2 norm of gradient: 477.08540446380636
Iteration 217: -15359.565501352643
L2 norm of gradient: 8.20046190942773
Iteration 218: -14607.642352512861
L2 norm of gradient: 218.59848709966198
Iteration 219: -14877.7940791038
L2 norm of gradient: 1.0160207413114772
Iteration 220: -13529.633157138107
L2 norm of gradient: 147.05402520001508
Iteration 221: -13093.985039959021
L2 norm of gradient: 178.36746376034196
Iteration 222: -15330.285173961496
L2 norm of gradient: 86.73028851561199
Iteration 223: -13456.468961182249
L2 norm of gradient: 225.46671528915036
Iteration 224: -15178.510163952733
L2 norm of gradient: 597.0848882328925
Iteration 225: -12820.214090774594
L2 norm of gradient: 156.80130998679812
Iteration 226: -13128.481660898733
L2 norm of gradient: 13.187264632264963
Iteration 227: -15230.189593718253
L2 norm of gradient: 21.279058543736166
Iteration 228: -14613.42940789937
L2 norm of gradient: 7.612844808467075
Iteration 229: -13380.043757730129
L2 norm of gradient: 315.9190643256189
Iteration 230: -12139.715881864862
L2 norm of gradient: 27.526159705314722
Iteration 231: -13454.359306922952
L2 norm of gradient: 355.108335315015
Iteration 232: -14100.74511061675
L2 norm of gradient: 7.164278801154997
Iteration 233: -14147.950647116164
L2 norm of gradient: 233.70815161385062
Iteration 234: -13700.723116299683
L2 norm of gradient: 40.97347991021385
Iteration 235: -12851.159005089068
L2 norm of gradient: 291.5695658611477
Iteration 236: -12836.6431744749
L2 norm of gradient: 18.654907026804675
Iteration 237: -14011.62816206605
L2 norm of gradient: 299.6794885740463
Iteration 238: -12055.460961495543
L2 norm of gradient: 236.93033901505746
Iteration 239: -12875.55948269918
L2 norm of gradient: 1.6910706810015794
Iteration 240: -14451.0511964767
L2 norm of gradient: 82.15362199906745
Iteration 241: -14367.82833867717
L2 norm of gradient: 20.211288732783498
Iteration 242: -14456.59913560583
L2 norm of gradient: 194.49295673425638
Iteration 243: -14550.174626241502
L2 norm of gradient: 326.1367795184479
Iteration 244: -14859.855766214869
L2 norm of gradient: 184.1324801732089
Iteration 245: -14048.464594827603
L2 norm of gradient: 330.9827848227515
Iteration 246: -13961.581610292145
L2 norm of gradient: 7.241235946998951
Iteration 247: -14147.522965579525
L2 norm of gradient: 319.8351180158345
Iteration 248: -14335.551273600457
L2 norm of gradient: 172.28043216467833
Iteration 249: -12577.275924400179
L2 norm of gradient: 9.409994206573892
Iteration 250: -15069.152809425826
L2 norm of gradient: 23.255921757758557
Iteration 251: -15223.720343310197
L2 norm of gradient: 8.260753601217358
Iteration 252: -12468.447885789803
L2 norm of gradient: 7.3065550981468155
Iteration 253: -14298.67553320682
L2 norm of gradient: 155.9078551351522
Iteration 254: -11543.371500737003
L2 norm of gradient: 268.5886355252593
Iteration 255: -13990.122712589511
L2 norm of gradient: 46.13336666051415
Iteration 256: -13140.621514728678
L2 norm of gradient: 318.73466784844766
Iteration 257: -14182.14274574824
L2 norm of gradient: 314.8384210466906
Iteration 258: -15561.522059210873
L2 norm of gradient: 435.065936176697
Iteration 259: -14621.440684848503
L2 norm of gradient: 4.362086724956081
Iteration 260: -13836.41106002385
L2 norm of gradient: 89.55527863144843
Iteration 261: -14673.598492254103
L2 norm of gradient: 317.2866863739906
Iteration 262: -11284.711695427995
L2 norm of gradient: 30.32758695776422
Iteration 263: -15379.285493150059
L2 norm of gradient: 25.057385206119008
Iteration 264: -14613.888128890265
L2 norm of gradient: 402.15553310974093
Iteration 265: -14457.896644047116
L2 norm of gradient: 349.09914429133283
Iteration 266: -14553.288526220047
L2 norm of gradient: 4.781397823164269
Iteration 267: -14298.103329867792
L2 norm of gradient: 15.779329107691566
Iteration 268: -13545.78250023034
L2 norm of gradient: 322.54478528292213
Iteration 269: -13112.920054509992
L2 norm of gradient: 270.5583554193086
Iteration 270: -14989.933694314008
L2 norm of gradient: 238.83175800171657
Iteration 271: -13461.946285945794
L2 norm of gradient: 70.76463717445719
Iteration 272: -13903.468969552683
L2 norm of gradient: 94.88835578016528
Iteration 273: -13902.83193400328
L2 norm of gradient: 313.1040954174176
Iteration 274: -14366.643564693548
L2 norm of gradient: 95.98729307337025
Iteration 275: -14456.453524137145
L2 norm of gradient: 110.89417145376845
Iteration 276: -11394.46992287267
L2 norm of gradient: 102.51623865734238
Iteration 277: -12381.36927489144
L2 norm of gradient: 362.4800504783143
Iteration 278: -15465.919621473351
L2 norm of gradient: 20.24466503142408
Iteration 279: -13617.429663397626
L2 norm of gradient: 2.700465134519575
Iteration 280: -14305.243262648737
L2 norm of gradient: 36.86235571498747
Iteration 281: -15296.285992382875
L2 norm of gradient: 110.2093618423438
Iteration 282: -15675.293721782398
L2 norm of gradient: 475.21457311820467
Iteration 283: -15056.603142031056
L2 norm of gradient: 285.68652318492866
Iteration 284: -13594.182498811857
L2 norm of gradient: 52.46076784551898
Iteration 285: -13216.219143990354
L2 norm of gradient: 42.91935574076844
Iteration 286: -14219.038846958318
L2 norm of gradient: 26.708888942710203
Iteration 287: -15228.76382134999
L2 norm of gradient: 245.36319558795904
Iteration 288: -14520.380737218125
L2 norm of gradient: 216.52614292064453
Iteration 289: -12394.71277125023
L2 norm of gradient: 366.4600511743625
Iteration 290: -14435.856763717142
L2 norm of gradient: 343.5437628588702
Iteration 291: -13689.624030035715
L2 norm of gradient: 41.17993577432452
Iteration 292: -13753.361522026324
L2 norm of gradient: 8.949006278774114
Iteration 293: -12468.072749471929
L2 norm of gradient: 10.147848714941846
Iteration 294: -12007.174024027407
L2 norm of gradient: 6.141723956926094
Iteration 295: -13682.001927115263
L2 norm of gradient: 245.17696635445074
Iteration 296: -14519.33563998181
L2 norm of gradient: 326.0881272626604
Iteration 297: -13964.343213294433
L2 norm of gradient: 9.290539512735608
Iteration 298: -13389.884740513586
L2 norm of gradient: 16.053408588000032
Iteration 299: -14456.914316592574
L2 norm of gradient: 22.450741889487894
Iteration 300: -12935.04748296379
L2 norm of gradient: 364.2838471645109
Iteration 301: -15064.372834400092
L2 norm of gradient: 33.5452360453119
Iteration 302: -15143.817830477226
L2 norm of gradient: 265.63926127675745
Iteration 303: -13758.865878809796
L2 norm of gradient: 328.2152196644824
Iteration 304: -13554.696213636076
L2 norm of gradient: 256.55518475896514
Iteration 305: -15125.43084301733
L2 norm of gradient: 112.7628265338535
Iteration 306: -14361.127932025696
L2 norm of gradient: 47.234987483022316
Iteration 307: -14827.149542377181
L2 norm of gradient: 6.8849547889871605
Iteration 308: -14449.858871780045
L2 norm of gradient: 383.6450586454563
Iteration 309: -14516.999105875138
L2 norm of gradient: 369.5585686341163
Iteration 310: -12616.80516595224
L2 norm of gradient: 51.36070604312676
Iteration 311: -12303.95216498099
L2 norm of gradient: 265.27704555944763
Iteration 312: -12226.594454926872
L2 norm of gradient: 40.627309492450316
Iteration 313: -11562.399184990762
L2 norm of gradient: 75.46508384011862
Iteration 314: -12377.157327339923
L2 norm of gradient: 48.96007212806951
Iteration 315: -12536.906936832009
L2 norm of gradient: 376.2601045589807
Iteration 316: -15507.810982618288
L2 norm of gradient: 38.189391247485965
Iteration 317: -14913.137066549714
L2 norm of gradient: 415.805045936524
Iteration 318: -12796.446739783292
L2 norm of gradient: 380.5223117111451
Iteration 319: -14889.31181134477
L2 norm of gradient: 115.17939481935458
Iteration 320: -13521.082317047323
L2 norm of gradient: 70.10303635963402
Iteration 321: -15445.82420171941
L2 norm of gradient: 249.19366211296884
Iteration 322: -14211.95436445858
L2 norm of gradient: 25.625551911414057
Iteration 323: -14003.706595763024
L2 norm of gradient: 6.019966086506504
Iteration 324: -13529.155037631459
L2 norm of gradient: 73.73360572110577
Iteration 325: -14983.59870568909
L2 norm of gradient: 9.609035782781039
Iteration 326: -14913.443294457153
L2 norm of gradient: 22.58120833806998
Iteration 327: -12617.611359237024
L2 norm of gradient: 443.1855636637228
Iteration 328: -14700.494794458427
L2 norm of gradient: 427.8771379797757
Iteration 329: -15191.716376232142
L2 norm of gradient: 619.9528053816969
Iteration 330: -14938.029580030223
L2 norm of gradient: 9.277747839785643
Iteration 331: -14298.896518903932
L2 norm of gradient: 36.92875128899484
Iteration 332: -14138.350431031582
L2 norm of gradient: 44.70535241841677
Iteration 333: -14831.38572135452
L2 norm of gradient: 412.0593494185169
Iteration 334: -15617.098719368449
L2 norm of gradient: 50.15416506519851
Iteration 335: -13902.580855337183
L2 norm of gradient: 4.64009102138264
Iteration 336: -13837.043328704038
L2 norm of gradient: 6.072691222154542
Iteration 337: -14143.277419000153
L2 norm of gradient: 11.219794380959685
Iteration 338: -15222.18057620434
L2 norm of gradient: 255.8796932425782
Iteration 339: -12816.565352117868
L2 norm of gradient: 8.897374023528355
Iteration 340: -13842.12288318176
L2 norm of gradient: 11.234892760138074
Iteration 341: -14296.67570899222
L2 norm of gradient: 445.0430427912593
Iteration 342: -13928.351621822163
L2 norm of gradient: 399.22323424478554
Iteration 343: -14099.558404932337
L2 norm of gradient: 429.806316255982
Iteration 344: -14786.39234904141
L2 norm of gradient: 28.79226378770446
Iteration 345: -12651.556578823736
L2 norm of gradient: 137.96525621683895
Iteration 346: -14421.876346336894
L2 norm of gradient: 0.6586338041674227
Iteration 347: -13836.763537647119
L2 norm of gradient: 14.295340910602471
Iteration 348: -14448.623856692313
L2 norm of gradient: 314.6974949710424
Iteration 349: -14697.04198301366
L2 norm of gradient: 494.77923731018376
Iteration 350: -13835.239246081608
L2 norm of gradient: 39.857333351762826
Iteration 351: -12830.608493173335
L2 norm of gradient: 410.5028862270318
Iteration 352: -13473.901815979178
L2 norm of gradient: 9.02350106735822
Iteration 353: -15374.919480460043
L2 norm of gradient: 54.778782758597536
Iteration 354: -14366.103870607487
L2 norm of gradient: 22.164123187721387
Iteration 355: -13985.147744420889
L2 norm of gradient: 352.2756185552413
Iteration 356: -14130.85673740779
L2 norm of gradient: 87.95231573012086
Iteration 357: -16208.49470736639
L2 norm of gradient: 454.0943413734859
Iteration 358: -13481.072237834362
L2 norm of gradient: 954.1979108198188
Iteration 359: -11864.109240093361
L2 norm of gradient: 198.3567153845934
Iteration 360: -12358.031800630331
L2 norm of gradient: 310.8518422098273
Iteration 361: -14785.367520156184
L2 norm of gradient: 38.66647577848111
Iteration 362: -12233.508692198613
L2 norm of gradient: 129.00286743302155
Iteration 363: -13883.18643653437
L2 norm of gradient: 199.00329856546858
Iteration 364: -13144.285267747058
L2 norm of gradient: 92.27156855057015
Iteration 365: -14751.179090544181
L2 norm of gradient: 29.288291720571276
Iteration 366: -12942.067212907077
L2 norm of gradient: 207.0317847511273
Iteration 367: -14604.471410802442
L2 norm of gradient: 159.34870697436887
Iteration 368: -14260.921185019195
L2 norm of gradient: 22.020255446796714
Iteration 369: -12483.609531477055
L2 norm of gradient: 85.68688860439687
Iteration 370: -14441.283205232074
L2 norm of gradient: 31.668678642465057
Iteration 371: -13522.861690897045
L2 norm of gradient: 40.40794764028077
Iteration 372: -13609.46435732898
L2 norm of gradient: 433.767808049816
Iteration 373: -13599.065937854979
L2 norm of gradient: 51.08553621564907
Iteration 374: -13880.972106236852
L2 norm of gradient: 32.14485158683739
Iteration 375: -14214.887822245684
L2 norm of gradient: 436.91177428568557
Iteration 376: -12468.917297208482
L2 norm of gradient: 138.77380860380686
Iteration 377: -13875.129711367455
L2 norm of gradient: 410.1708544036213
Iteration 378: -14220.100700768153
L2 norm of gradient: 76.19722169643799
Iteration 379: -13533.895592950394
L2 norm of gradient: 160.24912525877528
Iteration 380: -15952.02413111898
L2 norm of gradient: 437.52159603048653
Iteration 381: -14512.872036309434
L2 norm of gradient: 433.61719684324834
Iteration 382: -12381.759917244492
L2 norm of gradient: 154.6063170465637
Iteration 383: -13814.972981910216
L2 norm of gradient: 1564.7063780802803
Iteration 384: -14204.469020426912
L2 norm of gradient: 335.2626868744161
Iteration 385: -14455.862734644961
L2 norm of gradient: 165.93125527947984
Iteration 386: -13396.696778363847
L2 norm of gradient: 32.61849683157542
Iteration 387: -14291.954493775156
L2 norm of gradient: 62.296688940372995
Iteration 388: -14056.039132596703
L2 norm of gradient: 13.553825988746198
Iteration 389: -13680.002865693265
L2 norm of gradient: 27.15251036538981
Iteration 390: -14765.333783895065
L2 norm of gradient: 291.64913580479674
Iteration 391: -14831.351545378207
L2 norm of gradient: 9.56304562924658
Iteration 392: -12162.923896090759
L2 norm of gradient: 415.78746643679006
Iteration 393: -14810.496824685406
L2 norm of gradient: 14.090693589952888
Iteration 394: -14142.493092681318
L2 norm of gradient: 411.96673233635147
Iteration 395: -15117.501564813312
L2 norm of gradient: 22.476711239575533
Iteration 396: -13217.424881477302
L2 norm of gradient: 98.66644085684086
Iteration 397: -13000.09472634337
L2 norm of gradient: 714.1873586926795
Iteration 398: -15200.014251012732
L2 norm of gradient: 34.471095518374476
Iteration 399: -14490.19098559755
L2 norm of gradient: 2.6531168539695726
Iteration 400: -14758.479344042373
L2 norm of gradient: 15.512386985365673
Iteration 401: -13989.573451411981
L2 norm of gradient: 4.830980137701721
Iteration 402: -13837.000502278408
L2 norm of gradient: 147.44194171418704
Iteration 403: -15109.313776417812
L2 norm of gradient: 442.66395335634513
Iteration 404: -15075.940046493133
L2 norm of gradient: 96.6200254371232
Iteration 405: -12829.052585083213
L2 norm of gradient: 185.34712698052058
Iteration 406: -13784.182988220775
L2 norm of gradient: 39.12294056157354
Iteration 407: -15393.54825514368
L2 norm of gradient: 363.64810087156036
Iteration 408: -14821.528333179815
L2 norm of gradient: 470.1970291251005
Iteration 409: -13634.618719591062
L2 norm of gradient: 530.9298854504149
Iteration 410: -15879.967377934576
L2 norm of gradient: 142.3071375562826
Iteration 411: -14183.49772278719
L2 norm of gradient: 148.09226509505416
Iteration 412: -14244.879832800056
L2 norm of gradient: 338.85272171657766
Iteration 413: -13880.236874619333
L2 norm of gradient: 38.49044938441849
Iteration 414: -11576.402441635133
L2 norm of gradient: 296.59436668573477
Iteration 415: -15070.48289274438
L2 norm of gradient: 402.626844910778
Iteration 416: -14731.541419304387
L2 norm of gradient: 16.777039452381047
Iteration 417: -12623.188747527975
L2 norm of gradient: 180.52136855407772
Iteration 418: -12922.20355949581
L2 norm of gradient: 161.7255465588797
Iteration 419: -13713.340062250845
L2 norm of gradient: 66.63770185649793
Iteration 420: -13742.790943859538
L2 norm of gradient: 374.9715388639362
Iteration 421: -13322.317828740928
L2 norm of gradient: 19.035965670225032
Iteration 422: -13988.443758452591
L2 norm of gradient: 100.58701637503889
Iteration 423: -13416.44388049941
L2 norm of gradient: 15.278193529891793
Iteration 424: -14600.843039961761
L2 norm of gradient: 48.98005972741638
Iteration 425: -13909.775851397731
L2 norm of gradient: 161.53556954925506
Iteration 426: -12648.107363335117
L2 norm of gradient: 48.78476484359995
Iteration 427: -14516.65226935949
L2 norm of gradient: 472.43514335668584
Iteration 428: -14000.83885735963
L2 norm of gradient: 196.49508831054962
Iteration 429: -12958.10214066985
L2 norm of gradient: 15.296897802523425
Iteration 430: -13696.97065484465
L2 norm of gradient: 54.46777960735419
Iteration 431: -15280.591988301327
L2 norm of gradient: 345.94110563035997
Iteration 432: -15115.920582060317
L2 norm of gradient: 5.382948134992716
Iteration 433: -14451.763537468232
L2 norm of gradient: 62.73744113021268
Iteration 434: -13448.386334773897
L2 norm of gradient: 404.36343039595585
Iteration 435: -13554.153254477835
L2 norm of gradient: 22.671501633686116
Iteration 436: -12009.750886444284
L2 norm of gradient: 295.1629135684285
Iteration 437: -13236.273618124225
L2 norm of gradient: 12.911844501755942
Iteration 438: -15066.102743395959
L2 norm of gradient: 201.66795438403412
Iteration 439: -13404.413925774823
L2 norm of gradient: 454.6258836952705
Iteration 440: -14609.95232175958
L2 norm of gradient: 45.16830266428613
Iteration 441: -12230.598520281994
L2 norm of gradient: 217.22904870264108
Iteration 442: -14070.582587159572
L2 norm of gradient: 467.89858186122393
Iteration 443: -13528.778082062949
L2 norm of gradient: 434.8604719977472
Iteration 444: -13692.070837310692
L2 norm of gradient: 399.60026288279374
Iteration 445: -15810.1461824436
L2 norm of gradient: 18.740784653011204
Iteration 446: -13839.644747404105
L2 norm of gradient: 39.488094655562705
Iteration 447: -13833.756055162676
L2 norm of gradient: 303.9122159667012
Iteration 448: -14303.11366958774
L2 norm of gradient: 348.7528403007318
Iteration 449: -13806.90597352019
L2 norm of gradient: 344.2305987193825
Iteration 450: -15584.730862444532
L2 norm of gradient: 495.8323542698584
Iteration 451: -13319.333115979141
L2 norm of gradient: 501.09044880062953
Iteration 452: -13799.980400388653
L2 norm of gradient: 393.3772596649837
Iteration 453: -13934.0736955899
L2 norm of gradient: 55.25821339267836
Iteration 454: -14389.603701259195
L2 norm of gradient: 319.8011774789311
Iteration 455: -12838.948801681172
L2 norm of gradient: 246.67576272097955
Iteration 456: -13958.570121642704
L2 norm of gradient: 122.00575291266435
Iteration 457: -14138.28069927889
L2 norm of gradient: 65.84728062944879
Iteration 458: -13134.752922916194
L2 norm of gradient: 155.24080447950269
Iteration 459: -11970.670799675094
L2 norm of gradient: 308.47751381371575
Iteration 460: -16271.733377738785
L2 norm of gradient: 940.1073320290207
Iteration 461: -13823.556554181368
L2 norm of gradient: 400.59170570926085
Iteration 462: -13921.750517172895
L2 norm of gradient: 241.02334612989492
Iteration 463: -13752.163466551496
L2 norm of gradient: 126.98598086371966
Iteration 464: -14104.9633008483
L2 norm of gradient: 529.74156197533
Iteration 465: -14291.644774513083
L2 norm of gradient: 23.144512215474112
Iteration 466: -12776.172899116953
L2 norm of gradient: 306.8826119291774
Iteration 467: -12984.998648760558
L2 norm of gradient: 313.9904566787026
Iteration 468: -13831.368651894816
L2 norm of gradient: 204.5738392748056
Iteration 469: -14708.13250824654
L2 norm of gradient: 205.00879679982097
Iteration 470: -13629.197401975356
L2 norm of gradient: 496.4302143531436
Iteration 471: -14425.078450176676
L2 norm of gradient: 797.6686646302953
Iteration 472: -14535.063480779741
L2 norm of gradient: 385.5937063639667
Iteration 473: -14943.12728749388
L2 norm of gradient: 4.18977534595218
Iteration 474: -15372.228577188509
L2 norm of gradient: 62.78261142843873
Iteration 475: -13453.383214003077
L2 norm of gradient: 53.11270372143962
Iteration 476: -13684.376605665033
L2 norm of gradient: 456.5218232495449
Iteration 477: -13635.807673460991
L2 norm of gradient: 475.0507636615284
Iteration 478: -12599.079344443137
L2 norm of gradient: 52.3296693504999
Iteration 479: -12988.309935039684
L2 norm of gradient: 390.9188545700222
Iteration 480: -14080.005426798809
L2 norm of gradient: 489.61567029431484
Iteration 481: -12903.622805658119
L2 norm of gradient: 27.40480102892434
Iteration 482: -14290.180688846172
L2 norm of gradient: 567.9829674952495
Iteration 483: -13003.289729804685
L2 norm of gradient: 549.3971474410657
Iteration 484: -13938.308357441214
L2 norm of gradient: 29.55976339362207
Iteration 485: -13094.940098312782
L2 norm of gradient: 488.3113072552179
Iteration 486: -13806.947553582759
L2 norm of gradient: 57.6834160825633
Iteration 487: -14198.375888579229
L2 norm of gradient: 564.4849099353282
Iteration 488: -13667.008307392036
L2 norm of gradient: 31.00502390046265
Iteration 489: -15223.879931160163
L2 norm of gradient: 801.1168267805609
Iteration 490: -12818.42030313661
L2 norm of gradient: 508.33298294824476
Iteration 491: -13184.272370809642
L2 norm of gradient: 111.1702197748446
Iteration 492: -13557.757142195152
L2 norm of gradient: 100.38585044767771
Iteration 493: -12886.705831789664
L2 norm of gradient: 575.2715400450328
Iteration 494: -14312.871596561074
L2 norm of gradient: 41.77026015179902
Iteration 495: -12336.390711777587
L2 norm of gradient: 583.0622493345456
Iteration 496: -15749.394758640283
L2 norm of gradient: 212.51273172405035
Iteration 497: -14954.670635746972
L2 norm of gradient: 298.7011951464821
Iteration 498: -14099.176641973156
L2 norm of gradient: 215.5588207877936
Iteration 499: -14873.733436073482
[ { query: [ 'Who is a doctor', [Object] ],
    trueResult: 
     Marginal:
         "John and Mary are doctors" : 0.380020640450514
         "John and Mary are doctors and teachers" : 0.20855974943514632
         "John is a doctor" : 0.08655534418766547
         "Mary is a doctor" : 0.08655534418766547
         "John is a doctor and a teacher" : 0.04750258005631425
         "Mary is a doctor and a teacher" : 0.04750258005631425
         "John and Mary are doctors or teachers" : 0.018309772241219994
         "John or Mary is a doctor and a teacher" : 0.01641723975145466
         "John is a doctor or a teacher" : 0.014074838535204214
         "Mary is a doctor or a teacher" : 0.014074838535204214
         "John or Mary is a doctor" : 0.014074838535204214
         "Mary is a teacher" : 0.010819418023458179
         "John is a teacher" : 0.010819418023458179
         "John is not a teacher" : 0.008015222008949992
         "Mary is not a teacher" : 0.008015222008949992
         "John and Mary are teachers" : 0.0059378225070392835
         "John or Mary is a teacher" : 0.005937822507039272
         "John and Mary are not teachers" : 0.0043988471043886965
         "John or Mary is not a teacher" : 0.0043988471043886965
         "John or Mary is a doctor or a teacher" : 0.003954910804103521
         "John is not a doctor and a teacher" : 0.0013033621050040592
         "Mary is not a doctor and a teacher" : 0.0013033621050040592
         "John or Mary is not a doctor and a teacher" : 0.0012360388998589598
         "John and Mary are not doctors and teachers" : 0.00021194082645043896,
    learnedResult: 
     Marginal:
         "John is a doctor" : 0.24870249499910932
         "Mary is a doctor" : 0.24870249499910932
         "John and Mary are doctors" : 0.03862001483206794
         "Mary is a teacher" : 0.031087811874888658
         "John is a teacher" : 0.031087811874888658
         "John is a doctor and a teacher" : 0.026860627013529446
         "Mary is a doctor and a teacher" : 0.026860627013529398
         "John is not a teacher" : 0.023030417478043023
         "Mary is not a teacher" : 0.023030417478043023
         "John or Mary is a doctor" : 0.021421253104453863
         "John is not a doctor" : 0.020131876625861213
         "Mary is not a doctor" : 0.020131876625861213
         "Mary is a doctor or a teacher" : 0.019481241939084265
         "John is a doctor or a teacher" : 0.01948124193908423
         "John and Mary are teachers" : 0.01706135289764096
         "John or Mary is a teacher" : 0.01706135289764093
         "John or Mary is not a teacher" : 0.012639361096053242
         "John and Mary are not teachers" : 0.01263936109605322
         "John is not a doctor or a teacher" : 0.012566152834181735
         "Mary is not a doctor or a teacher" : 0.012566152834181735
         "John or Mary is not a doctor" : 0.012512048534761826
         "John is not a doctor and a teacher" : 0.01240775603258394
         "Mary is not a doctor and a teacher" : 0.012407756032583919
         "John and Mary are not doctors" : 0.012109720185976797
         "John and Mary are doctors and teachers" : 0.01078834885068979
         "John and Mary are doctors or teachers" : 0.009784808407833369
         "John or Mary is a doctor and a teacher" : 0.00968394743304073
         "John or Mary is a doctor or a teacher" : 0.009462615234765022
         "John or Mary is not a doctor or a teacher" : 0.006933533467121088
         "John or Mary is not a doctor and a teacher" : 0.006926752141267411
         "John and Mary are not doctors or teachers" : 0.00692360835061196
         "John and Mary are not doctors and teachers" : 0.0068951638754585366,
    KLDivergence: 1.2893602698579452 },
  { query: [ 'Who is a doctor', [Object] ],
    trueResult: 
     Marginal:
         "John and Mary are doctors" : 0.380020640450514
         "John and Mary are doctors and teachers" : 0.20855974943514632
         "John is a doctor" : 0.08655534418766547
         "Mary is a doctor" : 0.08655534418766547
         "John is a doctor and a teacher" : 0.04750258005631425
         "Mary is a doctor and a teacher" : 0.04750258005631425
         "John and Mary are doctors or teachers" : 0.018309772241219994
         "John or Mary is a doctor and a teacher" : 0.01641723975145466
         "John is a doctor or a teacher" : 0.014074838535204214
         "Mary is a doctor or a teacher" : 0.014074838535204214
         "John or Mary is a doctor" : 0.014074838535204214
         "Mary is a teacher" : 0.010819418023458179
         "John is a teacher" : 0.010819418023458179
         "John is not a teacher" : 0.008015222008949992
         "Mary is not a teacher" : 0.008015222008949992
         "John and Mary are teachers" : 0.0059378225070392835
         "John or Mary is a teacher" : 0.005937822507039272
         "John and Mary are not teachers" : 0.0043988471043886965
         "John or Mary is not a teacher" : 0.0043988471043886965
         "John or Mary is a doctor or a teacher" : 0.003954910804103521
         "John is not a doctor and a teacher" : 0.0013033621050040592
         "Mary is not a doctor and a teacher" : 0.0013033621050040592
         "John or Mary is not a doctor and a teacher" : 0.0012360388998589598
         "John and Mary are not doctors and teachers" : 0.00021194082645043896,
    learnedResult: 
     Marginal:
         "John is a doctor" : 0.24870249499910932
         "Mary is a doctor" : 0.24870249499910932
         "John and Mary are doctors" : 0.03862001483206794
         "Mary is a teacher" : 0.031087811874888658
         "John is a teacher" : 0.031087811874888658
         "John is a doctor and a teacher" : 0.026860627013529446
         "Mary is a doctor and a teacher" : 0.026860627013529398
         "John is not a teacher" : 0.023030417478043023
         "Mary is not a teacher" : 0.023030417478043023
         "John or Mary is a doctor" : 0.021421253104453863
         "John is not a doctor" : 0.020131876625861213
         "Mary is not a doctor" : 0.020131876625861213
         "Mary is a doctor or a teacher" : 0.019481241939084265
         "John is a doctor or a teacher" : 0.01948124193908423
         "John and Mary are teachers" : 0.01706135289764096
         "John or Mary is a teacher" : 0.01706135289764093
         "John or Mary is not a teacher" : 0.012639361096053242
         "John and Mary are not teachers" : 0.01263936109605322
         "John is not a doctor or a teacher" : 0.012566152834181735
         "Mary is not a doctor or a teacher" : 0.012566152834181735
         "John or Mary is not a doctor" : 0.012512048534761826
         "John is not a doctor and a teacher" : 0.01240775603258394
         "Mary is not a doctor and a teacher" : 0.012407756032583919
         "John and Mary are not doctors" : 0.012109720185976797
         "John and Mary are doctors and teachers" : 0.01078834885068979
         "John and Mary are doctors or teachers" : 0.009784808407833369
         "John or Mary is a doctor and a teacher" : 0.00968394743304073
         "John or Mary is a doctor or a teacher" : 0.009462615234765022
         "John or Mary is not a doctor or a teacher" : 0.006933533467121088
         "John or Mary is not a doctor and a teacher" : 0.006926752141267411
         "John and Mary are not doctors or teachers" : 0.00692360835061196
         "John and Mary are not doctors and teachers" : 0.0068951638754585366,
    KLDivergence: 1.2893602698579452 },
  { query: [ 'Who is a doctor and a teacher', [Object] ],
    trueResult: 
     Marginal:
         "John is a doctor and a teacher" : 0.5057429117707349
         "John is a doctor" : 0.11519045846271186
         "John is a teacher" : 0.11519045846271186
         "John or Mary is a doctor and a teacher" : 0.051789172217255514
         "Mary is not a teacher" : 0.02528450088232814
         "Mary is not a doctor" : 0.02528450088232814
         "John and Mary are teachers" : 0.018731218954471676
         "John and Mary are doctors" : 0.018731218954471676
         "John or Mary is a teacher" : 0.018731218954471645
         "John is a doctor or a teacher" : 0.018731218954471645
         "John or Mary is a doctor" : 0.018731218954471645
         "Mary is not a doctor or a teacher" : 0.013876428297051366
         "Mary is not a doctor and a teacher" : 0.013876428297051366
         "John and Mary are doctors or teachers" : 0.007219910001734958
         "Mary is a doctor or a teacher" : 0.00554999080132493
         "John or Mary is a doctor or a teacher" : 0.005263314391264789
         "Mary is a doctor" : 0.004266313276396742
         "Mary is a teacher" : 0.004266313276396742
         "John or Mary is not a doctor" : 0.004111534310237441
         "John or Mary is not a teacher" : 0.004111534310237441
         "John or Mary is not a doctor and a teacher" : 0.003899159202225257
         "John or Mary is not a doctor or a teacher" : 0.0014209763856506024,
    learnedResult: 
     Marginal:
         "John is a doctor" : 0.06596020260061386
         "John is a teacher" : 0.06511605315770667
         "Mary is a doctor" : 0.059244652843304685
         "Mary is a teacher" : 0.05919856282723052
         "Mary is not a teacher" : 0.043601901918970794
         "Mary is not a doctor" : 0.04360041097772817
         "John is not a teacher" : 0.0434167386800824
         "John is not a doctor" : 0.043391292552485174
         "John is a doctor and a teacher" : 0.033404236530542857
         "John and Mary are doctors" : 0.03295442775052953
         "John and Mary are teachers" : 0.03287940173156214
         "John is a doctor or a teacher" : 0.032589839541673854
         "John or Mary is a doctor" : 0.03248539303947574
         "John or Mary is a teacher" : 0.032464982459696735
         "Mary is a doctor and a teacher" : 0.032359814904986794
         "Mary is a doctor or a teacher" : 0.032324050317266456
         "Mary is not a doctor or a teacher" : 0.023934582355565764
         "Mary is not a doctor and a teacher" : 0.023933619500198622
         "John or Mary is not a teacher" : 0.023930134496288776
         "John or Mary is not a doctor" : 0.023929490910863344
         "John is not a doctor or a teacher" : 0.02392618317923144
         "John and Mary are not teachers" : 0.023915799992293516
         "John and Mary are not doctors" : 0.023913283899152375
         "John is not a doctor and a teacher" : 0.023904858470067306
         "John and Mary are doctors and teachers" : 0.01782771623605363
         "John and Mary are doctors or teachers" : 0.017759314762446143
         "John or Mary is a doctor and a teacher" : 0.017755854021638828
         "John or Mary is a doctor or a teacher" : 0.017738658513267908
         "John or Mary is not a doctor or a teacher" : 0.013135617972393205
         "John or Mary is not a doctor and a teacher" : 0.013135081111137538
         "John and Mary are not doctors or teachers" : 0.013134968040328146
         "John and Mary are not doctors and teachers" : 0.013132874705216874,
    KLDivergence: 1.397356176841269 },
  { query: [ 'Who is a doctor or a teacher', [Object] ],
    trueResult: 
     Marginal:
         "John and Mary are doctors" : 0.1056107851909732
         "John and Mary are teachers" : 0.1056107851909732
         "John is a doctor" : 0.08118368320238828
         "John is a teacher" : 0.08118368320238828
         "Mary is a teacher" : 0.08118368320238828
         "Mary is a doctor" : 0.08118368320238828
         "John and Mary are doctors or teachers" : 0.05796042780983282
         "John and Mary are doctors and teachers" : 0.05796042780983277
         "Mary is a doctor and a teacher" : 0.044554550002441795
         "John is a doctor and a teacher" : 0.044554550002441795
         "Mary is a doctor or a teacher" : 0.04455455000244175
         "John is a doctor or a teacher" : 0.04455455000244175
         "John or Mary is a teacher" : 0.03129208450102909
         "John or Mary is a doctor" : 0.03129208450102909
         "John or Mary is a doctor and a teacher" : 0.021122604886965272
         "John or Mary is a doctor or a teacher" : 0.012519452406923889
         "John is not a doctor and a teacher" : 0.009779799246246973
         "Mary is not a doctor and a teacher" : 0.009779799246246973
         "John is not a teacher" : 0.007517793967297686
         "Mary is not a teacher" : 0.007517793967297686
         "Mary is not a doctor" : 0.007517793967297686
         "John is not a doctor" : 0.007517793967297686
         "John or Mary is not a doctor and a teacher" : 0.00651387501985663
         "John or Mary is not a doctor" : 0.00565960604528182
         "John or Mary is not a teacher" : 0.00565960604528182
         "John and Mary are not doctors and teachers" : 0.0037696035994540657
         "John and Mary are not doctors" : 0.0012224749057808738
         "John and Mary are not teachers" : 0.0012224749057808738,
    learnedResult: 
     Marginal:
         "John is a doctor" : 0.060382173034438144
         "John is a teacher" : 0.060226128138166184
         "Mary is a doctor" : 0.059870280432597824
         "Mary is a teacher" : 0.059847246369679336
         "Mary is not a teacher" : 0.0442853995887707
         "Mary is not a doctor" : 0.04428465205335429
         "John is not a teacher" : 0.044273128905736925
         "John is not a doctor" : 0.044268090764358635
         "John is a doctor and a teacher" : 0.03289724528897675
         "John and Mary are doctors" : 0.032869686936542734
         "John and Mary are teachers" : 0.03285393463519166
         "John is a doctor or a teacher" : 0.03283198350962773
         "John or Mary is a doctor" : 0.032825471946595984
         "Mary is a doctor and a teacher" : 0.03282143149888286
         "John or Mary is a teacher" : 0.03282119870580432
         "Mary is a doctor or a teacher" : 0.03281238108608938
         "Mary is not a doctor or a teacher" : 0.02430539974648002
         "Mary is not a doctor and a teacher" : 0.024305158505902504
         "John or Mary is not a teacher" : 0.024305121048179678
         "John or Mary is not a doctor" : 0.02430498581900724
         "John is not a doctor or a teacher" : 0.024304778485853638
         "John and Mary are not teachers" : 0.024303980230239625
         "John and Mary are not doctors" : 0.024303445299814493
         "John is not a doctor and a teacher" : 0.024303047445969807
         "John and Mary are doctors and teachers" : 0.01801441066908538
         "John and Mary are doctors or teachers" : 0.018008421694565343
         "John or Mary is a doctor and a teacher" : 0.018008075550497393
         "John or Mary is a doctor or a teacher" : 0.01800658612171241
         "John or Mary is not a doctor or a teacher" : 0.013339125545693343
         "John or Mary is not a doctor and a teacher" : 0.013339079026257996
         "John and Mary are not doctors or teachers" : 0.013339067763211617
         "John and Mary are not doctors and teachers" : 0.01333888415271581,
    KLDivergence: 0.4256527272621755 },
  { query: [ 'Who is not a doctor and a teacher', [Object] ],
    trueResult: 
     Marginal:
         "John is a doctor and a teacher" : 0.5057429117707349
         "John is a doctor" : 0.11519045846271186
         "John is a teacher" : 0.11519045846271186
         "John or Mary is a doctor and a teacher" : 0.051789172217255514
         "Mary is not a teacher" : 0.02528450088232814
         "Mary is not a doctor" : 0.02528450088232814
         "John and Mary are teachers" : 0.018731218954471676
         "John and Mary are doctors" : 0.018731218954471676
         "John or Mary is a teacher" : 0.018731218954471645
         "John is a doctor or a teacher" : 0.018731218954471645
         "John or Mary is a doctor" : 0.018731218954471645
         "Mary is not a doctor or a teacher" : 0.013876428297051366
         "Mary is not a doctor and a teacher" : 0.013876428297051366
         "John and Mary are doctors or teachers" : 0.007219910001734958
         "Mary is a doctor or a teacher" : 0.00554999080132493
         "John or Mary is a doctor or a teacher" : 0.005263314391264789
         "Mary is a doctor" : 0.004266313276396742
         "Mary is a teacher" : 0.004266313276396742
         "John or Mary is not a doctor" : 0.004111534310237441
         "John or Mary is not a teacher" : 0.004111534310237441
         "John or Mary is not a doctor and a teacher" : 0.003899159202225257
         "John or Mary is not a doctor or a teacher" : 0.0014209763856506024,
    learnedResult: 
     Marginal:
         "John is a doctor" : 0.059877436258626196
         "John is a teacher" : 0.059876059514124766
         "Mary is a doctor" : 0.059866016504794804
         "Mary is a teacher" : 0.05986593594856973
         "Mary is not a teacher" : 0.04434953379338967
         "Mary is not a doctor" : 0.04434953117673222
         "John is not a teacher" : 0.044349204975137835
         "John is not a doctor" : 0.04434916026080639
         "John is a doctor and a teacher" : 0.032856824531537446
         "John and Mary are doctors" : 0.03285604042006918
         "John and Mary are teachers" : 0.03285591062720959
         "John is a doctor or a teacher" : 0.03285543490514569
         "John or Mary is a doctor" : 0.032855250559593686
         "John or Mary is a teacher" : 0.03285521492761067
         "Mary is a doctor and a teacher" : 0.032854995671482284
         "Mary is a doctor or a teacher" : 0.032854965480164804
         "Mary is not a doctor or a teacher" : 0.02433954530066661
         "Mary is not a doctor and a teacher" : 0.02433954447545844
         "John or Mary is not a teacher" : 0.02433953741352051
         "John or Mary is not a doctor" : 0.0243395362859545
         "John is not a doctor or a teacher" : 0.02433953041932733
         "John and Mary are not teachers" : 0.02433951316187023
         "John and Mary are not doctors" : 0.024339508751695417
         "John is not a doctor and a teacher" : 0.024339493499785078
         "John and Mary are doctors and teachers" : 0.018031341891297202
         "John and Mary are doctors or teachers" : 0.018031226133933837
         "John or Mary is a doctor and a teacher" : 0.018031220383286816
         "John or Mary is a doctor or a teacher" : 0.018031191136108113
         "John or Mary is not a doctor or a teacher" : 0.013357825565368674
         "John or Mary is not a doctor and a teacher" : 0.013357824651637162
         "John and Mary are not doctors or teachers" : 0.01335782446339569
         "John and Mary are not doctors and teachers" : 0.013357820911699677,
    KLDivergence: 1.423271540512632 },
  { query: [ 'Who is not a doctor or a teacher', [Object] ],
    trueResult: 
     Marginal:
         "John and Mary are doctors" : 0.1056107851909732
         "John and Mary are teachers" : 0.1056107851909732
         "John is a doctor" : 0.08118368320238828
         "John is a teacher" : 0.08118368320238828
         "Mary is a teacher" : 0.08118368320238828
         "Mary is a doctor" : 0.08118368320238828
         "John and Mary are doctors or teachers" : 0.05796042780983282
         "John and Mary are doctors and teachers" : 0.05796042780983277
         "Mary is a doctor and a teacher" : 0.044554550002441795
         "John is a doctor and a teacher" : 0.044554550002441795
         "Mary is a doctor or a teacher" : 0.04455455000244175
         "John is a doctor or a teacher" : 0.04455455000244175
         "John or Mary is a teacher" : 0.03129208450102909
         "John or Mary is a doctor" : 0.03129208450102909
         "John or Mary is a doctor and a teacher" : 0.021122604886965272
         "John or Mary is a doctor or a teacher" : 0.012519452406923889
         "John is not a doctor and a teacher" : 0.009779799246246973
         "Mary is not a doctor and a teacher" : 0.009779799246246973
         "John is not a teacher" : 0.007517793967297686
         "Mary is not a teacher" : 0.007517793967297686
         "Mary is not a doctor" : 0.007517793967297686
         "John is not a doctor" : 0.007517793967297686
         "John or Mary is not a doctor and a teacher" : 0.00651387501985663
         "John or Mary is not a doctor" : 0.00565960604528182
         "John or Mary is not a teacher" : 0.00565960604528182
         "John and Mary are not doctors and teachers" : 0.0037696035994540657
         "John and Mary are not doctors" : 0.0012224749057808738
         "John and Mary are not teachers" : 0.0012224749057808738,
    learnedResult: 
     Marginal:
         "John is a doctor" : 0.059868175968728385
         "John is a teacher" : 0.05986789901930741
         "Mary is a doctor" : 0.05986726513849511
         "Mary is a teacher" : 0.0598672240108083
         "Mary is not a teacher" : 0.044350640361023194
         "Mary is not a doctor" : 0.04435063902509494
         "John is not a teacher" : 0.04435061843517008
         "John is not a doctor" : 0.0443506094392556
         "John is a doctor and a teacher" : 0.03285592271871001
         "John and Mary are doctors" : 0.03285587355808337
         "John and Mary are teachers" : 0.032855845465694235
         "John is a doctor or a teacher" : 0.03285580630829748
         "John or Mary is a doctor" : 0.03285579467941058
         "Mary is a doctor and a teacher" : 0.032855787431813
         "John or Mary is a teacher" : 0.032855787052624076
         "Mary is a doctor or a teacher" : 0.032855771301604976
         "Mary is not a doctor or a teacher" : 0.024340149381970936
         "Mary is not a doctor and a teacher" : 0.02434014895194464
         "John or Mary is not a teacher" : 0.02434014888404594
         "John or Mary is not a doctor" : 0.024340148642618097
         "John is not a doctor or a teacher" : 0.024340148272191463
         "John and Mary are not teachers" : 0.02434014684714386
         "John and Mary are not doctors" : 0.024340145892065766
         "John is not a doctor and a teacher" : 0.02434014518083473
         "John and Mary are doctors and teachers" : 0.018031641378919924
         "John and Mary are doctors or teachers" : 0.018031630688529136
         "John or Mary is a doctor and a teacher" : 0.01803163007063521
         "John or Mary is a doctor or a teacher" : 0.018031627411471074
         "John or Mary is not a doctor or a teacher" : 0.013358157275180063
         "John or Mary is not a doctor and a teacher" : 0.013358157192121375
         "John and Mary are not doctors or teachers" : 0.013358157172014246
         "John and Mary are not doctors and teachers" : 0.01335815684419235,
    KLDivergence: 0.42641445012764173 },
  { query: [ 'What is John', [Object] ],
    trueResult: 
     Marginal:
         "John is a doctor" : 0.23702792248662735
         "John is not a teacher" : 0.17559460378842734
         "John and Mary are doctors" : 0.130083681939854
         "John and Mary are not teachers" : 0.09636836179440914
         "John or Mary is a doctor" : 0.03854331316736411
         "John is a doctor or a teacher" : 0.03854331316736411
         "Mary is a teacher" : 0.029628490310828412
         "Mary is a doctor" : 0.029628490310828412
         "John is not a doctor and a teacher" : 0.02855358867982489
         "John or Mary is not a teacher" : 0.02855358867982489
         "Mary is not a doctor" : 0.02194932547355341
         "Mary is not a teacher" : 0.02194932547355341
         "John and Mary are doctors or teachers" : 0.021153018759865538
         "Mary is a doctor and a teacher" : 0.01626046024248175
         "Mary is a doctor or a teacher" : 0.016260460242481723
         "John and Mary are not doctors and teachers" : 0.0156705417197306
         "Mary is not a doctor or a teacher" : 0.012046045224301137
         "Mary is not a doctor and a teacher" : 0.012046045224301137
         "John or Mary is a doctor or a teacher" : 0.010830345605051172
         "John or Mary is not a doctor and a teacher" : 0.008023317360502066
         "John or Mary is a teacher" : 0.004817914145920514
         "John or Mary is not a doctor" : 0.0035691985849781176
         "John or Mary is a doctor and a teacher" : 0.0016651064329923299
         "John or Mary is not a doctor or a teacher" : 0.0012335411849350591,
    learnedResult: 
     Marginal:
         "John is a doctor" : 0.35007813560888695
         "Mary is a teacher" : 0.04375976695111085
         "Mary is a doctor" : 0.04375976695111085
         "John and Mary are doctors" : 0.03780950499196138
         "John is not a teacher" : 0.03687202141940263
         "Mary is not a teacher" : 0.032418032690168616
         "Mary is not a doctor" : 0.032418032690168616
         "John is not a doctor" : 0.028337994098188938
         "John or Mary is a doctor" : 0.027422148931013697
         "John is a doctor and a teacher" : 0.025012380268177967
         "John is a doctor or a teacher" : 0.02486141715796866
         "Mary is a doctor or a teacher" : 0.024015869295532462
         "Mary is a doctor and a teacher" : 0.024015869295532462
         "John or Mary is a teacher" : 0.020904033895626874
         "John and Mary are not teachers" : 0.01819407295324707
         "John or Mary is not a teacher" : 0.017894630930546458
         "Mary is not a doctor or a teacher" : 0.017791393559641044
         "Mary is not a doctor and a teacher" : 0.017791393559641013
         "John is not a doctor or a teacher" : 0.017764794824906477
         "John is not a doctor and a teacher" : 0.017762866157090686
         "John or Mary is not a doctor" : 0.017688554017685487
         "John and Mary are not doctors" : 0.017394699956294005
         "John and Mary are teachers" : 0.014065960336556504
         "John and Mary are doctors or teachers" : 0.013259087369151625
         "John and Mary are doctors and teachers" : 0.013255897572810631
         "John or Mary is a doctor and a teacher" : 0.013201074826155432
         "John or Mary is a doctor or a teacher" : 0.013200631631153039
         "John or Mary is not a doctor or a teacher" : 0.009763480325781823
         "John or Mary is not a doctor and a teacher" : 0.009763430100503102
         "John and Mary are not doctors or teachers" : 0.009761627490200219
         "John and Mary are not doctors and teachers" : 0.009761430143784543,
    KLDivergence: 0.4924146986548836 },
  { query: [ 'What is John', [Object] ],
    trueResult: 
     Marginal:
         "John is a doctor and a teacher" : 0.37545849217947985
         "John and Mary are doctors and teachers" : 0.20605598937841657
         "John is a doctor" : 0.08551624717081296
         "John is a teacher" : 0.08551624717081296
         "John and Mary are teachers" : 0.046932311522435
         "John and Mary are doctors" : 0.046932311522435
         "John or Mary is a doctor and a teacher" : 0.03844776478197857
         "John or Mary is a teacher" : 0.013905870080721474
         "John is a doctor or a teacher" : 0.013905870080721474
         "John or Mary is a doctor" : 0.013905870080721474
         "Mary is a teacher" : 0.010689530896351615
         "Mary is a doctor" : 0.010689530896351615
         "Mary is not a doctor" : 0.007918999258557448
         "Mary is not a teacher" : 0.007918999258557448
         "John and Mary are doctors or teachers" : 0.007631703310311726
         "Mary is a doctor and a teacher" : 0.005866538940304378
         "Mary is a doctor or a teacher" : 0.0058665389403043675
         "Mary is not a doctor or a teacher" : 0.004346038939316297
         "Mary is not a doctor and a teacher" : 0.004346038939316297
         "John or Mary is a doctor or a teacher" : 0.003907432094879606
         "John or Mary is not a doctor" : 0.0012877152412789025
         "John or Mary is not a teacher" : 0.0012877152412789025
         "John or Mary is not a doctor and a teacher" : 0.0012212002512970355
         "John or Mary is not a doctor or a teacher" : 0.00044504382335897773,
    learnedResult: 
     Marginal:
         "John is a doctor" : 0.2487014259192704
         "John is a teacher" : 0.2487014259192704
         "John is a doctor and a teacher" : 0.038619848818939546
         "Mary is a teacher" : 0.031087678239908795
         "Mary is a doctor" : 0.031087678239908795
         "John and Mary are teachers" : 0.026860511549650357
         "John and Mary are doctors" : 0.026860511549650357
         "Mary is not a doctor" : 0.02303031847881502
         "Mary is not a teacher" : 0.02303031847881502
         "John is a doctor or a teacher" : 0.02142116102242703
         "John is not a teacher" : 0.020131790086385926
         "John is not a doctor" : 0.020131790086385926
         "John or Mary is a teacher" : 0.019481158196446288
         "John or Mary is a doctor" : 0.019481158196446288
         "Mary is a doctor or a teacher" : 0.017061279557209024
         "Mary is a doctor and a teacher" : 0.017061279557209024
         "Mary is not a doctor or a teacher" : 0.012639306764124949
         "Mary is not a doctor and a teacher" : 0.012639306764124926
         "John or Mary is not a teacher" : 0.01256624781492568
         "John or Mary is not a doctor" : 0.012566247814925657
         "John is not a doctor or a teacher" : 0.012511943104465344
         "John and Mary are not doctors" : 0.012357488921848498
         "John and Mary are not teachers" : 0.012357488921848455
         "John is not a doctor and a teacher" : 0.01219873783813323
         "John and Mary are doctors and teachers" : 0.010806333319033157
         "John and Mary are doctors or teachers" : 0.009750727547161692
         "John or Mary is a doctor and a teacher" : 0.009715752441845324
         "John or Mary is a doctor or a teacher" : 0.009462465961973575
         "John or Mary is not a doctor or a teacher" : 0.0069335090730117364
         "John or Mary is not a doctor and a teacher" : 0.006925773988906536
         "John and Mary are not doctors or teachers" : 0.006924619950860022
         "John and Mary are not doctors and teachers" : 0.006894715876073363,
    KLDivergence: 1.2926200277114965 },
  { query: [ 'What isn\'t John', [Object] ],
    trueResult: 
     Marginal:
         "John is a doctor and a teacher" : 0.37545849217947985
         "John and Mary are doctors and teachers" : 0.20605598937841657
         "John is a doctor" : 0.08551624717081296
         "John is a teacher" : 0.08551624717081296
         "John and Mary are teachers" : 0.046932311522435
         "John and Mary are doctors" : 0.046932311522435
         "John or Mary is a doctor and a teacher" : 0.03844776478197857
         "John or Mary is a teacher" : 0.013905870080721474
         "John is a doctor or a teacher" : 0.013905870080721474
         "John or Mary is a doctor" : 0.013905870080721474
         "Mary is a teacher" : 0.010689530896351615
         "Mary is a doctor" : 0.010689530896351615
         "Mary is not a doctor" : 0.007918999258557448
         "Mary is not a teacher" : 0.007918999258557448
         "John and Mary are doctors or teachers" : 0.007631703310311726
         "Mary is a doctor and a teacher" : 0.005866538940304378
         "Mary is a doctor or a teacher" : 0.0058665389403043675
         "Mary is not a doctor or a teacher" : 0.004346038939316297
         "Mary is not a doctor and a teacher" : 0.004346038939316297
         "John or Mary is a doctor or a teacher" : 0.003907432094879606
         "John or Mary is not a doctor" : 0.0012877152412789025
         "John or Mary is not a teacher" : 0.0012877152412789025
         "John or Mary is not a doctor and a teacher" : 0.0012212002512970355
         "John or Mary is not a doctor or a teacher" : 0.00044504382335897773,
    learnedResult: 
     Marginal:
         "John is a doctor" : 0.06013720092704218
         "John is a teacher" : 0.06013720092704218
         "Mary is a doctor" : 0.0598223073722179
         "Mary is a teacher" : 0.0598223073722179
         "Mary is not a teacher" : 0.044317455304561305
         "Mary is not a doctor" : 0.044317455304561305
         "John is not a doctor" : 0.044307245451108035
         "John is not a teacher" : 0.044307245451108035
         "John is a doctor and a teacher" : 0.03288436513007995
         "John and Mary are doctors" : 0.03285936236413685
         "John and Mary are teachers" : 0.03285936236413682
         "John is a doctor or a teacher" : 0.03284475806467852
         "John or Mary is a teacher" : 0.03283897736294428
         "John or Mary is a doctor" : 0.03283897736294428
         "Mary is a doctor or a teacher" : 0.03283117838386661
         "Mary is a doctor and a teacher" : 0.03283117838386661
         "Mary is not a doctor or a teacher" : 0.024321935153220117
         "Mary is not a doctor and a teacher" : 0.024321935153220117
         "John or Mary is not a teacher" : 0.02432168843319957
         "John or Mary is not a doctor" : 0.02432168843319954
         "John is not a doctor or a teacher" : 0.024321504713531304
         "John and Mary are not doctors" : 0.024320978151494844
         "John and Mary are not teachers" : 0.024320978151494768
         "John is not a doctor and a teacher" : 0.024320453416934788
         "John and Mary are doctors and teachers" : 0.018022673885375033
         "John and Mary are doctors or teachers" : 0.01801941796744938
         "John or Mary is a doctor and a teacher" : 0.018019286314233978
         "John or Mary is a doctor or a teacher" : 0.018018464892461707
         "John or Mary is not a doctor or a teacher" : 0.013348150616418327
         "John or Mary is not a doctor and a teacher" : 0.01334812502488533
         "John and Mary are not doctors or teachers" : 0.013348120652671719
         "John and Mary are not doctors and teachers" : 0.013348021513696462,
    KLDivergence: 1.3795231743049188 },
  { query: [ 'What isn\'t John', [Object] ],
    trueResult: 
     Marginal:
         "John is a doctor and a teacher" : 0.37545849217947985
         "John and Mary are doctors and teachers" : 0.20605598937841657
         "John is a doctor" : 0.08551624717081296
         "John is a teacher" : 0.08551624717081296
         "John and Mary are teachers" : 0.046932311522435
         "John and Mary are doctors" : 0.046932311522435
         "John or Mary is a doctor and a teacher" : 0.03844776478197857
         "John or Mary is a teacher" : 0.013905870080721474
         "John is a doctor or a teacher" : 0.013905870080721474
         "John or Mary is a doctor" : 0.013905870080721474
         "Mary is a teacher" : 0.010689530896351615
         "Mary is a doctor" : 0.010689530896351615
         "Mary is not a doctor" : 0.007918999258557448
         "Mary is not a teacher" : 0.007918999258557448
         "John and Mary are doctors or teachers" : 0.007631703310311726
         "Mary is a doctor and a teacher" : 0.005866538940304378
         "Mary is a doctor or a teacher" : 0.0058665389403043675
         "Mary is not a doctor or a teacher" : 0.004346038939316297
         "Mary is not a doctor and a teacher" : 0.004346038939316297
         "John or Mary is a doctor or a teacher" : 0.003907432094879606
         "John or Mary is not a doctor" : 0.0012877152412789025
         "John or Mary is not a teacher" : 0.0012877152412789025
         "John or Mary is not a doctor and a teacher" : 0.0012212002512970355
         "John or Mary is not a doctor or a teacher" : 0.00044504382335897773,
    learnedResult: 
     Marginal:
         "John is a doctor" : 0.06013720092704218
         "John is a teacher" : 0.06013720092704218
         "Mary is a doctor" : 0.0598223073722179
         "Mary is a teacher" : 0.0598223073722179
         "Mary is not a teacher" : 0.044317455304561305
         "Mary is not a doctor" : 0.044317455304561305
         "John is not a doctor" : 0.044307245451108035
         "John is not a teacher" : 0.044307245451108035
         "John is a doctor and a teacher" : 0.03288436513007995
         "John and Mary are doctors" : 0.03285936236413685
         "John and Mary are teachers" : 0.03285936236413682
         "John is a doctor or a teacher" : 0.03284475806467852
         "John or Mary is a teacher" : 0.03283897736294428
         "John or Mary is a doctor" : 0.03283897736294428
         "Mary is a doctor or a teacher" : 0.03283117838386661
         "Mary is a doctor and a teacher" : 0.03283117838386661
         "Mary is not a doctor or a teacher" : 0.024321935153220117
         "Mary is not a doctor and a teacher" : 0.024321935153220117
         "John or Mary is not a teacher" : 0.02432168843319957
         "John or Mary is not a doctor" : 0.02432168843319954
         "John is not a doctor or a teacher" : 0.024321504713531304
         "John and Mary are not doctors" : 0.024320978151494844
         "John and Mary are not teachers" : 0.024320978151494768
         "John is not a doctor and a teacher" : 0.024320453416934788
         "John and Mary are doctors and teachers" : 0.018022673885375033
         "John and Mary are doctors or teachers" : 0.01801941796744938
         "John or Mary is a doctor and a teacher" : 0.018019286314233978
         "John or Mary is a doctor or a teacher" : 0.018018464892461707
         "John or Mary is not a doctor or a teacher" : 0.013348150616418327
         "John or Mary is not a doctor and a teacher" : 0.01334812502488533
         "John and Mary are not doctors or teachers" : 0.013348120652671719
         "John and Mary are not doctors and teachers" : 0.013348021513696462,
    KLDivergence: 1.3795231743049188 } ]
