L2 norm of gradient: 243.35229711423028
Iteration 0: -15360.593593124677
L2 norm of gradient: 36.77643352708306
Iteration 1: -14482.057606052536
L2 norm of gradient: 86.55600584326648
Iteration 2: -15220.974425723736
L2 norm of gradient: 9.423240447941838
Iteration 3: -12776.232525538659
L2 norm of gradient: 114.90990217500983
Iteration 4: -14615.525498189303
L2 norm of gradient: 84.82038174215552
Iteration 5: -14155.620882448726
L2 norm of gradient: 22.70081957353356
Iteration 6: -15004.92330753807
L2 norm of gradient: 9.62980467230318
Iteration 7: -11654.136689437775
L2 norm of gradient: 136.7320748705456
Iteration 8: -14614.95316938842
L2 norm of gradient: 11.42038371019218
Iteration 9: -14612.363482552768
L2 norm of gradient: 38.75285459207746
Iteration 10: -15097.287507112618
L2 norm of gradient: 9.642785036108759
Iteration 11: -15070.108256871652
L2 norm of gradient: 5.343074541725234
Iteration 12: -14915.711771765249
L2 norm of gradient: 102.99487347612178
Iteration 13: -15320.542769303758
L2 norm of gradient: 19.169485533806615
Iteration 14: -11805.048519325444
L2 norm of gradient: 102.69500127556039
Iteration 15: -14003.085210738078
L2 norm of gradient: 82.0826120709677
Iteration 16: -14144.81924253688
L2 norm of gradient: 9.584089638486562
Iteration 17: -12929.788609785888
L2 norm of gradient: 233.3418206948709
Iteration 18: -14361.15822387764
L2 norm of gradient: 185.48845050829289
Iteration 19: -14290.026346828614
L2 norm of gradient: 247.46781157058692
Iteration 20: -13060.174439423738
L2 norm of gradient: 5.216109774469644
Iteration 21: -13389.659388304179
L2 norm of gradient: 5.728036187607189
Iteration 22: -14147.89730823407
L2 norm of gradient: 126.5734108829122
Iteration 23: -14132.488939207145
L2 norm of gradient: 156.92388760267156
Iteration 24: -12944.508406864146
L2 norm of gradient: 15.110624204826896
Iteration 25: -14391.373374374623
L2 norm of gradient: 115.5452322861671
Iteration 26: -15450.127921142452
L2 norm of gradient: 36.42988660159771
Iteration 27: -14628.693200270694
L2 norm of gradient: 22.99414203695447
Iteration 28: -15773.147620050882
L2 norm of gradient: 0.48464948085021853
Iteration 29: -12915.22640611734
L2 norm of gradient: 78.8686963777836
Iteration 30: -12474.398650891524
L2 norm of gradient: 13.235531495613053
Iteration 31: -13547.538182766637
L2 norm of gradient: 83.65263725964076
Iteration 32: -15002.255395315053
L2 norm of gradient: 16.540876060593142
Iteration 33: -14013.256167173708
L2 norm of gradient: 110.26997606888139
Iteration 34: -14150.770484822637
L2 norm of gradient: 5.633846988750483
Iteration 35: -14607.839737238966
L2 norm of gradient: 156.45731048808278
Iteration 36: -14556.421621386751
L2 norm of gradient: 83.66960846912582
Iteration 37: -12582.98113005358
L2 norm of gradient: 136.03927143146942
Iteration 38: -14469.7093374594
L2 norm of gradient: 110.9311862685546
Iteration 39: -14304.012005804945
L2 norm of gradient: 7.2619092962280885
Iteration 40: -14301.6213739206
L2 norm of gradient: 14.437726037440607
Iteration 41: -12864.321282962484
L2 norm of gradient: 83.84284541858351
Iteration 42: -12867.500324454404
L2 norm of gradient: 134.0712204105324
Iteration 43: -14456.405532887582
L2 norm of gradient: 4.818166035668374
Iteration 44: -12775.879655779416
L2 norm of gradient: 39.500255342488316
Iteration 45: -15704.05840502955
L2 norm of gradient: 20.69163552187508
Iteration 46: -14540.331926352603
L2 norm of gradient: 99.84401195949216
Iteration 47: -14418.756250160952
L2 norm of gradient: 15.213205724949175
Iteration 48: -15311.495579070077
L2 norm of gradient: 164.21566120848752
Iteration 49: -15752.75721941691
L2 norm of gradient: 197.74909340804479
Iteration 50: -13921.18669144605
L2 norm of gradient: 77.94878654175592
Iteration 51: -15075.465997081774
L2 norm of gradient: 154.0581105037134
Iteration 52: -15139.592466319751
L2 norm of gradient: 9.64800736736971
Iteration 53: -10518.47563513011
L2 norm of gradient: 127.34253511662018
Iteration 54: -13753.482380847316
L2 norm of gradient: 78.93263571838112
Iteration 55: -13689.09823757437
L2 norm of gradient: 140.89229417916195
Iteration 56: -12902.945500534372
L2 norm of gradient: 13.426390131045869
Iteration 57: -11715.861444766297
L2 norm of gradient: 107.55750847343582
Iteration 58: -14911.0724626363
L2 norm of gradient: 18.30387680798467
Iteration 59: -12864.096374649434
L2 norm of gradient: 79.7615183866615
Iteration 60: -12934.883206690552
L2 norm of gradient: 1.0180174170866492
Iteration 61: -13086.463634153508
L2 norm of gradient: 23.04881365393816
Iteration 62: -10883.911823680362
L2 norm of gradient: 109.66456424425489
Iteration 63: -13695.575249968117
L2 norm of gradient: 143.79148770676125
Iteration 64: -14287.230188278536
L2 norm of gradient: 1.0980047380674294
Iteration 65: -14758.433380541364
L2 norm of gradient: 95.03178736685045
Iteration 66: -14291.892253547214
L2 norm of gradient: 245.678000169225
Iteration 67: -12487.284070845013
L2 norm of gradient: 0.42813342397981724
Iteration 68: -15372.770334257175
L2 norm of gradient: 9.915256279034727
Iteration 69: -14459.034629699854
L2 norm of gradient: 87.1791797165903
Iteration 70: -13930.759761929367
L2 norm of gradient: 100.98864166537173
Iteration 71: -14291.55739866298
L2 norm of gradient: 0.49216925444443216
Iteration 72: -13990.370625559919
L2 norm of gradient: 84.99798629499797
Iteration 73: -14613.613055073447
L2 norm of gradient: 4.2626908796749685
Iteration 74: -13375.685723811697
L2 norm of gradient: 12.869873712702963
Iteration 75: -14622.5142703837
L2 norm of gradient: 25.42396941580852
Iteration 76: -15924.915105401424
L2 norm of gradient: 39.62417955775072
Iteration 77: -14013.757075354264
L2 norm of gradient: 127.62397178479317
Iteration 78: -14225.697889165163
L2 norm of gradient: 162.07304788907246
Iteration 79: -14607.67380787003
L2 norm of gradient: 88.59595710465881
Iteration 80: -14143.658948469889
L2 norm of gradient: 181.13084624044177
Iteration 81: -15373.979465341381
L2 norm of gradient: 17.17265217164045
Iteration 82: -13398.400365623585
L2 norm of gradient: 6.5590091655652705
Iteration 83: -14453.913153449961
L2 norm of gradient: 63.99189978036357
Iteration 84: -14871.016270980423
L2 norm of gradient: 151.3455160362834
Iteration 85: -14589.300021571928
L2 norm of gradient: 162.22100086311855
Iteration 86: -13837.644348199512
L2 norm of gradient: 103.94430387596788
Iteration 87: -12618.185591874324
L2 norm of gradient: 22.040515444644786
Iteration 88: -14079.243329161187
L2 norm of gradient: 16.650754532160345
Iteration 89: -12314.84654197397
L2 norm of gradient: 11.635443159126016
Iteration 90: -15077.152311963066
L2 norm of gradient: 106.04869646865667
Iteration 91: -15523.05457435228
L2 norm of gradient: 1.052561539543483
Iteration 92: -13836.769783916858
L2 norm of gradient: 114.84782508814291
Iteration 93: -14227.766617152165
L2 norm of gradient: 192.25664710243268
Iteration 94: -14273.65501674617
L2 norm of gradient: 22.430290142635663
Iteration 95: -15689.453157372627
L2 norm of gradient: 0.6677056892864892
Iteration 96: -14911.936478127165
L2 norm of gradient: 5.310299083129589
Iteration 97: -13082.454822501935
L2 norm of gradient: 99.18766077082057
Iteration 98: -14754.374879774392
L2 norm of gradient: 176.71570357191183
Iteration 99: -15757.70523598433
L2 norm of gradient: 4.798822504244675
Iteration 100: -15223.129022491483
L2 norm of gradient: 1.553679998846425
Iteration 101: -14451.16278924254
L2 norm of gradient: 6.687300312230725
Iteration 102: -12775.942796866322
L2 norm of gradient: 8.187476681806457
Iteration 103: -13177.346429804242
L2 norm of gradient: 104.8351685969901
Iteration 104: -14293.367783618318
L2 norm of gradient: 150.54492230411017
Iteration 105: -13929.411513218698
L2 norm of gradient: 106.55529959076135
Iteration 106: -14237.436869105451
L2 norm of gradient: 176.9895899040343
Iteration 107: -15167.13722199839
L2 norm of gradient: 104.50218214646618
Iteration 108: -13683.39782940156
L2 norm of gradient: 10.51766808717438
Iteration 109: -13996.305416013061
L2 norm of gradient: 170.65288621428854
Iteration 110: -14067.594088914711
L2 norm of gradient: 163.4134032409665
Iteration 111: -13767.887127381618
L2 norm of gradient: 0.18934060561145008
Iteration 112: -15219.19267026042
L2 norm of gradient: 127.1761781487478
Iteration 113: -13606.570571070926
L2 norm of gradient: 155.5849337910798
Iteration 114: -13358.111824724243
L2 norm of gradient: 18.39982287993069
Iteration 115: -14301.745663625292
L2 norm of gradient: 141.85084901588652
Iteration 116: -12378.09324204101
L2 norm of gradient: 169.96607466576904
Iteration 117: -15202.287501130526
L2 norm of gradient: 0.564683866515027
Iteration 118: -15526.356074202811
L2 norm of gradient: 1.2920757310201199
Iteration 119: -14143.933001387042
L2 norm of gradient: 8.038057921359703
Iteration 120: -15991.468748494799
L2 norm of gradient: 24.87264992615539
Iteration 121: -14393.78916663771
L2 norm of gradient: 337.21812883924207
Iteration 122: -13627.534182539812
L2 norm of gradient: 7.037850809039236
Iteration 123: -13840.422423461307
L2 norm of gradient: 168.54187037734994
Iteration 124: -14426.427334097749
L2 norm of gradient: 10.555720092955465
Iteration 125: -15837.709521852774
L2 norm of gradient: 191.89347847199895
Iteration 126: -15430.908425509184
L2 norm of gradient: 13.389653850483308
Iteration 127: -13994.139095729823
L2 norm of gradient: 121.70090615647645
Iteration 128: -14998.005367831218
L2 norm of gradient: 295.773970108515
Iteration 129: -14876.909815278277
L2 norm of gradient: 11.067694353745608
Iteration 130: -13546.30534758273
L2 norm of gradient: 100.40093786755995
Iteration 131: -14394.597895662937
L2 norm of gradient: 188.78436719723186
Iteration 132: -14432.461836162096
L2 norm of gradient: 25.67253869683602
Iteration 133: -11633.079589475336
L2 norm of gradient: 114.02333416491349
Iteration 134: -15211.87457318441
L2 norm of gradient: 186.548625915371
Iteration 135: -11534.067155055638
L2 norm of gradient: 5.631978858462481
Iteration 136: -15065.074304132408
L2 norm of gradient: 26.671936128235068
Iteration 137: -14082.398801596253
L2 norm of gradient: 6.18589965121152
Iteration 138: -14762.3596115998
L2 norm of gradient: 353.2835464332923
Iteration 139: -15007.54809109885
L2 norm of gradient: 98.67621028753942
Iteration 140: -14151.858978765144
L2 norm of gradient: 54.635369505923414
Iteration 141: -15706.002883151583
L2 norm of gradient: 128.34723828805375
Iteration 142: -14594.937705473225
L2 norm of gradient: 194.02961990711745
Iteration 143: -13169.447339153023
L2 norm of gradient: 215.75586082391186
Iteration 144: -13817.707806955103
L2 norm of gradient: 180.2064551722377
Iteration 145: -13204.636009855887
L2 norm of gradient: 165.61950269985104
Iteration 146: -14659.12804766313
L2 norm of gradient: 157.10127956050604
Iteration 147: -14161.95820131344
L2 norm of gradient: 220.53629637742327
Iteration 148: -12204.617825540963
L2 norm of gradient: 52.557657483800526
Iteration 149: -14786.128970721305
L2 norm of gradient: 54.15196279172169
Iteration 150: -14476.116299958187
L2 norm of gradient: 259.06759556991744
Iteration 151: -12498.610796949677
L2 norm of gradient: 30.41053413884461
Iteration 152: -14078.190128698745
L2 norm of gradient: 159.91820884350213
Iteration 153: -15161.881940336163
L2 norm of gradient: 275.0249314783384
Iteration 154: -13211.585352239186
L2 norm of gradient: 16.40052108720787
Iteration 155: -14547.91884245251
L2 norm of gradient: 13.877223823823915
Iteration 156: -16148.465941225624
L2 norm of gradient: 102.3208706231262
Iteration 157: -13996.615239249268
L2 norm of gradient: 144.96236668798016
Iteration 158: -12914.085789949513
L2 norm of gradient: 172.68121662227418
Iteration 159: -13119.030512744133
L2 norm of gradient: 158.1520688536056
Iteration 160: -14454.918763447868
L2 norm of gradient: 126.48009834991686
Iteration 161: -13067.964779878674
L2 norm of gradient: 29.313254429246246
Iteration 162: -12710.65497628454
L2 norm of gradient: 292.2396824772886
Iteration 163: -15039.230335652031
L2 norm of gradient: 149.08584159444553
Iteration 164: -13530.853946283389
L2 norm of gradient: 7.25421174820024
Iteration 165: -14301.670607712895
L2 norm of gradient: 154.56684170975382
Iteration 166: -13972.540763028006
L2 norm of gradient: 0.25882952245534113
Iteration 167: -14451.192068457285
L2 norm of gradient: 118.47647746348035
Iteration 168: -13823.560345998556
L2 norm of gradient: 10.492780527949817
Iteration 169: -12313.365376753613
L2 norm of gradient: 168.3080071004688
Iteration 170: -13907.775221317104
L2 norm of gradient: 10.324452375976513
Iteration 171: -14910.857965980555
L2 norm of gradient: 124.1394125041621
Iteration 172: -12763.608804916035
L2 norm of gradient: 312.4140078655733
Iteration 173: -13589.952995403655
L2 norm of gradient: 154.3032426931835
Iteration 174: -14768.599232752882
L2 norm of gradient: 178.49964829010858
Iteration 175: -14519.01958405135
L2 norm of gradient: 6.63432713420828
Iteration 176: -14455.384614912135
L2 norm of gradient: 9.800554006897547
Iteration 177: -13835.7109221638
L2 norm of gradient: 10.915061971275723
Iteration 178: -15841.780067940503
L2 norm of gradient: 13.33053606302315
Iteration 179: -12934.331867974905
L2 norm of gradient: 30.62396287410697
Iteration 180: -15157.938493767455
L2 norm of gradient: 10.857205959324439
Iteration 181: -12466.825023982983
L2 norm of gradient: 10.33598892785802
Iteration 182: -15383.298095347904
L2 norm of gradient: 24.702909367149218
Iteration 183: -12023.184044837115
L2 norm of gradient: 8.795178047936684
Iteration 184: -14147.920862948102
L2 norm of gradient: 12.073043899286894
Iteration 185: -11713.229841950077
L2 norm of gradient: 16.44678708741436
Iteration 186: -12934.851334174791
L2 norm of gradient: 119.24505911593648
Iteration 187: -13924.810691296394
L2 norm of gradient: 11.804763076625601
Iteration 188: -13531.23204988348
L2 norm of gradient: 200.6851368787735
Iteration 189: -14104.303922440133
L2 norm of gradient: 276.7828157952346
Iteration 190: -14780.341417626154
L2 norm of gradient: 17.293487495588945
Iteration 191: -15007.820409246762
L2 norm of gradient: 30.812211162663473
Iteration 192: -13839.524285025733
L2 norm of gradient: 220.46959895346845
Iteration 193: -12893.915269960782
L2 norm of gradient: 31.223002945662596
Iteration 194: -14540.34233697573
L2 norm of gradient: 189.59895189026818
Iteration 195: -13288.051989836438
L2 norm of gradient: 0.7833041686866704
Iteration 196: -14451.116602249327
L2 norm of gradient: 117.26574636817709
Iteration 197: -14298.832667171082
L2 norm of gradient: 31.75365636185024
Iteration 198: -14999.116881790818
L2 norm of gradient: 5.990831336906907
Iteration 199: -12928.765917213215
L2 norm of gradient: 258.3308375853555
Iteration 200: -14230.917616458371
L2 norm of gradient: 159.18422746196092
Iteration 201: -15868.172257078739
L2 norm of gradient: 191.8017060497016
Iteration 202: -14036.588263090889
L2 norm of gradient: 189.13524888712948
Iteration 203: -14115.687071773458
L2 norm of gradient: 34.23437233306191
Iteration 204: -12862.947923703312
L2 norm of gradient: 167.55402955848942
Iteration 205: -13772.260091070453
L2 norm of gradient: 431.7062744891312
Iteration 206: -12978.426310264349
L2 norm of gradient: 223.55349279561864
Iteration 207: -14256.840261012794
L2 norm of gradient: 193.83344756393657
Iteration 208: -12052.96370767228
L2 norm of gradient: 0.5209566541811501
Iteration 209: -15526.40224760504
L2 norm of gradient: 2.8203045336868513
Iteration 210: -13836.502903513048
L2 norm of gradient: 202.24345213432633
Iteration 211: -12967.859145396951
L2 norm of gradient: 162.2531028188158
Iteration 212: -14516.670928598061
L2 norm of gradient: 4.225445520549253
Iteration 213: -12933.109204854347
L2 norm of gradient: 118.54222782865182
Iteration 214: -15683.239865206788
L2 norm of gradient: 200.8902458332433
Iteration 215: -13515.185978286003
L2 norm of gradient: 11.715058428731565
Iteration 216: -14910.500474566174
L2 norm of gradient: 11.774549532847328
Iteration 217: -15068.209425327734
L2 norm of gradient: 17.068484616905497
Iteration 218: -12318.191053741271
L2 norm of gradient: 181.122078652348
Iteration 219: -15039.637320262736
L2 norm of gradient: 13.336690930436783
Iteration 220: -13387.86483857017
L2 norm of gradient: 205.1573874526637
Iteration 221: -14176.03076444248
L2 norm of gradient: 37.90913495950375
Iteration 222: -13465.225605779166
L2 norm of gradient: 11.13220384252124
Iteration 223: -13237.956978755034
L2 norm of gradient: 13.80850349934324
Iteration 224: -10949.322597373957
L2 norm of gradient: 321.64328258149186
Iteration 225: -14056.638024661348
L2 norm of gradient: 143.80122287916709
Iteration 226: -13554.462366825097
L2 norm of gradient: 77.09110861850691
Iteration 227: -14626.840877305363
L2 norm of gradient: 33.34811541947493
Iteration 228: -14842.710320919638
L2 norm of gradient: 3.8737306430896203
Iteration 229: -13547.836980884933
L2 norm of gradient: 327.8709421857258
Iteration 230: -15626.052191075409
L2 norm of gradient: 195.02418458805045
Iteration 231: -14570.068050451264
L2 norm of gradient: 8.52300489293994
Iteration 232: -13688.01951848242
L2 norm of gradient: 5.356243000642598
Iteration 233: -14143.410675083862
L2 norm of gradient: 132.20109378964403
Iteration 234: -14188.779840180745
L2 norm of gradient: 218.79267889110434
Iteration 235: -16261.409613785443
L2 norm of gradient: 196.17371374061509
Iteration 236: -13953.036751453106
L2 norm of gradient: 25.176189511263697
Iteration 237: -13085.9306130239
L2 norm of gradient: 459.0055749251081
Iteration 238: -12292.525087654281
L2 norm of gradient: 32.537536033697975
Iteration 239: -14233.29927851354
L2 norm of gradient: 138.03496146354712
Iteration 240: -15067.338481570569
L2 norm of gradient: 261.4212645001839
Iteration 241: -13957.46589643481
L2 norm of gradient: 164.73948342349522
Iteration 242: -12454.409331910452
L2 norm of gradient: 11.549655776925727
Iteration 243: -13993.584590229186
L2 norm of gradient: 40.03740641380313
Iteration 244: -13479.307767422957
L2 norm of gradient: 272.7102844000575
Iteration 245: -13924.315363926105
L2 norm of gradient: 221.4367480541195
Iteration 246: -13416.564498558546
L2 norm of gradient: 232.49495263718535
Iteration 247: -14713.918917762676
L2 norm of gradient: 256.74462751782704
Iteration 248: -14952.1993713386
L2 norm of gradient: 16.54307600149984
Iteration 249: -14141.939293978567
L2 norm of gradient: 275.38578776359486
Iteration 250: -13925.23873193955
L2 norm of gradient: 205.15214846020908
Iteration 251: -12733.789224300714
L2 norm of gradient: 32.99257475166787
Iteration 252: -14298.586104115519
L2 norm of gradient: 30.827391119165043
Iteration 253: -13168.659110856235
L2 norm of gradient: 249.37844055038101
Iteration 254: -14693.38121579884
L2 norm of gradient: 139.67842579964812
Iteration 255: -15768.404942812289
L2 norm of gradient: 27.353532679121876
Iteration 256: -15000.932384564103
L2 norm of gradient: 31.765633339064347
Iteration 257: -14230.00416315198
L2 norm of gradient: 36.126129585419704
Iteration 258: -14082.149687044763
L2 norm of gradient: 364.45224828790873
Iteration 259: -13497.203354443775
L2 norm of gradient: 44.906643791091945
Iteration 260: -13322.640225672234
L2 norm of gradient: 22.72821457123604
Iteration 261: -12931.03876252313
L2 norm of gradient: 31.598277044623956
Iteration 262: -14145.149565121254
L2 norm of gradient: 257.4986359519703
Iteration 263: -13462.04025861374
L2 norm of gradient: 253.52486609159862
Iteration 264: -15012.780309711925
L2 norm of gradient: 386.42087521229405
Iteration 265: -14170.109859600234
L2 norm of gradient: 21.290208934005275
Iteration 266: -14448.232973867629
L2 norm of gradient: 7.264380189271147
Iteration 267: -14453.914285217348
L2 norm of gradient: 44.046286751945175
Iteration 268: -14846.781311135575
L2 norm of gradient: 253.45653222571923
Iteration 269: -13178.258434170417
L2 norm of gradient: 8.312478687825015
Iteration 270: -14148.708565563797
L2 norm of gradient: 34.6540747810949
Iteration 271: -15065.99696251312
L2 norm of gradient: 74.90139445597725
Iteration 272: -14622.403072058634
L2 norm of gradient: 646.5720253963292
Iteration 273: -14466.387972972225
L2 norm of gradient: 233.2903405913334
Iteration 274: -14773.291480697695
L2 norm of gradient: 26.545186909187183
Iteration 275: -12029.056618231909
L2 norm of gradient: 22.7193155880558
Iteration 276: -13533.325969187903
L2 norm of gradient: 251.34842977473974
Iteration 277: -13884.879023199426
L2 norm of gradient: 1.221807167954084
Iteration 278: -14758.469495950838
L2 norm of gradient: 174.99270068070453
Iteration 279: -14762.956444510617
L2 norm of gradient: 211.35244961098493
Iteration 280: -14244.560997891676
L2 norm of gradient: 168.47857541206656
Iteration 281: -14988.94450424908
L2 norm of gradient: 602.1123162058423
Iteration 282: -15475.553200701539
L2 norm of gradient: 48.66201456482389
Iteration 283: -14074.116879839561
L2 norm of gradient: 7.939446989752312
Iteration 284: -13988.972087160651
L2 norm of gradient: 6.705739591561773
Iteration 285: -12928.334176505006
L2 norm of gradient: 137.04975486595143
Iteration 286: -12846.455650081327
L2 norm of gradient: 306.95527468855937
Iteration 287: -13607.332409444756
L2 norm of gradient: 20.507714225943392
Iteration 288: -12620.49664029778
L2 norm of gradient: 167.77616696217436
Iteration 289: -14432.366146833332
L2 norm of gradient: 345.5947735461619
Iteration 290: -14646.637885101372
L2 norm of gradient: 349.4955344899383
Iteration 291: -14385.691812080673
L2 norm of gradient: 604.1065922685469
Iteration 292: -14391.765332833653
L2 norm of gradient: 279.51971123370726
Iteration 293: -12713.113227918106
L2 norm of gradient: 17.45064385124993
Iteration 294: -13227.803190791301
L2 norm of gradient: 230.37110170619192
Iteration 295: -13929.134660892358
L2 norm of gradient: 195.02012032968727
Iteration 296: -14739.820821778449
L2 norm of gradient: 427.77583907444694
Iteration 297: -14677.026653633651
L2 norm of gradient: 361.692439265823
Iteration 298: -14694.730487768566
L2 norm of gradient: 50.586657469264395
Iteration 299: -12768.44492490687
L2 norm of gradient: 170.80777640908627
Iteration 300: -14737.02207105311
L2 norm of gradient: 290.48073126493
Iteration 301: -14571.069261535295
L2 norm of gradient: 1.6654404543705272
Iteration 302: -14911.832004170537
L2 norm of gradient: 26.24899463053632
Iteration 303: -14294.40718086332
L2 norm of gradient: 4.798207267963761
Iteration 304: -14451.6190044303
L2 norm of gradient: 307.86218280564304
Iteration 305: -14207.987087061314
L2 norm of gradient: 225.83724927364935
Iteration 306: -14158.801511388789
L2 norm of gradient: 47.52966522715015
Iteration 307: -13786.067670273791
L2 norm of gradient: 47.796250195195235
Iteration 308: -12925.058087700292
L2 norm of gradient: 327.72345465305153
Iteration 309: -13292.10523064791
L2 norm of gradient: 312.3799033902091
Iteration 310: -11761.677410812677
L2 norm of gradient: 32.12691800677386
Iteration 311: -12911.252713720762
L2 norm of gradient: 292.11979614160094
Iteration 312: -13297.949894769958
L2 norm of gradient: 52.4264353235224
Iteration 313: -13166.894629501046
L2 norm of gradient: 341.4753241151771
Iteration 314: -14500.826931127152
L2 norm of gradient: 378.5093455807654
Iteration 315: -13509.575561909985
L2 norm of gradient: 210.1913649541845
Iteration 316: -13887.896855925395
L2 norm of gradient: 8.692777322453576
Iteration 317: -14917.391394060805
L2 norm of gradient: 207.76635860306354
Iteration 318: -13952.26480182347
L2 norm of gradient: 147.69614086791648
Iteration 319: -14785.189921586047
L2 norm of gradient: 34.15723074149932
Iteration 320: -14915.422795315008
L2 norm of gradient: 204.84367142692807
Iteration 321: -14108.425939223203
L2 norm of gradient: 353.53737780409784
Iteration 322: -13269.024303606999
L2 norm of gradient: 102.61688318831426
Iteration 323: -14629.24797976105
L2 norm of gradient: 7.81244033730839
Iteration 324: -13391.72248805097
L2 norm of gradient: 18.204532572238953
Iteration 325: -15219.648656041307
L2 norm of gradient: 8.451917001368221
Iteration 326: -14764.846326790026
L2 norm of gradient: 189.3145873076947
Iteration 327: -13450.612881452445
L2 norm of gradient: 61.508414231635506
Iteration 328: -12850.121930575708
L2 norm of gradient: 16.250328753749
Iteration 329: -15531.716516847528
L2 norm of gradient: 17.81708904606993
Iteration 330: -14767.789876861527
L2 norm of gradient: 38.459579103380946
Iteration 331: -14857.460469779468
L2 norm of gradient: 242.91525113746883
Iteration 332: -13923.48502870954
L2 norm of gradient: 29.984024188685872
Iteration 333: -14291.559496781927
L2 norm of gradient: 267.3978413190493
Iteration 334: -13380.071892055015
L2 norm of gradient: 22.076921084237835
Iteration 335: -11411.094744468432
L2 norm of gradient: 389.2274540636294
Iteration 336: -14636.049089403105
L2 norm of gradient: 48.67812744763686
Iteration 337: -14139.708352448266
L2 norm of gradient: 308.67288911417876
Iteration 338: -14198.149349368785
L2 norm of gradient: 54.77134748773861
Iteration 339: -14228.152145634798
L2 norm of gradient: 397.3347307213928
Iteration 340: -13890.283740876348
L2 norm of gradient: 63.426892437414125
Iteration 341: -14154.194717025463
L2 norm of gradient: 20.336220449933606
Iteration 342: -12776.726655318187
L2 norm of gradient: 5.136879895216654
Iteration 343: -14758.317055916037
L2 norm of gradient: 263.9623075850915
Iteration 344: -13075.621798838813
L2 norm of gradient: 13.514252641514332
Iteration 345: -14307.531762510349
L2 norm of gradient: 24.938206637015004
Iteration 346: -14606.482615761404
L2 norm of gradient: 116.1319215908675
Iteration 347: -14162.934988230614
L2 norm of gradient: 47.926705324075456
Iteration 348: -12156.947508526175
L2 norm of gradient: 403.842340789285
Iteration 349: -14777.656205650803
L2 norm of gradient: 210.44315298261702
Iteration 350: -14724.620769788711
L2 norm of gradient: 50.61766699167812
Iteration 351: -14387.81172827455
L2 norm of gradient: 223.26189223127267
Iteration 352: -14249.892628538522
L2 norm of gradient: 257.5838260359703
Iteration 353: -14070.435689953465
L2 norm of gradient: 107.10758733709173
Iteration 354: -14767.536330831008
L2 norm of gradient: 29.38527084523226
Iteration 355: -12921.574427536429
L2 norm of gradient: 52.10629431103656
Iteration 356: -14234.899402036768
L2 norm of gradient: 32.14612846449477
Iteration 357: -12397.347289308304
L2 norm of gradient: 50.94858092606443
Iteration 358: -13618.632337502395
L2 norm of gradient: 12.51836850909836
Iteration 359: -12469.039160086566
L2 norm of gradient: 317.97064644926763
Iteration 360: -16072.863646812144
L2 norm of gradient: 27.173717155041942
Iteration 361: -14605.102564193714
L2 norm of gradient: 34.16960835211437
Iteration 362: -14174.40611799928
L2 norm of gradient: 688.9609790921853
Iteration 363: -14028.803128869074
L2 norm of gradient: 46.304186280076074
Iteration 364: -13786.709426263034
L2 norm of gradient: 104.36936452188459
Iteration 365: -13076.880616109458
L2 norm of gradient: 334.5247898936449
Iteration 366: -13972.57746540626
L2 norm of gradient: 27.51061169405915
Iteration 367: -14694.842086670471
L2 norm of gradient: 185.42688348450193
Iteration 368: -14189.092827997458
L2 norm of gradient: 623.2236196871706
Iteration 369: -15010.213400273546
L2 norm of gradient: 167.15882858022368
Iteration 370: -15565.284690267712
L2 norm of gradient: 51.8655223835998
Iteration 371: -15371.086407767363
L2 norm of gradient: 209.2895747229601
Iteration 372: -13052.338692596091
L2 norm of gradient: 359.8883989200877
Iteration 373: -14344.979753180025
L2 norm of gradient: 639.6479256335804
Iteration 374: -15148.152578633053
L2 norm of gradient: 62.25404256565433
Iteration 375: -14290.780869201802
L2 norm of gradient: 335.22960684116055
Iteration 376: -12460.627350259854
L2 norm of gradient: 240.6566753754682
Iteration 377: -12096.676107775245
L2 norm of gradient: 38.711115388870624
Iteration 378: -14534.900260483591
L2 norm of gradient: 265.21318683486527
Iteration 379: -14167.364069236926
L2 norm of gradient: 70.33238944609522
Iteration 380: -12416.3542587178
L2 norm of gradient: 50.57833104900212
Iteration 381: -13157.962106503039
L2 norm of gradient: 82.99506793249914
Iteration 382: -13209.505304672444
L2 norm of gradient: 84.2733569989506
Iteration 383: -14158.566002057429
L2 norm of gradient: 45.95740167672705
Iteration 384: -13981.479271421862
L2 norm of gradient: 346.49300531698594
Iteration 385: -13995.893303792955
L2 norm of gradient: 242.37266136820026
Iteration 386: -11884.584400296299
L2 norm of gradient: 42.14378567007067
Iteration 387: -15226.259699598195
L2 norm of gradient: 57.05784128833253
Iteration 388: -15302.873331085633
L2 norm of gradient: 83.68697472175637
Iteration 389: -12706.247169401682
L2 norm of gradient: 63.66572005466903
Iteration 390: -14840.187902381602
L2 norm of gradient: 67.20327810305601
Iteration 391: -14671.868878608093
L2 norm of gradient: 223.46257924823067
Iteration 392: -13340.609865883962
L2 norm of gradient: 229.44317085438485
Iteration 393: -12869.464264043145
L2 norm of gradient: 66.11457722157301
Iteration 394: -14713.170759549595
L2 norm of gradient: 758.0811505171735
Iteration 395: -15138.688783473986
L2 norm of gradient: 234.660100764779
Iteration 396: -14706.5552179352
L2 norm of gradient: 484.52752577422945
Iteration 397: -14987.591803499312
L2 norm of gradient: 836.8082805521481
Iteration 398: -14110.519707731402
L2 norm of gradient: 154.35853885342198
Iteration 399: -14938.814995578097
L2 norm of gradient: 5.81473662856673
Iteration 400: -14757.613139302668
L2 norm of gradient: 411.36879741755405
Iteration 401: -14433.385754010007
L2 norm of gradient: 14.485395798909323
Iteration 402: -12620.253295417764
L2 norm of gradient: 584.9233167499185
Iteration 403: -13764.693525732291
L2 norm of gradient: 344.6080463455321
Iteration 404: -11135.125494226828
L2 norm of gradient: 28.984874743260136
Iteration 405: -12948.234108844925
L2 norm of gradient: 566.0677870546571
Iteration 406: -14057.981607465126
L2 norm of gradient: 350.2372366461206
Iteration 407: -14019.251340254268
L2 norm of gradient: 82.63237897126328
Iteration 408: -14818.52116214786
L2 norm of gradient: 459.0786631698295
Iteration 409: -15183.61972604006
L2 norm of gradient: 55.707698072289524
Iteration 410: -12991.602072683096
L2 norm of gradient: 441.2941763453792
Iteration 411: -15336.225658044816
L2 norm of gradient: 686.2846337297277
Iteration 412: -12418.765888229205
L2 norm of gradient: 3.726915566117189
Iteration 413: -13529.3879760277
L2 norm of gradient: 40.0174056047992
Iteration 414: -12305.217961067507
L2 norm of gradient: 15.09989276046385
Iteration 415: -12026.693990362579
L2 norm of gradient: 22.941083207349052
Iteration 416: -15060.097610998115
L2 norm of gradient: 41.724395895900656
Iteration 417: -13984.93444546729
L2 norm of gradient: 108.42805445331615
Iteration 418: -13739.280592736055
L2 norm of gradient: 58.16052783907996
Iteration 419: -13844.480431309552
L2 norm of gradient: 313.1369850287152
Iteration 420: -13162.038494360731
L2 norm of gradient: 576.8545999212035
Iteration 421: -12677.223796272592
L2 norm of gradient: 934.013627361562
Iteration 422: -13387.777670446949
L2 norm of gradient: 112.36944754557952
Iteration 423: -15126.613092766536
L2 norm of gradient: 485.01301450291254
Iteration 424: -14485.168390386954
L2 norm of gradient: 150.10022889971904
Iteration 425: -13504.033815232382
L2 norm of gradient: 222.53569764919152
Iteration 426: -13674.703513238712
L2 norm of gradient: 392.5472508021811
Iteration 427: -13526.158072850616
L2 norm of gradient: 125.02740746619446
Iteration 428: -13842.404276554777
L2 norm of gradient: 73.95459210825055
Iteration 429: -12462.012327766064
L2 norm of gradient: 567.0678685139388
Iteration 430: -15618.447799419713
L2 norm of gradient: 720.9019878892963
Iteration 431: -14617.903794618493
L2 norm of gradient: 58.65908446103535
Iteration 432: -15148.512071119574
L2 norm of gradient: 831.1020823277332
Iteration 433: -12732.46800365596
L2 norm of gradient: 67.24392050914045
Iteration 434: -15759.784027195812
L2 norm of gradient: 944.915613866204
Iteration 435: -14000.68768401637
L2 norm of gradient: 315.5154281244271
Iteration 436: -14209.90942987393
L2 norm of gradient: 56.481143516373386
Iteration 437: -13375.558840075531
L2 norm of gradient: 266.9207780729851
Iteration 438: -15081.893669881574
L2 norm of gradient: 211.0889523436656
Iteration 439: -13596.294551889783
L2 norm of gradient: 50.289488042410255
Iteration 440: -13683.783628279441
L2 norm of gradient: 69.3966087518041
Iteration 441: -15055.372809475446
L2 norm of gradient: 389.86308913303765
Iteration 442: -14959.287277748435
L2 norm of gradient: 46.46313919408254
Iteration 443: -12308.06607355562
L2 norm of gradient: 89.63115875588392
Iteration 444: -13593.244702949489
L2 norm of gradient: 103.76822020614358
Iteration 445: -14919.919597135813
L2 norm of gradient: 130.80217928635636
Iteration 446: -15506.989823347427
L2 norm of gradient: 521.6206117031977
Iteration 447: -13629.672145759021
L2 norm of gradient: 27.705465025213297
Iteration 448: -13542.018717786561
L2 norm of gradient: 18.07742609579889
Iteration 449: -12927.19213023878
L2 norm of gradient: 154.55244411332194
Iteration 450: -14423.431600241545
L2 norm of gradient: 16.571122769643054
Iteration 451: -14755.765370694555
L2 norm of gradient: 687.9785336018119
Iteration 452: -14948.049033208277
L2 norm of gradient: 30.311860386883545
Iteration 453: -14293.026119401859
L2 norm of gradient: 334.4945576829628
Iteration 454: -13218.592326941887
L2 norm of gradient: 339.90461320980654
Iteration 455: -14372.94201747163
L2 norm of gradient: 365.96317213172085
Iteration 456: -15513.966334557028
L2 norm of gradient: 870.3766414870768
Iteration 457: -12730.928549356786
L2 norm of gradient: 293.1431043781915
Iteration 458: -12794.956916327621
L2 norm of gradient: 522.3293609881647
Iteration 459: -13053.842689759047
L2 norm of gradient: 1269.26288243895
Iteration 460: -13145.372668066024
L2 norm of gradient: 439.65377089742555
Iteration 461: -13035.596379956425
L2 norm of gradient: 450.1997406075568
Iteration 462: -14263.023694217665
L2 norm of gradient: 66.9679137244593
Iteration 463: -14683.374911201505
L2 norm of gradient: 585.9341223442289
Iteration 464: -11855.379929758801
L2 norm of gradient: 76.02795455583173
Iteration 465: -14149.909044874585
L2 norm of gradient: 253.75031146457397
Iteration 466: -14219.848018186269
L2 norm of gradient: 454.9915582714249
Iteration 467: -12454.501388214849
L2 norm of gradient: 73.70862996021197
Iteration 468: -13542.116824265231
L2 norm of gradient: 321.7026123192134
Iteration 469: -12816.632099139342
L2 norm of gradient: 32.974784994699164
Iteration 470: -11716.180799414733
L2 norm of gradient: 85.5516642892837
Iteration 471: -15063.763304540518
L2 norm of gradient: 595.4909372812599
Iteration 472: -12242.612550475878
L2 norm of gradient: 19.71010483716199
Iteration 473: -13531.744231687593
L2 norm of gradient: 29.448109973945545
Iteration 474: -13557.940317259634
L2 norm of gradient: 144.38522791397088
Iteration 475: -14057.116478626853
L2 norm of gradient: 621.9656678274613
Iteration 476: -15306.155539140815
L2 norm of gradient: 568.5751711762302
Iteration 477: -14746.78008166499
L2 norm of gradient: 158.09314574806817
Iteration 478: -15547.82442931273
L2 norm of gradient: 500.74128652411775
Iteration 479: -14221.952089300643
L2 norm of gradient: 364.5313188400836
Iteration 480: -14051.032810686302
L2 norm of gradient: 35.970736316555886
Iteration 481: -13395.66320090868
L2 norm of gradient: 401.15343945866186
Iteration 482: -13954.48547739636
L2 norm of gradient: 144.35332230007828
Iteration 483: -13534.616572787865
L2 norm of gradient: 43.39414990519438
Iteration 484: -13826.459637088505
L2 norm of gradient: 131.45988473980933
Iteration 485: -13797.048467730841
L2 norm of gradient: 782.877448517221
Iteration 486: -15445.462017424506
L2 norm of gradient: 116.7342773834135
Iteration 487: -12725.292182341356
L2 norm of gradient: 442.7452997949067
Iteration 488: -14793.26128481079
L2 norm of gradient: 592.4010421867636
Iteration 489: -14731.652542145745
L2 norm of gradient: 493.03605374197747
Iteration 490: -13595.222166521387
L2 norm of gradient: 988.7731263133576
Iteration 491: -13891.409057620924
L2 norm of gradient: 114.92603096592447
Iteration 492: -14724.637667497114
L2 norm of gradient: 27.70379256642364
Iteration 493: -14289.947399930754
L2 norm of gradient: 64.2261058734424
Iteration 494: -14435.951931183146
L2 norm of gradient: 68.87434521015389
Iteration 495: -13893.663059117473
L2 norm of gradient: 39.420862268648904
Iteration 496: -13857.03743793549
L2 norm of gradient: 320.7291968859702
Iteration 497: -14565.22591721345
L2 norm of gradient: 430.8798295859752
Iteration 498: -13657.475854472063
L2 norm of gradient: 332.4159106009326
Iteration 499: -14339.648955155342
[ { query: [ 'Who is a doctor', [Object] ],
    trueResult: 
     Marginal:
         "John and Mary are doctors" : 0.380020640450514
         "John and Mary are doctors and teachers" : 0.20855974943514632
         "John is a doctor" : 0.08655534418766547
         "Mary is a doctor" : 0.08655534418766547
         "John is a doctor and a teacher" : 0.04750258005631425
         "Mary is a doctor and a teacher" : 0.04750258005631425
         "John and Mary are doctors or teachers" : 0.018309772241219994
         "John or Mary is a doctor and a teacher" : 0.01641723975145466
         "John is a doctor or a teacher" : 0.014074838535204214
         "Mary is a doctor or a teacher" : 0.014074838535204214
         "John or Mary is a doctor" : 0.014074838535204214
         "Mary is a teacher" : 0.010819418023458179
         "John is a teacher" : 0.010819418023458179
         "John is not a teacher" : 0.008015222008949992
         "Mary is not a teacher" : 0.008015222008949992
         "John and Mary are teachers" : 0.0059378225070392835
         "John or Mary is a teacher" : 0.005937822507039272
         "John and Mary are not teachers" : 0.0043988471043886965
         "John or Mary is not a teacher" : 0.0043988471043886965
         "John or Mary is a doctor or a teacher" : 0.003954910804103521
         "John is not a doctor and a teacher" : 0.0013033621050040592
         "Mary is not a doctor and a teacher" : 0.0013033621050040592
         "John or Mary is not a doctor and a teacher" : 0.0012360388998589598
         "John and Mary are not doctors and teachers" : 0.00021194082645043896,
    learnedResult: 
     Marginal:
         "John is a doctor" : 0.2545296896673541
         "Mary is a doctor" : 0.2545296896673541
         "John and Mary are doctors" : 0.03441907521677964
         "John is a teacher" : 0.03181621120841926
         "Mary is a teacher" : 0.03181621120841926
         "John is a doctor and a teacher" : 0.026652437172905136
         "Mary is a doctor and a teacher" : 0.026652437172905087
         "John is not a teacher" : 0.023570028976254823
         "Mary is not a teacher" : 0.023570028976254823
         "John or Mary is a doctor" : 0.020505775672926798
         "John is a doctor or a teacher" : 0.019529838847366296
         "Mary is a doctor or a teacher" : 0.019529838847366296
         "John and Mary are teachers" : 0.017461106927605673
         "John or Mary is a teacher" : 0.017461106927605646
         "John is not a doctor" : 0.014715873605599464
         "Mary is not a doctor" : 0.014715873605599438
         "John and Mary are not teachers" : 0.012935506165242066
         "John or Mary is not a teacher" : 0.012935506165242043
         "John is not a doctor or a teacher" : 0.012728217171149303
         "Mary is not a doctor or a teacher" : 0.012728217171149303
         "John or Mary is not a doctor" : 0.012698826209907838
         "Mary is not a doctor and a teacher" : 0.012326954343895108
         "John is not a doctor and a teacher" : 0.012326954343895085
         "John and Mary are not doctors" : 0.011870991047525717
         "John and Mary are doctors and teachers" : 0.01042950183001237
         "John and Mary are doctors or teachers" : 0.009855676074982235
         "John or Mary is a doctor and a teacher" : 0.009760830802796697
         "John or Mary is a doctor or a teacher" : 0.00964116748901051
         "John or Mary is not a doctor or a teacher" : 0.007094333344732974
         "John or Mary is not a doctor and a teacher" : 0.007084367457011076
         "John and Mary are not doctors or teachers" : 0.007076854636459002
         "John and Mary are not doctors and teachers" : 0.00703087204627267,
    KLDivergence: 1.3357511155168886 },
  { query: [ 'Who is a doctor', [Object] ],
    trueResult: 
     Marginal:
         "John and Mary are doctors" : 0.380020640450514
         "John and Mary are doctors and teachers" : 0.20855974943514632
         "John is a doctor" : 0.08655534418766547
         "Mary is a doctor" : 0.08655534418766547
         "John is a doctor and a teacher" : 0.04750258005631425
         "Mary is a doctor and a teacher" : 0.04750258005631425
         "John and Mary are doctors or teachers" : 0.018309772241219994
         "John or Mary is a doctor and a teacher" : 0.01641723975145466
         "John is a doctor or a teacher" : 0.014074838535204214
         "Mary is a doctor or a teacher" : 0.014074838535204214
         "John or Mary is a doctor" : 0.014074838535204214
         "Mary is a teacher" : 0.010819418023458179
         "John is a teacher" : 0.010819418023458179
         "John is not a teacher" : 0.008015222008949992
         "Mary is not a teacher" : 0.008015222008949992
         "John and Mary are teachers" : 0.0059378225070392835
         "John or Mary is a teacher" : 0.005937822507039272
         "John and Mary are not teachers" : 0.0043988471043886965
         "John or Mary is not a teacher" : 0.0043988471043886965
         "John or Mary is a doctor or a teacher" : 0.003954910804103521
         "John is not a doctor and a teacher" : 0.0013033621050040592
         "Mary is not a doctor and a teacher" : 0.0013033621050040592
         "John or Mary is not a doctor and a teacher" : 0.0012360388998589598
         "John and Mary are not doctors and teachers" : 0.00021194082645043896,
    learnedResult: 
     Marginal:
         "John is a doctor" : 0.2545296896673541
         "Mary is a doctor" : 0.2545296896673541
         "John and Mary are doctors" : 0.03441907521677964
         "John is a teacher" : 0.03181621120841926
         "Mary is a teacher" : 0.03181621120841926
         "John is a doctor and a teacher" : 0.026652437172905136
         "Mary is a doctor and a teacher" : 0.026652437172905087
         "John is not a teacher" : 0.023570028976254823
         "Mary is not a teacher" : 0.023570028976254823
         "John or Mary is a doctor" : 0.020505775672926798
         "John is a doctor or a teacher" : 0.019529838847366296
         "Mary is a doctor or a teacher" : 0.019529838847366296
         "John and Mary are teachers" : 0.017461106927605673
         "John or Mary is a teacher" : 0.017461106927605646
         "John is not a doctor" : 0.014715873605599464
         "Mary is not a doctor" : 0.014715873605599438
         "John and Mary are not teachers" : 0.012935506165242066
         "John or Mary is not a teacher" : 0.012935506165242043
         "John is not a doctor or a teacher" : 0.012728217171149303
         "Mary is not a doctor or a teacher" : 0.012728217171149303
         "John or Mary is not a doctor" : 0.012698826209907838
         "Mary is not a doctor and a teacher" : 0.012326954343895108
         "John is not a doctor and a teacher" : 0.012326954343895085
         "John and Mary are not doctors" : 0.011870991047525717
         "John and Mary are doctors and teachers" : 0.01042950183001237
         "John and Mary are doctors or teachers" : 0.009855676074982235
         "John or Mary is a doctor and a teacher" : 0.009760830802796697
         "John or Mary is a doctor or a teacher" : 0.00964116748901051
         "John or Mary is not a doctor or a teacher" : 0.007094333344732974
         "John or Mary is not a doctor and a teacher" : 0.007084367457011076
         "John and Mary are not doctors or teachers" : 0.007076854636459002
         "John and Mary are not doctors and teachers" : 0.00703087204627267,
    KLDivergence: 1.3357511155168886 },
  { query: [ 'Who is a doctor and a teacher', [Object] ],
    trueResult: 
     Marginal:
         "John is a doctor and a teacher" : 0.5057429117707349
         "John is a doctor" : 0.11519045846271186
         "John is a teacher" : 0.11519045846271186
         "John or Mary is a doctor and a teacher" : 0.051789172217255514
         "Mary is not a teacher" : 0.02528450088232814
         "Mary is not a doctor" : 0.02528450088232814
         "John and Mary are teachers" : 0.018731218954471676
         "John and Mary are doctors" : 0.018731218954471676
         "John or Mary is a teacher" : 0.018731218954471645
         "John is a doctor or a teacher" : 0.018731218954471645
         "John or Mary is a doctor" : 0.018731218954471645
         "Mary is not a doctor or a teacher" : 0.013876428297051366
         "Mary is not a doctor and a teacher" : 0.013876428297051366
         "John and Mary are doctors or teachers" : 0.007219910001734958
         "Mary is a doctor or a teacher" : 0.00554999080132493
         "John or Mary is a doctor or a teacher" : 0.005263314391264789
         "Mary is a doctor" : 0.004266313276396742
         "Mary is a teacher" : 0.004266313276396742
         "John or Mary is not a doctor" : 0.004111534310237441
         "John or Mary is not a teacher" : 0.004111534310237441
         "John or Mary is not a doctor and a teacher" : 0.003899159202225257
         "John or Mary is not a doctor or a teacher" : 0.0014209763856506024,
    learnedResult: 
     Marginal:
         "John is a doctor" : 0.06334228362225303
         "John is a teacher" : 0.06175031927977039
         "Mary is a doctor" : 0.06015800094312471
         "Mary is a teacher" : 0.05981405139539835
         "Mary is not a teacher" : 0.04394983176245839
         "Mary is not a doctor" : 0.043913088446466124
         "John is not a teacher" : 0.043745047479007065
         "John is not a doctor" : 0.04358032562648891
         "John is a doctor and a teacher" : 0.03302925555968702
         "John and Mary are doctors" : 0.032954983454158676
         "John and Mary are teachers" : 0.03280877426656442
         "John is a doctor or a teacher" : 0.03269567674075841
         "John or Mary is a doctor" : 0.032680797005543466
         "Mary is a doctor and a teacher" : 0.03267130389368461
         "John or Mary is a teacher" : 0.03264543183854223
         "Mary is a doctor or a teacher" : 0.032612864901662195
         "Mary is not a doctor or a teacher" : 0.024143179210980276
         "John or Mary is not a teacher" : 0.024140961008675445
         "Mary is not a doctor and a teacher" : 0.024139113852868644
         "John or Mary is not a doctor" : 0.02413805782280338
         "John is not a doctor or a teacher" : 0.02413452825551039
         "John and Mary are not teachers" : 0.0241268759190097
         "John and Mary are not doctors" : 0.02411446342986307
         "John is not a doctor and a teacher" : 0.024111374770399
         "John and Mary are doctors and teachers" : 0.017917832507711468
         "John and Mary are doctors or teachers" : 0.0178968711240411
         "John or Mary is a doctor and a teacher" : 0.01789447949219694
         "John or Mary is a doctor or a teacher" : 0.01788952049288044
         "John or Mary is not a doctor or a teacher" : 0.013251030039162502
         "John or Mary is not a doctor and a teacher" : 0.01325061222658483
         "John and Mary are not doctors or teachers" : 0.013250421170388877
         "John and Mary are not doctors and teachers" : 0.01324864246135624,
    KLDivergence: 1.4122061998133768 },
  { query: [ 'Who is a doctor or a teacher', [Object] ],
    trueResult: 
     Marginal:
         "John and Mary are doctors" : 0.1056107851909732
         "John and Mary are teachers" : 0.1056107851909732
         "John is a doctor" : 0.08118368320238828
         "John is a teacher" : 0.08118368320238828
         "Mary is a teacher" : 0.08118368320238828
         "Mary is a doctor" : 0.08118368320238828
         "John and Mary are doctors or teachers" : 0.05796042780983282
         "John and Mary are doctors and teachers" : 0.05796042780983277
         "Mary is a doctor and a teacher" : 0.044554550002441795
         "John is a doctor and a teacher" : 0.044554550002441795
         "Mary is a doctor or a teacher" : 0.04455455000244175
         "John is a doctor or a teacher" : 0.04455455000244175
         "John or Mary is a teacher" : 0.03129208450102909
         "John or Mary is a doctor" : 0.03129208450102909
         "John or Mary is a doctor and a teacher" : 0.021122604886965272
         "John or Mary is a doctor or a teacher" : 0.012519452406923889
         "John is not a doctor and a teacher" : 0.009779799246246973
         "Mary is not a doctor and a teacher" : 0.009779799246246973
         "John is not a teacher" : 0.007517793967297686
         "Mary is not a teacher" : 0.007517793967297686
         "Mary is not a doctor" : 0.007517793967297686
         "John is not a doctor" : 0.007517793967297686
         "John or Mary is not a doctor and a teacher" : 0.00651387501985663
         "John or Mary is not a doctor" : 0.00565960604528182
         "John or Mary is not a teacher" : 0.00565960604528182
         "John and Mary are not doctors and teachers" : 0.0037696035994540657
         "John and Mary are not doctors" : 0.0012224749057808738
         "John and Mary are not teachers" : 0.0012224749057808738,
    learnedResult: 
     Marginal:
         "John is a doctor" : 0.06016586098138328
         "John is a teacher" : 0.059978676034855787
         "Mary is a doctor" : 0.05995454167357179
         "Mary is a teacher" : 0.05988347479823606
         "Mary is not a teacher" : 0.044311771724936916
         "Mary is not a doctor" : 0.044304130824421424
         "John is not a teacher" : 0.044301537542368805
         "John is not a doctor" : 0.04428145118249765
         "John is a doctor and a teacher" : 0.0328675945468006
         "John and Mary are doctors" : 0.03286689544532294
         "John and Mary are teachers" : 0.03284773572942097
         "Mary is a doctor and a teacher" : 0.03284520174972344
         "John is a doctor or a teacher" : 0.03284036519328044
         "John or Mary is a doctor" : 0.03284012916418996
         "John or Mary is a teacher" : 0.032835564192960354
         "Mary is a doctor or a teacher" : 0.032835070212226834
         "John or Mary is not a teacher" : 0.024322052739376467
         "Mary is not a doctor or a teacher" : 0.024322018904315
         "John or Mary is not a doctor" : 0.02432167727492976
         "John is not a doctor or a teacher" : 0.02432146501303897
         "Mary is not a doctor and a teacher" : 0.024321313570677423
         "John and Mary are not teachers" : 0.02432099822662962
         "John is not a doctor and a teacher" : 0.024319568753639467
         "John and Mary are not doctors" : 0.024319359064336913
         "John and Mary are doctors and teachers" : 0.018021246927871357
         "John and Mary are doctors or teachers" : 0.01801933991862981
         "John or Mary is a doctor and a teacher" : 0.018019094382231534
         "John or Mary is a doctor or a teacher" : 0.018018654725056992
         "John or Mary is not a doctor or a teacher" : 0.013348380476264077
         "John or Mary is not a doctor and a teacher" : 0.013348343434169008
         "John and Mary are not doctors or teachers" : 0.013348323720719348
         "John and Mary are not doctors and teachers" : 0.013348161871916665,
    KLDivergence: 0.4259589331440128 },
  { query: [ 'Who is not a doctor and a teacher', [Object] ],
    trueResult: 
     Marginal:
         "John is a doctor and a teacher" : 0.5057429117707349
         "John is a doctor" : 0.11519045846271186
         "John is a teacher" : 0.11519045846271186
         "John or Mary is a doctor and a teacher" : 0.051789172217255514
         "Mary is not a teacher" : 0.02528450088232814
         "Mary is not a doctor" : 0.02528450088232814
         "John and Mary are teachers" : 0.018731218954471676
         "John and Mary are doctors" : 0.018731218954471676
         "John or Mary is a teacher" : 0.018731218954471645
         "John is a doctor or a teacher" : 0.018731218954471645
         "John or Mary is a doctor" : 0.018731218954471645
         "Mary is not a doctor or a teacher" : 0.013876428297051366
         "Mary is not a doctor and a teacher" : 0.013876428297051366
         "John and Mary are doctors or teachers" : 0.007219910001734958
         "Mary is a doctor or a teacher" : 0.00554999080132493
         "John or Mary is a doctor or a teacher" : 0.005263314391264789
         "Mary is a doctor" : 0.004266313276396742
         "Mary is a teacher" : 0.004266313276396742
         "John or Mary is not a doctor" : 0.004111534310237441
         "John or Mary is not a teacher" : 0.004111534310237441
         "John or Mary is not a doctor and a teacher" : 0.003899159202225257
         "John or Mary is not a doctor or a teacher" : 0.0014209763856506024,
    learnedResult: 
     Marginal:
         "John is a doctor" : 0.05990844195265832
         "John is a teacher" : 0.05988953295219259
         "Mary is a doctor" : 0.059870074744234274
         "Mary is a teacher" : 0.059865871772791096
         "Mary is not a teacher" : 0.04434618235299593
         "Mary is not a doctor" : 0.04434572994665973
         "John is not a teacher" : 0.0443436357881052
         "John is not a doctor" : 0.04434160123480349
         "John is a doctor and a teacher" : 0.032858029839206965
         "John and Mary are doctors" : 0.03285710630216808
         "John and Mary are teachers" : 0.032855320320644615
         "John is a doctor or a teacher" : 0.032854032077394256
         "John or Mary is a doctor" : 0.03285384759075934
         "Mary is a doctor and a teacher" : 0.03285361906469862
         "John or Mary is a teacher" : 0.03285341353069639
         "Mary is a doctor or a teacher" : 0.03285300894289628
         "Mary is not a doctor or a teacher" : 0.02433792516953618
         "John or Mary is not a teacher" : 0.024337896820429947
         "Mary is not a doctor and a teacher" : 0.024337882735941285
         "John or Mary is not a doctor" : 0.024337861132291114
         "John is not a doctor or a teacher" : 0.024337818139625354
         "John and Mary are not teachers" : 0.02433773191770387
         "John and Mary are not doctors" : 0.024337579241937905
         "John is not a doctor and a teacher" : 0.024337539000472117
         "John and Mary are doctors and teachers" : 0.018030358458546072
         "John and Mary are doctors or teachers" : 0.018030109422171176
         "John or Mary is a doctor and a teacher" : 0.018030081194248773
         "John or Mary is a doctor or a teacher" : 0.018030022042292235
         "John or Mary is not a doctor or a teacher" : 0.013356946730846253
         "John or Mary is not a doctor and a teacher" : 0.013356941746422777
         "John and Mary are not doctors or teachers" : 0.013356939491329186
         "John and Mary are not doctors and teachers" : 0.01335691834330117,
    KLDivergence: 1.4231807609428153 },
  { query: [ 'Who is not a doctor or a teacher', [Object] ],
    trueResult: 
     Marginal:
         "John and Mary are doctors" : 0.1056107851909732
         "John and Mary are teachers" : 0.1056107851909732
         "John is a doctor" : 0.08118368320238828
         "John is a teacher" : 0.08118368320238828
         "Mary is a teacher" : 0.08118368320238828
         "Mary is a doctor" : 0.08118368320238828
         "John and Mary are doctors or teachers" : 0.05796042780983282
         "John and Mary are doctors and teachers" : 0.05796042780983277
         "Mary is a doctor and a teacher" : 0.044554550002441795
         "John is a doctor and a teacher" : 0.044554550002441795
         "Mary is a doctor or a teacher" : 0.04455455000244175
         "John is a doctor or a teacher" : 0.04455455000244175
         "John or Mary is a teacher" : 0.03129208450102909
         "John or Mary is a doctor" : 0.03129208450102909
         "John or Mary is a doctor and a teacher" : 0.021122604886965272
         "John or Mary is a doctor or a teacher" : 0.012519452406923889
         "John is not a doctor and a teacher" : 0.009779799246246973
         "Mary is not a doctor and a teacher" : 0.009779799246246973
         "John is not a teacher" : 0.007517793967297686
         "Mary is not a teacher" : 0.007517793967297686
         "Mary is not a doctor" : 0.007517793967297686
         "John is not a doctor" : 0.007517793967297686
         "John or Mary is not a doctor and a teacher" : 0.00651387501985663
         "John or Mary is not a doctor" : 0.00565960604528182
         "John or Mary is not a teacher" : 0.00565960604528182
         "John and Mary are not doctors and teachers" : 0.0037696035994540657
         "John and Mary are not doctors" : 0.0012224749057808738
         "John and Mary are not teachers" : 0.0012224749057808738,
    learnedResult: 
     Marginal:
         "John is a doctor" : 0.059871136460700136
         "John is a teacher" : 0.05986870889140567
         "Mary is a doctor" : 0.05986839822079482
         "Mary is a teacher" : 0.05986747315066133
         "Mary is not a teacher" : 0.04435024948852018
         "Mary is not a doctor" : 0.04435014990790951
         "John is not a teacher" : 0.04435011646555284
         "John is not a doctor" : 0.04434985515270948
         "John is a doctor and a teacher" : 0.0328560015585348
         "John and Mary are doctors" : 0.032855992614396555
         "John and Mary are teachers" : 0.032855743500125906
         "Mary is a doctor and a teacher" : 0.03285571077172041
         "John is a doctor or a teacher" : 0.03285564742177035
         "John or Mary is a doctor" : 0.03285564437815101
         "John or Mary is a teacher" : 0.03285558500334679
         "Mary is a doctor or a teacher" : 0.032855578636140775
         "John or Mary is not a teacher" : 0.02433997524215111
         "Mary is not a doctor or a teacher" : 0.02433997479469024
         "John or Mary is not a doctor" : 0.02433997035797563
         "John is not a doctor or a teacher" : 0.02433996759825587
         "Mary is not a doctor and a teacher" : 0.024339965593927336
         "John and Mary are not teachers" : 0.0243399615068926
         "John is not a doctor and a teacher" : 0.02433994292378221
         "John and Mary are not doctors" : 0.02433994018097501
         "John and Mary are doctors and teachers" : 0.018031536554984743
         "John and Mary are doctors or teachers" : 0.018031511732173794
         "John or Mary is a doctor and a teacher" : 0.018031508535085228
         "John or Mary is a doctor or a teacher" : 0.01803150281249675
         "John or Mary is not a doctor or a teacher" : 0.013358063652736058
         "John or Mary is not a doctor and a teacher" : 0.013358063170585067
         "John and Mary are not doctors or teachers" : 0.013358062913886935
         "John and Mary are not doctors and teachers" : 0.013358060806960927,
    KLDivergence: 0.4264098571891406 },
  { query: [ 'What is John', [Object] ],
    trueResult: 
     Marginal:
         "John is a doctor" : 0.23702792248662735
         "John is not a teacher" : 0.17559460378842734
         "John and Mary are doctors" : 0.130083681939854
         "John and Mary are not teachers" : 0.09636836179440914
         "John or Mary is a doctor" : 0.03854331316736411
         "John is a doctor or a teacher" : 0.03854331316736411
         "Mary is a teacher" : 0.029628490310828412
         "Mary is a doctor" : 0.029628490310828412
         "John is not a doctor and a teacher" : 0.02855358867982489
         "John or Mary is not a teacher" : 0.02855358867982489
         "Mary is not a doctor" : 0.02194932547355341
         "Mary is not a teacher" : 0.02194932547355341
         "John and Mary are doctors or teachers" : 0.021153018759865538
         "Mary is a doctor and a teacher" : 0.01626046024248175
         "Mary is a doctor or a teacher" : 0.016260460242481723
         "John and Mary are not doctors and teachers" : 0.0156705417197306
         "Mary is not a doctor or a teacher" : 0.012046045224301137
         "Mary is not a doctor and a teacher" : 0.012046045224301137
         "John or Mary is a doctor or a teacher" : 0.010830345605051172
         "John or Mary is not a doctor and a teacher" : 0.008023317360502066
         "John or Mary is a teacher" : 0.004817914145920514
         "John or Mary is not a doctor" : 0.0035691985849781176
         "John or Mary is a doctor and a teacher" : 0.0016651064329923299
         "John or Mary is not a doctor or a teacher" : 0.0012335411849350591,
    learnedResult: 
     Marginal:
         "John is a doctor" : 0.3478665651343955
         "John is not a teacher" : 0.04839533129748741
         "Mary is a teacher" : 0.043483320641799425
         "Mary is a doctor" : 0.043483320641799425
         "John and Mary are doctors" : 0.036425973661130595
         "Mary is not a doctor" : 0.032213236227190384
         "Mary is not a teacher" : 0.032213236227190384
         "John is a doctor and a teacher" : 0.02754176988328759
         "John or Mary is a doctor" : 0.02669149507210892
         "John is a doctor or a teacher" : 0.02540068537757553
         "Mary is a doctor and a teacher" : 0.023864152344227063
         "Mary is a doctor or a teacher" : 0.023864152344227063
         "John or Mary is a teacher" : 0.021243870687558893
         "John is not a doctor" : 0.02011223292191198
         "John and Mary are not teachers" : 0.018619639094188803
         "John or Mary is not a teacher" : 0.01790361404502635
         "Mary is not a doctor and a teacher" : 0.01767899887772778
         "Mary is not a doctor or a teacher" : 0.01767899887772775
         "John is not a doctor or a teacher" : 0.017521501731899477
         "John or Mary is not a doctor" : 0.017456270262269803
         "John is not a doctor and a teacher" : 0.017401562196658813
         "John and Mary are not doctors" : 0.016770584382711763
         "John and Mary are teachers" : 0.014583891938900815
         "John and Mary are doctors and teachers" : 0.013312546217506405
         "John and Mary are doctors or teachers" : 0.013222029142816642
         "John or Mary is a doctor and a teacher" : 0.013150612205663246
         "John or Mary is a doctor or a teacher" : 0.013127169240553073
         "John or Mary is not a doctor or a teacher" : 0.009699927805257209
         "John or Mary is not a doctor and a teacher" : 0.009697853394702654
         "John and Mary are not doctors or teachers" : 0.009692049739967833
         "John and Mary are not doctors and teachers" : 0.009683408384530598,
    KLDivergence: 0.4508671721235121 },
  { query: [ 'What is John', [Object] ],
    trueResult: 
     Marginal:
         "John is a doctor and a teacher" : 0.37545849217947985
         "John and Mary are doctors and teachers" : 0.20605598937841657
         "John is a doctor" : 0.08551624717081296
         "John is a teacher" : 0.08551624717081296
         "John and Mary are teachers" : 0.046932311522435
         "John and Mary are doctors" : 0.046932311522435
         "John or Mary is a doctor and a teacher" : 0.03844776478197857
         "John or Mary is a teacher" : 0.013905870080721474
         "John is a doctor or a teacher" : 0.013905870080721474
         "John or Mary is a doctor" : 0.013905870080721474
         "Mary is a teacher" : 0.010689530896351615
         "Mary is a doctor" : 0.010689530896351615
         "Mary is not a doctor" : 0.007918999258557448
         "Mary is not a teacher" : 0.007918999258557448
         "John and Mary are doctors or teachers" : 0.007631703310311726
         "Mary is a doctor and a teacher" : 0.005866538940304378
         "Mary is a doctor or a teacher" : 0.0058665389403043675
         "Mary is not a doctor or a teacher" : 0.004346038939316297
         "Mary is not a doctor and a teacher" : 0.004346038939316297
         "John or Mary is a doctor or a teacher" : 0.003907432094879606
         "John or Mary is not a doctor" : 0.0012877152412789025
         "John or Mary is not a teacher" : 0.0012877152412789025
         "John or Mary is not a doctor and a teacher" : 0.0012212002512970355
         "John or Mary is not a doctor or a teacher" : 0.00044504382335897773,
    learnedResult: 
     Marginal:
         "John is a doctor" : 0.25453124799793514
         "John is a teacher" : 0.25453124799793514
         "John is a doctor and a teacher" : 0.0344192859438565
         "Mary is a teacher" : 0.031816405999741885
         "Mary is a doctor" : 0.031816405999741885
         "John and Mary are teachers" : 0.026652600349577994
         "John and Mary are doctors" : 0.026652600349577994
         "Mary is not a teacher" : 0.023570173281215853
         "Mary is not a doctor" : 0.023570173281215853
         "John is a doctor or a teacher" : 0.020505901217327375
         "John or Mary is a teacher" : 0.019529958416698884
         "John or Mary is a doctor" : 0.019529958416698884
         "Mary is a doctor or a teacher" : 0.017461213831350107
         "Mary is a doctor and a teacher" : 0.017461213831350107
         "John is not a doctor" : 0.01471596370194891
         "John is not a teacher" : 0.014715963701948885
         "Mary is not a doctor and a teacher" : 0.012935585361483825
         "Mary is not a doctor or a teacher" : 0.012935585361483802
         "John or Mary is not a doctor" : 0.012772616573622697
         "John or Mary is not a teacher" : 0.012772616573622697
         "John is not a doctor or a teacher" : 0.012636685944411993
         "John and Mary are not teachers" : 0.012270905572477637
         "John and Mary are not doctors" : 0.012270905572477637
         "John is not a doctor and a teacher" : 0.011930177120530449
         "John and Mary are doctors and teachers" : 0.010455243702849608
         "John and Mary are doctors or teachers" : 0.009824967119889
         "John or Mary is a doctor and a teacher" : 0.009788204726650903
         "John or Mary is a doctor or a teacher" : 0.009640931022852283
         "John or Mary is not a doctor or a teacher" : 0.007094409421077948
         "John or Mary is not a doctor and a teacher" : 0.007082229769467121
         "John and Mary are not doctors or teachers" : 0.007079410216984514
         "John and Mary are not doctors and teachers" : 0.007029211621997413,
    KLDivergence: 1.3381321044492434 },
  { query: [ 'What isn\'t John', [Object] ],
    trueResult: 
     Marginal:
         "John is a doctor and a teacher" : 0.37545849217947985
         "John and Mary are doctors and teachers" : 0.20605598937841657
         "John is a doctor" : 0.08551624717081296
         "John is a teacher" : 0.08551624717081296
         "John and Mary are teachers" : 0.046932311522435
         "John and Mary are doctors" : 0.046932311522435
         "John or Mary is a doctor and a teacher" : 0.03844776478197857
         "John or Mary is a teacher" : 0.013905870080721474
         "John is a doctor or a teacher" : 0.013905870080721474
         "John or Mary is a doctor" : 0.013905870080721474
         "Mary is a teacher" : 0.010689530896351615
         "Mary is a doctor" : 0.010689530896351615
         "Mary is not a doctor" : 0.007918999258557448
         "Mary is not a teacher" : 0.007918999258557448
         "John and Mary are doctors or teachers" : 0.007631703310311726
         "Mary is a doctor and a teacher" : 0.005866538940304378
         "Mary is a doctor or a teacher" : 0.0058665389403043675
         "Mary is not a doctor or a teacher" : 0.004346038939316297
         "Mary is not a doctor and a teacher" : 0.004346038939316297
         "John or Mary is a doctor or a teacher" : 0.003907432094879606
         "John or Mary is not a doctor" : 0.0012877152412789025
         "John or Mary is not a teacher" : 0.0012877152412789025
         "John or Mary is not a doctor and a teacher" : 0.0012212002512970355
         "John or Mary is not a doctor or a teacher" : 0.00044504382335897773,
    learnedResult: 
     Marginal:
         "John is a doctor" : 0.06182031115726423
         "John is a teacher" : 0.06182031115726423
         "Mary is a doctor" : 0.05958057331621461
         "Mary is a teacher" : 0.05958057331621461
         "Mary is not a teacher" : 0.044138374311314676
         "Mary is not a doctor" : 0.044138374311314676
         "John is not a doctor" : 0.043900658074208274
         "John is not a teacher" : 0.043900658074208176
         "John is a doctor and a teacher" : 0.032996775134922426
         "John and Mary are doctors" : 0.032882657590228646
         "John and Mary are teachers" : 0.03288265759022863
         "John is a doctor or a teacher" : 0.03276556195578969
         "John or Mary is a doctor" : 0.03274470335144366
         "John or Mary is a teacher" : 0.032744703351443645
         "Mary is a doctor or a teacher" : 0.0326985119210918
         "Mary is a doctor and a teacher" : 0.032698511921091786
         "Mary is not a doctor and a teacher" : 0.024223653420323208
         "Mary is not a doctor or a teacher" : 0.024223653420323166
         "John or Mary is not a teacher" : 0.024219860485987163
         "John or Mary is not a doctor" : 0.024219860485987153
         "John is not a doctor or a teacher" : 0.024216644188377653
         "John and Mary are not doctors" : 0.02420797973031786
         "John and Mary are not teachers" : 0.02420797973031785
         "John is not a doctor and a teacher" : 0.02420048281720733
         "John and Mary are doctors and teachers" : 0.017964161702846065
         "John and Mary are doctors or teachers" : 0.01795089600823967
         "John or Mary is a doctor and a teacher" : 0.017949881329266993
         "John or Mary is a doctor or a teacher" : 0.017946669464771393
         "John or Mary is not a doctor or a teacher" : 0.013294111364917049
         "John or Mary is not a doctor and a teacher" : 0.013293841660596054
         "John and Mary are not doctors or teachers" : 0.013293761838905842
         "John and Mary are not doctors and teachers" : 0.013292645817372262,
    KLDivergence: 1.3746819594025887 },
  { query: [ 'What isn\'t John', [Object] ],
    trueResult: 
     Marginal:
         "John is a doctor and a teacher" : 0.37545849217947985
         "John and Mary are doctors and teachers" : 0.20605598937841657
         "John is a doctor" : 0.08551624717081296
         "John is a teacher" : 0.08551624717081296
         "John and Mary are teachers" : 0.046932311522435
         "John and Mary are doctors" : 0.046932311522435
         "John or Mary is a doctor and a teacher" : 0.03844776478197857
         "John or Mary is a teacher" : 0.013905870080721474
         "John is a doctor or a teacher" : 0.013905870080721474
         "John or Mary is a doctor" : 0.013905870080721474
         "Mary is a teacher" : 0.010689530896351615
         "Mary is a doctor" : 0.010689530896351615
         "Mary is not a doctor" : 0.007918999258557448
         "Mary is not a teacher" : 0.007918999258557448
         "John and Mary are doctors or teachers" : 0.007631703310311726
         "Mary is a doctor and a teacher" : 0.005866538940304378
         "Mary is a doctor or a teacher" : 0.0058665389403043675
         "Mary is not a doctor or a teacher" : 0.004346038939316297
         "Mary is not a doctor and a teacher" : 0.004346038939316297
         "John or Mary is a doctor or a teacher" : 0.003907432094879606
         "John or Mary is not a doctor" : 0.0012877152412789025
         "John or Mary is not a teacher" : 0.0012877152412789025
         "John or Mary is not a doctor and a teacher" : 0.0012212002512970355
         "John or Mary is not a doctor or a teacher" : 0.00044504382335897773,
    learnedResult: 
     Marginal:
         "John is a doctor" : 0.06182031115726423
         "John is a teacher" : 0.06182031115726423
         "Mary is a doctor" : 0.05958057331621461
         "Mary is a teacher" : 0.05958057331621461
         "Mary is not a teacher" : 0.044138374311314676
         "Mary is not a doctor" : 0.044138374311314676
         "John is not a doctor" : 0.043900658074208274
         "John is not a teacher" : 0.043900658074208176
         "John is a doctor and a teacher" : 0.032996775134922426
         "John and Mary are doctors" : 0.032882657590228646
         "John and Mary are teachers" : 0.03288265759022863
         "John is a doctor or a teacher" : 0.03276556195578969
         "John or Mary is a doctor" : 0.03274470335144366
         "John or Mary is a teacher" : 0.032744703351443645
         "Mary is a doctor or a teacher" : 0.0326985119210918
         "Mary is a doctor and a teacher" : 0.032698511921091786
         "Mary is not a doctor and a teacher" : 0.024223653420323208
         "Mary is not a doctor or a teacher" : 0.024223653420323166
         "John or Mary is not a teacher" : 0.024219860485987163
         "John or Mary is not a doctor" : 0.024219860485987153
         "John is not a doctor or a teacher" : 0.024216644188377653
         "John and Mary are not doctors" : 0.02420797973031786
         "John and Mary are not teachers" : 0.02420797973031785
         "John is not a doctor and a teacher" : 0.02420048281720733
         "John and Mary are doctors and teachers" : 0.017964161702846065
         "John and Mary are doctors or teachers" : 0.01795089600823967
         "John or Mary is a doctor and a teacher" : 0.017949881329266993
         "John or Mary is a doctor or a teacher" : 0.017946669464771393
         "John or Mary is not a doctor or a teacher" : 0.013294111364917049
         "John or Mary is not a doctor and a teacher" : 0.013293841660596054
         "John and Mary are not doctors or teachers" : 0.013293761838905842
         "John and Mary are not doctors and teachers" : 0.013292645817372262,
    KLDivergence: 1.3746819594025887 } ]
