L2 norm of gradient: 103.29358113133377
Iteration 0: -12958.097736351036
L2 norm of gradient: 127.23102456998522
Iteration 1: -13705.513630680362
L2 norm of gradient: 3.589476975220786
Iteration 2: -12622.095104169266
L2 norm of gradient: 0.8927625926426218
Iteration 3: -13068.762069537053
L2 norm of gradient: 10.717824734303619
Iteration 4: -13700.69785285232
L2 norm of gradient: 1.216688432769435
Iteration 5: -12939.78437802709
L2 norm of gradient: 119.43780027853786
Iteration 6: -12950.635089187426
L2 norm of gradient: 0.17841713043251273
Iteration 7: -14758.403274873244
L2 norm of gradient: 16.661657053349266
Iteration 8: -14852.392851228296
L2 norm of gradient: 18.398001231033295
Iteration 9: -13619.98323271804
L2 norm of gradient: 110.79606239216315
Iteration 10: -14176.480597810089
L2 norm of gradient: 335.15576292226206
Iteration 11: -16102.937643150988
L2 norm of gradient: 83.62809643770285
Iteration 12: -13529.05730710838
L2 norm of gradient: 17.949377748225697
Iteration 13: -14388.064027728798
L2 norm of gradient: 18.356648304661473
Iteration 14: -13466.288502698215
L2 norm of gradient: 164.984201852017
Iteration 15: -15228.553896809592
L2 norm of gradient: 44.21334279374807
Iteration 16: -15841.622388531141
L2 norm of gradient: 162.5770996717232
Iteration 17: -14389.545890245981
L2 norm of gradient: 76.66265102915378
Iteration 18: -13325.991295216332
L2 norm of gradient: 9.032276900329636
Iteration 19: -13086.311812858623
L2 norm of gradient: 0.27647337380270415
Iteration 20: -13990.400014213801
L2 norm of gradient: 4.523875028652395
Iteration 21: -13993.82931464894
L2 norm of gradient: 73.35602561792913
Iteration 22: -14316.480856148803
L2 norm of gradient: 164.5128464960013
Iteration 23: -14239.29539221503
L2 norm of gradient: 91.01235051160684
Iteration 24: -12777.791904555312
L2 norm of gradient: 21.110668857984443
Iteration 25: -13019.521083920163
L2 norm of gradient: 167.10381775972579
Iteration 26: -13005.809340747315
L2 norm of gradient: 88.63506760569263
Iteration 27: -13077.755605378637
L2 norm of gradient: 5.0404090554671725
Iteration 28: -13082.874258597927
L2 norm of gradient: 20.42645656671284
Iteration 29: -15466.524025806577
L2 norm of gradient: 37.107328507520805
Iteration 30: -14478.18639206364
L2 norm of gradient: 100.4145170802573
Iteration 31: -15373.938788833699
L2 norm of gradient: 1.3744980312433437
Iteration 32: -13836.735725454788
L2 norm of gradient: 80.17580631119516
Iteration 33: -14779.408511775522
L2 norm of gradient: 11.555823743050778
Iteration 34: -11868.151638650237
L2 norm of gradient: 46.205215402243525
Iteration 35: -15226.55510553398
L2 norm of gradient: 95.32953946831455
Iteration 36: -13523.02611626863
L2 norm of gradient: 18.347376685381388
Iteration 37: -15006.10137183506
L2 norm of gradient: 153.58952227558672
Iteration 38: -13080.386617407838
L2 norm of gradient: 8.109446983013052
Iteration 39: -13850.76277329489
L2 norm of gradient: 0.013477620360331273
Iteration 40: -14297.602212752006
L2 norm of gradient: 127.29794706854842
Iteration 41: -14084.872202006381
L2 norm of gradient: 81.98850915203822
Iteration 42: -12641.937308155853
L2 norm of gradient: 98.40148292628398
Iteration 43: -13368.444643090337
L2 norm of gradient: 9.5188275919206
Iteration 44: -12468.259675626452
L2 norm of gradient: 127.46778391254024
Iteration 45: -13470.127356439381
L2 norm of gradient: 91.52774775717081
Iteration 46: -14683.712323792603
L2 norm of gradient: 192.38043306660285
Iteration 47: -12388.897318660447
L2 norm of gradient: 101.68948995423332
Iteration 48: -15922.214102724
L2 norm of gradient: 0.2130867707492334
Iteration 49: -14451.20045644281
L2 norm of gradient: 3.3974009686263402
Iteration 50: -14301.200381491255
L2 norm of gradient: 104.00361158799197
Iteration 51: -13380.857562513034
L2 norm of gradient: 99.12463371341948
Iteration 52: -13914.289437000367
L2 norm of gradient: 8.990334401424484
Iteration 53: -13543.602219663266
L2 norm of gradient: 48.37464270796364
Iteration 54: -14454.601186178052
L2 norm of gradient: 0.32820143278350367
Iteration 55: -15372.806009028423
L2 norm of gradient: 4.206727877692977
Iteration 56: -15683.442055118718
L2 norm of gradient: 136.23614965026454
Iteration 57: -14139.84634432889
L2 norm of gradient: 42.744214583851594
Iteration 58: -14782.16352830895
L2 norm of gradient: 36.454126357298016
Iteration 59: -14032.303043601238
L2 norm of gradient: 18.59975486773565
Iteration 60: -14080.768049226523
L2 norm of gradient: 19.26885612862377
Iteration 61: -14081.174712505162
L2 norm of gradient: 128.31663462833734
Iteration 62: -14236.722557274601
L2 norm of gradient: 4.629454563156897
Iteration 63: -14915.308445090184
L2 norm of gradient: 185.32338608479853
Iteration 64: -15020.317828005267
L2 norm of gradient: 120.61916363123797
Iteration 65: -14299.060666612733
L2 norm of gradient: 97.20948334026744
Iteration 66: -14612.963040678216
L2 norm of gradient: 4.816794505947982
Iteration 67: -12007.597768717076
L2 norm of gradient: 160.54902510463916
Iteration 68: -13863.212513402677
L2 norm of gradient: 53.58649928618643
Iteration 69: -13955.006292718532
L2 norm of gradient: 103.73160532156115
Iteration 70: -14686.685337858911
L2 norm of gradient: 18.285850089813195
Iteration 71: -13773.427326384073
L2 norm of gradient: 51.31599833880834
Iteration 72: -13071.090620271843
L2 norm of gradient: 200.72599282659033
Iteration 73: -13684.781884525933
L2 norm of gradient: 135.72006780696967
Iteration 74: -13518.04872189899
L2 norm of gradient: 18.654927543317207
Iteration 75: -14388.150132496845
L2 norm of gradient: 158.02398839999537
Iteration 76: -15375.162093783989
L2 norm of gradient: 94.62445200600791
Iteration 77: -13847.887479642315
L2 norm of gradient: 50.499666767096144
Iteration 78: -14153.065723498474
L2 norm of gradient: 17.79367017534435
Iteration 79: -15840.516481877496
L2 norm of gradient: 106.66570262395253
Iteration 80: -14528.466659364576
L2 norm of gradient: 9.001688062566226
Iteration 81: -15069.03195174379
L2 norm of gradient: 109.52851313305092
Iteration 82: -14685.497773754067
L2 norm of gradient: 118.69578264681408
Iteration 83: -14591.472779836424
L2 norm of gradient: 260.4671152529985
Iteration 84: -13236.40695576519
L2 norm of gradient: 131.60144943660285
Iteration 85: -14295.143915150646
L2 norm of gradient: 19.474670815729635
Iteration 86: -13619.813382617742
L2 norm of gradient: 139.2917553080629
Iteration 87: -13701.400158240278
L2 norm of gradient: 4.172047055476416
Iteration 88: -13840.345499720986
L2 norm of gradient: 187.60253178774497
Iteration 89: -12915.303584345089
L2 norm of gradient: 5.032551847429606
Iteration 90: -14300.972261737064
L2 norm of gradient: 10.75325576112438
Iteration 91: -15686.988925572936
L2 norm of gradient: 18.384895878097332
Iteration 92: -13773.060227315735
L2 norm of gradient: 87.5097873302872
Iteration 93: -13690.395220738492
L2 norm of gradient: 4.770450542690866
Iteration 94: -12314.761334262097
L2 norm of gradient: 158.50996425476944
Iteration 95: -13666.761951470096
L2 norm of gradient: 115.68840013115222
Iteration 96: -13447.416368909966
L2 norm of gradient: 0.474047587968556
Iteration 97: -13222.421870266444
L2 norm of gradient: 252.56544014362368
Iteration 98: -14219.27029302396
L2 norm of gradient: 10.423233737292597
Iteration 99: -13700.985001784002
L2 norm of gradient: 197.23456882149347
Iteration 100: -13829.106952419248
L2 norm of gradient: 160.76258787373501
Iteration 101: -14893.732714172244
L2 norm of gradient: 218.93383491237108
Iteration 102: -14692.145586067614
L2 norm of gradient: 147.70679691417192
Iteration 103: -13601.785687684373
L2 norm of gradient: 201.68713396661568
Iteration 104: -14517.535074034047
L2 norm of gradient: 213.09749146627678
Iteration 105: -13982.531774489438
L2 norm of gradient: 133.90505392648222
Iteration 106: -13511.501308810304
L2 norm of gradient: 9.40164158767206
Iteration 107: -12468.50636717369
L2 norm of gradient: 154.32833244165238
Iteration 108: -14442.879402749844
L2 norm of gradient: 210.5428784210848
Iteration 109: -12527.611806382643
L2 norm of gradient: 154.91459457271392
Iteration 110: -12916.881641471286
L2 norm of gradient: 78.88288967687984
Iteration 111: -14542.889595416385
L2 norm of gradient: 218.311630218808
Iteration 112: -12149.027054877482
L2 norm of gradient: 7.851314118956561
Iteration 113: -13546.780688597144
L2 norm of gradient: 9.691748143898687
Iteration 114: -12932.805567737585
L2 norm of gradient: 0.868448663371416
Iteration 115: -13836.74239496695
L2 norm of gradient: 171.30031607757422
Iteration 116: -11714.457409450291
L2 norm of gradient: 119.61708433473828
Iteration 117: -15461.319881105177
L2 norm of gradient: 181.9770782736593
Iteration 118: -14375.757963848642
L2 norm of gradient: 23.33037650626376
Iteration 119: -13773.413196798616
L2 norm of gradient: 47.98496724255299
Iteration 120: -14170.600241211212
L2 norm of gradient: 204.1791119426355
Iteration 121: -12999.225183253033
L2 norm of gradient: 412.3135515508765
Iteration 122: -14403.869258279927
L2 norm of gradient: 0.7825201792644335
Iteration 123: -14758.32507397599
L2 norm of gradient: 34.38783774493806
Iteration 124: -15096.493080953624
L2 norm of gradient: 350.6703366766623
Iteration 125: -14422.048548779976
L2 norm of gradient: 10.868212866794895
Iteration 126: -15068.984140896793
L2 norm of gradient: 9.406470445469843
Iteration 127: -11099.986632895108
L2 norm of gradient: 15.399145590185373
Iteration 128: -14698.29682377711
L2 norm of gradient: 120.7602670893474
Iteration 129: -12858.732536736496
L2 norm of gradient: 23.4000460343232
Iteration 130: -14234.389064874644
L2 norm of gradient: 15.119308218378169
Iteration 131: -13173.510265217998
L2 norm of gradient: 127.1396613539585
Iteration 132: -14299.913135049306
L2 norm of gradient: 275.5846720795967
Iteration 133: -12997.443819113265
L2 norm of gradient: 296.8042466059248
Iteration 134: -14473.60784678149
L2 norm of gradient: 123.79215844164155
Iteration 135: -14138.09436311241
L2 norm of gradient: 0.2831887121936397
Iteration 136: -15372.785300532167
L2 norm of gradient: 119.24868705642858
Iteration 137: -14134.851229648157
L2 norm of gradient: 0.6479543080611159
Iteration 138: -14451.26637960176
L2 norm of gradient: 129.39697371413055
Iteration 139: -14447.923890915576
L2 norm of gradient: 17.962887014246547
Iteration 140: -15075.788682525494
L2 norm of gradient: 4.202935886826064
Iteration 141: -13697.157028292804
L2 norm of gradient: 291.098025471124
Iteration 142: -12698.658857528457
L2 norm of gradient: 163.76144188030904
Iteration 143: -13348.88783218108
L2 norm of gradient: 16.78241230201798
Iteration 144: -14457.779237820074
L2 norm of gradient: 165.5684270561334
Iteration 145: -13655.324592031135
L2 norm of gradient: 40.31356108484834
Iteration 146: -13416.68677998598
L2 norm of gradient: 14.743983889348414
Iteration 147: -13844.14204423973
L2 norm of gradient: 6.275745618763184
Iteration 148: -11547.321625679093
L2 norm of gradient: 12.168495302216732
Iteration 149: -12163.543362243365
L2 norm of gradient: 6.700391665880345
Iteration 150: -14143.346138825731
L2 norm of gradient: 145.74819778550653
Iteration 151: -15021.379803648244
L2 norm of gradient: 41.76612111699719
Iteration 152: -14946.060571087732
L2 norm of gradient: 221.0972380288187
Iteration 153: -14130.801841981856
L2 norm of gradient: 5.683760644075678
Iteration 154: -15229.340585425383
L2 norm of gradient: 117.36521961234797
Iteration 155: -13765.338260437336
L2 norm of gradient: 159.58625215267568
Iteration 156: -12375.8476801731
L2 norm of gradient: 105.49395776541421
Iteration 157: -13980.32071074626
L2 norm of gradient: 19.574931212177034
Iteration 158: -14390.985558261926
L2 norm of gradient: 11.481430589283256
Iteration 159: -12929.470589094875
L2 norm of gradient: 8.53629528344873
Iteration 160: -14147.081729843436
L2 norm of gradient: 314.6449979897106
Iteration 161: -13710.709508785452
L2 norm of gradient: 130.89378828058827
Iteration 162: -12455.035438225159
L2 norm of gradient: 12.606579033488794
Iteration 163: -12468.586445134582
L2 norm of gradient: 8.746997638260186
Iteration 164: -13993.042828457761
L2 norm of gradient: 133.60505476622018
Iteration 165: -13822.884772891855
L2 norm of gradient: 166.76039961766256
Iteration 166: -13963.794509823254
L2 norm of gradient: 220.22117027598782
Iteration 167: -14733.953802296466
L2 norm of gradient: 0.47653172287430307
Iteration 168: -14451.256482473982
L2 norm of gradient: 17.591114575784434
Iteration 169: -13993.39426756354
L2 norm of gradient: 9.606052562567417
Iteration 170: -15069.046201796105
L2 norm of gradient: 30.85257707321185
Iteration 171: -12404.889335890448
L2 norm of gradient: 2.138044091999954
Iteration 172: -15679.84988912709
L2 norm of gradient: 286.848322245821
Iteration 173: -14535.754617496324
L2 norm of gradient: 27.867697418417634
Iteration 174: -12855.474947349063
L2 norm of gradient: 221.57335617375253
Iteration 175: -14421.331476490492
L2 norm of gradient: 248.09293614895924
Iteration 176: -13741.794863483668
L2 norm of gradient: 181.48093985109614
Iteration 177: -11821.706663674953
L2 norm of gradient: 147.82552216013315
Iteration 178: -14147.369654708506
L2 norm of gradient: 298.35460732410013
Iteration 179: -13617.625344649738
L2 norm of gradient: 25.366859551790885
Iteration 180: -14693.170933018393
L2 norm of gradient: 228.80665509148378
Iteration 181: -11066.97157866322
L2 norm of gradient: 25.747997372905836
Iteration 182: -14692.78236782
L2 norm of gradient: 116.60125381384654
Iteration 183: -15359.942592981672
L2 norm of gradient: 85.77737279813104
Iteration 184: -14852.443068750857
L2 norm of gradient: 31.03667378511752
Iteration 185: -13926.322004288044
L2 norm of gradient: 12.504349461271623
Iteration 186: -13225.080560542481
L2 norm of gradient: 370.5587064298742
Iteration 187: -12863.70779436127
L2 norm of gradient: 16.829691161966004
Iteration 188: -13842.837703791723
L2 norm of gradient: 9.39232614191131
Iteration 189: -13528.595326077439
L2 norm of gradient: 22.601016197258947
Iteration 190: -13775.612982996652
L2 norm of gradient: 122.28905092336804
Iteration 191: -13975.365035087387
L2 norm of gradient: 1.4036913016228165
Iteration 192: -15526.282320861992
L2 norm of gradient: 6.693692857492002
Iteration 193: -13857.405036887087
L2 norm of gradient: 30.0338588801516
Iteration 194: -14079.822050248513
L2 norm of gradient: 275.63659049391686
Iteration 195: -14808.342352445707
L2 norm of gradient: 163.3763925261257
Iteration 196: -13974.589535772857
L2 norm of gradient: 10.129975045223173
Iteration 197: -13839.081324197068
L2 norm of gradient: 164.194747409556
Iteration 198: -12210.569423964444
L2 norm of gradient: 165.69693945195775
Iteration 199: -13442.701319191245
L2 norm of gradient: 155.35109361525963
Iteration 200: -13672.860171459
L2 norm of gradient: 12.616549183269361
Iteration 201: -13086.992813134573
L2 norm of gradient: 9.885642426676771
Iteration 202: -13682.091673750981
L2 norm of gradient: 29.690346962978516
Iteration 203: -14080.426445696374
L2 norm of gradient: 20.098839714633847
Iteration 204: -13547.432067859636
L2 norm of gradient: 191.88159224948396
Iteration 205: -14568.665482761826
L2 norm of gradient: 187.55413530990933
Iteration 206: -13197.064909705028
L2 norm of gradient: 102.37464232007437
Iteration 207: -12716.221358202774
L2 norm of gradient: 161.056850118334
Iteration 208: -13825.514291942754
L2 norm of gradient: 200.73089779753505
Iteration 209: -12887.294614825003
L2 norm of gradient: 7.861275692046584
Iteration 210: -13854.373577495558
L2 norm of gradient: 2.0785060101066795
Iteration 211: -14604.514900902584
L2 norm of gradient: 210.46320278350527
Iteration 212: -13137.066447740193
L2 norm of gradient: 252.78883574206807
Iteration 213: -13644.21675873388
L2 norm of gradient: 268.55377696442406
Iteration 214: -13660.998824968145
L2 norm of gradient: 197.25699040487493
Iteration 215: -14425.244543145674
L2 norm of gradient: 197.29333355110765
Iteration 216: -13485.604956867444
L2 norm of gradient: 3.227883671319971
Iteration 217: -14143.801106224088
L2 norm of gradient: 213.64481383072442
Iteration 218: -13329.644136184937
L2 norm of gradient: 398.5713001483743
Iteration 219: -15252.947562611758
L2 norm of gradient: 149.53815843237024
Iteration 220: -14767.357449712043
L2 norm of gradient: 333.75206437376147
Iteration 221: -14205.578617147961
L2 norm of gradient: 28.538010023632808
Iteration 222: -14847.807496964935
L2 norm of gradient: 37.57584356286492
Iteration 223: -14081.291805251161
L2 norm of gradient: 13.116514909286636
Iteration 224: -15378.70696266901
L2 norm of gradient: 206.824289314789
Iteration 225: -14559.90932288707
L2 norm of gradient: 157.6930822074284
Iteration 226: -13210.539406191434
L2 norm of gradient: 40.46176613424318
Iteration 227: -12406.270992938782
L2 norm of gradient: 211.65034504881373
Iteration 228: -14338.556915890971
L2 norm of gradient: 424.26380768806183
Iteration 229: -14350.402675947362
L2 norm of gradient: 14.224162904928962
Iteration 230: -13227.643336850986
L2 norm of gradient: 286.7220387484783
Iteration 231: -14047.518816121687
L2 norm of gradient: 24.053058157318407
Iteration 232: -12159.970957888838
L2 norm of gradient: 27.81089769011072
Iteration 233: -12483.902885714764
L2 norm of gradient: 133.68456321497825
Iteration 234: -13219.904281974563
L2 norm of gradient: 262.68905068251473
Iteration 235: -14530.227099191257
L2 norm of gradient: 254.09216566864774
Iteration 236: -14859.201158333739
L2 norm of gradient: 231.45801034548455
Iteration 237: -14552.127492133037
L2 norm of gradient: 0.9212459974031921
Iteration 238: -11253.770076613167
L2 norm of gradient: 213.09617310908496
Iteration 239: -13719.292246991958
L2 norm of gradient: 5.7319007896116
Iteration 240: -13994.118023124227
L2 norm of gradient: 19.127601394818594
Iteration 241: -14010.077497668524
L2 norm of gradient: 301.8858644681503
Iteration 242: -14797.103801626497
L2 norm of gradient: 33.72026244074984
Iteration 243: -14383.636371900613
L2 norm of gradient: 213.18703465708148
Iteration 244: -15100.218499094986
L2 norm of gradient: 1.931422756572596
Iteration 245: -15218.926591816662
L2 norm of gradient: 225.6348582004117
Iteration 246: -15777.890285867876
L2 norm of gradient: 432.0119052053574
Iteration 247: -14002.124147869254
L2 norm of gradient: 284.195572185
Iteration 248: -15468.676629220205
L2 norm of gradient: 288.14096683957274
Iteration 249: -13928.989579988225
L2 norm of gradient: 18.102813785623415
Iteration 250: -14310.821671642285
L2 norm of gradient: 227.0464809632514
Iteration 251: -13708.851643585127
L2 norm of gradient: 231.32873901819755
Iteration 252: -13020.194062515162
L2 norm of gradient: 149.88814237326056
Iteration 253: -13673.650381661851
L2 norm of gradient: 6.363732520837372
Iteration 254: -13072.79957172303
L2 norm of gradient: 79.70448984091367
Iteration 255: -13226.908113857777
L2 norm of gradient: 286.8297649950353
Iteration 256: -14056.207834200573
L2 norm of gradient: 124.4275964214583
Iteration 257: -13930.953394944854
L2 norm of gradient: 122.16214035333245
Iteration 258: -14259.548431993799
L2 norm of gradient: 42.41317522045495
Iteration 259: -14693.522884400005
L2 norm of gradient: 23.269591503690574
Iteration 260: -15313.905541870896
L2 norm of gradient: 234.39435190659864
Iteration 261: -14164.809278460985
L2 norm of gradient: 296.58293729601445
Iteration 262: -14665.581517256951
L2 norm of gradient: 192.94480204203944
Iteration 263: -14259.693742327514
L2 norm of gradient: 244.9519291883997
Iteration 264: -13167.751402201473
L2 norm of gradient: 52.03221945757303
Iteration 265: -14017.63799179281
L2 norm of gradient: 467.36206722175905
Iteration 266: -13229.387226476096
L2 norm of gradient: 75.34220721904153
Iteration 267: -14941.48972718263
L2 norm of gradient: 44.74736799083046
Iteration 268: -14386.207719519114
L2 norm of gradient: 35.67590978333905
Iteration 269: -14391.938197714744
L2 norm of gradient: 43.22578157497985
Iteration 270: -13617.01612470118
L2 norm of gradient: 5.140655063777382
Iteration 271: -15218.496126479396
L2 norm of gradient: 2.551029929171393
Iteration 272: -14297.197235837284
L2 norm of gradient: 19.0037198111902
Iteration 273: -15686.369712015197
L2 norm of gradient: 250.8451053121962
Iteration 274: -13408.371805527215
L2 norm of gradient: 112.96882992271566
Iteration 275: -15314.968162146515
L2 norm of gradient: 321.10128822739244
Iteration 276: -14185.207586387241
L2 norm of gradient: 235.2545659966387
Iteration 277: -14929.801745433442
L2 norm of gradient: 226.77082408715341
Iteration 278: -14925.06566151603
L2 norm of gradient: 47.23638408954156
Iteration 279: -15310.702330527072
L2 norm of gradient: 103.35905197679182
Iteration 280: -15095.687243654214
L2 norm of gradient: 47.92255605433735
Iteration 281: -12614.349334815612
L2 norm of gradient: 9.347871905004691
Iteration 282: -14762.980684524218
L2 norm of gradient: 30.07749408740186
Iteration 283: -14999.846826755249
L2 norm of gradient: 326.69784073203164
Iteration 284: -13463.34512262667
L2 norm of gradient: 271.43944355606743
Iteration 285: -12851.645703869726
L2 norm of gradient: 4.683067043478178
Iteration 286: -11700.891266619923
L2 norm of gradient: 150.28678583609843
Iteration 287: -13215.869983292227
L2 norm of gradient: 45.289321646903
Iteration 288: -13464.910324551005
L2 norm of gradient: 47.112174970888155
Iteration 289: -12307.451604915555
L2 norm of gradient: 44.70883682771122
Iteration 290: -15006.939299592032
L2 norm of gradient: 241.63525654879592
Iteration 291: -13778.444544932538
L2 norm of gradient: 299.4415902018064
Iteration 292: -12535.37998700892
L2 norm of gradient: 12.521622128151224
Iteration 293: -15074.509468444903
L2 norm of gradient: 5.486738756664595
Iteration 294: -14147.734167141436
L2 norm of gradient: 457.588038067396
Iteration 295: -14747.353799005261
L2 norm of gradient: 191.05562734862448
Iteration 296: -14485.205942441033
L2 norm of gradient: 11.963028255975216
Iteration 297: -15375.008369117395
L2 norm of gradient: 248.8677899516293
Iteration 298: -14612.18307180638
L2 norm of gradient: 8.719998633720207
Iteration 299: -13995.35353345977
L2 norm of gradient: 234.81880576040572
Iteration 300: -13312.777827299182
L2 norm of gradient: 223.0559098196214
Iteration 301: -14084.914043016466
L2 norm of gradient: 46.92581562786171
Iteration 302: -15156.514174754668
L2 norm of gradient: 85.25639137848697
Iteration 303: -14322.271818617666
L2 norm of gradient: 5.6552662094036075
Iteration 304: -13543.307837235727
L2 norm of gradient: 68.92152247390852
Iteration 305: -11702.489663756287
L2 norm of gradient: 25.73458649911136
Iteration 306: -14293.32373530548
L2 norm of gradient: 506.5618338711218
Iteration 307: -12995.047982815937
L2 norm of gradient: 39.595486274567186
Iteration 308: -15157.193346002203
L2 norm of gradient: 155.6939349437264
Iteration 309: -12647.930721461056
L2 norm of gradient: 206.61063050264536
Iteration 310: -15323.817078215014
L2 norm of gradient: 338.8885151664521
Iteration 311: -14533.241191554373
L2 norm of gradient: 7.326848064735395
Iteration 312: -14916.693820244878
L2 norm of gradient: 45.6875113332858
Iteration 313: -12714.542278316982
L2 norm of gradient: 386.7249611732553
Iteration 314: -13897.397449495626
L2 norm of gradient: 200.65880254646837
Iteration 315: -14105.768527176444
L2 norm of gradient: 3.8435982431107156
Iteration 316: -13529.197796298868
L2 norm of gradient: 343.0815252075075
Iteration 317: -14359.168354664722
L2 norm of gradient: 282.6729436629277
Iteration 318: -13057.215922163956
L2 norm of gradient: 68.8776052348369
Iteration 319: -14913.161601854505
L2 norm of gradient: 491.2078900385549
Iteration 320: -15019.835231926205
L2 norm of gradient: 134.36845624334674
Iteration 321: -14567.80603825954
L2 norm of gradient: 377.3944385267669
Iteration 322: -14510.221490535507
L2 norm of gradient: 319.25681152853366
Iteration 323: -13426.621816601528
L2 norm of gradient: 192.5761404822519
Iteration 324: -12885.822390914434
L2 norm of gradient: 601.2272056694118
Iteration 325: -13823.190501702698
L2 norm of gradient: 3.0209814588658057
Iteration 326: -14915.231816195008
L2 norm of gradient: 701.404748685687
Iteration 327: -15480.482261988092
L2 norm of gradient: 139.08908145491208
Iteration 328: -13781.762681026852
L2 norm of gradient: 29.82661539645179
Iteration 329: -14537.227527734483
L2 norm of gradient: 376.62792415065263
Iteration 330: -14501.46900240343
L2 norm of gradient: 26.635948649729453
Iteration 331: -15157.559451159756
L2 norm of gradient: 381.88851551047276
Iteration 332: -14521.965123106937
L2 norm of gradient: 116.45433572393557
Iteration 333: -14166.664681475413
L2 norm of gradient: 372.44807325423227
Iteration 334: -12062.853114876843
L2 norm of gradient: 571.1514430961769
Iteration 335: -14482.134980361283
L2 norm of gradient: 471.8488102625407
Iteration 336: -14635.90621459217
L2 norm of gradient: 252.1524740601273
Iteration 337: -13712.608559344695
L2 norm of gradient: 223.88024825004888
Iteration 338: -13004.419079192983
L2 norm of gradient: 27.455674989095446
Iteration 339: -12463.78296078025
L2 norm of gradient: 30.965748776604336
Iteration 340: -13613.789175411614
L2 norm of gradient: 20.454441140033403
Iteration 341: -14297.050813432674
L2 norm of gradient: 303.34485789546966
Iteration 342: -14035.599646406426
L2 norm of gradient: 34.47635008833887
Iteration 343: -12420.746690142532
L2 norm of gradient: 208.31841221271563
Iteration 344: -11199.210172343035
L2 norm of gradient: 259.14940007156474
Iteration 345: -13594.169228875722
L2 norm of gradient: 31.798436325328606
Iteration 346: -13992.39302473157
L2 norm of gradient: 33.42018999719574
Iteration 347: -12769.921632777754
L2 norm of gradient: 393.9370498673495
Iteration 348: -13260.76229015254
L2 norm of gradient: 237.13122054956426
Iteration 349: -12693.124084715124
L2 norm of gradient: 138.8069500219754
Iteration 350: -14295.775040356864
L2 norm of gradient: 452.0886597231433
Iteration 351: -14423.380290240035
L2 norm of gradient: 41.94259803926466
Iteration 352: -15375.176046681378
L2 norm of gradient: 270.59739010011646
Iteration 353: -12600.864236945985
L2 norm of gradient: 19.240259438953878
Iteration 354: -14758.88347855104
L2 norm of gradient: 409.9937416936715
Iteration 355: -14158.974426981396
L2 norm of gradient: 625.1851731788032
Iteration 356: -14222.352321635813
L2 norm of gradient: 96.76584287975088
Iteration 357: -14007.5773212228
L2 norm of gradient: 432.25549601820956
Iteration 358: -12127.186388753558
L2 norm of gradient: 403.4569951784853
Iteration 359: -15185.259807978635
L2 norm of gradient: 55.65768178649851
Iteration 360: -13771.939000184384
L2 norm of gradient: 417.80937271221586
Iteration 361: -13683.37306362725
L2 norm of gradient: 21.143353324821007
Iteration 362: -13991.141325597468
L2 norm of gradient: 8.994422612320355
Iteration 363: -14296.183919279682
L2 norm of gradient: 313.67140098060395
Iteration 364: -12210.419743257942
L2 norm of gradient: 92.12897948729976
Iteration 365: -12858.075309962313
L2 norm of gradient: 77.98327787603412
Iteration 366: -14214.12316329131
L2 norm of gradient: 401.05490791872285
Iteration 367: -12776.977004377704
L2 norm of gradient: 10.668022889677152
Iteration 368: -13835.675221555613
L2 norm of gradient: 269.72496341563067
Iteration 369: -13683.580635882585
L2 norm of gradient: 11.63222953213588
Iteration 370: -13846.838665869118
L2 norm of gradient: 353.0609861829675
Iteration 371: -12496.25473667617
L2 norm of gradient: 323.94563287783006
Iteration 372: -13645.552850535896
L2 norm of gradient: 301.5141805255395
Iteration 373: -13210.832280616423
L2 norm of gradient: 431.882471004273
Iteration 374: -13980.992554829185
L2 norm of gradient: 144.95953340627915
Iteration 375: -14586.115917737574
L2 norm of gradient: 293.3867726192866
Iteration 376: -14875.106692603706
L2 norm of gradient: 383.06014275936457
Iteration 377: -14780.429294354295
L2 norm of gradient: 146.60732297533727
Iteration 378: -15529.606812095231
L2 norm of gradient: 419.61657601170714
Iteration 379: -13158.73308529967
L2 norm of gradient: 47.770488387543466
Iteration 380: -11845.33296811063
L2 norm of gradient: 55.12741475745021
Iteration 381: -14222.069742511398
L2 norm of gradient: 417.6919733062862
Iteration 382: -13995.122403096564
L2 norm of gradient: 31.845532599836304
Iteration 383: -14690.6036530372
L2 norm of gradient: 17.746669866683792
Iteration 384: -13987.08979452692
L2 norm of gradient: 474.64908179295173
Iteration 385: -13508.64533301461
L2 norm of gradient: 45.303631905779326
Iteration 386: -13471.11118197768
L2 norm of gradient: 283.3250970343999
Iteration 387: -12122.431596443546
L2 norm of gradient: 145.62185566590045
Iteration 388: -13684.135010721227
L2 norm of gradient: 18.64694388320398
Iteration 389: -13986.864630559303
L2 norm of gradient: 103.74294083217598
Iteration 390: -14789.06218032154
L2 norm of gradient: 467.8019705472788
Iteration 391: -14579.058237036363
L2 norm of gradient: 369.61185463010173
Iteration 392: -14921.309031562896
L2 norm of gradient: 340.30089815241627
Iteration 393: -15321.810867115546
L2 norm of gradient: 4.218788165227226
Iteration 394: -14296.863600395274
L2 norm of gradient: 425.00488908917805
Iteration 395: -13391.581093306582
L2 norm of gradient: 474.8204424516323
Iteration 396: -13300.362693312258
L2 norm of gradient: 44.15058340526025
Iteration 397: -14918.719314691522
L2 norm of gradient: 59.94717992938261
Iteration 398: -14545.062855449756
L2 norm of gradient: 8.265790980382116
Iteration 399: -14449.988438785178
L2 norm of gradient: 305.9977149675877
Iteration 400: -13474.6063110793
L2 norm of gradient: 305.78224764459185
Iteration 401: -14331.839370913533
L2 norm of gradient: 355.19326156805266
Iteration 402: -14459.51974172481
L2 norm of gradient: 11.40480613623811
Iteration 403: -13388.997630436274
L2 norm of gradient: 16.202858954443126
Iteration 404: -13986.471653087723
L2 norm of gradient: 264.13920319370357
Iteration 405: -13894.44906869177
L2 norm of gradient: 70.74170268019503
Iteration 406: -13627.442002329253
L2 norm of gradient: 58.05286380326807
Iteration 407: -14239.794255422885
L2 norm of gradient: 937.1085002157486
Iteration 408: -14770.181920724806
L2 norm of gradient: 140.0798128615083
Iteration 409: -14123.786968536571
L2 norm of gradient: 517.4510936597974
Iteration 410: -13627.266523352257
L2 norm of gradient: 476.73590777832413
Iteration 411: -15170.30762475997
L2 norm of gradient: 332.28052821207234
Iteration 412: -14542.883433020266
L2 norm of gradient: 40.56444270284266
Iteration 413: -15060.147392376155
L2 norm of gradient: 122.51348994251283
Iteration 414: -14326.237129465271
L2 norm of gradient: 367.5685542685325
Iteration 415: -14674.143473032138
L2 norm of gradient: 312.5737657071723
Iteration 416: -14536.89336828097
L2 norm of gradient: 149.62017064021668
Iteration 417: -14690.338214936703
L2 norm of gradient: 491.2111247204863
Iteration 418: -13770.987113100247
L2 norm of gradient: 137.57919533558137
Iteration 419: -14578.597112649184
L2 norm of gradient: 319.1430371111579
Iteration 420: -11807.43253425926
L2 norm of gradient: 105.92989697775347
Iteration 421: -12730.88109047614
L2 norm of gradient: 22.210428135339317
Iteration 422: -14601.348370383686
L2 norm of gradient: 313.660901897797
Iteration 423: -14072.989213862273
L2 norm of gradient: 352.257063050302
Iteration 424: -13000.437231097028
L2 norm of gradient: 290.44246702231015
Iteration 425: -14185.377727326377
L2 norm of gradient: 316.03504439115335
Iteration 426: -15419.694541486679
L2 norm of gradient: 77.96323104141071
Iteration 427: -13968.794203636402
L2 norm of gradient: 21.996629082365814
Iteration 428: -12644.69580696095
L2 norm of gradient: 635.3891415296744
Iteration 429: -13531.238656862693
L2 norm of gradient: 83.69604297223933
Iteration 430: -14382.360445640054
L2 norm of gradient: 148.40339081310898
Iteration 431: -14270.46815511992
L2 norm of gradient: 479.5146399027256
Iteration 432: -13011.658586646288
L2 norm of gradient: 339.63255324578216
Iteration 433: -13552.30049877967
L2 norm of gradient: 342.7500675476552
Iteration 434: -13908.516124488824
L2 norm of gradient: 130.9331705695052
Iteration 435: -14480.472907152705
L2 norm of gradient: 10.218101828709674
Iteration 436: -14159.585404175734
L2 norm of gradient: 665.3358889523394
Iteration 437: -11531.15151696551
L2 norm of gradient: 6.3031710340864775
Iteration 438: -14757.757474362283
L2 norm of gradient: 327.11782316875696
Iteration 439: -12170.191532313076
L2 norm of gradient: 981.1726797664234
Iteration 440: -14129.236858589822
L2 norm of gradient: 358.1157641796647
Iteration 441: -14292.044723513056
L2 norm of gradient: 365.18154674901166
Iteration 442: -13374.761899465306
L2 norm of gradient: 16.03873513452564
Iteration 443: -14300.208268638271
L2 norm of gradient: 296.366144385694
Iteration 444: -13076.699645432847
L2 norm of gradient: 480.06255944538435
Iteration 445: -13801.71609469289
L2 norm of gradient: 589.2089723146692
Iteration 446: -14279.43706136378
L2 norm of gradient: 529.7647384583822
Iteration 447: -13769.343397329376
L2 norm of gradient: 88.5375730537278
Iteration 448: -14742.099106630403
L2 norm of gradient: 347.6172955868431
Iteration 449: -13586.10287901874
L2 norm of gradient: 84.37920645106675
Iteration 450: -12847.009009470303
L2 norm of gradient: 400.8516664317299
Iteration 451: -15030.028703953154
L2 norm of gradient: 93.10258942923032
Iteration 452: -13605.456436983917
L2 norm of gradient: 187.8853779905292
Iteration 453: -14475.534427840546
L2 norm of gradient: 102.78229620401176
Iteration 454: -13977.130455722981
L2 norm of gradient: 14.277105130579747
Iteration 455: -13858.570025309235
L2 norm of gradient: 23.68497134055251
Iteration 456: -10875.559525298868
L2 norm of gradient: 700.5684642914824
Iteration 457: -14714.65892699425
L2 norm of gradient: 357.00706555220194
Iteration 458: -13439.594958743184
L2 norm of gradient: 514.0104064504948
Iteration 459: -13387.972183374344
L2 norm of gradient: 176.62199144445808
Iteration 460: -14007.2598269393
L2 norm of gradient: 397.1022711127877
Iteration 461: -13323.81697934964
L2 norm of gradient: 367.945719593582
Iteration 462: -15529.955964781531
L2 norm of gradient: 421.7327907460133
Iteration 463: -14008.782773591578
L2 norm of gradient: 367.0300967344533
Iteration 464: -13946.038861005825
L2 norm of gradient: 192.39319004955865
Iteration 465: -13968.230054232637
L2 norm of gradient: 386.11867199454804
Iteration 466: -13860.987054319612
L2 norm of gradient: 113.26493252417971
Iteration 467: -13677.587982507363
L2 norm of gradient: 21.92018335829021
Iteration 468: -12776.083236647844
L2 norm of gradient: 123.81111228693608
Iteration 469: -15494.3974414256
L2 norm of gradient: 778.9272622213083
Iteration 470: -12664.619192059747
L2 norm of gradient: 395.45219376515627
Iteration 471: -14013.223155077661
L2 norm of gradient: 78.25002481457082
Iteration 472: -12755.272213236527
L2 norm of gradient: 386.7175407914926
Iteration 473: -14607.859641512743
L2 norm of gradient: 37.52366256193057
Iteration 474: -14170.68698824794
L2 norm of gradient: 506.1244793859889
Iteration 475: -15253.725898837141
L2 norm of gradient: 336.01764912530325
Iteration 476: -14798.759982271069
L2 norm of gradient: 34.73577899608557
Iteration 477: -13675.157455342465
L2 norm of gradient: 116.21441112214906
Iteration 478: -14133.87372487977
L2 norm of gradient: 523.150820868239
Iteration 479: -13557.27378525668
L2 norm of gradient: 175.6807377722906
Iteration 480: -15455.367665590276
L2 norm of gradient: 137.68244375554534
Iteration 481: -14192.686213040115
L2 norm of gradient: 625.0832054056074
Iteration 482: -13372.816111410859
L2 norm of gradient: 699.0852087682275
Iteration 483: -14094.799593090745
L2 norm of gradient: 389.60305963001764
Iteration 484: -14479.197499240941
L2 norm of gradient: 97.55917962070683
Iteration 485: -13178.62669367779
L2 norm of gradient: 564.8110002583027
Iteration 486: -14448.484483795213
L2 norm of gradient: 457.2601564684782
Iteration 487: -13536.319538341399
L2 norm of gradient: 249.61697985435242
Iteration 488: -13722.655941078674
L2 norm of gradient: 47.81115254459082
Iteration 489: -11399.343513773125
L2 norm of gradient: 551.2241741999337
Iteration 490: -13197.299614080106
L2 norm of gradient: 455.5710090296707
Iteration 491: -13000.157709731226
L2 norm of gradient: 740.5904317085564
Iteration 492: -13834.860300464637
L2 norm of gradient: 385.5127068854789
Iteration 493: -12947.927685264447
L2 norm of gradient: 86.28724491596235
Iteration 494: -16231.108693453318
L2 norm of gradient: 119.97521388315468
Iteration 495: -15050.165006017489
L2 norm of gradient: 1103.2725093543972
Iteration 496: -12430.584713352018
L2 norm of gradient: 540.0418451272104
Iteration 497: -11219.297089721442
L2 norm of gradient: 271.293751363611
Iteration 498: -12982.005885649909
L2 norm of gradient: 826.9382501817813
Iteration 499: -14634.748647180088
[ { query: [ 'Who is a doctor', [Object] ],
    trueResult: 
     Marginal:
         "John and Mary are doctors" : 0.380020640450514
         "John and Mary are doctors and teachers" : 0.20855974943514632
         "John is a doctor" : 0.08655534418766547
         "Mary is a doctor" : 0.08655534418766547
         "John is a doctor and a teacher" : 0.04750258005631425
         "Mary is a doctor and a teacher" : 0.04750258005631425
         "John and Mary are doctors or teachers" : 0.018309772241219994
         "John or Mary is a doctor and a teacher" : 0.01641723975145466
         "John is a doctor or a teacher" : 0.014074838535204214
         "Mary is a doctor or a teacher" : 0.014074838535204214
         "John or Mary is a doctor" : 0.014074838535204214
         "Mary is a teacher" : 0.010819418023458179
         "John is a teacher" : 0.010819418023458179
         "John is not a teacher" : 0.008015222008949992
         "Mary is not a teacher" : 0.008015222008949992
         "John and Mary are teachers" : 0.0059378225070392835
         "John or Mary is a teacher" : 0.005937822507039272
         "John and Mary are not teachers" : 0.0043988471043886965
         "John or Mary is not a teacher" : 0.0043988471043886965
         "John or Mary is a doctor or a teacher" : 0.003954910804103521
         "John is not a doctor and a teacher" : 0.0013033621050040592
         "Mary is not a doctor and a teacher" : 0.0013033621050040592
         "John or Mary is not a doctor and a teacher" : 0.0012360388998589598
         "John and Mary are not doctors and teachers" : 0.00021194082645043896,
    learnedResult: 
     Marginal:
         "John is a doctor" : 0.257029600018395
         "Mary is a doctor" : 0.257029600018395
         "John and Mary are doctors" : 0.034662310064625626
         "Mary is a teacher" : 0.03212870000229936
         "John is a teacher" : 0.03212870000229936
         "John is a doctor and a teacher" : 0.02558579134658661
         "Mary is a doctor and a teacher" : 0.02558579134658661
         "John is not a teacher" : 0.023801526368520096
         "Mary is not a teacher" : 0.023801526368520096
         "John or Mary is a doctor" : 0.01891140028742155
         "John is a doctor or a teacher" : 0.01808919400223011
         "Mary is a doctor or a teacher" : 0.01808919400223011
         "John or Mary is a teacher" : 0.017632604413836035
         "John and Mary are teachers" : 0.017632604413836035
         "John is not a doctor" : 0.013968685846599332
         "Mary is not a doctor" : 0.013968685846599332
         "John and Mary are not teachers" : 0.01306255462784263
         "John or Mary is not a teacher" : 0.013062554627842608
         "John is not a doctor or a teacher" : 0.013010689278011642
         "Mary is not a doctor or a teacher" : 0.013010689278011642
         "John or Mary is not a doctor" : 0.012943655882624248
         "John is not a doctor and a teacher" : 0.012402224457897204
         "Mary is not a doctor and a teacher" : 0.012402224457897182
         "John and Mary are not doctors" : 0.011795374720982276
         "John and Mary are doctors and teachers" : 0.010509443773963633
         "John or Mary is a doctor and a teacher" : 0.009749752805292574
         "John and Mary are doctors or teachers" : 0.009738372843129344
         "John or Mary is a doctor or a teacher" : 0.009682512150504087
         "John or Mary is not a doctor or a teacher" : 0.007168348594097062
         "John and Mary are not doctors or teachers" : 0.007162968899532947
         "John or Mary is not a doctor and a teacher" : 0.00716182144398795
         "John and Mary are not doctors and teachers" : 0.007090897809403635,
    KLDivergence: 1.336586817565928 },
  { query: [ 'Who is a doctor', [Object] ],
    trueResult: 
     Marginal:
         "John and Mary are doctors" : 0.380020640450514
         "John and Mary are doctors and teachers" : 0.20855974943514632
         "John is a doctor" : 0.08655534418766547
         "Mary is a doctor" : 0.08655534418766547
         "John is a doctor and a teacher" : 0.04750258005631425
         "Mary is a doctor and a teacher" : 0.04750258005631425
         "John and Mary are doctors or teachers" : 0.018309772241219994
         "John or Mary is a doctor and a teacher" : 0.01641723975145466
         "John is a doctor or a teacher" : 0.014074838535204214
         "Mary is a doctor or a teacher" : 0.014074838535204214
         "John or Mary is a doctor" : 0.014074838535204214
         "Mary is a teacher" : 0.010819418023458179
         "John is a teacher" : 0.010819418023458179
         "John is not a teacher" : 0.008015222008949992
         "Mary is not a teacher" : 0.008015222008949992
         "John and Mary are teachers" : 0.0059378225070392835
         "John or Mary is a teacher" : 0.005937822507039272
         "John and Mary are not teachers" : 0.0043988471043886965
         "John or Mary is not a teacher" : 0.0043988471043886965
         "John or Mary is a doctor or a teacher" : 0.003954910804103521
         "John is not a doctor and a teacher" : 0.0013033621050040592
         "Mary is not a doctor and a teacher" : 0.0013033621050040592
         "John or Mary is not a doctor and a teacher" : 0.0012360388998589598
         "John and Mary are not doctors and teachers" : 0.00021194082645043896,
    learnedResult: 
     Marginal:
         "John is a doctor" : 0.257029600018395
         "Mary is a doctor" : 0.257029600018395
         "John and Mary are doctors" : 0.034662310064625626
         "Mary is a teacher" : 0.03212870000229936
         "John is a teacher" : 0.03212870000229936
         "John is a doctor and a teacher" : 0.02558579134658661
         "Mary is a doctor and a teacher" : 0.02558579134658661
         "John is not a teacher" : 0.023801526368520096
         "Mary is not a teacher" : 0.023801526368520096
         "John or Mary is a doctor" : 0.01891140028742155
         "John is a doctor or a teacher" : 0.01808919400223011
         "Mary is a doctor or a teacher" : 0.01808919400223011
         "John or Mary is a teacher" : 0.017632604413836035
         "John and Mary are teachers" : 0.017632604413836035
         "John is not a doctor" : 0.013968685846599332
         "Mary is not a doctor" : 0.013968685846599332
         "John and Mary are not teachers" : 0.01306255462784263
         "John or Mary is not a teacher" : 0.013062554627842608
         "John is not a doctor or a teacher" : 0.013010689278011642
         "Mary is not a doctor or a teacher" : 0.013010689278011642
         "John or Mary is not a doctor" : 0.012943655882624248
         "John is not a doctor and a teacher" : 0.012402224457897204
         "Mary is not a doctor and a teacher" : 0.012402224457897182
         "John and Mary are not doctors" : 0.011795374720982276
         "John and Mary are doctors and teachers" : 0.010509443773963633
         "John or Mary is a doctor and a teacher" : 0.009749752805292574
         "John and Mary are doctors or teachers" : 0.009738372843129344
         "John or Mary is a doctor or a teacher" : 0.009682512150504087
         "John or Mary is not a doctor or a teacher" : 0.007168348594097062
         "John and Mary are not doctors or teachers" : 0.007162968899532947
         "John or Mary is not a doctor and a teacher" : 0.00716182144398795
         "John and Mary are not doctors and teachers" : 0.007090897809403635,
    KLDivergence: 1.336586817565928 },
  { query: [ 'Who is a doctor and a teacher', [Object] ],
    trueResult: 
     Marginal:
         "John is a doctor and a teacher" : 0.5057429117707349
         "John is a doctor" : 0.11519045846271186
         "John is a teacher" : 0.11519045846271186
         "John or Mary is a doctor and a teacher" : 0.051789172217255514
         "Mary is not a teacher" : 0.02528450088232814
         "Mary is not a doctor" : 0.02528450088232814
         "John and Mary are teachers" : 0.018731218954471676
         "John and Mary are doctors" : 0.018731218954471676
         "John or Mary is a teacher" : 0.018731218954471645
         "John is a doctor or a teacher" : 0.018731218954471645
         "John or Mary is a doctor" : 0.018731218954471645
         "Mary is not a doctor or a teacher" : 0.013876428297051366
         "Mary is not a doctor and a teacher" : 0.013876428297051366
         "John and Mary are doctors or teachers" : 0.007219910001734958
         "Mary is a doctor or a teacher" : 0.00554999080132493
         "John or Mary is a doctor or a teacher" : 0.005263314391264789
         "Mary is a doctor" : 0.004266313276396742
         "Mary is a teacher" : 0.004266313276396742
         "John or Mary is not a doctor" : 0.004111534310237441
         "John or Mary is not a teacher" : 0.004111534310237441
         "John or Mary is not a doctor and a teacher" : 0.003899159202225257
         "John or Mary is not a doctor or a teacher" : 0.0014209763856506024,
    learnedResult: 
     Marginal:
         "John is a doctor" : 0.06332349972928315
         "John is a teacher" : 0.06271352542972652
         "Mary is a doctor" : 0.05958283825822187
         "Mary is a teacher" : 0.05953887357363815
         "Mary is not a teacher" : 0.04399516677759834
         "Mary is not a doctor" : 0.04398987624504019
         "John is not a teacher" : 0.04362069772891053
         "John is not a doctor" : 0.043550442299593574
         "John is a doctor and a teacher" : 0.033078026071378816
         "John and Mary are doctors" : 0.03289356780334749
         "John and Mary are teachers" : 0.0328480767134705
         "John is a doctor or a teacher" : 0.03264928167232645
         "John or Mary is a doctor" : 0.03262351455875625
         "John or Mary is a teacher" : 0.032620392943019265
         "Mary is a doctor and a teacher" : 0.03261725645877316
         "Mary is a doctor or a teacher" : 0.03260610327531013
         "Mary is not a doctor or a teacher" : 0.024153445169765607
         "Mary is not a doctor and a teacher" : 0.024152294857617586
         "John or Mary is not a teacher" : 0.024152130747840714
         "John or Mary is not a doctor" : 0.024151834487620323
         "John is not a doctor or a teacher" : 0.024148494702583387
         "John and Mary are not teachers" : 0.02412898193998389
         "John and Mary are not doctors" : 0.024124391932911684
         "John is not a doctor and a teacher" : 0.024108269615813104
         "John and Mary are doctors and teachers" : 0.017923240657725957
         "John and Mary are doctors or teachers" : 0.017896898575510925
         "John or Mary is a doctor and a teacher" : 0.017895343915656794
         "John or Mary is a doctor or a teacher" : 0.017893702452277227
         "John or Mary is not a doctor or a teacher" : 0.013255800613295543
         "John or Mary is not a doctor and a teacher" : 0.013255639792623305
         "John and Mary are not doctors or teachers" : 0.013255491618856497
         "John and Mary are not doctors and teachers" : 0.013252899381522815,
    KLDivergence: 1.4097656827375804 },
  { query: [ 'Who is a doctor or a teacher', [Object] ],
    trueResult: 
     Marginal:
         "John and Mary are doctors" : 0.1056107851909732
         "John and Mary are teachers" : 0.1056107851909732
         "John is a doctor" : 0.08118368320238828
         "John is a teacher" : 0.08118368320238828
         "Mary is a teacher" : 0.08118368320238828
         "Mary is a doctor" : 0.08118368320238828
         "John and Mary are doctors or teachers" : 0.05796042780983282
         "John and Mary are doctors and teachers" : 0.05796042780983277
         "Mary is a doctor and a teacher" : 0.044554550002441795
         "John is a doctor and a teacher" : 0.044554550002441795
         "Mary is a doctor or a teacher" : 0.04455455000244175
         "John is a doctor or a teacher" : 0.04455455000244175
         "John or Mary is a teacher" : 0.03129208450102909
         "John or Mary is a doctor" : 0.03129208450102909
         "John or Mary is a doctor and a teacher" : 0.021122604886965272
         "John or Mary is a doctor or a teacher" : 0.012519452406923889
         "John is not a doctor and a teacher" : 0.009779799246246973
         "Mary is not a doctor and a teacher" : 0.009779799246246973
         "John is not a teacher" : 0.007517793967297686
         "Mary is not a teacher" : 0.007517793967297686
         "Mary is not a doctor" : 0.007517793967297686
         "John is not a doctor" : 0.007517793967297686
         "John or Mary is not a doctor and a teacher" : 0.00651387501985663
         "John or Mary is not a doctor" : 0.00565960604528182
         "John or Mary is not a teacher" : 0.00565960604528182
         "John and Mary are not doctors and teachers" : 0.0037696035994540657
         "John and Mary are not doctors" : 0.0012224749057808738
         "John and Mary are not teachers" : 0.0012224749057808738,
    learnedResult: 
     Marginal:
         "John is a teacher" : 0.05991913547880109
         "John is a doctor" : 0.05989500397312832
         "Mary is a doctor" : 0.059855133028476545
         "Mary is a teacher" : 0.05984830924914521
         "Mary is not a teacher" : 0.04434966929697955
         "Mary is not a doctor" : 0.04434884639472551
         "John is not a doctor" : 0.04434403967814787
         "John is not a teacher" : 0.044341131663987676
         "John is a doctor and a teacher" : 0.03285935483824935
         "John and Mary are teachers" : 0.032856814425848806
         "John and Mary are doctors" : 0.03285548745440745
         "John is a doctor or a teacher" : 0.03285431558178375
         "John or Mary is a teacher" : 0.032853836483984
         "John or Mary is a doctor" : 0.03285378013187661
         "Mary is a doctor or a teacher" : 0.03285353755657343
         "Mary is a doctor and a teacher" : 0.03285208818298186
         "Mary is not a doctor and a teacher" : 0.024338773077011804
         "Mary is not a doctor or a teacher" : 0.024338638161777216
         "John or Mary is not a doctor" : 0.02433861192550153
         "John or Mary is not a teacher" : 0.024338606564175393
         "John is not a doctor or a teacher" : 0.0243385489076947
         "John and Mary are not doctors" : 0.024338438710108577
         "John and Mary are not teachers" : 0.02433830451242562
         "John is not a doctor and a teacher" : 0.024338074741904803
         "John and Mary are doctors and teachers" : 0.018030754907051333
         "John and Mary are doctors or teachers" : 0.018030527374518563
         "John or Mary is a doctor and a teacher" : 0.01803050332767368
         "John or Mary is a doctor or a teacher" : 0.018030494273638967
         "John or Mary is not a doctor or a teacher" : 0.013357317476305735
         "John or Mary is not a doctor and a teacher" : 0.01335731658230188
         "John and Mary are not doctors or teachers" : 0.013357314275612781
         "John and Mary are not doctors and teachers" : 0.01335729176319999,
    KLDivergence: 0.4263726791979069 },
  { query: [ 'Who is not a doctor and a teacher', [Object] ],
    trueResult: 
     Marginal:
         "John is a doctor and a teacher" : 0.5057429117707349
         "John is a doctor" : 0.11519045846271186
         "John is a teacher" : 0.11519045846271186
         "John or Mary is a doctor and a teacher" : 0.051789172217255514
         "Mary is not a teacher" : 0.02528450088232814
         "Mary is not a doctor" : 0.02528450088232814
         "John and Mary are teachers" : 0.018731218954471676
         "John and Mary are doctors" : 0.018731218954471676
         "John or Mary is a teacher" : 0.018731218954471645
         "John is a doctor or a teacher" : 0.018731218954471645
         "John or Mary is a doctor" : 0.018731218954471645
         "Mary is not a doctor or a teacher" : 0.013876428297051366
         "Mary is not a doctor and a teacher" : 0.013876428297051366
         "John and Mary are doctors or teachers" : 0.007219910001734958
         "Mary is a doctor or a teacher" : 0.00554999080132493
         "John or Mary is a doctor or a teacher" : 0.005263314391264789
         "Mary is a doctor" : 0.004266313276396742
         "Mary is a teacher" : 0.004266313276396742
         "John or Mary is not a doctor" : 0.004111534310237441
         "John or Mary is not a teacher" : 0.004111534310237441
         "John or Mary is not a doctor and a teacher" : 0.003899159202225257
         "John or Mary is not a doctor or a teacher" : 0.0014209763856506024,
    learnedResult: 
     Marginal:
         "John is a doctor" : 0.05992394574818867
         "John is a teacher" : 0.05991400065543459
         "Mary is a doctor" : 0.059861580524953203
         "Mary is a teacher" : 0.05986083007350773
         "Mary is not a teacher" : 0.04434519264420581
         "Mary is not a doctor" : 0.044345102159919624
         "John is not a teacher" : 0.04433878387508324
         "John is not a doctor" : 0.04433758566030464
         "John is a doctor and a teacher" : 0.032859685407671126
         "John and Mary are doctors" : 0.03285655628585411
         "John and Mary are teachers" : 0.03285578915090346
         "John is a doctor or a teacher" : 0.03285256373132501
         "John or Mary is a doctor" : 0.03285212448866457
         "John or Mary is a teacher" : 0.03285207154876818
         "Mary is a doctor and a teacher" : 0.03285186224036303
         "Mary is a doctor or a teacher" : 0.032851827763207754
         "Mary is not a doctor or a teacher" : 0.024337217166294382
         "Mary is not a doctor and a teacher" : 0.024337212212420026
         "John or Mary is not a teacher" : 0.02433719440192947
         "John or Mary is not a doctor" : 0.024337189375768866
         "John is not a doctor or a teacher" : 0.024337132741191276
         "John and Mary are not teachers" : 0.02433681540329664
         "John and Mary are not doctors" : 0.024336737515415548
         "John is not a doctor and a teacher" : 0.024336460674156502
         "John and Mary are doctors and teachers" : 0.018029943006773016
         "John and Mary are doctors or teachers" : 0.018029511357830964
         "John or Mary is a doctor and a teacher" : 0.01802948535030442
         "John or Mary is a doctor or a teacher" : 0.018029458932269808
         "John or Mary is not a doctor or a teacher" : 0.013356548785659367
         "John or Mary is not a doctor and a teacher" : 0.013356546196650164
         "John and Mary are not doctors or teachers" : 0.013356543716849691
         "John and Mary are not doctors and teachers" : 0.013356501204835199,
    KLDivergence: 1.4230864306773747 },
  { query: [ 'Who is not a doctor or a teacher', [Object] ],
    trueResult: 
     Marginal:
         "John and Mary are doctors" : 0.1056107851909732
         "John and Mary are teachers" : 0.1056107851909732
         "John is a doctor" : 0.08118368320238828
         "John is a teacher" : 0.08118368320238828
         "Mary is a teacher" : 0.08118368320238828
         "Mary is a doctor" : 0.08118368320238828
         "John and Mary are doctors or teachers" : 0.05796042780983282
         "John and Mary are doctors and teachers" : 0.05796042780983277
         "Mary is a doctor and a teacher" : 0.044554550002441795
         "John is a doctor and a teacher" : 0.044554550002441795
         "Mary is a doctor or a teacher" : 0.04455455000244175
         "John is a doctor or a teacher" : 0.04455455000244175
         "John or Mary is a teacher" : 0.03129208450102909
         "John or Mary is a doctor" : 0.03129208450102909
         "John or Mary is a doctor and a teacher" : 0.021122604886965272
         "John or Mary is a doctor or a teacher" : 0.012519452406923889
         "John is not a doctor and a teacher" : 0.009779799246246973
         "Mary is not a doctor and a teacher" : 0.009779799246246973
         "John is not a teacher" : 0.007517793967297686
         "Mary is not a teacher" : 0.007517793967297686
         "Mary is not a doctor" : 0.007517793967297686
         "John is not a doctor" : 0.007517793967297686
         "John or Mary is not a doctor and a teacher" : 0.00651387501985663
         "John or Mary is not a doctor" : 0.00565960604528182
         "John or Mary is not a teacher" : 0.00565960604528182
         "John and Mary are not doctors and teachers" : 0.0037696035994540657
         "John and Mary are not doctors" : 0.0012224749057808738
         "John and Mary are not teachers" : 0.0012224749057808738,
    learnedResult: 
     Marginal:
         "John is a teacher" : 0.05986816610192569
         "John is a doctor" : 0.05986774453595958
         "Mary is a doctor" : 0.05986704743442576
         "Mary is a teacher" : 0.05986692792932887
         "Mary is not a teacher" : 0.04435073790801269
         "Mary is not a doctor" : 0.04435072349862653
         "John is not a doctor" : 0.04435063944570887
         "John is not a teacher" : 0.04435058861582097
         "John is a doctor and a teacher" : 0.03285591004151564
         "John and Mary are teachers" : 0.03285586561034493
         "John and Mary are doctors" : 0.03285584243248319
         "John is a doctor or a teacher" : 0.03285582197508378
         "John or Mary is a teacher" : 0.03285581359688712
         "John or Mary is a doctor" : 0.032855812613852765
         "Mary is a doctor or a teacher" : 0.032855808370768895
         "Mary is a doctor and a teacher" : 0.032855782979763236
         "Mary is not a doctor and a teacher" : 0.024340186293505216
         "Mary is not a doctor or a teacher" : 0.024340183930013044
         "John or Mary is not a doctor" : 0.024340183471008775
         "John or Mary is not a teacher" : 0.024340183377481703
         "John is not a doctor or a teacher" : 0.02434018236933549
         "John and Mary are not doctors" : 0.024340180445772425
         "John and Mary are not teachers" : 0.024340178101696138
         "John is not a doctor and a teacher" : 0.024340174082191145
         "John and Mary are doctors and teachers" : 0.018031656085377136
         "John and Mary are doctors or teachers" : 0.018031652111906923
         "John or Mary is a doctor and a teacher" : 0.018031651691609196
         "John or Mary is a doctor or a teacher" : 0.01803165153375829
         "John or Mary is not a doctor or a teacher" : 0.013358175984096133
         "John or Mary is not a doctor and a teacher" : 0.013358175968508993
         "John and Mary are not doctors or teachers" : 0.01335817592819187
         "John and Mary are not doctors and teachers" : 0.013358175535039263,
    KLDivergence: 0.4264150648044093 },
  { query: [ 'What is John', [Object] ],
    trueResult: 
     Marginal:
         "John is a doctor" : 0.23702792248662735
         "John is not a teacher" : 0.17559460378842734
         "John and Mary are doctors" : 0.130083681939854
         "John and Mary are not teachers" : 0.09636836179440914
         "John or Mary is a doctor" : 0.03854331316736411
         "John is a doctor or a teacher" : 0.03854331316736411
         "Mary is a teacher" : 0.029628490310828412
         "Mary is a doctor" : 0.029628490310828412
         "John is not a doctor and a teacher" : 0.02855358867982489
         "John or Mary is not a teacher" : 0.02855358867982489
         "Mary is not a doctor" : 0.02194932547355341
         "Mary is not a teacher" : 0.02194932547355341
         "John and Mary are doctors or teachers" : 0.021153018759865538
         "Mary is a doctor and a teacher" : 0.01626046024248175
         "Mary is a doctor or a teacher" : 0.016260460242481723
         "John and Mary are not doctors and teachers" : 0.0156705417197306
         "Mary is not a doctor or a teacher" : 0.012046045224301137
         "Mary is not a doctor and a teacher" : 0.012046045224301137
         "John or Mary is a doctor or a teacher" : 0.010830345605051172
         "John or Mary is not a doctor and a teacher" : 0.008023317360502066
         "John or Mary is a teacher" : 0.004817914145920514
         "John or Mary is not a doctor" : 0.0035691985849781176
         "John or Mary is a doctor and a teacher" : 0.0016651064329923299
         "John or Mary is not a doctor or a teacher" : 0.0012335411849350591,
    learnedResult: 
     Marginal:
         "John is a doctor" : 0.3495295581788922
         "John is not a teacher" : 0.05088329484063676
         "Mary is a teacher" : 0.043691194772361504
         "Mary is a doctor" : 0.043691194772361504
         "John and Mary are doctors" : 0.034793620440562924
         "Mary is not a teacher" : 0.032367233170719205
         "Mary is not a doctor" : 0.032367233170719205
         "John is a doctor and a teacher" : 0.024818632613719586
         "John or Mary is a doctor" : 0.024599143394220972
         "Mary is a doctor or a teacher" : 0.023978236085922464
         "Mary is a doctor and a teacher" : 0.023978236085922464
         "John is a doctor or a teacher" : 0.0235139276217509
         "John or Mary is a teacher" : 0.02336786590408787
         "John is not a doctor" : 0.018995744427693088
         "John and Mary are not teachers" : 0.018745539571011414
         "John or Mary is not a teacher" : 0.0178220394024124
         "John is not a doctor or a teacher" : 0.017817048323150165
         "Mary is not a doctor or a teacher" : 0.01776351419225923
         "Mary is not a doctor and a teacher" : 0.01776351419225923
         "John or Mary is not a doctor" : 0.017705117248571666
         "John is not a doctor and a teacher" : 0.017674566083477786
         "John and Mary are not doctors" : 0.01681639904759245
         "John and Mary are teachers" : 0.015674357520139893
         "John and Mary are doctors and teachers" : 0.013204325719981725
         "John or Mary is a doctor and a teacher" : 0.01316267984867597
         "John or Mary is a doctor or a teacher" : 0.013157475834700023
         "John and Mary are doctors or teachers" : 0.01312554599342213
         "John and Mary are not doctors or teachers" : 0.00975209396960438
         "John or Mary is not a doctor or a teacher" : 0.009749021384675488
         "John or Mary is not a doctor and a teacher" : 0.009748485890225792
         "John and Mary are not doctors and teachers" : 0.009743160298269174,
    KLDivergence: 0.4507682629203938 },
  { query: [ 'What is John', [Object] ],
    trueResult: 
     Marginal:
         "John is a doctor and a teacher" : 0.37545849217947985
         "John and Mary are doctors and teachers" : 0.20605598937841657
         "John is a doctor" : 0.08551624717081296
         "John is a teacher" : 0.08551624717081296
         "John and Mary are teachers" : 0.046932311522435
         "John and Mary are doctors" : 0.046932311522435
         "John or Mary is a doctor and a teacher" : 0.03844776478197857
         "John or Mary is a teacher" : 0.013905870080721474
         "John is a doctor or a teacher" : 0.013905870080721474
         "John or Mary is a doctor" : 0.013905870080721474
         "Mary is a teacher" : 0.010689530896351615
         "Mary is a doctor" : 0.010689530896351615
         "Mary is not a doctor" : 0.007918999258557448
         "Mary is not a teacher" : 0.007918999258557448
         "John and Mary are doctors or teachers" : 0.007631703310311726
         "Mary is a doctor and a teacher" : 0.005866538940304378
         "Mary is a doctor or a teacher" : 0.0058665389403043675
         "Mary is not a doctor or a teacher" : 0.004346038939316297
         "Mary is not a doctor and a teacher" : 0.004346038939316297
         "John or Mary is a doctor or a teacher" : 0.003907432094879606
         "John or Mary is not a doctor" : 0.0012877152412789025
         "John or Mary is not a teacher" : 0.0012877152412789025
         "John or Mary is not a doctor and a teacher" : 0.0012212002512970355
         "John or Mary is not a doctor or a teacher" : 0.00044504382335897773,
    learnedResult: 
     Marginal:
         "John is a doctor" : 0.2570347021344119
         "John is a teacher" : 0.2570347021344119
         "John is a doctor and a teacher" : 0.03466299812206083
         "Mary is a teacher" : 0.03212933776680147
         "Mary is a doctor" : 0.03212933776680147
         "John and Mary are teachers" : 0.02558629923235472
         "John and Mary are doctors" : 0.02558629923235472
         "Mary is not a teacher" : 0.023801998836083763
         "Mary is not a doctor" : 0.023801998836083763
         "John is a doctor or a teacher" : 0.018911775684489863
         "John or Mary is a teacher" : 0.018089553078252656
         "John or Mary is a doctor" : 0.018089553078252656
         "Mary is a doctor or a teacher" : 0.01763295442641588
         "Mary is a doctor and a teacher" : 0.01763295442641588
         "John is not a doctor" : 0.01396896312927723
         "John is not a teacher" : 0.01396896312927723
         "Mary is not a doctor or a teacher" : 0.013062813923539224
         "Mary is not a doctor and a teacher" : 0.013062813923539224
         "John or Mary is not a doctor" : 0.013019870370769328
         "John or Mary is not a teacher" : 0.013019870370769305
         "John is not a doctor or a teacher" : 0.012920138104823765
         "John and Mary are not teachers" : 0.012366330740930041
         "John and Mary are not doctors" : 0.012366330740930041
         "John is not a doctor and a teacher" : 0.011825974876840277
         "John and Mary are doctors and teachers" : 0.010532911553075912
         "John and Mary are doctors or teachers" : 0.00976826048012889
         "John or Mary is a doctor and a teacher" : 0.009727327517485042
         "John or Mary is a doctor or a teacher" : 0.009682676524725993
         "John or Mary is not a doctor or a teacher" : 0.007168493882650854
         "John or Mary is not a doctor and a teacher" : 0.007164179385074309
         "John and Mary are not doctors or teachers" : 0.007160269262292954
         "John and Mary are not doctors and teachers" : 0.007089347328680186,
    KLDivergence: 1.3390075113529258 },
  { query: [ 'What isn\'t John', [Object] ],
    trueResult: 
     Marginal:
         "John is a doctor and a teacher" : 0.37545849217947985
         "John and Mary are doctors and teachers" : 0.20605598937841657
         "John is a doctor" : 0.08551624717081296
         "John is a teacher" : 0.08551624717081296
         "John and Mary are teachers" : 0.046932311522435
         "John and Mary are doctors" : 0.046932311522435
         "John or Mary is a doctor and a teacher" : 0.03844776478197857
         "John or Mary is a teacher" : 0.013905870080721474
         "John is a doctor or a teacher" : 0.013905870080721474
         "John or Mary is a doctor" : 0.013905870080721474
         "Mary is a teacher" : 0.010689530896351615
         "Mary is a doctor" : 0.010689530896351615
         "Mary is not a doctor" : 0.007918999258557448
         "Mary is not a teacher" : 0.007918999258557448
         "John and Mary are doctors or teachers" : 0.007631703310311726
         "Mary is a doctor and a teacher" : 0.005866538940304378
         "Mary is a doctor or a teacher" : 0.0058665389403043675
         "Mary is not a doctor or a teacher" : 0.004346038939316297
         "Mary is not a doctor and a teacher" : 0.004346038939316297
         "John or Mary is a doctor or a teacher" : 0.003907432094879606
         "John or Mary is not a doctor" : 0.0012877152412789025
         "John or Mary is not a teacher" : 0.0012877152412789025
         "John or Mary is not a doctor and a teacher" : 0.0012212002512970355
         "John or Mary is not a doctor or a teacher" : 0.00044504382335897773,
    learnedResult: 
     Marginal:
         "John is a doctor" : 0.062478609111855654
         "John is a teacher" : 0.062478609111855654
         "Mary is a doctor" : 0.059503882640666965
         "Mary is a teacher" : 0.059503882640666965
         "Mary is not a teacher" : 0.04408156046151255
         "Mary is not a doctor" : 0.04408156046151255
         "John is not a doctor" : 0.04372963934303036
         "John is not a teacher" : 0.04372963934303036
         "John is a doctor and a teacher" : 0.03305139076387273
         "John and Mary are doctors" : 0.032869086833420026
         "John and Mary are teachers" : 0.03286908683342001
         "John is a doctor or a teacher" : 0.03269459295553256
         "John or Mary is a doctor" : 0.03267017018305539
         "John or Mary is a teacher" : 0.03267017018305536
         "Mary is a doctor and a teacher" : 0.03265642318597131
         "Mary is a doctor or a teacher" : 0.032656423185971284
         "Mary is not a doctor and a teacher" : 0.02419247331846046
         "Mary is not a doctor or a teacher" : 0.024192473318460448
         "John or Mary is not a doctor" : 0.024191168078397902
         "John or Mary is not a teacher" : 0.02419116807839783
         "John is not a doctor or a teacher" : 0.024188096551802596
         "John and Mary are not teachers" : 0.02417094603837688
         "John and Mary are not doctors" : 0.024170946038376856
         "John is not a doctor and a teacher" : 0.024154690595615678
         "John and Mary are doctors and teachers" : 0.017946571602376674
         "John and Mary are doctors or teachers" : 0.01792499762398881
         "John or Mary is a doctor and a teacher" : 0.017923699225852786
         "John or Mary is a doctor or a teacher" : 0.01792239320257525
         "John or Mary is not a doctor or a teacher" : 0.013277094650504955
         "John or Mary is not a doctor and a teacher" : 0.013276967538539042
         "John and Mary are not doctors or teachers" : 0.01327684312565525
         "John and Mary are not doctors and teachers" : 0.013274743774188387,
    KLDivergence: 1.3727353847281987 },
  { query: [ 'What isn\'t John', [Object] ],
    trueResult: 
     Marginal:
         "John is a doctor and a teacher" : 0.37545849217947985
         "John and Mary are doctors and teachers" : 0.20605598937841657
         "John is a doctor" : 0.08551624717081296
         "John is a teacher" : 0.08551624717081296
         "John and Mary are teachers" : 0.046932311522435
         "John and Mary are doctors" : 0.046932311522435
         "John or Mary is a doctor and a teacher" : 0.03844776478197857
         "John or Mary is a teacher" : 0.013905870080721474
         "John is a doctor or a teacher" : 0.013905870080721474
         "John or Mary is a doctor" : 0.013905870080721474
         "Mary is a teacher" : 0.010689530896351615
         "Mary is a doctor" : 0.010689530896351615
         "Mary is not a doctor" : 0.007918999258557448
         "Mary is not a teacher" : 0.007918999258557448
         "John and Mary are doctors or teachers" : 0.007631703310311726
         "Mary is a doctor and a teacher" : 0.005866538940304378
         "Mary is a doctor or a teacher" : 0.0058665389403043675
         "Mary is not a doctor or a teacher" : 0.004346038939316297
         "Mary is not a doctor and a teacher" : 0.004346038939316297
         "John or Mary is a doctor or a teacher" : 0.003907432094879606
         "John or Mary is not a doctor" : 0.0012877152412789025
         "John or Mary is not a teacher" : 0.0012877152412789025
         "John or Mary is not a doctor and a teacher" : 0.0012212002512970355
         "John or Mary is not a doctor or a teacher" : 0.00044504382335897773,
    learnedResult: 
     Marginal:
         "John is a doctor" : 0.062478609111855654
         "John is a teacher" : 0.062478609111855654
         "Mary is a doctor" : 0.059503882640666965
         "Mary is a teacher" : 0.059503882640666965
         "Mary is not a teacher" : 0.04408156046151255
         "Mary is not a doctor" : 0.04408156046151255
         "John is not a doctor" : 0.04372963934303036
         "John is not a teacher" : 0.04372963934303036
         "John is a doctor and a teacher" : 0.03305139076387273
         "John and Mary are doctors" : 0.032869086833420026
         "John and Mary are teachers" : 0.03286908683342001
         "John is a doctor or a teacher" : 0.03269459295553256
         "John or Mary is a doctor" : 0.03267017018305539
         "John or Mary is a teacher" : 0.03267017018305536
         "Mary is a doctor and a teacher" : 0.03265642318597131
         "Mary is a doctor or a teacher" : 0.032656423185971284
         "Mary is not a doctor and a teacher" : 0.02419247331846046
         "Mary is not a doctor or a teacher" : 0.024192473318460448
         "John or Mary is not a doctor" : 0.024191168078397902
         "John or Mary is not a teacher" : 0.02419116807839783
         "John is not a doctor or a teacher" : 0.024188096551802596
         "John and Mary are not teachers" : 0.02417094603837688
         "John and Mary are not doctors" : 0.024170946038376856
         "John is not a doctor and a teacher" : 0.024154690595615678
         "John and Mary are doctors and teachers" : 0.017946571602376674
         "John and Mary are doctors or teachers" : 0.01792499762398881
         "John or Mary is a doctor and a teacher" : 0.017923699225852786
         "John or Mary is a doctor or a teacher" : 0.01792239320257525
         "John or Mary is not a doctor or a teacher" : 0.013277094650504955
         "John or Mary is not a doctor and a teacher" : 0.013276967538539042
         "John and Mary are not doctors or teachers" : 0.01327684312565525
         "John and Mary are not doctors and teachers" : 0.013274743774188387,
    KLDivergence: 1.3727353847281987 } ]
