L2 norm of gradient: 2.7367671266350793
Iteration 0: -14454.870834808462
L2 norm of gradient: 44.15460922738894
Iteration 1: -13998.15893205643
L2 norm of gradient: 69.82747558195256
Iteration 2: -13851.951867071577
L2 norm of gradient: 0.02857425024910309
Iteration 3: -14451.201910314983
L2 norm of gradient: 14.22745322220232
Iteration 4: -13939.451040521748
L2 norm of gradient: 123.1588322698754
Iteration 5: -14152.293086371254
L2 norm of gradient: 0.3924809991518947
Iteration 6: -14143.99990046722
L2 norm of gradient: 105.99171305426947
Iteration 7: -11794.383761617479
L2 norm of gradient: 102.90368369917024
Iteration 8: -14091.123368677105
L2 norm of gradient: 54.25078047887994
Iteration 9: -15845.550516058305
L2 norm of gradient: 16.555888582901762
Iteration 10: -14389.985494264502
L2 norm of gradient: 68.13195364148287
Iteration 11: -14615.575411161377
L2 norm of gradient: 53.65805223704487
Iteration 12: -15072.864770802062
L2 norm of gradient: 28.243870734802602
Iteration 13: -12491.965872312556
L2 norm of gradient: 63.807558955479045
Iteration 14: -13395.0345583185
L2 norm of gradient: 6.601480381669935
Iteration 15: -14159.025136504835
L2 norm of gradient: 7.242228979563346
Iteration 16: -15776.42879484044
L2 norm of gradient: 0.030819715588239708
Iteration 17: -11714.51869055966
L2 norm of gradient: 7.132128415179155
Iteration 18: -13544.45544995163
L2 norm of gradient: 7.881044178382396
Iteration 19: -11575.334478364712
L2 norm of gradient: 2.654492048397219
Iteration 20: -12314.977595896718
L2 norm of gradient: 0.0611312118634062
Iteration 21: -13997.467508799036
L2 norm of gradient: 6.485703956004227
Iteration 22: -15073.59094111253
L2 norm of gradient: 130.9946495261403
Iteration 23: -14919.07882516959
L2 norm of gradient: 117.20581634237728
Iteration 24: -13087.5515910846
L2 norm of gradient: 0.15573849126101855
Iteration 25: -13683.198877476105
L2 norm of gradient: 13.55018904417573
Iteration 26: -12556.842526097818
L2 norm of gradient: 100.84138897429101
Iteration 27: -13467.624039690505
L2 norm of gradient: 65.2338355385719
Iteration 28: -15385.901495416798
L2 norm of gradient: 28.58372451883538
Iteration 29: -12956.353446642577
L2 norm of gradient: 0.042300752543149835
Iteration 30: -15072.667223850141
L2 norm of gradient: 0.07361293204212696
Iteration 31: -13990.402040728886
L2 norm of gradient: 0.019959355941615395
Iteration 32: -14912.002607721704
L2 norm of gradient: 48.71297967510053
Iteration 33: -12722.153671713306
L2 norm of gradient: 228.95103753739377
Iteration 34: -15233.03823799561
L2 norm of gradient: 64.9225384656421
Iteration 35: -13842.376979531053
L2 norm of gradient: 66.20318362040373
Iteration 36: -14608.581475702933
L2 norm of gradient: 15.938309268090533
Iteration 37: -14082.709998881575
L2 norm of gradient: 6.817555512447008
Iteration 38: -13087.224150251435
L2 norm of gradient: 46.303586056542436
Iteration 39: -14915.133700250299
L2 norm of gradient: 82.08809544357734
Iteration 40: -14300.712193862939
L2 norm of gradient: 13.808951140187675
Iteration 41: -14232.319447805214
L2 norm of gradient: 112.14149687460863
Iteration 42: -14146.258387702856
L2 norm of gradient: 2.577751195438055
Iteration 43: -12639.764805420875
L2 norm of gradient: 7.267718395664888
Iteration 44: -13237.233925605182
L2 norm of gradient: 65.27475016893291
Iteration 45: -13998.73882946156
L2 norm of gradient: 114.26969408426868
Iteration 46: -15560.550364821453
L2 norm of gradient: 65.28631273321396
Iteration 47: -12648.317930507881
L2 norm of gradient: 82.09138550521692
Iteration 48: -14543.789823816085
L2 norm of gradient: 13.746529850652832
Iteration 49: -14235.946006319864
L2 norm of gradient: 66.03876510797102
Iteration 50: -13994.692716253507
L2 norm of gradient: 112.08062713005519
Iteration 51: -13946.286539974011
L2 norm of gradient: 9.600612002959735
Iteration 52: -14094.058971674693
L2 norm of gradient: 54.92463478275749
Iteration 53: -14098.693198805418
L2 norm of gradient: 14.720073515405335
Iteration 54: -16078.876785945486
L2 norm of gradient: 46.4673454754573
Iteration 55: -14914.79727913944
L2 norm of gradient: 46.562076072628656
Iteration 56: -14917.681258328139
L2 norm of gradient: 67.6811058647654
Iteration 57: -14454.736105513453
L2 norm of gradient: 2.634120121138944
Iteration 58: -14454.853485004196
L2 norm of gradient: 85.74606510395908
Iteration 59: -14940.975383191471
L2 norm of gradient: 113.1808674948857
Iteration 60: -13530.857301751079
L2 norm of gradient: 42.53179100884701
Iteration 61: -14317.225472296683
L2 norm of gradient: 7.758439035606007
Iteration 62: -14171.82080182467
L2 norm of gradient: 53.78614759538806
Iteration 63: -15312.64688324805
L2 norm of gradient: 70.82775048163118
Iteration 64: -12317.422389915871
L2 norm of gradient: 85.09908717425606
Iteration 65: -14853.811082828262
L2 norm of gradient: 52.1062008551049
Iteration 66: -14851.295625234969
L2 norm of gradient: 14.039500520927183
Iteration 67: -14539.305873924659
L2 norm of gradient: 113.79640065448832
Iteration 68: -13841.0844894043
L2 norm of gradient: 72.32766688100341
Iteration 69: -13392.52380460626
L2 norm of gradient: 88.42522994005868
Iteration 70: -14936.339301319811
L2 norm of gradient: 44.45333697410381
Iteration 71: -12624.838784202426
L2 norm of gradient: 2.642549033917646
Iteration 72: -13850.987718074542
L2 norm of gradient: 16.72943166322069
Iteration 73: -12559.758780483646
L2 norm of gradient: 103.22236275392814
Iteration 74: -13618.158913984284
L2 norm of gradient: 180.11120076288879
Iteration 75: -15373.577870681387
L2 norm of gradient: 7.792914598564705
Iteration 76: -13083.764283836757
L2 norm of gradient: 0.06691010219287893
Iteration 77: -13683.201033186204
L2 norm of gradient: 115.58741457710131
Iteration 78: -13086.524561350752
L2 norm of gradient: 7.031572784914567
Iteration 79: -13548.2488778592
L2 norm of gradient: 96.14099935297205
Iteration 80: -14166.582778494569
L2 norm of gradient: 105.25497585894848
Iteration 81: -13770.90874115752
L2 norm of gradient: 83.97256057923508
Iteration 82: -14143.06826331503
L2 norm of gradient: 9.868550178929366
Iteration 83: -15312.218667358178
L2 norm of gradient: 86.66156979866378
Iteration 84: -14557.944922527402
L2 norm of gradient: 0.18941625284992158
Iteration 85: -14912.00253068673
L2 norm of gradient: 11.3169927634
Iteration 86: -13090.543546151694
L2 norm of gradient: 2.8408081513222196
Iteration 87: -15222.577306638366
L2 norm of gradient: 69.0764993532383
Iteration 88: -12474.011357296471
L2 norm of gradient: 124.14310391539155
Iteration 89: -15229.972166543219
L2 norm of gradient: 119.33879961862279
Iteration 90: -13388.8102585745
L2 norm of gradient: 0.1778739449663596
Iteration 91: -15226.260679305547
L2 norm of gradient: 67.10746194130789
Iteration 92: -15689.769539148565
L2 norm of gradient: 180.79550514530783
Iteration 93: -14292.671850578074
L2 norm of gradient: 88.82289572225879
Iteration 94: -14109.462047404955
L2 norm of gradient: 0.23338562351040415
Iteration 95: -15065.607412709805
L2 norm of gradient: 3.022585968069504
Iteration 96: -12179.010866615496
L2 norm of gradient: 7.755174439705929
Iteration 97: -13994.846979137299
L2 norm of gradient: 128.43681696863436
Iteration 98: -14606.780527686813
L2 norm of gradient: 1.1137620938195965
Iteration 99: -14143.977404825886
L2 norm of gradient: 106.34498543749321
Iteration 100: -15617.074788716116
L2 norm of gradient: 110.75752786381935
Iteration 101: -14232.308307635238
L2 norm of gradient: 98.16637829677089
Iteration 102: -15309.151109955948
L2 norm of gradient: 16.316780077059537
Iteration 103: -15003.749992745852
L2 norm of gradient: 237.7440619315113
Iteration 104: -12685.393603693788
L2 norm of gradient: 1.4621175434604283
Iteration 105: -14911.951094800484
L2 norm of gradient: 197.74645246569779
Iteration 106: -15521.360525425303
L2 norm of gradient: 96.23083828318136
Iteration 107: -15684.12097034111
L2 norm of gradient: 5.939648814076822
Iteration 108: -13689.92856258739
L2 norm of gradient: 7.837904777799332
Iteration 109: -15531.030421794298
L2 norm of gradient: 198.60817235054137
Iteration 110: -14607.278417557485
L2 norm of gradient: 163.75326235138726
Iteration 111: -15296.747698861374
L2 norm of gradient: 211.78733111304786
Iteration 112: -14592.23431504783
L2 norm of gradient: 2.965256013134279
Iteration 113: -13840.168918906149
L2 norm of gradient: 326.15674264032606
Iteration 114: -15355.58451425434
L2 norm of gradient: 51.51842945657093
Iteration 115: -13991.977773638879
L2 norm of gradient: 16.739420291607686
Iteration 116: -13924.972902963646
L2 norm of gradient: 109.75128510996858
Iteration 117: -15676.596482525994
L2 norm of gradient: 113.62704182137264
Iteration 118: -13982.095154400613
L2 norm of gradient: 16.317259406862178
Iteration 119: -13928.26170247624
L2 norm of gradient: 0.21381004163097575
Iteration 120: -13376.01282129831
L2 norm of gradient: 194.40840235653954
Iteration 121: -14996.47191481928
L2 norm of gradient: 119.18625074485321
Iteration 122: -14595.085704162242
L2 norm of gradient: 86.3757837296022
Iteration 123: -15365.789876666593
L2 norm of gradient: 132.21767428451972
Iteration 124: -14294.41929897828
L2 norm of gradient: 163.65494192888988
Iteration 125: -14898.293820211391
L2 norm of gradient: 134.895157819456
Iteration 126: -14834.778101726259
L2 norm of gradient: 262.1681921531704
Iteration 127: -13292.600185396032
L2 norm of gradient: 17.283365963260827
Iteration 128: -12717.351550111292
L2 norm of gradient: 4.000454756541964
Iteration 129: -13994.007117036797
L2 norm of gradient: 111.30664584302653
Iteration 130: -14559.720303272354
L2 norm of gradient: 141.5164493766636
Iteration 131: -15140.148191650234
L2 norm of gradient: 124.49166759496428
Iteration 132: -14837.41532504937
L2 norm of gradient: 106.76029996569878
Iteration 133: -14446.806232491926
L2 norm of gradient: 20.95862656565706
Iteration 134: -13088.439452957798
L2 norm of gradient: 262.6502961096272
Iteration 135: -13752.857119732822
L2 norm of gradient: 77.93790113353404
Iteration 136: -12008.79235221543
L2 norm of gradient: 147.21719550598493
Iteration 137: -14524.28525679383
L2 norm of gradient: 22.36333708743949
Iteration 138: -13784.546235943995
L2 norm of gradient: 0.7861970733496103
Iteration 139: -14604.744588719394
L2 norm of gradient: 153.32147658721067
Iteration 140: -14699.427106227304
L2 norm of gradient: 117.60055229354467
Iteration 141: -15072.616607694372
L2 norm of gradient: 3.3224957689443655
Iteration 142: -14454.553613944654
L2 norm of gradient: 3.3056090400001805
Iteration 143: -12929.477428103299
L2 norm of gradient: 82.1008056153509
Iteration 144: -14758.44300435243
L2 norm of gradient: 144.73279413489607
Iteration 145: -14280.475464841551
L2 norm of gradient: 291.0771971672949
Iteration 146: -14109.003297190764
L2 norm of gradient: 160.1257010915777
Iteration 147: -15677.42370673304
L2 norm of gradient: 11.748378224502474
Iteration 148: -15380.506600662151
L2 norm of gradient: 0.7912183003434504
Iteration 149: -15372.872652796661
L2 norm of gradient: 86.6398794517187
Iteration 150: -14143.648093942875
L2 norm of gradient: 3.4761307319033428
Iteration 151: -14143.73632350399
L2 norm of gradient: 102.348536004699
Iteration 152: -14286.134500273998
L2 norm of gradient: 21.1110742262471
Iteration 153: -15460.813500333532
L2 norm of gradient: 184.5426034443615
Iteration 154: -15987.482754837987
L2 norm of gradient: 20.936146794883484
Iteration 155: -14999.073033641649
L2 norm of gradient: 136.15574084777433
Iteration 156: -13401.553481614057
L2 norm of gradient: 23.50570722555462
Iteration 157: -13617.365743303875
L2 norm of gradient: 14.418728677540862
Iteration 158: -14235.956021000873
L2 norm of gradient: 12.664895496239417
Iteration 159: -11496.079563453819
L2 norm of gradient: 13.091805079316517
Iteration 160: -12879.11428750118
L2 norm of gradient: 23.05597013888662
Iteration 161: -15925.32392233743
L2 norm of gradient: 235.03211463132607
Iteration 162: -14116.634614086
L2 norm of gradient: 7.698814102804802
Iteration 163: -12779.518207786306
L2 norm of gradient: 86.51243874596582
Iteration 164: -15831.916536318748
L2 norm of gradient: 20.520954344519662
Iteration 165: -13924.63449707831
L2 norm of gradient: 149.1782810404972
Iteration 166: -14524.623407242587
L2 norm of gradient: 143.4833407999488
Iteration 167: -14213.173933734624
L2 norm of gradient: 43.99356795867912
Iteration 168: -13397.294095881574
L2 norm of gradient: 164.23225737264178
Iteration 169: -14888.468035891934
L2 norm of gradient: 148.4261455248032
Iteration 170: -12845.95836408653
L2 norm of gradient: 16.368532644224693
Iteration 171: -13708.591719744401
L2 norm of gradient: 128.4768048518414
Iteration 172: -14457.203070436452
L2 norm of gradient: 141.85850320439354
Iteration 173: -13601.152373573539
L2 norm of gradient: 5.2555284221348515
Iteration 174: -13082.84918321641
L2 norm of gradient: 114.45406738516647
Iteration 175: -16137.614475217817
L2 norm of gradient: 4.255684826828996
Iteration 176: -13222.128458246349
L2 norm of gradient: 245.46435612225474
Iteration 177: -14726.537868055702
L2 norm of gradient: 174.40882793992947
Iteration 178: -13223.56039818549
L2 norm of gradient: 218.82491582108037
Iteration 179: -14840.715948454563
L2 norm of gradient: 133.0070570371927
Iteration 180: -15293.58505367482
L2 norm of gradient: 63.545658024443235
Iteration 181: -14847.315108335706
L2 norm of gradient: 88.94818031437592
Iteration 182: -14762.353826921051
L2 norm of gradient: 48.17228416208277
Iteration 183: -14472.88173725416
L2 norm of gradient: 96.29407685250692
Iteration 184: -13075.478036561459
L2 norm of gradient: 3.7358991430792687
Iteration 185: -13836.5510094249
L2 norm of gradient: 177.52397222071107
Iteration 186: -14426.108687064376
L2 norm of gradient: 24.699147377874134
Iteration 187: -14076.97565941196
L2 norm of gradient: 8.081095373692166
Iteration 188: -13239.344099271448
L2 norm of gradient: 257.7879548860862
Iteration 189: -13957.687848930324
L2 norm of gradient: 198.30507111837395
Iteration 190: -14507.138371727728
L2 norm of gradient: 26.46992342129364
Iteration 191: -13312.195133646737
L2 norm of gradient: 9.620294962307595
Iteration 192: -15991.879689474365
L2 norm of gradient: 12.061554421847347
Iteration 193: -12331.782831227049
L2 norm of gradient: 4.331340830598785
Iteration 194: -14762.222371342039
L2 norm of gradient: 282.07076251681076
Iteration 195: -12581.236161959356
L2 norm of gradient: 193.19390817202964
Iteration 196: -14571.216292805064
L2 norm of gradient: 3.58257389545123
Iteration 197: -13379.778354353992
L2 norm of gradient: 28.76421240086758
Iteration 198: -13615.388448454501
L2 norm of gradient: 194.84818349202527
Iteration 199: -14108.732118229704
L2 norm of gradient: 54.819365478815385
Iteration 200: -13702.503212205098
L2 norm of gradient: 132.07672456998463
Iteration 201: -15051.866647139468
L2 norm of gradient: 271.37082183771093
Iteration 202: -15098.567278631363
L2 norm of gradient: 199.88104322581367
Iteration 203: -14570.70155392347
L2 norm of gradient: 233.27632142018174
Iteration 204: -14654.161016536602
L2 norm of gradient: 154.9234898770028
Iteration 205: -14824.181592963583
L2 norm of gradient: 12.317367319026696
Iteration 206: -14313.239639586178
L2 norm of gradient: 27.687296593420808
Iteration 207: -14388.280171380342
L2 norm of gradient: 40.42161565568089
Iteration 208: -12954.434478517802
L2 norm of gradient: 283.05315008793593
Iteration 209: -15025.005918041477
L2 norm of gradient: 14.410108505191904
Iteration 210: -14162.985921674912
L2 norm of gradient: 211.99625543899003
Iteration 211: -12132.921882900599
L2 norm of gradient: 56.23499247096528
Iteration 212: -14008.4374917104
L2 norm of gradient: 27.043405151156957
Iteration 213: -15459.005131587217
L2 norm of gradient: 0.6492993867364497
Iteration 214: -14144.039923400245
L2 norm of gradient: 351.92203127684604
Iteration 215: -11654.752148716903
L2 norm of gradient: 12.863732432622973
Iteration 216: -15077.947494561266
L2 norm of gradient: 161.8908275284625
Iteration 217: -14975.125970235653
L2 norm of gradient: 4.376668820788094
Iteration 218: -15068.915056678277
L2 norm of gradient: 125.80229569966993
Iteration 219: -13358.52843163976
L2 norm of gradient: 197.58247683457725
Iteration 220: -14060.32331943756
L2 norm of gradient: 11.54337255715004
Iteration 221: -15534.359481682324
L2 norm of gradient: 51.42165566842423
Iteration 222: -14477.258022834467
L2 norm of gradient: 48.84321671603636
Iteration 223: -13877.93050574254
L2 norm of gradient: 449.31737793336225
Iteration 224: -15432.819337047982
L2 norm of gradient: 27.726663709640466
Iteration 225: -14231.114040929464
L2 norm of gradient: 200.4388843595539
Iteration 226: -13215.74881449221
L2 norm of gradient: 183.95015548832583
Iteration 227: -15042.499501293234
L2 norm of gradient: 193.42697129693
Iteration 228: -14884.277690803561
L2 norm of gradient: 231.14346758003646
Iteration 229: -15935.54926869995
L2 norm of gradient: 234.43292278500758
Iteration 230: -13169.307241575336
L2 norm of gradient: 13.78040403579226
Iteration 231: -13562.549386961811
L2 norm of gradient: 57.85244759042111
Iteration 232: -15697.848401140922
L2 norm of gradient: 12.120045617133215
Iteration 233: -13681.708063768192
L2 norm of gradient: 254.7573582521153
Iteration 234: -14635.935456502886
L2 norm of gradient: 1.7602853878184126
Iteration 235: -15526.488772317098
L2 norm of gradient: 241.23149826534328
Iteration 236: -13491.106562473069
L2 norm of gradient: 482.2007609594061
Iteration 237: -14490.600609492922
L2 norm of gradient: 366.3883940579799
Iteration 238: -14678.206491509813
L2 norm of gradient: 25.973440529306284
Iteration 239: -13326.312996235518
L2 norm of gradient: 82.88305194292005
Iteration 240: -15460.160028469334
L2 norm of gradient: 11.72749562995448
Iteration 241: -14146.133655952617
L2 norm of gradient: 197.6471323579177
Iteration 242: -13036.744156693141
L2 norm of gradient: 408.67066475944
Iteration 243: -13773.942374417114
L2 norm of gradient: 22.37362398884316
Iteration 244: -15311.38592071025
L2 norm of gradient: 143.52400485565107
Iteration 245: -14278.395579277138
L2 norm of gradient: 6.44292015097494
Iteration 246: -15376.853578294536
L2 norm of gradient: 173.64495778360993
Iteration 247: -15897.665855128937
L2 norm of gradient: 255.1905628444012
Iteration 248: -11662.086302264028
L2 norm of gradient: 13.54147789170152
Iteration 249: -14914.723621999216
L2 norm of gradient: 171.42145150511402
Iteration 250: -14289.449198235103
L2 norm of gradient: 10.693549956582427
Iteration 251: -13989.579775049657
L2 norm of gradient: 23.25764361281991
Iteration 252: -14781.391165362535
L2 norm of gradient: 20.0083305606669
Iteration 253: -14756.526179028238
L2 norm of gradient: 12.633594619761753
Iteration 254: -14296.433094188409
L2 norm of gradient: 22.86054975695271
Iteration 255: -12469.660715479753
L2 norm of gradient: 87.2066243868005
Iteration 256: -14244.177594983454
L2 norm of gradient: 533.5297338160007
Iteration 257: -14472.891507515522
L2 norm of gradient: 144.22370839004248
Iteration 258: -14430.651704420023
L2 norm of gradient: 57.24333724754903
Iteration 259: -14312.655828035819
L2 norm of gradient: 346.5953098982221
Iteration 260: -14957.368346859641
L2 norm of gradient: 40.49241863301138
Iteration 261: -15003.3430051478
L2 norm of gradient: 351.8224872676254
Iteration 262: -14737.585389454262
L2 norm of gradient: 255.56244518556528
Iteration 263: -15165.076458187888
L2 norm of gradient: 11.77722236419656
Iteration 264: -15217.595982445257
L2 norm of gradient: 11.55101177284157
Iteration 265: -13240.53954686275
L2 norm of gradient: 236.5074354347452
Iteration 266: -12579.509913767586
L2 norm of gradient: 290.1078417528365
Iteration 267: -15762.001531634773
L2 norm of gradient: 103.89990321507942
Iteration 268: -15072.28485204133
L2 norm of gradient: 17.37301000221722
Iteration 269: -13544.901188058368
L2 norm of gradient: 371.4484424523222
Iteration 270: -13644.165337395467
L2 norm of gradient: 281.59693273768164
Iteration 271: -14678.102372328232
L2 norm of gradient: 589.8083514953015
Iteration 272: -14525.249827846434
L2 norm of gradient: 16.61720099322282
Iteration 273: -15074.793842474108
L2 norm of gradient: 287.9291100773929
Iteration 274: -13613.003352882355
L2 norm of gradient: 83.04956179389967
Iteration 275: -12618.047392744795
L2 norm of gradient: 295.8244846703444
Iteration 276: -12610.329121580082
L2 norm of gradient: 216.37869379282841
Iteration 277: -13936.720373883616
L2 norm of gradient: 25.16033346365551
Iteration 278: -14007.18736047222
L2 norm of gradient: 41.48541817975988
Iteration 279: -13994.310943406266
L2 norm of gradient: 37.657129168912256
Iteration 280: -14223.188504162123
L2 norm of gradient: 263.3843950353123
Iteration 281: -13331.017240039399
L2 norm of gradient: 229.9070405198613
Iteration 282: -14252.200235348719
L2 norm of gradient: 209.38330679681377
Iteration 283: -14647.744537382536
L2 norm of gradient: 2.887174882406711
Iteration 284: -13086.884436264525
L2 norm of gradient: 257.71909611833894
Iteration 285: -13811.935150425354
L2 norm of gradient: 30.489740518258994
Iteration 286: -14451.73243047652
L2 norm of gradient: 213.84724299983043
Iteration 287: -12194.261769810724
L2 norm of gradient: 238.6978744094655
Iteration 288: -13709.79110868261
L2 norm of gradient: 307.2942698298466
Iteration 289: -13585.852511100446
L2 norm of gradient: 220.13915471013163
Iteration 290: -13729.933380752553
L2 norm of gradient: 32.22247243375007
Iteration 291: -13374.703445214109
L2 norm of gradient: 14.908902298967345
Iteration 292: -12797.189150808887
L2 norm of gradient: 253.4057325137845
Iteration 293: -13345.560964721013
L2 norm of gradient: 12.849199216645555
Iteration 294: -13701.58333919197
L2 norm of gradient: 220.0478794792882
Iteration 295: -14235.374981785368
L2 norm of gradient: 67.9202842826318
Iteration 296: -13766.060785075018
L2 norm of gradient: 120.90418387490749
Iteration 297: -13928.337415318296
L2 norm of gradient: 25.48792756242243
Iteration 298: -12559.303012306053
L2 norm of gradient: 40.69215082009072
Iteration 299: -13921.195357732233
L2 norm of gradient: 2.049533558889907
Iteration 300: -14758.18518655519
L2 norm of gradient: 320.7751829818792
Iteration 301: -13888.503699150502
L2 norm of gradient: 7.451367804823285
Iteration 302: -12161.646734934413
L2 norm of gradient: 420.2052939651764
Iteration 303: -14747.845468014848
L2 norm of gradient: 39.19900959001672
Iteration 304: -15921.909674466633
L2 norm of gradient: 320.1097951167873
Iteration 305: -12835.948948865327
L2 norm of gradient: 330.9522607300983
Iteration 306: -13887.700569153269
L2 norm of gradient: 520.7256003608493
Iteration 307: -14645.020397211018
L2 norm of gradient: 19.535838479551774
Iteration 308: -14760.919463093345
L2 norm of gradient: 42.28795570770272
Iteration 309: -13306.651167510678
L2 norm of gradient: 46.107251499601745
Iteration 310: -14835.336595978439
L2 norm of gradient: 443.3791217584642
Iteration 311: -14511.341874792724
L2 norm of gradient: 22.86452768462625
Iteration 312: -13833.15945963711
L2 norm of gradient: 435.20939766282703
Iteration 313: -14426.332752585648
L2 norm of gradient: 201.96305799986055
Iteration 314: -14092.796744275653
L2 norm of gradient: 32.2034435730251
Iteration 315: -12937.04749927735
L2 norm of gradient: 8.881344101142965
Iteration 316: -12775.688854938264
L2 norm of gradient: 345.7627943708597
Iteration 317: -14636.420476825479
L2 norm of gradient: 675.5290097009919
Iteration 318: -15127.548808717916
L2 norm of gradient: 45.31235551292356
Iteration 319: -13016.926297663073
L2 norm of gradient: 26.14400497767047
Iteration 320: -13244.377458757192
L2 norm of gradient: 65.36165466558009
Iteration 321: -11734.005569152261
L2 norm of gradient: 394.0925029167408
Iteration 322: -15176.193001140273
L2 norm of gradient: 40.62408270130352
Iteration 323: -12244.946514784959
L2 norm of gradient: 241.73450503809536
Iteration 324: -15237.932845935535
L2 norm of gradient: 8.39058493737927
Iteration 325: -15525.256545025364
L2 norm of gradient: 275.91729590305215
Iteration 326: -15325.982110491324
L2 norm of gradient: 21.989656492419282
Iteration 327: -14011.71491222172
L2 norm of gradient: 263.51393994811
Iteration 328: -13233.36112857936
L2 norm of gradient: 412.6702121173185
Iteration 329: -13939.663275059778
L2 norm of gradient: 27.481080140109206
Iteration 330: -11709.597234451405
L2 norm of gradient: 44.797754979593684
Iteration 331: -14993.595785909485
L2 norm of gradient: 19.172622304076686
Iteration 332: -13709.833556377023
L2 norm of gradient: 66.44608155936808
Iteration 333: -15456.7729434803
L2 norm of gradient: 283.59481575296735
Iteration 334: -14307.002188178787
L2 norm of gradient: 228.37720579571135
Iteration 335: -13327.162290463984
L2 norm of gradient: 256.07304477476043
Iteration 336: -13698.570966090048
L2 norm of gradient: 561.8801126617703
Iteration 337: -15531.331284784443
L2 norm of gradient: 850.9761197969716
Iteration 338: -12739.51588147042
L2 norm of gradient: 292.1529052251948
Iteration 339: -11953.549644404467
L2 norm of gradient: 398.81321753363227
Iteration 340: -15465.369915439096
L2 norm of gradient: 17.24827183696093
Iteration 341: -15071.33495311535
L2 norm of gradient: 35.63186692530485
Iteration 342: -12243.679151676146
L2 norm of gradient: 392.3082492802057
Iteration 343: -14163.069955655586
L2 norm of gradient: 36.62427055787761
Iteration 344: -15761.629911036242
L2 norm of gradient: 455.62427644191143
Iteration 345: -14003.88937203226
L2 norm of gradient: 53.47176834393567
Iteration 346: -13856.064148225476
L2 norm of gradient: 408.1051228623038
Iteration 347: -13215.67669305924
L2 norm of gradient: 102.67565902879893
Iteration 348: -12921.907977176663
L2 norm of gradient: 35.204343892161006
Iteration 349: -15214.046012386372
L2 norm of gradient: 102.23525756283203
Iteration 350: -15228.32093807981
L2 norm of gradient: 22.819496584739422
Iteration 351: -11801.703602032077
L2 norm of gradient: 107.59205992550646
Iteration 352: -13153.639898900772
L2 norm of gradient: 404.24115726901533
Iteration 353: -14127.572485851444
L2 norm of gradient: 93.64000941401017
Iteration 354: -13851.832477911063
L2 norm of gradient: 307.9563765092142
Iteration 355: -14063.195537964406
L2 norm of gradient: 311.7533706439729
Iteration 356: -11775.127920251813
L2 norm of gradient: 47.24671811799058
Iteration 357: -12767.811492421992
L2 norm of gradient: 426.85964249837554
Iteration 358: -14419.434109664058
L2 norm of gradient: 52.780915590950386
Iteration 359: -12394.64854707112
L2 norm of gradient: 393.8567205835473
Iteration 360: -15516.510037898035
L2 norm of gradient: 315.61767543099603
Iteration 361: -14206.09157373249
L2 norm of gradient: 263.9130939453555
Iteration 362: -12311.629580733263
L2 norm of gradient: 15.199764901198975
Iteration 363: -15841.062706424367
L2 norm of gradient: 41.02226254885949
Iteration 364: -15454.062148122077
L2 norm of gradient: 456.24665776030366
Iteration 365: -14593.008429432231
L2 norm of gradient: 484.1757635785751
Iteration 366: -14146.11798196786
L2 norm of gradient: 240.46787285832124
Iteration 367: -12393.948687595406
L2 norm of gradient: 11.301815078441559
Iteration 368: -13988.30507364915
L2 norm of gradient: 625.5169529496658
Iteration 369: -13731.82913612143
L2 norm of gradient: 22.558999595715033
Iteration 370: -13991.880744822982
L2 norm of gradient: 40.08088836162856
Iteration 371: -14069.150378949334
L2 norm of gradient: 284.1383971186985
Iteration 372: -13976.03659738492
L2 norm of gradient: 305.85207299747634
Iteration 373: -12078.975153454061
L2 norm of gradient: 311.1284360510415
Iteration 374: -11767.943682978213
L2 norm of gradient: 496.4098277554295
Iteration 375: -13803.170848752176
L2 norm of gradient: 300.4232184488815
Iteration 376: -13133.845789255447
L2 norm of gradient: 39.31996767602058
Iteration 377: -13830.340352903684
L2 norm of gradient: 119.18637887180667
Iteration 378: -13812.143390684523
L2 norm of gradient: 77.49514773417033
Iteration 379: -13448.189849724782
L2 norm of gradient: 18.05268502867363
Iteration 380: -13986.426164907634
L2 norm of gradient: 125.74411967460742
Iteration 381: -13555.752904135317
L2 norm of gradient: 320.3607801141975
Iteration 382: -13213.427502038214
L2 norm of gradient: 304.21524380525005
Iteration 383: -15058.05676224255
L2 norm of gradient: 97.6994879837994
Iteration 384: -13074.143793307554
L2 norm of gradient: 114.91195057750804
Iteration 385: -13214.111023072954
L2 norm of gradient: 418.89290681195206
Iteration 386: -15023.576582652982
L2 norm of gradient: 253.84907059904242
Iteration 387: -14816.309504354429
L2 norm of gradient: 112.47369129905994
Iteration 388: -14454.544859710291
L2 norm of gradient: 343.81719792714284
Iteration 389: -13555.322066091454
L2 norm of gradient: 322.31255087229454
Iteration 390: -12823.98872588517
L2 norm of gradient: 431.8487560080384
Iteration 391: -12890.839412596539
L2 norm of gradient: 483.4879614648448
Iteration 392: -13928.154682038474
L2 norm of gradient: 89.74109512319866
Iteration 393: -14303.490783230302
L2 norm of gradient: 5.41825163018201
Iteration 394: -14911.290771131746
L2 norm of gradient: 549.6631640722655
Iteration 395: -14698.735717478266
L2 norm of gradient: 60.77306250589841
Iteration 396: -15057.409748180104
L2 norm of gradient: 2.5640176722235695
Iteration 397: -13836.571198319243
L2 norm of gradient: 412.80313659465145
Iteration 398: -13801.871428835824
L2 norm of gradient: 296.0339213836073
Iteration 399: -14566.754483918408
L2 norm of gradient: 355.24297024050134
Iteration 400: -12053.056965442856
L2 norm of gradient: 294.8234023663563
Iteration 401: -13034.446555895565
L2 norm of gradient: 44.668716464080596
Iteration 402: -13451.78297650848
L2 norm of gradient: 380.43198380348093
Iteration 403: -14849.138073830269
L2 norm of gradient: 12.246418321428045
Iteration 404: -14915.486734111588
L2 norm of gradient: 74.91880746987978
Iteration 405: -13764.41450871643
L2 norm of gradient: 80.75042898290737
Iteration 406: -13973.601713675507
L2 norm of gradient: 440.9139785939548
Iteration 407: -11341.718277247783
L2 norm of gradient: 315.7086608763036
Iteration 408: -15023.397248412377
L2 norm of gradient: 645.7696340832581
Iteration 409: -14127.960303087477
L2 norm of gradient: 687.4042825053809
Iteration 410: -12295.610358687176
L2 norm of gradient: 25.61452284462237
Iteration 411: -14757.849089711328
L2 norm of gradient: 66.42553478348252
Iteration 412: -14223.528011072953
L2 norm of gradient: 436.9553276612517
Iteration 413: -12466.45389082456
L2 norm of gradient: 85.73099159071589
Iteration 414: -13814.995764362911
L2 norm of gradient: 143.8663098199427
Iteration 415: -14575.850547613356
L2 norm of gradient: 166.4581080851811
Iteration 416: -14834.786475160823
L2 norm of gradient: 610.1374010436671
Iteration 417: -13386.205020724292
L2 norm of gradient: 0.7570302137219318
Iteration 418: -14144.036014876774
L2 norm of gradient: 67.19491482018016
Iteration 419: -14533.134888883902
L2 norm of gradient: 437.04485447666127
Iteration 420: -13605.46155780168
L2 norm of gradient: 16.86087014512165
Iteration 421: -15068.444293606954
L2 norm of gradient: 913.3225263853356
Iteration 422: -13351.8241586671
L2 norm of gradient: 307.16638029594975
Iteration 423: -14484.416275981424
L2 norm of gradient: 378.38930541208157
Iteration 424: -12833.203358986051
L2 norm of gradient: 15.763501250744648
Iteration 425: -14764.745038249006
L2 norm of gradient: 13.868271090288975
Iteration 426: -14601.943196762746
L2 norm of gradient: 63.88216413885598
Iteration 427: -14850.49764702418
L2 norm of gradient: 458.7229844212638
Iteration 428: -12298.471003187395
L2 norm of gradient: 321.16159255711483
Iteration 429: -13242.761889510664
L2 norm of gradient: 128.96882661353268
Iteration 430: -13426.94215685548
L2 norm of gradient: 306.18747270418396
Iteration 431: -14474.307396289709
L2 norm of gradient: 19.41926805931673
Iteration 432: -13541.409994138026
L2 norm of gradient: 45.50884672960854
Iteration 433: -13385.597682031555
L2 norm of gradient: 365.6383529064011
Iteration 434: -14383.093241103208
L2 norm of gradient: 13.606495380573875
Iteration 435: -13373.637382170993
L2 norm of gradient: 138.50902702845025
Iteration 436: -13371.348129572267
L2 norm of gradient: 16.239513241204328
Iteration 437: -14141.464588434315
L2 norm of gradient: 474.565406359585
Iteration 438: -15666.834675176096
L2 norm of gradient: 785.2614641596464
Iteration 439: -13532.685167791013
L2 norm of gradient: 6.651363941169271
Iteration 440: -15064.380381995994
L2 norm of gradient: 56.06024827515939
Iteration 441: -14451.486276115234
L2 norm of gradient: 452.9170935060204
Iteration 442: -12967.2738204895
L2 norm of gradient: 220.79764829215563
Iteration 443: -14726.995289091425
L2 norm of gradient: 485.1297880504144
Iteration 444: -13544.99746050681
L2 norm of gradient: 92.94282248334007
Iteration 445: -13603.891653229723
L2 norm of gradient: 398.2202711903488
Iteration 446: -13915.190260631987
L2 norm of gradient: 794.2835166441184
Iteration 447: -15866.517564421823
L2 norm of gradient: 130.4763523952279
Iteration 448: -14612.342286001738
L2 norm of gradient: 112.03744878356025
Iteration 449: -14578.241892274016
L2 norm of gradient: 229.39650201776413
Iteration 450: -14265.734189819459
L2 norm of gradient: 14.41947599858441
Iteration 451: -15829.66172900836
L2 norm of gradient: 131.426822829813
Iteration 452: -13734.847064855563
L2 norm of gradient: 531.048405207187
Iteration 453: -14377.380038245507
L2 norm of gradient: 491.1173590922948
Iteration 454: -13546.29892567305
L2 norm of gradient: 1083.9246631603255
Iteration 455: -14231.147193967534
L2 norm of gradient: 339.2112922942763
Iteration 456: -13164.238563506357
L2 norm of gradient: 71.71887352595272
Iteration 457: -14834.840051029769
L2 norm of gradient: 126.3183032948972
Iteration 458: -15073.88174715917
L2 norm of gradient: 89.55631057576218
Iteration 459: -13589.484788114632
L2 norm of gradient: 68.18241345014951
Iteration 460: -14439.333424196044
L2 norm of gradient: 68.66880457041738
Iteration 461: -14677.74373900532
L2 norm of gradient: 165.62949312796314
Iteration 462: -13722.256856326363
L2 norm of gradient: 65.6863714028353
Iteration 463: -13916.327838137397
L2 norm of gradient: 155.4923225837796
Iteration 464: -14812.75478590826
L2 norm of gradient: 45.79094388061975
Iteration 465: -14593.658093288066
L2 norm of gradient: 31.47886779163765
Iteration 466: -12488.77867976419
L2 norm of gradient: 384.3315992500622
Iteration 467: -13206.56219601236
L2 norm of gradient: 350.22768368479484
Iteration 468: -14519.593309464219
L2 norm of gradient: 141.13300939489872
Iteration 469: -14058.253304968104
L2 norm of gradient: 72.32250470058493
Iteration 470: -15300.653077214987
L2 norm of gradient: 383.63130287617827
Iteration 471: -15675.52243591884
L2 norm of gradient: 408.4460432812074
Iteration 472: -13681.983485029765
L2 norm of gradient: 517.5259637411646
Iteration 473: -13654.601138797816
L2 norm of gradient: 368.1008408636818
Iteration 474: -13302.182180676959
L2 norm of gradient: 12.422634367271296
Iteration 475: -12008.42710040418
L2 norm of gradient: 839.1186018584899
Iteration 476: -15188.478598156398
L2 norm of gradient: 731.0866442075802
Iteration 477: -14222.364272369341
L2 norm of gradient: 395.14225968678863
Iteration 478: -14058.466753080924
L2 norm of gradient: 96.80022595149099
Iteration 479: -14822.876428828198
L2 norm of gradient: 85.84324306845605
Iteration 480: -14527.20322842911
L2 norm of gradient: 798.4304094169959
Iteration 481: -13665.515278541552
L2 norm of gradient: 455.05059560875236
Iteration 482: -13656.750133427133
L2 norm of gradient: 688.976246525161
Iteration 483: -13341.816432257141
L2 norm of gradient: 122.20937572133546
Iteration 484: -14881.726154231532
L2 norm of gradient: 95.68680127948215
Iteration 485: -12695.714564547918
L2 norm of gradient: 662.7812978105694
Iteration 486: -14260.866092444787
L2 norm of gradient: 439.95941011105
Iteration 487: -12294.238881576379
L2 norm of gradient: 387.9038081539702
Iteration 488: -14240.601036455431
L2 norm of gradient: 86.51776665467531
Iteration 489: -12922.983079557685
L2 norm of gradient: 818.9792099473405
Iteration 490: -13903.433425750136
L2 norm of gradient: 78.48297622264899
Iteration 491: -14997.926072857039
L2 norm of gradient: 529.0222096879673
Iteration 492: -12100.2105170459
L2 norm of gradient: 23.057406409188545
Iteration 493: -14163.1560857434
L2 norm of gradient: 182.01255588034576
Iteration 494: -14954.756063655579
L2 norm of gradient: 596.3455030792068
Iteration 495: -13830.326608035642
L2 norm of gradient: 453.41669792125947
Iteration 496: -13663.484281855477
L2 norm of gradient: 90.07833189436857
Iteration 497: -14199.373136818598
L2 norm of gradient: 527.883948613477
Iteration 498: -12737.349368478508
L2 norm of gradient: 534.8483783401431
Iteration 499: -13794.651433442821
[ { query: [ 'Who is a doctor', [Object] ],
    trueResult: 
     Marginal:
         "John and Mary are doctors" : 0.380020640450514
         "John and Mary are doctors and teachers" : 0.20855974943514632
         "John is a doctor" : 0.08655534418766547
         "Mary is a doctor" : 0.08655534418766547
         "John is a doctor and a teacher" : 0.04750258005631425
         "Mary is a doctor and a teacher" : 0.04750258005631425
         "John and Mary are doctors or teachers" : 0.018309772241219994
         "John or Mary is a doctor and a teacher" : 0.01641723975145466
         "John is a doctor or a teacher" : 0.014074838535204214
         "Mary is a doctor or a teacher" : 0.014074838535204214
         "John or Mary is a doctor" : 0.014074838535204214
         "Mary is a teacher" : 0.010819418023458179
         "John is a teacher" : 0.010819418023458179
         "John is not a teacher" : 0.008015222008949992
         "Mary is not a teacher" : 0.008015222008949992
         "John and Mary are teachers" : 0.0059378225070392835
         "John or Mary is a teacher" : 0.005937822507039272
         "John and Mary are not teachers" : 0.0043988471043886965
         "John or Mary is not a teacher" : 0.0043988471043886965
         "John or Mary is a doctor or a teacher" : 0.003954910804103521
         "John is not a doctor and a teacher" : 0.0013033621050040592
         "Mary is not a doctor and a teacher" : 0.0013033621050040592
         "John or Mary is not a doctor and a teacher" : 0.0012360388998589598
         "John and Mary are not doctors and teachers" : 0.00021194082645043896,
    learnedResult: 
     Marginal:
         "John is a doctor" : 0.25368334422073363
         "Mary is a doctor" : 0.25368334422073363
         "John and Mary are doctors" : 0.037614618734017405
         "Mary is a teacher" : 0.0317104180275917
         "John is a teacher" : 0.0317104180275917
         "John is a doctor and a teacher" : 0.026383248196868613
         "Mary is a doctor and a teacher" : 0.026383248196868613
         "John is not a teacher" : 0.02349165546027389
         "Mary is not a teacher" : 0.02349165546027389
         "John or Mary is a doctor" : 0.01974519636467693
         "John is a doctor or a teacher" : 0.018618249750233056
         "Mary is a doctor or a teacher" : 0.018618249750233056
         "John or Mary is a teacher" : 0.017403046398948102
         "John and Mary are teachers" : 0.017403046398948102
         "John is not a doctor" : 0.015841186508769554
         "Mary is not a doctor" : 0.015841186508769554
         "John or Mary is not a teacher" : 0.012892493867710098
         "John and Mary are not teachers" : 0.012892493867710098
         "Mary is not a doctor or a teacher" : 0.012792548738244444
         "John is not a doctor or a teacher" : 0.012792548738244421
         "John or Mary is not a doctor" : 0.012726299836429915
         "John is not a doctor and a teacher" : 0.012340378391369783
         "Mary is not a doctor and a teacher" : 0.012340378391369783
         "John and Mary are not doctors" : 0.011770379750761676
         "John and Mary are doctors and teachers" : 0.010622253577017224
         "John and Mary are doctors or teachers" : 0.00973297443274726
         "John or Mary is a doctor and a teacher" : 0.009698883081353204
         "John or Mary is a doctor or a teacher" : 0.009576973633324945
         "John or Mary is not a doctor or a teacher" : 0.007073611048636122
         "John or Mary is not a doctor and a teacher" : 0.007064546240802057
         "John and Mary are not doctors or teachers" : 0.007062029254346007
         "John and Mary are not doctors and teachers" : 0.006999094924400287,
    KLDivergence: 1.3021676982983763 },
  { query: [ 'Who is a doctor', [Object] ],
    trueResult: 
     Marginal:
         "John and Mary are doctors" : 0.380020640450514
         "John and Mary are doctors and teachers" : 0.20855974943514632
         "John is a doctor" : 0.08655534418766547
         "Mary is a doctor" : 0.08655534418766547
         "John is a doctor and a teacher" : 0.04750258005631425
         "Mary is a doctor and a teacher" : 0.04750258005631425
         "John and Mary are doctors or teachers" : 0.018309772241219994
         "John or Mary is a doctor and a teacher" : 0.01641723975145466
         "John is a doctor or a teacher" : 0.014074838535204214
         "Mary is a doctor or a teacher" : 0.014074838535204214
         "John or Mary is a doctor" : 0.014074838535204214
         "Mary is a teacher" : 0.010819418023458179
         "John is a teacher" : 0.010819418023458179
         "John is not a teacher" : 0.008015222008949992
         "Mary is not a teacher" : 0.008015222008949992
         "John and Mary are teachers" : 0.0059378225070392835
         "John or Mary is a teacher" : 0.005937822507039272
         "John and Mary are not teachers" : 0.0043988471043886965
         "John or Mary is not a teacher" : 0.0043988471043886965
         "John or Mary is a doctor or a teacher" : 0.003954910804103521
         "John is not a doctor and a teacher" : 0.0013033621050040592
         "Mary is not a doctor and a teacher" : 0.0013033621050040592
         "John or Mary is not a doctor and a teacher" : 0.0012360388998589598
         "John and Mary are not doctors and teachers" : 0.00021194082645043896,
    learnedResult: 
     Marginal:
         "John is a doctor" : 0.25368334422073363
         "Mary is a doctor" : 0.25368334422073363
         "John and Mary are doctors" : 0.037614618734017405
         "Mary is a teacher" : 0.0317104180275917
         "John is a teacher" : 0.0317104180275917
         "John is a doctor and a teacher" : 0.026383248196868613
         "Mary is a doctor and a teacher" : 0.026383248196868613
         "John is not a teacher" : 0.02349165546027389
         "Mary is not a teacher" : 0.02349165546027389
         "John or Mary is a doctor" : 0.01974519636467693
         "John is a doctor or a teacher" : 0.018618249750233056
         "Mary is a doctor or a teacher" : 0.018618249750233056
         "John or Mary is a teacher" : 0.017403046398948102
         "John and Mary are teachers" : 0.017403046398948102
         "John is not a doctor" : 0.015841186508769554
         "Mary is not a doctor" : 0.015841186508769554
         "John or Mary is not a teacher" : 0.012892493867710098
         "John and Mary are not teachers" : 0.012892493867710098
         "Mary is not a doctor or a teacher" : 0.012792548738244444
         "John is not a doctor or a teacher" : 0.012792548738244421
         "John or Mary is not a doctor" : 0.012726299836429915
         "John is not a doctor and a teacher" : 0.012340378391369783
         "Mary is not a doctor and a teacher" : 0.012340378391369783
         "John and Mary are not doctors" : 0.011770379750761676
         "John and Mary are doctors and teachers" : 0.010622253577017224
         "John and Mary are doctors or teachers" : 0.00973297443274726
         "John or Mary is a doctor and a teacher" : 0.009698883081353204
         "John or Mary is a doctor or a teacher" : 0.009576973633324945
         "John or Mary is not a doctor or a teacher" : 0.007073611048636122
         "John or Mary is not a doctor and a teacher" : 0.007064546240802057
         "John and Mary are not doctors or teachers" : 0.007062029254346007
         "John and Mary are not doctors and teachers" : 0.006999094924400287,
    KLDivergence: 1.3021676982983763 },
  { query: [ 'Who is a doctor and a teacher', [Object] ],
    trueResult: 
     Marginal:
         "John is a doctor and a teacher" : 0.5057429117707349
         "John is a doctor" : 0.11519045846271186
         "John is a teacher" : 0.11519045846271186
         "John or Mary is a doctor and a teacher" : 0.051789172217255514
         "Mary is not a teacher" : 0.02528450088232814
         "Mary is not a doctor" : 0.02528450088232814
         "John and Mary are teachers" : 0.018731218954471676
         "John and Mary are doctors" : 0.018731218954471676
         "John or Mary is a teacher" : 0.018731218954471645
         "John is a doctor or a teacher" : 0.018731218954471645
         "John or Mary is a doctor" : 0.018731218954471645
         "Mary is not a doctor or a teacher" : 0.013876428297051366
         "Mary is not a doctor and a teacher" : 0.013876428297051366
         "John and Mary are doctors or teachers" : 0.007219910001734958
         "Mary is a doctor or a teacher" : 0.00554999080132493
         "John or Mary is a doctor or a teacher" : 0.005263314391264789
         "Mary is a doctor" : 0.004266313276396742
         "Mary is a teacher" : 0.004266313276396742
         "John or Mary is not a doctor" : 0.004111534310237441
         "John or Mary is not a teacher" : 0.004111534310237441
         "John or Mary is not a doctor and a teacher" : 0.003899159202225257
         "John or Mary is not a doctor or a teacher" : 0.0014209763856506024,
    learnedResult: 
     Marginal:
         "John is a doctor" : 0.06436394498642886
         "John is a teacher" : 0.06375789288853362
         "Mary is a doctor" : 0.05929173480652024
         "Mary is a teacher" : 0.05926092541356445
         "Mary is not a teacher" : 0.04388249486791457
         "Mary is not a doctor" : 0.04387968694102142
         "John is not a teacher" : 0.04348373430295719
         "John is not a doctor" : 0.04343162292621665
         "John is a doctor and a teacher" : 0.033230514528905235
         "John and Mary are doctors" : 0.03292315448663324
         "John and Mary are teachers" : 0.0328735504661253
         "John is a doctor or a teacher" : 0.03262236546287972
         "John or Mary is a doctor" : 0.0325733906299583
         "John or Mary is a teacher" : 0.03256585369842811
         "Mary is a doctor or a teacher" : 0.03251161579038998
         "Mary is a doctor and a teacher" : 0.03250183028036187
         "Mary is not a doctor and a teacher" : 0.024084906201745488
         "Mary is not a doctor or a teacher" : 0.02408427359007071
         "John or Mary is not a teacher" : 0.024080272967777944
         "John or Mary is not a doctor" : 0.02407971532382971
         "John is not a doctor or a teacher" : 0.0240749443599075
         "John and Mary are not teachers" : 0.024055811322954403
         "John and Mary are not doctors" : 0.02405192669467378
         "John is not a doctor and a teacher" : 0.0240327843279291
         "John and Mary are doctors and teachers" : 0.017891107407875407
         "John and Mary are doctors or teachers" : 0.017851172108869284
         "John or Mary is a doctor and a teacher" : 0.017849203586613308
         "John or Mary is a doctor or a teacher" : 0.01784343976246028
         "John or Mary is not a doctor or a teacher" : 0.01321768601633133
         "John or Mary is not a doctor and a teacher" : 0.013217253141566113
         "John and Mary are not doctors or teachers" : 0.013217105609979055
         "John and Mary are not doctors and teachers" : 0.013214085100578367,
    KLDivergence: 1.4041747857193145 },
  { query: [ 'Who is a doctor or a teacher', [Object] ],
    trueResult: 
     Marginal:
         "John and Mary are doctors" : 0.1056107851909732
         "John and Mary are teachers" : 0.1056107851909732
         "John is a doctor" : 0.08118368320238828
         "John is a teacher" : 0.08118368320238828
         "Mary is a teacher" : 0.08118368320238828
         "Mary is a doctor" : 0.08118368320238828
         "John and Mary are doctors or teachers" : 0.05796042780983282
         "John and Mary are doctors and teachers" : 0.05796042780983277
         "Mary is a doctor and a teacher" : 0.044554550002441795
         "John is a doctor and a teacher" : 0.044554550002441795
         "Mary is a doctor or a teacher" : 0.04455455000244175
         "John is a doctor or a teacher" : 0.04455455000244175
         "John or Mary is a teacher" : 0.03129208450102909
         "John or Mary is a doctor" : 0.03129208450102909
         "John or Mary is a doctor and a teacher" : 0.021122604886965272
         "John or Mary is a doctor or a teacher" : 0.012519452406923889
         "John is not a doctor and a teacher" : 0.009779799246246973
         "Mary is not a doctor and a teacher" : 0.009779799246246973
         "John is not a teacher" : 0.007517793967297686
         "Mary is not a teacher" : 0.007517793967297686
         "Mary is not a doctor" : 0.007517793967297686
         "John is not a doctor" : 0.007517793967297686
         "John or Mary is not a doctor and a teacher" : 0.00651387501985663
         "John or Mary is not a doctor" : 0.00565960604528182
         "John or Mary is not a teacher" : 0.00565960604528182
         "John and Mary are not doctors and teachers" : 0.0037696035994540657
         "John and Mary are not doctors" : 0.0012224749057808738
         "John and Mary are not teachers" : 0.0012224749057808738,
    learnedResult: 
     Marginal:
         "John is a doctor" : 0.059995189590170014
         "John is a teacher" : 0.059979964158264315
         "Mary is a doctor" : 0.059857401404435205
         "Mary is a teacher" : 0.05985655915201768
         "Mary is not a teacher" : 0.04433573697576735
         "Mary is not a doctor" : 0.04433566018541171
         "John is not a teacher" : 0.044324494433046965
         "John is not a doctor" : 0.04432310855402336
         "John is a doctor and a teacher" : 0.03286644379205981
         "John and Mary are doctors" : 0.032857985706641536
         "John and Mary are teachers" : 0.03285668292275767
         "John is a doctor or a teacher" : 0.03284861420557016
         "John or Mary is a doctor" : 0.03284723853289813
         "John or Mary is a teacher" : 0.03284703927045173
         "Mary is a doctor and a teacher" : 0.032846238610921515
         "Mary is a doctor or a teacher" : 0.03284551558316171
         "Mary is not a doctor or a teacher" : 0.024332376436208968
         "Mary is not a doctor and a teacher" : 0.02433232434959251
         "John or Mary is not a teacher" : 0.024332265896424704
         "John or Mary is not a doctor" : 0.024332251134429064
         "John is not a doctor or a teacher" : 0.02433211507738476
         "John and Mary are not teachers" : 0.02433149541439202
         "John and Mary are not doctors" : 0.024331392506197137
         "John is not a doctor and a teacher" : 0.024330867585734568
         "John and Mary are doctors and teachers" : 0.018027402405815008
         "John and Mary are doctors or teachers" : 0.018026162793077467
         "John or Mary is a doctor and a teacher" : 0.01802610111322392
         "John or Mary is a doctor or a teacher" : 0.018025921973876983
         "John or Mary is not a doctor or a teacher" : 0.013353898444943899
         "John or Mary is not a doctor and a teacher" : 0.013353884986673368
         "John and Mary are not doctors or teachers" : 0.013353880363217122
         "John and Mary are not doctors and teachers" : 0.013353786441209457,
    KLDivergence: 0.4262183032341148 },
  { query: [ 'Who is not a doctor and a teacher', [Object] ],
    trueResult: 
     Marginal:
         "John is a doctor and a teacher" : 0.5057429117707349
         "John is a doctor" : 0.11519045846271186
         "John is a teacher" : 0.11519045846271186
         "John or Mary is a doctor and a teacher" : 0.051789172217255514
         "Mary is not a teacher" : 0.02528450088232814
         "Mary is not a doctor" : 0.02528450088232814
         "John and Mary are teachers" : 0.018731218954471676
         "John and Mary are doctors" : 0.018731218954471676
         "John or Mary is a teacher" : 0.018731218954471645
         "John is a doctor or a teacher" : 0.018731218954471645
         "John or Mary is a doctor" : 0.018731218954471645
         "Mary is not a doctor or a teacher" : 0.013876428297051366
         "Mary is not a doctor and a teacher" : 0.013876428297051366
         "John and Mary are doctors or teachers" : 0.007219910001734958
         "Mary is a doctor or a teacher" : 0.00554999080132493
         "John or Mary is a doctor or a teacher" : 0.005263314391264789
         "Mary is a doctor" : 0.004266313276396742
         "Mary is a teacher" : 0.004266313276396742
         "John or Mary is not a doctor" : 0.004111534310237441
         "John or Mary is not a teacher" : 0.004111534310237441
         "John or Mary is not a doctor and a teacher" : 0.003899159202225257
         "John or Mary is not a doctor or a teacher" : 0.0014209763856506024,
    learnedResult: 
     Marginal:
         "John is a doctor" : 0.05991035247714645
         "John is a teacher" : 0.05990460181975334
         "Mary is a doctor" : 0.059860612190757195
         "Mary is a teacher" : 0.059860302958310393
         "Mary is not a teacher" : 0.04434652798444698
         "Mary is not a doctor" : 0.04434649978742324
         "John is not a teacher" : 0.0443424897518163
         "John is not a doctor" : 0.044341965692566966
         "John is a doctor and a teacher" : 0.032859653743516806
         "John and Mary are doctors" : 0.03285657728344291
         "John and Mary are teachers" : 0.032856085463497955
         "John is a doctor or a teacher" : 0.032853736344648984
         "John or Mary is a doctor" : 0.03285324284817454
         "John or Mary is a teacher" : 0.032853167612924894
         "Mary is a doctor or a teacher" : 0.032852620282670546
         "Mary is a doctor and a teacher" : 0.032852347887557476
         "Mary is not a doctor and a teacher" : 0.02433785517962553
         "Mary is not a doctor or a teacher" : 0.02433783665194598
         "John or Mary is not a teacher" : 0.024337795928643637
         "John or Mary is not a doctor" : 0.024337790354827516
         "John is not a doctor or a teacher" : 0.02433774251951906
         "John and Mary are not teachers" : 0.024337562920778148
         "John and Mary are not doctors" : 0.024337524064201276
         "John is not a doctor and a teacher" : 0.024337328513373096
         "John and Mary are doctors and teachers" : 0.018030378600094602
         "John and Mary are doctors or teachers" : 0.01802999784465736
         "John or Mary is a doctor and a teacher" : 0.018029979001920483
         "John or Mary is a doctor or a teacher" : 0.018029923990659835
         "John or Mary is not a doctor or a teacher" : 0.013356886090375686
         "John or Mary is not a doctor and a teacher" : 0.013356881957945465
         "John and Mary are not doctors or teachers" : 0.013356880545411391
         "John and Mary are not doctors and teachers" : 0.013356851707365435,
    KLDivergence: 1.423124619612156 },
  { query: [ 'Who is not a doctor or a teacher', [Object] ],
    trueResult: 
     Marginal:
         "John and Mary are doctors" : 0.1056107851909732
         "John and Mary are teachers" : 0.1056107851909732
         "John is a doctor" : 0.08118368320238828
         "John is a teacher" : 0.08118368320238828
         "Mary is a teacher" : 0.08118368320238828
         "Mary is a doctor" : 0.08118368320238828
         "John and Mary are doctors or teachers" : 0.05796042780983282
         "John and Mary are doctors and teachers" : 0.05796042780983277
         "Mary is a doctor and a teacher" : 0.044554550002441795
         "John is a doctor and a teacher" : 0.044554550002441795
         "Mary is a doctor or a teacher" : 0.04455455000244175
         "John is a doctor or a teacher" : 0.04455455000244175
         "John or Mary is a teacher" : 0.03129208450102909
         "John or Mary is a doctor" : 0.03129208450102909
         "John or Mary is a doctor and a teacher" : 0.021122604886965272
         "John or Mary is a doctor or a teacher" : 0.012519452406923889
         "John is not a doctor and a teacher" : 0.009779799246246973
         "Mary is not a doctor and a teacher" : 0.009779799246246973
         "John is not a teacher" : 0.007517793967297686
         "Mary is not a teacher" : 0.007517793967297686
         "Mary is not a doctor" : 0.007517793967297686
         "John is not a doctor" : 0.007517793967297686
         "John or Mary is not a doctor and a teacher" : 0.00651387501985663
         "John or Mary is not a doctor" : 0.00565960604528182
         "John or Mary is not a teacher" : 0.00565960604528182
         "John and Mary are not doctors and teachers" : 0.0037696035994540657
         "John and Mary are not doctors" : 0.0012224749057808738
         "John and Mary are not teachers" : 0.0012224749057808738,
    learnedResult: 
     Marginal:
         "John is a doctor" : 0.059868585404381315
         "John is a teacher" : 0.05986842758045876
         "Mary is a doctor" : 0.0598671560188942
         "Mary is a teacher" : 0.0598671472635119
         "Mary is not a teacher" : 0.04435060148009874
         "Mary is not a doctor" : 0.044350600681759195
         "John is not a teacher" : 0.044350484738251345
         "John is not a doctor" : 0.04435047034768136
         "John is a doctor and a teacher" : 0.032855958751738495
         "John and Mary are doctors" : 0.03285587094677282
         "John and Mary are teachers" : 0.03285585742407321
         "John is a doctor or a teacher" : 0.0328557739117971
         "John or Mary is a doctor" : 0.032855759629340175
         "John or Mary is a teacher" : 0.032855757560586535
         "Mary is a doctor and a teacher" : 0.032855748993298
         "Mary is a doctor or a teacher" : 0.032855741740702604
         "Mary is not a doctor or a teacher" : 0.0243401303044345
         "Mary is not a doctor and a teacher" : 0.02434012978139872
         "John or Mary is not a teacher" : 0.024340129156250882
         "John or Mary is not a doctor" : 0.024340129002984878
         "John is not a doctor or a teacher" : 0.024340127590803225
         "John and Mary are not teachers" : 0.02434012117649587
         "John and Mary are not doctors" : 0.02434012010802972
         "John is not a doctor and a teacher" : 0.024340114654551947
         "John and Mary are doctors and teachers" : 0.01803162791517577
         "John and Mary are doctors or teachers" : 0.018031615076189323
         "John or Mary is a doctor and a teacher" : 0.018031614437218464
         "John or Mary is a doctor or a teacher" : 0.018031612581758408
         "John or Mary is not a doctor or a teacher" : 0.013358146807042458
         "John or Mary is not a doctor and a teacher" : 0.013358146667645303
         "John and Mary are not doctors or teachers" : 0.013358146619748448
         "John and Mary are not doctors and teachers" : 0.013358145646926289,
    KLDivergence: 0.42641377031991406 },
  { query: [ 'What is John', [Object] ],
    trueResult: 
     Marginal:
         "John is a doctor" : 0.23702792248662735
         "John is not a teacher" : 0.17559460378842734
         "John and Mary are doctors" : 0.130083681939854
         "John and Mary are not teachers" : 0.09636836179440914
         "John or Mary is a doctor" : 0.03854331316736411
         "John is a doctor or a teacher" : 0.03854331316736411
         "Mary is a teacher" : 0.029628490310828412
         "Mary is a doctor" : 0.029628490310828412
         "John is not a doctor and a teacher" : 0.02855358867982489
         "John or Mary is not a teacher" : 0.02855358867982489
         "Mary is not a doctor" : 0.02194932547355341
         "Mary is not a teacher" : 0.02194932547355341
         "John and Mary are doctors or teachers" : 0.021153018759865538
         "Mary is a doctor and a teacher" : 0.01626046024248175
         "Mary is a doctor or a teacher" : 0.016260460242481723
         "John and Mary are not doctors and teachers" : 0.0156705417197306
         "Mary is not a doctor or a teacher" : 0.012046045224301137
         "Mary is not a doctor and a teacher" : 0.012046045224301137
         "John or Mary is a doctor or a teacher" : 0.010830345605051172
         "John or Mary is not a doctor and a teacher" : 0.008023317360502066
         "John or Mary is a teacher" : 0.004817914145920514
         "John or Mary is not a doctor" : 0.0035691985849781176
         "John or Mary is a doctor and a teacher" : 0.0016651064329923299
         "John or Mary is not a doctor or a teacher" : 0.0012335411849350591,
    learnedResult: 
     Marginal:
         "John is a doctor" : 0.34999322173557107
         "John is not a teacher" : 0.04591112582993625
         "Mary is a teacher" : 0.04374915271694636
         "Mary is a doctor" : 0.04374915271694636
         "John and Mary are doctors" : 0.03639954394576513
         "Mary is not a teacher" : 0.03241016947210086
         "Mary is not a doctor" : 0.03241016947210086
         "John or Mary is a doctor" : 0.025686594573949097
         "John is a doctor and a teacher" : 0.024343656127613873
         "John is a doctor or a teacher" : 0.02419212113129232
         "Mary is a doctor or a teacher" : 0.02401004408031476
         "Mary is a doctor and a teacher" : 0.02401004408031476
         "John or Mary is a teacher" : 0.022408080068384024
         "John is not a doctor" : 0.02185523026491695
         "John and Mary are not teachers" : 0.018647026825391218
         "John or Mary is not a teacher" : 0.017908774936947206
         "Mary is not a doctor or a teacher" : 0.01778707813406842
         "Mary is not a doctor and a teacher" : 0.01778707813406839
         "John is not a doctor or a teacher" : 0.01777156359610097
         "John is not a doctor and a teacher" : 0.017757837884280633
         "John or Mary is not a doctor" : 0.017665933900541324
         "John and Mary are not doctors" : 0.01695398335140973
         "John and Mary are teachers" : 0.014809100791254559
         "John and Mary are doctors or teachers" : 0.01319128136618645
         "John and Mary are doctors and teachers" : 0.013189366680182066
         "John or Mary is a doctor and a teacher" : 0.013180322451828248
         "John or Mary is a doctor or a teacher" : 0.013179085654785745
         "John or Mary is not a doctor or a teacher" : 0.009761597051007676
         "John or Mary is not a doctor and a teacher" : 0.009761452437628456
         "John and Mary are not doctors or teachers" : 0.009760648122150583
         "John and Mary are not doctors and teachers" : 0.009759562466016414,
    KLDivergence: 0.459945869299515 },
  { query: [ 'What is John', [Object] ],
    trueResult: 
     Marginal:
         "John is a doctor and a teacher" : 0.37545849217947985
         "John and Mary are doctors and teachers" : 0.20605598937841657
         "John is a doctor" : 0.08551624717081296
         "John is a teacher" : 0.08551624717081296
         "John and Mary are teachers" : 0.046932311522435
         "John and Mary are doctors" : 0.046932311522435
         "John or Mary is a doctor and a teacher" : 0.03844776478197857
         "John or Mary is a teacher" : 0.013905870080721474
         "John is a doctor or a teacher" : 0.013905870080721474
         "John or Mary is a doctor" : 0.013905870080721474
         "Mary is a teacher" : 0.010689530896351615
         "Mary is a doctor" : 0.010689530896351615
         "Mary is not a doctor" : 0.007918999258557448
         "Mary is not a teacher" : 0.007918999258557448
         "John and Mary are doctors or teachers" : 0.007631703310311726
         "Mary is a doctor and a teacher" : 0.005866538940304378
         "Mary is a doctor or a teacher" : 0.0058665389403043675
         "Mary is not a doctor or a teacher" : 0.004346038939316297
         "Mary is not a doctor and a teacher" : 0.004346038939316297
         "John or Mary is a doctor or a teacher" : 0.003907432094879606
         "John or Mary is not a doctor" : 0.0012877152412789025
         "John or Mary is not a teacher" : 0.0012877152412789025
         "John or Mary is not a doctor and a teacher" : 0.0012212002512970355
         "John or Mary is not a doctor or a teacher" : 0.00044504382335897773,
    learnedResult: 
     Marginal:
         "John is a doctor" : 0.25368416964499013
         "John is a teacher" : 0.25368416964499013
         "John is a doctor and a teacher" : 0.03761474112289082
         "Mary is a teacher" : 0.03171052120562376
         "Mary is a doctor" : 0.03171052120562376
         "John and Mary are doctors" : 0.02638333404157831
         "John and Mary are teachers" : 0.026383334041578263
         "Mary is not a teacher" : 0.023491731896440018
         "Mary is not a doctor" : 0.023491731896440018
         "John is a doctor or a teacher" : 0.01974526061077114
         "John or Mary is a doctor" : 0.01861831032951549
         "John or Mary is a teacher" : 0.01861831032951549
         "Mary is a doctor or a teacher" : 0.017403103024252693
         "Mary is a doctor and a teacher" : 0.017403103024252693
         "John is not a teacher" : 0.015841238052159756
         "John is not a doctor" : 0.015841238052159756
         "Mary is not a doctor or a teacher" : 0.012892535816767517
         "Mary is not a doctor and a teacher" : 0.012892535816767494
         "John or Mary is not a doctor" : 0.012804727332542598
         "John or Mary is not a teacher" : 0.012804727332542598
         "John is not a doctor or a teacher" : 0.012704298375264666
         "John and Mary are not doctors" : 0.012288687098994309
         "John and Mary are not teachers" : 0.012288687098994286
         "John is not a doctor and a teacher" : 0.011824299707855927
         "John and Mary are doctors and teachers" : 0.010664469028897231
         "John and Mary are doctors or teachers" : 0.009732277742975297
         "John or Mary is a doctor and a teacher" : 0.009704596701265287
         "John or Mary is a doctor or a teacher" : 0.009576901164242927
         "John or Mary is not a doctor or a teacher" : 0.007073643042556811
         "John or Mary is not a doctor and a teacher" : 0.0070641887915697255
         "John and Mary are not doctors or teachers" : 0.007062116433248327
         "John and Mary are not doctors and teachers" : 0.006996490392732707,
    KLDivergence: 1.304713218754114 },
  { query: [ 'What isn\'t John', [Object] ],
    trueResult: 
     Marginal:
         "John is a doctor and a teacher" : 0.37545849217947985
         "John and Mary are doctors and teachers" : 0.20605598937841657
         "John is a doctor" : 0.08551624717081296
         "John is a teacher" : 0.08551624717081296
         "John and Mary are teachers" : 0.046932311522435
         "John and Mary are doctors" : 0.046932311522435
         "John or Mary is a doctor and a teacher" : 0.03844776478197857
         "John or Mary is a teacher" : 0.013905870080721474
         "John is a doctor or a teacher" : 0.013905870080721474
         "John or Mary is a doctor" : 0.013905870080721474
         "Mary is a teacher" : 0.010689530896351615
         "Mary is a doctor" : 0.010689530896351615
         "Mary is not a doctor" : 0.007918999258557448
         "Mary is not a teacher" : 0.007918999258557448
         "John and Mary are doctors or teachers" : 0.007631703310311726
         "Mary is a doctor and a teacher" : 0.005866538940304378
         "Mary is a doctor or a teacher" : 0.0058665389403043675
         "Mary is not a doctor or a teacher" : 0.004346038939316297
         "Mary is not a doctor and a teacher" : 0.004346038939316297
         "John or Mary is a doctor or a teacher" : 0.003907432094879606
         "John or Mary is not a doctor" : 0.0012877152412789025
         "John or Mary is not a teacher" : 0.0012877152412789025
         "John or Mary is not a doctor and a teacher" : 0.0012212002512970355
         "John or Mary is not a doctor or a teacher" : 0.00044504382335897773,
    learnedResult: 
     Marginal:
         "John is a doctor" : 0.06142569809786441
         "John is a teacher" : 0.06142569809786441
         "Mary is a doctor" : 0.05963472280524304
         "Mary is a teacher" : 0.05963472280524304
         "Mary is not a doctor" : 0.044178489239427556
         "Mary is not a teacher" : 0.04417848923942754
         "John is not a doctor" : 0.044016988345405655
         "John is not a teacher" : 0.044016988345405655
         "John is a doctor and a teacher" : 0.03300287332063262
         "John and Mary are doctors" : 0.03287323394196394
         "John and Mary are teachers" : 0.03287323394196385
         "John is a doctor or a teacher" : 0.03277022665769855
         "John or Mary is a teacher" : 0.03275037965634749
         "John or Mary is a doctor" : 0.03275037965634748
         "Mary is a doctor or a teacher" : 0.032728229790759164
         "Mary is a doctor and a teacher" : 0.032728229790759164
         "Mary is not a doctor or a teacher" : 0.02424566895965262
         "Mary is not a doctor and a teacher" : 0.024245668959652595
         "John or Mary is not a doctor" : 0.024244028435930213
         "John or Mary is not a teacher" : 0.024244028435930192
         "John is not a doctor or a teacher" : 0.024242128256868965
         "John and Mary are not doctors" : 0.02423423400676646
         "John and Mary are not teachers" : 0.02423423400676645
         "John is not a doctor and a teacher" : 0.0242259246854483
         "John and Mary are doctors and teachers" : 0.017980714713457874
         "John and Mary are doctors or teachers" : 0.017964998888184713
         "John or Mary is a doctor and a teacher" : 0.01796436911112958
         "John or Mary is a doctor or a teacher" : 0.017962116926620527
         "John or Mary is not a doctor or a teacher" : 0.013306269107548117
         "John or Mary is not a doctor and a teacher" : 0.013306100583759028
         "John and Mary are not doctors or teachers" : 0.013306053154480503
         "John and Mary are not doctors and teachers" : 0.013304878035450607,
    KLDivergence: 1.3754412968250063 },
  { query: [ 'What isn\'t John', [Object] ],
    trueResult: 
     Marginal:
         "John is a doctor and a teacher" : 0.37545849217947985
         "John and Mary are doctors and teachers" : 0.20605598937841657
         "John is a doctor" : 0.08551624717081296
         "John is a teacher" : 0.08551624717081296
         "John and Mary are teachers" : 0.046932311522435
         "John and Mary are doctors" : 0.046932311522435
         "John or Mary is a doctor and a teacher" : 0.03844776478197857
         "John or Mary is a teacher" : 0.013905870080721474
         "John is a doctor or a teacher" : 0.013905870080721474
         "John or Mary is a doctor" : 0.013905870080721474
         "Mary is a teacher" : 0.010689530896351615
         "Mary is a doctor" : 0.010689530896351615
         "Mary is not a doctor" : 0.007918999258557448
         "Mary is not a teacher" : 0.007918999258557448
         "John and Mary are doctors or teachers" : 0.007631703310311726
         "Mary is a doctor and a teacher" : 0.005866538940304378
         "Mary is a doctor or a teacher" : 0.0058665389403043675
         "Mary is not a doctor or a teacher" : 0.004346038939316297
         "Mary is not a doctor and a teacher" : 0.004346038939316297
         "John or Mary is a doctor or a teacher" : 0.003907432094879606
         "John or Mary is not a doctor" : 0.0012877152412789025
         "John or Mary is not a teacher" : 0.0012877152412789025
         "John or Mary is not a doctor and a teacher" : 0.0012212002512970355
         "John or Mary is not a doctor or a teacher" : 0.00044504382335897773,
    learnedResult: 
     Marginal:
         "John is a doctor" : 0.06142569809786441
         "John is a teacher" : 0.06142569809786441
         "Mary is a doctor" : 0.05963472280524304
         "Mary is a teacher" : 0.05963472280524304
         "Mary is not a doctor" : 0.044178489239427556
         "Mary is not a teacher" : 0.04417848923942754
         "John is not a doctor" : 0.044016988345405655
         "John is not a teacher" : 0.044016988345405655
         "John is a doctor and a teacher" : 0.03300287332063262
         "John and Mary are doctors" : 0.03287323394196394
         "John and Mary are teachers" : 0.03287323394196385
         "John is a doctor or a teacher" : 0.03277022665769855
         "John or Mary is a teacher" : 0.03275037965634749
         "John or Mary is a doctor" : 0.03275037965634748
         "Mary is a doctor or a teacher" : 0.032728229790759164
         "Mary is a doctor and a teacher" : 0.032728229790759164
         "Mary is not a doctor or a teacher" : 0.02424566895965262
         "Mary is not a doctor and a teacher" : 0.024245668959652595
         "John or Mary is not a doctor" : 0.024244028435930213
         "John or Mary is not a teacher" : 0.024244028435930192
         "John is not a doctor or a teacher" : 0.024242128256868965
         "John and Mary are not doctors" : 0.02423423400676646
         "John and Mary are not teachers" : 0.02423423400676645
         "John is not a doctor and a teacher" : 0.0242259246854483
         "John and Mary are doctors and teachers" : 0.017980714713457874
         "John and Mary are doctors or teachers" : 0.017964998888184713
         "John or Mary is a doctor and a teacher" : 0.01796436911112958
         "John or Mary is a doctor or a teacher" : 0.017962116926620527
         "John or Mary is not a doctor or a teacher" : 0.013306269107548117
         "John or Mary is not a doctor and a teacher" : 0.013306100583759028
         "John and Mary are not doctors or teachers" : 0.013306053154480503
         "John and Mary are not doctors and teachers" : 0.013304878035450607,
    KLDivergence: 1.3754412968250063 } ]
