L2 norm of gradient: 79.80706117681231
Iteration 0: -11450.273855204927
L2 norm of gradient: 216.47662615186016
Iteration 1: -13844.002922458341
L2 norm of gradient: 183.78160391386226
Iteration 2: -12601.18810981093
L2 norm of gradient: 75.52583132451936
Iteration 3: -14963.36004453781
L2 norm of gradient: 236.24083076915446
Iteration 4: -13210.864767502062
L2 norm of gradient: 24.690343222707945
Iteration 5: -13502.91553016263
L2 norm of gradient: 87.84331488168831
Iteration 6: -15101.26111368509
L2 norm of gradient: 81.63794012401065
Iteration 7: -12258.599631130463
L2 norm of gradient: 80.1845590533725
Iteration 8: -15791.667571007041
L2 norm of gradient: 78.76399853865188
Iteration 9: -14410.073557247873
L2 norm of gradient: 203.00500233026818
Iteration 10: -12515.337395525072
L2 norm of gradient: 287.20057223763865
Iteration 11: -16495.246261690045
L2 norm of gradient: 144.46899349961438
Iteration 12: -15234.161623999244
L2 norm of gradient: 161.62117701307707
Iteration 13: -14961.169323588256
L2 norm of gradient: 27.853826182417297
Iteration 14: -13967.676868189126
L2 norm of gradient: 151.61986791390214
Iteration 15: -13585.539470590651
L2 norm of gradient: 136.88013467474386
Iteration 16: -15557.121259394102
L2 norm of gradient: 12.50067804062305
Iteration 17: -15860.837733535329
L2 norm of gradient: 212.28510375119862
Iteration 18: -15027.80870991177
L2 norm of gradient: 85.59485652741509
Iteration 19: -14043.68051324482
L2 norm of gradient: 178.35354248103667
Iteration 20: -13095.181820649188
L2 norm of gradient: 89.87059593354867
Iteration 21: -13422.121651530964
L2 norm of gradient: 85.09628908424084
Iteration 22: -13191.17141592293
L2 norm of gradient: 25.75534512500334
Iteration 23: -16093.547400438925
L2 norm of gradient: 12.775273738223843
Iteration 24: -13992.485312219476
L2 norm of gradient: 87.54003932297037
Iteration 25: -15305.786102279322
L2 norm of gradient: 180.2792249844033
Iteration 26: -13062.048338091234
L2 norm of gradient: 126.2202978126261
Iteration 27: -14711.735113200266
L2 norm of gradient: 0.9445011144531642
Iteration 28: -13875.461986394133
L2 norm of gradient: 95.51968231536239
Iteration 29: -14728.919549602317
L2 norm of gradient: 48.886653548952644
Iteration 30: -13732.645625487668
L2 norm of gradient: 5.500899545324377
Iteration 31: -12348.373938034987
L2 norm of gradient: 12.667667962941044
Iteration 32: -14652.136653352296
L2 norm of gradient: 171.7243598103942
Iteration 33: -15253.774605420651
L2 norm of gradient: 11.006387319310525
Iteration 34: -14040.411643538158
L2 norm of gradient: 39.22005312062058
Iteration 35: -12875.24464696087
L2 norm of gradient: 93.43846769534342
Iteration 36: -14732.037021430442
L2 norm of gradient: 186.19808147767287
Iteration 37: -15376.217642140575
L2 norm of gradient: 29.99979955718837
Iteration 38: -13950.189814423211
L2 norm of gradient: 25.502891036548345
Iteration 39: -13195.691191354534
L2 norm of gradient: 24.639127551858135
Iteration 40: -13169.690810411703
L2 norm of gradient: 135.57057457553074
Iteration 41: -15569.504358612467
L2 norm of gradient: 92.4018804765804
Iteration 42: -14513.5142639915
L2 norm of gradient: 219.8049095357998
Iteration 43: -13284.675747841364
L2 norm of gradient: 183.75245110983047
Iteration 44: -14314.95421019732
L2 norm of gradient: 106.07622108248994
Iteration 45: -14002.558511783369
L2 norm of gradient: 92.54826280411099
Iteration 46: -11678.48468541191
L2 norm of gradient: 13.12645040511586
Iteration 47: -14615.974022150971
L2 norm of gradient: 8.389384661166499
Iteration 48: -15113.484443501337
L2 norm of gradient: 5.924028735228042
Iteration 49: -15278.30879586935
L2 norm of gradient: 140.09804555665644
Iteration 50: -12662.046211037785
L2 norm of gradient: 0.5632843022956207
Iteration 51: -15439.984229809372
L2 norm of gradient: 0.4357064905560867
Iteration 52: -15251.732251965208
L2 norm of gradient: 11.837763955478085
Iteration 53: -15326.133487217128
L2 norm of gradient: 28.969924821500385
Iteration 54: -13514.590163952671
L2 norm of gradient: 1.1417029757702923
Iteration 55: -14318.433437829604
L2 norm of gradient: 2.128894556264238
Iteration 56: -14635.101761815138
L2 norm of gradient: 3.4134910735620596
Iteration 57: -13870.91800337378
L2 norm of gradient: 1.8627568922085977
Iteration 58: -13732.749724986497
L2 norm of gradient: 98.39340557211305
Iteration 59: -13331.27916840883
L2 norm of gradient: 0.20678999549475605
Iteration 60: -14346.653614088194
L2 norm of gradient: 3.1367880473361947
Iteration 61: -14040.864216769114
L2 norm of gradient: 205.8067131834917
Iteration 62: -14095.274554969976
L2 norm of gradient: 6.251767369339095
Iteration 63: -14378.728751706658
L2 norm of gradient: 1.0939385173917688
Iteration 64: -14146.662685763557
L2 norm of gradient: 24.3763770689707
Iteration 65: -16031.675333649386
L2 norm of gradient: 24.900720060692283
Iteration 66: -14120.28274971107
L2 norm of gradient: 199.73237923669916
Iteration 67: -13372.87435839558
L2 norm of gradient: 101.96646012603982
Iteration 68: -14267.639341364382
L2 norm of gradient: 198.43211677728894
Iteration 69: -13535.729294957593
L2 norm of gradient: 133.22541230598182
Iteration 70: -15820.701048141811
L2 norm of gradient: 146.48096357437367
Iteration 71: -13903.20844822377
L2 norm of gradient: 1.1955455718881238
Iteration 72: -14634.41986694606
L2 norm of gradient: 152.8633934936095
Iteration 73: -14344.99991594092
L2 norm of gradient: 139.26081506392742
Iteration 74: -15040.297943606274
L2 norm of gradient: 9.890274603121819
Iteration 75: -13866.532150546554
L2 norm of gradient: 25.497668986261694
Iteration 76: -14722.950477335136
L2 norm of gradient: 219.45017674814704
Iteration 77: -15027.620231687557
L2 norm of gradient: 86.7779280793187
Iteration 78: -14728.312740365742
L2 norm of gradient: 113.90988731287612
Iteration 79: -13577.44585146429
L2 norm of gradient: 27.36883268323354
Iteration 80: -13946.219121458242
L2 norm of gradient: 224.56964228942365
Iteration 81: -14309.158541690558
L2 norm of gradient: 2.7598153650501587
Iteration 82: -14334.646126676816
L2 norm of gradient: 151.31686808476954
Iteration 83: -14754.387546787504
L2 norm of gradient: 75.4890001396748
Iteration 84: -12059.651078878203
L2 norm of gradient: 0.2825588525074978
Iteration 85: -14638.80494261533
L2 norm of gradient: 85.88925732922615
Iteration 86: -16265.381987288594
L2 norm of gradient: 196.5082587999607
Iteration 87: -13591.570028663147
L2 norm of gradient: 4.536056792631549
Iteration 88: -13416.077832606854
L2 norm of gradient: 2.518285025753137
Iteration 89: -14140.37329504476
L2 norm of gradient: 13.546712316166932
Iteration 90: -13486.210162977455
L2 norm of gradient: 79.43524667955455
Iteration 91: -11908.257652435452
L2 norm of gradient: 242.6716716037746
Iteration 92: -14168.851731511531
L2 norm of gradient: 0.45002396404191597
Iteration 93: -14804.198074450716
L2 norm of gradient: 76.55984357016564
Iteration 94: -15285.923423029017
L2 norm of gradient: 154.72787678273255
Iteration 95: -12934.678692882182
L2 norm of gradient: 4.136876213033624
Iteration 96: -14763.4338927723
L2 norm of gradient: 6.332297840669646
Iteration 97: -13263.93217895669
L2 norm of gradient: 30.57389950009325
Iteration 98: -15020.261782231973
L2 norm of gradient: 127.00446324191785
Iteration 99: -13561.86034835549
L2 norm of gradient: 155.7306577098329
Iteration 100: -15053.899017389398
L2 norm of gradient: 113.7777794700642
Iteration 101: -14854.206063698279
L2 norm of gradient: 0.5452235675579195
Iteration 102: -12951.459105379181
L2 norm of gradient: 6.149759780853326
Iteration 103: -13111.436527848244
L2 norm of gradient: 25.274203653392245
Iteration 104: -14114.195903865388
L2 norm of gradient: 123.0277752658212
Iteration 105: -14011.786055779317
L2 norm of gradient: 8.882278370220444
Iteration 106: -12653.307048082817
L2 norm of gradient: 112.41121138244327
Iteration 107: -13798.509197135922
L2 norm of gradient: 160.19870687051167
Iteration 108: -15548.718725793296
L2 norm of gradient: 124.38994005093372
Iteration 109: -15247.080474770628
L2 norm of gradient: 2.0155761782391135
Iteration 110: -14508.391623140313
L2 norm of gradient: 5.2862660166493445
Iteration 111: -13103.479647133965
L2 norm of gradient: 19.812101851849242
Iteration 112: -13793.44916888955
L2 norm of gradient: 146.72755149164834
Iteration 113: -15739.589195078006
L2 norm of gradient: 40.43551695216264
Iteration 114: -15587.715499392012
L2 norm of gradient: 0.7028653301478751
Iteration 115: -13740.249851801665
L2 norm of gradient: 2.975868572626438
Iteration 116: -14312.594259267906
L2 norm of gradient: 2.289070999002259
Iteration 117: -15119.2275942415
L2 norm of gradient: 15.331485951761636
Iteration 118: -13526.148213432636
L2 norm of gradient: 157.63501127863546
Iteration 119: -13843.801245456794
L2 norm of gradient: 7.746625649354175
Iteration 120: -14664.157463692361
L2 norm of gradient: 212.39668224446706
Iteration 121: -15590.690467729466
L2 norm of gradient: 5.783373487442537
Iteration 122: -13244.84101099032
L2 norm of gradient: 151.7322950193705
Iteration 123: -13267.820557496743
L2 norm of gradient: 150.41387466310186
Iteration 124: -14645.606755461078
L2 norm of gradient: 3.731903249725378
Iteration 125: -13747.764843037585
L2 norm of gradient: 1.0581137003126622
Iteration 126: -13903.822658338817
L2 norm of gradient: 10.433420712051094
Iteration 127: -14972.90831712028
L2 norm of gradient: 5.8476900437224115
Iteration 128: -13083.14799857256
L2 norm of gradient: 129.76012618705073
Iteration 129: -13722.76448184182
L2 norm of gradient: 127.83928968723397
Iteration 130: -15590.541123019764
L2 norm of gradient: 124.0208890765138
Iteration 131: -13333.622546494473
L2 norm of gradient: 13.374113755745624
Iteration 132: -14654.451008246513
L2 norm of gradient: 137.5743902324034
Iteration 133: -13219.475970785366
L2 norm of gradient: 6.287393981881517
Iteration 134: -14194.409478616435
L2 norm of gradient: 163.77793149137537
Iteration 135: -14890.368826235412
L2 norm of gradient: 0.9849383557394943
Iteration 136: -13736.653120763833
L2 norm of gradient: 131.07911166816743
Iteration 137: -14274.862002948532
L2 norm of gradient: 25.887879675086605
Iteration 138: -13209.556187047623
L2 norm of gradient: 7.145287341884667
Iteration 139: -14309.296896654414
L2 norm of gradient: 410.69422075995044
Iteration 140: -14455.456551150884
L2 norm of gradient: 0.6190955124072536
Iteration 141: -14028.62930588238
L2 norm of gradient: 151.94142821683494
Iteration 142: -14493.498992204433
L2 norm of gradient: 22.104154933489376
Iteration 143: -13532.080151682952
L2 norm of gradient: 6.675898068034418
Iteration 144: -12646.05554595706
L2 norm of gradient: 132.75924190140853
Iteration 145: -13602.021567511372
L2 norm of gradient: 3.6671799633872255
Iteration 146: -13257.942771001719
L2 norm of gradient: 19.83415606978746
Iteration 147: -11789.972668647533
L2 norm of gradient: 315.1906129923267
Iteration 148: -14324.512309421785
L2 norm of gradient: 6.783510170191695
Iteration 149: -14773.588136398
L2 norm of gradient: 0.4260521378843367
Iteration 150: -13888.986519158818
L2 norm of gradient: 264.7744299690259
Iteration 151: -14940.361063714838
L2 norm of gradient: 174.27737099053942
Iteration 152: -12427.588981155539
L2 norm of gradient: 100.50059200286557
Iteration 153: -15484.768700380111
L2 norm of gradient: 20.035480290687243
Iteration 154: -12988.23965026089
L2 norm of gradient: 28.223304987169886
Iteration 155: -15969.431480139494
L2 norm of gradient: 54.32716346029303
Iteration 156: -14043.568547697738
L2 norm of gradient: 95.89929714288884
Iteration 157: -15428.555440174416
L2 norm of gradient: 7.588610211733553
Iteration 158: -14336.855272721965
L2 norm of gradient: 188.78835370299524
Iteration 159: -15482.828251169762
L2 norm of gradient: 57.34879847366307
Iteration 160: -15916.267171010375
L2 norm of gradient: 5.585467738376794
Iteration 161: -12798.881356957601
L2 norm of gradient: 227.23802019433225
Iteration 162: -14999.07866652729
L2 norm of gradient: 90.06614234519363
Iteration 163: -14350.432813408086
L2 norm of gradient: 148.49752097549114
Iteration 164: -13692.834755904507
L2 norm of gradient: 97.29160586242865
Iteration 165: -14212.884232335025
L2 norm of gradient: 171.7155846992019
Iteration 166: -14422.793576736469
L2 norm of gradient: 152.12253250991418
Iteration 167: -15076.68476683041
L2 norm of gradient: 134.33013464493476
Iteration 168: -14548.890754781896
L2 norm of gradient: 224.83255206488852
Iteration 169: -14472.699087937362
L2 norm of gradient: 31.86076637111624
Iteration 170: -12580.36020178534
L2 norm of gradient: 1.7876874500205773
Iteration 171: -15399.624739412917
L2 norm of gradient: 170.27452729942107
Iteration 172: -13849.674168951344
L2 norm of gradient: 186.31707680997565
Iteration 173: -14418.529435383854
L2 norm of gradient: 114.35566248279962
Iteration 174: -13664.54470044258
L2 norm of gradient: 136.1806099255682
Iteration 175: -13167.967599643162
L2 norm of gradient: 200.97452611508314
Iteration 176: -14299.536402595695
L2 norm of gradient: 193.14467388561502
Iteration 177: -15023.618864273652
L2 norm of gradient: 142.1831600497851
Iteration 178: -14563.858862668741
L2 norm of gradient: 2.0031473873421533
Iteration 179: -15264.742877759738
L2 norm of gradient: 7.71492987568166
Iteration 180: -15715.980145290028
L2 norm of gradient: 245.3792814128294
Iteration 181: -15215.676379170269
L2 norm of gradient: 15.1804464689151
Iteration 182: -13131.986704098294
L2 norm of gradient: 379.1905178989007
Iteration 183: -16077.891374503728
L2 norm of gradient: 175.72486696188315
Iteration 184: -15234.153718420072
L2 norm of gradient: 167.26996251864895
Iteration 185: -15246.011702019023
L2 norm of gradient: 31.05911066222124
Iteration 186: -14900.308679063572
L2 norm of gradient: 142.91455785558304
Iteration 187: -15275.39501531981
L2 norm of gradient: 16.287579981600256
Iteration 188: -15106.587794459192
L2 norm of gradient: 154.5481849323607
Iteration 189: -12414.664610481355
L2 norm of gradient: 7.487861516351361
Iteration 190: -14042.435329244938
L2 norm of gradient: 142.60565363739687
Iteration 191: -15873.063799775904
L2 norm of gradient: 194.8921904560312
Iteration 192: -14930.719939908711
L2 norm of gradient: 2.481901008755666
Iteration 193: -15888.018714030972
L2 norm of gradient: 45.77580314476851
Iteration 194: -13276.726802411955
L2 norm of gradient: 63.800641887349045
Iteration 195: -14643.565267351223
L2 norm of gradient: 34.50214829271751
Iteration 196: -14395.056310072308
L2 norm of gradient: 146.6227050729395
Iteration 197: -15591.573304838501
L2 norm of gradient: 204.70738639343085
Iteration 198: -15668.390188951045
L2 norm of gradient: 107.70336328635125
Iteration 199: -15901.471864826744
L2 norm of gradient: 9.400592079700433
Iteration 200: -14200.226462457096
L2 norm of gradient: 210.90663170950728
Iteration 201: -13952.401961682597
L2 norm of gradient: 26.987812080839362
Iteration 202: -12794.26686209743
L2 norm of gradient: 0.7702481882092995
Iteration 203: -15124.077189920004
L2 norm of gradient: 6.4819657015401795
Iteration 204: -14483.010210815584
L2 norm of gradient: 34.34797271652408
Iteration 205: -14433.030359995319
L2 norm of gradient: 3.9504514525219205
Iteration 206: -14488.889120665845
L2 norm of gradient: 200.68762846340002
Iteration 207: -13919.506655905629
L2 norm of gradient: 7.872502262504496
Iteration 208: -15396.795221322449
L2 norm of gradient: 14.390450728788196
Iteration 209: -13731.16362993163
L2 norm of gradient: 100.98796745993597
Iteration 210: -15039.097409665119
L2 norm of gradient: 136.03736447432095
Iteration 211: -12738.263960872544
L2 norm of gradient: 30.587642687738406
Iteration 212: -12598.495966850314
L2 norm of gradient: 232.61110286501642
Iteration 213: -14882.58277850342
L2 norm of gradient: 18.27418583602157
Iteration 214: -14316.202624528669
L2 norm of gradient: 6.498651446128657
Iteration 215: -14182.028133335058
L2 norm of gradient: 7.188239747492874
Iteration 216: -14327.97144895955
L2 norm of gradient: 145.66583758423744
Iteration 217: -14159.455296335509
L2 norm of gradient: 173.53571711715952
Iteration 218: -14426.91858660942
L2 norm of gradient: 16.574916159971114
Iteration 219: -14341.897694501327
L2 norm of gradient: 218.71287497797027
Iteration 220: -15046.283994672354
L2 norm of gradient: 38.0948244873396
Iteration 221: -13030.418402035953
L2 norm of gradient: 9.818398632480237
Iteration 222: -12988.927790100919
L2 norm of gradient: 1.736593861179738
Iteration 223: -14936.737438062904
L2 norm of gradient: 0.14106689929914085
Iteration 224: -13874.179829022381
L2 norm of gradient: 2.818585120894607
Iteration 225: -15108.807743639918
L2 norm of gradient: 30.388160488166005
Iteration 226: -14145.073805568973
L2 norm of gradient: 174.2261944478157
Iteration 227: -14752.82371705072
L2 norm of gradient: 31.814106385464875
Iteration 228: -14592.016762429383
L2 norm of gradient: 14.077467366284166
Iteration 229: -15238.04180221539
L2 norm of gradient: 124.23000325044596
Iteration 230: -15570.63750661211
L2 norm of gradient: 349.1124971388791
Iteration 231: -15502.90378552978
L2 norm of gradient: 69.45725003977907
Iteration 232: -14195.507328329608
L2 norm of gradient: 261.87993546760043
Iteration 233: -15311.212734783767
L2 norm of gradient: 69.86285058895719
Iteration 234: -14219.438617835287
L2 norm of gradient: 189.4862905617339
Iteration 235: -14228.609619713621
L2 norm of gradient: 248.21379085870217
Iteration 236: -15484.495613039238
L2 norm of gradient: 177.71061008057143
Iteration 237: -14423.536853730911
L2 norm of gradient: 52.941307890464564
Iteration 238: -15288.616363617359
L2 norm of gradient: 35.237913991465405
Iteration 239: -15667.998148272512
L2 norm of gradient: 161.89455654603896
Iteration 240: -12187.879527594661
L2 norm of gradient: 38.79686052790685
Iteration 241: -15684.394019224914
L2 norm of gradient: 167.47096459766956
Iteration 242: -13841.188172824914
L2 norm of gradient: 67.896052401834
Iteration 243: -14334.742188711418
L2 norm of gradient: 284.1435872809812
Iteration 244: -15411.492632997455
L2 norm of gradient: 159.44141572410024
Iteration 245: -13178.35487476876
L2 norm of gradient: 333.78262711053685
Iteration 246: -14923.216869349591
L2 norm of gradient: 13.968791019582952
Iteration 247: -13860.034970714245
L2 norm of gradient: 164.11402985596868
Iteration 248: -13092.37433478958
L2 norm of gradient: 104.19732196082917
Iteration 249: -14261.561968593858
L2 norm of gradient: 167.9452147769068
Iteration 250: -14339.171756291762
L2 norm of gradient: 273.6899143249462
Iteration 251: -14839.920587950386
L2 norm of gradient: 505.6886047086033
Iteration 252: -14563.919786195504
L2 norm of gradient: 7.4319354545748135
Iteration 253: -14056.80252645351
L2 norm of gradient: 2.943276146464124
Iteration 254: -14781.684148169588
L2 norm of gradient: 7.4757131706791045
Iteration 255: -12365.55020694295
L2 norm of gradient: 60.287388506358184
Iteration 256: -15259.426079655765
L2 norm of gradient: 282.7232784989547
Iteration 257: -14426.590136574348
L2 norm of gradient: 1.5098531090382672
Iteration 258: -14171.310665867524
L2 norm of gradient: 18.204787624027624
Iteration 259: -13745.287223220104
L2 norm of gradient: 292.9007775879472
Iteration 260: -15006.945915276883
L2 norm of gradient: 11.875376824330491
Iteration 261: -12192.880068228114
L2 norm of gradient: 12.125632364670402
Iteration 262: -13686.044918034924
L2 norm of gradient: 2.926464807229436
Iteration 263: -14036.88633134286
L2 norm of gradient: 38.055575666165836
Iteration 264: -15181.566836319631
L2 norm of gradient: 357.7574747690869
Iteration 265: -15396.903592688264
L2 norm of gradient: 357.53972683389
Iteration 266: -14615.54902759404
L2 norm of gradient: 17.96546963688014
Iteration 267: -12515.60915290541
L2 norm of gradient: 481.0525153554336
Iteration 268: -13986.451863640454
L2 norm of gradient: 18.64226640619466
Iteration 269: -13293.66007767804
L2 norm of gradient: 340.7719650214316
Iteration 270: -13338.415942089632
L2 norm of gradient: 34.38407603342145
Iteration 271: -12806.308937371243
L2 norm of gradient: 292.69815593027363
Iteration 272: -12860.989237945061
L2 norm of gradient: 206.5967309646123
Iteration 273: -14296.648590542842
L2 norm of gradient: 37.34849418993024
Iteration 274: -13362.46626952826
L2 norm of gradient: 17.038351066743186
Iteration 275: -14162.504394877935
L2 norm of gradient: 15.57182205259796
Iteration 276: -13424.265370350797
L2 norm of gradient: 201.77751839312722
Iteration 277: -13222.153740291717
L2 norm of gradient: 544.8373423826756
Iteration 278: -13068.55058562872
L2 norm of gradient: 32.95973482943097
Iteration 279: -16263.596734436927
L2 norm of gradient: 164.20577645898365
Iteration 280: -14136.107911430998
L2 norm of gradient: 26.93946634357425
Iteration 281: -14802.323701986345
L2 norm of gradient: 293.7944322357764
Iteration 282: -14575.332377583021
L2 norm of gradient: 43.00870535916723
Iteration 283: -15040.530685704667
L2 norm of gradient: 9.959963937489793
Iteration 284: -14882.991074007703
L2 norm of gradient: 294.0214232516439
Iteration 285: -15458.034690911416
L2 norm of gradient: 48.6990476715159
Iteration 286: -13364.458157764282
L2 norm of gradient: 203.79770617424106
Iteration 287: -14559.28701142501
L2 norm of gradient: 190.0955870328879
Iteration 288: -14046.306569722248
L2 norm of gradient: 370.8907710642441
Iteration 289: -15272.572007052833
L2 norm of gradient: 10.728238434676138
Iteration 290: -14974.301285800058
L2 norm of gradient: 303.03850901662275
Iteration 291: -13657.275270967744
L2 norm of gradient: 86.87938943667507
Iteration 292: -15757.30416362919
L2 norm of gradient: 234.1350251992919
Iteration 293: -14782.098455021624
L2 norm of gradient: 187.04197656877565
Iteration 294: -14183.899011587724
L2 norm of gradient: 231.7404849976848
Iteration 295: -16588.207630474586
L2 norm of gradient: 8.195225527772203
Iteration 296: -13097.321809540968
L2 norm of gradient: 177.29288184287236
Iteration 297: -14959.198496052297
L2 norm of gradient: 397.3668924628737
Iteration 298: -14082.928152739769
L2 norm of gradient: 181.61507376345995
Iteration 299: -14167.650728736771
L2 norm of gradient: 2.617920053177586
Iteration 300: -15264.124330310384
L2 norm of gradient: 220.60155167574936
Iteration 301: -15575.994280206505
L2 norm of gradient: 512.9873806142483
Iteration 302: -14313.389657261781
L2 norm of gradient: 6.384389422481091
Iteration 303: -14000.760690632742
L2 norm of gradient: 128.36189023362473
Iteration 304: -14115.804158020532
L2 norm of gradient: 221.2673134908344
Iteration 305: -13694.931858134223
L2 norm of gradient: 70.52985527211352
Iteration 306: -14054.796036487445
L2 norm of gradient: 27.419346842642604
Iteration 307: -14675.99675867008
L2 norm of gradient: 215.32486233594696
Iteration 308: -12498.92853759299
L2 norm of gradient: 21.21733123756515
Iteration 309: -14154.084001384443
L2 norm of gradient: 566.4874066032239
Iteration 310: -13448.358663585968
L2 norm of gradient: 48.561617371648815
Iteration 311: -13969.40715938271
L2 norm of gradient: 207.445785609136
Iteration 312: -14655.12773421174
L2 norm of gradient: 4.04776575465322
Iteration 313: -14317.249855126021
L2 norm of gradient: 245.74274185587507
Iteration 314: -15199.0693805255
L2 norm of gradient: 361.30193256619685
Iteration 315: -14445.419687794056
L2 norm of gradient: 10.915481904813362
Iteration 316: -15417.16127508739
L2 norm of gradient: 319.90675454569424
Iteration 317: -13898.525303857168
L2 norm of gradient: 221.9063288302921
Iteration 318: -13789.407536542043
L2 norm of gradient: 460.2700068789171
Iteration 319: -13746.635738405632
L2 norm of gradient: 429.6464959289191
Iteration 320: -15252.797043120721
L2 norm of gradient: 233.7019498619451
Iteration 321: -14824.329194589052
L2 norm of gradient: 232.85194036462462
Iteration 322: -13728.475824162364
L2 norm of gradient: 30.165829363858375
Iteration 323: -13471.563709198032
L2 norm of gradient: 8.583486053006034
Iteration 324: -15087.25005028001
L2 norm of gradient: 218.45715009069568
Iteration 325: -14679.659905968467
L2 norm of gradient: 18.445586726936373
Iteration 326: -13731.45152738737
L2 norm of gradient: 98.13737615556602
Iteration 327: -15112.602382536745
L2 norm of gradient: 220.68875161379816
Iteration 328: -14753.30329178716
L2 norm of gradient: 0.8813142690032002
Iteration 329: -15711.879445720231
L2 norm of gradient: 118.80534027672469
Iteration 330: -12904.513108622748
L2 norm of gradient: 215.83458543540485
Iteration 331: -13709.3406852982
L2 norm of gradient: 28.52570451185275
Iteration 332: -13707.003965770127
L2 norm of gradient: 53.41928973975905
Iteration 333: -15155.270584276412
L2 norm of gradient: 249.93133413043853
Iteration 334: -13477.726770780748
L2 norm of gradient: 79.70410732885992
Iteration 335: -15240.4440651068
L2 norm of gradient: 366.73236910926795
Iteration 336: -12517.34407145856
L2 norm of gradient: 273.3530298741961
Iteration 337: -13494.135810364038
L2 norm of gradient: 3.147381695470152
Iteration 338: -13244.245915234555
L2 norm of gradient: 247.96114732671242
Iteration 339: -14879.588032695
L2 norm of gradient: 37.826584191374884
Iteration 340: -12521.237563271308
L2 norm of gradient: 3.658675659258613
Iteration 341: -14778.600639095064
L2 norm of gradient: 23.112758021143215
Iteration 342: -13090.577588236658
L2 norm of gradient: 23.15779696058444
Iteration 343: -14183.090530948946
L2 norm of gradient: 480.35806563414656
Iteration 344: -13153.532619602978
L2 norm of gradient: 32.75916734629356
Iteration 345: -14162.475576997502
L2 norm of gradient: 511.44022735590437
Iteration 346: -13671.384663043777
L2 norm of gradient: 226.0889385745231
Iteration 347: -15205.175270018866
L2 norm of gradient: 33.876344682986044
Iteration 348: -14115.874023803975
L2 norm of gradient: 390.2348055715588
Iteration 349: -14358.08930295473
L2 norm of gradient: 287.62115226911413
Iteration 350: -13621.390151083935
L2 norm of gradient: 55.83052625879405
Iteration 351: -14550.481842721347
L2 norm of gradient: 32.92718672635904
Iteration 352: -12493.288501079893
L2 norm of gradient: 475.803802999326
Iteration 353: -13001.876300845528
L2 norm of gradient: 16.313856018251933
Iteration 354: -14503.147452231962
L2 norm of gradient: 371.00315582886435
Iteration 355: -15048.31063946127
L2 norm of gradient: 262.51313677326544
Iteration 356: -14355.934304729104
L2 norm of gradient: 53.84447681756001
Iteration 357: -14296.381731661037
L2 norm of gradient: 35.3752462970449
Iteration 358: -14049.932408958208
L2 norm of gradient: 455.1730179456634
Iteration 359: -14978.460313958116
L2 norm of gradient: 422.85663101871535
Iteration 360: -14561.757705989527
L2 norm of gradient: 257.4434935332263
Iteration 361: -14590.458455500193
L2 norm of gradient: 75.36287119766946
Iteration 362: -13497.319401745452
L2 norm of gradient: 10.101882655457912
Iteration 363: -14775.130492874887
L2 norm of gradient: 107.16998582424225
Iteration 364: -15275.117325622821
L2 norm of gradient: 32.082602203019114
Iteration 365: -13864.420305537526
L2 norm of gradient: 60.254899570747746
Iteration 366: -13496.81816903036
L2 norm of gradient: 258.42581999349267
Iteration 367: -13691.498181215255
L2 norm of gradient: 278.9005005634466
Iteration 368: -13497.8236538989
L2 norm of gradient: 233.31802372798575
Iteration 369: -16127.576059502317
L2 norm of gradient: 241.2244387485589
Iteration 370: -15794.770257477649
L2 norm of gradient: 308.6310596583457
Iteration 371: -14728.33276656922
L2 norm of gradient: 57.30053343283926
Iteration 372: -13365.95785242389
L2 norm of gradient: 26.181906367402508
Iteration 373: -15430.01688292087
L2 norm of gradient: 502.8442675723945
Iteration 374: -13304.836874275468
L2 norm of gradient: 188.7545662833756
Iteration 375: -12494.48249828606
L2 norm of gradient: 426.84036048900623
Iteration 376: -12629.925138858613
L2 norm of gradient: 9.08219378868353
Iteration 377: -14036.389958040789
L2 norm of gradient: 37.22381939373951
Iteration 378: -15117.989336214028
L2 norm of gradient: 199.06664294443115
Iteration 379: -14924.922403544653
L2 norm of gradient: 317.33361864475484
Iteration 380: -13996.032407114748
L2 norm of gradient: 295.7285799024234
Iteration 381: -12519.70910242037
L2 norm of gradient: 563.4227379842367
Iteration 382: -14542.43391202623
L2 norm of gradient: 6.600279569931781
Iteration 383: -14021.409031715943
L2 norm of gradient: 710.7294534663854
Iteration 384: -15322.097061331384
L2 norm of gradient: 190.1797713571763
Iteration 385: -13142.827001432423
L2 norm of gradient: 19.353718758210178
Iteration 386: -13137.315785825951
L2 norm of gradient: 232.33706788396603
Iteration 387: -13562.301431952976
L2 norm of gradient: 432.59497773541625
Iteration 388: -14053.102296441328
L2 norm of gradient: 193.39302799047908
Iteration 389: -14585.414718215354
L2 norm of gradient: 40.18133764112257
Iteration 390: -14630.513038013363
L2 norm of gradient: 538.8992830668379
Iteration 391: -14649.795923816739
L2 norm of gradient: 41.590946337233284
Iteration 392: -15407.444276738446
L2 norm of gradient: 201.13903401114612
Iteration 393: -15846.96651403606
L2 norm of gradient: 4.853137999663312
Iteration 394: -14782.68358114222
L2 norm of gradient: 60.29707900618418
Iteration 395: -15188.092829362955
L2 norm of gradient: 29.252987510106735
Iteration 396: -14214.761554850033
L2 norm of gradient: 663.8872924062571
Iteration 397: -13794.527611654252
L2 norm of gradient: 118.31317724996292
Iteration 398: -15605.445016375976
L2 norm of gradient: 34.6650200442268
Iteration 399: -14951.968802753836
L2 norm of gradient: 62.14567215106586
Iteration 400: -15307.204124951968
L2 norm of gradient: 305.7756041830762
Iteration 401: -11643.200869003776
L2 norm of gradient: 7.297788939661537
Iteration 402: -15729.501254801173
L2 norm of gradient: 29.565762852385273
Iteration 403: -13579.592592884786
L2 norm of gradient: 67.72422958466208
Iteration 404: -15058.155715843197
L2 norm of gradient: 35.605699936431456
Iteration 405: -15081.208573266864
L2 norm of gradient: 451.2536645179289
Iteration 406: -15679.175905145705
L2 norm of gradient: 515.6320116453239
Iteration 407: -13367.949452159926
L2 norm of gradient: 60.934340787591424
Iteration 408: -13972.43676429009
L2 norm of gradient: 33.24537030873838
Iteration 409: -13283.856451985193
L2 norm of gradient: 59.53717965618989
Iteration 410: -13196.553365638014
L2 norm of gradient: 314.5540519644125
Iteration 411: -14244.059209902072
L2 norm of gradient: 96.30682332419413
Iteration 412: -13413.21938911127
L2 norm of gradient: 386.05043692614504
Iteration 413: -14031.870693118079
L2 norm of gradient: 65.04926691285343
Iteration 414: -11943.98315484263
L2 norm of gradient: 463.89088356342154
Iteration 415: -13540.582083199406
L2 norm of gradient: 623.6474427950269
Iteration 416: -13417.521815409418
L2 norm of gradient: 453.8256536568593
Iteration 417: -14298.170841467567
L2 norm of gradient: 295.22312371083916
Iteration 418: -12537.108163347468
L2 norm of gradient: 21.528244249442213
Iteration 419: -13607.65775593766
L2 norm of gradient: 52.62418510221786
Iteration 420: -13747.787227659952
L2 norm of gradient: 14.66171582780756
Iteration 421: -13424.585067742737
L2 norm of gradient: 332.0583344803819
Iteration 422: -13864.977050542599
L2 norm of gradient: 551.4036120997486
Iteration 423: -15102.493815429276
L2 norm of gradient: 322.31412728655846
Iteration 424: -12527.90261798934
L2 norm of gradient: 4.6512299859869195
Iteration 425: -13713.483229830861
L2 norm of gradient: 707.178464869844
Iteration 426: -14960.216833711369
L2 norm of gradient: 286.12778735745337
Iteration 427: -14149.708726544166
L2 norm of gradient: 296.6733015712617
Iteration 428: -14520.667867881712
L2 norm of gradient: 68.21191474170305
Iteration 429: -14886.432590693235
L2 norm of gradient: 293.8362224124971
Iteration 430: -13356.092762008775
L2 norm of gradient: 67.38576520544572
Iteration 431: -13710.409900394734
L2 norm of gradient: 387.164109660865
Iteration 432: -15193.69746599067
L2 norm of gradient: 342.00587754466403
Iteration 433: -14373.373033459531
L2 norm of gradient: 114.35036558028298
Iteration 434: -14211.417038236745
L2 norm of gradient: 48.47999304851742
Iteration 435: -14808.02073409548
L2 norm of gradient: 289.57202218114827
Iteration 436: -12245.595812419197
L2 norm of gradient: 144.61663611957752
Iteration 437: -15610.522893161047
L2 norm of gradient: 79.2974187624122
Iteration 438: -15468.421351757133
L2 norm of gradient: 525.6328809888453
Iteration 439: -15475.556081251241
L2 norm of gradient: 71.06628561995437
Iteration 440: -13826.701924394118
L2 norm of gradient: 286.19446118597875
Iteration 441: -15272.626367587829
L2 norm of gradient: 40.76573379472482
Iteration 442: -14007.055048922077
L2 norm of gradient: 157.51773364119546
Iteration 443: -15391.373285094276
L2 norm of gradient: 320.45049597350146
Iteration 444: -16786.52799591655
L2 norm of gradient: 119.63996518366329
Iteration 445: -14873.555767220212
L2 norm of gradient: 117.8499116925962
Iteration 446: -13022.34998262208
L2 norm of gradient: 307.1934686906766
Iteration 447: -13031.924697027076
L2 norm of gradient: 374.61790153023503
Iteration 448: -13567.402424619533
L2 norm of gradient: 354.12578257137545
Iteration 449: -14934.664567250991
L2 norm of gradient: 502.24346226817664
Iteration 450: -15199.872837462928
L2 norm of gradient: 290.38934103234016
Iteration 451: -13797.480460617458
L2 norm of gradient: 307.2194700432199
Iteration 452: -14291.666984205833
L2 norm of gradient: 407.8596646426649
Iteration 453: -15666.576454458293
L2 norm of gradient: 577.0902497002918
Iteration 454: -13903.840290007414
L2 norm of gradient: 44.1957437260993
Iteration 455: -14023.536089182599
L2 norm of gradient: 305.54783489342134
Iteration 456: -14578.984996563056
L2 norm of gradient: 334.7818043704133
Iteration 457: -13413.41365723149
L2 norm of gradient: 334.38227685514426
Iteration 458: -11617.118297025329
L2 norm of gradient: 128.7553086329622
Iteration 459: -13757.747800427256
L2 norm of gradient: 103.57166241138205
Iteration 460: -13240.859802303603
L2 norm of gradient: 57.38594691324071
Iteration 461: -15283.009872923605
L2 norm of gradient: 25.763368830551
Iteration 462: -16164.961609494872
L2 norm of gradient: 421.21595812284386
Iteration 463: -12978.83303219569
L2 norm of gradient: 238.86889765013282
Iteration 464: -14541.064838045044
L2 norm of gradient: 95.87559776779555
Iteration 465: -14440.339893074706
L2 norm of gradient: 249.18304625341406
Iteration 466: -14555.052049492951
L2 norm of gradient: 92.90760664378274
Iteration 467: -13530.036751954583
L2 norm of gradient: 95.70536322589713
Iteration 468: -14250.750187307829
L2 norm of gradient: 48.30513479274959
Iteration 469: -14780.267352349823
L2 norm of gradient: 327.78660949155517
Iteration 470: -12293.981512514409
L2 norm of gradient: 766.3980112758275
Iteration 471: -13116.272536806064
L2 norm of gradient: 32.119290838366084
Iteration 472: -13892.424916369375
L2 norm of gradient: 337.68469846781215
Iteration 473: -15131.517099354882
L2 norm of gradient: 401.9690707634248
Iteration 474: -14436.042855690466
L2 norm of gradient: 128.3588956811992
Iteration 475: -13540.455671394477
L2 norm of gradient: 401.1333774777423
Iteration 476: -13271.178880999098
L2 norm of gradient: 343.3850012725066
Iteration 477: -14307.828688812442
L2 norm of gradient: 415.23262036791914
Iteration 478: -12177.76950077503
L2 norm of gradient: 647.6662377071332
Iteration 479: -14533.410422760295
L2 norm of gradient: 667.4772707983853
Iteration 480: -12532.90118834516
L2 norm of gradient: 235.85763049450063
Iteration 481: -15790.779077280778
L2 norm of gradient: 97.25899301792414
Iteration 482: -12130.558260310907
L2 norm of gradient: 692.0916034846338
Iteration 483: -13491.36254364485
L2 norm of gradient: 534.5301641566524
Iteration 484: -12511.035819352139
L2 norm of gradient: 189.79197052732033
Iteration 485: -14436.835089096567
L2 norm of gradient: 230.53122703525884
Iteration 486: -15571.555902359309
L2 norm of gradient: 149.00822901080244
Iteration 487: -15017.964219284011
L2 norm of gradient: 302.9912310948495
Iteration 488: -13125.690209771506
L2 norm of gradient: 1140.5272516944817
Iteration 489: -14562.134759071982
L2 norm of gradient: 725.973862746527
Iteration 490: -13681.850023063365
L2 norm of gradient: 426.46039634800104
Iteration 491: -14115.020883972524
L2 norm of gradient: 637.2969921652963
Iteration 492: -14424.959309843834
L2 norm of gradient: 173.95274462252067
Iteration 493: -15314.281716562342
L2 norm of gradient: 56.777878119086466
Iteration 494: -15418.994598057121
L2 norm of gradient: 402.3895299476492
Iteration 495: -13278.434573086444
L2 norm of gradient: 498.0802095027187
Iteration 496: -11784.741375298472
L2 norm of gradient: 235.66751628930302
Iteration 497: -14418.155883601634
L2 norm of gradient: 136.79705496686378
Iteration 498: -15155.66763068433
L2 norm of gradient: 233.1879994570928
Iteration 499: -13834.664469098207
[ { query: [ 'Who is a doctor', [Object] ],
    trueResult: 
     Marginal:
         "John and Mary are doctors" : 0.380020640450514
         "John and Mary are doctors and teachers" : 0.20855974943514632
         "John is a doctor" : 0.08655534418766547
         "Mary is a doctor" : 0.08655534418766547
         "John is a doctor and a teacher" : 0.04750258005631425
         "Mary is a doctor and a teacher" : 0.04750258005631425
         "John and Mary are doctors or teachers" : 0.018309772241219994
         "John or Mary is a doctor and a teacher" : 0.01641723975145466
         "John is a doctor or a teacher" : 0.014074838535204214
         "Mary is a doctor or a teacher" : 0.014074838535204214
         "John or Mary is a doctor" : 0.014074838535204214
         "Mary is a teacher" : 0.010819418023458179
         "John is a teacher" : 0.010819418023458179
         "John is not a teacher" : 0.008015222008949992
         "Mary is not a teacher" : 0.008015222008949992
         "John and Mary are teachers" : 0.0059378225070392835
         "John or Mary is a teacher" : 0.005937822507039272
         "John and Mary are not teachers" : 0.0043988471043886965
         "John or Mary is not a teacher" : 0.0043988471043886965
         "John or Mary is a doctor or a teacher" : 0.003954910804103521
         "John is not a doctor and a teacher" : 0.0013033621050040592
         "Mary is not a doctor and a teacher" : 0.0013033621050040592
         "John or Mary is not a doctor and a teacher" : 0.0012360388998589598
         "John and Mary are not doctors and teachers" : 0.00021194082645043896,
    learnedResult: 
     Marginal:
         "John is a doctor" : 0.25577677288269896
         "Mary is a doctor" : 0.25577677288269896
         "John and Mary are doctors" : 0.03259517754922351
         "John is a teacher" : 0.031972096610337356
         "Mary is a teacher" : 0.031972096610337356
         "John is a doctor and a teacher" : 0.02409250673595907
         "Mary is a doctor and a teacher" : 0.02409250673595907
         "Mary is not a teacher" : 0.023685511722334043
         "John is not a teacher" : 0.023685511722334
         "John or Mary is a doctor" : 0.02195832147821848
         "John is a doctor or a teacher" : 0.019362561881229187
         "Mary is a doctor or a teacher" : 0.019362561881229187
         "John and Mary are teachers" : 0.017546658650075528
         "John or Mary is a teacher" : 0.017546658650075497
         "Mary is not a doctor" : 0.015461150618968775
         "John is not a doctor" : 0.015461150618968775
         "John and Mary are not teachers" : 0.012998884440058416
         "John or Mary is not a teacher" : 0.012998884440058416
         "Mary is not a doctor or a teacher" : 0.012841738691277573
         "John is not a doctor or a teacher" : 0.012841738691277573
         "John or Mary is not a doctor" : 0.012689748014987352
         "Mary is not a doctor and a teacher" : 0.012533768690543297
         "John is not a doctor and a teacher" : 0.012533768690543297
         "John and Mary are not doctors" : 0.012103144466710639
         "John and Mary are doctors and teachers" : 0.010275041555868177
         "John or Mary is a doctor and a teacher" : 0.009842683528264931
         "John and Mary are doctors or teachers" : 0.009840388470223227
         "John or Mary is a doctor or a teacher" : 0.009699897875215562
         "John or Mary is not a doctor or a teacher" : 0.007128691145591486
         "John and Mary are not doctors or teachers" : 0.007118404191734048
         "John or Mary is not a doctor and a teacher" : 0.007118103670795148
         "John and Mary are not doctors and teachers" : 0.007087096206202976,
    KLDivergence: 1.3671113845299658 },
  { query: [ 'Who is a doctor', [Object] ],
    trueResult: 
     Marginal:
         "John and Mary are doctors" : 0.380020640450514
         "John and Mary are doctors and teachers" : 0.20855974943514632
         "John is a doctor" : 0.08655534418766547
         "Mary is a doctor" : 0.08655534418766547
         "John is a doctor and a teacher" : 0.04750258005631425
         "Mary is a doctor and a teacher" : 0.04750258005631425
         "John and Mary are doctors or teachers" : 0.018309772241219994
         "John or Mary is a doctor and a teacher" : 0.01641723975145466
         "John is a doctor or a teacher" : 0.014074838535204214
         "Mary is a doctor or a teacher" : 0.014074838535204214
         "John or Mary is a doctor" : 0.014074838535204214
         "Mary is a teacher" : 0.010819418023458179
         "John is a teacher" : 0.010819418023458179
         "John is not a teacher" : 0.008015222008949992
         "Mary is not a teacher" : 0.008015222008949992
         "John and Mary are teachers" : 0.0059378225070392835
         "John or Mary is a teacher" : 0.005937822507039272
         "John and Mary are not teachers" : 0.0043988471043886965
         "John or Mary is not a teacher" : 0.0043988471043886965
         "John or Mary is a doctor or a teacher" : 0.003954910804103521
         "John is not a doctor and a teacher" : 0.0013033621050040592
         "Mary is not a doctor and a teacher" : 0.0013033621050040592
         "John or Mary is not a doctor and a teacher" : 0.0012360388998589598
         "John and Mary are not doctors and teachers" : 0.00021194082645043896,
    learnedResult: 
     Marginal:
         "John is a doctor" : 0.25577677288269896
         "Mary is a doctor" : 0.25577677288269896
         "John and Mary are doctors" : 0.03259517754922351
         "John is a teacher" : 0.031972096610337356
         "Mary is a teacher" : 0.031972096610337356
         "John is a doctor and a teacher" : 0.02409250673595907
         "Mary is a doctor and a teacher" : 0.02409250673595907
         "Mary is not a teacher" : 0.023685511722334043
         "John is not a teacher" : 0.023685511722334
         "John or Mary is a doctor" : 0.02195832147821848
         "John is a doctor or a teacher" : 0.019362561881229187
         "Mary is a doctor or a teacher" : 0.019362561881229187
         "John and Mary are teachers" : 0.017546658650075528
         "John or Mary is a teacher" : 0.017546658650075497
         "Mary is not a doctor" : 0.015461150618968775
         "John is not a doctor" : 0.015461150618968775
         "John and Mary are not teachers" : 0.012998884440058416
         "John or Mary is not a teacher" : 0.012998884440058416
         "Mary is not a doctor or a teacher" : 0.012841738691277573
         "John is not a doctor or a teacher" : 0.012841738691277573
         "John or Mary is not a doctor" : 0.012689748014987352
         "Mary is not a doctor and a teacher" : 0.012533768690543297
         "John is not a doctor and a teacher" : 0.012533768690543297
         "John and Mary are not doctors" : 0.012103144466710639
         "John and Mary are doctors and teachers" : 0.010275041555868177
         "John or Mary is a doctor and a teacher" : 0.009842683528264931
         "John and Mary are doctors or teachers" : 0.009840388470223227
         "John or Mary is a doctor or a teacher" : 0.009699897875215562
         "John or Mary is not a doctor or a teacher" : 0.007128691145591486
         "John and Mary are not doctors or teachers" : 0.007118404191734048
         "John or Mary is not a doctor and a teacher" : 0.007118103670795148
         "John and Mary are not doctors and teachers" : 0.007087096206202976,
    KLDivergence: 1.3671113845299658 },
  { query: [ 'Who is a doctor and a teacher', [Object] ],
    trueResult: 
     Marginal:
         "John is a doctor and a teacher" : 0.5057429117707349
         "John is a doctor" : 0.11519045846271186
         "John is a teacher" : 0.11519045846271186
         "John or Mary is a doctor and a teacher" : 0.051789172217255514
         "Mary is not a teacher" : 0.02528450088232814
         "Mary is not a doctor" : 0.02528450088232814
         "John and Mary are teachers" : 0.018731218954471676
         "John and Mary are doctors" : 0.018731218954471676
         "John or Mary is a teacher" : 0.018731218954471645
         "John is a doctor or a teacher" : 0.018731218954471645
         "John or Mary is a doctor" : 0.018731218954471645
         "Mary is not a doctor or a teacher" : 0.013876428297051366
         "Mary is not a doctor and a teacher" : 0.013876428297051366
         "John and Mary are doctors or teachers" : 0.007219910001734958
         "Mary is a doctor or a teacher" : 0.00554999080132493
         "John or Mary is a doctor or a teacher" : 0.005263314391264789
         "Mary is a doctor" : 0.004266313276396742
         "Mary is a teacher" : 0.004266313276396742
         "John or Mary is not a doctor" : 0.004111534310237441
         "John or Mary is not a teacher" : 0.004111534310237441
         "John or Mary is not a doctor and a teacher" : 0.003899159202225257
         "John or Mary is not a doctor or a teacher" : 0.0014209763856506024,
    learnedResult: 
     Marginal:
         "John is a teacher" : 0.06261503011798424
         "John is a doctor" : 0.06261307983583106
         "Mary is a doctor" : 0.05938697355930399
         "Mary is a teacher" : 0.05938697303344637
         "Mary is not a teacher" : 0.04407678167414526
         "Mary is not a doctor" : 0.04407678162245118
         "John is not a doctor" : 0.043765949872470046
         "John is not a teacher" : 0.04376576566774209
         "John is a doctor and a teacher" : 0.03301882127161215
         "John and Mary are teachers" : 0.03282838643602592
         "John and Mary are doctors" : 0.03282827074649146
         "John is a doctor or a teacher" : 0.032778915270886215
         "John or Mary is a teacher" : 0.03269976014203135
         "John or Mary is a doctor" : 0.032699725599012595
         "Mary is a doctor or a teacher" : 0.03264222888137036
         "Mary is a doctor and a teacher" : 0.03262858951928131
         "Mary is not a doctor and a teacher" : 0.024185903579489087
         "Mary is not a doctor or a teacher" : 0.02418490058196552
         "John or Mary is not a doctor" : 0.024180509301549302
         "John or Mary is not a teacher" : 0.024180506689004157
         "John is not a doctor or a teacher" : 0.024172642435707804
         "John and Mary are not doctors" : 0.024170247439658923
         "John and Mary are not teachers" : 0.024170238365700862
         "John is not a doctor and a teacher" : 0.024154724225878353
         "John and Mary are doctors and teachers" : 0.0179353288592187
         "John and Mary are doctors or teachers" : 0.017924076300353874
         "John or Mary is a doctor and a teacher" : 0.017921752409571803
         "John or Mary is a doctor or a teacher" : 0.017918566263093648
         "John or Mary is not a doctor or a teacher" : 0.013272621798206971
         "John or Mary is not a doctor and a teacher" : 0.013272381540724255
         "John and Mary are not doctors or teachers" : 0.013272210519146654
         "John and Mary are not doctors and teachers" : 0.01327135644064461,
    KLDivergence: 1.4118109874673623 },
  { query: [ 'Who is a doctor or a teacher', [Object] ],
    trueResult: 
     Marginal:
         "John and Mary are doctors" : 0.1056107851909732
         "John and Mary are teachers" : 0.1056107851909732
         "John is a doctor" : 0.08118368320238828
         "John is a teacher" : 0.08118368320238828
         "Mary is a teacher" : 0.08118368320238828
         "Mary is a doctor" : 0.08118368320238828
         "John and Mary are doctors or teachers" : 0.05796042780983282
         "John and Mary are doctors and teachers" : 0.05796042780983277
         "Mary is a doctor and a teacher" : 0.044554550002441795
         "John is a doctor and a teacher" : 0.044554550002441795
         "Mary is a doctor or a teacher" : 0.04455455000244175
         "John is a doctor or a teacher" : 0.04455455000244175
         "John or Mary is a teacher" : 0.03129208450102909
         "John or Mary is a doctor" : 0.03129208450102909
         "John or Mary is a doctor and a teacher" : 0.021122604886965272
         "John or Mary is a doctor or a teacher" : 0.012519452406923889
         "John is not a doctor and a teacher" : 0.009779799246246973
         "Mary is not a doctor and a teacher" : 0.009779799246246973
         "John is not a teacher" : 0.007517793967297686
         "Mary is not a teacher" : 0.007517793967297686
         "Mary is not a doctor" : 0.007517793967297686
         "John is not a doctor" : 0.007517793967297686
         "John or Mary is not a doctor and a teacher" : 0.00651387501985663
         "John or Mary is not a doctor" : 0.00565960604528182
         "John or Mary is not a teacher" : 0.00565960604528182
         "John and Mary are not doctors and teachers" : 0.0037696035994540657
         "John and Mary are not doctors" : 0.0012224749057808738
         "John and Mary are not teachers" : 0.0012224749057808738,
    learnedResult: 
     Marginal:
         "John is a teacher" : 0.06033695754396418
         "John is a doctor" : 0.060204882613043964
         "Mary is a doctor" : 0.059771036479101806
         "Mary is a teacher" : 0.059751141906493645
         "Mary is not a teacher" : 0.04432002016940251
         "Mary is not a doctor" : 0.04431806548441465
         "John is not a doctor" : 0.04427556081821594
         "John is not a teacher" : 0.04426266714252245
         "John is a doctor and a teacher" : 0.03288292210479447
         "John and Mary are teachers" : 0.03285597013868383
         "John and Mary are doctors" : 0.03284914673083556
         "John is a doctor or a teacher" : 0.03284828352517615
         "John or Mary is a teacher" : 0.03283615035467101
         "John or Mary is a doctor" : 0.03283423525304504
         "Mary is a doctor or a teacher" : 0.032825904927415404
         "Mary is a doctor and a teacher" : 0.03282067884574051
         "Mary is not a doctor and a teacher" : 0.024320391173826887
         "Mary is not a doctor or a teacher" : 0.024320002896200413
         "John or Mary is not a doctor" : 0.02431933973672072
         "John or Mary is not a teacher" : 0.02431919454424369
         "John and Mary are not doctors" : 0.024318146998654765
         "John is not a doctor or a teacher" : 0.02431799316453093
         "John and Mary are not teachers" : 0.024317609395356488
         "John is not a doctor and a teacher" : 0.024315399210750852
         "John and Mary are doctors and teachers" : 0.01801905463514835
         "John and Mary are doctors or teachers" : 0.0180175910199276
         "John or Mary is a doctor and a teacher" : 0.018017227718091004
         "John or Mary is a doctor or a teacher" : 0.01801682989732537
         "John or Mary is not a doctor or a teacher" : 0.013346962699668358
         "John or Mary is not a doctor and a teacher" : 0.01334693265123197
         "John and Mary are not doctors or teachers" : 0.013346905824441662
         "John and Mary are not doctors and teachers" : 0.013346794396359824,
    KLDivergence: 0.42592562215246543 },
  { query: [ 'Who is not a doctor and a teacher', [Object] ],
    trueResult: 
     Marginal:
         "John is a doctor and a teacher" : 0.5057429117707349
         "John is a doctor" : 0.11519045846271186
         "John is a teacher" : 0.11519045846271186
         "John or Mary is a doctor and a teacher" : 0.051789172217255514
         "Mary is not a teacher" : 0.02528450088232814
         "Mary is not a doctor" : 0.02528450088232814
         "John and Mary are teachers" : 0.018731218954471676
         "John and Mary are doctors" : 0.018731218954471676
         "John or Mary is a teacher" : 0.018731218954471645
         "John is a doctor or a teacher" : 0.018731218954471645
         "John or Mary is a doctor" : 0.018731218954471645
         "Mary is not a doctor or a teacher" : 0.013876428297051366
         "Mary is not a doctor and a teacher" : 0.013876428297051366
         "John and Mary are doctors or teachers" : 0.007219910001734958
         "Mary is a doctor or a teacher" : 0.00554999080132493
         "John or Mary is a doctor or a teacher" : 0.005263314391264789
         "Mary is a doctor" : 0.004266313276396742
         "Mary is a teacher" : 0.004266313276396742
         "John or Mary is not a doctor" : 0.004111534310237441
         "John or Mary is not a teacher" : 0.004111534310237441
         "John or Mary is not a doctor and a teacher" : 0.003899159202225257
         "John or Mary is not a doctor or a teacher" : 0.0014209763856506024,
    learnedResult: 
     Marginal:
         "John is a teacher" : 0.059894761212018546
         "John is a doctor" : 0.05989474183555483
         "Mary is a doctor" : 0.05986192633625412
         "Mary is a teacher" : 0.059861926330792056
         "Mary is not a teacher" : 0.044348140106728565
         "Mary is not a doctor" : 0.04434814010619238
         "John is not a doctor" : 0.044344918790971515
         "John is not a teacher" : 0.04434491688928529
         "John is a doctor and a teacher" : 0.032857568331184694
         "John and Mary are teachers" : 0.032855608244945975
         "John and Mary are doctors" : 0.0328556070603257
         "John is a doctor or a teacher" : 0.0328551441528897
         "John or Mary is a teacher" : 0.032854327386492785
         "John or Mary is a doctor" : 0.03285432703188262
         "Mary is a doctor or a teacher" : 0.03285373276129501
         "Mary is a doctor and a teacher" : 0.03285354569130042
         "Mary is not a doctor and a teacher" : 0.024338708890793707
         "Mary is not a doctor or a teacher" : 0.024338695067108757
         "John or Mary is not a doctor" : 0.02433864929515727
         "John or Mary is not a teacher" : 0.0243386492683049
         "John is not a doctor or a teacher" : 0.02433856831028719
         "John and Mary are not doctors" : 0.024338546853430426
         "John and Mary are not teachers" : 0.024338546760140533
         "John is not a doctor and a teacher" : 0.024338386227417113
         "John and Mary are doctors and teachers" : 0.018030733057458122
         "John and Mary are doctors or teachers" : 0.018030621266538257
         "John or Mary is a doctor and a teacher" : 0.018030597694172593
         "John or Mary is a doctor or a teacher" : 0.018030566284250437
         "John or Mary is not a doctor or a teacher" : 0.013357354457296492
         "John or Mary is not a doctor and a teacher" : 0.01335735208787182
         "John and Mary are not doctors or teachers" : 0.013357350351833715
         "John and Mary are not doctors and teachers" : 0.013357341859824418,
    KLDivergence: 1.4231984847644097 },
  { query: [ 'Who is not a doctor or a teacher', [Object] ],
    trueResult: 
     Marginal:
         "John and Mary are doctors" : 0.1056107851909732
         "John and Mary are teachers" : 0.1056107851909732
         "John is a doctor" : 0.08118368320238828
         "John is a teacher" : 0.08118368320238828
         "Mary is a teacher" : 0.08118368320238828
         "Mary is a doctor" : 0.08118368320238828
         "John and Mary are doctors or teachers" : 0.05796042780983282
         "John and Mary are doctors and teachers" : 0.05796042780983277
         "Mary is a doctor and a teacher" : 0.044554550002441795
         "John is a doctor and a teacher" : 0.044554550002441795
         "Mary is a doctor or a teacher" : 0.04455455000244175
         "John is a doctor or a teacher" : 0.04455455000244175
         "John or Mary is a teacher" : 0.03129208450102909
         "John or Mary is a doctor" : 0.03129208450102909
         "John or Mary is a doctor and a teacher" : 0.021122604886965272
         "John or Mary is a doctor or a teacher" : 0.012519452406923889
         "John is not a doctor and a teacher" : 0.009779799246246973
         "Mary is not a doctor and a teacher" : 0.009779799246246973
         "John is not a teacher" : 0.007517793967297686
         "Mary is not a teacher" : 0.007517793967297686
         "Mary is not a doctor" : 0.007517793967297686
         "John is not a doctor" : 0.007517793967297686
         "John or Mary is not a doctor and a teacher" : 0.00651387501985663
         "John or Mary is not a doctor" : 0.00565960604528182
         "John or Mary is not a teacher" : 0.00565960604528182
         "John and Mary are not doctors and teachers" : 0.0037696035994540657
         "John and Mary are not doctors" : 0.0012224749057808738
         "John and Mary are not teachers" : 0.0012224749057808738,
    learnedResult: 
     Marginal:
         "John is a teacher" : 0.05987217519051449
         "John is a doctor" : 0.05987079464611135
         "Mary is a doctor" : 0.05986623962528371
         "Mary is a teacher" : 0.05986602947580727
         "Mary is not a teacher" : 0.044350438405733
         "Mary is not a doctor" : 0.0443504177725153
         "John is not a doctor" : 0.044349970557922516
         "John is not a teacher" : 0.04434983502034322
         "John is a doctor and a teacher" : 0.03285613425632971
         "John and Mary are teachers" : 0.03285585090927991
         "John and Mary are doctors" : 0.032855779324072396
         "John is a doctor or a teacher" : 0.03285577119836393
         "John or Mary is a teacher" : 0.03285564360304404
         "John or Mary is a doctor" : 0.03285562351352405
         "Mary is a doctor or a teacher" : 0.03285553587498654
         "Mary is a doctor and a teacher" : 0.03285547984291751
         "Mary is not a doctor and a teacher" : 0.0243400050241624
         "Mary is not a doctor or a teacher" : 0.024340000860984812
         "John or Mary is not a doctor" : 0.024339993876040297
         "John or Mary is not a teacher" : 0.02433999235268627
         "John and Mary are not doctors" : 0.024339981409937313
         "John is not a doctor or a teacher" : 0.024339979723465976
         "John and Mary are not teachers" : 0.024339975767107634
         "John is not a doctor and a teacher" : 0.024339952512892775
         "John and Mary are doctors and teachers" : 0.018031540672425617
         "John and Mary are doctors or teachers" : 0.01803152538237127
         "John or Mary is a doctor and a teacher" : 0.01803152157121523
         "John or Mary is a doctor or a teacher" : 0.018031517422077162
         "John or Mary is not a doctor or a teacher" : 0.013358074218826614
         "John or Mary is not a doctor and a teacher" : 0.013358073905403304
         "John and Mary are not doctors or teachers" : 0.013358073623952452
         "John and Mary are not doctors and teachers" : 0.013358072459702455,
    KLDivergence: 0.4264106608171713 },
  { query: [ 'What is John', [Object] ],
    trueResult: 
     Marginal:
         "John is a doctor" : 0.23702792248662735
         "John is not a teacher" : 0.17559460378842734
         "John and Mary are doctors" : 0.130083681939854
         "John and Mary are not teachers" : 0.09636836179440914
         "John or Mary is a doctor" : 0.03854331316736411
         "John is a doctor or a teacher" : 0.03854331316736411
         "Mary is a teacher" : 0.029628490310828412
         "Mary is a doctor" : 0.029628490310828412
         "John is not a doctor and a teacher" : 0.02855358867982489
         "John or Mary is not a teacher" : 0.02855358867982489
         "Mary is not a doctor" : 0.02194932547355341
         "Mary is not a teacher" : 0.02194932547355341
         "John and Mary are doctors or teachers" : 0.021153018759865538
         "Mary is a doctor and a teacher" : 0.01626046024248175
         "Mary is a doctor or a teacher" : 0.016260460242481723
         "John and Mary are not doctors and teachers" : 0.0156705417197306
         "Mary is not a doctor or a teacher" : 0.012046045224301137
         "Mary is not a doctor and a teacher" : 0.012046045224301137
         "John or Mary is a doctor or a teacher" : 0.010830345605051172
         "John or Mary is not a doctor and a teacher" : 0.008023317360502066
         "John or Mary is a teacher" : 0.004817914145920514
         "John or Mary is not a doctor" : 0.0035691985849781176
         "John or Mary is a doctor and a teacher" : 0.0016651064329923299
         "John or Mary is not a doctor or a teacher" : 0.0012335411849350591,
    learnedResult: 
     Marginal:
         "John is a doctor" : 0.3508959731204009
         "John is not a teacher" : 0.04720114489833372
         "Mary is a teacher" : 0.043861996640050104
         "Mary is a doctor" : 0.043861996640050104
         "John and Mary are doctors" : 0.033052116111814425
         "Mary is not a doctor" : 0.03249376630642938
         "Mary is not a teacher" : 0.03249376630642933
         "John or Mary is a doctor" : 0.026563182093683635
         "Mary is a doctor and a teacher" : 0.024071974138376594
         "Mary is a doctor or a teacher" : 0.024071974138376594
         "John is a doctor and a teacher" : 0.023615895953654806
         "John is a doctor or a teacher" : 0.023294422156234815
         "John or Mary is a teacher" : 0.02174160570864528
         "John is not a doctor" : 0.02121089976568045
         "John and Mary are not teachers" : 0.01847443300011174
         "John or Mary is not a teacher" : 0.01801606777895393
         "John is not a doctor or a teacher" : 0.01790267865600949
         "John is not a doctor and a teacher" : 0.0178638647252273
         "Mary is not a doctor or a teacher" : 0.017832957049488497
         "Mary is not a doctor and a teacher" : 0.017832957049488465
         "John or Mary is not a doctor" : 0.017651091269833
         "John and Mary are not doctors" : 0.017206504702699257
         "John and Mary are teachers" : 0.016886323007708304
         "John or Mary is a doctor and a teacher" : 0.01320401208418883
         "John or Mary is a doctor or a teacher" : 0.013197643109637192
         "John and Mary are doctors and teachers" : 0.013182800201235904
         "John and Mary are doctors or teachers" : 0.013163834203422533
         "John and Mary are not doctors or teachers" : 0.009790368711037327
         "John and Mary are not doctors and teachers" : 0.00978844814124492
         "John or Mary is not a doctor or a teacher" : 0.009787923552661998
         "John or Mary is not a doctor and a teacher" : 0.009787378778890958,
    KLDivergence: 0.4674301493280336 },
  { query: [ 'What is John', [Object] ],
    trueResult: 
     Marginal:
         "John is a doctor and a teacher" : 0.37545849217947985
         "John and Mary are doctors and teachers" : 0.20605598937841657
         "John is a doctor" : 0.08551624717081296
         "John is a teacher" : 0.08551624717081296
         "John and Mary are teachers" : 0.046932311522435
         "John and Mary are doctors" : 0.046932311522435
         "John or Mary is a doctor and a teacher" : 0.03844776478197857
         "John or Mary is a teacher" : 0.013905870080721474
         "John is a doctor or a teacher" : 0.013905870080721474
         "John or Mary is a doctor" : 0.013905870080721474
         "Mary is a teacher" : 0.010689530896351615
         "Mary is a doctor" : 0.010689530896351615
         "Mary is not a doctor" : 0.007918999258557448
         "Mary is not a teacher" : 0.007918999258557448
         "John and Mary are doctors or teachers" : 0.007631703310311726
         "Mary is a doctor and a teacher" : 0.005866538940304378
         "Mary is a doctor or a teacher" : 0.0058665389403043675
         "Mary is not a doctor or a teacher" : 0.004346038939316297
         "Mary is not a doctor and a teacher" : 0.004346038939316297
         "John or Mary is a doctor or a teacher" : 0.003907432094879606
         "John or Mary is not a doctor" : 0.0012877152412789025
         "John or Mary is not a teacher" : 0.0012877152412789025
         "John or Mary is not a doctor and a teacher" : 0.0012212002512970355
         "John or Mary is not a doctor or a teacher" : 0.00044504382335897773,
    learnedResult: 
     Marginal:
         "John is a doctor" : 0.25577828244030104
         "John is a teacher" : 0.25577828244030104
         "John is a doctor and a teacher" : 0.03259536992125755
         "Mary is a teacher" : 0.03197228530503762
         "Mary is a doctor" : 0.03197228530503762
         "John and Mary are teachers" : 0.024092648926457006
         "John and Mary are doctors" : 0.02409264892645696
         "Mary is not a doctor" : 0.023685651510806184
         "Mary is not a teacher" : 0.023685651510806142
         "John is a doctor or a teacher" : 0.02195845107306301
         "John or Mary is a doctor" : 0.019362676156275172
         "John or Mary is a teacher" : 0.019362676156275137
         "Mary is a doctor or a teacher" : 0.017546762207922707
         "Mary is a doctor and a teacher" : 0.017546762207922707
         "John is not a doctor" : 0.015461241868448515
         "John is not a teacher" : 0.015461241868448461
         "Mary is not a doctor or a teacher" : 0.012998961157598523
         "Mary is not a doctor and a teacher" : 0.0129989611575985
         "John or Mary is not a doctor" : 0.012866393900296348
         "John or Mary is not a teacher" : 0.012866393900296348
         "John is not a doctor or a teacher" : 0.012636067058594243
         "John and Mary are not teachers" : 0.012542321818401925
         "John and Mary are not doctors" : 0.012542321818401925
         "John is not a doctor and a teacher" : 0.012058523996636613
         "John and Mary are doctors and teachers" : 0.01029488148932481
         "John and Mary are doctors or teachers" : 0.00987535624325359
         "John or Mary is a doctor and a teacher" : 0.009816684812224134
         "John or Mary is a doctor or a teacher" : 0.009699479841878585
         "John or Mary is not a doctor or a teacher" : 0.007128778651475013
         "John or Mary is not a doctor and a teacher" : 0.0071201332811863605
         "John and Mary are not doctors or teachers" : 0.007115909252803495
         "John and Mary are not doctors and teachers" : 0.0070859137952129355,
    KLDivergence: 1.369206032847536 },
  { query: [ 'What isn\'t John', [Object] ],
    trueResult: 
     Marginal:
         "John is a doctor and a teacher" : 0.37545849217947985
         "John and Mary are doctors and teachers" : 0.20605598937841657
         "John is a doctor" : 0.08551624717081296
         "John is a teacher" : 0.08551624717081296
         "John and Mary are teachers" : 0.046932311522435
         "John and Mary are doctors" : 0.046932311522435
         "John or Mary is a doctor and a teacher" : 0.03844776478197857
         "John or Mary is a teacher" : 0.013905870080721474
         "John is a doctor or a teacher" : 0.013905870080721474
         "John or Mary is a doctor" : 0.013905870080721474
         "Mary is a teacher" : 0.010689530896351615
         "Mary is a doctor" : 0.010689530896351615
         "Mary is not a doctor" : 0.007918999258557448
         "Mary is not a teacher" : 0.007918999258557448
         "John and Mary are doctors or teachers" : 0.007631703310311726
         "Mary is a doctor and a teacher" : 0.005866538940304378
         "Mary is a doctor or a teacher" : 0.0058665389403043675
         "Mary is not a doctor or a teacher" : 0.004346038939316297
         "Mary is not a doctor and a teacher" : 0.004346038939316297
         "John or Mary is a doctor or a teacher" : 0.003907432094879606
         "John or Mary is not a doctor" : 0.0012877152412789025
         "John or Mary is not a teacher" : 0.0012877152412789025
         "John or Mary is not a doctor and a teacher" : 0.0012212002512970355
         "John or Mary is not a doctor or a teacher" : 0.00044504382335897773,
    learnedResult: 
     Marginal:
         "John is a teacher" : 0.061454322783863743
         "John is a doctor" : 0.061454322783863716
         "Mary is a doctor" : 0.059637496212379904
         "Mary is a teacher" : 0.059637496212379904
         "Mary is not a doctor" : 0.044180543829967917
         "Mary is not a teacher" : 0.04418054382996786
         "John is not a doctor" : 0.04400417931476234
         "John is not a teacher" : 0.04400417931476218
         "John is a doctor and a teacher" : 0.03295043638363419
         "John and Mary are teachers" : 0.03283990673303717
         "John and Mary are doctors" : 0.032839906733037105
         "John is a doctor or a teacher" : 0.0328071915646266
         "John or Mary is a doctor" : 0.03276270438326995
         "John or Mary is a teacher" : 0.03276270438326989
         "Mary is a doctor or a teacher" : 0.03272975186886754
         "Mary is a doctor and a teacher" : 0.0327297518688675
         "Mary is not a doctor or a teacher" : 0.02424679654284859
         "Mary is not a doctor and a teacher" : 0.024246796542848535
         "John or Mary is not a doctor" : 0.024244302158746803
         "John or Mary is not a teacher" : 0.024244302158746792
         "John is not a doctor or a teacher" : 0.02423984717979395
         "John and Mary are not teachers" : 0.024238132160174022
         "John and Mary are not doctors" : 0.024238132160174022
         "John is not a doctor and a teacher" : 0.024229134837684928
         "John and Mary are doctors and teachers" : 0.017974287281111626
         "John and Mary are doctors or teachers" : 0.017967072983205077
         "John or Mary is a doctor and a teacher" : 0.017965856461976168
         "John or Mary is a doctor or a teacher" : 0.01796378403150115
         "John or Mary is not a doctor or a teacher" : 0.013306825354505378
         "John or Mary is not a doctor and a teacher" : 0.01330667017167427
         "John and Mary are not doctors or teachers" : 0.013306580864881398
         "John and Mary are not doctors and teachers" : 0.01330604090957003,
    KLDivergence: 1.3760941696034905 },
  { query: [ 'What isn\'t John', [Object] ],
    trueResult: 
     Marginal:
         "John is a doctor and a teacher" : 0.37545849217947985
         "John and Mary are doctors and teachers" : 0.20605598937841657
         "John is a doctor" : 0.08551624717081296
         "John is a teacher" : 0.08551624717081296
         "John and Mary are teachers" : 0.046932311522435
         "John and Mary are doctors" : 0.046932311522435
         "John or Mary is a doctor and a teacher" : 0.03844776478197857
         "John or Mary is a teacher" : 0.013905870080721474
         "John is a doctor or a teacher" : 0.013905870080721474
         "John or Mary is a doctor" : 0.013905870080721474
         "Mary is a teacher" : 0.010689530896351615
         "Mary is a doctor" : 0.010689530896351615
         "Mary is not a doctor" : 0.007918999258557448
         "Mary is not a teacher" : 0.007918999258557448
         "John and Mary are doctors or teachers" : 0.007631703310311726
         "Mary is a doctor and a teacher" : 0.005866538940304378
         "Mary is a doctor or a teacher" : 0.0058665389403043675
         "Mary is not a doctor or a teacher" : 0.004346038939316297
         "Mary is not a doctor and a teacher" : 0.004346038939316297
         "John or Mary is a doctor or a teacher" : 0.003907432094879606
         "John or Mary is not a doctor" : 0.0012877152412789025
         "John or Mary is not a teacher" : 0.0012877152412789025
         "John or Mary is not a doctor and a teacher" : 0.0012212002512970355
         "John or Mary is not a doctor or a teacher" : 0.00044504382335897773,
    learnedResult: 
     Marginal:
         "John is a teacher" : 0.061454322783863743
         "John is a doctor" : 0.061454322783863716
         "Mary is a doctor" : 0.059637496212379904
         "Mary is a teacher" : 0.059637496212379904
         "Mary is not a doctor" : 0.044180543829967917
         "Mary is not a teacher" : 0.04418054382996786
         "John is not a doctor" : 0.04400417931476234
         "John is not a teacher" : 0.04400417931476218
         "John is a doctor and a teacher" : 0.03295043638363419
         "John and Mary are teachers" : 0.03283990673303717
         "John and Mary are doctors" : 0.032839906733037105
         "John is a doctor or a teacher" : 0.0328071915646266
         "John or Mary is a doctor" : 0.03276270438326995
         "John or Mary is a teacher" : 0.03276270438326989
         "Mary is a doctor or a teacher" : 0.03272975186886754
         "Mary is a doctor and a teacher" : 0.0327297518688675
         "Mary is not a doctor or a teacher" : 0.02424679654284859
         "Mary is not a doctor and a teacher" : 0.024246796542848535
         "John or Mary is not a doctor" : 0.024244302158746803
         "John or Mary is not a teacher" : 0.024244302158746792
         "John is not a doctor or a teacher" : 0.02423984717979395
         "John and Mary are not teachers" : 0.024238132160174022
         "John and Mary are not doctors" : 0.024238132160174022
         "John is not a doctor and a teacher" : 0.024229134837684928
         "John and Mary are doctors and teachers" : 0.017974287281111626
         "John and Mary are doctors or teachers" : 0.017967072983205077
         "John or Mary is a doctor and a teacher" : 0.017965856461976168
         "John or Mary is a doctor or a teacher" : 0.01796378403150115
         "John or Mary is not a doctor or a teacher" : 0.013306825354505378
         "John or Mary is not a doctor and a teacher" : 0.01330667017167427
         "John and Mary are not doctors or teachers" : 0.013306580864881398
         "John and Mary are not doctors and teachers" : 0.01330604090957003,
    KLDivergence: 1.3760941696034905 },
  { query: [ 'doctor' ],
    trueResult: 
     Marginal:
         "Who is a doctor" : 0.22921420581057594
         "Who isn't a doctor" : 0.22921420581057594
         "What isn't Mary" : 0.06440286750063225
         "What isn't John" : 0.06440286750063225
         "What is John" : 0.06440286750063225
         "What is Mary" : 0.06440286750063225
         "What are John and Mary" : 0.03505845891035563
         "What aren't John and Mary" : 0.03505845891035563
         "What is John or Mary" : 0.034152473105707175
         "What isn't John or Mary" : 0.034152473105707175
         "Who isn't a doctor and a teacher" : 0.02689844941838866
         "Who is a doctor and a teacher" : 0.02689844941838866
         "Who isn't a doctor or a teacher" : 0.026361758948273445
         "Who is a doctor or a teacher" : 0.026361758948273445
         "Who is a teacher" : 0.019508918805434698
         "Who isn't a teacher" : 0.019508918805434698,
    learnedResult: 
     Marginal:
         "Who is a doctor" : 0.14659604054343187
         "What is Mary" : 0.10082512282488451
         "What is John" : 0.10082231111125863
         "Who isn't a doctor" : 0.0694131950445257
         "What isn't John" : 0.06940753562674172
         "What isn't Mary" : 0.06940753392451153
         "Who isn't a teacher" : 0.0694018749668954
         "Who is a teacher" : 0.0694018749668954
         "What are John and Mary" : 0.03809643768602715
         "Who is a doctor and a teacher" : 0.03809641878436222
         "What is John or Mary" : 0.03808874003916017
         "Who is a doctor or a teacher" : 0.03808868656119619
         "What aren't John and Mary" : 0.038088557395020914
         "Who isn't a doctor and a teacher" : 0.038088557393080126
         "What isn't John or Mary" : 0.038088556568977375
         "Who isn't a doctor or a teacher" : 0.03808855656303124,
    KLDivergence: 0.20798913249477186 },
  { query: [ 'teacher' ],
    trueResult: 
     Marginal:
         "Who isn't a teacher" : 0.2292142058105759
         "Who is a teacher" : 0.2292142058105759
         "What is John" : 0.06440286750063225
         "What isn't Mary" : 0.06440286750063225
         "What isn't John" : 0.06440286750063225
         "What is Mary" : 0.06440286750063225
         "What aren't John and Mary" : 0.03505845891035563
         "What are John and Mary" : 0.03505845891035563
         "What is John or Mary" : 0.034152473105707175
         "What isn't John or Mary" : 0.034152473105707175
         "Who isn't a doctor and a teacher" : 0.02689844941838866
         "Who is a doctor and a teacher" : 0.02689844941838866
         "Who isn't a doctor or a teacher" : 0.026361758948273434
         "Who is a doctor or a teacher" : 0.026361758948273434
         "Who isn't a doctor" : 0.019508918805434698
         "Who is a doctor" : 0.019508918805434698,
    learnedResult: 
     Marginal:
         "Who is a teacher" : 0.14660936683755235
         "What is Mary" : 0.10081423211798643
         "What is John" : 0.10081192325703446
         "Who isn't a teacher" : 0.06941402803442223
         "What isn't John" : 0.06940837024001013
         "What isn't Mary" : 0.06940836848515379
         "Who isn't a doctor" : 0.06940271115588696
         "Who is a doctor" : 0.06940271115588696
         "What are John and Mary" : 0.038096887201999025
         "Who is a doctor and a teacher" : 0.03809688706106337
         "Who is a doctor or a teacher" : 0.03808925214124631
         "What is John or Mary" : 0.038089198738816915
         "Who isn't a doctor and a teacher" : 0.038089016304336996
         "What aren't John and Mary" : 0.038089016304263756
         "Who isn't a doctor or a teacher" : 0.038089015485138024
         "What isn't John or Mary" : 0.03808901547920249,
    KLDivergence: 0.20797409731290478 },
  { query: [ 'john' ],
    trueResult: 
     Marginal:
         "What is John" : 0.2335112339276272
         "What isn't John" : 0.2335112339276272
         "Who is a doctor" : 0.0632711173435373
         "Who is a teacher" : 0.0632711173435373
         "Who isn't a doctor" : 0.0632711173435373
         "Who isn't a teacher" : 0.0632711173435373
         "Who isn't a doctor and a teacher" : 0.034279269305067944
         "Who is a doctor and a teacher" : 0.034279269305067944
         "Who isn't a doctor or a teacher" : 0.03340485038853081
         "Who is a doctor or a teacher" : 0.03340485038853081
         "What are John and Mary" : 0.02673579184995846
         "What aren't John and Mary" : 0.02673579184995846
         "What is John or Mary" : 0.026220148700735305
         "What isn't John or Mary" : 0.026220148700735305
         "What is Mary" : 0.019306471141005675
         "What isn't Mary" : 0.019306471141005675,
    learnedResult: 
     Marginal:
         "What is John" : 0.14659589247357194
         "Who is a teacher" : 0.10082569624147493
         "Who is a doctor" : 0.10082250624651042
         "What isn't John" : 0.06941312900118463
         "Who isn't a doctor" : 0.06940746952792262
         "Who isn't a teacher" : 0.06940746788662441
         "What is Mary" : 0.06940180887343587
         "What isn't Mary" : 0.06940180887343587
         "Who is a doctor and a teacher" : 0.03809640153253229
         "What are John and Mary" : 0.038096382458113025
         "Who is a doctor or a teacher" : 0.0380887037691505
         "What is John or Mary" : 0.03808865028736548
         "Who isn't a doctor and a teacher" : 0.03808852112217458
         "What aren't John and Mary" : 0.038088521120214235
         "Who isn't a doctor or a teacher" : 0.03808852029611803
         "What isn't John or Mary" : 0.03808852029017147,
    KLDivergence: 0.21740879356990395 },
  { query: [ 'mary' ],
    trueResult: 
     Marginal:
         "What isn't Mary" : 0.2335112339276271
         "What is Mary" : 0.2335112339276271
         "Who is a doctor" : 0.06327111734353735
         "Who isn't a doctor" : 0.06327111734353735
         "Who isn't a teacher" : 0.0632711173435373
         "Who is a teacher" : 0.0632711173435373
         "Who isn't a doctor and a teacher" : 0.034279269305067944
         "Who is a doctor and a teacher" : 0.034279269305067944
         "Who is a doctor or a teacher" : 0.03340485038853081
         "Who isn't a doctor or a teacher" : 0.03340485038853081
         "What are John and Mary" : 0.02673579184995847
         "What aren't John and Mary" : 0.02673579184995847
         "What isn't John or Mary" : 0.026220148700735316
         "What is John or Mary" : 0.026220148700735316
         "What isn't John" : 0.01930647114100568
         "What is John" : 0.01930647114100568,
    learnedResult: 
     Marginal:
         "What is Mary" : 0.14660849298209727
         "Who is a teacher" : 0.10081443938717932
         "Who is a doctor" : 0.10081175246149879
         "What isn't Mary" : 0.06941411717784693
         "Who isn't a doctor" : 0.06940845937621012
         "Who isn't a teacher" : 0.06940845768228278
         "What is John" : 0.06940280034574058
         "What isn't John" : 0.06940280034574058
         "Who is a doctor and a teacher" : 0.03809693612581471
         "What are John and Mary" : 0.03809693597365187
         "What is John or Mary" : 0.03808930108843757
         "Who is a doctor or a teacher" : 0.03808924768684714
         "What aren't John and Mary" : 0.03808906525276214
         "Who isn't a doctor and a teacher" : 0.03808906525269107
         "What isn't John or Mary" : 0.038089064433567375
         "Who isn't a doctor or a teacher" : 0.038089064427631956,
    KLDivergence: 0.21739333802114835 },
  { query: [ 'intersection(doctor, teacher)' ],
    trueResult: 
     Marginal:
         "Who is a doctor and a teacher" : 0.16119021963607344
         "Who isn't a doctor and a teacher" : 0.16119021963607344
         "What is John" : 0.07171132446625784
         "What isn't Mary" : 0.07171132446625784
         "What isn't John" : 0.07171132446625784
         "What is Mary" : 0.07171132446625784
         "Who isn't a doctor" : 0.05561319640979196
         "Who is a doctor" : 0.05561319640979196
         "Who is a teacher" : 0.05561319640979191
         "Who isn't a teacher" : 0.05561319640979191
         "What are John and Mary" : 0.031954853337267324
         "What aren't John and Mary" : 0.031954853337267324
         "What is John or Mary" : 0.03164538509514016
         "What isn't John or Mary" : 0.03164538509514016
         "Who isn't a doctor or a teacher" : 0.02056050017941963
         "Who is a doctor or a teacher" : 0.02056050017941963,
    learnedResult: 
     Marginal:
         "Who is a teacher" : 0.09136563872492695
         "Who is a doctor" : 0.09135721311263366
         "What is John" : 0.08597155615070812
         "What is Mary" : 0.08594757091750949
         "Who isn't a doctor" : 0.07691552369426066
         "Who isn't a teacher" : 0.07691552249462989
         "What isn't John" : 0.07691525697204091
         "What isn't Mary" : 0.07691525216898515
         "Who is a doctor and a teacher" : 0.042222163487147614
         "What are John and Mary" : 0.042214806226895725
         "Who is a doctor or a teacher" : 0.04221011286067679
         "What is John or Mary" : 0.042209969660508696
         "Who isn't a doctor and a teacher" : 0.04220985421883158
         "What aren't John and Mary" : 0.042209853447339005
         "Who isn't a doctor or a teacher" : 0.04220985293934537
         "What isn't John or Mary" : 0.042209852923560255,
    KLDivergence: 0.23899735823542745 },
  { query: [ 'union(doctor, teacher)' ],
    trueResult: 
     Marginal:
         "Who is a doctor or a teacher" : 0.15344851008414773
         "Who isn't a doctor or a teacher" : 0.15344851008414773
         "What is John" : 0.07423664944950453
         "What isn't Mary" : 0.07423664944950453
         "What isn't John" : 0.07423664944950453
         "What is Mary" : 0.07423664944950453
         "Who isn't a doctor" : 0.056660089154322336
         "Who is a doctor" : 0.056660089154322336
         "Who is a teacher" : 0.05666008915432231
         "Who isn't a teacher" : 0.05666008915432231
         "What are John and Mary" : 0.03232480643399373
         "What aren't John and Mary" : 0.03232480643399373
         "What is John or Mary" : 0.031746610153685004
         "What isn't John or Mary" : 0.031746610153685004
         "Who isn't a doctor and a teacher" : 0.020686596120519898
         "Who is a doctor and a teacher" : 0.020686596120519898,
    learnedResult: 
     Marginal:
         "What is John" : 0.10096786350963766
         "What is Mary" : 0.10096539326381303
         "Who is a doctor" : 0.09697186502072344
         "Who is a teacher" : 0.09696852400333437
         "Who isn't a doctor" : 0.07200158146390917
         "Who isn't a teacher" : 0.0720015802806864
         "What isn't John" : 0.07200135073976839
         "What isn't Mary" : 0.07200134627545039
         "Who is a doctor and a teacher" : 0.039523394580792175
         "What are John and Mary" : 0.03951786560600818
         "Who is a doctor or a teacher" : 0.03951339813259615
         "What is John or Mary" : 0.03951325477665759
         "Who isn't a doctor and a teacher" : 0.03951314628658365
         "What aren't John and Mary" : 0.039513145674929424
         "Who isn't a doctor or a teacher" : 0.039513145200588635
         "What isn't John or Mary" : 0.03951314518452122,
    KLDivergence: 0.23354987077402908 },
  { query: [ 'intersection(john, mary)' ],
    trueResult: 
     Marginal:
         "What aren't John and Mary" : 0.16243769311668096
         "What are John and Mary" : 0.16243769311668096
         "Who is a doctor" : 0.07056451151225795
         "Who isn't a doctor" : 0.07056451151225795
         "Who isn't a teacher" : 0.07056451151225793
         "Who is a teacher" : 0.07056451151225793
         "What isn't John" : 0.056019550372890525
         "What is John" : 0.056019550372890525
         "What isn't Mary" : 0.056019550372890525
         "What is Mary" : 0.056019550372890525
         "Who isn't a doctor and a teacher" : 0.03198790362966697
         "Who is a doctor and a teacher" : 0.03198790362966697
         "Who isn't a doctor or a teacher" : 0.03177092090827922
         "Who is a doctor or a teacher" : 0.03177092090827922
         "What is John or Mary" : 0.020635358575075795
         "What isn't John or Mary" : 0.020635358575075795,
    learnedResult: 
     Marginal:
         "What is Mary" : 0.0913655304472273
         "What is John" : 0.0913573217919122
         "Who is a doctor" : 0.08597089769677839
         "Who is a teacher" : 0.08594745987204172
         "What isn't John" : 0.07691561539377074
         "What isn't Mary" : 0.076915614149365
         "Who isn't a doctor" : 0.0769153485863537
         "Who isn't a teacher" : 0.07691534386364692
         "What are John and Mary" : 0.042222213739366236
         "Who is a doctor and a teacher" : 0.042214856545698114
         "What is John or Mary" : 0.042210163170048526
         "Who is a doctor or a teacher" : 0.04221001997168039
         "What aren't John and Mary" : 0.04220990452958476
         "Who isn't a doctor and a teacher" : 0.042209903758100534
         "What isn't John or Mary" : 0.042209903250105235
         "Who isn't a doctor or a teacher" : 0.04220990323432033,
    KLDivergence: 0.2421039828628754 },
  { query: [ 'union(john, mary)' ],
    trueResult: 
     Marginal:
         "What isn't John or Mary" : 0.15479572872871056
         "What is John or Mary" : 0.15479572872871056
         "Who is a doctor" : 0.07314497016363104
         "Who is a teacher" : 0.07314497016363104
         "Who isn't a doctor" : 0.07314497016363104
         "Who isn't a teacher" : 0.07314497016363104
         "What is Mary" : 0.05698246399509907
         "What isn't John" : 0.05698246399509907
         "What isn't Mary" : 0.05698246399509907
         "What is John" : 0.05698246399509907
         "Who isn't a doctor and a teacher" : 0.03248027289420873
         "Who is a doctor and a teacher" : 0.03248027289420873
         "Who isn't a doctor or a teacher" : 0.031733907142317455
         "Who is a doctor or a teacher" : 0.031733907142317455
         "What are John and Mary" : 0.020735222917302933
         "What aren't John and Mary" : 0.020735222917302933,
    learnedResult: 
     Marginal:
         "Who is a doctor" : 0.10096802978314895
         "Who is a teacher" : 0.10096594096924656
         "What is John" : 0.09697180996528112
         "What is Mary" : 0.09696823074253977
         "What isn't John" : 0.07200153791570245
         "What isn't Mary" : 0.07200153669011969
         "Who isn't a doctor" : 0.07200130711325492
         "Who isn't a teacher" : 0.07200130272387283
         "What are John and Mary" : 0.03952337060577819
         "Who is a doctor and a teacher" : 0.039517841697221064
         "What is John or Mary" : 0.03951337422072635
         "Who is a doctor or a teacher" : 0.039513230866781754
         "What aren't John and Mary" : 0.0395131223765035
         "Who isn't a doctor and a teacher" : 0.039513121764857606
         "What isn't John or Mary" : 0.03951312129051612
         "Who isn't a doctor or a teacher" : 0.039513121274448906,
    KLDivergence: 0.2372381303563759 } ]
