L2 norm of gradient: 174.1492797476373
Iteration 0: -14166.413625335786
L2 norm of gradient: 61.843604853293286
Iteration 1: -13489.136588307563
L2 norm of gradient: 66.1662509903437
Iteration 2: -15229.62302191928
L2 norm of gradient: 103.26615165590324
Iteration 3: -14349.6792134922
L2 norm of gradient: 290.12484238087063
Iteration 4: -15734.530546843773
L2 norm of gradient: 177.75328820664123
Iteration 5: -14744.811079233186
L2 norm of gradient: 19.55366966976316
Iteration 6: -14738.766113732476
L2 norm of gradient: 7.2266646218672905
Iteration 7: -15389.063846409554
L2 norm of gradient: 195.7867331357571
Iteration 8: -13603.800953512313
L2 norm of gradient: 48.90034665795857
Iteration 9: -14287.76568009588
L2 norm of gradient: 132.00319583848847
Iteration 10: -14084.498583491659
L2 norm of gradient: 10.92898930677766
Iteration 11: -15433.924616868608
L2 norm of gradient: 58.76915308154191
Iteration 12: -14416.889539409662
L2 norm of gradient: 5.231074686481678
Iteration 13: -15125.470301899593
L2 norm of gradient: 18.786558227479183
Iteration 14: -13928.858586485498
L2 norm of gradient: 371.7929086443029
Iteration 15: -15310.449548813049
L2 norm of gradient: 76.18676319278221
Iteration 16: -14289.961517332587
L2 norm of gradient: 0.299050793916858
Iteration 17: -14477.262916337233
L2 norm of gradient: 120.59001888926494
Iteration 18: -14657.081668278435
L2 norm of gradient: 281.06555363141547
Iteration 19: -15520.136288903886
L2 norm of gradient: 0.1362735121273477
Iteration 20: -15744.515360859456
L2 norm of gradient: 19.162285142626185
Iteration 21: -15178.485439497512
L2 norm of gradient: 6.703702879703376
Iteration 22: -13725.326103463769
L2 norm of gradient: 0.492625306351924
Iteration 23: -14322.933933280176
L2 norm of gradient: 5.804553265169129
Iteration 24: -14953.75604705303
L2 norm of gradient: 0.07830093851517297
Iteration 25: -14354.754004689166
L2 norm of gradient: 163.19220412915377
Iteration 26: -15761.027583795134
L2 norm of gradient: 12.082749136353709
Iteration 27: -14459.505031771492
L2 norm of gradient: 128.2574338995263
Iteration 28: -14205.92231256119
L2 norm of gradient: 0.8581671001963046
Iteration 29: -12335.03527163365
L2 norm of gradient: 255.05653405647425
Iteration 30: -14391.641887083882
L2 norm of gradient: 58.94194293322343
Iteration 31: -14741.128037807997
L2 norm of gradient: 70.53899155002763
Iteration 32: -13855.684809604893
L2 norm of gradient: 5.732189661257929
Iteration 33: -16648.333354831906
L2 norm of gradient: 257.63467100811323
Iteration 34: -14620.989208170213
L2 norm of gradient: 58.48503494846261
Iteration 35: -14640.103127453243
L2 norm of gradient: 14.949428410159214
Iteration 36: -12755.177753239637
L2 norm of gradient: 173.22746764346732
Iteration 37: -12255.935989465797
L2 norm of gradient: 0.04005486412275144
Iteration 38: -14806.028538240585
L2 norm of gradient: 122.08402711234125
Iteration 39: -14480.266160441563
L2 norm of gradient: 135.37658800821066
Iteration 40: -15654.632234454853
L2 norm of gradient: 72.83418971873157
Iteration 41: -12397.329923698213
L2 norm of gradient: 14.949001893246423
Iteration 42: -13910.41374232783
L2 norm of gradient: 125.3669282279469
Iteration 43: -14355.004111142829
L2 norm of gradient: 149.95748841463674
Iteration 44: -14689.088874300942
L2 norm of gradient: 71.84915355494435
Iteration 45: -10951.177087775664
L2 norm of gradient: 125.04370948752955
Iteration 46: -15871.627352577168
L2 norm of gradient: 5.721925847314642
Iteration 47: -14800.107112454018
L2 norm of gradient: 159.44569147656708
Iteration 48: -14485.42556599644
L2 norm of gradient: 63.66276127270318
Iteration 49: -12853.401196253952
L2 norm of gradient: 278.2563423018764
Iteration 50: -14027.484702748712
L2 norm of gradient: 136.78156986807602
Iteration 51: -15329.642846615054
L2 norm of gradient: 52.24269541189041
Iteration 52: -12913.598014306277
L2 norm of gradient: 5.788323714203253
Iteration 53: -16018.125119112432
L2 norm of gradient: 47.06637949211321
Iteration 54: -14732.006124384468
L2 norm of gradient: 157.93099639691738
Iteration 55: -14889.926336899167
L2 norm of gradient: 18.540340101933964
Iteration 56: -10883.026447232813
L2 norm of gradient: 0.07885581731427724
Iteration 57: -15887.781510184985
L2 norm of gradient: 11.826211459857836
Iteration 58: -15340.220868987031
L2 norm of gradient: 5.870089278882141
Iteration 59: -14943.734271781985
L2 norm of gradient: 44.16426485892556
Iteration 60: -15000.448700692505
L2 norm of gradient: 0.5109876411144836
Iteration 61: -13423.31634624605
L2 norm of gradient: 153.8531381668597
Iteration 62: -15095.343015946914
L2 norm of gradient: 27.174728970114774
Iteration 63: -14341.973743341863
L2 norm of gradient: 6.705698440959251
Iteration 64: -12503.413022135384
L2 norm of gradient: 5.90467247491075
Iteration 65: -14347.70923731639
L2 norm of gradient: 95.28430244303206
Iteration 66: -15056.608430705033
L2 norm of gradient: 154.25303686053928
Iteration 67: -15228.067996719386
L2 norm of gradient: 0.09045473734581994
Iteration 68: -15413.22378567583
L2 norm of gradient: 78.72003559514462
Iteration 69: -14342.530935449991
L2 norm of gradient: 14.21565864217548
Iteration 70: -14294.875048931455
L2 norm of gradient: 6.722426816557727
Iteration 71: -14626.42788037355
L2 norm of gradient: 47.66151902396064
Iteration 72: -15087.5765884039
L2 norm of gradient: 0.05244411206206188
Iteration 73: -13865.019263460068
L2 norm of gradient: 121.52446313411232
Iteration 74: -16161.15611656243
L2 norm of gradient: 48.95183093763354
Iteration 75: -14219.026277824072
L2 norm of gradient: 106.00996562739788
Iteration 76: -14189.747241328238
L2 norm of gradient: 126.94052832355978
Iteration 77: -12802.063636053354
L2 norm of gradient: 135.11462632237362
Iteration 78: -14478.275930512464
L2 norm of gradient: 50.447115696810584
Iteration 79: -15892.631649235962
L2 norm of gradient: 168.51027135551817
Iteration 80: -12223.521542047383
L2 norm of gradient: 159.40294190822567
Iteration 81: -14006.543567492394
L2 norm of gradient: 13.905405493522144
Iteration 82: -14157.764574915636
L2 norm of gradient: 102.01118304474326
Iteration 83: -13653.204031660222
L2 norm of gradient: 11.731872973284236
Iteration 84: -15378.904619155452
L2 norm of gradient: 50.184179636028844
Iteration 85: -16189.576390920905
L2 norm of gradient: 44.178081830051
Iteration 86: -14629.433491358068
L2 norm of gradient: 5.9398943940677835
Iteration 87: -14934.107235223055
L2 norm of gradient: 135.39518348380247
Iteration 88: -13266.121141413692
L2 norm of gradient: 107.35784866386045
Iteration 89: -14783.981019784696
L2 norm of gradient: 85.63918641669058
Iteration 90: -14144.953652719734
L2 norm of gradient: 130.95878994513419
Iteration 91: -14521.146888247225
L2 norm of gradient: 131.07353029304346
Iteration 92: -14293.08406497445
L2 norm of gradient: 5.9756157054385834
Iteration 93: -14951.449104000349
L2 norm of gradient: 5.953519091068032
Iteration 94: -13880.763004371198
L2 norm of gradient: 12.162652572773581
Iteration 95: -14310.916795092868
L2 norm of gradient: 11.854483150805416
Iteration 96: -14199.952146061463
L2 norm of gradient: 122.1178461630904
Iteration 97: -14824.016707146075
L2 norm of gradient: 115.60114218235613
Iteration 98: -15034.52311616647
L2 norm of gradient: 0.40667982453355417
Iteration 99: -11595.824473262765
L2 norm of gradient: 64.16224254020669
Iteration 100: -12552.048568302533
L2 norm of gradient: 0.21967048315891674
Iteration 101: -14179.872021480696
L2 norm of gradient: 165.92526260429915
Iteration 102: -14961.550175388344
L2 norm of gradient: 165.2030286594752
Iteration 103: -14671.83021040354
L2 norm of gradient: 0.12310306722993232
Iteration 104: -13883.506908119889
L2 norm of gradient: 87.83095883772395
Iteration 105: -14565.082167750923
L2 norm of gradient: 0.1351699933218505
Iteration 106: -14977.478867458878
L2 norm of gradient: 12.390681721050447
Iteration 107: -14419.595592317404
L2 norm of gradient: 4.78355604803112
Iteration 108: -14657.884847450303
L2 norm of gradient: 49.388212832710344
Iteration 109: -12975.511726763565
L2 norm of gradient: 12.79958274306355
Iteration 110: -14277.593345414381
L2 norm of gradient: 82.56592346732394
Iteration 111: -13140.675499074627
L2 norm of gradient: 63.020721563183365
Iteration 112: -14404.957404332003
L2 norm of gradient: 131.69410969949848
Iteration 113: -15253.1480474032
L2 norm of gradient: 11.957194399329985
Iteration 114: -13742.534424344543
L2 norm of gradient: 161.05561491307384
Iteration 115: -13386.337364708772
L2 norm of gradient: 23.745883025009583
Iteration 116: -14740.822096791351
L2 norm of gradient: 148.81062845589554
Iteration 117: -15018.466236583423
L2 norm of gradient: 71.8696433937804
Iteration 118: -14261.317636288237
L2 norm of gradient: 44.85610136851582
Iteration 119: -15900.393893773435
L2 norm of gradient: 6.0706769049669544
Iteration 120: -14941.296467382926
L2 norm of gradient: 12.613518308419172
Iteration 121: -14284.72633905732
L2 norm of gradient: 12.11535289544675
Iteration 122: -12824.76260183379
L2 norm of gradient: 19.695589130816337
Iteration 123: -14716.88583410019
L2 norm of gradient: 107.36756638172349
Iteration 124: -15338.376089829486
L2 norm of gradient: 24.161987395241038
Iteration 125: -14578.70681354613
L2 norm of gradient: 158.4119382430282
Iteration 126: -13122.454028894426
L2 norm of gradient: 160.7399118984129
Iteration 127: -13497.073021023767
L2 norm of gradient: 6.079265237998593
Iteration 128: -13283.381698357174
L2 norm of gradient: 38.46055905325319
Iteration 129: -14499.824932286749
L2 norm of gradient: 6.236763972400121
Iteration 130: -14657.207468304317
L2 norm of gradient: 1.78023656236188
Iteration 131: -13719.335920326877
L2 norm of gradient: 14.004696184456801
Iteration 132: -14733.80527212401
L2 norm of gradient: 281.52219323588844
Iteration 133: -14354.779958238592
L2 norm of gradient: 8.106724662430349
Iteration 134: -15576.473467802629
L2 norm of gradient: 46.87062774241643
Iteration 135: -14668.73863079981
L2 norm of gradient: 193.51851736803798
Iteration 136: -13136.476993842749
L2 norm of gradient: 7.246597722569134
Iteration 137: -12799.333554205485
L2 norm of gradient: 0.9878443290821187
Iteration 138: -14186.112810822204
L2 norm of gradient: 19.659739890593553
Iteration 139: -15017.48664508108
L2 norm of gradient: 19.649272323778852
Iteration 140: -14735.225619780831
L2 norm of gradient: 17.678015392472815
Iteration 141: -14145.98411927931
L2 norm of gradient: 46.87558281797683
Iteration 142: -14183.728414489888
L2 norm of gradient: 289.01605622244244
Iteration 143: -15488.402734964853
L2 norm of gradient: 73.05554429148384
Iteration 144: -15325.246081039775
L2 norm of gradient: 176.4709471041739
Iteration 145: -13515.476144116139
L2 norm of gradient: 6.880699887129927
Iteration 146: -14653.114871207858
L2 norm of gradient: 14.929337403059536
Iteration 147: -13465.519519569818
L2 norm of gradient: 452.44396383040305
Iteration 148: -14801.18916267925
L2 norm of gradient: 93.05467014403379
Iteration 149: -12842.798736951314
L2 norm of gradient: 92.9521331487096
Iteration 150: -14271.228389612166
L2 norm of gradient: 154.5028860980778
Iteration 151: -14582.63164769113
L2 norm of gradient: 25.08107772117479
Iteration 152: -15031.790837872075
L2 norm of gradient: 101.16537886705564
Iteration 153: -15018.990341433557
L2 norm of gradient: 6.242310154174882
Iteration 154: -12844.812896029325
L2 norm of gradient: 14.33358141975999
Iteration 155: -14678.945542671252
L2 norm of gradient: 191.33718966071973
Iteration 156: -14412.45343763521
L2 norm of gradient: 6.233481230683268
Iteration 157: -15695.02248849487
L2 norm of gradient: 31.256864867175917
Iteration 158: -16195.245865275385
L2 norm of gradient: 187.68274011050755
Iteration 159: -14499.576399247162
L2 norm of gradient: 52.13950665609623
Iteration 160: -14345.277868530713
L2 norm of gradient: 49.80499417463642
Iteration 161: -14721.183001353405
L2 norm of gradient: 87.34146947060377
Iteration 162: -14672.805241275812
L2 norm of gradient: 145.27711997298582
Iteration 163: -14124.305989193497
L2 norm of gradient: 62.65377728523387
Iteration 164: -15572.507399533875
L2 norm of gradient: 15.946859113709374
Iteration 165: -14880.037625794532
L2 norm of gradient: 184.42788283575737
Iteration 166: -15024.578674335964
L2 norm of gradient: 32.09667587572869
Iteration 167: -14970.806971558835
L2 norm of gradient: 15.032060311887713
Iteration 168: -13902.668513573939
L2 norm of gradient: 6.624102659181708
Iteration 169: -14795.85369975958
L2 norm of gradient: 175.46150310586702
Iteration 170: -13745.585423248587
L2 norm of gradient: 57.338491831947685
Iteration 171: -14665.960306544788
L2 norm of gradient: 8.16449204088476
Iteration 172: -11619.023112174356
L2 norm of gradient: 172.25810582999551
Iteration 173: -11890.986305467552
L2 norm of gradient: 74.87274057098952
Iteration 174: -14803.173940668115
L2 norm of gradient: 15.504861862608209
Iteration 175: -13591.735278118635
L2 norm of gradient: 114.352314038341
Iteration 176: -13705.326116043609
L2 norm of gradient: 56.65782373941397
Iteration 177: -14386.257387230638
L2 norm of gradient: 114.83781936199266
Iteration 178: -13662.271759065101
L2 norm of gradient: 358.8888922457022
Iteration 179: -14879.768598451046
L2 norm of gradient: 61.130892110290915
Iteration 180: -13857.19706187793
L2 norm of gradient: 62.17254467060386
Iteration 181: -14034.580629376695
L2 norm of gradient: 6.5981396305214695
Iteration 182: -14810.709996894933
L2 norm of gradient: 139.53580818453582
Iteration 183: -15043.50668110489
L2 norm of gradient: 196.0046113683954
Iteration 184: -14624.412334149936
L2 norm of gradient: 6.582389353922968
Iteration 185: -15103.733295199927
L2 norm of gradient: 125.22154086709662
Iteration 186: -14332.715261867736
L2 norm of gradient: 62.416282092285485
Iteration 187: -14995.885273667518
L2 norm of gradient: 17.737707027899404
Iteration 188: -13984.120694123209
L2 norm of gradient: 63.13006663864058
Iteration 189: -13624.69998483127
L2 norm of gradient: 35.26993647570903
Iteration 190: -15729.158619858557
L2 norm of gradient: 35.285217185496215
Iteration 191: -15265.65742202592
L2 norm of gradient: 15.828255021465894
Iteration 192: -14740.23536793422
L2 norm of gradient: 163.1465070093208
Iteration 193: -14786.703651904827
L2 norm of gradient: 0.6298878435625401
Iteration 194: -13888.375573758269
L2 norm of gradient: 68.81009435083436
Iteration 195: -13331.209196622483
L2 norm of gradient: 0.9741060496080344
Iteration 196: -14924.180973482085
L2 norm of gradient: 20.94267241097422
Iteration 197: -15644.961677586893
L2 norm of gradient: 169.41073132706973
Iteration 198: -14475.384015100077
L2 norm of gradient: 75.85570760809594
Iteration 199: -13390.104025856126
L2 norm of gradient: 23.06494014797319
Iteration 200: -14753.745578083443
L2 norm of gradient: 170.82587367005837
Iteration 201: -14342.068259234773
L2 norm of gradient: 211.49272809617798
Iteration 202: -14653.271759572206
L2 norm of gradient: 335.25703833020424
Iteration 203: -14477.84908799571
L2 norm of gradient: 23.33244313685046
Iteration 204: -14900.684577461798
L2 norm of gradient: 184.55985410785368
Iteration 205: -15066.943556431914
L2 norm of gradient: 9.199878138917645
Iteration 206: -14249.481920712627
L2 norm of gradient: 6.681936409266789
Iteration 207: -14219.825149049982
L2 norm of gradient: 71.24556350883367
Iteration 208: -12955.520688045537
L2 norm of gradient: 8.80742932543448
Iteration 209: -13588.865758967819
L2 norm of gradient: 127.97248158765656
Iteration 210: -14336.011948899366
L2 norm of gradient: 177.75559262092352
Iteration 211: -15814.284804271767
L2 norm of gradient: 0.7454645909071654
Iteration 212: -13717.334287896287
L2 norm of gradient: 175.75454764411344
Iteration 213: -14773.43708907906
L2 norm of gradient: 177.0627099554624
Iteration 214: -15076.725346166408
L2 norm of gradient: 96.77164658079593
Iteration 215: -13888.070065605687
L2 norm of gradient: 161.74362447170475
Iteration 216: -13929.038598775864
L2 norm of gradient: 20.855721985962642
Iteration 217: -15754.363997014007
L2 norm of gradient: 123.95153339241162
Iteration 218: -14938.045453248546
L2 norm of gradient: 87.10524104031799
Iteration 219: -13100.894774124958
L2 norm of gradient: 8.399980191463628
Iteration 220: -14931.594139548251
L2 norm of gradient: 0.9802705888344415
Iteration 221: -12502.593707137974
L2 norm of gradient: 49.037682234794026
Iteration 222: -14977.064757170388
L2 norm of gradient: 85.19346304210241
Iteration 223: -15082.371821481036
L2 norm of gradient: 0.745518167260583
Iteration 224: -14331.120418494102
L2 norm of gradient: 197.78162697475562
Iteration 225: -15454.510401444975
L2 norm of gradient: 26.525103634904724
Iteration 226: -16067.347876890097
L2 norm of gradient: 180.8600974912428
Iteration 227: -13724.482895854628
L2 norm of gradient: 185.15605028727123
Iteration 228: -13673.545294294367
L2 norm of gradient: 181.54115900889428
Iteration 229: -13322.12532412284
L2 norm of gradient: 23.620318928833736
Iteration 230: -14564.795768666314
L2 norm of gradient: 184.7155644222197
Iteration 231: -15541.8990693409
L2 norm of gradient: 87.05570835060804
Iteration 232: -14251.953364518238
L2 norm of gradient: 274.89971220946285
Iteration 233: -13931.395088255405
L2 norm of gradient: 185.31732345163243
Iteration 234: -16652.596372400643
L2 norm of gradient: 92.36932268433048
Iteration 235: -13229.014332357328
L2 norm of gradient: 97.75261777949264
Iteration 236: -14322.69350554049
L2 norm of gradient: 202.28886034902828
Iteration 237: -15118.57132779574
L2 norm of gradient: 13.831165963970097
Iteration 238: -14365.814185223542
L2 norm of gradient: 226.1373376486346
Iteration 239: -15246.699239594862
L2 norm of gradient: 6.426264989324231
Iteration 240: -15112.508354216348
L2 norm of gradient: 0.6051005837315533
Iteration 241: -14335.684952868847
L2 norm of gradient: 100.20403366096471
Iteration 242: -13642.402537171729
L2 norm of gradient: 99.4859367791194
Iteration 243: -13416.052526773652
L2 norm of gradient: 9.59574313140722
Iteration 244: -14043.650857074419
L2 norm of gradient: 27.98561962570834
Iteration 245: -13588.57570543373
L2 norm of gradient: 94.40689674398973
Iteration 246: -13998.931340350537
L2 norm of gradient: 4.975714585677776
Iteration 247: -15236.067602474941
L2 norm of gradient: 9.080617638405243
Iteration 248: -15263.087874084013
L2 norm of gradient: 35.66869027711363
Iteration 249: -13984.585286887595
L2 norm of gradient: 478.5361041470326
Iteration 250: -15508.557681685546
L2 norm of gradient: 6.799439788305379
Iteration 251: -14183.235203324817
L2 norm of gradient: 2.364011306526175
Iteration 252: -14613.601519237505
L2 norm of gradient: 26.954388310636418
Iteration 253: -13198.675524014747
L2 norm of gradient: 110.30094855719194
Iteration 254: -13339.66329253884
L2 norm of gradient: 16.72321584411263
Iteration 255: -14370.139717168175
L2 norm of gradient: 102.6052158765317
Iteration 256: -13440.051079915604
L2 norm of gradient: 26.12613498496874
Iteration 257: -15066.961617933586
L2 norm of gradient: 27.375474802806377
Iteration 258: -12287.070084169507
L2 norm of gradient: 13.929529073348707
Iteration 259: -15574.622775678989
L2 norm of gradient: 435.5344244661387
Iteration 260: -14970.683086509118
L2 norm of gradient: 21.67190679082385
Iteration 261: -14450.127877052873
L2 norm of gradient: 183.24132920027137
Iteration 262: -17366.82692368445
L2 norm of gradient: 27.87415927407937
Iteration 263: -15343.990091038868
L2 norm of gradient: 114.18526438331834
Iteration 264: -14273.370118139079
L2 norm of gradient: 15.304707052209844
Iteration 265: -14174.745010325918
L2 norm of gradient: 52.167717453195166
Iteration 266: -13127.875064430526
L2 norm of gradient: 110.75846792303594
Iteration 267: -14082.219150055433
L2 norm of gradient: 12.504599165872447
Iteration 268: -14000.066310847178
L2 norm of gradient: 6.443043917809289
Iteration 269: -14519.70004499983
L2 norm of gradient: 183.30594452494182
Iteration 270: -15084.939093196299
L2 norm of gradient: 15.66763106851548
Iteration 271: -12793.231355005177
L2 norm of gradient: 222.06916600177206
Iteration 272: -14884.218190197833
L2 norm of gradient: 2.81822226449023
Iteration 273: -13730.9083069833
L2 norm of gradient: 8.289692368130344
Iteration 274: -12514.166744184215
L2 norm of gradient: 214.92314061713077
Iteration 275: -14461.383460082812
L2 norm of gradient: 124.4245210775706
Iteration 276: -12970.967414413579
L2 norm of gradient: 215.42156885388516
Iteration 277: -14312.969182082219
L2 norm of gradient: 215.22327927145562
Iteration 278: -13991.400286719901
L2 norm of gradient: 5.470479303142895
Iteration 279: -14528.264508124907
L2 norm of gradient: 24.48207597278651
Iteration 280: -15053.771917243022
L2 norm of gradient: 220.3025187516478
Iteration 281: -15376.420320625883
L2 norm of gradient: 2.881331108948985
Iteration 282: -13124.867055103648
L2 norm of gradient: 21.167478098365248
Iteration 283: -13057.545011205366
L2 norm of gradient: 0.38464652400890403
Iteration 284: -14477.2478285369
L2 norm of gradient: 226.49347531954714
Iteration 285: -13838.1625632192
L2 norm of gradient: 6.856662906219076
Iteration 286: -14645.35447579436
L2 norm of gradient: 228.38639070434294
Iteration 287: -16171.242750775302
L2 norm of gradient: 205.49029239683352
Iteration 288: -13109.378267928958
L2 norm of gradient: 31.198386880848147
Iteration 289: -13508.398304142524
L2 norm of gradient: 16.597337876184923
Iteration 290: -12065.01872414723
L2 norm of gradient: 159.28478600855505
Iteration 291: -13931.965174205834
L2 norm of gradient: 4.521687430107704
Iteration 292: -13874.927739253268
L2 norm of gradient: 8.021168354316922
Iteration 293: -13748.576108893147
L2 norm of gradient: 93.95172272094614
Iteration 294: -15293.58629487711
L2 norm of gradient: 118.21290046401874
Iteration 295: -13515.460753930965
L2 norm of gradient: 30.711305921186952
Iteration 296: -14273.27581820055
L2 norm of gradient: 337.523454350466
Iteration 297: -14911.102050563553
L2 norm of gradient: 0.8704084237884305
Iteration 298: -14631.195365636842
L2 norm of gradient: 230.99296371180424
Iteration 299: -15079.113738400163
L2 norm of gradient: 94.71888584214271
Iteration 300: -15381.520748022245
L2 norm of gradient: 121.31457729357771
Iteration 301: -14089.167779959505
L2 norm of gradient: 21.488099287185683
Iteration 302: -14804.713740125066
L2 norm of gradient: 224.7188345513385
Iteration 303: -15091.648111250717
L2 norm of gradient: 232.2636515854734
Iteration 304: -14261.407952113776
L2 norm of gradient: 156.48945035467932
Iteration 305: -14486.077296946198
L2 norm of gradient: 2.057102621204258
Iteration 306: -14482.070321984356
L2 norm of gradient: 136.1191058432699
Iteration 307: -12795.546709790593
L2 norm of gradient: 14.433555790848997
Iteration 308: -14634.854698173003
L2 norm of gradient: 0.5953804503210777
Iteration 309: -14020.509083745768
L2 norm of gradient: 7.294251375906773
Iteration 310: -14818.395666881697
L2 norm of gradient: 245.17012354245068
Iteration 311: -15049.999793085968
L2 norm of gradient: 13.928552454575794
Iteration 312: -14311.79004936223
L2 norm of gradient: 0.4092127898057826
Iteration 313: -14778.304268640233
L2 norm of gradient: 100.12203152618419
Iteration 314: -14341.411288459785
L2 norm of gradient: 27.568541361864852
Iteration 315: -12226.98271693755
L2 norm of gradient: 171.198661931636
Iteration 316: -14303.472935535247
L2 norm of gradient: 617.8438469491998
Iteration 317: -14785.625751335872
L2 norm of gradient: 173.00251892497565
Iteration 318: -14084.195829003816
L2 norm of gradient: 132.51383483229938
Iteration 319: -13824.388280478073
L2 norm of gradient: 234.33029867816612
Iteration 320: -13555.280011142837
L2 norm of gradient: 11.317694083834784
Iteration 321: -14201.664584917482
L2 norm of gradient: 252.85542349796975
Iteration 322: -15334.296017176937
L2 norm of gradient: 259.23365150710714
Iteration 323: -16282.7193983139
L2 norm of gradient: 7.167594466517318
Iteration 324: -14519.770925496472
L2 norm of gradient: 213.5277572671615
Iteration 325: -15059.105194195872
L2 norm of gradient: 1.5628293354867602
Iteration 326: -13686.641945353476
L2 norm of gradient: 123.17801870555115
Iteration 327: -13587.905843447661
L2 norm of gradient: 20.837374608567973
Iteration 328: -13983.337775736349
L2 norm of gradient: 183.55846790330102
Iteration 329: -15099.302929667057
L2 norm of gradient: 2.181684086760113
Iteration 330: -14017.186561529757
L2 norm of gradient: 155.24711918983894
Iteration 331: -10496.54813021305
L2 norm of gradient: 185.93267415739152
Iteration 332: -13934.473135089036
L2 norm of gradient: 285.96418372018667
Iteration 333: -15531.640726390062
L2 norm of gradient: 9.460179568049215
Iteration 334: -14360.812665408244
L2 norm of gradient: 305.2603516676059
Iteration 335: -14518.363605472958
L2 norm of gradient: 145.22362401342497
Iteration 336: -14252.943919486832
L2 norm of gradient: 194.83612685674956
Iteration 337: -13937.714687529951
L2 norm of gradient: 59.363350239938846
Iteration 338: -15257.38703115983
L2 norm of gradient: 57.416415632381
Iteration 339: -14841.325384860393
L2 norm of gradient: 7.593488082084037
Iteration 340: -14358.734870815417
L2 norm of gradient: 7.741705790850558
Iteration 341: -14209.096797849284
L2 norm of gradient: 111.32672162109897
Iteration 342: -14718.558346601436
L2 norm of gradient: 186.8906411392594
Iteration 343: -14391.648056828417
L2 norm of gradient: 222.8016521948107
Iteration 344: -13090.548058160348
L2 norm of gradient: 180.60516952302729
Iteration 345: -14698.812914249254
L2 norm of gradient: 157.67302056615927
Iteration 346: -14921.936159084318
L2 norm of gradient: 154.20304117176443
Iteration 347: -14075.331851179712
L2 norm of gradient: 15.327085955030382
Iteration 348: -13576.603643652285
L2 norm of gradient: 305.97306181406947
Iteration 349: -15280.958690834697
L2 norm of gradient: 4.141641329129769
Iteration 350: -13425.030890276656
L2 norm of gradient: 5.855473564549248
Iteration 351: -13611.405802016845
L2 norm of gradient: 219.09357868622286
Iteration 352: -14765.776299640536
L2 norm of gradient: 328.8456819349638
Iteration 353: -13927.653869157657
L2 norm of gradient: 307.43109308010753
Iteration 354: -15280.044471067376
L2 norm of gradient: 8.385591018607503
Iteration 355: -15423.712811574806
L2 norm of gradient: 292.10161464969093
Iteration 356: -15336.857987145428
L2 norm of gradient: 4.391475844713417
Iteration 357: -14501.83474111138
L2 norm of gradient: 317.9066857571424
Iteration 358: -15584.783865843201
L2 norm of gradient: 185.3803403357836
Iteration 359: -12924.2908188703
L2 norm of gradient: 31.98401908446964
Iteration 360: -15194.720352154458
L2 norm of gradient: 199.96810664037162
Iteration 361: -14894.547567865346
L2 norm of gradient: 5.265168411690569
Iteration 362: -13465.629220857983
L2 norm of gradient: 1.0569466868612853
Iteration 363: -14786.739600773668
L2 norm of gradient: 37.97259936598059
Iteration 364: -15644.407089264365
L2 norm of gradient: 15.622925979269866
Iteration 365: -15084.210922674043
L2 norm of gradient: 48.08373022002209
Iteration 366: -15631.917983546387
L2 norm of gradient: 14.84867170132258
Iteration 367: -14027.599752460606
L2 norm of gradient: 20.753384655533978
Iteration 368: -12956.449607918272
L2 norm of gradient: 355.5033208524375
Iteration 369: -11638.138688037405
L2 norm of gradient: 222.591083722909
Iteration 370: -15242.251759431092
L2 norm of gradient: 42.66792786151922
Iteration 371: -15015.045762802707
L2 norm of gradient: 275.86892915122974
Iteration 372: -14053.866620306158
L2 norm of gradient: 302.624810169056
Iteration 373: -15637.957929895027
L2 norm of gradient: 158.68572846555008
Iteration 374: -14891.53235782194
L2 norm of gradient: 98.85451657986603
Iteration 375: -13894.618576061679
L2 norm of gradient: 14.57722995661479
Iteration 376: -15082.524014577037
L2 norm of gradient: 5.039122766027272
Iteration 377: -15409.749169838848
L2 norm of gradient: 10.670174598057045
Iteration 378: -13110.604018804617
L2 norm of gradient: 261.0315040200933
Iteration 379: -14154.806924466044
L2 norm of gradient: 162.03525162411626
Iteration 380: -14550.522360828938
L2 norm of gradient: 226.6925383426611
Iteration 381: -14915.645695732674
L2 norm of gradient: 112.11759548711376
Iteration 382: -14825.695272544166
L2 norm of gradient: 181.61990617237495
Iteration 383: -14029.098047283245
L2 norm of gradient: 326.47422988341003
Iteration 384: -14857.281617811881
L2 norm of gradient: 28.954149493807645
Iteration 385: -14491.81559584639
L2 norm of gradient: 1.3497234296998264
Iteration 386: -14318.911858688807
L2 norm of gradient: 267.4624550566214
Iteration 387: -13982.469537066529
L2 norm of gradient: 20.538579350969606
Iteration 388: -11783.709676442202
L2 norm of gradient: 193.208631690021
Iteration 389: -14011.507282014238
L2 norm of gradient: 8.544731666652682
Iteration 390: -14336.410074786516
L2 norm of gradient: 306.10068072552144
Iteration 391: -14959.267082554055
L2 norm of gradient: 172.2930150727403
Iteration 392: -13333.797352872556
L2 norm of gradient: 175.52881213904445
Iteration 393: -13777.078722646693
L2 norm of gradient: 383.8376903097427
Iteration 394: -14493.647235119948
L2 norm of gradient: 206.19010455077964
Iteration 395: -14939.774333384354
L2 norm of gradient: 323.7722071366313
Iteration 396: -14254.723881297512
L2 norm of gradient: 277.4395166363731
Iteration 397: -13355.702749436256
L2 norm of gradient: 18.057440731744602
Iteration 398: -14047.176323952852
L2 norm of gradient: 24.2717754693322
Iteration 399: -15111.025226043072
L2 norm of gradient: 27.110297530035847
Iteration 400: -13536.031635446474
L2 norm of gradient: 696.930079952594
Iteration 401: -13435.249971639132
L2 norm of gradient: 186.76341247590216
Iteration 402: -12168.225605316926
L2 norm of gradient: 40.15786061608959
Iteration 403: -15043.145863999147
L2 norm of gradient: 82.06906986141033
Iteration 404: -15608.001358834561
L2 norm of gradient: 12.498341759934835
Iteration 405: -12504.226457149955
L2 norm of gradient: 3.1717617563463225
Iteration 406: -14206.001870531822
L2 norm of gradient: 42.7758624039172
Iteration 407: -14818.654856886482
L2 norm of gradient: 213.00924578894677
Iteration 408: -14733.304978229338
L2 norm of gradient: 216.75781644034706
Iteration 409: -13949.010234667454
L2 norm of gradient: 108.72212857800348
Iteration 410: -14657.956998074427
L2 norm of gradient: 24.46132119670007
Iteration 411: -14328.259274229174
L2 norm of gradient: 349.7916600640781
Iteration 412: -15762.607803959167
L2 norm of gradient: 344.36493011225986
Iteration 413: -14700.355432367418
L2 norm of gradient: 4.8176763586051985
Iteration 414: -15891.601033884566
L2 norm of gradient: 692.6421525569066
Iteration 415: -15176.461701384047
L2 norm of gradient: 4.303221900623099
Iteration 416: -14641.493695477257
L2 norm of gradient: 221.5049258524656
Iteration 417: -14484.522648446728
L2 norm of gradient: 26.193629844582308
Iteration 418: -15534.428252920741
L2 norm of gradient: 395.9015102658959
Iteration 419: -13983.508978721686
L2 norm of gradient: 42.40009462987629
Iteration 420: -14397.114611241268
L2 norm of gradient: 0.4918354632920193
Iteration 421: -14952.935449426295
L2 norm of gradient: 212.9294043356683
Iteration 422: -13965.263420695439
L2 norm of gradient: 363.19026991862984
Iteration 423: -15139.82223150297
L2 norm of gradient: 194.95350099511458
Iteration 424: -13890.953692900948
L2 norm of gradient: 575.8516290571122
Iteration 425: -14737.060706474353
L2 norm of gradient: 230.20737085008466
Iteration 426: -14483.637531398796
L2 norm of gradient: 363.8252520463531
Iteration 427: -14668.39653717936
L2 norm of gradient: 30.10957512439036
Iteration 428: -16307.995642729802
L2 norm of gradient: 24.784255087746125
Iteration 429: -14519.18363530119
L2 norm of gradient: 449.05138564107966
Iteration 430: -16045.628522292944
L2 norm of gradient: 46.43453004147923
Iteration 431: -14404.22208460304
L2 norm of gradient: 291.3423518818902
Iteration 432: -14985.64633655781
L2 norm of gradient: 41.89347987047021
Iteration 433: -15363.675080576213
L2 norm of gradient: 31.98757543514519
Iteration 434: -13288.662412453676
L2 norm of gradient: 247.1306252125813
Iteration 435: -13351.061925530434
L2 norm of gradient: 29.783930481173655
Iteration 436: -14643.81206539739
L2 norm of gradient: 11.757876023243723
Iteration 437: -14943.724310366903
L2 norm of gradient: 107.86618359796671
Iteration 438: -13114.2196439791
L2 norm of gradient: 6.476929765370967
Iteration 439: -14950.547848297749
L2 norm of gradient: 44.10014847254713
Iteration 440: -15687.142692426918
L2 norm of gradient: 234.21890786581443
Iteration 441: -13223.87340945797
L2 norm of gradient: 376.44374673303224
Iteration 442: -12670.624973616097
L2 norm of gradient: 44.73637571816816
Iteration 443: -13704.755115963519
L2 norm of gradient: 933.7833206073045
Iteration 444: -15214.753826925065
L2 norm of gradient: 415.4295186646431
Iteration 445: -14506.74056883948
L2 norm of gradient: 295.09695599619823
Iteration 446: -15298.019100615056
L2 norm of gradient: 17.830816776830765
Iteration 447: -15116.74899190059
L2 norm of gradient: 244.03033128958168
Iteration 448: -15053.957394340308
L2 norm of gradient: 6.669042066415656
Iteration 449: -15077.704408272635
L2 norm of gradient: 131.33558907466303
Iteration 450: -13982.04153533373
L2 norm of gradient: 5.192753959951123
Iteration 451: -13599.855328888632
L2 norm of gradient: 249.11779276284113
Iteration 452: -15045.770084801363
L2 norm of gradient: 382.19637564667136
Iteration 453: -13563.963712590048
L2 norm of gradient: 241.58683521989784
Iteration 454: -14862.545234756544
L2 norm of gradient: 8.28773709987056
Iteration 455: -13578.199507424608
L2 norm of gradient: 43.41402839408248
Iteration 456: -15494.144424123457
L2 norm of gradient: 121.58955021398373
Iteration 457: -14498.298719965154
L2 norm of gradient: 257.61613557564783
Iteration 458: -15171.95293710404
L2 norm of gradient: 423.29686802340774
Iteration 459: -14947.964469535742
L2 norm of gradient: 402.23229183008965
Iteration 460: -13057.172161956085
L2 norm of gradient: 394.4296352473333
Iteration 461: -14807.47318829922
L2 norm of gradient: 362.13160763988486
Iteration 462: -14423.8185005642
L2 norm of gradient: 62.5859461080018
Iteration 463: -13344.282745180419
L2 norm of gradient: 130.8409758916384
Iteration 464: -15795.26338350703
L2 norm of gradient: 48.83675646083281
Iteration 465: -14553.006813653745
L2 norm of gradient: 34.52840308369509
Iteration 466: -14970.153409223538
L2 norm of gradient: 11.090783006248609
Iteration 467: -14208.193732555956
L2 norm of gradient: 268.1645432084656
Iteration 468: -12813.104305619607
L2 norm of gradient: 413.77296283617346
Iteration 469: -14337.929649020545
L2 norm of gradient: 135.33112327883117
Iteration 470: -15550.714515113039
L2 norm of gradient: 246.00011799254216
Iteration 471: -13584.969567640685
L2 norm of gradient: 244.21536365778223
Iteration 472: -15238.043421183014
L2 norm of gradient: 405.7642378942801
Iteration 473: -15554.024404490832
L2 norm of gradient: 501.7645205312361
Iteration 474: -14699.837039122824
L2 norm of gradient: 92.49570338142784
Iteration 475: -13912.557768902741
L2 norm of gradient: 452.4893949006552
Iteration 476: -14250.712631380884
L2 norm of gradient: 78.76422919241341
Iteration 477: -14092.543197051855
L2 norm of gradient: 228.65719459959797
Iteration 478: -15148.689168665791
L2 norm of gradient: 1.8823491300610462
Iteration 479: -15881.963098822394
L2 norm of gradient: 271.32633432836167
Iteration 480: -13951.237637043698
L2 norm of gradient: 8.61027280702707
Iteration 481: -14502.729202916147
L2 norm of gradient: 283.5685618140539
Iteration 482: -14547.881353144068
L2 norm of gradient: 475.21719328383045
Iteration 483: -15981.18887531571
L2 norm of gradient: 21.330097348765964
Iteration 484: -14943.684899168555
L2 norm of gradient: 306.57887798547097
Iteration 485: -13065.27120031463
L2 norm of gradient: 47.96488665661152
Iteration 486: -14564.654618740547
L2 norm of gradient: 67.9262208527681
Iteration 487: -15459.257891359506
L2 norm of gradient: 305.8320169754269
Iteration 488: -14389.03095258749
L2 norm of gradient: 426.7369835222374
Iteration 489: -13236.093053438934
L2 norm of gradient: 51.56041395597374
Iteration 490: -14190.552122449037
L2 norm of gradient: 531.7105622742768
Iteration 491: -14013.015249056043
L2 norm of gradient: 35.480743096531825
Iteration 492: -14937.196734583704
L2 norm of gradient: 62.265488508342166
Iteration 493: -15065.369911087677
L2 norm of gradient: 498.7262769886495
Iteration 494: -16318.49476645235
L2 norm of gradient: 431.04821827867124
Iteration 495: -15362.28672627802
L2 norm of gradient: 152.7960381075839
Iteration 496: -14040.687335148454
L2 norm of gradient: 33.91665436970961
Iteration 497: -13097.605075781
L2 norm of gradient: 62.695640554426426
Iteration 498: -14269.67838101089
L2 norm of gradient: 48.09268556185493
Iteration 499: -15254.63010808779
[ { query: [ 'Who is a doctor', [Object] ],
    trueResult: 
     Marginal:
         "John and Mary are doctors" : 0.380020640450514
         "John and Mary are doctors and teachers" : 0.20855974943514632
         "John is a doctor" : 0.08655534418766547
         "Mary is a doctor" : 0.08655534418766547
         "John is a doctor and a teacher" : 0.04750258005631425
         "Mary is a doctor and a teacher" : 0.04750258005631425
         "John and Mary are doctors or teachers" : 0.018309772241219994
         "John or Mary is a doctor and a teacher" : 0.01641723975145466
         "John is a doctor or a teacher" : 0.014074838535204214
         "Mary is a doctor or a teacher" : 0.014074838535204214
         "John or Mary is a doctor" : 0.014074838535204214
         "Mary is a teacher" : 0.010819418023458179
         "John is a teacher" : 0.010819418023458179
         "John is not a teacher" : 0.008015222008949992
         "Mary is not a teacher" : 0.008015222008949992
         "John and Mary are teachers" : 0.0059378225070392835
         "John or Mary is a teacher" : 0.005937822507039272
         "John and Mary are not teachers" : 0.0043988471043886965
         "John or Mary is not a teacher" : 0.0043988471043886965
         "John or Mary is a doctor or a teacher" : 0.003954910804103521
         "John is not a doctor and a teacher" : 0.0013033621050040592
         "Mary is not a doctor and a teacher" : 0.0013033621050040592
         "John or Mary is not a doctor and a teacher" : 0.0012360388998589598
         "John and Mary are not doctors and teachers" : 0.00021194082645043896,
    learnedResult: 
     Marginal:
         "John is a doctor" : 0.25772600782787386
         "Mary is a doctor" : 0.25772600782787386
         "John is a teacher" : 0.032215750978484226
         "Mary is a teacher" : 0.032215750978484226
         "John and Mary are doctors" : 0.027213996607134076
         "John is not a teacher" : 0.02386601531780602
         "Mary is not a teacher" : 0.02386601531780602
         "John is a doctor and a teacher" : 0.021733836246103408
         "Mary is a doctor and a teacher" : 0.02173383624610337
         "John is not a doctor" : 0.01922272094928581
         "Mary is not a doctor" : 0.01922272094928581
         "John or Mary is a doctor" : 0.019165380716587847
         "Mary is a doctor or a teacher" : 0.018414454153964387
         "John is a doctor or a teacher" : 0.018414454153964352
         "John or Mary is a teacher" : 0.01768037900249963
         "John and Mary are teachers" : 0.01768037900249963
         "John and Mary are not teachers" : 0.013097946913610218
         "John or Mary is not a teacher" : 0.013097946913610194
         "Mary is not a doctor or a teacher" : 0.013061411432927817
         "John is not a doctor or a teacher" : 0.013061411432927793
         "John or Mary is not a doctor" : 0.013034231682269007
         "Mary is not a doctor and a teacher" : 0.012928528662729616
         "John is not a doctor and a teacher" : 0.01292852866272957
         "John and Mary are not doctors" : 0.012725155596612766
         "John and Mary are doctors and teachers" : 0.00999975202977947
         "John and Mary are doctors or teachers" : 0.009765652133896383
         "John or Mary is a doctor and a teacher" : 0.009753041400889548
         "John or Mary is a doctor or a teacher" : 0.009713843602600582
         "John or Mary is not a doctor or a teacher" : 0.007187837207473121
         "John or Mary is not a doctor and a teacher" : 0.00718611057665615
         "John and Mary are not doctors or teachers" : 0.007185539816914622
         "John and Mary are not doctors and teachers" : 0.007175355658615111,
    KLDivergence: 1.4528917570417808 },
  { query: [ 'Who is a doctor', [Object] ],
    trueResult: 
     Marginal:
         "John and Mary are doctors" : 0.380020640450514
         "John and Mary are doctors and teachers" : 0.20855974943514632
         "John is a doctor" : 0.08655534418766547
         "Mary is a doctor" : 0.08655534418766547
         "John is a doctor and a teacher" : 0.04750258005631425
         "Mary is a doctor and a teacher" : 0.04750258005631425
         "John and Mary are doctors or teachers" : 0.018309772241219994
         "John or Mary is a doctor and a teacher" : 0.01641723975145466
         "John is a doctor or a teacher" : 0.014074838535204214
         "Mary is a doctor or a teacher" : 0.014074838535204214
         "John or Mary is a doctor" : 0.014074838535204214
         "Mary is a teacher" : 0.010819418023458179
         "John is a teacher" : 0.010819418023458179
         "John is not a teacher" : 0.008015222008949992
         "Mary is not a teacher" : 0.008015222008949992
         "John and Mary are teachers" : 0.0059378225070392835
         "John or Mary is a teacher" : 0.005937822507039272
         "John and Mary are not teachers" : 0.0043988471043886965
         "John or Mary is not a teacher" : 0.0043988471043886965
         "John or Mary is a doctor or a teacher" : 0.003954910804103521
         "John is not a doctor and a teacher" : 0.0013033621050040592
         "Mary is not a doctor and a teacher" : 0.0013033621050040592
         "John or Mary is not a doctor and a teacher" : 0.0012360388998589598
         "John and Mary are not doctors and teachers" : 0.00021194082645043896,
    learnedResult: 
     Marginal:
         "John is a doctor" : 0.25772600782787386
         "Mary is a doctor" : 0.25772600782787386
         "John is a teacher" : 0.032215750978484226
         "Mary is a teacher" : 0.032215750978484226
         "John and Mary are doctors" : 0.027213996607134076
         "John is not a teacher" : 0.02386601531780602
         "Mary is not a teacher" : 0.02386601531780602
         "John is a doctor and a teacher" : 0.021733836246103408
         "Mary is a doctor and a teacher" : 0.02173383624610337
         "John is not a doctor" : 0.01922272094928581
         "Mary is not a doctor" : 0.01922272094928581
         "John or Mary is a doctor" : 0.019165380716587847
         "Mary is a doctor or a teacher" : 0.018414454153964387
         "John is a doctor or a teacher" : 0.018414454153964352
         "John or Mary is a teacher" : 0.01768037900249963
         "John and Mary are teachers" : 0.01768037900249963
         "John and Mary are not teachers" : 0.013097946913610218
         "John or Mary is not a teacher" : 0.013097946913610194
         "Mary is not a doctor or a teacher" : 0.013061411432927817
         "John is not a doctor or a teacher" : 0.013061411432927793
         "John or Mary is not a doctor" : 0.013034231682269007
         "Mary is not a doctor and a teacher" : 0.012928528662729616
         "John is not a doctor and a teacher" : 0.01292852866272957
         "John and Mary are not doctors" : 0.012725155596612766
         "John and Mary are doctors and teachers" : 0.00999975202977947
         "John and Mary are doctors or teachers" : 0.009765652133896383
         "John or Mary is a doctor and a teacher" : 0.009753041400889548
         "John or Mary is a doctor or a teacher" : 0.009713843602600582
         "John or Mary is not a doctor or a teacher" : 0.007187837207473121
         "John or Mary is not a doctor and a teacher" : 0.00718611057665615
         "John and Mary are not doctors or teachers" : 0.007185539816914622
         "John and Mary are not doctors and teachers" : 0.007175355658615111,
    KLDivergence: 1.4528917570417808 },
  { query: [ 'Who is a doctor and a teacher', [Object] ],
    trueResult: 
     Marginal:
         "John is a doctor and a teacher" : 0.5057429117707349
         "John is a doctor" : 0.11519045846271186
         "John is a teacher" : 0.11519045846271186
         "John or Mary is a doctor and a teacher" : 0.051789172217255514
         "Mary is not a teacher" : 0.02528450088232814
         "Mary is not a doctor" : 0.02528450088232814
         "John and Mary are teachers" : 0.018731218954471676
         "John and Mary are doctors" : 0.018731218954471676
         "John or Mary is a teacher" : 0.018731218954471645
         "John is a doctor or a teacher" : 0.018731218954471645
         "John or Mary is a doctor" : 0.018731218954471645
         "Mary is not a doctor or a teacher" : 0.013876428297051366
         "Mary is not a doctor and a teacher" : 0.013876428297051366
         "John and Mary are doctors or teachers" : 0.007219910001734958
         "Mary is a doctor or a teacher" : 0.00554999080132493
         "John or Mary is a doctor or a teacher" : 0.005263314391264789
         "Mary is a doctor" : 0.004266313276396742
         "Mary is a teacher" : 0.004266313276396742
         "John or Mary is not a doctor" : 0.004111534310237441
         "John or Mary is not a teacher" : 0.004111534310237441
         "John or Mary is not a doctor and a teacher" : 0.003899159202225257
         "John or Mary is not a doctor or a teacher" : 0.0014209763856506024,
    learnedResult: 
     Marginal:
         "John is a teacher" : 0.06144622635074404
         "John is a doctor" : 0.0612093772050119
         "Mary is a doctor" : 0.059561723618700095
         "Mary is a teacher" : 0.05954565709817872
         "Mary is not a teacher" : 0.044216392164237735
         "Mary is not a doctor" : 0.04421556275889196
         "John is not a doctor" : 0.04413133970824834
         "John is not a teacher" : 0.044119366130328415
         "John is a doctor and a teacher" : 0.03288918551497701
         "John and Mary are teachers" : 0.03281392825104692
         "John and Mary are doctors" : 0.03280555118071745
         "John is a doctor or a teacher" : 0.03277582760756626
         "John or Mary is a teacher" : 0.03276344722952521
         "John or Mary is a doctor" : 0.03276182464963151
         "Mary is a doctor or a teacher" : 0.03274947391916446
         "Mary is a doctor and a teacher" : 0.032740292478496635
         "Mary is not a doctor and a teacher" : 0.024263249366467385
         "Mary is not a doctor or a teacher" : 0.024262850758978258
         "John or Mary is not a doctor" : 0.024262294933166506
         "John or Mary is not a teacher" : 0.024262223432335497
         "John is not a doctor or a teacher" : 0.024261520221318708
         "John and Mary are not doctors" : 0.024260234081785417
         "John and Mary are not teachers" : 0.024259844520587895
         "John is not a doctor and a teacher" : 0.024256552590774503
         "John and Mary are doctors and teachers" : 0.01797881783720216
         "John and Mary are doctors or teachers" : 0.017975194718252863
         "John or Mary is a doctor and a teacher" : 0.01797512838969208
         "John or Mary is a doctor or a teacher" : 0.01797446068407111
         "John or Mary is not a doctor or a teacher" : 0.013315677023045449
         "John or Mary is not a doctor and a teacher" : 0.013315647482598295
         "John and Mary are not doctors or teachers" : 0.013315644363525761
         "John and Mary are not doctors and teachers" : 0.013315483730731815,
    KLDivergence: 1.4180072875649747 },
  { query: [ 'Who is a doctor or a teacher', [Object] ],
    trueResult: 
     Marginal:
         "John and Mary are doctors" : 0.1056107851909732
         "John and Mary are teachers" : 0.1056107851909732
         "John is a doctor" : 0.08118368320238828
         "John is a teacher" : 0.08118368320238828
         "Mary is a teacher" : 0.08118368320238828
         "Mary is a doctor" : 0.08118368320238828
         "John and Mary are doctors or teachers" : 0.05796042780983282
         "John and Mary are doctors and teachers" : 0.05796042780983277
         "Mary is a doctor and a teacher" : 0.044554550002441795
         "John is a doctor and a teacher" : 0.044554550002441795
         "Mary is a doctor or a teacher" : 0.04455455000244175
         "John is a doctor or a teacher" : 0.04455455000244175
         "John or Mary is a teacher" : 0.03129208450102909
         "John or Mary is a doctor" : 0.03129208450102909
         "John or Mary is a doctor and a teacher" : 0.021122604886965272
         "John or Mary is a doctor or a teacher" : 0.012519452406923889
         "John is not a doctor and a teacher" : 0.009779799246246973
         "Mary is not a doctor and a teacher" : 0.009779799246246973
         "John is not a teacher" : 0.007517793967297686
         "Mary is not a teacher" : 0.007517793967297686
         "Mary is not a doctor" : 0.007517793967297686
         "John is not a doctor" : 0.007517793967297686
         "John or Mary is not a doctor and a teacher" : 0.00651387501985663
         "John or Mary is not a doctor" : 0.00565960604528182
         "John or Mary is not a teacher" : 0.00565960604528182
         "John and Mary are not doctors and teachers" : 0.0037696035994540657
         "John and Mary are not doctors" : 0.0012224749057808738
         "John and Mary are not teachers" : 0.0012224749057808738,
    learnedResult: 
     Marginal:
         "John is a doctor" : 0.05992266607591341
         "John is a teacher" : 0.059922607677894646
         "Mary is a doctor" : 0.05985959527002572
         "Mary is a teacher" : 0.05985959524293352
         "Mary is not a teacher" : 0.04434486783202991
         "Mary is not a doctor" : 0.04434486783063337
         "John is not a teacher" : 0.04434162094118324
         "John is not a doctor" : 0.044341617933192454
         "John is a doctor and a teacher" : 0.0328567954162623
         "John and Mary are doctors" : 0.032853983301791234
         "John and Mary are teachers" : 0.03285398101926634
         "John is a doctor or a teacher" : 0.03285244495361614
         "John or Mary is a doctor" : 0.0328519726443661
         "John or Mary is a teacher" : 0.032851972206911516
         "Mary is a doctor or a teacher" : 0.032851501012460364
         "Mary is a doctor and a teacher" : 0.03285149514894223
         "Mary is not a doctor and a teacher" : 0.024336986846077102
         "Mary is not a doctor or a teacher" : 0.024336986751597036
         "John or Mary is not a teacher" : 0.02433696602164631
         "John or Mary is not a doctor" : 0.024336966002364218
         "John is not a doctor or a teacher" : 0.0243369390826807
         "John and Mary are not teachers" : 0.024336871387483115
         "John and Mary are not doctors" : 0.024336871281279402
         "John is not a doctor and a teacher" : 0.024336748138258438
         "John and Mary are doctors and teachers" : 0.018029474978596763
         "John and Mary are doctors or teachers" : 0.01802932171605494
         "John or Mary is a doctor and a teacher" : 0.018029318304207707
         "John or Mary is a doctor or a teacher" : 0.0180292904152725
         "John or Mary is not a doctor or a teacher" : 0.013356421344896926
         "John or Mary is not a doctor and a teacher" : 0.013356420111161676
         "John and Mary are not doctors or teachers" : 0.013356419952229888
         "John and Mary are not doctors and teachers" : 0.013356413158770463,
    KLDivergence: 0.4263510247261861 },
  { query: [ 'Who is not a doctor and a teacher', [Object] ],
    trueResult: 
     Marginal:
         "John is a doctor and a teacher" : 0.5057429117707349
         "John is a doctor" : 0.11519045846271186
         "John is a teacher" : 0.11519045846271186
         "John or Mary is a doctor and a teacher" : 0.051789172217255514
         "Mary is not a teacher" : 0.02528450088232814
         "Mary is not a doctor" : 0.02528450088232814
         "John and Mary are teachers" : 0.018731218954471676
         "John and Mary are doctors" : 0.018731218954471676
         "John or Mary is a teacher" : 0.018731218954471645
         "John is a doctor or a teacher" : 0.018731218954471645
         "John or Mary is a doctor" : 0.018731218954471645
         "Mary is not a doctor or a teacher" : 0.013876428297051366
         "Mary is not a doctor and a teacher" : 0.013876428297051366
         "John and Mary are doctors or teachers" : 0.007219910001734958
         "Mary is a doctor or a teacher" : 0.00554999080132493
         "John or Mary is a doctor or a teacher" : 0.005263314391264789
         "Mary is a doctor" : 0.004266313276396742
         "Mary is a teacher" : 0.004266313276396742
         "John or Mary is not a doctor" : 0.004111534310237441
         "John or Mary is not a teacher" : 0.004111534310237441
         "John or Mary is not a doctor and a teacher" : 0.003899159202225257
         "John or Mary is not a doctor or a teacher" : 0.0014209763856506024,
    learnedResult: 
     Marginal:
         "John is a teacher" : 0.059872777040547866
         "John is a doctor" : 0.05987195265334146
         "Mary is a doctor" : 0.059866138004332624
         "Mary is a teacher" : 0.059866080725643304
         "Mary is not a teacher" : 0.04435029692473222
         "Mary is not a doctor" : 0.044350293972154384
         "John is not a doctor" : 0.04434999425154922
         "John is not a teacher" : 0.044349951759549595
         "John is a doctor and a teacher" : 0.032855973130625916
         "John and Mary are teachers" : 0.03285570598478536
         "John and Mary are doctors" : 0.03285567633963384
         "John is a doctor or a teacher" : 0.0328555744962136
         "John or Mary is a teacher" : 0.03285553047976952
         "John or Mary is a doctor" : 0.032855524732092876
         "Mary is a doctor or a teacher" : 0.03285548080743223
         "Mary is a doctor and a teacher" : 0.032855444333849126
         "Mary is not a doctor and a teacher" : 0.024339946206272063
         "Mary is not a doctor or a teacher" : 0.02433994462127209
         "John or Mary is not a doctor" : 0.024339942639013214
         "John or Mary is not a teacher" : 0.024339942385672504
         "John is not a doctor or a teacher" : 0.024339939889988345
         "John and Mary are not doctors" : 0.02433993548761532
         "John and Mary are not teachers" : 0.024339934107319956
         "John is not a doctor and a teacher" : 0.024339922390384874
         "John and Mary are doctors and teachers" : 0.018031489918544932
         "John and Mary are doctors or teachers" : 0.018031477324732596
         "John or Mary is a doctor and a teacher" : 0.018031477099167702
         "John or Mary is a doctor or a teacher" : 0.018031474773790336
         "John or Mary is not a doctor or a teacher" : 0.013358044602076917
         "John or Mary is not a doctor and a teacher" : 0.013358044499193674
         "John and Mary are not doctors or teachers" : 0.013358044488574462
         "John and Mary are not doctors and teachers" : 0.01335804393012781,
    KLDivergence: 1.4232988409899545 },
  { query: [ 'Who is not a doctor or a teacher', [Object] ],
    trueResult: 
     Marginal:
         "John and Mary are doctors" : 0.1056107851909732
         "John and Mary are teachers" : 0.1056107851909732
         "John is a doctor" : 0.08118368320238828
         "John is a teacher" : 0.08118368320238828
         "Mary is a teacher" : 0.08118368320238828
         "Mary is a doctor" : 0.08118368320238828
         "John and Mary are doctors or teachers" : 0.05796042780983282
         "John and Mary are doctors and teachers" : 0.05796042780983277
         "Mary is a doctor and a teacher" : 0.044554550002441795
         "John is a doctor and a teacher" : 0.044554550002441795
         "Mary is a doctor or a teacher" : 0.04455455000244175
         "John is a doctor or a teacher" : 0.04455455000244175
         "John or Mary is a teacher" : 0.03129208450102909
         "John or Mary is a doctor" : 0.03129208450102909
         "John or Mary is a doctor and a teacher" : 0.021122604886965272
         "John or Mary is a doctor or a teacher" : 0.012519452406923889
         "John is not a doctor and a teacher" : 0.009779799246246973
         "Mary is not a doctor and a teacher" : 0.009779799246246973
         "John is not a teacher" : 0.007517793967297686
         "Mary is not a teacher" : 0.007517793967297686
         "Mary is not a doctor" : 0.007517793967297686
         "John is not a doctor" : 0.007517793967297686
         "John or Mary is not a doctor and a teacher" : 0.00651387501985663
         "John or Mary is not a doctor" : 0.00565960604528182
         "John or Mary is not a teacher" : 0.00565960604528182
         "John and Mary are not doctors and teachers" : 0.0037696035994540657
         "John and Mary are not doctors" : 0.0012224749057808738
         "John and Mary are not teachers" : 0.0012224749057808738,
    learnedResult: 
     Marginal:
         "John is a doctor" : 0.05986745833945165
         "John is a teacher" : 0.05986745813015814
         "Mary is a doctor" : 0.05986723219469514
         "Mary is a teacher" : 0.05986723219459789
         "Mary is not a teacher" : 0.04435073566021299
         "Mary is not a doctor" : 0.044350735660207974
         "John is not a teacher" : 0.04435072401386587
         "John is not a doctor" : 0.044350724003077345
         "John is a doctor and a teacher" : 0.03285585212258575
         "John and Mary are doctors" : 0.032855842036843254
         "John and Mary are teachers" : 0.03285584202865754
         "John is a doctor or a teacher" : 0.03285583651797308
         "John or Mary is a doctor" : 0.03285583482390047
         "John or Mary is a teacher" : 0.03285583482233154
         "Mary is a doctor or a teacher" : 0.03285583313224423
         "Mary is a doctor and a teacher" : 0.03285583311243747
         "Mary is not a doctor and a teacher" : 0.024340199826571016
         "Mary is not a doctor or a teacher" : 0.024340199826286043
         "John or Mary is not a teacher" : 0.024340199751932953
         "John or Mary is not a doctor" : 0.024340199751863776
         "John is not a doctor or a teacher" : 0.024340199655305338
         "John and Mary are not teachers" : 0.02434019941243602
         "John and Mary are not doctors" : 0.0243401994120551
         "John is not a doctor and a teacher" : 0.024340198970363262
         "John and Mary are doctors and teachers" : 0.01803166421426869
         "John and Mary are doctors or teachers" : 0.01803166366445209
         "John or Mary is a doctor and a teacher" : 0.018031663652210365
         "John or Mary is a doctor or a teacher" : 0.018031663552161833
         "John or Mary is not a doctor or a teacher" : 0.013358184888910643
         "John or Mary is not a doctor and a teacher" : 0.013358184884484741
         "John and Mary are not doctors or teachers" : 0.013358184883914487
         "John and Mary are not doctors and teachers" : 0.013358184859543385,
    KLDivergence: 0.4264155861433364 },
  { query: [ 'What is John', [Object] ],
    trueResult: 
     Marginal:
         "John is a doctor" : 0.23702792248662735
         "John is not a teacher" : 0.17559460378842734
         "John and Mary are doctors" : 0.130083681939854
         "John and Mary are not teachers" : 0.09636836179440914
         "John or Mary is a doctor" : 0.03854331316736411
         "John is a doctor or a teacher" : 0.03854331316736411
         "Mary is a teacher" : 0.029628490310828412
         "Mary is a doctor" : 0.029628490310828412
         "John is not a doctor and a teacher" : 0.02855358867982489
         "John or Mary is not a teacher" : 0.02855358867982489
         "Mary is not a doctor" : 0.02194932547355341
         "Mary is not a teacher" : 0.02194932547355341
         "John and Mary are doctors or teachers" : 0.021153018759865538
         "Mary is a doctor and a teacher" : 0.01626046024248175
         "Mary is a doctor or a teacher" : 0.016260460242481723
         "John and Mary are not doctors and teachers" : 0.0156705417197306
         "Mary is not a doctor or a teacher" : 0.012046045224301137
         "Mary is not a doctor and a teacher" : 0.012046045224301137
         "John or Mary is a doctor or a teacher" : 0.010830345605051172
         "John or Mary is not a doctor and a teacher" : 0.008023317360502066
         "John or Mary is a teacher" : 0.004817914145920514
         "John or Mary is not a doctor" : 0.0035691985849781176
         "John or Mary is a doctor and a teacher" : 0.0016651064329923299
         "John or Mary is not a doctor or a teacher" : 0.0012335411849350591,
    learnedResult: 
     Marginal:
         "John is a doctor" : 0.3520678895060811
         "Mary is a teacher" : 0.04400848618826013
         "Mary is a doctor" : 0.04400848618826013
         "John is not a teacher" : 0.039892365496565496
         "Mary is not a teacher" : 0.032602288432882855
         "Mary is not a doctor" : 0.032602288432882855
         "John and Mary are doctors" : 0.029689614651334455
         "John is not a doctor" : 0.026259293162602722
         "John or Mary is a doctor" : 0.025155156303521334
         "John is a doctor or a teacher" : 0.024156500564115658
         "Mary is a doctor or a teacher" : 0.024152369307000366
         "Mary is a doctor and a teacher" : 0.024152369307000366
         "John is a doctor and a teacher" : 0.023282602836537974
         "John or Mary is a teacher" : 0.023176592956045208
         "John and Mary are teachers" : 0.01935032005892929
         "John and Mary are not teachers" : 0.018133737659879686
         "John or Mary is not a teacher" : 0.01793615381025854
         "John is not a doctor and a teacher" : 0.01793135185103791
         "Mary is not a doctor and a teacher" : 0.017892515255259804
         "Mary is not a doctor or a teacher" : 0.01789251525525977
         "John is not a doctor or a teacher" : 0.017892269713358094
         "John or Mary is not a doctor" : 0.017848947539289135
         "John and Mary are not doctors" : 0.017653441618859254
         "John and Mary are doctors or teachers" : 0.01325525078669346
         "John or Mary is a doctor or a teacher" : 0.013255131820090391
         "John or Mary is a doctor and a teacher" : 0.01324929940633325
         "John and Mary are doctors and teachers" : 0.013222662014582989
         "John and Mary are not doctors and teachers" : 0.009820998050236856
         "John or Mary is not a doctor and a teacher" : 0.00981987098794793
         "John or Mary is not a doctor or a teacher" : 0.009819618997388358
         "John and Mary are not doctors or teachers" : 0.009819611841504212,
    KLDivergence: 0.5114865230490394 },
  { query: [ 'What is John', [Object] ],
    trueResult: 
     Marginal:
         "John is a doctor and a teacher" : 0.37545849217947985
         "John and Mary are doctors and teachers" : 0.20605598937841657
         "John is a doctor" : 0.08551624717081296
         "John is a teacher" : 0.08551624717081296
         "John and Mary are teachers" : 0.046932311522435
         "John and Mary are doctors" : 0.046932311522435
         "John or Mary is a doctor and a teacher" : 0.03844776478197857
         "John or Mary is a teacher" : 0.013905870080721474
         "John is a doctor or a teacher" : 0.013905870080721474
         "John or Mary is a doctor" : 0.013905870080721474
         "Mary is a teacher" : 0.010689530896351615
         "Mary is a doctor" : 0.010689530896351615
         "Mary is not a doctor" : 0.007918999258557448
         "Mary is not a teacher" : 0.007918999258557448
         "John and Mary are doctors or teachers" : 0.007631703310311726
         "Mary is a doctor and a teacher" : 0.005866538940304378
         "Mary is a doctor or a teacher" : 0.0058665389403043675
         "Mary is not a doctor or a teacher" : 0.004346038939316297
         "Mary is not a doctor and a teacher" : 0.004346038939316297
         "John or Mary is a doctor or a teacher" : 0.003907432094879606
         "John or Mary is not a doctor" : 0.0012877152412789025
         "John or Mary is not a teacher" : 0.0012877152412789025
         "John or Mary is not a doctor and a teacher" : 0.0012212002512970355
         "John or Mary is not a doctor or a teacher" : 0.00044504382335897773,
    learnedResult: 
     Marginal:
         "John is a doctor" : 0.25772593182007963
         "John is a teacher" : 0.25772593182007963
         "Mary is a teacher" : 0.03221574147750995
         "Mary is a doctor" : 0.03221574147750995
         "John is a doctor and a teacher" : 0.027213988581262442
         "Mary is not a teacher" : 0.02386600827931116
         "Mary is not a doctor" : 0.02386600827931116
         "John and Mary are teachers" : 0.021733829836424474
         "John and Mary are doctors" : 0.021733829836424474
         "John is not a teacher" : 0.019222715280177664
         "John is not a doctor" : 0.019222715280177632
         "John is a doctor or a teacher" : 0.019165375064390245
         "John or Mary is a doctor" : 0.018414448723227866
         "John or Mary is a teacher" : 0.018414448723227866
         "Mary is a doctor or a teacher" : 0.017680373788254395
         "Mary is a doctor and a teacher" : 0.017680373788254395
         "Mary is not a doctor and a teacher" : 0.013097943050802342
         "Mary is not a doctor or a teacher" : 0.013097943050802318
         "John or Mary is not a teacher" : 0.01306604996844382
         "John or Mary is not a doctor" : 0.013066049968443795
         "John is not a doctor or a teacher" : 0.013025119194060087
         "John and Mary are not teachers" : 0.012922932839557635
         "John and Mary are not doctors" : 0.012922932839557612
         "John is not a doctor and a teacher" : 0.012732675015694953
         "John and Mary are doctors and teachers" : 0.010003689827485875
         "John and Mary are doctors or teachers" : 0.009761362762830978
         "John or Mary is a doctor and a teacher" : 0.009757316547281462
         "John or Mary is a doctor or a teacher" : 0.009713822307252247
         "John or Mary is not a doctor or a teacher" : 0.0071878361063512745
         "John or Mary is not a doctor and a teacher" : 0.007185924551858694
         "John and Mary are not doctors or teachers" : 0.007185728936992132
         "John and Mary are not doctors and teachers" : 0.007175210976962795,
    KLDivergence: 1.454352418234372 },
  { query: [ 'What isn\'t John', [Object] ],
    trueResult: 
     Marginal:
         "John is a doctor and a teacher" : 0.37545849217947985
         "John and Mary are doctors and teachers" : 0.20605598937841657
         "John is a doctor" : 0.08551624717081296
         "John is a teacher" : 0.08551624717081296
         "John and Mary are teachers" : 0.046932311522435
         "John and Mary are doctors" : 0.046932311522435
         "John or Mary is a doctor and a teacher" : 0.03844776478197857
         "John or Mary is a teacher" : 0.013905870080721474
         "John is a doctor or a teacher" : 0.013905870080721474
         "John or Mary is a doctor" : 0.013905870080721474
         "Mary is a teacher" : 0.010689530896351615
         "Mary is a doctor" : 0.010689530896351615
         "Mary is not a doctor" : 0.007918999258557448
         "Mary is not a teacher" : 0.007918999258557448
         "John and Mary are doctors or teachers" : 0.007631703310311726
         "Mary is a doctor and a teacher" : 0.005866538940304378
         "Mary is a doctor or a teacher" : 0.0058665389403043675
         "Mary is not a doctor or a teacher" : 0.004346038939316297
         "Mary is not a doctor and a teacher" : 0.004346038939316297
         "John or Mary is a doctor or a teacher" : 0.003907432094879606
         "John or Mary is not a doctor" : 0.0012877152412789025
         "John or Mary is not a teacher" : 0.0012877152412789025
         "John or Mary is not a doctor and a teacher" : 0.0012212002512970355
         "John or Mary is not a doctor or a teacher" : 0.00044504382335897773,
    learnedResult: 
     Marginal:
         "John is a doctor" : 0.06042163456089004
         "John is a teacher" : 0.06042163456089004
         "Mary is a doctor" : 0.05978822444001834
         "Mary is a teacher" : 0.05978822444001834
         "Mary is not a teacher" : 0.04429220604737358
         "Mary is not a doctor" : 0.04429220604737358
         "John is not a teacher" : 0.044259678074881584
         "John is not a doctor" : 0.04425967807488156
         "John is a doctor and a teacher" : 0.03286559035242564
         "John and Mary are teachers" : 0.032837152746425874
         "John and Mary are doctors" : 0.032837152746425874
         "John is a doctor or a teacher" : 0.032821928266957096
         "John or Mary is a doctor" : 0.032817202758181334
         "John or Mary is a teacher" : 0.032817202758181285
         "Mary is a doctor or a teacher" : 0.032812473274083286
         "Mary is a doctor and a teacher" : 0.032812473274083286
         "Mary is not a doctor and a teacher" : 0.024308078067072858
         "Mary is not a doctor or a teacher" : 0.024308078067072813
         "John or Mary is not a teacher" : 0.02430786961015784
         "John or Mary is not a doctor" : 0.024307869610157806
         "John is not a doctor or a teacher" : 0.024307600636365702
         "John and Mary are not teachers" : 0.0243069299948774
         "John and Mary are not doctors" : 0.024306929994877335
         "John is not a doctor and a teacher" : 0.02430568709735305
         "John and Mary are doctors and teachers" : 0.018009790119576482
         "John and Mary are doctors or teachers" : 0.018008246809443927
         "John or Mary is a doctor and a teacher" : 0.018008216856504382
         "John or Mary is a doctor or a teacher" : 0.018007936635878127
         "John or Mary is not a doctor or a teacher" : 0.013340553035311427
         "John or Mary is not a doctor and a teacher" : 0.013340540665239119
         "John and Mary are not doctors or teachers" : 0.013340539244085651
         "John and Mary are not doctors and teachers" : 0.013340471132935818,
    KLDivergence: 1.3792354038667969 },
  { query: [ 'What isn\'t John', [Object] ],
    trueResult: 
     Marginal:
         "John is a doctor and a teacher" : 0.37545849217947985
         "John and Mary are doctors and teachers" : 0.20605598937841657
         "John is a doctor" : 0.08551624717081296
         "John is a teacher" : 0.08551624717081296
         "John and Mary are teachers" : 0.046932311522435
         "John and Mary are doctors" : 0.046932311522435
         "John or Mary is a doctor and a teacher" : 0.03844776478197857
         "John or Mary is a teacher" : 0.013905870080721474
         "John is a doctor or a teacher" : 0.013905870080721474
         "John or Mary is a doctor" : 0.013905870080721474
         "Mary is a teacher" : 0.010689530896351615
         "Mary is a doctor" : 0.010689530896351615
         "Mary is not a doctor" : 0.007918999258557448
         "Mary is not a teacher" : 0.007918999258557448
         "John and Mary are doctors or teachers" : 0.007631703310311726
         "Mary is a doctor and a teacher" : 0.005866538940304378
         "Mary is a doctor or a teacher" : 0.0058665389403043675
         "Mary is not a doctor or a teacher" : 0.004346038939316297
         "Mary is not a doctor and a teacher" : 0.004346038939316297
         "John or Mary is a doctor or a teacher" : 0.003907432094879606
         "John or Mary is not a doctor" : 0.0012877152412789025
         "John or Mary is not a teacher" : 0.0012877152412789025
         "John or Mary is not a doctor and a teacher" : 0.0012212002512970355
         "John or Mary is not a doctor or a teacher" : 0.00044504382335897773,
    learnedResult: 
     Marginal:
         "John is a doctor" : 0.06042163456089004
         "John is a teacher" : 0.06042163456089004
         "Mary is a doctor" : 0.05978822444001834
         "Mary is a teacher" : 0.05978822444001834
         "Mary is not a teacher" : 0.04429220604737358
         "Mary is not a doctor" : 0.04429220604737358
         "John is not a teacher" : 0.044259678074881584
         "John is not a doctor" : 0.04425967807488156
         "John is a doctor and a teacher" : 0.03286559035242564
         "John and Mary are teachers" : 0.032837152746425874
         "John and Mary are doctors" : 0.032837152746425874
         "John is a doctor or a teacher" : 0.032821928266957096
         "John or Mary is a doctor" : 0.032817202758181334
         "John or Mary is a teacher" : 0.032817202758181285
         "Mary is a doctor or a teacher" : 0.032812473274083286
         "Mary is a doctor and a teacher" : 0.032812473274083286
         "Mary is not a doctor and a teacher" : 0.024308078067072858
         "Mary is not a doctor or a teacher" : 0.024308078067072813
         "John or Mary is not a teacher" : 0.02430786961015784
         "John or Mary is not a doctor" : 0.024307869610157806
         "John is not a doctor or a teacher" : 0.024307600636365702
         "John and Mary are not teachers" : 0.0243069299948774
         "John and Mary are not doctors" : 0.024306929994877335
         "John is not a doctor and a teacher" : 0.02430568709735305
         "John and Mary are doctors and teachers" : 0.018009790119576482
         "John and Mary are doctors or teachers" : 0.018008246809443927
         "John or Mary is a doctor and a teacher" : 0.018008216856504382
         "John or Mary is a doctor or a teacher" : 0.018007936635878127
         "John or Mary is not a doctor or a teacher" : 0.013340553035311427
         "John or Mary is not a doctor and a teacher" : 0.013340540665239119
         "John and Mary are not doctors or teachers" : 0.013340539244085651
         "John and Mary are not doctors and teachers" : 0.013340471132935818,
    KLDivergence: 1.3792354038667969 },
  { query: [ 'doctor' ],
    trueResult: 
     Marginal:
         "Who is a doctor" : 0.22921420581057594
         "Who isn't a doctor" : 0.22921420581057594
         "What isn't Mary" : 0.06440286750063225
         "What isn't John" : 0.06440286750063225
         "What is John" : 0.06440286750063225
         "What is Mary" : 0.06440286750063225
         "What are John and Mary" : 0.03505845891035563
         "What aren't John and Mary" : 0.03505845891035563
         "What is John or Mary" : 0.034152473105707175
         "What isn't John or Mary" : 0.034152473105707175
         "Who isn't a doctor and a teacher" : 0.02689844941838866
         "Who is a doctor and a teacher" : 0.02689844941838866
         "Who isn't a doctor or a teacher" : 0.026361758948273445
         "Who is a doctor or a teacher" : 0.026361758948273445
         "Who is a teacher" : 0.019508918805434698
         "Who isn't a teacher" : 0.019508918805434698,
    learnedResult: 
     Marginal:
         "Who is a doctor" : 0.1446487874587177
         "What is Mary" : 0.10037881057427499
         "What is John" : 0.10035330464198804
         "Who isn't a doctor" : 0.06971143744693184
         "What isn't Mary" : 0.06971076998762461
         "What isn't John" : 0.06971076986237254
         "Who isn't a teacher" : 0.06971010240944253
         "Who is a teacher" : 0.06971010240944253
         "What are John and Mary" : 0.03825996631162708
         "Who is a doctor and a teacher" : 0.03825964993305118
         "Who is a doctor or a teacher" : 0.03825771874556502
         "What is John or Mary" : 0.0382577187435329
         "What aren't John and Mary" : 0.03825771538406302
         "Who isn't a doctor and a teacher" : 0.03825771538006219
         "Who isn't a doctor or a teacher" : 0.03825771535565197
         "What isn't John or Mary" : 0.03825771535565196,
    KLDivergence: 0.20884727234781278 },
  { query: [ 'teacher' ],
    trueResult: 
     Marginal:
         "Who isn't a teacher" : 0.2292142058105759
         "Who is a teacher" : 0.2292142058105759
         "What is John" : 0.06440286750063225
         "What isn't Mary" : 0.06440286750063225
         "What isn't John" : 0.06440286750063225
         "What is Mary" : 0.06440286750063225
         "What aren't John and Mary" : 0.03505845891035563
         "What are John and Mary" : 0.03505845891035563
         "What is John or Mary" : 0.034152473105707175
         "What isn't John or Mary" : 0.034152473105707175
         "Who isn't a doctor and a teacher" : 0.02689844941838866
         "Who is a doctor and a teacher" : 0.02689844941838866
         "Who isn't a doctor or a teacher" : 0.026361758948273434
         "Who is a doctor or a teacher" : 0.026361758948273434
         "Who isn't a doctor" : 0.019508918805434698
         "Who is a doctor" : 0.019508918805434698,
    learnedResult: 
     Marginal:
         "Who is a teacher" : 0.14470889025529596
         "What is Mary" : 0.10038369370091416
         "What is John" : 0.10035858228297678
         "Who isn't a teacher" : 0.06970388813253613
         "What isn't Mary" : 0.06970322062029274
         "What isn't John" : 0.06970322050013303
         "Who isn't a doctor" : 0.06970255299433474
         "Who is a doctor" : 0.06970255299433474
         "Who is a doctor and a teacher" : 0.03825613735521027
         "What are John and Mary" : 0.03825582144179541
         "What is John or Mary" : 0.03825357553414806
         "Who is a doctor or a teacher" : 0.03825357553207283
         "Who isn't a doctor and a teacher" : 0.03825357218117979
         "What aren't John and Mary" : 0.03825357217718517
         "What isn't John or Mary" : 0.038253572148795066
         "Who isn't a doctor or a teacher" : 0.03825357214879503,
    KLDivergence: 0.20881461703627466 },
  { query: [ 'john' ],
    trueResult: 
     Marginal:
         "What is John" : 0.2335112339276272
         "What isn't John" : 0.2335112339276272
         "Who is a doctor" : 0.0632711173435373
         "Who is a teacher" : 0.0632711173435373
         "Who isn't a doctor" : 0.0632711173435373
         "Who isn't a teacher" : 0.0632711173435373
         "Who isn't a doctor and a teacher" : 0.034279269305067944
         "Who is a doctor and a teacher" : 0.034279269305067944
         "Who isn't a doctor or a teacher" : 0.03340485038853081
         "Who is a doctor or a teacher" : 0.03340485038853081
         "What are John and Mary" : 0.02673579184995846
         "What aren't John and Mary" : 0.02673579184995846
         "What is John or Mary" : 0.026220148700735305
         "What isn't John or Mary" : 0.026220148700735305
         "What is Mary" : 0.019306471141005675
         "What isn't Mary" : 0.019306471141005675,
    learnedResult: 
     Marginal:
         "What is John" : 0.144648763406512
         "Who is a teacher" : 0.10037881716504712
         "Who is a doctor" : 0.10035331431850945
         "What isn't John" : 0.06971143827595284
         "Who isn't a teacher" : 0.06971077081663772
         "Who isn't a doctor" : 0.06971077069143966
         "What is Mary" : 0.06971010323850171
         "What isn't Mary" : 0.06971010323850171
         "Who is a doctor and a teacher" : 0.038259966765342546
         "What are John and Mary" : 0.03825965038904462
         "What is John or Mary" : 0.0382577192005641
         "Who is a doctor or a teacher" : 0.03825771919852828
         "Who isn't a doctor and a teacher" : 0.03825771583906033
         "What aren't John and Mary" : 0.03825771583505952
         "What isn't John or Mary" : 0.038257715810649295
         "Who isn't a doctor or a teacher" : 0.03825771581064928,
    KLDivergence: 0.2183230764420545 },
  { query: [ 'mary' ],
    trueResult: 
     Marginal:
         "What isn't Mary" : 0.2335112339276271
         "What is Mary" : 0.2335112339276271
         "Who is a doctor" : 0.06327111734353735
         "Who isn't a doctor" : 0.06327111734353735
         "Who isn't a teacher" : 0.0632711173435373
         "Who is a teacher" : 0.0632711173435373
         "Who isn't a doctor and a teacher" : 0.034279269305067944
         "Who is a doctor and a teacher" : 0.034279269305067944
         "Who is a doctor or a teacher" : 0.03340485038853081
         "Who isn't a doctor or a teacher" : 0.03340485038853081
         "What are John and Mary" : 0.02673579184995847
         "What aren't John and Mary" : 0.02673579184995847
         "What isn't John or Mary" : 0.026220148700735316
         "What is John or Mary" : 0.026220148700735316
         "What isn't John" : 0.01930647114100568
         "What is John" : 0.01930647114100568,
    learnedResult: 
     Marginal:
         "What is Mary" : 0.14470887462031023
         "Who is a teacher" : 0.10038370231070005
         "Who is a doctor" : 0.10035859393504278
         "What isn't Mary" : 0.069703887639821
         "Who isn't a teacher" : 0.06970322012752836
         "Who isn't a doctor" : 0.06970322000742266
         "What is John" : 0.06970255250157507
         "What isn't John" : 0.06970255250157507
         "What are John and Mary" : 0.03825613708605032
         "Who is a doctor and a teacher" : 0.03825582117039205
         "Who is a doctor or a teacher" : 0.03825357526371435
         "What is John or Mary" : 0.03825357526164229
         "What aren't John and Mary" : 0.038253571910747575
         "Who isn't a doctor and a teacher" : 0.038253571906752895
         "Who isn't a doctor or a teacher" : 0.038253571878362806
         "What isn't John or Mary" : 0.03825357187836279,
    KLDivergence: 0.21828852904492083 },
  { query: [ 'intersection(doctor, teacher)' ],
    trueResult: 
     Marginal:
         "Who is a doctor and a teacher" : 0.16119021963607344
         "Who isn't a doctor and a teacher" : 0.16119021963607344
         "What is John" : 0.07171132446625784
         "What isn't Mary" : 0.07171132446625784
         "What isn't John" : 0.07171132446625784
         "What is Mary" : 0.07171132446625784
         "Who isn't a doctor" : 0.05561319640979196
         "Who is a doctor" : 0.05561319640979196
         "Who is a teacher" : 0.05561319640979191
         "Who isn't a teacher" : 0.05561319640979191
         "What are John and Mary" : 0.031954853337267324
         "What aren't John and Mary" : 0.031954853337267324
         "What is John or Mary" : 0.03164538509514016
         "What isn't John or Mary" : 0.03164538509514016
         "Who isn't a doctor or a teacher" : 0.02056050017941963
         "Who is a doctor or a teacher" : 0.02056050017941963,
    learnedResult: 
     Marginal:
         "Who is a teacher" : 0.09094809780107005
         "Who is a doctor" : 0.09092597520550773
         "What is John" : 0.08559317191087247
         "What is Mary" : 0.08558329551590237
         "Who isn't a teacher" : 0.07710475301670855
         "Who isn't a doctor" : 0.0771047529250303
         "What isn't John" : 0.07710472037627096
         "What isn't Mary" : 0.07710472008207585
         "Who is a doctor and a teacher" : 0.04231907994172472
         "What are John and Mary" : 0.04231712989482816
         "Who is a doctor or a teacher" : 0.042315721004472624
         "What is John or Mary" : 0.0423157181621632
         "Who isn't a doctor and a teacher" : 0.04231571606808227
         "What aren't John and Mary" : 0.042315716043707645
         "Who isn't a doctor or a teacher" : 0.04231571602581
         "What isn't John or Mary" : 0.04231571602577345,
    KLDivergence: 0.23831790301779768 },
  { query: [ 'union(doctor, teacher)' ],
    trueResult: 
     Marginal:
         "Who is a doctor or a teacher" : 0.15344851008414773
         "Who isn't a doctor or a teacher" : 0.15344851008414773
         "What is John" : 0.07423664944950453
         "What isn't Mary" : 0.07423664944950453
         "What isn't John" : 0.07423664944950453
         "What is Mary" : 0.07423664944950453
         "Who isn't a doctor" : 0.056660089154322336
         "Who is a doctor" : 0.056660089154322336
         "Who is a teacher" : 0.05666008915432231
         "Who isn't a teacher" : 0.05666008915432231
         "What are John and Mary" : 0.03232480643399373
         "What aren't John and Mary" : 0.03232480643399373
         "What is John or Mary" : 0.031746610153685004
         "What isn't John or Mary" : 0.031746610153685004
         "Who isn't a doctor and a teacher" : 0.020686596120519898
         "Who is a doctor and a teacher" : 0.020686596120519898,
    learnedResult: 
     Marginal:
         "What is Mary" : 0.10046402123455608
         "What is John" : 0.10044749154214432
         "Who is a teacher" : 0.09676996330453246
         "Who is a doctor" : 0.09675885783933466
         "Who isn't a teacher" : 0.07217184626047314
         "Who isn't a doctor" : 0.072171846176963
         "What isn't John" : 0.07217181647138579
         "What isn't Mary" : 0.07217181619754917
         "Who is a doctor and a teacher" : 0.039611528349278904
         "What are John and Mary" : 0.03960983219330105
         "Who is a doctor or a teacher" : 0.0396085003042865
         "What is John or Mary" : 0.039608497614552735
         "Who isn't a doctor and a teacher" : 0.039608495652570956
         "What aren't John and Mary" : 0.03960849563087042
         "Who isn't a doctor or a teacher" : 0.03960849561411769
         "What isn't John or Mary" : 0.03960849561408299,
    KLDivergence: 0.23278434104217993 },
  { query: [ 'intersection(john, mary)' ],
    trueResult: 
     Marginal:
         "What aren't John and Mary" : 0.16243769311668096
         "What are John and Mary" : 0.16243769311668096
         "Who is a doctor" : 0.07056451151225795
         "Who isn't a doctor" : 0.07056451151225795
         "Who isn't a teacher" : 0.07056451151225793
         "Who is a teacher" : 0.07056451151225793
         "What isn't John" : 0.056019550372890525
         "What is John" : 0.056019550372890525
         "What isn't Mary" : 0.056019550372890525
         "What is Mary" : 0.056019550372890525
         "Who isn't a doctor and a teacher" : 0.03198790362966697
         "Who is a doctor and a teacher" : 0.03198790362966697
         "Who isn't a doctor or a teacher" : 0.03177092090827922
         "Who is a doctor or a teacher" : 0.03177092090827922
         "What is John or Mary" : 0.020635358575075795
         "What isn't John or Mary" : 0.020635358575075795,
    learnedResult: 
     Marginal:
         "What is Mary" : 0.0909480903605677
         "What is John" : 0.090925968018435
         "Who is a doctor" : 0.08559317685250027
         "Who is a teacher" : 0.08558331490694242
         "What isn't Mary" : 0.07710475185979973
         "What isn't John" : 0.07710475176808196
         "Who isn't a doctor" : 0.07710471921961166
         "Who isn't a teacher" : 0.07710471892534468
         "What are John and Mary" : 0.04231907930842527
         "Who is a doctor and a teacher" : 0.042317129259870516
         "What is John or Mary" : 0.04231572036954328
         "Who is a doctor or a teacher" : 0.042315717527231365
         "What aren't John and Mary" : 0.042315715433150485
         "Who isn't a doctor and a teacher" : 0.042315715408775836
         "What isn't John or Mary" : 0.04231571539087821
         "Who isn't a doctor or a teacher" : 0.04231571539084164,
    KLDivergence: 0.24141513586725882 },
  { query: [ 'union(john, mary)' ],
    trueResult: 
     Marginal:
         "What isn't John or Mary" : 0.15479572872871056
         "What is John or Mary" : 0.15479572872871056
         "Who is a doctor" : 0.07314497016363104
         "Who is a teacher" : 0.07314497016363104
         "Who isn't a doctor" : 0.07314497016363104
         "Who isn't a teacher" : 0.07314497016363104
         "What is Mary" : 0.05698246399509907
         "What isn't John" : 0.05698246399509907
         "What isn't Mary" : 0.05698246399509907
         "What is John" : 0.05698246399509907
         "Who isn't a doctor and a teacher" : 0.03248027289420873
         "Who is a doctor and a teacher" : 0.03248027289420873
         "Who isn't a doctor or a teacher" : 0.031733907142317455
         "Who is a doctor or a teacher" : 0.031733907142317455
         "What are John and Mary" : 0.020735222917302933
         "What aren't John and Mary" : 0.020735222917302933,
    learnedResult: 
     Marginal:
         "Who is a teacher" : 0.100464067257089
         "Who is a doctor" : 0.10044753464946765
         "What is Mary" : 0.0967699512640386
         "What is John" : 0.09675884184130955
         "What isn't Mary" : 0.07217183897926505
         "What isn't John" : 0.07217183889571734
         "Who isn't a doctor" : 0.07217180919041535
         "Who isn't a teacher" : 0.0721718089165106
         "What are John and Mary" : 0.03961152435451099
         "Who is a doctor and a teacher" : 0.039609828197171654
         "What is John or Mary" : 0.03960849630829193
         "Who is a doctor or a teacher" : 0.03960849361855606
         "What aren't John and Mary" : 0.03960849165657451
         "Who isn't a doctor and a teacher" : 0.03960849163487392
         "What isn't John or Mary" : 0.03960849161812123
         "Who isn't a doctor or a teacher" : 0.03960849161808652,
    KLDivergence: 0.23645904011529975 } ]
