L2 norm of gradient: 0.09680393915226479
Iteration 0: -14320.4208674822
L2 norm of gradient: 23.90135527915517
Iteration 1: -13521.869079769589
L2 norm of gradient: 5.159886889566523
Iteration 2: -14326.797814730322
L2 norm of gradient: 101.56809253627493
Iteration 3: -15128.248478010762
L2 norm of gradient: 210.2643306852318
Iteration 4: -13428.947453912348
L2 norm of gradient: 145.8670226849498
Iteration 5: -13116.457774966955
L2 norm of gradient: 126.3637538114605
Iteration 6: -15036.576896507526
L2 norm of gradient: 43.412336949474486
Iteration 7: -15125.749478477985
L2 norm of gradient: 15.806036113022174
Iteration 8: -14720.66397717921
L2 norm of gradient: 45.61318794878248
Iteration 9: -14685.8862936995
L2 norm of gradient: 170.9260992856712
Iteration 10: -14806.439411864616
L2 norm of gradient: 21.542651760552587
Iteration 11: -14864.20470721391
L2 norm of gradient: 0.7957339596365044
Iteration 12: -14801.37645128672
L2 norm of gradient: 21.888608562046663
Iteration 13: -13667.907776903128
L2 norm of gradient: 125.77566307568699
Iteration 14: -14976.071284567239
L2 norm of gradient: 69.60364923784807
Iteration 15: -14070.893986685202
L2 norm of gradient: 22.18296301800363
Iteration 16: -15354.780287109083
L2 norm of gradient: 126.54408750703291
Iteration 17: -14514.682245454984
L2 norm of gradient: 28.346655919997698
Iteration 18: -12580.01595788775
L2 norm of gradient: 5.166401691147812
Iteration 19: -12533.728237922769
L2 norm of gradient: 1.1545848382794037
Iteration 20: -13736.991663052933
L2 norm of gradient: 230.04283389306173
Iteration 21: -14443.623528022785
L2 norm of gradient: 1.1523934719395033
Iteration 22: -14017.03992630099
L2 norm of gradient: 113.85549785412337
Iteration 23: -14462.055105568143
L2 norm of gradient: 114.85892367221346
Iteration 24: -13853.116454907693
L2 norm of gradient: 111.034818106064
Iteration 25: -15626.614205611404
L2 norm of gradient: 0.043767954241595665
Iteration 26: -14643.475947285071
L2 norm of gradient: 131.50498558912756
Iteration 27: -14785.267518506385
L2 norm of gradient: 22.016956427771103
Iteration 28: -15012.366667989409
L2 norm of gradient: 6.469933478588718
Iteration 29: -12997.74081916036
L2 norm of gradient: 0.3130585949654619
Iteration 30: -13429.783201490063
L2 norm of gradient: 115.61763645827179
Iteration 31: -13243.707016567001
L2 norm of gradient: 131.65873023324292
Iteration 32: -14769.3069772108
L2 norm of gradient: 69.01457321557942
Iteration 33: -14545.080525709782
L2 norm of gradient: 78.04847458736144
Iteration 34: -14654.830936598126
L2 norm of gradient: 134.09875388077353
Iteration 35: -16026.003229362192
L2 norm of gradient: 0.24432293298571814
Iteration 36: -14686.2046318145
L2 norm of gradient: 0.3692641941827828
Iteration 37: -15554.424851680407
L2 norm of gradient: 107.72692979048938
Iteration 38: -14818.343487122096
L2 norm of gradient: 117.43019958518323
Iteration 39: -13384.170711746672
L2 norm of gradient: 170.30911228673511
Iteration 40: -11981.127221627394
L2 norm of gradient: 161.1209332734569
Iteration 41: -15600.726566880709
L2 norm of gradient: 149.69673579601653
Iteration 42: -14126.98941721255
L2 norm of gradient: 127.34589467564025
Iteration 43: -14728.613532292191
L2 norm of gradient: 132.18004470717358
Iteration 44: -15250.538649827708
L2 norm of gradient: 0.3868240811957112
Iteration 45: -14343.248913767748
L2 norm of gradient: 138.27318229118873
Iteration 46: -14505.965984632028
L2 norm of gradient: 11.493742264090189
Iteration 47: -13141.576178049669
L2 norm of gradient: 119.6716207361778
Iteration 48: -14219.749913583277
L2 norm of gradient: 10.570523471839525
Iteration 49: -12659.959974454017
L2 norm of gradient: 10.08232783512879
Iteration 50: -15147.044320676941
L2 norm of gradient: 0.7515816161826356
Iteration 51: -13587.758344798815
L2 norm of gradient: 5.316422465328443
Iteration 52: -14518.743188960012
L2 norm of gradient: 249.14598074955106
Iteration 53: -15807.584210805828
L2 norm of gradient: 11.915198121512022
Iteration 54: -13969.666512541473
L2 norm of gradient: 214.90395155484111
Iteration 55: -13618.172022583662
L2 norm of gradient: 1.382223677942848
Iteration 56: -14038.056355733424
L2 norm of gradient: 13.432011830491906
Iteration 57: -15899.527237299364
L2 norm of gradient: 115.21799304725002
Iteration 58: -15551.941275384277
L2 norm of gradient: 127.653394627427
Iteration 59: -14879.742430496495
L2 norm of gradient: 119.31383916312838
Iteration 60: -14980.651430116268
L2 norm of gradient: 152.50444309013866
Iteration 61: -14889.306052141124
L2 norm of gradient: 90.45870515747104
Iteration 62: -13345.552968555363
L2 norm of gradient: 175.2959797643297
Iteration 63: -14865.322125657229
L2 norm of gradient: 129.07849665248222
Iteration 64: -13780.729987922823
L2 norm of gradient: 210.7927288570892
Iteration 65: -16063.67511843983
L2 norm of gradient: 255.5599629478358
Iteration 66: -14461.651042728685
L2 norm of gradient: 24.486980165073597
Iteration 67: -14701.491469288478
L2 norm of gradient: 5.846794446432736
Iteration 68: -12957.1299421906
L2 norm of gradient: 23.37112389804436
Iteration 69: -15958.067597170593
L2 norm of gradient: 11.478967231286907
Iteration 70: -13452.142806963297
L2 norm of gradient: 6.593273893704618
Iteration 71: -14780.420248776441
L2 norm of gradient: 16.32482964115097
Iteration 72: -13441.970869700657
L2 norm of gradient: 133.41044869719897
Iteration 73: -14563.642798037501
L2 norm of gradient: 16.24094065333061
Iteration 74: -14878.529556640424
L2 norm of gradient: 220.32370493817024
Iteration 75: -15215.530971884029
L2 norm of gradient: 5.659107746992649
Iteration 76: -15118.511316813529
L2 norm of gradient: 316.9016196407317
Iteration 77: -15022.298252303153
L2 norm of gradient: 46.765411475580635
Iteration 78: -13463.969147784635
L2 norm of gradient: 7.617614389025088
Iteration 79: -13875.584659375949
L2 norm of gradient: 352.6651518708595
Iteration 80: -15357.825840883655
L2 norm of gradient: 95.66596047553197
Iteration 81: -15571.65165013494
L2 norm of gradient: 24.324819639947034
Iteration 82: -14712.373726351885
L2 norm of gradient: 25.578203144353886
Iteration 83: -11852.405047874665
L2 norm of gradient: 209.53736380609277
Iteration 84: -15109.908972617704
L2 norm of gradient: 160.59023120638147
Iteration 85: -14028.864731574431
L2 norm of gradient: 52.47723503730828
Iteration 86: -13451.001716777682
L2 norm of gradient: 162.3389034312654
Iteration 87: -12677.081531666685
L2 norm of gradient: 6.019334429780215
Iteration 88: -13561.91785705788
L2 norm of gradient: 161.25118044579085
Iteration 89: -14480.242696495727
L2 norm of gradient: 7.161954451872981
Iteration 90: -14033.746690191096
L2 norm of gradient: 19.194051343357597
Iteration 91: -14882.320720863296
L2 norm of gradient: 229.90795649939722
Iteration 92: -14328.777336963918
L2 norm of gradient: 232.03115125679545
Iteration 93: -15403.738032645546
L2 norm of gradient: 242.15026194424817
Iteration 94: -13881.595004006987
L2 norm of gradient: 209.9085248168674
Iteration 95: -14775.568822555011
L2 norm of gradient: 1.0791378551974384
Iteration 96: -13895.591902913293
L2 norm of gradient: 196.39358052014768
Iteration 97: -15238.65773993684
L2 norm of gradient: 0.25903592288307725
Iteration 98: -15269.818771254504
L2 norm of gradient: 53.68814695390398
Iteration 99: -15108.542594741099
L2 norm of gradient: 26.735884523984147
Iteration 100: -15371.868331294041
L2 norm of gradient: 166.4155066903965
Iteration 101: -15072.706643790705
L2 norm of gradient: 0.8054746493083056
Iteration 102: -14781.617279628757
L2 norm of gradient: 195.47442633678833
Iteration 103: -13251.588511389447
L2 norm of gradient: 161.39790617497403
Iteration 104: -14650.477065311745
L2 norm of gradient: 160.33548873221292
Iteration 105: -14170.424184023403
L2 norm of gradient: 301.80564853934624
Iteration 106: -14300.14790384029
L2 norm of gradient: 13.48463683668109
Iteration 107: -14047.959422233049
L2 norm of gradient: 19.294298452851454
Iteration 108: -14407.041748075746
L2 norm of gradient: 181.2393179383176
Iteration 109: -12956.148926132359
L2 norm of gradient: 0.7669468588156962
Iteration 110: -14804.33933304483
L2 norm of gradient: 27.92737715821822
Iteration 111: -15952.293004059233
L2 norm of gradient: 15.191787419819695
Iteration 112: -13296.43899110984
L2 norm of gradient: 10.903801140534638
Iteration 113: -15118.58988363482
L2 norm of gradient: 203.0894779137022
Iteration 114: -14249.485169676598
L2 norm of gradient: 340.0641853189507
Iteration 115: -15216.92362436233
L2 norm of gradient: 2.763732875731679
Iteration 116: -14340.550243607257
L2 norm of gradient: 187.97567959676047
Iteration 117: -13263.933929340448
L2 norm of gradient: 3.4173095887525937
Iteration 118: -13566.552667442942
L2 norm of gradient: 336.4858538857956
Iteration 119: -13849.79107851861
L2 norm of gradient: 134.51263602672333
Iteration 120: -14291.536670453614
L2 norm of gradient: 159.164203603464
Iteration 121: -14085.146089585964
L2 norm of gradient: 3.202668525843437
Iteration 122: -14659.001203069929
L2 norm of gradient: 24.988319399634083
Iteration 123: -12607.77192575857
L2 norm of gradient: 2.605103754383342
Iteration 124: -13557.26091306028
L2 norm of gradient: 162.71561012269132
Iteration 125: -14261.78407850652
L2 norm of gradient: 30.13291709997675
Iteration 126: -13063.578781972174
L2 norm of gradient: 389.6266181965423
Iteration 127: -15496.925673525082
L2 norm of gradient: 210.8527796600755
Iteration 128: -15159.471248699818
L2 norm of gradient: 183.22870575023657
Iteration 129: -14929.249424051028
L2 norm of gradient: 198.43200393068153
Iteration 130: -15240.582786911633
L2 norm of gradient: 198.94696876794274
Iteration 131: -14137.105492643313
L2 norm of gradient: 203.42394919295216
Iteration 132: -14418.426753378473
L2 norm of gradient: 219.97652392908313
Iteration 133: -15030.194594979752
L2 norm of gradient: 278.5704200024344
Iteration 134: -14047.618240671465
L2 norm of gradient: 29.979124652336115
Iteration 135: -14866.335042034974
L2 norm of gradient: 223.70829189887965
Iteration 136: -14727.280164613854
L2 norm of gradient: 2.153129817033994
Iteration 137: -14065.535576273687
L2 norm of gradient: 164.60196580076808
Iteration 138: -14338.554846620187
L2 norm of gradient: 4.728243085426361
Iteration 139: -14168.171673496952
L2 norm of gradient: 224.19979591042846
Iteration 140: -13942.324254629668
L2 norm of gradient: 172.37346162958934
Iteration 141: -13932.483421788318
L2 norm of gradient: 145.365132935194
Iteration 142: -13602.842246365268
L2 norm of gradient: 5.514896855489142
Iteration 143: -15512.2313065161
L2 norm of gradient: 166.31544842827617
Iteration 144: -15013.558764705202
L2 norm of gradient: 15.09198288638256
Iteration 145: -13901.46281232452
L2 norm of gradient: 7.807055273535452
Iteration 146: -14958.348909940803
L2 norm of gradient: 216.89497933378527
Iteration 147: -13565.773653047625
L2 norm of gradient: 295.95089104969395
Iteration 148: -13453.659599845298
L2 norm of gradient: 443.31408333735726
Iteration 149: -15051.606778728077
L2 norm of gradient: 305.25458834540785
Iteration 150: -15130.7211305073
L2 norm of gradient: 391.284848789238
Iteration 151: -14549.87293358636
L2 norm of gradient: 262.80611422322886
Iteration 152: -15244.528613361297
L2 norm of gradient: 261.325024577639
Iteration 153: -14795.811727255816
L2 norm of gradient: 162.88477615755176
Iteration 154: -14670.46589034237
L2 norm of gradient: 223.45206764824337
Iteration 155: -13827.045338128693
L2 norm of gradient: 9.349627504053096
Iteration 156: -15419.37083812314
L2 norm of gradient: 0.8548341425356785
Iteration 157: -14954.554562645033
L2 norm of gradient: 205.86974412528528
Iteration 158: -14611.534394294024
L2 norm of gradient: 205.94289498592107
Iteration 159: -13416.556875459151
L2 norm of gradient: 31.13888946053542
Iteration 160: -15019.945191281382
L2 norm of gradient: 426.4756044026339
Iteration 161: -14640.00332369795
L2 norm of gradient: 175.53038539748457
Iteration 162: -16013.652104227105
L2 norm of gradient: 252.47185815431996
Iteration 163: -15902.949974236544
L2 norm of gradient: 1.1375568421963929
Iteration 164: -15265.828992516268
L2 norm of gradient: 12.192249820819994
Iteration 165: -15422.122544251615
L2 norm of gradient: 202.9452556481164
Iteration 166: -14866.521650318755
L2 norm of gradient: 244.888278595482
Iteration 167: -14591.529980662279
L2 norm of gradient: 184.3750825077398
Iteration 168: -15227.649557164405
L2 norm of gradient: 150.30802728165253
Iteration 169: -13678.988420825452
L2 norm of gradient: 268.5064883002835
Iteration 170: -13468.33473562263
L2 norm of gradient: 500.07005739796807
Iteration 171: -15922.713295273017
L2 norm of gradient: 203.06947474710566
Iteration 172: -13026.885360784596
L2 norm of gradient: 283.11766028343635
Iteration 173: -14503.117823580746
L2 norm of gradient: 182.46569313765227
Iteration 174: -13124.761189157842
L2 norm of gradient: 30.96956151493021
Iteration 175: -13788.332827159204
L2 norm of gradient: 2.8927188525621386
Iteration 176: -13118.527332351776
L2 norm of gradient: 201.543505644058
Iteration 177: -14852.744538102299
L2 norm of gradient: 212.01440158173426
Iteration 178: -12901.773870890262
L2 norm of gradient: 195.92170134550753
Iteration 179: -13147.36950610485
L2 norm of gradient: 7.509957689418791
Iteration 180: -14978.34623110923
L2 norm of gradient: 36.086899506951454
Iteration 181: -12574.95827049017
L2 norm of gradient: 269.33122683477177
Iteration 182: -14581.00620880234
L2 norm of gradient: 158.4900902555064
Iteration 183: -13562.261869407957
L2 norm of gradient: 259.3202165559989
Iteration 184: -15524.30940678902
L2 norm of gradient: 8.773453744479351
Iteration 185: -14520.395583418664
L2 norm of gradient: 298.5776503246895
Iteration 186: -14974.510437445715
L2 norm of gradient: 10.429345569014085
Iteration 187: -15237.570158853196
L2 norm of gradient: 185.69901950528882
Iteration 188: -15565.338954482693
L2 norm of gradient: 198.38589966521175
Iteration 189: -14758.478048833087
L2 norm of gradient: 300.6455627624732
Iteration 190: -15087.300314124208
L2 norm of gradient: 307.8608152563232
Iteration 191: -14307.48319610604
L2 norm of gradient: 224.16230661620622
Iteration 192: -15324.257598223398
L2 norm of gradient: 287.07632559970705
Iteration 193: -15048.701253425796
L2 norm of gradient: 111.35809236898554
Iteration 194: -14455.57284558122
L2 norm of gradient: 229.8290316298798
Iteration 195: -13654.189983722987
L2 norm of gradient: 11.994462251931207
Iteration 196: -14941.640400229022
L2 norm of gradient: 8.388798508901585
Iteration 197: -14196.155678854324
L2 norm of gradient: 69.47645564563005
Iteration 198: -13723.59317495348
L2 norm of gradient: 14.81010504896658
Iteration 199: -13608.219335158821
L2 norm of gradient: 153.2702225168259
Iteration 200: -14485.678819373948
L2 norm of gradient: 397.96825913396276
Iteration 201: -15067.454181702575
L2 norm of gradient: 357.02000565735426
Iteration 202: -13823.908934149193
L2 norm of gradient: 293.04691824561957
Iteration 203: -15013.095306438627
L2 norm of gradient: 289.59516614633907
Iteration 204: -15171.538025587332
L2 norm of gradient: 39.41496113145885
Iteration 205: -14416.296579394024
L2 norm of gradient: 213.40293420778437
Iteration 206: -14390.264352750964
L2 norm of gradient: 34.26882004719079
Iteration 207: -14890.304725836264
L2 norm of gradient: 44.1089089539961
Iteration 208: -14154.323720916174
L2 norm of gradient: 37.66884337832127
Iteration 209: -14563.984721821733
L2 norm of gradient: 228.9994866939425
Iteration 210: -13964.996017239522
L2 norm of gradient: 405.7140377204902
Iteration 211: -12463.988685651217
L2 norm of gradient: 201.54905106188122
Iteration 212: -14095.11563182366
L2 norm of gradient: 218.2075151201633
Iteration 213: -14228.446777874837
L2 norm of gradient: 683.371003302352
Iteration 214: -14893.796387579525
L2 norm of gradient: 243.41864155378502
Iteration 215: -14455.26097958861
L2 norm of gradient: 149.85378728165495
Iteration 216: -13064.73088331963
L2 norm of gradient: 15.787836170279387
Iteration 217: -14337.725633930415
L2 norm of gradient: 45.918893660038925
Iteration 218: -15812.988266649889
L2 norm of gradient: 256.1672780227539
Iteration 219: -14502.874217955628
L2 norm of gradient: 469.649990743307
Iteration 220: -14425.855626743753
L2 norm of gradient: 35.13219862326399
Iteration 221: -14570.991549261147
L2 norm of gradient: 42.101234076707115
Iteration 222: -13954.322515644599
L2 norm of gradient: 338.4501644919106
Iteration 223: -15070.487384639448
L2 norm of gradient: 75.90183987768407
Iteration 224: -14829.082686359063
L2 norm of gradient: 19.350796929876452
Iteration 225: -14953.438739710022
L2 norm of gradient: 14.999429400376716
Iteration 226: -12965.075229252689
L2 norm of gradient: 37.46966456748663
Iteration 227: -15021.307631066767
L2 norm of gradient: 2.753714482509275
Iteration 228: -15586.908200675389
L2 norm of gradient: 13.230251468577544
Iteration 229: -12638.413049769122
L2 norm of gradient: 259.95267475555465
Iteration 230: -14264.80206247163
L2 norm of gradient: 20.474275999452104
Iteration 231: -13149.416283680592
L2 norm of gradient: 520.0249110371218
Iteration 232: -13127.963177292375
L2 norm of gradient: 45.66907975037927
Iteration 233: -14878.704269056208
L2 norm of gradient: 262.1099529551071
Iteration 234: -13425.25772808073
L2 norm of gradient: 344.84014741912966
Iteration 235: -15346.033099668566
L2 norm of gradient: 29.544839577680417
Iteration 236: -15983.681421199348
L2 norm of gradient: 318.4992349582752
Iteration 237: -14452.785000760574
L2 norm of gradient: 44.02344333116526
Iteration 238: -15046.832565278513
L2 norm of gradient: 41.597712486524685
Iteration 239: -15016.970336053288
L2 norm of gradient: 454.1651582487679
Iteration 240: -14463.804253667127
L2 norm of gradient: 267.6913792363386
Iteration 241: -14250.456532840617
L2 norm of gradient: 42.01236723815165
Iteration 242: -14433.172012021532
L2 norm of gradient: 3.2399663264387963
Iteration 243: -14628.43934449926
L2 norm of gradient: 276.30292101437203
Iteration 244: -14748.322392515605
L2 norm of gradient: 54.21115586883032
Iteration 245: -15037.307804241544
L2 norm of gradient: 239.92090509790486
Iteration 246: -13704.523160430836
L2 norm of gradient: 411.49057258180494
Iteration 247: -14083.333806132665
L2 norm of gradient: 80.9297628056452
Iteration 248: -15310.673063515453
L2 norm of gradient: 247.70033089301444
Iteration 249: -15180.570156275295
L2 norm of gradient: 322.32888740447765
Iteration 250: -13878.743646052666
L2 norm of gradient: 49.109583055995564
Iteration 251: -13597.333824659
L2 norm of gradient: 7.822497520684058
Iteration 252: -13895.580506156664
L2 norm of gradient: 41.6917604804378
Iteration 253: -14787.539283022517
L2 norm of gradient: 278.7904188372061
Iteration 254: -13965.231528848642
L2 norm of gradient: 433.86953087210617
Iteration 255: -14992.615717696259
L2 norm of gradient: 12.70977569162058
Iteration 256: -12677.543424516218
L2 norm of gradient: 48.968889530919604
Iteration 257: -14476.178170710104
L2 norm of gradient: 411.86147913758896
Iteration 258: -14668.736654756125
L2 norm of gradient: 34.345889615725724
Iteration 259: -14269.692808325868
L2 norm of gradient: 47.528749897802044
Iteration 260: -14414.326485330006
L2 norm of gradient: 23.89197914561493
Iteration 261: -13757.204460254172
L2 norm of gradient: 368.1862193925908
Iteration 262: -15054.369007663568
L2 norm of gradient: 56.31418524069585
Iteration 263: -13343.53236239776
L2 norm of gradient: 22.631223166929455
Iteration 264: -14070.49038668978
L2 norm of gradient: 443.9751966084518
Iteration 265: -14875.273049068172
L2 norm of gradient: 9.694906282369253
Iteration 266: -13418.320210526232
L2 norm of gradient: 25.41197662807454
Iteration 267: -13730.5053542885
L2 norm of gradient: 298.7624807673252
Iteration 268: -15649.578824094497
L2 norm of gradient: 7.402796321817803
Iteration 269: -15280.687409591628
L2 norm of gradient: 966.4000287630544
Iteration 270: -14208.83682265156
L2 norm of gradient: 312.93898834980826
Iteration 271: -12893.943977981573
L2 norm of gradient: 381.5063044230781
Iteration 272: -13893.68206953397
L2 norm of gradient: 30.414112125382182
Iteration 273: -12755.719593203394
L2 norm of gradient: 240.4506589849492
Iteration 274: -14119.09367236658
L2 norm of gradient: 376.93938352808243
Iteration 275: -15455.492889285786
L2 norm of gradient: 51.78731864750006
Iteration 276: -14236.830532578053
L2 norm of gradient: 163.28540543524883
Iteration 277: -11988.218868136406
L2 norm of gradient: 4.429958220746624
Iteration 278: -14958.061434660107
L2 norm of gradient: 28.066243908329838
Iteration 279: -13588.066512639634
L2 norm of gradient: 103.039089585392
Iteration 280: -16163.492829992436
L2 norm of gradient: 497.9635339101126
Iteration 281: -13135.978313605301
L2 norm of gradient: 222.55989930953163
Iteration 282: -15352.211648155935
L2 norm of gradient: 51.22092871094618
Iteration 283: -14554.018092573388
L2 norm of gradient: 314.91863901131217
Iteration 284: -14022.018923948053
L2 norm of gradient: 22.324529696396887
Iteration 285: -12361.952961401315
L2 norm of gradient: 177.69697003793013
Iteration 286: -14313.590391804697
L2 norm of gradient: 335.8601636175764
Iteration 287: -15101.478326792829
L2 norm of gradient: 23.37613671770841
Iteration 288: -15305.41827323474
L2 norm of gradient: 296.57646791902886
Iteration 289: -14800.98871169868
L2 norm of gradient: 298.49301576423505
Iteration 290: -13688.697155074216
L2 norm of gradient: 30.49324960112522
Iteration 291: -14468.863536647521
L2 norm of gradient: 314.05710148917956
Iteration 292: -14755.08395589795
L2 norm of gradient: 10.07797003206679
Iteration 293: -15425.507578885881
L2 norm of gradient: 283.0877805615912
Iteration 294: -15248.497046018718
L2 norm of gradient: 640.2568486747119
Iteration 295: -14994.12056742888
L2 norm of gradient: 611.016033821964
Iteration 296: -14645.553381837206
L2 norm of gradient: 322.62379261279364
Iteration 297: -14193.514842326287
L2 norm of gradient: 417.3292621094585
Iteration 298: -15138.90283766645
L2 norm of gradient: 56.605981534338916
Iteration 299: -15486.314850970171
L2 norm of gradient: 261.6290928848782
Iteration 300: -16006.297609424451
L2 norm of gradient: 33.90917056127917
Iteration 301: -15122.072120227851
L2 norm of gradient: 62.07125587185156
Iteration 302: -14132.944189576665
L2 norm of gradient: 154.6222380768961
Iteration 303: -15532.268295405665
L2 norm of gradient: 169.19559850567816
Iteration 304: -14521.296525237849
L2 norm of gradient: 31.980984578451487
Iteration 305: -14177.846363459015
L2 norm of gradient: 12.554260643374572
Iteration 306: -14808.978604563745
L2 norm of gradient: 815.0451595021337
Iteration 307: -13836.98583955178
L2 norm of gradient: 307.406187850083
Iteration 308: -15519.734007074963
L2 norm of gradient: 252.74910311360046
Iteration 309: -14259.078690414783
L2 norm of gradient: 611.2828275007716
Iteration 310: -13833.046012200648
L2 norm of gradient: 543.3079881033456
Iteration 311: -15415.03109641117
L2 norm of gradient: 244.89745193034543
Iteration 312: -12429.263488629367
L2 norm of gradient: 13.557527244421973
Iteration 313: -14955.885719743092
L2 norm of gradient: 112.42336386932632
Iteration 314: -15879.504662142834
L2 norm of gradient: 51.97919923894458
Iteration 315: -14265.130038512638
L2 norm of gradient: 413.0693343643961
Iteration 316: -15226.557556514395
L2 norm of gradient: 9.979463533065585
Iteration 317: -15087.643157298677
L2 norm of gradient: 55.88487395008352
Iteration 318: -15483.056979824789
L2 norm of gradient: 29.327530002840387
Iteration 319: -14511.172304805135
L2 norm of gradient: 521.6104557146521
Iteration 320: -14973.093162010191
L2 norm of gradient: 28.92807188565491
Iteration 321: -13485.360210372834
L2 norm of gradient: 322.0497322785989
Iteration 322: -14554.02339656814
L2 norm of gradient: 12.87031997834299
Iteration 323: -15405.905113514513
L2 norm of gradient: 284.73396391410273
Iteration 324: -15334.251541637816
L2 norm of gradient: 532.7400101983536
Iteration 325: -14924.71178363869
L2 norm of gradient: 10.739080126856846
Iteration 326: -13879.326138603967
L2 norm of gradient: 453.22119609297164
Iteration 327: -14543.371489198413
L2 norm of gradient: 711.4645081724952
Iteration 328: -15514.691365998005
L2 norm of gradient: 69.28782417954974
Iteration 329: -15483.37138347933
L2 norm of gradient: 1086.4758351669323
Iteration 330: -14578.853421648033
L2 norm of gradient: 295.85788755208216
Iteration 331: -15626.886452842737
L2 norm of gradient: 11.44496748098626
Iteration 332: -14046.71411825018
L2 norm of gradient: 48.498644596999924
Iteration 333: -13658.575016947929
L2 norm of gradient: 175.30015612852335
Iteration 334: -14914.883873337414
L2 norm of gradient: 20.036844575153435
Iteration 335: -14800.728675544495
L2 norm of gradient: 70.37412174382173
Iteration 336: -12570.780495358864
L2 norm of gradient: 7.396499960880173
Iteration 337: -15749.199144785991
L2 norm of gradient: 59.43607232332723
Iteration 338: -13924.572353690397
L2 norm of gradient: 14.408679106418798
Iteration 339: -14473.341048896546
L2 norm of gradient: 412.1143318866985
Iteration 340: -12627.450089394813
L2 norm of gradient: 380.6820711745937
Iteration 341: -12606.39649458765
L2 norm of gradient: 34.84878325508286
Iteration 342: -15573.214292336954
L2 norm of gradient: 346.5799241721928
Iteration 343: -13757.307059444487
L2 norm of gradient: 29.586634695925408
Iteration 344: -15402.448700434063
L2 norm of gradient: 354.9678322050312
Iteration 345: -14424.292618128704
L2 norm of gradient: 55.11431159498296
Iteration 346: -14723.178671802627
L2 norm of gradient: 35.724697514062186
Iteration 347: -16028.554931267397
L2 norm of gradient: 43.75848189090307
Iteration 348: -14353.673887908459
L2 norm of gradient: 249.14850278723907
Iteration 349: -11598.474629760021
L2 norm of gradient: 14.074999801455693
Iteration 350: -14786.542717032367
L2 norm of gradient: 555.3960725564671
Iteration 351: -16111.762426207773
L2 norm of gradient: 67.51880609300423
Iteration 352: -12471.497414183803
L2 norm of gradient: 17.572539548692763
Iteration 353: -15254.85767230764
L2 norm of gradient: 156.11466593498523
Iteration 354: -16607.34982280433
L2 norm of gradient: 445.46712813369436
Iteration 355: -14429.690313675674
L2 norm of gradient: 14.243250680470954
Iteration 356: -15671.632030932931
L2 norm of gradient: 352.56501972833547
Iteration 357: -14115.324321886757
L2 norm of gradient: 981.9384198274157
Iteration 358: -15572.999374175211
L2 norm of gradient: 813.6458905757439
Iteration 359: -14921.5058369115
L2 norm of gradient: 84.85020544723032
Iteration 360: -14939.489553136518
L2 norm of gradient: 332.51567535638173
Iteration 361: -14352.68940147711
L2 norm of gradient: 460.9517598038057
Iteration 362: -13519.258073805599
L2 norm of gradient: 43.2334338395174
Iteration 363: -13333.223210030235
L2 norm of gradient: 677.6487273566571
Iteration 364: -13261.691474105464
L2 norm of gradient: 542.3674999112159
Iteration 365: -13190.455789773492
L2 norm of gradient: 339.40811058312556
Iteration 366: -14052.41847918462
L2 norm of gradient: 463.3515602499652
Iteration 367: -12593.410679108929
L2 norm of gradient: 334.615420335682
Iteration 368: -14601.919700356433
L2 norm of gradient: 931.5267280260076
Iteration 369: -14160.432156163966
L2 norm of gradient: 72.10909612828348
Iteration 370: -14371.455357153434
L2 norm of gradient: 405.9125997127422
Iteration 371: -15327.633577811299
L2 norm of gradient: 82.43075345709201
Iteration 372: -13871.114444115898
L2 norm of gradient: 457.10817691908557
Iteration 373: -14884.620256586
L2 norm of gradient: 349.1050097098088
Iteration 374: -14693.576044230955
L2 norm of gradient: 30.803039011635317
Iteration 375: -12689.876947650686
L2 norm of gradient: 362.1909539979881
Iteration 376: -14374.631675254088
L2 norm of gradient: 616.2745006326257
Iteration 377: -15358.986457444727
L2 norm of gradient: 140.2338639845146
Iteration 378: -15695.132861433085
L2 norm of gradient: 940.8089570175692
Iteration 379: -12936.612395838834
L2 norm of gradient: 363.73477141772213
Iteration 380: -12638.79757894273
L2 norm of gradient: 335.38547526447985
Iteration 381: -12761.276769095799
L2 norm of gradient: 744.9622267538471
Iteration 382: -13856.379985191394
L2 norm of gradient: 472.21641487720814
Iteration 383: -13873.022518189158
L2 norm of gradient: 253.95734824941187
Iteration 384: -15716.209727078443
L2 norm of gradient: 54.685366825509085
Iteration 385: -14801.757478167769
L2 norm of gradient: 546.951441404059
Iteration 386: -14829.391047649086
L2 norm of gradient: 37.633843856308076
Iteration 387: -14427.553476683795
L2 norm of gradient: 53.056959145389655
Iteration 388: -13906.18689730228
L2 norm of gradient: 55.39650392599835
Iteration 389: -14795.04876997997
L2 norm of gradient: 327.58307222640417
Iteration 390: -12278.11893368233
L2 norm of gradient: 592.0236761556731
Iteration 391: -13964.420571410563
L2 norm of gradient: 458.299777891092
Iteration 392: -15783.931953507243
L2 norm of gradient: 525.4003729861754
Iteration 393: -13851.697174337227
L2 norm of gradient: 132.31440824571462
Iteration 394: -13946.511935207527
L2 norm of gradient: 384.4725575585418
Iteration 395: -14338.700100892456
L2 norm of gradient: 361.7980247246873
Iteration 396: -12444.23372233333
L2 norm of gradient: 469.64964009869396
Iteration 397: -14079.986504905159
L2 norm of gradient: 87.15075195286225
Iteration 398: -14172.003752354067
L2 norm of gradient: 9.12194853453746
Iteration 399: -15256.295929956017
L2 norm of gradient: 293.0774689589214
Iteration 400: -15603.191059051547
L2 norm of gradient: 372.2355190448508
Iteration 401: -13642.577924193116
L2 norm of gradient: 536.5428556127549
Iteration 402: -15657.050583774922
L2 norm of gradient: 1043.533350928061
Iteration 403: -15372.85799999605
L2 norm of gradient: 330.21439090658816
Iteration 404: -15149.503694019746
L2 norm of gradient: 60.37741475584628
Iteration 405: -14774.717651051003
L2 norm of gradient: 222.40268618123528
Iteration 406: -15002.485238099238
L2 norm of gradient: 109.03553788367343
Iteration 407: -15322.755626451224
L2 norm of gradient: 304.2310083714759
Iteration 408: -14680.594215904828
L2 norm of gradient: 396.94565162095796
Iteration 409: -14394.661046961322
L2 norm of gradient: 114.4822901830177
Iteration 410: -14226.028832049575
L2 norm of gradient: 434.9893771123018
Iteration 411: -13400.982992721954
L2 norm of gradient: 488.73301685846087
Iteration 412: -15958.333418037277
L2 norm of gradient: 112.09495953909489
Iteration 413: -13853.962267707568
L2 norm of gradient: 114.58567672474797
Iteration 414: -14636.048750947462
L2 norm of gradient: 529.5425417519659
Iteration 415: -13883.34213808272
L2 norm of gradient: 686.6460727561986
Iteration 416: -13563.916584164603
L2 norm of gradient: 33.12719699325766
Iteration 417: -15302.148458374897
L2 norm of gradient: 322.6002905690922
Iteration 418: -13192.514859237941
L2 norm of gradient: 101.67768647426163
Iteration 419: -14834.681530076545
L2 norm of gradient: 348.7377425186626
Iteration 420: -13676.831128434977
L2 norm of gradient: 379.81708093951534
Iteration 421: -14639.583380965516
L2 norm of gradient: 31.696003314625642
Iteration 422: -14375.579480137676
L2 norm of gradient: 84.77064195762804
Iteration 423: -16083.018706892617
L2 norm of gradient: 193.87496801865532
Iteration 424: -14365.196726701455
L2 norm of gradient: 158.49016004861397
Iteration 425: -14449.79785429244
L2 norm of gradient: 85.37821173507879
Iteration 426: -13500.68083323096
L2 norm of gradient: 282.12340600277696
Iteration 427: -15060.363585738232
L2 norm of gradient: 146.823131972467
Iteration 428: -15856.739682063693
L2 norm of gradient: 395.9052249160492
Iteration 429: -13476.50324985059
L2 norm of gradient: 120.19075542107555
Iteration 430: -14518.038019193336
L2 norm of gradient: 51.455693107702196
Iteration 431: -15250.309582512826
L2 norm of gradient: 137.08977642263713
Iteration 432: -14060.428159908159
L2 norm of gradient: 780.0547977399011
Iteration 433: -12323.447413098067
L2 norm of gradient: 159.6727549249933
Iteration 434: -14854.721999656409
L2 norm of gradient: 458.90658188639304
Iteration 435: -14020.55479178438
L2 norm of gradient: 656.1906081223187
Iteration 436: -14720.402466087835
L2 norm of gradient: 93.44009602056364
Iteration 437: -13308.915685268585
L2 norm of gradient: 15.870419258495525
Iteration 438: -15232.205669268267
L2 norm of gradient: 211.78373782345687
Iteration 439: -14502.794046763796
L2 norm of gradient: 289.1156977538065
Iteration 440: -14350.29427406285
L2 norm of gradient: 529.7145034502468
Iteration 441: -14322.3573589453
L2 norm of gradient: 393.3691849831443
Iteration 442: -15776.579387529055
L2 norm of gradient: 75.6204593162807
Iteration 443: -13891.34646810824
L2 norm of gradient: 161.76840667814892
Iteration 444: -13517.111544598825
L2 norm of gradient: 493.3945340262017
Iteration 445: -15731.28118505911
L2 norm of gradient: 136.03659066293145
Iteration 446: -14595.2914641737
L2 norm of gradient: 287.4973267828006
Iteration 447: -12952.194012629101
L2 norm of gradient: 25.0929352620648
Iteration 448: -14807.722583180992
L2 norm of gradient: 565.594521667053
Iteration 449: -15374.08246213873
L2 norm of gradient: 83.86855065424879
Iteration 450: -16249.318113603396
L2 norm of gradient: 341.2023367506735
Iteration 451: -14300.87138450658
L2 norm of gradient: 405.3482043365138
Iteration 452: -13643.165963588748
L2 norm of gradient: 575.0146840128311
Iteration 453: -16273.971152273472
L2 norm of gradient: 120.79705464840366
Iteration 454: -13317.141136934748
L2 norm of gradient: 144.20018663746694
Iteration 455: -13708.02420423273
L2 norm of gradient: 53.44514595252459
Iteration 456: -13577.785226009786
L2 norm of gradient: 380.13776301409655
Iteration 457: -13977.99040813651
L2 norm of gradient: 138.97849340479257
Iteration 458: -15104.32830800116
L2 norm of gradient: 531.8365821961456
Iteration 459: -15663.10648767394
L2 norm of gradient: 1410.7486699462534
Iteration 460: -13523.404686562251
L2 norm of gradient: 442.6781342750999
Iteration 461: -14965.919963673921
L2 norm of gradient: 695.320063236424
Iteration 462: -14069.488821473205
L2 norm of gradient: 137.71246030029192
Iteration 463: -15149.026219069725
L2 norm of gradient: 397.53718879091286
Iteration 464: -12687.447079013335
L2 norm of gradient: 565.4023976526539
Iteration 465: -14464.807517062174
L2 norm of gradient: 570.7355187277275
Iteration 466: -14309.228906088974
L2 norm of gradient: 1209.7082474117083
Iteration 467: -14260.534230684163
L2 norm of gradient: 466.0288435409016
Iteration 468: -14756.54153376026
L2 norm of gradient: 302.50676588454365
Iteration 469: -13988.112347380491
L2 norm of gradient: 427.28723630409144
Iteration 470: -15117.38378678076
L2 norm of gradient: 45.83015307235106
Iteration 471: -12663.356557931053
L2 norm of gradient: 465.5651488233015
Iteration 472: -14170.608205177821
L2 norm of gradient: 534.9327732633736
Iteration 473: -14956.413190563675
L2 norm of gradient: 634.588618460658
Iteration 474: -14800.534633880714
L2 norm of gradient: 580.1321303764878
Iteration 475: -14534.945439598057
L2 norm of gradient: 169.1633826795836
Iteration 476: -12520.527243062621
L2 norm of gradient: 427.1477596993532
Iteration 477: -14979.331406904617
L2 norm of gradient: 614.8262674307225
Iteration 478: -15323.769940607483
L2 norm of gradient: 574.822292400081
Iteration 479: -14512.154945378425
L2 norm of gradient: 120.06902767960976
Iteration 480: -15375.470613613259
L2 norm of gradient: 81.48160191285002
Iteration 481: -15158.031369656324
L2 norm of gradient: 132.08602648843564
Iteration 482: -14818.402458089637
L2 norm of gradient: 83.28542894415058
Iteration 483: -14781.105425742688
L2 norm of gradient: 385.80450498409823
Iteration 484: -14819.908686558716
L2 norm of gradient: 612.382877859608
Iteration 485: -14854.453565072501
L2 norm of gradient: 440.71929232026685
Iteration 486: -14521.411166698439
L2 norm of gradient: 79.58134431361076
Iteration 487: -15440.915850131307
L2 norm of gradient: 315.9053752572353
Iteration 488: -14779.152731336188
L2 norm of gradient: 472.02212335267774
Iteration 489: -13664.689529070398
L2 norm of gradient: 713.5262671998503
Iteration 490: -14395.6055899614
L2 norm of gradient: 442.19882022845337
Iteration 491: -14527.738999994704
L2 norm of gradient: 129.010702657114
Iteration 492: -15887.175826062681
L2 norm of gradient: 223.21674995788658
Iteration 493: -14414.83393315319
L2 norm of gradient: 887.046158798948
Iteration 494: -14190.104192465311
L2 norm of gradient: 950.2864659039906
Iteration 495: -13695.0650846262
L2 norm of gradient: 44.810119226625424
Iteration 496: -15445.367248577764
L2 norm of gradient: 424.750706313777
Iteration 497: -14117.929150037235
L2 norm of gradient: 597.7351451821946
Iteration 498: -13980.559782250552
L2 norm of gradient: 18.61364300513711
Iteration 499: -13302.26355261053
[ { query: [ 'Who is a doctor', [Object] ],
    trueResult: 
     Marginal:
         "John and Mary are doctors" : 0.380020640450514
         "John and Mary are doctors and teachers" : 0.20855974943514632
         "John is a doctor" : 0.08655534418766547
         "Mary is a doctor" : 0.08655534418766547
         "John is a doctor and a teacher" : 0.04750258005631425
         "Mary is a doctor and a teacher" : 0.04750258005631425
         "John and Mary are doctors or teachers" : 0.018309772241219994
         "John or Mary is a doctor and a teacher" : 0.01641723975145466
         "John is a doctor or a teacher" : 0.014074838535204214
         "Mary is a doctor or a teacher" : 0.014074838535204214
         "John or Mary is a doctor" : 0.014074838535204214
         "Mary is a teacher" : 0.010819418023458179
         "John is a teacher" : 0.010819418023458179
         "John is not a teacher" : 0.008015222008949992
         "Mary is not a teacher" : 0.008015222008949992
         "John and Mary are teachers" : 0.0059378225070392835
         "John or Mary is a teacher" : 0.005937822507039272
         "John and Mary are not teachers" : 0.0043988471043886965
         "John or Mary is not a teacher" : 0.0043988471043886965
         "John or Mary is a doctor or a teacher" : 0.003954910804103521
         "John is not a doctor and a teacher" : 0.0013033621050040592
         "Mary is not a doctor and a teacher" : 0.0013033621050040592
         "John or Mary is not a doctor and a teacher" : 0.0012360388998589598
         "John and Mary are not doctors and teachers" : 0.00021194082645043896,
    learnedResult: 
     Marginal:
         "John is a doctor" : 0.2509088849228715
         "Mary is a doctor" : 0.2509088849228715
         "John and Mary are doctors" : 0.04213243638100444
         "John is a teacher" : 0.03136361061535893
         "Mary is a teacher" : 0.03136361061535893
         "Mary is a doctor and a teacher" : 0.028793505990532143
         "John is a doctor and a teacher" : 0.02879350599053212
         "John is not a teacher" : 0.023234734210224418
         "Mary is not a teacher" : 0.023234734210224418
         "John or Mary is a doctor" : 0.022054783622525276
         "John is a doctor or a teacher" : 0.01940856282700637
         "Mary is a doctor or a teacher" : 0.01940856282700637
         "John and Mary are teachers" : 0.017212714455631075
         "John or Mary is a teacher" : 0.017212714455631044
         "Mary is not a doctor" : 0.013996081836341765
         "John is not a doctor" : 0.013996081836341765
         "John or Mary is not a teacher" : 0.012751492496123132
         "John and Mary are not teachers" : 0.012751492496123087
         "Mary is not a doctor or a teacher" : 0.012528879548664874
         "John is not a doctor or a teacher" : 0.012528879548664851
         "John or Mary is not a doctor" : 0.012366542026921034
         "Mary is not a doctor and a teacher" : 0.011975598938324061
         "John is not a doctor and a teacher" : 0.011975598938324061
         "John and Mary are not doctors" : 0.011234223611576834
         "John and Mary are doctors and teachers" : 0.010905362299949026
         "John and Mary are doctors or teachers" : 0.009831408265340447
         "John or Mary is a doctor and a teacher" : 0.009786107733038753
         "John or Mary is a doctor or a teacher" : 0.009539222903969665
         "John or Mary is not a doctor or a teacher" : 0.006990081627021403
         "John or Mary is not a doctor and a teacher" : 0.006968727746682013
         "John and Mary are not doctors or teachers" : 0.006965023725082362
         "John and Mary are not doctors and teachers" : 0.006877948374731595,
    KLDivergence: 1.2448738395804422 },
  { query: [ 'Who is a doctor', [Object] ],
    trueResult: 
     Marginal:
         "John and Mary are doctors" : 0.380020640450514
         "John and Mary are doctors and teachers" : 0.20855974943514632
         "John is a doctor" : 0.08655534418766547
         "Mary is a doctor" : 0.08655534418766547
         "John is a doctor and a teacher" : 0.04750258005631425
         "Mary is a doctor and a teacher" : 0.04750258005631425
         "John and Mary are doctors or teachers" : 0.018309772241219994
         "John or Mary is a doctor and a teacher" : 0.01641723975145466
         "John is a doctor or a teacher" : 0.014074838535204214
         "Mary is a doctor or a teacher" : 0.014074838535204214
         "John or Mary is a doctor" : 0.014074838535204214
         "Mary is a teacher" : 0.010819418023458179
         "John is a teacher" : 0.010819418023458179
         "John is not a teacher" : 0.008015222008949992
         "Mary is not a teacher" : 0.008015222008949992
         "John and Mary are teachers" : 0.0059378225070392835
         "John or Mary is a teacher" : 0.005937822507039272
         "John and Mary are not teachers" : 0.0043988471043886965
         "John or Mary is not a teacher" : 0.0043988471043886965
         "John or Mary is a doctor or a teacher" : 0.003954910804103521
         "John is not a doctor and a teacher" : 0.0013033621050040592
         "Mary is not a doctor and a teacher" : 0.0013033621050040592
         "John or Mary is not a doctor and a teacher" : 0.0012360388998589598
         "John and Mary are not doctors and teachers" : 0.00021194082645043896,
    learnedResult: 
     Marginal:
         "John is a doctor" : 0.2509088849228715
         "Mary is a doctor" : 0.2509088849228715
         "John and Mary are doctors" : 0.04213243638100444
         "John is a teacher" : 0.03136361061535893
         "Mary is a teacher" : 0.03136361061535893
         "Mary is a doctor and a teacher" : 0.028793505990532143
         "John is a doctor and a teacher" : 0.02879350599053212
         "John is not a teacher" : 0.023234734210224418
         "Mary is not a teacher" : 0.023234734210224418
         "John or Mary is a doctor" : 0.022054783622525276
         "John is a doctor or a teacher" : 0.01940856282700637
         "Mary is a doctor or a teacher" : 0.01940856282700637
         "John and Mary are teachers" : 0.017212714455631075
         "John or Mary is a teacher" : 0.017212714455631044
         "Mary is not a doctor" : 0.013996081836341765
         "John is not a doctor" : 0.013996081836341765
         "John or Mary is not a teacher" : 0.012751492496123132
         "John and Mary are not teachers" : 0.012751492496123087
         "Mary is not a doctor or a teacher" : 0.012528879548664874
         "John is not a doctor or a teacher" : 0.012528879548664851
         "John or Mary is not a doctor" : 0.012366542026921034
         "Mary is not a doctor and a teacher" : 0.011975598938324061
         "John is not a doctor and a teacher" : 0.011975598938324061
         "John and Mary are not doctors" : 0.011234223611576834
         "John and Mary are doctors and teachers" : 0.010905362299949026
         "John and Mary are doctors or teachers" : 0.009831408265340447
         "John or Mary is a doctor and a teacher" : 0.009786107733038753
         "John or Mary is a doctor or a teacher" : 0.009539222903969665
         "John or Mary is not a doctor or a teacher" : 0.006990081627021403
         "John or Mary is not a doctor and a teacher" : 0.006968727746682013
         "John and Mary are not doctors or teachers" : 0.006965023725082362
         "John and Mary are not doctors and teachers" : 0.006877948374731595,
    KLDivergence: 1.2448738395804422 },
  { query: [ 'Who is a doctor and a teacher', [Object] ],
    trueResult: 
     Marginal:
         "John is a doctor and a teacher" : 0.5057429117707349
         "John is a doctor" : 0.11519045846271186
         "John is a teacher" : 0.11519045846271186
         "John or Mary is a doctor and a teacher" : 0.051789172217255514
         "Mary is not a teacher" : 0.02528450088232814
         "Mary is not a doctor" : 0.02528450088232814
         "John and Mary are teachers" : 0.018731218954471676
         "John and Mary are doctors" : 0.018731218954471676
         "John or Mary is a teacher" : 0.018731218954471645
         "John is a doctor or a teacher" : 0.018731218954471645
         "John or Mary is a doctor" : 0.018731218954471645
         "Mary is not a doctor or a teacher" : 0.013876428297051366
         "Mary is not a doctor and a teacher" : 0.013876428297051366
         "John and Mary are doctors or teachers" : 0.007219910001734958
         "Mary is a doctor or a teacher" : 0.00554999080132493
         "John or Mary is a doctor or a teacher" : 0.005263314391264789
         "Mary is a doctor" : 0.004266313276396742
         "Mary is a teacher" : 0.004266313276396742
         "John or Mary is not a doctor" : 0.004111534310237441
         "John or Mary is not a teacher" : 0.004111534310237441
         "John or Mary is not a doctor and a teacher" : 0.003899159202225257
         "John or Mary is not a doctor or a teacher" : 0.0014209763856506024,
    learnedResult: 
     Marginal:
         "John is a doctor" : 0.06564234484605745
         "John is a teacher" : 0.06401222140224844
         "Mary is a doctor" : 0.05956999929385845
         "Mary is a teacher" : 0.0593881001709697
         "Mary is not a teacher" : 0.043698663212038996
         "Mary is not a doctor" : 0.04367783401997859
         "John is not a teacher" : 0.043183761460381574
         "John is not a doctor" : 0.04300910026564959
         "John is a doctor and a teacher" : 0.03342928671516144
         "John and Mary are doctors" : 0.03310329534672037
         "John and Mary are teachers" : 0.032929441090044295
         "John is a doctor or a teacher" : 0.03266621083186838
         "John or Mary is a doctor" : 0.032558442774314376
         "John or Mary is a teacher" : 0.03251950537429796
         "Mary is a doctor and a teacher" : 0.0324602683869508
         "Mary is a doctor or a teacher" : 0.03242282563187524
         "Mary is not a doctor or a teacher" : 0.024002023558509684
         "Mary is not a doctor and a teacher" : 0.02399926972086513
         "John or Mary is not a teacher" : 0.02399398964363991
         "John or Mary is not a doctor" : 0.023990593052607017
         "John is not a doctor or a teacher" : 0.02397626642953104
         "John and Mary are not teachers" : 0.023955617677677486
         "John and Mary are not doctors" : 0.023939712235759233
         "John is not a doctor and a teacher" : 0.023920824661150218
         "John and Mary are doctors and teachers" : 0.017867126647000096
         "John and Mary are doctors or teachers" : 0.01781087506287327
         "John or Mary is a doctor and a teacher" : 0.017800545409283594
         "John or Mary is a doctor or a teacher" : 0.0177887132734404
         "John or Mary is not a doctor or a teacher" : 0.013173279965805605
         "John or Mary is not a doctor and a teacher" : 0.013172230216116661
         "John and Mary are not doctors or teachers" : 0.013171328608577943
         "John and Mary are not doctors and teachers" : 0.013166303014746967,
    KLDivergence: 1.3988382816626128 },
  { query: [ 'Who is a doctor or a teacher', [Object] ],
    trueResult: 
     Marginal:
         "John and Mary are doctors" : 0.1056107851909732
         "John and Mary are teachers" : 0.1056107851909732
         "John is a doctor" : 0.08118368320238828
         "John is a teacher" : 0.08118368320238828
         "Mary is a teacher" : 0.08118368320238828
         "Mary is a doctor" : 0.08118368320238828
         "John and Mary are doctors or teachers" : 0.05796042780983282
         "John and Mary are doctors and teachers" : 0.05796042780983277
         "Mary is a doctor and a teacher" : 0.044554550002441795
         "John is a doctor and a teacher" : 0.044554550002441795
         "Mary is a doctor or a teacher" : 0.04455455000244175
         "John is a doctor or a teacher" : 0.04455455000244175
         "John or Mary is a teacher" : 0.03129208450102909
         "John or Mary is a doctor" : 0.03129208450102909
         "John or Mary is a doctor and a teacher" : 0.021122604886965272
         "John or Mary is a doctor or a teacher" : 0.012519452406923889
         "John is not a doctor and a teacher" : 0.009779799246246973
         "Mary is not a doctor and a teacher" : 0.009779799246246973
         "John is not a teacher" : 0.007517793967297686
         "Mary is not a teacher" : 0.007517793967297686
         "Mary is not a doctor" : 0.007517793967297686
         "John is not a doctor" : 0.007517793967297686
         "John or Mary is not a doctor and a teacher" : 0.00651387501985663
         "John or Mary is not a doctor" : 0.00565960604528182
         "John or Mary is not a teacher" : 0.00565960604528182
         "John and Mary are not doctors and teachers" : 0.0037696035994540657
         "John and Mary are not doctors" : 0.0012224749057808738
         "John and Mary are not teachers" : 0.0012224749057808738,
    learnedResult: 
     Marginal:
         "John is a teacher" : 0.060378379285163764
         "John is a doctor" : 0.06032073349199186
         "Mary is a doctor" : 0.05977341854320318
         "Mary is a teacher" : 0.0597704218283717
         "Mary is not a teacher" : 0.04430200420247175
         "Mary is not a doctor" : 0.04430165897689778
         "John is not a doctor" : 0.04423882996865194
         "John is not a teacher" : 0.04423223812356414
         "John is a doctor and a teacher" : 0.03291457165681041
         "John and Mary are teachers" : 0.0328748167950333
         "John and Mary are doctors" : 0.03286916568622668
         "John is a doctor or a teacher" : 0.03284356265712722
         "John or Mary is a teacher" : 0.03282975434045669
         "John or Mary is a doctor" : 0.03282854469192598
         "Mary is a doctor or a teacher" : 0.032816243045210976
         "Mary is a doctor and a teacher" : 0.03281043112481688
         "Mary is not a doctor and a teacher" : 0.024312310590266034
         "Mary is not a doctor or a teacher" : 0.02431188195016783
         "John or Mary is not a doctor" : 0.024310786103919627
         "John or Mary is not a teacher" : 0.024310680255016197
         "John is not a doctor or a teacher" : 0.02430898151926737
         "John and Mary are not doctors" : 0.024306965828192993
         "John and Mary are not teachers" : 0.024306442653220395
         "John is not a doctor and a teacher" : 0.024303782609736056
         "John and Mary are doctors and teachers" : 0.018017843394780835
         "John and Mary are doctors or teachers" : 0.018013124980457967
         "John or Mary is a doctor and a teacher" : 0.01801206071134108
         "John or Mary is a doctor or a teacher" : 0.01801110834859292
         "John or Mary is not a doctor or a teacher" : 0.01334253041550573
         "John or Mary is not a doctor and a teacher" : 0.0133424456525921
         "John and Mary are not doctors or teachers" : 0.013342352535165669
         "John and Mary are not doctors and teachers" : 0.013341928033852344,
    KLDivergence: 0.4256237311810713 },
  { query: [ 'Who is not a doctor and a teacher', [Object] ],
    trueResult: 
     Marginal:
         "John is a doctor and a teacher" : 0.5057429117707349
         "John is a doctor" : 0.11519045846271186
         "John is a teacher" : 0.11519045846271186
         "John or Mary is a doctor and a teacher" : 0.051789172217255514
         "Mary is not a teacher" : 0.02528450088232814
         "Mary is not a doctor" : 0.02528450088232814
         "John and Mary are teachers" : 0.018731218954471676
         "John and Mary are doctors" : 0.018731218954471676
         "John or Mary is a teacher" : 0.018731218954471645
         "John is a doctor or a teacher" : 0.018731218954471645
         "John or Mary is a doctor" : 0.018731218954471645
         "Mary is not a doctor or a teacher" : 0.013876428297051366
         "Mary is not a doctor and a teacher" : 0.013876428297051366
         "John and Mary are doctors or teachers" : 0.007219910001734958
         "Mary is a doctor or a teacher" : 0.00554999080132493
         "John or Mary is a doctor or a teacher" : 0.005263314391264789
         "Mary is a doctor" : 0.004266313276396742
         "Mary is a teacher" : 0.004266313276396742
         "John or Mary is not a doctor" : 0.004111534310237441
         "John or Mary is not a teacher" : 0.004111534310237441
         "John or Mary is not a doctor and a teacher" : 0.003899159202225257
         "John or Mary is not a doctor or a teacher" : 0.0014209763856506024,
    learnedResult: 
     Marginal:
         "John is a doctor" : 0.059941009932302045
         "John is a teacher" : 0.05992028618221872
         "Mary is a doctor" : 0.0598611043100149
         "Mary is a teacher" : 0.059858645384216945
         "Mary is not a teacher" : 0.04434306385467117
         "Mary is not a doctor" : 0.044342780685705525
         "John is not a teacher" : 0.04433596802515588
         "John is not a doctor" : 0.04433358365723034
         "John is a doctor and a teacher" : 0.032863638639468506
         "John and Mary are doctors" : 0.032859207460474785
         "John and Mary are teachers" : 0.032856886154898714
         "John is a doctor or a teacher" : 0.03285373168332975
         "John or Mary is a doctor" : 0.03285225894578939
         "John or Mary is a teacher" : 0.032851733704766704
         "Mary is a doctor and a teacher" : 0.032850493769054766
         "Mary is a doctor or a teacher" : 0.032850408634278495
         "Mary is not a doctor or a teacher" : 0.024336072218186577
         "Mary is not a doctor and a teacher" : 0.0243360658828582
         "John or Mary is not a teacher" : 0.02433595905599052
         "John or Mary is not a doctor" : 0.02433591309580201
         "John is not a doctor or a teacher" : 0.024335719414375265
         "John and Mary are not teachers" : 0.024335473521669055
         "John and Mary are not doctors" : 0.024335258051666638
         "John is not a doctor and a teacher" : 0.0243349890210383
         "John and Mary are doctors and teachers" : 0.018029688985793196
         "John and Mary are doctors or teachers" : 0.018028973384566372
         "John or Mary is a doctor and a teacher" : 0.01802883962994338
         "John or Mary is a doctor or a teacher" : 0.01802869078523416
         "John or Mary is not a doctor or a teacher" : 0.01335592075817218
         "John or Mary is not a doctor and a teacher" : 0.013355907543295544
         "John and Mary are not doctors or teachers" : 0.013355895855812011
         "John and Mary are not doctors and teachers" : 0.013355831772019973,
    KLDivergence: 1.4229852676586219 },
  { query: [ 'Who is not a doctor or a teacher', [Object] ],
    trueResult: 
     Marginal:
         "John and Mary are doctors" : 0.1056107851909732
         "John and Mary are teachers" : 0.1056107851909732
         "John is a doctor" : 0.08118368320238828
         "John is a teacher" : 0.08118368320238828
         "Mary is a teacher" : 0.08118368320238828
         "Mary is a doctor" : 0.08118368320238828
         "John and Mary are doctors or teachers" : 0.05796042780983282
         "John and Mary are doctors and teachers" : 0.05796042780983277
         "Mary is a doctor and a teacher" : 0.044554550002441795
         "John is a doctor and a teacher" : 0.044554550002441795
         "Mary is a doctor or a teacher" : 0.04455455000244175
         "John is a doctor or a teacher" : 0.04455455000244175
         "John or Mary is a teacher" : 0.03129208450102909
         "John or Mary is a doctor" : 0.03129208450102909
         "John or Mary is a doctor and a teacher" : 0.021122604886965272
         "John or Mary is a doctor or a teacher" : 0.012519452406923889
         "John is not a doctor and a teacher" : 0.009779799246246973
         "Mary is not a doctor and a teacher" : 0.009779799246246973
         "John is not a teacher" : 0.007517793967297686
         "Mary is not a teacher" : 0.007517793967297686
         "Mary is not a doctor" : 0.007517793967297686
         "John is not a doctor" : 0.007517793967297686
         "John or Mary is not a doctor and a teacher" : 0.00651387501985663
         "John or Mary is not a doctor" : 0.00565960604528182
         "John or Mary is not a teacher" : 0.00565960604528182
         "John and Mary are not doctors and teachers" : 0.0037696035994540657
         "John and Mary are not doctors" : 0.0012224749057808738
         "John and Mary are not teachers" : 0.0012224749057808738,
    learnedResult: 
     Marginal:
         "John is a teacher" : 0.0598746190378876
         "John is a doctor" : 0.05987379055337005
         "Mary is a doctor" : 0.059865889506327936
         "Mary is a teacher" : 0.059865845946406565
         "Mary is not a teacher" : 0.04435005971136558
         "Mary is not a doctor" : 0.04435005469481825
         "John is not a doctor" : 0.04434914482286175
         "John is not a teacher" : 0.044349049421265746
         "John is a doctor and a teacher" : 0.0328566984560612
         "John and Mary are teachers" : 0.032856123713569524
         "John and Mary are doctors" : 0.03285604210806251
         "John is a doctor or a teacher" : 0.03285567446809891
         "John or Mary is a teacher" : 0.032855474660298124
         "John or Mary is a doctor" : 0.03285545717944862
         "Mary is a doctor or a teacher" : 0.032855279119913074
         "Mary is a doctor and a teacher" : 0.03285519217042718
         "Mary is not a doctor and a teacher" : 0.02433981127957579
         "Mary is not a doctor or a teacher" : 0.02433980486822284
         "John or Mary is not a doctor" : 0.0243397889868175
         "John or Mary is not a teacher" : 0.024339787456774543
         "John is not a doctor or a teacher" : 0.024339762883737164
         "John and Mary are not doctors" : 0.024339733941432216
         "John and Mary are not teachers" : 0.024339726377441563
         "John is not a doctor and a teacher" : 0.024339687809435885
         "John and Mary are doctors and teachers" : 0.018031473941953837
         "John and Mary are doctors or teachers" : 0.01803140600090653
         "John or Mary is a doctor and a teacher" : 0.018031390642116764
         "John or Mary is a doctor or a teacher" : 0.01803137694256073
         "John or Mary is not a doctor or a teacher" : 0.013357966439757049
         "John or Mary is not a doctor and a teacher" : 0.013357965220336745
         "John and Mary are not doctors or teachers" : 0.013357963876409414
         "John and Mary are not doctors and teachers" : 0.013357957762338989,
    KLDivergence: 0.4264043485055839 },
  { query: [ 'What is John', [Object] ],
    trueResult: 
     Marginal:
         "John is a doctor" : 0.23702792248662735
         "John is not a teacher" : 0.17559460378842734
         "John and Mary are doctors" : 0.130083681939854
         "John and Mary are not teachers" : 0.09636836179440914
         "John or Mary is a doctor" : 0.03854331316736411
         "John is a doctor or a teacher" : 0.03854331316736411
         "Mary is a teacher" : 0.029628490310828412
         "Mary is a doctor" : 0.029628490310828412
         "John is not a doctor and a teacher" : 0.02855358867982489
         "John or Mary is not a teacher" : 0.02855358867982489
         "Mary is not a doctor" : 0.02194932547355341
         "Mary is not a teacher" : 0.02194932547355341
         "John and Mary are doctors or teachers" : 0.021153018759865538
         "Mary is a doctor and a teacher" : 0.01626046024248175
         "Mary is a doctor or a teacher" : 0.016260460242481723
         "John and Mary are not doctors and teachers" : 0.0156705417197306
         "Mary is not a doctor or a teacher" : 0.012046045224301137
         "Mary is not a doctor and a teacher" : 0.012046045224301137
         "John or Mary is a doctor or a teacher" : 0.010830345605051172
         "John or Mary is not a doctor and a teacher" : 0.008023317360502066
         "John or Mary is a teacher" : 0.004817914145920514
         "John or Mary is not a doctor" : 0.0035691985849781176
         "John or Mary is a doctor and a teacher" : 0.0016651064329923299
         "John or Mary is not a doctor or a teacher" : 0.0012335411849350591,
    learnedResult: 
     Marginal:
         "John is a doctor" : 0.348280123712246
         "John is not a teacher" : 0.04975184492586142
         "Mary is a teacher" : 0.043535015464030734
         "Mary is a doctor" : 0.043535015464030734
         "John and Mary are doctors" : 0.039967519809330145
         "Mary is not a doctor" : 0.03225153269341434
         "Mary is not a teacher" : 0.032251532693414284
         "John or Mary is a doctor" : 0.02694052330807082
         "John is a doctor and a teacher" : 0.02584143099479467
         "Mary is a doctor and a teacher" : 0.023892523064193448
         "Mary is a doctor or a teacher" : 0.023892523064193365
         "John is a doctor or a teacher" : 0.02357360324808998
         "John or Mary is a teacher" : 0.021083551686081732
         "John is not a doctor" : 0.019427598647797004
         "John and Mary are not teachers" : 0.018973007949565118
         "John or Mary is not a teacher" : 0.017957412714825403
         "John is not a doctor or a teacher" : 0.017732577034647548
         "Mary is not a doctor or a teacher" : 0.017700016424012713
         "Mary is not a doctor and a teacher" : 0.01770001642401265
         "John is not a doctor and a teacher" : 0.017533706109527893
         "John or Mary is not a doctor" : 0.017445091589134137
         "John and Mary are not doctors" : 0.016485278473591252
         "John and Mary are doctors and teachers" : 0.013244028785144099
         "John or Mary is a doctor and a teacher" : 0.013143404218048037
         "John or Mary is a doctor or a teacher" : 0.013105820033716686
         "John and Mary are doctors or teachers" : 0.013078552654032561
         "John and Mary are teachers" : 0.012835057406576094
         "John and Mary are not doctors or teachers" : 0.00971666153717671
         "John or Mary is not a doctor or a teacher" : 0.009714532053686865
         "John or Mary is not a doctor and a teacher" : 0.009711027509508589
         "John and Mary are not doctors and teachers" : 0.009699470307244969,
    KLDivergence: 0.4341269452686821 },
  { query: [ 'What is John', [Object] ],
    trueResult: 
     Marginal:
         "John is a doctor and a teacher" : 0.37545849217947985
         "John and Mary are doctors and teachers" : 0.20605598937841657
         "John is a doctor" : 0.08551624717081296
         "John is a teacher" : 0.08551624717081296
         "John and Mary are teachers" : 0.046932311522435
         "John and Mary are doctors" : 0.046932311522435
         "John or Mary is a doctor and a teacher" : 0.03844776478197857
         "John or Mary is a teacher" : 0.013905870080721474
         "John is a doctor or a teacher" : 0.013905870080721474
         "John or Mary is a doctor" : 0.013905870080721474
         "Mary is a teacher" : 0.010689530896351615
         "Mary is a doctor" : 0.010689530896351615
         "Mary is not a doctor" : 0.007918999258557448
         "Mary is not a teacher" : 0.007918999258557448
         "John and Mary are doctors or teachers" : 0.007631703310311726
         "Mary is a doctor and a teacher" : 0.005866538940304378
         "Mary is a doctor or a teacher" : 0.0058665389403043675
         "Mary is not a doctor or a teacher" : 0.004346038939316297
         "Mary is not a doctor and a teacher" : 0.004346038939316297
         "John or Mary is a doctor or a teacher" : 0.003907432094879606
         "John or Mary is not a doctor" : 0.0012877152412789025
         "John or Mary is not a teacher" : 0.0012877152412789025
         "John or Mary is not a doctor and a teacher" : 0.0012212002512970355
         "John or Mary is not a doctor or a teacher" : 0.00044504382335897773,
    learnedResult: 
     Marginal:
         "John is a doctor" : 0.25090955102478807
         "John is a teacher" : 0.25090955102478807
         "John is a doctor and a teacher" : 0.042132548232351005
         "Mary is a teacher" : 0.0313636938780985
         "Mary is a doctor" : 0.0313636938780985
         "John and Mary are teachers" : 0.028793582430270522
         "John and Mary are doctors" : 0.02879358243027047
         "Mary is not a doctor" : 0.023234795892779044
         "Mary is not a teacher" : 0.023234795892779003
         "John is a doctor or a teacher" : 0.022054842172598725
         "John or Mary is a teacher" : 0.01940861435200877
         "John or Mary is a doctor" : 0.01940861435200877
         "Mary is a doctor and a teacher" : 0.017212760151191435
         "Mary is a doctor or a teacher" : 0.017212760151191376
         "John is not a doctor" : 0.013996118992526724
         "John is not a teacher" : 0.013996118992526724
         "Mary is not a doctor or a teacher" : 0.01275152634822683
         "Mary is not a doctor and a teacher" : 0.012751526348226783
         "John or Mary is not a doctor" : 0.012567872239049762
         "John or Mary is not a teacher" : 0.012567872239049762
         "John is not a doctor or a teacher" : 0.012286022142202356
         "John and Mary are not doctors" : 0.011876399308232893
         "John and Mary are not teachers" : 0.01187639930823287
         "John is not a doctor and a teacher" : 0.011342669366822959
         "John and Mary are doctors and teachers" : 0.010971115485243852
         "John and Mary are doctors or teachers" : 0.009903223114079445
         "John or Mary is a doctor and a teacher" : 0.009745371931918064
         "John or Mary is a doctor or a teacher" : 0.009539317978246599
         "John or Mary is not a doctor or a teacher" : 0.006990116076177142
         "John or Mary is not a doctor and a teacher" : 0.006972378299146677
         "John and Mary are not doctors or teachers" : 0.0069590500414959885
         "John and Mary are not doctors and teachers" : 0.006873515925373323,
    KLDivergence: 1.2476910697271957 },
  { query: [ 'What isn\'t John', [Object] ],
    trueResult: 
     Marginal:
         "John is a doctor and a teacher" : 0.37545849217947985
         "John and Mary are doctors and teachers" : 0.20605598937841657
         "John is a doctor" : 0.08551624717081296
         "John is a teacher" : 0.08551624717081296
         "John and Mary are teachers" : 0.046932311522435
         "John and Mary are doctors" : 0.046932311522435
         "John or Mary is a doctor and a teacher" : 0.03844776478197857
         "John or Mary is a teacher" : 0.013905870080721474
         "John is a doctor or a teacher" : 0.013905870080721474
         "John or Mary is a doctor" : 0.013905870080721474
         "Mary is a teacher" : 0.010689530896351615
         "Mary is a doctor" : 0.010689530896351615
         "Mary is not a doctor" : 0.007918999258557448
         "Mary is not a teacher" : 0.007918999258557448
         "John and Mary are doctors or teachers" : 0.007631703310311726
         "Mary is a doctor and a teacher" : 0.005866538940304378
         "Mary is a doctor or a teacher" : 0.0058665389403043675
         "Mary is not a doctor or a teacher" : 0.004346038939316297
         "Mary is not a doctor and a teacher" : 0.004346038939316297
         "John or Mary is a doctor or a teacher" : 0.003907432094879606
         "John or Mary is not a doctor" : 0.0012877152412789025
         "John or Mary is not a teacher" : 0.0012877152412789025
         "John or Mary is not a doctor and a teacher" : 0.0012212002512970355
         "John or Mary is not a doctor or a teacher" : 0.00044504382335897773,
    learnedResult: 
     Marginal:
         "John is a doctor" : 0.062015324537162554
         "John is a teacher" : 0.062015324537162554
         "Mary is a doctor" : 0.05953692312719257
         "Mary is a teacher" : 0.05953692312719257
         "Mary is not a doctor" : 0.04410603745595099
         "Mary is not a teacher" : 0.04410603745595097
         "John is not a doctor" : 0.04382508559578757
         "John is not a teacher" : 0.04382508559578755
         "John is a doctor and a teacher" : 0.03312165185003285
         "John and Mary are teachers" : 0.032926216107696145
         "John and Mary are doctors" : 0.03292621610769613
         "John is a doctor or a teacher" : 0.03279031308622859
         "John or Mary is a teacher" : 0.032729374449776125
         "John or Mary is a doctor" : 0.0327293744497761
         "Mary is a doctor and a teacher" : 0.03267455618943883
         "Mary is a doctor or a teacher" : 0.03267455618943878
         "Mary is not a doctor or a teacher" : 0.024205906577824884
         "Mary is not a doctor and a teacher" : 0.024205906577824843
         "John or Mary is not a teacher" : 0.024201111883271155
         "John or Mary is not a doctor" : 0.024201111883271155
         "John is not a doctor or a teacher" : 0.024193630604217264
         "John and Mary are not doctors" : 0.024182634495370774
         "John and Mary are not teachers" : 0.024182634495370732
         "John is not a doctor and a teacher" : 0.02416944431481961
         "John and Mary are doctors and teachers" : 0.01796777651646152
         "John and Mary are doctors or teachers" : 0.017943832280463402
         "John or Mary is a doctor and a teacher" : 0.01793950217609037
         "John or Mary is a doctor or a teacher" : 0.017934579649453584
         "John or Mary is not a doctor or a teacher" : 0.013284272865373854
         "John or Mary is not a doctor and a teacher" : 0.013283839347504711
         "John and Mary are not doctors or teachers" : 0.013283461325531383
         "John and Mary are not doctors and teachers" : 0.013281355144879747,
    KLDivergence: 1.3726352073745745 },
  { query: [ 'What isn\'t John', [Object] ],
    trueResult: 
     Marginal:
         "John is a doctor and a teacher" : 0.37545849217947985
         "John and Mary are doctors and teachers" : 0.20605598937841657
         "John is a doctor" : 0.08551624717081296
         "John is a teacher" : 0.08551624717081296
         "John and Mary are teachers" : 0.046932311522435
         "John and Mary are doctors" : 0.046932311522435
         "John or Mary is a doctor and a teacher" : 0.03844776478197857
         "John or Mary is a teacher" : 0.013905870080721474
         "John is a doctor or a teacher" : 0.013905870080721474
         "John or Mary is a doctor" : 0.013905870080721474
         "Mary is a teacher" : 0.010689530896351615
         "Mary is a doctor" : 0.010689530896351615
         "Mary is not a doctor" : 0.007918999258557448
         "Mary is not a teacher" : 0.007918999258557448
         "John and Mary are doctors or teachers" : 0.007631703310311726
         "Mary is a doctor and a teacher" : 0.005866538940304378
         "Mary is a doctor or a teacher" : 0.0058665389403043675
         "Mary is not a doctor or a teacher" : 0.004346038939316297
         "Mary is not a doctor and a teacher" : 0.004346038939316297
         "John or Mary is a doctor or a teacher" : 0.003907432094879606
         "John or Mary is not a doctor" : 0.0012877152412789025
         "John or Mary is not a teacher" : 0.0012877152412789025
         "John or Mary is not a doctor and a teacher" : 0.0012212002512970355
         "John or Mary is not a doctor or a teacher" : 0.00044504382335897773,
    learnedResult: 
     Marginal:
         "John is a doctor" : 0.062015324537162554
         "John is a teacher" : 0.062015324537162554
         "Mary is a doctor" : 0.05953692312719257
         "Mary is a teacher" : 0.05953692312719257
         "Mary is not a doctor" : 0.04410603745595099
         "Mary is not a teacher" : 0.04410603745595097
         "John is not a doctor" : 0.04382508559578757
         "John is not a teacher" : 0.04382508559578755
         "John is a doctor and a teacher" : 0.03312165185003285
         "John and Mary are teachers" : 0.032926216107696145
         "John and Mary are doctors" : 0.03292621610769613
         "John is a doctor or a teacher" : 0.03279031308622859
         "John or Mary is a teacher" : 0.032729374449776125
         "John or Mary is a doctor" : 0.0327293744497761
         "Mary is a doctor and a teacher" : 0.03267455618943883
         "Mary is a doctor or a teacher" : 0.03267455618943878
         "Mary is not a doctor or a teacher" : 0.024205906577824884
         "Mary is not a doctor and a teacher" : 0.024205906577824843
         "John or Mary is not a teacher" : 0.024201111883271155
         "John or Mary is not a doctor" : 0.024201111883271155
         "John is not a doctor or a teacher" : 0.024193630604217264
         "John and Mary are not doctors" : 0.024182634495370774
         "John and Mary are not teachers" : 0.024182634495370732
         "John is not a doctor and a teacher" : 0.02416944431481961
         "John and Mary are doctors and teachers" : 0.01796777651646152
         "John and Mary are doctors or teachers" : 0.017943832280463402
         "John or Mary is a doctor and a teacher" : 0.01793950217609037
         "John or Mary is a doctor or a teacher" : 0.017934579649453584
         "John or Mary is not a doctor or a teacher" : 0.013284272865373854
         "John or Mary is not a doctor and a teacher" : 0.013283839347504711
         "John and Mary are not doctors or teachers" : 0.013283461325531383
         "John and Mary are not doctors and teachers" : 0.013281355144879747,
    KLDivergence: 1.3726352073745745 },
  { query: [ 'doctor' ],
    trueResult: 
     Marginal:
         "Who is a doctor" : 0.22921420581057594
         "Who isn't a doctor" : 0.22921420581057594
         "What isn't Mary" : 0.06440286750063225
         "What isn't John" : 0.06440286750063225
         "What is John" : 0.06440286750063225
         "What is Mary" : 0.06440286750063225
         "What are John and Mary" : 0.03505845891035563
         "What aren't John and Mary" : 0.03505845891035563
         "What is John or Mary" : 0.034152473105707175
         "What isn't John or Mary" : 0.034152473105707175
         "Who isn't a doctor and a teacher" : 0.02689844941838866
         "Who is a doctor and a teacher" : 0.02689844941838866
         "Who isn't a doctor or a teacher" : 0.026361758948273445
         "Who is a doctor or a teacher" : 0.026361758948273445
         "Who is a teacher" : 0.019508918805434698
         "Who isn't a teacher" : 0.019508918805434698,
    learnedResult: 
     Marginal:
         "Who is a doctor" : 0.14913606861946957
         "What is John" : 0.10155094378773837
         "What is Mary" : 0.10123741843965921
         "Who isn't a doctor" : 0.06902444214845693
         "What isn't John" : 0.06901375094270831
         "What isn't Mary" : 0.06901369696615368
         "Who isn't a teacher" : 0.06900300745733115
         "Who is a teacher" : 0.06900300745733115
         "Who is a doctor and a teacher" : 0.03790290518976584
         "What are John and Mary" : 0.03789632558837936
         "What is John or Mary" : 0.03786991818329517
         "Who is a doctor or a teacher" : 0.0378698902696
         "Who isn't a doctor and a teacher" : 0.03786965961989985
         "What aren't John and Mary" : 0.03786965838831818
         "What isn't John or Mary" : 0.03786965347388971
         "Who isn't a doctor or a teacher" : 0.0378696534680034,
    KLDivergence: 0.2069463298960369 },
  { query: [ 'teacher' ],
    trueResult: 
     Marginal:
         "Who isn't a teacher" : 0.2292142058105759
         "Who is a teacher" : 0.2292142058105759
         "What is John" : 0.06440286750063225
         "What isn't Mary" : 0.06440286750063225
         "What isn't John" : 0.06440286750063225
         "What is Mary" : 0.06440286750063225
         "What aren't John and Mary" : 0.03505845891035563
         "What are John and Mary" : 0.03505845891035563
         "What is John or Mary" : 0.034152473105707175
         "What isn't John or Mary" : 0.034152473105707175
         "Who isn't a doctor and a teacher" : 0.02689844941838866
         "Who is a doctor and a teacher" : 0.02689844941838866
         "Who isn't a doctor or a teacher" : 0.026361758948273434
         "Who is a doctor or a teacher" : 0.026361758948273434
         "Who isn't a doctor" : 0.019508918805434698
         "Who is a doctor" : 0.019508918805434698,
    learnedResult: 
     Marginal:
         "Who is a teacher" : 0.14844072831233332
         "What is John" : 0.1013984100946895
         "What is Mary" : 0.10108229505753112
         "Who isn't a teacher" : 0.06913261554952896
         "What isn't John" : 0.0691219619422017
         "What isn't Mary" : 0.0691219072548858
         "Who isn't a doctor" : 0.06911125527409781
         "Who is a doctor" : 0.06911125527409781
         "What are John and Mary" : 0.0379557096839952
         "Who is a doctor and a teacher" : 0.037948929300951735
         "Who is a doctor or a teacher" : 0.03792935354788551
         "What is John or Mary" : 0.037929325611780924
         "What aren't John and Mary" : 0.037929066045081096
         "Who isn't a doctor and a teacher" : 0.03792906477452151
         "Who isn't a doctor or a teacher" : 0.03792906114115385
         "What isn't John or Mary" : 0.03792906113526393,
    KLDivergence: 0.20721679086740075 },
  { query: [ 'john' ],
    trueResult: 
     Marginal:
         "What is John" : 0.2335112339276272
         "What isn't John" : 0.2335112339276272
         "Who is a doctor" : 0.0632711173435373
         "Who is a teacher" : 0.0632711173435373
         "Who isn't a doctor" : 0.0632711173435373
         "Who isn't a teacher" : 0.0632711173435373
         "Who isn't a doctor and a teacher" : 0.034279269305067944
         "Who is a doctor and a teacher" : 0.034279269305067944
         "Who isn't a doctor or a teacher" : 0.03340485038853081
         "Who is a doctor or a teacher" : 0.03340485038853081
         "What are John and Mary" : 0.02673579184995846
         "What aren't John and Mary" : 0.02673579184995846
         "What is John or Mary" : 0.026220148700735305
         "What isn't John or Mary" : 0.026220148700735305
         "What is Mary" : 0.019306471141005675
         "What isn't Mary" : 0.019306471141005675,
    learnedResult: 
     Marginal:
         "What is John" : 0.14913427328429107
         "Who is a doctor" : 0.10155222912150844
         "Who is a teacher" : 0.10124004752125794
         "What isn't John" : 0.06902421663318428
         "Who isn't a doctor" : 0.06901352510178098
         "Who isn't a teacher" : 0.06901347148706259
         "What is Mary" : 0.06900278165112815
         "What isn't Mary" : 0.06900278165112815
         "What are John and Mary" : 0.037902782457332106
         "Who is a doctor and a teacher" : 0.037896201234258284
         "Who is a doctor or a teacher" : 0.03786979425470496
         "What is John or Mary" : 0.037869766352402766
         "What aren't John and Mary" : 0.03786953569502003
         "Who isn't a doctor and a teacher" : 0.03786953446318951
         "Who isn't a doctor or a teacher" : 0.0378695295488173
         "What isn't John or Mary" : 0.03786952954293333,
    KLDivergence: 0.21629535094979177 },
  { query: [ 'mary' ],
    trueResult: 
     Marginal:
         "What isn't Mary" : 0.2335112339276271
         "What is Mary" : 0.2335112339276271
         "Who is a doctor" : 0.06327111734353735
         "Who isn't a doctor" : 0.06327111734353735
         "Who isn't a teacher" : 0.0632711173435373
         "Who is a teacher" : 0.0632711173435373
         "Who isn't a doctor and a teacher" : 0.034279269305067944
         "Who is a doctor and a teacher" : 0.034279269305067944
         "Who is a doctor or a teacher" : 0.03340485038853081
         "Who isn't a doctor or a teacher" : 0.03340485038853081
         "What are John and Mary" : 0.02673579184995847
         "What aren't John and Mary" : 0.02673579184995847
         "What isn't John or Mary" : 0.026220148700735316
         "What is John or Mary" : 0.026220148700735316
         "What isn't John" : 0.01930647114100568
         "What is John" : 0.01930647114100568,
    learnedResult: 
     Marginal:
         "What is Mary" : 0.14843607211945048
         "Who is a doctor" : 0.10139850378726718
         "Who is a teacher" : 0.10108374985006811
         "What isn't Mary" : 0.06913294636575675
         "Who isn't a doctor" : 0.06912229270832487
         "Who isn't a teacher" : 0.06912223838298909
         "What is John" : 0.0691115863509403
         "What isn't John" : 0.0691115863509403
         "Who is a doctor and a teacher" : 0.0379558897715882
         "What are John and Mary" : 0.03794911186751676
         "What is John or Mary" : 0.03792953525879084
         "Who is a doctor or a teacher" : 0.03792950729518407
         "Who isn't a doctor and a teacher" : 0.03792924774362906
         "What aren't John and Mary" : 0.03792924647348922
         "What isn't John or Mary" : 0.03792924283997996
         "Who isn't a doctor or a teacher" : 0.037929242834084304,
    KLDivergence: 0.2165864240191312 },
  { query: [ 'intersection(doctor, teacher)' ],
    trueResult: 
     Marginal:
         "Who is a doctor and a teacher" : 0.16119021963607344
         "Who isn't a doctor and a teacher" : 0.16119021963607344
         "What is John" : 0.07171132446625784
         "What isn't Mary" : 0.07171132446625784
         "What isn't John" : 0.07171132446625784
         "What is Mary" : 0.07171132446625784
         "Who isn't a doctor" : 0.05561319640979196
         "Who is a doctor" : 0.05561319640979196
         "Who is a teacher" : 0.05561319640979191
         "Who isn't a teacher" : 0.05561319640979191
         "What are John and Mary" : 0.031954853337267324
         "What aren't John and Mary" : 0.031954853337267324
         "What is John or Mary" : 0.03164538509514016
         "What isn't John or Mary" : 0.03164538509514016
         "Who isn't a doctor or a teacher" : 0.02056050017941963
         "Who is a doctor or a teacher" : 0.02056050017941963,
    learnedResult: 
     Marginal:
         "Who is a doctor" : 0.09190982954457445
         "Who is a teacher" : 0.09170457293325807
         "What is John" : 0.0863887369118506
         "What is Mary" : 0.08632885001282042
         "Who isn't a doctor" : 0.07671107352759284
         "Who isn't a teacher" : 0.07671103333775225
         "What isn't John" : 0.07671057681152901
         "What isn't Mary" : 0.07671055860507058
         "Who is a doctor and a teacher" : 0.04213827186721322
         "What are John and Mary" : 0.042112296680881504
         "Who is a doctor or a teacher" : 0.04209599557685028
         "What is John or Mary" : 0.04209577324315695
         "Who isn't a doctor and a teacher" : 0.04209561280482971
         "What aren't John and Mary" : 0.04209560811683627
         "Who isn't a doctor or a teacher" : 0.042095605036104995
         "What isn't John or Mary" : 0.04209560498967908,
    KLDivergence: 0.23967437078365014 },
  { query: [ 'union(doctor, teacher)' ],
    trueResult: 
     Marginal:
         "Who is a doctor or a teacher" : 0.15344851008414773
         "Who isn't a doctor or a teacher" : 0.15344851008414773
         "What is John" : 0.07423664944950453
         "What isn't Mary" : 0.07423664944950453
         "What isn't John" : 0.07423664944950453
         "What is Mary" : 0.07423664944950453
         "Who isn't a doctor" : 0.056660089154322336
         "Who is a doctor" : 0.056660089154322336
         "Who is a teacher" : 0.05666008915432231
         "Who isn't a teacher" : 0.05666008915432231
         "What are John and Mary" : 0.03232480643399373
         "What aren't John and Mary" : 0.03232480643399373
         "What is John or Mary" : 0.031746610153685004
         "What isn't John or Mary" : 0.031746610153685004
         "Who isn't a doctor and a teacher" : 0.020686596120519898
         "Who is a doctor and a teacher" : 0.020686596120519898,
    learnedResult: 
     Marginal:
         "What is John" : 0.10172486866802585
         "What is Mary" : 0.101450673392383
         "Who is a doctor" : 0.09732571219943312
         "Who is a teacher" : 0.09713510695690325
         "Who isn't a doctor" : 0.0717893562030068
         "Who isn't a teacher" : 0.07178931901522768
         "What isn't John" : 0.07178894255938334
         "What isn't Mary" : 0.07178892482372203
         "Who is a doctor and a teacher" : 0.03942733707440661
         "What are John and Mary" : 0.03941087951819462
         "Who is a doctor or a teacher" : 0.0393950903810826
         "What is John or Mary" : 0.039394882395522086
         "Who isn't a doctor and a teacher" : 0.03939473056459903
         "What aren't John and Mary" : 0.0393947273531959
         "Who isn't a doctor or a teacher" : 0.03939472446959381
         "What isn't John or Mary" : 0.03939472442532019,
    KLDivergence: 0.23451729464996598 },
  { query: [ 'intersection(john, mary)' ],
    trueResult: 
     Marginal:
         "What aren't John and Mary" : 0.16243769311668096
         "What are John and Mary" : 0.16243769311668096
         "Who is a doctor" : 0.07056451151225795
         "Who isn't a doctor" : 0.07056451151225795
         "Who isn't a teacher" : 0.07056451151225793
         "Who is a teacher" : 0.07056451151225793
         "What isn't John" : 0.056019550372890525
         "What is John" : 0.056019550372890525
         "What isn't Mary" : 0.056019550372890525
         "What is Mary" : 0.056019550372890525
         "Who isn't a doctor and a teacher" : 0.03198790362966697
         "Who is a doctor and a teacher" : 0.03198790362966697
         "Who isn't a doctor or a teacher" : 0.03177092090827922
         "Who is a doctor or a teacher" : 0.03177092090827922
         "What is John or Mary" : 0.020635358575075795
         "What isn't John or Mary" : 0.020635358575075795,
    learnedResult: 
     Marginal:
         "What is John" : 0.09190980233835865
         "What is Mary" : 0.09170369971463373
         "Who is a doctor" : 0.08638773468555684
         "Who is a teacher" : 0.08632872503881923
         "What isn't John" : 0.0767113150603391
         "What isn't Mary" : 0.07671127460338077
         "Who isn't a doctor" : 0.07671081828603024
         "Who isn't a teacher" : 0.07671080047510684
         "What are John and Mary" : 0.042138406079090876
         "Who is a doctor and a teacher" : 0.04211242911913249
         "What is John or Mary" : 0.04209612806152413
         "Who is a doctor or a teacher" : 0.04209590571328715
         "What aren't John and Mary" : 0.04209574527436392
         "Who isn't a doctor and a teacher" : 0.04209574058610671
         "What isn't John or Mary" : 0.04209573750534925
         "Who isn't a doctor or a teacher" : 0.04209573745892033,
    KLDivergence: 0.24279020952014574 },
  { query: [ 'union(john, mary)' ],
    trueResult: 
     Marginal:
         "What isn't John or Mary" : 0.15479572872871056
         "What is John or Mary" : 0.15479572872871056
         "Who is a doctor" : 0.07314497016363104
         "Who is a teacher" : 0.07314497016363104
         "Who isn't a doctor" : 0.07314497016363104
         "Who isn't a teacher" : 0.07314497016363104
         "What is Mary" : 0.05698246399509907
         "What isn't John" : 0.05698246399509907
         "What isn't Mary" : 0.05698246399509907
         "What is John" : 0.05698246399509907
         "Who isn't a doctor and a teacher" : 0.03248027289420873
         "Who is a doctor and a teacher" : 0.03248027289420873
         "Who isn't a doctor or a teacher" : 0.031733907142317455
         "Who is a doctor or a teacher" : 0.031733907142317455
         "What are John and Mary" : 0.020735222917302933
         "What aren't John and Mary" : 0.020735222917302933,
    learnedResult: 
     Marginal:
         "Who is a doctor" : 0.10172905525926693
         "Who is a teacher" : 0.10145547169275707
         "What is John" : 0.09732444271739384
         "What is Mary" : 0.09713302285939959
         "What isn't John" : 0.07178868496663221
         "What isn't Mary" : 0.07178864752746868
         "Who isn't a doctor" : 0.0717882712907642
         "Who isn't a teacher" : 0.07178825392561497
         "What are John and Mary" : 0.03942696968387723
         "Who is a doctor and a teacher" : 0.03941051095553953
         "What is John or Mary" : 0.0393947219782309
         "Who is a doctor or a teacher" : 0.039394513981608335
         "What aren't John and Mary" : 0.03939436215190048
         "Who isn't a doctor and a teacher" : 0.03939435894033448
         "What isn't John or Mary" : 0.03939435605674373
         "Who isn't a doctor or a teacher" : 0.039394356012467845,
    KLDivergence: 0.238224105365742 } ]
