L2 norm of gradient: 176.5393521988332
Iteration 0: -15325.4642991242
L2 norm of gradient: 165.62939391801063
Iteration 1: -14276.52057451522
L2 norm of gradient: 86.97385202783668
Iteration 2: -14429.308669881662
L2 norm of gradient: 83.1344414271853
Iteration 3: -13007.266966357129
L2 norm of gradient: 110.90257656071347
Iteration 4: -13565.949496534187
L2 norm of gradient: 4.437745784606604
Iteration 5: -13163.369216544786
L2 norm of gradient: 172.55760035494745
Iteration 6: -15188.881986530032
L2 norm of gradient: 131.2749904017423
Iteration 7: -14817.680447297636
L2 norm of gradient: 78.32629276122415
Iteration 8: -16058.724702528678
L2 norm of gradient: 119.99928908672207
Iteration 9: -14478.387141436338
L2 norm of gradient: 162.37121083912655
Iteration 10: -14276.37509343354
L2 norm of gradient: 78.16377982082503
Iteration 11: -14812.629334946861
L2 norm of gradient: 304.53522573960487
Iteration 12: -13831.121287986403
L2 norm of gradient: 67.52348446066885
Iteration 13: -12322.572350566275
L2 norm of gradient: 198.37201548245514
Iteration 14: -15575.265121281147
L2 norm of gradient: 16.820990255015406
Iteration 15: -13798.10731570702
L2 norm of gradient: 166.13937780907875
Iteration 16: -14850.75065177749
L2 norm of gradient: 21.225182274005256
Iteration 17: -12899.311920664972
L2 norm of gradient: 19.28354092179781
Iteration 18: -15641.914985973388
L2 norm of gradient: 146.40597546275347
Iteration 19: -13512.990636992268
L2 norm of gradient: 6.85827378929745
Iteration 20: -14349.045728839701
L2 norm of gradient: 63.6528518966107
Iteration 21: -14402.665885334369
L2 norm of gradient: 0.46966505072638665
Iteration 22: -14460.693236837862
L2 norm of gradient: 304.3133399367838
Iteration 23: -14449.76853700378
L2 norm of gradient: 6.742833898942429
Iteration 24: -14493.294267173624
L2 norm of gradient: 0.2983371038637899
Iteration 25: -12378.693568587769
L2 norm of gradient: 10.942860504261299
Iteration 26: -11994.650046315044
L2 norm of gradient: 2.2496093103919437
Iteration 27: -11461.159651645226
L2 norm of gradient: 0.3210025526579443
Iteration 28: -14131.861565361265
L2 norm of gradient: 154.75617095582376
Iteration 29: -14785.361337823095
L2 norm of gradient: 72.9718350462032
Iteration 30: -15279.84279975947
L2 norm of gradient: 174.7941527890636
Iteration 31: -15002.76835135906
L2 norm of gradient: 78.56391779267989
Iteration 32: -14264.92631225381
L2 norm of gradient: 155.30807850682217
Iteration 33: -14111.609501776984
L2 norm of gradient: 9.625451893823623
Iteration 34: -16237.865378565388
L2 norm of gradient: 47.78664795691567
Iteration 35: -13387.487495474983
L2 norm of gradient: 5.54940495653751
Iteration 36: -15254.043532516574
L2 norm of gradient: 153.40587804045683
Iteration 37: -15735.349450642942
L2 norm of gradient: 0.22253066896395757
Iteration 38: -13573.628196514212
L2 norm of gradient: 72.28109454203609
Iteration 39: -16188.423584169941
L2 norm of gradient: 52.36512964264591
Iteration 40: -14313.478357812623
L2 norm of gradient: 171.36157751781772
Iteration 41: -14050.435064977268
L2 norm of gradient: 144.3585333579578
Iteration 42: -14956.690603402676
L2 norm of gradient: 3.4120316534813844
Iteration 43: -13552.203928774223
L2 norm of gradient: 56.71848557199791
Iteration 44: -13709.586310849758
L2 norm of gradient: 72.72088198896535
Iteration 45: -12637.437605829211
L2 norm of gradient: 135.84247297170248
Iteration 46: -13071.95903529902
L2 norm of gradient: 53.99426616734606
Iteration 47: -15249.362878943328
L2 norm of gradient: 78.8007652940593
Iteration 48: -15497.530772079248
L2 norm of gradient: 147.51857097601115
Iteration 49: -13672.591745992424
L2 norm of gradient: 3.1049605851465283
Iteration 50: -15275.763900164282
L2 norm of gradient: 155.42773722411025
Iteration 51: -14194.13409309159
L2 norm of gradient: 67.58994436304015
Iteration 52: -15466.22917031357
L2 norm of gradient: 120.73343782250865
Iteration 53: -13299.94117396744
L2 norm of gradient: 134.4899248168723
Iteration 54: -13913.410316922702
L2 norm of gradient: 56.36245160131735
Iteration 55: -13836.667798933806
L2 norm of gradient: 197.30086724355746
Iteration 56: -15887.353677813662
L2 norm of gradient: 308.0949952410391
Iteration 57: -15114.167764604324
L2 norm of gradient: 8.152590311812997
Iteration 58: -13579.846692066872
L2 norm of gradient: 147.74158512882525
Iteration 59: -14922.72895923932
L2 norm of gradient: 60.757798309713706
Iteration 60: -15582.926054030657
L2 norm of gradient: 133.44030070468554
Iteration 61: -15163.35156021663
L2 norm of gradient: 92.48737545776878
Iteration 62: -14670.154623591807
L2 norm of gradient: 59.750100787711034
Iteration 63: -12432.9134836765
L2 norm of gradient: 132.39580163880512
Iteration 64: -14713.823510502465
L2 norm of gradient: 79.03307410202247
Iteration 65: -13886.193492820952
L2 norm of gradient: 163.79482257988124
Iteration 66: -15595.603330160957
L2 norm of gradient: 82.31087368159994
Iteration 67: -15782.67434379179
L2 norm of gradient: 5.8003372086431515
Iteration 68: -11744.920340388315
L2 norm of gradient: 163.74997300115834
Iteration 69: -14441.9511555715
L2 norm of gradient: 124.32373517233506
Iteration 70: -15154.109089703765
L2 norm of gradient: 82.43213477310154
Iteration 71: -14339.721944976598
L2 norm of gradient: 2.9561480385422505
Iteration 72: -13124.503482546192
L2 norm of gradient: 90.0868741789563
Iteration 73: -15077.138693788555
L2 norm of gradient: 32.539971667626375
Iteration 74: -15554.79179020808
L2 norm of gradient: 133.84120988025475
Iteration 75: -14917.302289453335
L2 norm of gradient: 116.27057718011947
Iteration 76: -13902.032180824317
L2 norm of gradient: 11.382210022116785
Iteration 77: -13532.854570481693
L2 norm of gradient: 9.382699921903479
Iteration 78: -14812.894176323665
L2 norm of gradient: 17.41629039386485
Iteration 79: -13687.938297393965
L2 norm of gradient: 288.61247321623466
Iteration 80: -14816.367455134401
L2 norm of gradient: 0.4833170714204525
Iteration 81: -14775.463275120128
L2 norm of gradient: 16.31217546986153
Iteration 82: -14731.417261239141
L2 norm of gradient: 91.3872947635877
Iteration 83: -15259.969955387292
L2 norm of gradient: 3.34277852982426
Iteration 84: -14338.325177251361
L2 norm of gradient: 9.315794430748763
Iteration 85: -14570.950224831235
L2 norm of gradient: 63.65296712928014
Iteration 86: -12063.113162070047
L2 norm of gradient: 0.13316944939954858
Iteration 87: -15406.12499053753
L2 norm of gradient: 144.0324155116717
Iteration 88: -14645.774971444858
L2 norm of gradient: 17.62887240361715
Iteration 89: -13359.22215738846
L2 norm of gradient: 0.8734407259628549
Iteration 90: -15091.62078982545
L2 norm of gradient: 71.91069656791841
Iteration 91: -16354.27931324835
L2 norm of gradient: 1.7154887937060228
Iteration 92: -14189.479125577724
L2 norm of gradient: 169.07381357754326
Iteration 93: -15317.578518926632
L2 norm of gradient: 79.6851362826685
Iteration 94: -14978.545029369649
L2 norm of gradient: 0.16227087330269696
Iteration 95: -14186.982259127777
L2 norm of gradient: 94.36331772840866
Iteration 96: -14680.349952584365
L2 norm of gradient: 20.37620191998195
Iteration 97: -16282.218337567523
L2 norm of gradient: 162.74830405920497
Iteration 98: -14646.967845052714
L2 norm of gradient: 9.656581424489689
Iteration 99: -15517.909609728958
L2 norm of gradient: 130.10136014653074
Iteration 100: -13054.487965776352
L2 norm of gradient: 77.22157193549866
Iteration 101: -14970.082215453032
L2 norm of gradient: 103.82231009467924
Iteration 102: -14044.991213188041
L2 norm of gradient: 143.429083373875
Iteration 103: -14767.66814783262
L2 norm of gradient: 34.694781087464555
Iteration 104: -15884.922691265354
L2 norm of gradient: 8.688896449917179
Iteration 105: -13284.83976496011
L2 norm of gradient: 126.25881225103265
Iteration 106: -14517.84466739255
L2 norm of gradient: 6.479778857106345
Iteration 107: -16217.962580657564
L2 norm of gradient: 110.56580700839442
Iteration 108: -14350.204620653065
L2 norm of gradient: 87.85457153033833
Iteration 109: -14550.595837115776
L2 norm of gradient: 16.980792944048616
Iteration 110: -15204.651909909211
L2 norm of gradient: 8.18258080109157
Iteration 111: -13719.869909502799
L2 norm of gradient: 114.78374654302145
Iteration 112: -13444.93874250399
L2 norm of gradient: 77.99733202035067
Iteration 113: -12668.989497288829
L2 norm of gradient: 3.4925587158119877
Iteration 114: -14791.552870882908
L2 norm of gradient: 130.17921106301264
Iteration 115: -12599.818475489272
L2 norm of gradient: 3.3957080136201814
Iteration 116: -14796.791514340788
L2 norm of gradient: 54.095530522783434
Iteration 117: -14403.257982928306
L2 norm of gradient: 6.781253933088292
Iteration 118: -13547.952441376867
L2 norm of gradient: 63.97743688370502
Iteration 119: -16148.534307705006
L2 norm of gradient: 108.5286816501341
Iteration 120: -15866.065928449389
L2 norm of gradient: 296.0095200806733
Iteration 121: -15357.896567872027
L2 norm of gradient: 3.4419889099800858
Iteration 122: -14922.143560016062
L2 norm of gradient: 56.05490164925368
Iteration 123: -13887.0517538914
L2 norm of gradient: 3.487074860322524
Iteration 124: -13865.74033222464
L2 norm of gradient: 0.23183489885265654
Iteration 125: -14471.157586053014
L2 norm of gradient: 151.42907616438825
Iteration 126: -13843.602312431205
L2 norm of gradient: 84.97589546051506
Iteration 127: -15098.052445082925
L2 norm of gradient: 144.18814886889078
Iteration 128: -15427.645308889914
L2 norm of gradient: 208.732000069284
Iteration 129: -15229.845624637324
L2 norm of gradient: 161.68991208274772
Iteration 130: -15666.128138548462
L2 norm of gradient: 200.0832005787834
Iteration 131: -13939.394573825877
L2 norm of gradient: 137.66429236994486
Iteration 132: -12884.027539867442
L2 norm of gradient: 161.05950946583508
Iteration 133: -14511.205242494354
L2 norm of gradient: 181.21618970642982
Iteration 134: -15072.70185200451
L2 norm of gradient: 54.90551870178981
Iteration 135: -15331.46505210246
L2 norm of gradient: 9.926569936528814
Iteration 136: -12665.824303447269
L2 norm of gradient: 153.65528521390422
Iteration 137: -13985.20558209694
L2 norm of gradient: 10.932758257193044
Iteration 138: -13819.87355207908
L2 norm of gradient: 8.043800529276668
Iteration 139: -14499.674131045584
L2 norm of gradient: 18.494603614182427
Iteration 140: -14223.2778264347
L2 norm of gradient: 8.199923260198336
Iteration 141: -15364.510942428606
L2 norm of gradient: 213.91373154327016
Iteration 142: -14077.012441485422
L2 norm of gradient: 89.03060258122285
Iteration 143: -13179.741874835454
L2 norm of gradient: 200.46289512737596
Iteration 144: -14918.155241706874
L2 norm of gradient: 106.33270009786756
Iteration 145: -15039.86663068831
L2 norm of gradient: 134.1660699171882
Iteration 146: -14265.33518965193
L2 norm of gradient: 1.0048298965089135
Iteration 147: -14303.296174706426
L2 norm of gradient: 19.647230239176306
Iteration 148: -14599.19335147529
L2 norm of gradient: 18.70475148450141
Iteration 149: -14902.79269615258
L2 norm of gradient: 99.2878604091561
Iteration 150: -14047.029649312142
L2 norm of gradient: 160.32457928873413
Iteration 151: -13081.840961467242
L2 norm of gradient: 162.1766928758166
Iteration 152: -14300.739603956928
L2 norm of gradient: 134.27314404889114
Iteration 153: -15334.21205154527
L2 norm of gradient: 156.3170262643993
Iteration 154: -15243.343109643785
L2 norm of gradient: 0.7109947296833825
Iteration 155: -15393.440272074426
L2 norm of gradient: 3.869914291085638
Iteration 156: -15431.150557129877
L2 norm of gradient: 230.31223443829114
Iteration 157: -13339.38086693897
L2 norm of gradient: 123.52914903054584
Iteration 158: -14348.861631463747
L2 norm of gradient: 115.64379841598307
Iteration 159: -15053.393251018599
L2 norm of gradient: 0.3636233716162507
Iteration 160: -14331.892697849777
L2 norm of gradient: 235.61101334590936
Iteration 161: -12919.574178267736
L2 norm of gradient: 143.5187706275936
Iteration 162: -14772.188908576733
L2 norm of gradient: 353.79778636215576
Iteration 163: -13383.347185888793
L2 norm of gradient: 8.87766360060111
Iteration 164: -14010.999652011786
L2 norm of gradient: 152.55015046850255
Iteration 165: -14202.41283388948
L2 norm of gradient: 0.9539391738010436
Iteration 166: -13145.020222906955
L2 norm of gradient: 4.056047761541036
Iteration 167: -11427.958508795593
L2 norm of gradient: 285.85969457747046
Iteration 168: -14909.801085684681
L2 norm of gradient: 155.96404282530884
Iteration 169: -14493.387980188476
L2 norm of gradient: 20.952931808747863
Iteration 170: -14244.043146982323
L2 norm of gradient: 370.08977402406146
Iteration 171: -13597.42875734251
L2 norm of gradient: 19.83332430189519
Iteration 172: -16822.368125219597
L2 norm of gradient: 35.49405729660235
Iteration 173: -13893.987942954525
L2 norm of gradient: 141.79596370568368
Iteration 174: -13955.203337915475
L2 norm of gradient: 205.48361789540888
Iteration 175: -15169.558861881727
L2 norm of gradient: 329.9772309898208
Iteration 176: -15922.073645472294
L2 norm of gradient: 22.453704710385686
Iteration 177: -15180.211827253457
L2 norm of gradient: 159.5207733222294
Iteration 178: -15095.91470493609
L2 norm of gradient: 192.40850248007757
Iteration 179: -13839.263154533459
L2 norm of gradient: 1.070768085247549
Iteration 180: -15077.972838794813
L2 norm of gradient: 205.35509619976003
Iteration 181: -14442.561272631167
L2 norm of gradient: 4.92885884186471
Iteration 182: -14937.02397290594
L2 norm of gradient: 0.7489367382818807
Iteration 183: -14773.821580272866
L2 norm of gradient: 226.9544887151087
Iteration 184: -14559.20233105775
L2 norm of gradient: 325.9888691721377
Iteration 185: -12670.406812774716
L2 norm of gradient: 90.55270282817541
Iteration 186: -14793.084763920633
L2 norm of gradient: 110.31375915309275
Iteration 187: -14199.492552471813
L2 norm of gradient: 5.301072891333935
Iteration 188: -14330.352533315076
L2 norm of gradient: 137.6939765345666
Iteration 189: -13417.122309267288
L2 norm of gradient: 92.2841567192812
Iteration 190: -13799.23098500399
L2 norm of gradient: 24.270462934788817
Iteration 191: -15046.345039394218
L2 norm of gradient: 93.69074134884193
Iteration 192: -14640.459208943648
L2 norm of gradient: 3.5470515786272685
Iteration 193: -14182.54462906951
L2 norm of gradient: 4.26733663850943
Iteration 194: -14151.050346698612
L2 norm of gradient: 62.15607919715498
Iteration 195: -14349.053282050882
L2 norm of gradient: 362.4468735526737
Iteration 196: -13919.943061511498
L2 norm of gradient: 25.259675774924848
Iteration 197: -14437.937426628545
L2 norm of gradient: 169.57733458780143
Iteration 198: -14333.608238608576
L2 norm of gradient: 245.25421160198064
Iteration 199: -15876.422543776222
L2 norm of gradient: 18.22054492405261
Iteration 200: -12931.758994222851
L2 norm of gradient: 4.227615525700695
Iteration 201: -14324.475145437988
L2 norm of gradient: 4.946372280350532
Iteration 202: -14802.532975226874
L2 norm of gradient: 5.04778290589857
Iteration 203: -13736.80831937585
L2 norm of gradient: 162.60539696955829
Iteration 204: -13995.620017867535
L2 norm of gradient: 28.16088221077054
Iteration 205: -14301.298179751495
L2 norm of gradient: 257.9729857528657
Iteration 206: -14695.100007349392
L2 norm of gradient: 234.5250089988621
Iteration 207: -14287.684090948198
L2 norm of gradient: 226.4935568754721
Iteration 208: -13076.642807519063
L2 norm of gradient: 25.67730402296692
Iteration 209: -15045.280985299265
L2 norm of gradient: 27.868015040589732
Iteration 210: -14913.076766097918
L2 norm of gradient: 11.893665768119725
Iteration 211: -12958.953869297868
L2 norm of gradient: 26.70158604317511
Iteration 212: -14564.954366887221
L2 norm of gradient: 52.7239899487218
Iteration 213: -14955.32168983901
L2 norm of gradient: 242.70432476024237
Iteration 214: -15353.210334380856
L2 norm of gradient: 28.22074779210329
Iteration 215: -14417.078990751877
L2 norm of gradient: 5.059642725469424
Iteration 216: -12523.813810980646
L2 norm of gradient: 237.25342701562636
Iteration 217: -14158.30810119654
L2 norm of gradient: 175.05822239835373
Iteration 218: -15398.695564406225
L2 norm of gradient: 28.421115540434144
Iteration 219: -14877.536787432153
L2 norm of gradient: 189.28071208242758
Iteration 220: -14254.57040240406
L2 norm of gradient: 92.11429115354636
Iteration 221: -12225.412645913893
L2 norm of gradient: 14.069722902334469
Iteration 222: -14976.388708466897
L2 norm of gradient: 275.081086735213
Iteration 223: -13629.281989100622
L2 norm of gradient: 30.934635323344256
Iteration 224: -14586.908072795486
L2 norm of gradient: 4.24646897009065
Iteration 225: -14651.592895544833
L2 norm of gradient: 176.18656042172992
Iteration 226: -12801.526520346291
L2 norm of gradient: 258.5847638401678
Iteration 227: -13216.068062800914
L2 norm of gradient: 15.930419473814066
Iteration 228: -14341.975452577928
L2 norm of gradient: 17.023225790998474
Iteration 229: -13449.863787762355
L2 norm of gradient: 263.79266269429945
Iteration 230: -14264.974874253385
L2 norm of gradient: 154.64380309504293
Iteration 231: -14041.367549205199
L2 norm of gradient: 32.733407848052266
Iteration 232: -14447.253782212501
L2 norm of gradient: 175.85925784934562
Iteration 233: -14327.316887581255
L2 norm of gradient: 179.3184508557532
Iteration 234: -13861.69051001058
L2 norm of gradient: 9.278699922561177
Iteration 235: -12947.592512349598
L2 norm of gradient: 15.970762974308823
Iteration 236: -14318.189844657201
L2 norm of gradient: 162.47158915752365
Iteration 237: -14362.405829775846
L2 norm of gradient: 33.064873537180766
Iteration 238: -13483.855625014286
L2 norm of gradient: 96.29491211277137
Iteration 239: -15502.229424237972
L2 norm of gradient: 13.687252248449509
Iteration 240: -14013.317991219694
L2 norm of gradient: 295.408983950418
Iteration 241: -15736.391896339832
L2 norm of gradient: 522.45221715993
Iteration 242: -13919.068992294371
L2 norm of gradient: 188.90933960419247
Iteration 243: -15781.776329501532
L2 norm of gradient: 33.701377191678624
Iteration 244: -15069.427120209439
L2 norm of gradient: 174.18266036779133
Iteration 245: -15039.336100967834
L2 norm of gradient: 161.6744768174302
Iteration 246: -13268.939280916937
L2 norm of gradient: 19.93871938041379
Iteration 247: -15410.908312788233
L2 norm of gradient: 284.8973184655754
Iteration 248: -14377.469199802727
L2 norm of gradient: 283.95837733356984
Iteration 249: -13509.637216600822
L2 norm of gradient: 13.66266851070492
Iteration 250: -14459.650851516752
L2 norm of gradient: 32.44918384463953
Iteration 251: -13209.380422376795
L2 norm of gradient: 192.68900531049468
Iteration 252: -10966.973489224445
L2 norm of gradient: 189.14072265779654
Iteration 253: -14487.099375740858
L2 norm of gradient: 270.44737133988014
Iteration 254: -14450.647618080955
L2 norm of gradient: 9.815174364426364
Iteration 255: -14647.7673394226
L2 norm of gradient: 191.6229102741584
Iteration 256: -16000.987664145185
L2 norm of gradient: 22.751562389353115
Iteration 257: -13927.762200675905
L2 norm of gradient: 326.99392656581136
Iteration 258: -14896.915120049613
L2 norm of gradient: 182.14423102006617
Iteration 259: -16458.994203982875
L2 norm of gradient: 202.59648561060166
Iteration 260: -14983.223517084727
L2 norm of gradient: 23.502735228046934
Iteration 261: -14786.792845986318
L2 norm of gradient: 21.13683528652823
Iteration 262: -15224.948376663495
L2 norm of gradient: 17.239587071204138
Iteration 263: -14625.196553399554
L2 norm of gradient: 13.356086085540538
Iteration 264: -15271.715461697895
L2 norm of gradient: 28.87570342561801
Iteration 265: -13991.871780157555
L2 norm of gradient: 201.79346602287768
Iteration 266: -14891.089346919674
L2 norm of gradient: 186.4458668908261
Iteration 267: -13268.004655748606
L2 norm of gradient: 314.32981527500175
Iteration 268: -13623.554296531482
L2 norm of gradient: 208.49243470154252
Iteration 269: -12709.689327225322
L2 norm of gradient: 386.11275885736836
Iteration 270: -14260.697593248915
L2 norm of gradient: 200.36615531242816
Iteration 271: -13383.911209588638
L2 norm of gradient: 28.25551366566152
Iteration 272: -12560.29010374099
L2 norm of gradient: 520.2024997139075
Iteration 273: -13758.713569409447
L2 norm of gradient: 181.7781538862113
Iteration 274: -14737.6913627584
L2 norm of gradient: 5.220698833123301
Iteration 275: -15092.663382910192
L2 norm of gradient: 195.15934058471908
Iteration 276: -12700.418560213875
L2 norm of gradient: 24.122457655573058
Iteration 277: -14175.205796619412
L2 norm of gradient: 229.13946353102904
Iteration 278: -14296.791749375872
L2 norm of gradient: 326.21898077140696
Iteration 279: -14075.759952161461
L2 norm of gradient: 349.6210046683503
Iteration 280: -14623.441921282792
L2 norm of gradient: 20.27381889023101
Iteration 281: -15031.1001814825
L2 norm of gradient: 410.7847756288697
Iteration 282: -14277.744863572763
L2 norm of gradient: 183.796219026588
Iteration 283: -15273.945976405637
L2 norm of gradient: 341.8685895945685
Iteration 284: -13588.483074187534
L2 norm of gradient: 2.4682638514032202
Iteration 285: -14192.642923260573
L2 norm of gradient: 3.729472059274274
Iteration 286: -14800.58221108024
L2 norm of gradient: 59.76427732739991
Iteration 287: -14275.66585851321
L2 norm of gradient: 365.26833808322203
Iteration 288: -14613.217300708406
L2 norm of gradient: 21.446798912143283
Iteration 289: -14798.709719217615
L2 norm of gradient: 37.713379810651894
Iteration 290: -15463.406168577727
L2 norm of gradient: 65.84222611061568
Iteration 291: -13614.061432807706
L2 norm of gradient: 59.64050029321871
Iteration 292: -12563.30984842591
L2 norm of gradient: 38.1063833149944
Iteration 293: -13952.381757849827
L2 norm of gradient: 327.17553159366014
Iteration 294: -15211.388322178973
L2 norm of gradient: 75.23617474365838
Iteration 295: -13844.99229210359
L2 norm of gradient: 24.30748171883406
Iteration 296: -15574.375723997364
L2 norm of gradient: 270.74642397104884
Iteration 297: -13887.930125248618
L2 norm of gradient: 430.0402311782136
Iteration 298: -12961.332463020226
L2 norm of gradient: 329.89774036422955
Iteration 299: -14327.082341742702
L2 norm of gradient: 36.6922722600433
Iteration 300: -14385.340900446288
L2 norm of gradient: 223.03503003632653
Iteration 301: -15714.329603537684
L2 norm of gradient: 39.00117518184834
Iteration 302: -12295.82114363648
L2 norm of gradient: 130.81808595716095
Iteration 303: -15022.098342956975
L2 norm of gradient: 346.52137818112595
Iteration 304: -14268.530097679002
L2 norm of gradient: 925.3828726352331
Iteration 305: -14630.932105688844
L2 norm of gradient: 116.3878068365135
Iteration 306: -15266.530903759645
L2 norm of gradient: 454.2105332656577
Iteration 307: -14186.680397401331
L2 norm of gradient: 83.49432956490662
Iteration 308: -15426.285563102225
L2 norm of gradient: 205.19710904296676
Iteration 309: -14537.054657632485
L2 norm of gradient: 485.6871293156694
Iteration 310: -13582.7047685734
L2 norm of gradient: 1.9600336311311946
Iteration 311: -14166.502489661565
L2 norm of gradient: 43.1244790048318
Iteration 312: -14711.816151888343
L2 norm of gradient: 126.3090121579666
Iteration 313: -15563.196757418336
L2 norm of gradient: 391.15441727107816
Iteration 314: -13888.924833633471
L2 norm of gradient: 233.73950624148037
Iteration 315: -14382.355247136205
L2 norm of gradient: 427.8813744018386
Iteration 316: -15506.605544734513
L2 norm of gradient: 443.3507182987476
Iteration 317: -14468.36339067272
L2 norm of gradient: 1000.7475500367406
Iteration 318: -15030.54473820189
L2 norm of gradient: 84.1378996103851
Iteration 319: -15091.99614897836
L2 norm of gradient: 9.826786885655109
Iteration 320: -14006.6716521841
L2 norm of gradient: 60.23215137278515
Iteration 321: -16193.460620081285
L2 norm of gradient: 247.7681529310663
Iteration 322: -15054.649860378355
L2 norm of gradient: 252.0308036792116
Iteration 323: -14091.918171267724
L2 norm of gradient: 98.96553256713595
Iteration 324: -14052.977327430388
L2 norm of gradient: 9.432971381674905
Iteration 325: -15289.668851638678
L2 norm of gradient: 225.41247509040363
Iteration 326: -14644.110484064324
L2 norm of gradient: 211.40051892491988
Iteration 327: -14360.29979213071
L2 norm of gradient: 459.4629335031385
Iteration 328: -15382.914243359817
L2 norm of gradient: 20.273667309823832
Iteration 329: -12220.416812375886
L2 norm of gradient: 120.49481820328246
Iteration 330: -14937.83388937125
L2 norm of gradient: 262.06608847643827
Iteration 331: -13712.599515712354
L2 norm of gradient: 26.387997308329506
Iteration 332: -13725.917013972532
L2 norm of gradient: 277.03957199622516
Iteration 333: -12609.050116974628
L2 norm of gradient: 221.7999517680587
Iteration 334: -13907.732372629689
L2 norm of gradient: 44.20455881150558
Iteration 335: -15050.646420759847
L2 norm of gradient: 197.99947080177367
Iteration 336: -15383.678655559896
L2 norm of gradient: 35.36301939213273
Iteration 337: -14081.591278624022
L2 norm of gradient: 11.655382083667602
Iteration 338: -13858.079275424825
L2 norm of gradient: 367.0882551279013
Iteration 339: -15316.710170693696
L2 norm of gradient: 248.83459409417299
Iteration 340: -14577.780847487738
L2 norm of gradient: 159.11077011603854
Iteration 341: -15385.763323400402
L2 norm of gradient: 58.30040269330691
Iteration 342: -14697.213935527252
L2 norm of gradient: 280.56831564670097
Iteration 343: -14277.913031069329
L2 norm of gradient: 244.08238186493247
Iteration 344: -15243.350095472531
L2 norm of gradient: 13.876257497038083
Iteration 345: -13895.204087616177
L2 norm of gradient: 838.9095334241475
Iteration 346: -11074.233182927826
L2 norm of gradient: 27.425574059172884
Iteration 347: -14501.139358320273
L2 norm of gradient: 453.330506475554
Iteration 348: -13495.681602016557
L2 norm of gradient: 852.0946927522243
Iteration 349: -14730.470278926427
L2 norm of gradient: 258.8246286215187
Iteration 350: -14563.947195325745
L2 norm of gradient: 265.68036762116213
Iteration 351: -15117.725362116005
L2 norm of gradient: 38.022731837342874
Iteration 352: -12888.438462157967
L2 norm of gradient: 237.71710180214757
Iteration 353: -14665.46016500378
L2 norm of gradient: 511.29962222002786
Iteration 354: -15131.121060212376
L2 norm of gradient: 470.1063382909343
Iteration 355: -14325.97022615117
L2 norm of gradient: 38.71844261906462
Iteration 356: -13557.159150820924
L2 norm of gradient: 86.2726859821254
Iteration 357: -14542.69583530887
L2 norm of gradient: 262.00919620145527
Iteration 358: -13087.797081540804
L2 norm of gradient: 40.40389614640916
Iteration 359: -14711.484671310056
L2 norm of gradient: 768.2153403587507
Iteration 360: -14312.624926841352
L2 norm of gradient: 117.35969683017586
Iteration 361: -15695.244908283232
L2 norm of gradient: 13.53736763688763
Iteration 362: -14342.077591885347
L2 norm of gradient: 18.942577275333097
Iteration 363: -14506.886994120898
L2 norm of gradient: 464.8516035344679
Iteration 364: -13456.287892909255
L2 norm of gradient: 496.2753732059062
Iteration 365: -14498.063754442148
L2 norm of gradient: 767.2423151642517
Iteration 366: -15730.192511323607
L2 norm of gradient: 189.6158825891291
Iteration 367: -14665.666084119352
L2 norm of gradient: 289.4036409179933
Iteration 368: -15304.098422338953
L2 norm of gradient: 235.0774474589686
Iteration 369: -13648.691089001019
L2 norm of gradient: 526.8643044516741
Iteration 370: -14226.761012234492
L2 norm of gradient: 43.873100689535555
Iteration 371: -14959.865056303097
L2 norm of gradient: 52.45836718737835
Iteration 372: -14424.05798254069
L2 norm of gradient: 3.111131442068432
Iteration 373: -15266.287656500237
L2 norm of gradient: 591.7031501200331
Iteration 374: -14463.933111083927
L2 norm of gradient: 117.55907289044103
Iteration 375: -15172.335173466941
L2 norm of gradient: 52.42179995532343
Iteration 376: -14399.063757498981
L2 norm of gradient: 87.55903968831369
Iteration 377: -15124.230055059073
L2 norm of gradient: 538.5142184385869
Iteration 378: -14335.133675365942
L2 norm of gradient: 557.5964615964072
Iteration 379: -14968.63142419071
L2 norm of gradient: 336.18262709264576
Iteration 380: -13617.618908133823
L2 norm of gradient: 11.255804946917568
Iteration 381: -16339.726793532958
L2 norm of gradient: 58.40487899002315
Iteration 382: -15072.125234383158
L2 norm of gradient: 523.5025121014413
Iteration 383: -12435.829216936603
L2 norm of gradient: 305.3776137479924
Iteration 384: -14256.820449054474
L2 norm of gradient: 569.6967244194965
Iteration 385: -14292.570831154939
L2 norm of gradient: 255.75846387638936
Iteration 386: -13889.187160063302
L2 norm of gradient: 67.50915869346444
Iteration 387: -13695.431758675724
L2 norm of gradient: 48.461786692732154
Iteration 388: -13249.760529867373
L2 norm of gradient: 508.2406323091529
Iteration 389: -15446.347135093529
L2 norm of gradient: 54.917685988393096
Iteration 390: -13636.977242321242
L2 norm of gradient: 344.6156107015711
Iteration 391: -14849.064715239918
L2 norm of gradient: 62.299920939817646
Iteration 392: -14702.925205564126
L2 norm of gradient: 290.44719300430614
Iteration 393: -15049.490701282397
L2 norm of gradient: 8.147574517626417
Iteration 394: -14350.172128495062
L2 norm of gradient: 313.42946878934845
Iteration 395: -13641.454652801622
L2 norm of gradient: 309.21001907149616
Iteration 396: -14168.472287886078
L2 norm of gradient: 461.7574632718332
Iteration 397: -14219.357145861723
L2 norm of gradient: 267.1687254105709
Iteration 398: -13908.190817412222
L2 norm of gradient: 178.77931020322748
Iteration 399: -13468.913099384168
L2 norm of gradient: 269.3901115922327
Iteration 400: -14447.30363035039
L2 norm of gradient: 271.0121033337722
Iteration 401: -13998.466880118474
L2 norm of gradient: 262.6134071309725
Iteration 402: -13701.750384554034
L2 norm of gradient: 37.77233575565274
Iteration 403: -15152.618461152073
L2 norm of gradient: 551.464424945322
Iteration 404: -14773.848615047522
L2 norm of gradient: 304.1212983084302
Iteration 405: -13337.820925948676
L2 norm of gradient: 449.1370750837406
Iteration 406: -15322.592638977338
L2 norm of gradient: 350.9649903839879
Iteration 407: -13455.193480566377
L2 norm of gradient: 11.67811821719358
Iteration 408: -15556.566863127984
L2 norm of gradient: 523.8962038585829
Iteration 409: -14983.274857720127
L2 norm of gradient: 999.5634831540596
Iteration 410: -14063.365796868224
L2 norm of gradient: 474.9117292715996
Iteration 411: -12721.36340051028
L2 norm of gradient: 505.9613541624218
Iteration 412: -14333.879466928309
L2 norm of gradient: 42.325363611152554
Iteration 413: -12179.250563990092
L2 norm of gradient: 101.97905575286919
Iteration 414: -14596.258291892242
L2 norm of gradient: 1039.6760862966623
Iteration 415: -14675.767920880346
L2 norm of gradient: 374.8571518214465
Iteration 416: -13679.147887050174
L2 norm of gradient: 549.279605725747
Iteration 417: -14102.156912294682
L2 norm of gradient: 510.5691147338866
Iteration 418: -14524.158656233223
L2 norm of gradient: 39.83225121722594
Iteration 419: -12824.633638606407
L2 norm of gradient: 354.24540378766517
Iteration 420: -14336.648034547456
L2 norm of gradient: 313.191089121858
Iteration 421: -14906.058998544235
L2 norm of gradient: 634.4785306999889
Iteration 422: -14242.965904599521
L2 norm of gradient: 17.35134051781553
Iteration 423: -13413.66307501006
L2 norm of gradient: 585.0987425809814
Iteration 424: -13838.30474512442
L2 norm of gradient: 81.62428084248052
Iteration 425: -15439.582139108563
L2 norm of gradient: 88.96462700640042
Iteration 426: -13713.076619736385
L2 norm of gradient: 312.7791338908545
Iteration 427: -13778.245157315629
L2 norm of gradient: 112.29596888648162
Iteration 428: -14338.130794668337
L2 norm of gradient: 101.44271228679855
Iteration 429: -14250.433720619883
L2 norm of gradient: 40.48461031968623
Iteration 430: -11907.771634122822
L2 norm of gradient: 383.38711245247475
Iteration 431: -13205.891165162204
L2 norm of gradient: 61.743862747693484
Iteration 432: -12697.252917571692
L2 norm of gradient: 47.713149811081195
Iteration 433: -14467.427018216345
L2 norm of gradient: 1098.3392598733888
Iteration 434: -14820.33949188469
L2 norm of gradient: 560.4800882331702
Iteration 435: -14775.354781954316
L2 norm of gradient: 29.09172028306877
Iteration 436: -14501.96389010991
L2 norm of gradient: 52.714445003329786
Iteration 437: -13483.103111760225
L2 norm of gradient: 364.4423839087063
Iteration 438: -13817.220065160654
L2 norm of gradient: 15.877970643837857
Iteration 439: -15853.870116035687
L2 norm of gradient: 1158.2817744556685
Iteration 440: -12938.253880185308
L2 norm of gradient: 197.08960378473597
Iteration 441: -14861.609824908897
L2 norm of gradient: 122.18980770781886
Iteration 442: -14927.94527440099
L2 norm of gradient: 109.60659322614137
Iteration 443: -13816.788802094059
L2 norm of gradient: 139.6748212883275
Iteration 444: -15040.28820067388
L2 norm of gradient: 546.7780729940743
Iteration 445: -14992.730076187756
L2 norm of gradient: 58.50764333686267
Iteration 446: -15468.901160326554
L2 norm of gradient: 66.82201924683591
Iteration 447: -13741.264529045671
L2 norm of gradient: 620.4988891012598
Iteration 448: -15442.802882212913
L2 norm of gradient: 44.69027875318495
Iteration 449: -14488.494493229082
L2 norm of gradient: 366.6819673732572
Iteration 450: -14267.759333547438
L2 norm of gradient: 98.75528183626403
Iteration 451: -14781.244038981851
L2 norm of gradient: 300.19659487534483
Iteration 452: -13676.302610578015
L2 norm of gradient: 552.0182964096151
Iteration 453: -14164.134141908493
L2 norm of gradient: 52.54613973208167
Iteration 454: -14809.830627749208
L2 norm of gradient: 370.1129354121928
Iteration 455: -14345.821264390834
L2 norm of gradient: 79.91618649156976
Iteration 456: -14307.186425726628
L2 norm of gradient: 548.1853360038667
Iteration 457: -13194.278867492685
L2 norm of gradient: 58.2679221646577
Iteration 458: -14642.927626248216
L2 norm of gradient: 133.73862134328246
Iteration 459: -14966.318301138701
L2 norm of gradient: 589.4799049636673
Iteration 460: -14058.78303592722
L2 norm of gradient: 164.95358817023302
Iteration 461: -14212.054712915095
L2 norm of gradient: 74.71087955866287
Iteration 462: -14616.088585055666
L2 norm of gradient: 515.7401145946548
Iteration 463: -15922.085879460676
L2 norm of gradient: 229.05551943761392
Iteration 464: -13472.087537704268
L2 norm of gradient: 370.09349304532986
Iteration 465: -14598.356996925548
L2 norm of gradient: 315.1641868630775
Iteration 466: -14412.040662993677
L2 norm of gradient: 309.0071581750423
Iteration 467: -14442.77752683009
L2 norm of gradient: 934.7013822017916
Iteration 468: -14348.64433072228
L2 norm of gradient: 21.462255054920305
Iteration 469: -14973.66606559977
L2 norm of gradient: 26.87344827556492
Iteration 470: -14490.33955453569
L2 norm of gradient: 116.07470574942117
Iteration 471: -11746.131246744422
L2 norm of gradient: 76.3968862758393
Iteration 472: -13847.242803215515
L2 norm of gradient: 359.9009928218132
Iteration 473: -15326.06732736365
L2 norm of gradient: 140.9348513251311
Iteration 474: -12500.436800743686
L2 norm of gradient: 90.65605582854407
Iteration 475: -13996.296810181811
L2 norm of gradient: 597.7200341107142
Iteration 476: -12706.519757306669
L2 norm of gradient: 948.7563483550032
Iteration 477: -12955.720268286532
L2 norm of gradient: 155.87095207267063
Iteration 478: -13987.4992144336
L2 norm of gradient: 671.4222005655423
Iteration 479: -15644.77360513853
L2 norm of gradient: 116.49443968709708
Iteration 480: -14754.408248036634
L2 norm of gradient: 548.0538750553378
Iteration 481: -12289.75547170313
L2 norm of gradient: 48.06582587819945
Iteration 482: -15571.306338638766
L2 norm of gradient: 317.53980378471255
Iteration 483: -12870.953570278361
L2 norm of gradient: 130.71713158568724
Iteration 484: -15706.859822145198
L2 norm of gradient: 360.8697637997971
Iteration 485: -13638.58037083107
L2 norm of gradient: 683.0158676570375
Iteration 486: -14357.010358858854
L2 norm of gradient: 89.95034622310679
Iteration 487: -15307.582343549933
L2 norm of gradient: 21.438515596692415
Iteration 488: -14972.565000040922
L2 norm of gradient: 570.6598855476557
Iteration 489: -13631.203007803066
L2 norm of gradient: 44.49967668350053
Iteration 490: -13043.3227194692
L2 norm of gradient: 792.6467679003082
Iteration 491: -11909.219620017568
L2 norm of gradient: 10.420515989725725
Iteration 492: -14030.360277903965
L2 norm of gradient: 156.21775377747366
Iteration 493: -11777.827428599121
L2 norm of gradient: 418.93241293964917
Iteration 494: -15172.92120923358
L2 norm of gradient: 432.2845521967569
Iteration 495: -13614.031210297253
L2 norm of gradient: 254.3653448811056
Iteration 496: -15514.741487265797
L2 norm of gradient: 626.6889856896003
Iteration 497: -15717.898069137707
L2 norm of gradient: 321.7320248870551
Iteration 498: -13977.214631324867
L2 norm of gradient: 762.0687768758825
Iteration 499: -14284.978528486565
[ { query: [ 'Who is a doctor', [Object] ],
    trueResult: 
     Marginal:
         "John and Mary are doctors" : 0.380020640450514
         "John and Mary are doctors and teachers" : 0.20855974943514632
         "John is a doctor" : 0.08655534418766547
         "Mary is a doctor" : 0.08655534418766547
         "John is a doctor and a teacher" : 0.04750258005631425
         "Mary is a doctor and a teacher" : 0.04750258005631425
         "John and Mary are doctors or teachers" : 0.018309772241219994
         "John or Mary is a doctor and a teacher" : 0.01641723975145466
         "John is a doctor or a teacher" : 0.014074838535204214
         "Mary is a doctor or a teacher" : 0.014074838535204214
         "John or Mary is a doctor" : 0.014074838535204214
         "Mary is a teacher" : 0.010819418023458179
         "John is a teacher" : 0.010819418023458179
         "John is not a teacher" : 0.008015222008949992
         "Mary is not a teacher" : 0.008015222008949992
         "John and Mary are teachers" : 0.0059378225070392835
         "John or Mary is a teacher" : 0.005937822507039272
         "John and Mary are not teachers" : 0.0043988471043886965
         "John or Mary is not a teacher" : 0.0043988471043886965
         "John or Mary is a doctor or a teacher" : 0.003954910804103521
         "John is not a doctor and a teacher" : 0.0013033621050040592
         "Mary is not a doctor and a teacher" : 0.0013033621050040592
         "John or Mary is not a doctor and a teacher" : 0.0012360388998589598
         "John and Mary are not doctors and teachers" : 0.00021194082645043896,
    learnedResult: 
     Marginal:
         "John is a doctor" : 0.2509394140650902
         "Mary is a doctor" : 0.2509394140650902
         "John and Mary are doctors" : 0.04123328066383457
         "Mary is a teacher" : 0.031367426758136266
         "John is a teacher" : 0.031367426758136266
         "John is a doctor and a teacher" : 0.02774576733260087
         "Mary is a doctor and a teacher" : 0.02774576733260087
         "John is not a teacher" : 0.023237561278326598
         "Mary is not a teacher" : 0.023237561278326598
         "John or Mary is a doctor" : 0.01955154384984522
         "John is a doctor or a teacher" : 0.018584090222472118
         "Mary is a doctor or a teacher" : 0.018584090222472118
         "John or Mary is a teacher" : 0.017214808799192308
         "John and Mary are teachers" : 0.017214808799192308
         "John is not a doctor" : 0.016973638843143315
         "Mary is not a doctor" : 0.016973638843143315
         "John or Mary is not a teacher" : 0.012753044023993614
         "John and Mary are not teachers" : 0.012753044023993592
         "John is not a doctor or a teacher" : 0.012663422112105577
         "Mary is not a doctor or a teacher" : 0.012663422112105555
         "John or Mary is not a doctor" : 0.01261341658595015
         "John is not a doctor and a teacher" : 0.012277289287684234
         "Mary is not a doctor and a teacher" : 0.012277289287684212
         "John and Mary are not doctors" : 0.01169036747062742
         "John and Mary are doctors and teachers" : 0.01074704639068435
         "John and Mary are doctors or teachers" : 0.009677237792689383
         "John or Mary is a doctor and a teacher" : 0.009605601975225352
         "John or Mary is a doctor or a teacher" : 0.009476646632309257
         "John or Mary is not a doctor or a teacher" : 0.006997191165952616
         "John or Mary is not a doctor and a teacher" : 0.00698905280652732
         "John and Mary are not doctors or teachers" : 0.006984665784814238
         "John and Mary are not doctors and teachers" : 0.006921023436049648,
    KLDivergence: 1.263083879831254 },
  { query: [ 'Who is a doctor', [Object] ],
    trueResult: 
     Marginal:
         "John and Mary are doctors" : 0.380020640450514
         "John and Mary are doctors and teachers" : 0.20855974943514632
         "John is a doctor" : 0.08655534418766547
         "Mary is a doctor" : 0.08655534418766547
         "John is a doctor and a teacher" : 0.04750258005631425
         "Mary is a doctor and a teacher" : 0.04750258005631425
         "John and Mary are doctors or teachers" : 0.018309772241219994
         "John or Mary is a doctor and a teacher" : 0.01641723975145466
         "John is a doctor or a teacher" : 0.014074838535204214
         "Mary is a doctor or a teacher" : 0.014074838535204214
         "John or Mary is a doctor" : 0.014074838535204214
         "Mary is a teacher" : 0.010819418023458179
         "John is a teacher" : 0.010819418023458179
         "John is not a teacher" : 0.008015222008949992
         "Mary is not a teacher" : 0.008015222008949992
         "John and Mary are teachers" : 0.0059378225070392835
         "John or Mary is a teacher" : 0.005937822507039272
         "John and Mary are not teachers" : 0.0043988471043886965
         "John or Mary is not a teacher" : 0.0043988471043886965
         "John or Mary is a doctor or a teacher" : 0.003954910804103521
         "John is not a doctor and a teacher" : 0.0013033621050040592
         "Mary is not a doctor and a teacher" : 0.0013033621050040592
         "John or Mary is not a doctor and a teacher" : 0.0012360388998589598
         "John and Mary are not doctors and teachers" : 0.00021194082645043896,
    learnedResult: 
     Marginal:
         "John is a doctor" : 0.2509394140650902
         "Mary is a doctor" : 0.2509394140650902
         "John and Mary are doctors" : 0.04123328066383457
         "Mary is a teacher" : 0.031367426758136266
         "John is a teacher" : 0.031367426758136266
         "John is a doctor and a teacher" : 0.02774576733260087
         "Mary is a doctor and a teacher" : 0.02774576733260087
         "John is not a teacher" : 0.023237561278326598
         "Mary is not a teacher" : 0.023237561278326598
         "John or Mary is a doctor" : 0.01955154384984522
         "John is a doctor or a teacher" : 0.018584090222472118
         "Mary is a doctor or a teacher" : 0.018584090222472118
         "John or Mary is a teacher" : 0.017214808799192308
         "John and Mary are teachers" : 0.017214808799192308
         "John is not a doctor" : 0.016973638843143315
         "Mary is not a doctor" : 0.016973638843143315
         "John or Mary is not a teacher" : 0.012753044023993614
         "John and Mary are not teachers" : 0.012753044023993592
         "John is not a doctor or a teacher" : 0.012663422112105577
         "Mary is not a doctor or a teacher" : 0.012663422112105555
         "John or Mary is not a doctor" : 0.01261341658595015
         "John is not a doctor and a teacher" : 0.012277289287684234
         "Mary is not a doctor and a teacher" : 0.012277289287684212
         "John and Mary are not doctors" : 0.01169036747062742
         "John and Mary are doctors and teachers" : 0.01074704639068435
         "John and Mary are doctors or teachers" : 0.009677237792689383
         "John or Mary is a doctor and a teacher" : 0.009605601975225352
         "John or Mary is a doctor or a teacher" : 0.009476646632309257
         "John or Mary is not a doctor or a teacher" : 0.006997191165952616
         "John or Mary is not a doctor and a teacher" : 0.00698905280652732
         "John and Mary are not doctors or teachers" : 0.006984665784814238
         "John and Mary are not doctors and teachers" : 0.006921023436049648,
    KLDivergence: 1.263083879831254 },
  { query: [ 'Who is a doctor and a teacher', [Object] ],
    trueResult: 
     Marginal:
         "John is a doctor and a teacher" : 0.5057429117707349
         "John is a doctor" : 0.11519045846271186
         "John is a teacher" : 0.11519045846271186
         "John or Mary is a doctor and a teacher" : 0.051789172217255514
         "Mary is not a teacher" : 0.02528450088232814
         "Mary is not a doctor" : 0.02528450088232814
         "John and Mary are teachers" : 0.018731218954471676
         "John and Mary are doctors" : 0.018731218954471676
         "John or Mary is a teacher" : 0.018731218954471645
         "John is a doctor or a teacher" : 0.018731218954471645
         "John or Mary is a doctor" : 0.018731218954471645
         "Mary is not a doctor or a teacher" : 0.013876428297051366
         "Mary is not a doctor and a teacher" : 0.013876428297051366
         "John and Mary are doctors or teachers" : 0.007219910001734958
         "Mary is a doctor or a teacher" : 0.00554999080132493
         "John or Mary is a doctor or a teacher" : 0.005263314391264789
         "Mary is a doctor" : 0.004266313276396742
         "Mary is a teacher" : 0.004266313276396742
         "John or Mary is not a doctor" : 0.004111534310237441
         "John or Mary is not a teacher" : 0.004111534310237441
         "John or Mary is not a doctor and a teacher" : 0.003899159202225257
         "John or Mary is not a doctor or a teacher" : 0.0014209763856506024,
    learnedResult: 
     Marginal:
         "John is a doctor" : 0.06524792262503186
         "John is a teacher" : 0.06418424468195064
         "Mary is a doctor" : 0.05916902234662384
         "Mary is a teacher" : 0.059093634565918755
         "Mary is not a teacher" : 0.04379126693938379
         "Mary is not a doctor" : 0.04378571658586913
         "John is not a teacher" : 0.04342759154457901
         "John is not a doctor" : 0.04335429814467843
         "John is a doctor and a teacher" : 0.03338267145243675
         "John and Mary are doctors" : 0.0330103597787229
         "John and Mary are teachers" : 0.03290845870820295
         "John is a doctor or a teacher" : 0.032571780605806885
         "John or Mary is a doctor" : 0.032525278329539345
         "John or Mary is a teacher" : 0.03251033483897856
         "Mary is a doctor or a teacher" : 0.03244096347353519
         "Mary is a doctor and a teacher" : 0.03241613616462103
         "Mary is not a doctor and a teacher" : 0.024033714180206923
         "Mary is not a doctor or a teacher" : 0.024032443725177047
         "John or Mary is not a teacher" : 0.024028100483193145
         "John or Mary is not a doctor" : 0.02402716456864367
         "John is not a doctor or a teacher" : 0.02402365121897185
         "John and Mary are not teachers" : 0.024001393906633813
         "John and Mary are not doctors" : 0.023994666533742402
         "John is not a doctor and a teacher" : 0.023981974236798733
         "John and Mary are doctors and teachers" : 0.017871289767822932
         "John and Mary are doctors or teachers" : 0.017815792405134482
         "John or Mary is a doctor and a teacher" : 0.01781334296262398
         "John or Mary is a doctor or a teacher" : 0.017805401531388536
         "John or Mary is not a doctor or a teacher" : 0.013189197416514297
         "John or Mary is not a doctor and a teacher" : 0.013188690665959148
         "John and Mary are not doctors or teachers" : 0.013188539621676388
         "John and Mary are not doctors and teachers" : 0.013184955989633382,
    KLDivergence: 1.399902990150697 },
  { query: [ 'Who is a doctor or a teacher', [Object] ],
    trueResult: 
     Marginal:
         "John and Mary are doctors" : 0.1056107851909732
         "John and Mary are teachers" : 0.1056107851909732
         "John is a doctor" : 0.08118368320238828
         "John is a teacher" : 0.08118368320238828
         "Mary is a teacher" : 0.08118368320238828
         "Mary is a doctor" : 0.08118368320238828
         "John and Mary are doctors or teachers" : 0.05796042780983282
         "John and Mary are doctors and teachers" : 0.05796042780983277
         "Mary is a doctor and a teacher" : 0.044554550002441795
         "John is a doctor and a teacher" : 0.044554550002441795
         "Mary is a doctor or a teacher" : 0.04455455000244175
         "John is a doctor or a teacher" : 0.04455455000244175
         "John or Mary is a teacher" : 0.03129208450102909
         "John or Mary is a doctor" : 0.03129208450102909
         "John or Mary is a doctor and a teacher" : 0.021122604886965272
         "John or Mary is a doctor or a teacher" : 0.012519452406923889
         "John is not a doctor and a teacher" : 0.009779799246246973
         "Mary is not a doctor and a teacher" : 0.009779799246246973
         "John is not a teacher" : 0.007517793967297686
         "Mary is not a teacher" : 0.007517793967297686
         "Mary is not a doctor" : 0.007517793967297686
         "John is not a doctor" : 0.007517793967297686
         "John or Mary is not a doctor and a teacher" : 0.00651387501985663
         "John or Mary is not a doctor" : 0.00565960604528182
         "John or Mary is not a teacher" : 0.00565960604528182
         "John and Mary are not doctors and teachers" : 0.0037696035994540657
         "John and Mary are not doctors" : 0.0012224749057808738
         "John and Mary are not teachers" : 0.0012224749057808738,
    learnedResult: 
     Marginal:
         "John is a doctor" : 0.060011128335935665
         "John is a teacher" : 0.059956598817811534
         "Mary is a doctor" : 0.059876968731595585
         "Mary is a teacher" : 0.05986637015022572
         "Mary is not a teacher" : 0.04433267347815627
         "Mary is not a doctor" : 0.04433189322000489
         "John is not a teacher" : 0.04432603415883899
         "John is not a doctor" : 0.044322025248916395
         "John is a doctor and a teacher" : 0.03286753593323685
         "John and Mary are doctors" : 0.03286189224707302
         "John and Mary are teachers" : 0.03285588981561102
         "Mary is a doctor and a teacher" : 0.03284763364569711
         "John is a doctor or a teacher" : 0.03284703382373995
         "John or Mary is a doctor" : 0.0328462786900705
         "John or Mary is a teacher" : 0.032845405436627624
         "Mary is a doctor or a teacher" : 0.03284427288252631
         "Mary is not a doctor or a teacher" : 0.024331107548558554
         "John or Mary is not a teacher" : 0.024331039536079825
         "John or Mary is not a doctor" : 0.02433098474211663
         "Mary is not a doctor and a teacher" : 0.02433093241735032
         "John is not a doctor or a teacher" : 0.02433092170358079
         "John and Mary are not teachers" : 0.02433033149228359
         "John and Mary are not doctors" : 0.024329930392581876
         "John is not a doctor and a teacher" : 0.024329856303654293
         "John and Mary are doctors and teachers" : 0.01802698300590424
         "John and Mary are doctors or teachers" : 0.018025325348515614
         "John or Mary is a doctor and a teacher" : 0.018025240378953748
         "John or Mary is a doctor or a teacher" : 0.01802501034609767
         "John or Mary is not a doctor or a teacher" : 0.013353215970089406
         "John or Mary is not a doctor and a teacher" : 0.013353201288307484
         "John and Mary are not doctors or teachers" : 0.013353196026293413
         "John and Mary are not doctors and teachers" : 0.013353088883564842,
    KLDivergence: 0.4261904228944094 },
  { query: [ 'Who is not a doctor and a teacher', [Object] ],
    trueResult: 
     Marginal:
         "John is a doctor and a teacher" : 0.5057429117707349
         "John is a doctor" : 0.11519045846271186
         "John is a teacher" : 0.11519045846271186
         "John or Mary is a doctor and a teacher" : 0.051789172217255514
         "Mary is not a teacher" : 0.02528450088232814
         "Mary is not a doctor" : 0.02528450088232814
         "John and Mary are teachers" : 0.018731218954471676
         "John and Mary are doctors" : 0.018731218954471676
         "John or Mary is a teacher" : 0.018731218954471645
         "John is a doctor or a teacher" : 0.018731218954471645
         "John or Mary is a doctor" : 0.018731218954471645
         "Mary is not a doctor or a teacher" : 0.013876428297051366
         "Mary is not a doctor and a teacher" : 0.013876428297051366
         "John and Mary are doctors or teachers" : 0.007219910001734958
         "Mary is a doctor or a teacher" : 0.00554999080132493
         "John or Mary is a doctor or a teacher" : 0.005263314391264789
         "Mary is a doctor" : 0.004266313276396742
         "Mary is a teacher" : 0.004266313276396742
         "John or Mary is not a doctor" : 0.004111534310237441
         "John or Mary is not a teacher" : 0.004111534310237441
         "John or Mary is not a doctor and a teacher" : 0.003899159202225257
         "John or Mary is not a doctor or a teacher" : 0.0014209763856506024,
    learnedResult: 
     Marginal:
         "John is a doctor" : 0.0599026280787609
         "John is a teacher" : 0.05989570553572173
         "Mary is a doctor" : 0.059861444262252005
         "Mary is a teacher" : 0.0598609225774182
         "Mary is not a teacher" : 0.04434733782161159
         "Mary is not a doctor" : 0.0443472994024682
         "John is not a teacher" : 0.04434477679017134
         "John is not a doctor" : 0.04434426722091687
         "John is a doctor and a teacher" : 0.0328595374209056
         "John and Mary are doctors" : 0.03285694531487737
         "John and Mary are teachers" : 0.032856248611510576
         "John is a doctor or a teacher" : 0.03285411560936592
         "John or Mary is a doctor" : 0.03285378958446965
         "John or Mary is a teacher" : 0.032853686474174734
         "Mary is a doctor or a teacher" : 0.032853199552599334
         "Mary is a doctor and a teacher" : 0.032852809112019404
         "Mary is not a doctor and a teacher" : 0.02433829394318481
         "Mary is not a doctor or a teacher" : 0.02433827378360805
         "John or Mary is not a teacher" : 0.024338243118387164
         "John or Mary is not a doctor" : 0.024338236649428715
         "John is not a doctor or a teacher" : 0.024338212124349553
         "John and Mary are not teachers" : 0.024338070266958937
         "John and Mary are not doctors" : 0.024338023727785374
         "John is not a doctor and a teacher" : 0.024337930205296263
         "John and Mary are doctors and teachers" : 0.01803067511645108
         "John and Mary are doctors or teachers" : 0.01803031406490872
         "John or Mary is a doctor and a teacher" : 0.018030298485391765
         "John or Mary is a doctor or a teacher" : 0.018030246339329103
         "John or Mary is not a doctor or a teacher" : 0.013357126016630923
         "John or Mary is not a doctor and a teacher" : 0.013357122688353793
         "John and Mary are not doctors or teachers" : 0.013357121727932186
         "John and Mary are not doctors and teachers" : 0.01335709837276046,
    KLDivergence: 1.4231542405372832 },
  { query: [ 'Who is not a doctor or a teacher', [Object] ],
    trueResult: 
     Marginal:
         "John and Mary are doctors" : 0.1056107851909732
         "John and Mary are teachers" : 0.1056107851909732
         "John is a doctor" : 0.08118368320238828
         "John is a teacher" : 0.08118368320238828
         "Mary is a teacher" : 0.08118368320238828
         "Mary is a doctor" : 0.08118368320238828
         "John and Mary are doctors or teachers" : 0.05796042780983282
         "John and Mary are doctors and teachers" : 0.05796042780983277
         "Mary is a doctor and a teacher" : 0.044554550002441795
         "John is a doctor and a teacher" : 0.044554550002441795
         "Mary is a doctor or a teacher" : 0.04455455000244175
         "John is a doctor or a teacher" : 0.04455455000244175
         "John or Mary is a teacher" : 0.03129208450102909
         "John or Mary is a doctor" : 0.03129208450102909
         "John or Mary is a doctor and a teacher" : 0.021122604886965272
         "John or Mary is a doctor or a teacher" : 0.012519452406923889
         "John is not a doctor and a teacher" : 0.009779799246246973
         "Mary is not a doctor and a teacher" : 0.009779799246246973
         "John is not a teacher" : 0.007517793967297686
         "Mary is not a teacher" : 0.007517793967297686
         "Mary is not a doctor" : 0.007517793967297686
         "John is not a doctor" : 0.007517793967297686
         "John or Mary is not a doctor and a teacher" : 0.00651387501985663
         "John or Mary is not a doctor" : 0.00565960604528182
         "John or Mary is not a teacher" : 0.00565960604528182
         "John and Mary are not doctors and teachers" : 0.0037696035994540657
         "John and Mary are not doctors" : 0.0012224749057808738
         "John and Mary are not teachers" : 0.0012224749057808738,
    learnedResult: 
     Marginal:
         "John is a doctor" : 0.05986831500758696
         "John is a teacher" : 0.05986791489410982
         "Mary is a doctor" : 0.0598673301819841
         "Mary is a teacher" : 0.059867252249894524
         "Mary is not a teacher" : 0.044350624311764376
         "Mary is not a doctor" : 0.044350618572611196
         "John is not a teacher" : 0.04435057551282931
         "John is not a doctor" : 0.0443505460475685
         "John is a doctor and a teacher" : 0.032855934612101775
         "John and Mary are doctors" : 0.03285589313588209
         "John and Mary are teachers" : 0.03285584903450495
         "Mary is a doctor and a teacher" : 0.0328557883738669
         "John is a doctor or a teacher" : 0.032855784156727866
         "John or Mary is a doctor" : 0.032855778607713174
         "John or Mary is a teacher" : 0.032855772189975124
         "Mary is a doctor or a teacher" : 0.03285576386740627
         "Mary is not a doctor or a teacher" : 0.024340144669528066
         "John or Mary is not a teacher" : 0.024340144169590582
         "John or Mary is not a doctor" : 0.02434014376687711
         "Mary is not a doctor and a teacher" : 0.024340143392399406
         "John is not a doctor or a teacher" : 0.024340143303750224
         "John and Mary are not teachers" : 0.024340138979180446
         "John and Mary are not doctors" : 0.024340136031112854
         "John is not a doctor and a teacher" : 0.0243401354829828
         "John and Mary are doctors and teachers" : 0.01803163773787857
         "John and Mary are doctors or teachers" : 0.01803162558017897
         "John or Mary is a doctor and a teacher" : 0.018031624957143135
         "John or Mary is a doctor or a teacher" : 0.01803162326969347
         "John or Mary is not a doctor or a teacher" : 0.013358154772321093
         "John or Mary is not a doctor and a teacher" : 0.013358154664619464
         "John and Mary are not doctors or teachers" : 0.013358154626035632
         "John and Mary are not doctors and teachers" : 0.013358153840180846,
    KLDivergence: 0.42641416386562 },
  { query: [ 'What is John', [Object] ],
    trueResult: 
     Marginal:
         "John is a doctor" : 0.23702792248662735
         "John is not a teacher" : 0.17559460378842734
         "John and Mary are doctors" : 0.130083681939854
         "John and Mary are not teachers" : 0.09636836179440914
         "John or Mary is a doctor" : 0.03854331316736411
         "John is a doctor or a teacher" : 0.03854331316736411
         "Mary is a teacher" : 0.029628490310828412
         "Mary is a doctor" : 0.029628490310828412
         "John is not a doctor and a teacher" : 0.02855358867982489
         "John or Mary is not a teacher" : 0.02855358867982489
         "Mary is not a doctor" : 0.02194932547355341
         "Mary is not a teacher" : 0.02194932547355341
         "John and Mary are doctors or teachers" : 0.021153018759865538
         "Mary is a doctor and a teacher" : 0.01626046024248175
         "Mary is a doctor or a teacher" : 0.016260460242481723
         "John and Mary are not doctors and teachers" : 0.0156705417197306
         "Mary is not a doctor or a teacher" : 0.012046045224301137
         "Mary is not a doctor and a teacher" : 0.012046045224301137
         "John or Mary is a doctor or a teacher" : 0.010830345605051172
         "John or Mary is not a doctor and a teacher" : 0.008023317360502066
         "John or Mary is a teacher" : 0.004817914145920514
         "John or Mary is not a doctor" : 0.0035691985849781176
         "John or Mary is a doctor and a teacher" : 0.0016651064329923299
         "John or Mary is not a doctor or a teacher" : 0.0012335411849350591,
    learnedResult: 
     Marginal:
         "John is a doctor" : 0.3497454704020785
         "Mary is a teacher" : 0.0437181838002598
         "Mary is a doctor" : 0.0437181838002598
         "John is not a teacher" : 0.04303782534076864
         "John and Mary are doctors" : 0.038670515285773546
         "Mary is not a teacher" : 0.032387227134344734
         "Mary is not a doctor" : 0.03238722713434468
         "John or Mary is a doctor" : 0.025901476661483052
         "John is a doctor or a teacher" : 0.02459832419782647
         "John is a doctor and a teacher" : 0.0244963528929919
         "Mary is a doctor or a teacher" : 0.023993047978479953
         "Mary is a doctor and a teacher" : 0.023993047978479953
         "John is not a doctor" : 0.0236569186380993
         "John or Mary is a teacher" : 0.022180742303909456
         "John and Mary are not teachers" : 0.018616317695697184
         "John or Mary is not a teacher" : 0.017891419292142177
         "Mary is not a doctor and a teacher" : 0.017774487112148574
         "Mary is not a doctor or a teacher" : 0.017774487112148542
         "John is not a doctor and a teacher" : 0.017743137127241786
         "John is not a doctor or a teacher" : 0.01773397388417559
         "John or Mary is not a doctor" : 0.017658065531079258
         "John and Mary are not doctors" : 0.016958425339279416
         "John and Mary are teachers" : 0.013597272351799741
         "John and Mary are doctors or teachers" : 0.01322251092349197
         "John and Mary are doctors and teachers" : 0.013185075837757403
         "John or Mary is a doctor or a teacher" : 0.013175431122655606
         "John or Mary is a doctor and a teacher" : 0.013172707759061278
         "John or Mary is not a doctor and a teacher" : 0.009754456748086083
         "John or Mary is not a doctor or a teacher" : 0.009754352685443739
         "John and Mary are not doctors and teachers" : 0.009751994178511789
         "John and Mary are not doctors or teachers" : 0.009751341750180467,
    KLDivergence: 0.4629731455166489 },
  { query: [ 'What is John', [Object] ],
    trueResult: 
     Marginal:
         "John is a doctor and a teacher" : 0.37545849217947985
         "John and Mary are doctors and teachers" : 0.20605598937841657
         "John is a doctor" : 0.08551624717081296
         "John is a teacher" : 0.08551624717081296
         "John and Mary are teachers" : 0.046932311522435
         "John and Mary are doctors" : 0.046932311522435
         "John or Mary is a doctor and a teacher" : 0.03844776478197857
         "John or Mary is a teacher" : 0.013905870080721474
         "John is a doctor or a teacher" : 0.013905870080721474
         "John or Mary is a doctor" : 0.013905870080721474
         "Mary is a teacher" : 0.010689530896351615
         "Mary is a doctor" : 0.010689530896351615
         "Mary is not a doctor" : 0.007918999258557448
         "Mary is not a teacher" : 0.007918999258557448
         "John and Mary are doctors or teachers" : 0.007631703310311726
         "Mary is a doctor and a teacher" : 0.005866538940304378
         "Mary is a doctor or a teacher" : 0.0058665389403043675
         "Mary is not a doctor or a teacher" : 0.004346038939316297
         "Mary is not a doctor and a teacher" : 0.004346038939316297
         "John or Mary is a doctor or a teacher" : 0.003907432094879606
         "John or Mary is not a doctor" : 0.0012877152412789025
         "John or Mary is not a teacher" : 0.0012877152412789025
         "John or Mary is not a doctor and a teacher" : 0.0012212002512970355
         "John or Mary is not a doctor or a teacher" : 0.00044504382335897773,
    learnedResult: 
     Marginal:
         "John is a doctor" : 0.250937736035671
         "John is a teacher" : 0.250937736035671
         "John is a doctor and a teacher" : 0.04123300493728813
         "Mary is a teacher" : 0.03136721700445887
         "Mary is a doctor" : 0.03136721700445887
         "John and Mary are teachers" : 0.027745581796924844
         "John and Mary are doctors" : 0.027745581796924844
         "Mary is not a teacher" : 0.02323740588898052
         "Mary is not a doctor" : 0.02323740588898048
         "John is a doctor or a teacher" : 0.01955141310886184
         "John or Mary is a teacher" : 0.018583965950841694
         "John or Mary is a doctor" : 0.018583965950841663
         "Mary is a doctor or a teacher" : 0.01721469368393344
         "Mary is a doctor and a teacher" : 0.01721469368393344
         "John is not a doctor" : 0.016973525340585598
         "John is not a teacher" : 0.016973525340585598
         "Mary is not a doctor and a teacher" : 0.01275295874451237
         "Mary is not a doctor or a teacher" : 0.012752958744512348
         "John or Mary is not a doctor" : 0.012669427804295641
         "John or Mary is not a teacher" : 0.012669427804295641
         "John is not a doctor or a teacher" : 0.012602976246815776
         "John and Mary are not teachers" : 0.012167445246614542
         "John and Mary are not doctors" : 0.012167445246614542
         "John is not a doctor and a teacher" : 0.01183483718234256
         "John and Mary are doctors and teachers" : 0.010826065818078687
         "John and Mary are doctors or teachers" : 0.009655345520921373
         "John or Mary is a doctor and a teacher" : 0.009632630829660788
         "John or Mary is a doctor or a teacher" : 0.009476629799350258
         "John or Mary is not a doctor or a teacher" : 0.006997142704353979
         "John or Mary is not a doctor and a teacher" : 0.006987348853467909
         "John and Mary are not doctors or teachers" : 0.006985978171750021
         "John and Mary are not doctors and teachers" : 0.0069167118334719745,
    KLDivergence: 1.2655166899392722 },
  { query: [ 'What isn\'t John', [Object] ],
    trueResult: 
     Marginal:
         "John is a doctor and a teacher" : 0.37545849217947985
         "John and Mary are doctors and teachers" : 0.20605598937841657
         "John is a doctor" : 0.08551624717081296
         "John is a teacher" : 0.08551624717081296
         "John and Mary are teachers" : 0.046932311522435
         "John and Mary are doctors" : 0.046932311522435
         "John or Mary is a doctor and a teacher" : 0.03844776478197857
         "John or Mary is a teacher" : 0.013905870080721474
         "John is a doctor or a teacher" : 0.013905870080721474
         "John or Mary is a doctor" : 0.013905870080721474
         "Mary is a teacher" : 0.010689530896351615
         "Mary is a doctor" : 0.010689530896351615
         "Mary is not a doctor" : 0.007918999258557448
         "Mary is not a teacher" : 0.007918999258557448
         "John and Mary are doctors or teachers" : 0.007631703310311726
         "Mary is a doctor and a teacher" : 0.005866538940304378
         "Mary is a doctor or a teacher" : 0.0058665389403043675
         "Mary is not a doctor or a teacher" : 0.004346038939316297
         "Mary is not a doctor and a teacher" : 0.004346038939316297
         "John or Mary is a doctor or a teacher" : 0.003907432094879606
         "John or Mary is not a doctor" : 0.0012877152412789025
         "John or Mary is not a teacher" : 0.0012877152412789025
         "John or Mary is not a doctor and a teacher" : 0.0012212002512970355
         "John or Mary is not a doctor or a teacher" : 0.00044504382335897773,
    learnedResult: 
     Marginal:
         "John is a doctor" : 0.06098201852944052
         "John is a teacher" : 0.06098201852944052
         "Mary is a doctor" : 0.05969296782475243
         "Mary is a teacher" : 0.05969296782475243
         "Mary is not a teacher" : 0.044221638211144096
         "Mary is not a doctor" : 0.044221638211144075
         "John is not a teacher" : 0.04412745061391339
         "John is not a doctor" : 0.044127450613913335
         "John is a doctor and a teacher" : 0.03298428522644214
         "John and Mary are teachers" : 0.032881483282546455
         "John and Mary are doctors" : 0.032881483282546455
         "John is a doctor or a teacher" : 0.03279056858609153
         "John or Mary is a teacher" : 0.03277834918087571
         "John or Mary is a doctor" : 0.032778349180875674
         "Mary is a doctor and a teacher" : 0.032760195335210456
         "Mary is a doctor or a teacher" : 0.03276019533521042
         "Mary is not a doctor and a teacher" : 0.024269349617416107
         "Mary is not a doctor or a teacher" : 0.024269349617416097
         "John or Mary is not a teacher" : 0.024268211036914455
         "John or Mary is not a doctor" : 0.024268211036914455
         "John is not a doctor or a teacher" : 0.02426730573294851
         "John and Mary are not teachers" : 0.024261261833785075
         "John and Mary are not doctors" : 0.024261261833785075
         "John is not a doctor and a teacher" : 0.024257259591054167
         "John and Mary are doctors and teachers" : 0.01799586856358964
         "John and Mary are doctors or teachers" : 0.01798196969791703
         "John or Mary is a doctor and a teacher" : 0.017981529101677305
         "John or Mary is a doctor or a teacher" : 0.017979569438314656
         "John or Mary is not a doctor or a teacher" : 0.013319276634577302
         "John or Mary is not a doctor and a teacher" : 0.01331915203105152
         "John and Mary are not doctors or teachers" : 0.0133191249529848
         "John and Mary are not doctors and teachers" : 0.013318239511354083,
    KLDivergence: 1.376554989527809 },
  { query: [ 'What isn\'t John', [Object] ],
    trueResult: 
     Marginal:
         "John is a doctor and a teacher" : 0.37545849217947985
         "John and Mary are doctors and teachers" : 0.20605598937841657
         "John is a doctor" : 0.08551624717081296
         "John is a teacher" : 0.08551624717081296
         "John and Mary are teachers" : 0.046932311522435
         "John and Mary are doctors" : 0.046932311522435
         "John or Mary is a doctor and a teacher" : 0.03844776478197857
         "John or Mary is a teacher" : 0.013905870080721474
         "John is a doctor or a teacher" : 0.013905870080721474
         "John or Mary is a doctor" : 0.013905870080721474
         "Mary is a teacher" : 0.010689530896351615
         "Mary is a doctor" : 0.010689530896351615
         "Mary is not a doctor" : 0.007918999258557448
         "Mary is not a teacher" : 0.007918999258557448
         "John and Mary are doctors or teachers" : 0.007631703310311726
         "Mary is a doctor and a teacher" : 0.005866538940304378
         "Mary is a doctor or a teacher" : 0.0058665389403043675
         "Mary is not a doctor or a teacher" : 0.004346038939316297
         "Mary is not a doctor and a teacher" : 0.004346038939316297
         "John or Mary is a doctor or a teacher" : 0.003907432094879606
         "John or Mary is not a doctor" : 0.0012877152412789025
         "John or Mary is not a teacher" : 0.0012877152412789025
         "John or Mary is not a doctor and a teacher" : 0.0012212002512970355
         "John or Mary is not a doctor or a teacher" : 0.00044504382335897773,
    learnedResult: 
     Marginal:
         "John is a doctor" : 0.06098201852944052
         "John is a teacher" : 0.06098201852944052
         "Mary is a doctor" : 0.05969296782475243
         "Mary is a teacher" : 0.05969296782475243
         "Mary is not a teacher" : 0.044221638211144096
         "Mary is not a doctor" : 0.044221638211144075
         "John is not a teacher" : 0.04412745061391339
         "John is not a doctor" : 0.044127450613913335
         "John is a doctor and a teacher" : 0.03298428522644214
         "John and Mary are teachers" : 0.032881483282546455
         "John and Mary are doctors" : 0.032881483282546455
         "John is a doctor or a teacher" : 0.03279056858609153
         "John or Mary is a teacher" : 0.03277834918087571
         "John or Mary is a doctor" : 0.032778349180875674
         "Mary is a doctor and a teacher" : 0.032760195335210456
         "Mary is a doctor or a teacher" : 0.03276019533521042
         "Mary is not a doctor and a teacher" : 0.024269349617416107
         "Mary is not a doctor or a teacher" : 0.024269349617416097
         "John or Mary is not a teacher" : 0.024268211036914455
         "John or Mary is not a doctor" : 0.024268211036914455
         "John is not a doctor or a teacher" : 0.02426730573294851
         "John and Mary are not teachers" : 0.024261261833785075
         "John and Mary are not doctors" : 0.024261261833785075
         "John is not a doctor and a teacher" : 0.024257259591054167
         "John and Mary are doctors and teachers" : 0.01799586856358964
         "John and Mary are doctors or teachers" : 0.01798196969791703
         "John or Mary is a doctor and a teacher" : 0.017981529101677305
         "John or Mary is a doctor or a teacher" : 0.017979569438314656
         "John or Mary is not a doctor or a teacher" : 0.013319276634577302
         "John or Mary is not a doctor and a teacher" : 0.01331915203105152
         "John and Mary are not doctors or teachers" : 0.0133191249529848
         "John and Mary are not doctors and teachers" : 0.013318239511354083,
    KLDivergence: 1.376554989527809 },
  { query: [ 'doctor' ],
    trueResult: 
     Marginal:
         "Who is a doctor" : 0.22921420581057594
         "Who isn't a doctor" : 0.22921420581057594
         "What isn't Mary" : 0.06440286750063225
         "What isn't John" : 0.06440286750063225
         "What is John" : 0.06440286750063225
         "What is Mary" : 0.06440286750063225
         "What are John and Mary" : 0.03505845891035563
         "What aren't John and Mary" : 0.03505845891035563
         "What is John or Mary" : 0.034152473105707175
         "What isn't John or Mary" : 0.034152473105707175
         "Who isn't a doctor and a teacher" : 0.02689844941838866
         "Who is a doctor and a teacher" : 0.02689844941838866
         "Who isn't a doctor or a teacher" : 0.026361758948273445
         "Who is a doctor or a teacher" : 0.026361758948273445
         "Who is a teacher" : 0.019508918805434698
         "Who isn't a teacher" : 0.019508918805434698,
    learnedResult: 
     Marginal:
         "Who is a doctor" : 0.14723675666905434
         "What is John" : 0.10103708727599621
         "What is Mary" : 0.10086229723356466
         "Who isn't a doctor" : 0.06930973885910947
         "What isn't John" : 0.06930693884498686
         "What isn't Mary" : 0.06930693215325359
         "Who isn't a teacher" : 0.06930413225433471
         "Who is a teacher" : 0.06930413225433471
         "Who is a doctor and a teacher" : 0.038063168337377724
         "What are John and Mary" : 0.03805928592168057
         "Who is a doctor or a teacher" : 0.03803493875545691
         "What is John or Mary" : 0.03803493203896349
         "Who isn't a doctor and a teacher" : 0.03803491558367859
         "What aren't John and Mary" : 0.03803491539475757
         "Who isn't a doctor or a teacher" : 0.038034914211907155
         "What isn't John or Mary" : 0.038034914211543494,
    KLDivergence: 0.20772822284813758 },
  { query: [ 'teacher' ],
    trueResult: 
     Marginal:
         "Who isn't a teacher" : 0.2292142058105759
         "Who is a teacher" : 0.2292142058105759
         "What is John" : 0.06440286750063225
         "What isn't Mary" : 0.06440286750063225
         "What isn't John" : 0.06440286750063225
         "What is Mary" : 0.06440286750063225
         "What aren't John and Mary" : 0.03505845891035563
         "What are John and Mary" : 0.03505845891035563
         "What is John or Mary" : 0.034152473105707175
         "What isn't John or Mary" : 0.034152473105707175
         "Who isn't a doctor and a teacher" : 0.02689844941838866
         "Who is a doctor and a teacher" : 0.02689844941838866
         "Who isn't a doctor or a teacher" : 0.026361758948273434
         "Who is a doctor or a teacher" : 0.026361758948273434
         "Who isn't a doctor" : 0.019508918805434698
         "Who is a doctor" : 0.019508918805434698,
    learnedResult: 
     Marginal:
         "Who is a teacher" : 0.1468397424148146
         "What is John" : 0.10096918646008879
         "What is Mary" : 0.10079083733500747
         "Who isn't a teacher" : 0.06936770610497218
         "What isn't John" : 0.06936491054589569
         "What isn't Mary" : 0.06936490364877425
         "Who isn't a doctor" : 0.06936210820146199
         "Who is a doctor" : 0.06936210820146199
         "What are John and Mary" : 0.0380911329619149
         "Who is a doctor and a teacher" : 0.0380869404808483
         "What is John or Mary" : 0.03806674993072771
         "Who is a doctor or a teacher" : 0.03806674320688802
         "What aren't John and Mary" : 0.03806673327050796
         "Who isn't a doctor and a teacher" : 0.03806673306511736
         "What isn't John or Mary" : 0.03806673208594147
         "Who isn't a doctor or a teacher" : 0.03806673208557742,
    KLDivergence: 0.20790499589422404 },
  { query: [ 'john' ],
    trueResult: 
     Marginal:
         "What is John" : 0.2335112339276272
         "What isn't John" : 0.2335112339276272
         "Who is a doctor" : 0.0632711173435373
         "Who is a teacher" : 0.0632711173435373
         "Who isn't a doctor" : 0.0632711173435373
         "Who isn't a teacher" : 0.0632711173435373
         "Who isn't a doctor and a teacher" : 0.034279269305067944
         "Who is a doctor and a teacher" : 0.034279269305067944
         "Who isn't a doctor or a teacher" : 0.03340485038853081
         "Who is a doctor or a teacher" : 0.03340485038853081
         "What are John and Mary" : 0.02673579184995846
         "What aren't John and Mary" : 0.02673579184995846
         "What is John or Mary" : 0.026220148700735305
         "What isn't John or Mary" : 0.026220148700735305
         "What is Mary" : 0.019306471141005675
         "What isn't Mary" : 0.019306471141005675,
    learnedResult: 
     Marginal:
         "What is John" : 0.1472365235245738
         "Who is a doctor" : 0.1010378012712312
         "Who is a teacher" : 0.10086423893089413
         "What isn't John" : 0.06930948086374211
         "Who isn't a doctor" : 0.06930668075836724
         "Who isn't a teacher" : 0.06930667416836528
         "What is Mary" : 0.06930387417815011
         "What isn't Mary" : 0.06930387417815011
         "What are John and Mary" : 0.03806302750564265
         "Who is a doctor and a teacher" : 0.03805914423514329
         "What is John or Mary" : 0.03803479712105732
         "Who is a doctor or a teacher" : 0.03803479040361259
         "What aren't John and Mary" : 0.038034773948503756
         "Who isn't a doctor and a teacher" : 0.03803477375954201
         "What isn't John or Mary" : 0.03803477257669411
         "Who isn't a doctor or a teacher" : 0.03803477257633039,
    KLDivergence: 0.21713050932308042 },
  { query: [ 'mary' ],
    trueResult: 
     Marginal:
         "What isn't Mary" : 0.2335112339276271
         "What is Mary" : 0.2335112339276271
         "Who is a doctor" : 0.06327111734353735
         "Who isn't a doctor" : 0.06327111734353735
         "Who isn't a teacher" : 0.0632711173435373
         "Who is a teacher" : 0.0632711173435373
         "Who isn't a doctor and a teacher" : 0.034279269305067944
         "Who is a doctor and a teacher" : 0.034279269305067944
         "Who is a doctor or a teacher" : 0.03340485038853081
         "Who isn't a doctor or a teacher" : 0.03340485038853081
         "What are John and Mary" : 0.02673579184995847
         "What aren't John and Mary" : 0.02673579184995847
         "What isn't John or Mary" : 0.026220148700735316
         "What is John or Mary" : 0.026220148700735316
         "What isn't John" : 0.01930647114100568
         "What is John" : 0.01930647114100568,
    learnedResult: 
     Marginal:
         "What is Mary" : 0.1468369757342945
         "Who is a doctor" : 0.10096868024846668
         "Who is a teacher" : 0.10079156825745429
         "What isn't Mary" : 0.06936797682179933
         "Who isn't a doctor" : 0.06936518125182801
         "Who isn't a teacher" : 0.06936517445647222
         "What is John" : 0.06936237899824617
         "What isn't John" : 0.06936237899824617
         "Who is a doctor and a teacher" : 0.038091280066668086
         "What are John and Mary" : 0.03808708982396605
         "Who is a doctor or a teacher" : 0.03806689854597931
         "What is John or Mary" : 0.03806689182376766
         "Who isn't a doctor and a teacher" : 0.0380668818868619
         "What aren't John and Mary" : 0.03806688168157834
         "Who isn't a doctor or a teacher" : 0.038066880702367585
         "What isn't John or Mary" : 0.03806688070200361,
    KLDivergence: 0.21731966299777314 },
  { query: [ 'intersection(doctor, teacher)' ],
    trueResult: 
     Marginal:
         "Who is a doctor and a teacher" : 0.16119021963607344
         "Who isn't a doctor and a teacher" : 0.16119021963607344
         "What is John" : 0.07171132446625784
         "What isn't Mary" : 0.07171132446625784
         "What isn't John" : 0.07171132446625784
         "What is Mary" : 0.07171132446625784
         "Who isn't a doctor" : 0.05561319640979196
         "Who is a doctor" : 0.05561319640979196
         "Who is a teacher" : 0.05561319640979191
         "Who isn't a teacher" : 0.05561319640979191
         "What are John and Mary" : 0.031954853337267324
         "What aren't John and Mary" : 0.031954853337267324
         "What is John or Mary" : 0.03164538509514016
         "What isn't John or Mary" : 0.03164538509514016
         "Who isn't a doctor or a teacher" : 0.02056050017941963
         "Who is a doctor or a teacher" : 0.02056050017941963,
    learnedResult: 
     Marginal:
         "Who is a doctor" : 0.09150823651455754
         "Who is a teacher" : 0.0913854031901042
         "What is John" : 0.08596373284866649
         "What is Mary" : 0.08596244033711115
         "Who isn't a doctor" : 0.07688871371418285
         "Who isn't a teacher" : 0.07688870873516049
         "What isn't Mary" : 0.0768885766664019
         "What isn't John" : 0.07688857611433576
         "Who is a doctor and a teacher" : 0.04223654494852487
         "What are John and Mary" : 0.04221130234365627
         "Who is a doctor or a teacher" : 0.042196313052826555
         "What is John or Mary" : 0.042196298791335775
         "Who isn't a doctor and a teacher" : 0.04219628945305645
         "What aren't John and Mary" : 0.0421962882567766
         "Who isn't a doctor or a teacher" : 0.04219628751703646
         "What isn't John or Mary" : 0.04219628751626648,
    KLDivergence: 0.23901971788850632 },
  { query: [ 'union(doctor, teacher)' ],
    trueResult: 
     Marginal:
         "Who is a doctor or a teacher" : 0.15344851008414773
         "Who isn't a doctor or a teacher" : 0.15344851008414773
         "What is John" : 0.07423664944950453
         "What isn't Mary" : 0.07423664944950453
         "What isn't John" : 0.07423664944950453
         "What is Mary" : 0.07423664944950453
         "Who isn't a doctor" : 0.056660089154322336
         "Who is a doctor" : 0.056660089154322336
         "Who is a teacher" : 0.05666008915432231
         "Who isn't a teacher" : 0.05666008915432231
         "What are John and Mary" : 0.03232480643399373
         "What aren't John and Mary" : 0.03232480643399373
         "What is John or Mary" : 0.031746610153685004
         "What isn't John or Mary" : 0.031746610153685004
         "Who isn't a doctor and a teacher" : 0.020686596120519898
         "Who is a doctor and a teacher" : 0.020686596120519898,
    learnedResult: 
     Marginal:
         "What is John" : 0.10123132656476623
         "What is Mary" : 0.10108590748608492
         "Who is a doctor" : 0.09709123538386548
         "Who is a teacher" : 0.09699003983339957
         "Who isn't a doctor" : 0.07193458620636024
         "Who isn't a teacher" : 0.07193458160634167
         "What isn't Mary" : 0.0719344648748301
         "What isn't John" : 0.07193446442324561
         "Who is a doctor and a teacher" : 0.039506557957873466
         "What are John and Mary" : 0.0394919843990006
         "Who is a doctor or a teacher" : 0.03947749279429282
         "What is John or Mary" : 0.039477479715952835
         "Who isn't a doctor and a teacher" : 0.03947747058805201
         "What aren't John and Mary" : 0.03947746985037866
         "Who isn't a doctor or a teacher" : 0.039477469158133105
         "What isn't John or Mary" : 0.03947746915742296,
    KLDivergence: 0.23384247558717486 },
  { query: [ 'intersection(john, mary)' ],
    trueResult: 
     Marginal:
         "What aren't John and Mary" : 0.16243769311668096
         "What are John and Mary" : 0.16243769311668096
         "Who is a doctor" : 0.07056451151225795
         "Who isn't a doctor" : 0.07056451151225795
         "Who isn't a teacher" : 0.07056451151225793
         "Who is a teacher" : 0.07056451151225793
         "What isn't John" : 0.056019550372890525
         "What is John" : 0.056019550372890525
         "What isn't Mary" : 0.056019550372890525
         "What is Mary" : 0.056019550372890525
         "Who isn't a doctor and a teacher" : 0.03198790362966697
         "Who is a doctor and a teacher" : 0.03198790362966697
         "Who isn't a doctor or a teacher" : 0.03177092090827922
         "Who is a doctor or a teacher" : 0.03177092090827922
         "What is John or Mary" : 0.020635358575075795
         "What isn't John or Mary" : 0.020635358575075795,
    learnedResult: 
     Marginal:
         "What is John" : 0.0915080877411479
         "What is Mary" : 0.09138463339436077
         "Who is a doctor" : 0.0859637935446045
         "Who is a teacher" : 0.085963424133894
         "What isn't John" : 0.07688869858431377
         "What isn't Mary" : 0.07688869353041072
         "Who isn't a teacher" : 0.07688856162722743
         "Who isn't a doctor" : 0.07688856094276945
         "What are John and Mary" : 0.04223653788774915
         "Who is a doctor and a teacher" : 0.04221129396798307
         "What is John or Mary" : 0.0421963047299932
         "Who is a doctor or a teacher" : 0.04219629046742748
         "What aren't John and Mary" : 0.04219628112934789
         "Who isn't a doctor and a teacher" : 0.04219627993300648
         "What isn't John or Mary" : 0.04219627919326709
         "Who isn't a doctor or a teacher" : 0.04219627919249707,
    KLDivergence: 0.24212539056294502 },
  { query: [ 'union(john, mary)' ],
    trueResult: 
     Marginal:
         "What isn't John or Mary" : 0.15479572872871056
         "What is John or Mary" : 0.15479572872871056
         "Who is a doctor" : 0.07314497016363104
         "Who is a teacher" : 0.07314497016363104
         "Who isn't a doctor" : 0.07314497016363104
         "Who isn't a teacher" : 0.07314497016363104
         "What is Mary" : 0.05698246399509907
         "What isn't John" : 0.05698246399509907
         "What isn't Mary" : 0.05698246399509907
         "What is John" : 0.05698246399509907
         "Who isn't a doctor and a teacher" : 0.03248027289420873
         "Who is a doctor and a teacher" : 0.03248027289420873
         "Who isn't a doctor or a teacher" : 0.031733907142317455
         "Who is a doctor or a teacher" : 0.031733907142317455
         "What are John and Mary" : 0.020735222917302933
         "What aren't John and Mary" : 0.020735222917302933,
    learnedResult: 
     Marginal:
         "Who is a doctor" : 0.10123414821135995
         "Who is a teacher" : 0.10108943555293602
         "What is John" : 0.09709063166196574
         "What is Mary" : 0.09698856266714274
         "What isn't John" : 0.07193407737565433
         "What isn't Mary" : 0.071934072704978
         "Who isn't a teacher" : 0.07193395613058871
         "Who isn't a doctor" : 0.07193395555512491
         "What are John and Mary" : 0.03950627944507188
         "Who is a doctor and a teacher" : 0.039491705014691264
         "What is John or Mary" : 0.03947721353095106
         "Who is a doctor or a teacher" : 0.03947720045170441
         "What aren't John and Mary" : 0.03947719132404073
         "Who isn't a doctor and a teacher" : 0.03947719058632684
         "What isn't John or Mary" : 0.039477189894086745
         "Who isn't a doctor or a teacher" : 0.03947718989337656,
    KLDivergence: 0.23753743876209704 } ]
