L2 norm of gradient: 249.77535249068276
Iteration 0: -15129.17549126828
L2 norm of gradient: 21.83173147104919
Iteration 1: -15659.137922349852
L2 norm of gradient: 24.512891949775522
Iteration 2: -9406.682889702264
L2 norm of gradient: 0.40134194997656564
Iteration 3: -14804.741608600365
L2 norm of gradient: 7.943748203831422
Iteration 4: -14509.209859820316
L2 norm of gradient: 109.85693844866736
Iteration 5: -14433.698945599841
L2 norm of gradient: 23.194349596522397
Iteration 6: -13981.559664630098
L2 norm of gradient: 88.27985651983596
Iteration 7: -13904.226941039087
L2 norm of gradient: 139.81209003771474
Iteration 8: -15319.879093183205
L2 norm of gradient: 145.61681882842356
Iteration 9: -13298.491774093127
L2 norm of gradient: 0.17718180721890972
Iteration 10: -14033.100938277086
L2 norm of gradient: 224.05648770703579
Iteration 11: -13433.015924998792
L2 norm of gradient: 7.849167009857733
Iteration 12: -15262.534327764297
L2 norm of gradient: 116.44977980391988
Iteration 13: -14670.367598455166
L2 norm of gradient: 125.1735803978374
Iteration 14: -16004.245419589337
L2 norm of gradient: 30.31957714331696
Iteration 15: -14844.208673623856
L2 norm of gradient: 18.60049177086577
Iteration 16: -14119.348768408177
L2 norm of gradient: 132.3602445906418
Iteration 17: -14934.331851793453
L2 norm of gradient: 114.00431200479598
Iteration 18: -14409.229409916094
L2 norm of gradient: 134.84666618886604
Iteration 19: -16051.18647243781
L2 norm of gradient: 5.286753630661327
Iteration 20: -14780.887828451814
L2 norm of gradient: 10.829509798189696
Iteration 21: -13216.348604293074
L2 norm of gradient: 134.34563993123507
Iteration 22: -13599.019654491916
L2 norm of gradient: 0.4417176605906956
Iteration 23: -15118.70552830561
L2 norm of gradient: 138.7050763193984
Iteration 24: -14023.682859298773
L2 norm of gradient: 106.75100401333346
Iteration 25: -15295.343761859229
L2 norm of gradient: 119.7299631968054
Iteration 26: -15697.545655882685
L2 norm of gradient: 2.0293454313052526
Iteration 27: -14511.618442219216
L2 norm of gradient: 9.138854558152326
Iteration 28: -14364.399461833294
L2 norm of gradient: 7.527864004870725
Iteration 29: -15248.738870761124
L2 norm of gradient: 4.302135123555242
Iteration 30: -14989.454742370406
L2 norm of gradient: 20.27256239833472
Iteration 31: -14590.136277425801
L2 norm of gradient: 87.31365864654983
Iteration 32: -15719.449740776094
L2 norm of gradient: 133.04829305606145
Iteration 33: -13243.333333472256
L2 norm of gradient: 119.18663579388357
Iteration 34: -15059.893214320531
L2 norm of gradient: 136.72751829709256
Iteration 35: -14313.366062208079
L2 norm of gradient: 0.3024002361938484
Iteration 36: -12959.299254225334
L2 norm of gradient: 116.67629585158508
Iteration 37: -14973.010174097726
L2 norm of gradient: 187.0844078598249
Iteration 38: -14944.099792377558
L2 norm of gradient: 299.2820178598207
Iteration 39: -14222.25422278652
L2 norm of gradient: 5.457258035838958
Iteration 40: -14942.611036280636
L2 norm of gradient: 137.10448656233868
Iteration 41: -14532.701320213033
L2 norm of gradient: 4.601528137727762
Iteration 42: -12990.595035225153
L2 norm of gradient: 139.24858838464237
Iteration 43: -14951.417085411493
L2 norm of gradient: 93.84485775041902
Iteration 44: -15693.248735274654
L2 norm of gradient: 127.75192543297496
Iteration 45: -16097.885020600166
L2 norm of gradient: 132.16351285737602
Iteration 46: -14902.253487801412
L2 norm of gradient: 10.812302923409929
Iteration 47: -15058.873148658546
L2 norm of gradient: 0.9297971128482421
Iteration 48: -14160.280653276946
L2 norm of gradient: 20.445571285064187
Iteration 49: -14100.709078755463
L2 norm of gradient: 4.729912588750715
Iteration 50: -13744.690283864737
L2 norm of gradient: 105.56976110970294
Iteration 51: -14797.097084063338
L2 norm of gradient: 142.5104525674591
Iteration 52: -14417.453885419527
L2 norm of gradient: 284.1258072194149
Iteration 53: -13163.993722835556
L2 norm of gradient: 150.18738434735207
Iteration 54: -15492.204583650688
L2 norm of gradient: 279.05894979529876
Iteration 55: -15041.821504564257
L2 norm of gradient: 122.24797475491668
Iteration 56: -13856.634856895078
L2 norm of gradient: 140.4618680361004
Iteration 57: -16324.903809587471
L2 norm of gradient: 110.94269168207114
Iteration 58: -14341.527894590283
L2 norm of gradient: 326.19462171808203
Iteration 59: -15054.553458748152
L2 norm of gradient: 120.95744792487653
Iteration 60: -14044.164478005143
L2 norm of gradient: 15.512885527174138
Iteration 61: -15086.00537417503
L2 norm of gradient: 0.10127801126848997
Iteration 62: -15586.17109133699
L2 norm of gradient: 131.55967031504878
Iteration 63: -14425.427108424716
L2 norm of gradient: 92.79806407406151
Iteration 64: -15905.695435290225
L2 norm of gradient: 152.83576155448992
Iteration 65: -15098.080938514788
L2 norm of gradient: 220.33054588150426
Iteration 66: -15076.378748207819
L2 norm of gradient: 7.462845129579374
Iteration 67: -14450.262008460006
L2 norm of gradient: 44.44568038686
Iteration 68: -14982.386980498675
L2 norm of gradient: 24.2368036136436
Iteration 69: -15337.328353280202
L2 norm of gradient: 153.34975758714862
Iteration 70: -14479.500995141221
L2 norm of gradient: 45.19997947474705
Iteration 71: -15595.990109983832
L2 norm of gradient: 47.38631646677341
Iteration 72: -13765.932176891714
L2 norm of gradient: 116.67019489129497
Iteration 73: -13504.401898506563
L2 norm of gradient: 156.75577653534884
Iteration 74: -15566.868067647098
L2 norm of gradient: 191.04860037866365
Iteration 75: -14868.93364587007
L2 norm of gradient: 148.63876963908368
Iteration 76: -13629.405820495915
L2 norm of gradient: 0.37863150295375436
Iteration 77: -14172.81946360739
L2 norm of gradient: 143.6263897988608
Iteration 78: -14743.65626628697
L2 norm of gradient: 6.053667327428025
Iteration 79: -14811.337437157286
L2 norm of gradient: 103.78068255576565
Iteration 80: -14040.25761688454
L2 norm of gradient: 104.58586367608471
Iteration 81: -14632.808961423812
L2 norm of gradient: 160.5158229396761
Iteration 82: -14009.11857214477
L2 norm of gradient: 92.46220106021879
Iteration 83: -15930.835323781706
L2 norm of gradient: 195.4599895518772
Iteration 84: -14961.035962161142
L2 norm of gradient: 109.94294411354393
Iteration 85: -11902.489338231506
L2 norm of gradient: 234.90312320791182
Iteration 86: -15112.371529454831
L2 norm of gradient: 176.91354570210297
Iteration 87: -13120.349767315201
L2 norm of gradient: 9.151356927072943
Iteration 88: -15399.659297423903
L2 norm of gradient: 16.02849543272599
Iteration 89: -15354.236484309193
L2 norm of gradient: 11.058652758859035
Iteration 90: -13125.048409252428
L2 norm of gradient: 0.7259794848735444
Iteration 91: -15592.008164997678
L2 norm of gradient: 5.6517084739308086
Iteration 92: -14488.928635545773
L2 norm of gradient: 70.06522905243548
Iteration 93: -14442.323251469526
L2 norm of gradient: 190.634840725788
Iteration 94: -14384.659521864261
L2 norm of gradient: 4.552520340860353
Iteration 95: -15399.257261422463
L2 norm of gradient: 133.9609791130045
Iteration 96: -14475.61089049559
L2 norm of gradient: 15.32483207693068
Iteration 97: -14027.56340090232
L2 norm of gradient: 195.24715523045856
Iteration 98: -15785.449347611051
L2 norm of gradient: 160.4545225409703
Iteration 99: -14566.584800946526
L2 norm of gradient: 85.38776944929351
Iteration 100: -14422.14437666582
L2 norm of gradient: 120.15478231194287
Iteration 101: -14966.70644663251
L2 norm of gradient: 24.03936952692622
Iteration 102: -14867.273968171095
L2 norm of gradient: 182.57059231678804
Iteration 103: -13842.694558776682
L2 norm of gradient: 26.41196806148518
Iteration 104: -14594.635743090417
L2 norm of gradient: 150.06809625868243
Iteration 105: -15063.879001529887
L2 norm of gradient: 0.3556760108817168
Iteration 106: -14794.257048780797
L2 norm of gradient: 257.6348186497183
Iteration 107: -13291.94421342481
L2 norm of gradient: 39.47849486918119
Iteration 108: -16221.70695357793
L2 norm of gradient: 122.19024442186108
Iteration 109: -11716.05679031997
L2 norm of gradient: 118.27656146845243
Iteration 110: -14893.601395528065
L2 norm of gradient: 136.88024036922218
Iteration 111: -14574.168650429463
L2 norm of gradient: 9.005471988074694
Iteration 112: -15705.200703640468
L2 norm of gradient: 25.67407721117227
Iteration 113: -14742.057511140592
L2 norm of gradient: 1.8967734936652985
Iteration 114: -14969.864048990188
L2 norm of gradient: 12.214203935449097
Iteration 115: -14467.558006972773
L2 norm of gradient: 204.12659252400977
Iteration 116: -15659.53607681999
L2 norm of gradient: 26.42711020046889
Iteration 117: -14690.513429228682
L2 norm of gradient: 0.99170448031452
Iteration 118: -14796.846457284177
L2 norm of gradient: 13.881692170817574
Iteration 119: -14631.626565847313
L2 norm of gradient: 122.05028268668694
Iteration 120: -14017.65132332989
L2 norm of gradient: 202.4180585469308
Iteration 121: -14338.987750543049
L2 norm of gradient: 9.102161210929268
Iteration 122: -13393.396935161436
L2 norm of gradient: 202.06122762979606
Iteration 123: -15393.823278647615
L2 norm of gradient: 5.646300040040399
Iteration 124: -14636.090850176523
L2 norm of gradient: 12.385171576483241
Iteration 125: -13574.141967505682
L2 norm of gradient: 141.68352580236194
Iteration 126: -13277.548901859904
L2 norm of gradient: 243.9349466355635
Iteration 127: -14959.738253645133
L2 norm of gradient: 29.348966259981847
Iteration 128: -13187.257606928935
L2 norm of gradient: 3.9318381758306162
Iteration 129: -14012.76220288733
L2 norm of gradient: 375.5517045059677
Iteration 130: -14547.736015475588
L2 norm of gradient: 17.825098330228794
Iteration 131: -14491.700224624015
L2 norm of gradient: 5.484901559595241
Iteration 132: -13388.426918135723
L2 norm of gradient: 26.890679290937104
Iteration 133: -13841.370427080197
L2 norm of gradient: 39.05730633217422
Iteration 134: -13601.637434388744
L2 norm of gradient: 5.136609782701627
Iteration 135: -13913.854156849673
L2 norm of gradient: 11.02845940436818
Iteration 136: -15013.141529305605
L2 norm of gradient: 9.601964379191735
Iteration 137: -16331.32900261879
L2 norm of gradient: 25.029356416633977
Iteration 138: -14702.645157111809
L2 norm of gradient: 179.69769633109925
Iteration 139: -13847.687672521686
L2 norm of gradient: 28.8541923650789
Iteration 140: -15354.115419098409
L2 norm of gradient: 219.167654820194
Iteration 141: -14289.507000617916
L2 norm of gradient: 260.8409182348322
Iteration 142: -14005.836674950086
L2 norm of gradient: 179.33180440309079
Iteration 143: -14537.6331409798
L2 norm of gradient: 117.68570662568084
Iteration 144: -15441.766068257159
L2 norm of gradient: 54.25622242609237
Iteration 145: -15268.013917252887
L2 norm of gradient: 395.61260304898707
Iteration 146: -14075.233311793301
L2 norm of gradient: 11.377476647777744
Iteration 147: -15879.059453877155
L2 norm of gradient: 18.36773363824203
Iteration 148: -12958.344400343485
L2 norm of gradient: 57.19093427354552
Iteration 149: -13434.381143478444
L2 norm of gradient: 11.040145725575893
Iteration 150: -13735.388430564431
L2 norm of gradient: 6.384082604745258
Iteration 151: -13429.529724610038
L2 norm of gradient: 25.799588709580416
Iteration 152: -13891.438252995955
L2 norm of gradient: 143.6826717136501
Iteration 153: -15251.243019114481
L2 norm of gradient: 185.91661243173903
Iteration 154: -14175.358078185935
L2 norm of gradient: 140.40059798576587
Iteration 155: -14210.191413413966
L2 norm of gradient: 364.29887312901184
Iteration 156: -14440.020756116835
L2 norm of gradient: 7.1729806451774385
Iteration 157: -14776.044996527955
L2 norm of gradient: 315.58103133771357
Iteration 158: -13815.42471871106
L2 norm of gradient: 235.7112094304988
Iteration 159: -14619.00785510824
L2 norm of gradient: 170.28837184890958
Iteration 160: -14852.99542888254
L2 norm of gradient: 5.421049423831173
Iteration 161: -15252.97893742472
L2 norm of gradient: 6.048567091896326
Iteration 162: -14946.685573233757
L2 norm of gradient: 8.641188606525226
Iteration 163: -13242.72103540739
L2 norm of gradient: 56.34004904022438
Iteration 164: -15768.286545066163
L2 norm of gradient: 205.2140656385655
Iteration 165: -14612.765143114142
L2 norm of gradient: 274.3224123700845
Iteration 166: -13066.987877122127
L2 norm of gradient: 5.738498508201966
Iteration 167: -14366.322127788793
L2 norm of gradient: 30.262337976864984
Iteration 168: -14744.797877229284
L2 norm of gradient: 29.423724543945198
Iteration 169: -15022.129453740781
L2 norm of gradient: 28.137460083498986
Iteration 170: -16090.544682721375
L2 norm of gradient: 280.618007877673
Iteration 171: -13144.588060660986
L2 norm of gradient: 32.38352795033612
Iteration 172: -15172.154404307716
L2 norm of gradient: 1.0458683962738275
Iteration 173: -14644.008141806582
L2 norm of gradient: 54.40265685424187
Iteration 174: -15071.665085114539
L2 norm of gradient: 204.25446506524807
Iteration 175: -15350.769456530921
L2 norm of gradient: 83.66445912150402
Iteration 176: -12972.746156267123
L2 norm of gradient: 177.4300155428439
Iteration 177: -14375.342090203427
L2 norm of gradient: 255.97489036656393
Iteration 178: -15058.115543453023
L2 norm of gradient: 54.23432990513748
Iteration 179: -15281.034833853832
L2 norm of gradient: 8.486916760634797
Iteration 180: -15284.40665549459
L2 norm of gradient: 196.9885192484475
Iteration 181: -13958.738737245789
L2 norm of gradient: 200.34531773715554
Iteration 182: -14473.599583205301
L2 norm of gradient: 157.74621472584795
Iteration 183: -14946.630137454951
L2 norm of gradient: 61.936265185046075
Iteration 184: -13765.922603991348
L2 norm of gradient: 169.47500557320816
Iteration 185: -14779.623804297531
L2 norm of gradient: 248.89187396890833
Iteration 186: -14900.637215474155
L2 norm of gradient: 83.53698190591287
Iteration 187: -14336.613703595707
L2 norm of gradient: 668.7317506623177
Iteration 188: -14776.951612473698
L2 norm of gradient: 181.63117027467752
Iteration 189: -14990.335006824695
L2 norm of gradient: 176.0362184946954
Iteration 190: -15318.285813806811
L2 norm of gradient: 285.5784329018985
Iteration 191: -14041.526712490479
L2 norm of gradient: 166.31000123530455
Iteration 192: -14150.753795354161
L2 norm of gradient: 437.48916875472145
Iteration 193: -16236.33793928544
L2 norm of gradient: 269.7849783363178
Iteration 194: -14439.60173424636
L2 norm of gradient: 16.05669546944873
Iteration 195: -14831.094088750659
L2 norm of gradient: 13.714328013487165
Iteration 196: -15262.460409712046
L2 norm of gradient: 224.0977472260961
Iteration 197: -14749.097580085509
L2 norm of gradient: 51.61700902074607
Iteration 198: -15279.133051286219
L2 norm of gradient: 227.66646957463195
Iteration 199: -14825.580183778191
L2 norm of gradient: 205.29320399674504
Iteration 200: -14354.44321711082
L2 norm of gradient: 2.1331353445435814
Iteration 201: -14496.251820242964
L2 norm of gradient: 11.731853612009695
Iteration 202: -13154.986399492016
L2 norm of gradient: 14.005970576605622
Iteration 203: -13068.81244963454
L2 norm of gradient: 27.22585694062696
Iteration 204: -15057.0195678405
L2 norm of gradient: 11.004750042263419
Iteration 205: -14025.276243403554
L2 norm of gradient: 92.59117340437626
Iteration 206: -14431.673301540315
L2 norm of gradient: 283.95010975482273
Iteration 207: -14538.745293016778
L2 norm of gradient: 268.90520772395115
Iteration 208: -13654.049423926044
L2 norm of gradient: 195.16749958311576
Iteration 209: -12837.253725108458
L2 norm of gradient: 33.925845398873726
Iteration 210: -15641.900886826683
L2 norm of gradient: 10.193630102879977
Iteration 211: -12653.943434128538
L2 norm of gradient: 252.96624872332086
Iteration 212: -14538.315207635751
L2 norm of gradient: 35.30135044266917
Iteration 213: -14865.363671460655
L2 norm of gradient: 32.53387560119676
Iteration 214: -14755.2335579223
L2 norm of gradient: 6.824952394098245
Iteration 215: -12834.25143574318
L2 norm of gradient: 31.42471648868198
Iteration 216: -11887.826597725507
L2 norm of gradient: 168.03147979916162
Iteration 217: -14176.543786882889
L2 norm of gradient: 33.72082730659934
Iteration 218: -14446.934214039473
L2 norm of gradient: 4.1798904886908375
Iteration 219: -12660.460381226148
L2 norm of gradient: 63.732619110642545
Iteration 220: -15929.736617621733
L2 norm of gradient: 15.085230953062311
Iteration 221: -14062.226312895538
L2 norm of gradient: 14.166194025330414
Iteration 222: -15406.531024203869
L2 norm of gradient: 381.17797488411065
Iteration 223: -15230.729922520695
L2 norm of gradient: 8.273976231122877
Iteration 224: -14815.1617020173
L2 norm of gradient: 24.185495457310132
Iteration 225: -16201.481301653897
L2 norm of gradient: 329.7920501351818
Iteration 226: -14351.670635004528
L2 norm of gradient: 183.74392448857844
Iteration 227: -12469.827342764009
L2 norm of gradient: 113.30987980074515
Iteration 228: -12079.733875178266
L2 norm of gradient: 36.04987577469444
Iteration 229: -15170.082743949722
L2 norm of gradient: 17.071454310779934
Iteration 230: -12649.947053623153
L2 norm of gradient: 188.58214110077094
Iteration 231: -14906.733938043471
L2 norm of gradient: 2.830241986343113
Iteration 232: -13429.878076038556
L2 norm of gradient: 201.33084240111828
Iteration 233: -13074.359319837298
L2 norm of gradient: 74.45854667110083
Iteration 234: -13767.513403577963
L2 norm of gradient: 223.92826777045795
Iteration 235: -13985.433876886265
L2 norm of gradient: 34.702459341923586
Iteration 236: -15355.893846129533
L2 norm of gradient: 59.256090169343246
Iteration 237: -14419.900410348084
L2 norm of gradient: 38.22733478335088
Iteration 238: -14022.281978620449
L2 norm of gradient: 21.89724882245387
Iteration 239: -16598.94421751867
L2 norm of gradient: 12.826936285439029
Iteration 240: -13396.906201062491
L2 norm of gradient: 3.31007101179086
Iteration 241: -15550.215447953437
L2 norm of gradient: 41.855252787497264
Iteration 242: -13996.602459036047
L2 norm of gradient: 190.01613269721122
Iteration 243: -14907.7739797635
L2 norm of gradient: 297.26084658250255
Iteration 244: -13808.080925996648
L2 norm of gradient: 225.32587351146566
Iteration 245: -14927.507137586595
L2 norm of gradient: 335.88651053548244
Iteration 246: -13167.635801511817
L2 norm of gradient: 308.4321277470019
Iteration 247: -14985.027309275698
L2 norm of gradient: 10.613625709415011
Iteration 248: -15150.443369892659
L2 norm of gradient: 6.305002481050744
Iteration 249: -14384.63714826759
L2 norm of gradient: 63.41204674524224
Iteration 250: -14127.554537388496
L2 norm of gradient: 265.95830562779344
Iteration 251: -15050.55098497332
L2 norm of gradient: 514.33852740988
Iteration 252: -14713.70456597372
L2 norm of gradient: 201.80393074325784
Iteration 253: -16244.20388252358
L2 norm of gradient: 232.66771578207025
Iteration 254: -15028.24627037393
L2 norm of gradient: 320.4859161143828
Iteration 255: -12851.736871295143
L2 norm of gradient: 207.06778613412067
Iteration 256: -14462.048688585637
L2 norm of gradient: 7.301784155263846
Iteration 257: -13921.868935025996
L2 norm of gradient: 254.6535330084702
Iteration 258: -15107.282368086511
L2 norm of gradient: 369.3308059280198
Iteration 259: -15065.080006210832
L2 norm of gradient: 13.18923869335223
Iteration 260: -13882.81132540456
L2 norm of gradient: 29.317944204343007
Iteration 261: -12351.697973961942
L2 norm of gradient: 51.419802438334166
Iteration 262: -13098.62328843167
L2 norm of gradient: 29.943970873499733
Iteration 263: -15091.562794780126
L2 norm of gradient: 103.30316700171065
Iteration 264: -15511.981693196809
L2 norm of gradient: 214.952196580597
Iteration 265: -14910.548921003472
L2 norm of gradient: 238.39185402129877
Iteration 266: -14624.58885470475
L2 norm of gradient: 221.45965824241614
Iteration 267: -12921.966615791898
L2 norm of gradient: 352.5399825910756
Iteration 268: -16070.598824974615
L2 norm of gradient: 256.0148282772344
Iteration 269: -14457.76702316734
L2 norm of gradient: 51.936669904309724
Iteration 270: -14564.004616257967
L2 norm of gradient: 118.05237753888193
Iteration 271: -15391.372583112214
L2 norm of gradient: 15.968143484000558
Iteration 272: -12519.227159934817
L2 norm of gradient: 78.76732531665205
Iteration 273: -14662.789003241342
L2 norm of gradient: 221.99162808084333
Iteration 274: -12424.10148389428
L2 norm of gradient: 388.21567780903735
Iteration 275: -14671.482817105949
L2 norm of gradient: 207.3420079367059
Iteration 276: -15737.096146617783
L2 norm of gradient: 207.44426780453153
Iteration 277: -15815.011424219236
L2 norm of gradient: 14.473175868177854
Iteration 278: -13077.493794045178
L2 norm of gradient: 12.666669074423332
Iteration 279: -14350.543894463452
L2 norm of gradient: 82.53148898510996
Iteration 280: -15307.608154331334
L2 norm of gradient: 28.932871234825228
Iteration 281: -14177.99176404695
L2 norm of gradient: 22.805499612178394
Iteration 282: -14660.66910695401
L2 norm of gradient: 16.710194261840485
Iteration 283: -13735.432719521224
L2 norm of gradient: 23.86208668414806
Iteration 284: -12846.84745399584
L2 norm of gradient: 22.896884167905984
Iteration 285: -15030.778487382922
L2 norm of gradient: 43.72642156082276
Iteration 286: -14751.083721539937
L2 norm of gradient: 361.99937456071336
Iteration 287: -14951.56385165127
L2 norm of gradient: 16.872568848230976
Iteration 288: -14025.386011717143
L2 norm of gradient: 250.23803258223313
Iteration 289: -13802.655724834884
L2 norm of gradient: 45.100397430369156
Iteration 290: -14881.708554087905
L2 norm of gradient: 45.78465909246341
Iteration 291: -14117.010263088858
L2 norm of gradient: 47.52371912850527
Iteration 292: -13213.702199359192
L2 norm of gradient: 13.43266547936933
Iteration 293: -14661.522194643272
L2 norm of gradient: 35.42389800716364
Iteration 294: -14853.179244514322
L2 norm of gradient: 42.904369508949834
Iteration 295: -13959.054072959814
L2 norm of gradient: 44.28807836211764
Iteration 296: -15060.968341550091
L2 norm of gradient: 446.9407451145421
Iteration 297: -15190.424560097745
L2 norm of gradient: 247.80457980726266
Iteration 298: -15471.443890551105
L2 norm of gradient: 421.34568116466926
Iteration 299: -15511.315679699415
L2 norm of gradient: 429.3080307274048
Iteration 300: -16679.897030610126
L2 norm of gradient: 32.46035577957548
Iteration 301: -15156.293811649317
L2 norm of gradient: 462.4177712493344
Iteration 302: -13951.323202259606
L2 norm of gradient: 16.193196850338467
Iteration 303: -14194.623796097236
L2 norm of gradient: 190.04586785618827
Iteration 304: -13978.349226203049
L2 norm of gradient: 236.84833570763814
Iteration 305: -14033.910152232973
L2 norm of gradient: 19.318287630212716
Iteration 306: -14176.706422565272
L2 norm of gradient: 383.1698459680017
Iteration 307: -12216.360192866297
L2 norm of gradient: 292.4690292140477
Iteration 308: -16242.967817988014
L2 norm of gradient: 215.95089677139777
Iteration 309: -14215.56782369176
L2 norm of gradient: 388.2059015664852
Iteration 310: -15096.369130854728
L2 norm of gradient: 258.85783740644547
Iteration 311: -14365.936948508024
L2 norm of gradient: 16.070290823532122
Iteration 312: -14653.659473404754
L2 norm of gradient: 575.273022758999
Iteration 313: -13307.263146769721
L2 norm of gradient: 430.72649175561895
Iteration 314: -12797.967521607177
L2 norm of gradient: 87.45727971099792
Iteration 315: -14631.490379431983
L2 norm of gradient: 361.3024944199879
Iteration 316: -14501.696988051524
L2 norm of gradient: 267.5325520591814
Iteration 317: -15823.281578280265
L2 norm of gradient: 497.2587166140704
Iteration 318: -14961.150654718978
L2 norm of gradient: 273.08208587870513
Iteration 319: -13189.282406817656
L2 norm of gradient: 360.74356442689344
Iteration 320: -15227.011204445269
L2 norm of gradient: 467.9686438540478
Iteration 321: -13653.950953161344
L2 norm of gradient: 256.35162156455243
Iteration 322: -14900.867533027427
L2 norm of gradient: 76.77044838855653
Iteration 323: -14040.965323263546
L2 norm of gradient: 271.46638033157905
Iteration 324: -14544.40136744082
L2 norm of gradient: 285.6699339000022
Iteration 325: -14210.600762444548
L2 norm of gradient: 4.743906236097511
Iteration 326: -15874.965414060978
L2 norm of gradient: 573.040861555686
Iteration 327: -14714.798015956534
L2 norm of gradient: 51.63984914183236
Iteration 328: -14366.07378170779
L2 norm of gradient: 31.6557440543183
Iteration 329: -14045.406050509075
L2 norm of gradient: 7.6144730177178515
Iteration 330: -14800.943323541665
L2 norm of gradient: 41.648621039985635
Iteration 331: -15233.149987530429
L2 norm of gradient: 292.06693046538436
Iteration 332: -13725.23488872312
L2 norm of gradient: 33.05844155816074
Iteration 333: -15722.554619726492
L2 norm of gradient: 452.1597737053095
Iteration 334: -13149.995003232034
L2 norm of gradient: 265.6007073199958
Iteration 335: -14419.767183675664
L2 norm of gradient: 287.78877953878947
Iteration 336: -13980.203467660816
L2 norm of gradient: 66.93338716313441
Iteration 337: -13883.32053412334
L2 norm of gradient: 523.5067638224555
Iteration 338: -15000.534313885495
L2 norm of gradient: 17.21812347260822
Iteration 339: -14763.061282142997
L2 norm of gradient: 293.5866354213178
Iteration 340: -14980.010881252587
L2 norm of gradient: 39.421051155519905
Iteration 341: -13116.515386584913
L2 norm of gradient: 431.4128800925957
Iteration 342: -14595.567031538114
L2 norm of gradient: 218.08596673801253
Iteration 343: -13502.128090605838
L2 norm of gradient: 14.999189771998552
Iteration 344: -14620.324654609663
L2 norm of gradient: 295.7709740319442
Iteration 345: -13506.458889185684
L2 norm of gradient: 442.10966113686266
Iteration 346: -14432.106644020649
L2 norm of gradient: 47.724019236106955
Iteration 347: -13199.860382986953
L2 norm of gradient: 441.9606888171957
Iteration 348: -14132.03986617853
L2 norm of gradient: 33.01618918269037
Iteration 349: -14501.28380270768
L2 norm of gradient: 281.04492334863386
Iteration 350: -14737.089686303865
L2 norm of gradient: 290.61907738303313
Iteration 351: -15291.171165131032
L2 norm of gradient: 296.1403149208034
Iteration 352: -13818.177435836522
L2 norm of gradient: 64.98332371068675
Iteration 353: -14354.14975581877
L2 norm of gradient: 282.23529226764595
Iteration 354: -13923.749445693335
L2 norm of gradient: 85.29732735444125
Iteration 355: -13759.70911302371
L2 norm of gradient: 279.1940739244753
Iteration 356: -14844.081075788708
L2 norm of gradient: 23.622155122837476
Iteration 357: -16360.503529195674
L2 norm of gradient: 273.85812512946444
Iteration 358: -12255.500366663327
L2 norm of gradient: 517.5096834791077
Iteration 359: -14727.726065744646
L2 norm of gradient: 482.06058064429254
Iteration 360: -16487.35901055741
L2 norm of gradient: 963.9038874044132
Iteration 361: -15429.27373450133
L2 norm of gradient: 334.67135977229526
Iteration 362: -14998.088006588863
L2 norm of gradient: 295.1340450991284
Iteration 363: -14081.717859598575
L2 norm of gradient: 27.57133879909989
Iteration 364: -12685.811263562879
L2 norm of gradient: 281.7470093343317
Iteration 365: -14259.458033138886
L2 norm of gradient: 62.59187295784555
Iteration 366: -14251.540558903944
L2 norm of gradient: 107.48529588277995
Iteration 367: -15389.278946186416
L2 norm of gradient: 60.99681401856572
Iteration 368: -14288.738242929801
L2 norm of gradient: 100.81820362800093
Iteration 369: -16178.50855315593
L2 norm of gradient: 59.56637742232831
Iteration 370: -14753.87400674983
L2 norm of gradient: 643.3793735614964
Iteration 371: -15197.011431561317
L2 norm of gradient: 262.99917244007406
Iteration 372: -15232.886674896814
L2 norm of gradient: 94.85629488754873
Iteration 373: -13722.17639342742
L2 norm of gradient: 517.7306196630644
Iteration 374: -13213.2890801162
L2 norm of gradient: 766.7487565625
Iteration 375: -14577.369078614283
L2 norm of gradient: 263.5828579140371
Iteration 376: -14498.012510655914
L2 norm of gradient: 254.708097236503
Iteration 377: -11431.416036048904
L2 norm of gradient: 709.0867063242881
Iteration 378: -15341.488014797913
L2 norm of gradient: 28.95404362849449
Iteration 379: -13922.05900525325
L2 norm of gradient: 276.20418001553935
Iteration 380: -14226.578679993749
L2 norm of gradient: 306.7090557693048
Iteration 381: -14394.826274009189
L2 norm of gradient: 22.112605769540224
Iteration 382: -15745.431829349604
L2 norm of gradient: 113.6811389045815
Iteration 383: -14962.194651453057
L2 norm of gradient: 33.4792409849925
Iteration 384: -12823.961930271471
L2 norm of gradient: 115.0259343415666
Iteration 385: -14414.999594180146
L2 norm of gradient: 29.794818460767246
Iteration 386: -14960.283905068412
L2 norm of gradient: 307.4215756475734
Iteration 387: -15158.875746559119
L2 norm of gradient: 272.73376700242534
Iteration 388: -14336.885606727097
L2 norm of gradient: 14.493225210347392
Iteration 389: -13413.78613903094
L2 norm of gradient: 311.43787196449983
Iteration 390: -15485.99326587771
L2 norm of gradient: 325.2374477154372
Iteration 391: -14555.548668663483
L2 norm of gradient: 1248.1281827772457
Iteration 392: -14970.114933800884
L2 norm of gradient: 520.0209069028017
Iteration 393: -13521.553553542122
L2 norm of gradient: 1104.4655767463044
Iteration 394: -13874.881309436634
L2 norm of gradient: 281.1689051861762
Iteration 395: -14783.494063074235
L2 norm of gradient: 98.2064046958942
Iteration 396: -14309.501891729422
L2 norm of gradient: 72.25139286227201
Iteration 397: -12352.76494803722
L2 norm of gradient: 203.1112507971948
Iteration 398: -16111.537162829423
L2 norm of gradient: 98.25002258950413
Iteration 399: -14525.697623076849
L2 norm of gradient: 120.44702324805749
Iteration 400: -14630.168999612797
L2 norm of gradient: 875.3704801916645
Iteration 401: -12659.197478096234
L2 norm of gradient: 120.16957984658123
Iteration 402: -14701.275720901089
L2 norm of gradient: 88.16879254886021
Iteration 403: -13250.048440849409
L2 norm of gradient: 129.66617091998404
Iteration 404: -14232.572534361621
L2 norm of gradient: 302.05826273982046
Iteration 405: -14903.846620472148
L2 norm of gradient: 15.58834204096456
Iteration 406: -14479.149177784566
L2 norm of gradient: 530.7451041120747
Iteration 407: -13208.709738414967
L2 norm of gradient: 62.2905530056141
Iteration 408: -15243.041652712505
L2 norm of gradient: 492.923062098851
Iteration 409: -14853.933623057092
L2 norm of gradient: 251.33955340383542
Iteration 410: -12242.655975249363
L2 norm of gradient: 529.9127574136493
Iteration 411: -14321.486884461716
L2 norm of gradient: 364.15905937319843
Iteration 412: -14830.270028233062
L2 norm of gradient: 990.9600089678944
Iteration 413: -13779.134166226722
L2 norm of gradient: 363.2422453537409
Iteration 414: -14183.406468590954
L2 norm of gradient: 142.5009216284342
Iteration 415: -15182.956510116812
L2 norm of gradient: 9.763489224628792
Iteration 416: -14968.6606737189
L2 norm of gradient: 354.6045027891828
Iteration 417: -14911.027600390138
L2 norm of gradient: 140.6892741084929
Iteration 418: -14587.813876935514
L2 norm of gradient: 364.9891947114765
Iteration 419: -15994.847927705385
L2 norm of gradient: 399.0579229200057
Iteration 420: -15331.09115955024
L2 norm of gradient: 69.22282391434584
Iteration 421: -14413.185738412663
L2 norm of gradient: 542.8369031499826
Iteration 422: -15177.947792207357
L2 norm of gradient: 49.814461717465306
Iteration 423: -14923.210989716928
L2 norm of gradient: 72.60445818622263
Iteration 424: -14303.590187314898
L2 norm of gradient: 69.28235325781816
Iteration 425: -14437.540912466124
L2 norm of gradient: 54.07156177404339
Iteration 426: -13860.655136324
L2 norm of gradient: 109.34346982458197
Iteration 427: -14513.34807987255
L2 norm of gradient: 1083.3840286429643
Iteration 428: -14733.402187063126
L2 norm of gradient: 72.56594621856681
Iteration 429: -14854.104042345658
L2 norm of gradient: 155.3132348184875
Iteration 430: -14612.243126791902
L2 norm of gradient: 514.7142072354515
Iteration 431: -14012.245870583225
L2 norm of gradient: 47.38670409711072
Iteration 432: -13868.875205343124
L2 norm of gradient: 7.258421532726907
Iteration 433: -13607.116157125449
L2 norm of gradient: 350.9092706843568
Iteration 434: -13869.741983256536
L2 norm of gradient: 78.1301167388987
Iteration 435: -14852.6972654548
L2 norm of gradient: 380.19278196363734
Iteration 436: -15648.694252702873
L2 norm of gradient: 34.18605449645545
Iteration 437: -11671.82453698013
L2 norm of gradient: 85.92580648255802
Iteration 438: -14769.034785716794
L2 norm of gradient: 127.32754419134349
Iteration 439: -14662.531708484981
L2 norm of gradient: 37.906189656048774
Iteration 440: -14006.28327884688
L2 norm of gradient: 422.7625024435567
Iteration 441: -13758.843411622569
L2 norm of gradient: 594.9329320143635
Iteration 442: -15582.665120272664
L2 norm of gradient: 109.59214543553841
Iteration 443: -13354.863121136092
L2 norm of gradient: 134.93878580336303
Iteration 444: -15097.943355134688
L2 norm of gradient: 306.35399502508386
Iteration 445: -14278.896469033789
L2 norm of gradient: 558.0226653216846
Iteration 446: -13250.548229936045
L2 norm of gradient: 686.5840573000565
Iteration 447: -12850.235970692243
L2 norm of gradient: 140.72165290171046
Iteration 448: -15061.676305532688
L2 norm of gradient: 309.0197664611834
Iteration 449: -13201.516963406
L2 norm of gradient: 86.69030478425137
Iteration 450: -15415.999334362801
L2 norm of gradient: 14.969271670516596
Iteration 451: -15580.207758132834
L2 norm of gradient: 60.46751240136936
Iteration 452: -15021.263284136076
L2 norm of gradient: 140.41498599303034
Iteration 453: -14233.490763321519
L2 norm of gradient: 45.79907251542754
Iteration 454: -14927.922322574304
L2 norm of gradient: 28.181756886450202
Iteration 455: -15732.468839148292
L2 norm of gradient: 8.84653229903475
Iteration 456: -14158.247789419256
L2 norm of gradient: 517.4000193864827
Iteration 457: -14738.45229053218
L2 norm of gradient: 48.94782496985336
Iteration 458: -13792.761790426914
L2 norm of gradient: 87.50361754143073
Iteration 459: -14087.220830554143
L2 norm of gradient: 451.0430181726364
Iteration 460: -16061.028872658964
L2 norm of gradient: 169.71792347181625
Iteration 461: -13765.27048238716
L2 norm of gradient: 65.67038736312212
Iteration 462: -12960.980116880266
L2 norm of gradient: 145.20975189749146
Iteration 463: -13050.72745279828
L2 norm of gradient: 392.6023231818679
Iteration 464: -15212.204788352363
L2 norm of gradient: 534.4410030608714
Iteration 465: -15362.644250559853
L2 norm of gradient: 272.5165107287019
Iteration 466: -14192.43881680863
L2 norm of gradient: 130.48075780718162
Iteration 467: -13897.792329413816
L2 norm of gradient: 360.7794351048664
Iteration 468: -15981.251974969171
L2 norm of gradient: 589.9785953584799
Iteration 469: -14223.882274748059
L2 norm of gradient: 1001.0268831754634
Iteration 470: -13958.48221175163
L2 norm of gradient: 227.70246450263377
Iteration 471: -14716.900283067953
L2 norm of gradient: 129.58700372782747
Iteration 472: -13612.52297786693
L2 norm of gradient: 371.0606819775963
Iteration 473: -13734.550245192135
L2 norm of gradient: 19.932082723629524
Iteration 474: -14959.968293175101
L2 norm of gradient: 72.40466479056823
Iteration 475: -14572.905254430138
L2 norm of gradient: 165.75809731702532
Iteration 476: -15216.989460303215
L2 norm of gradient: 49.75243417666459
Iteration 477: -14512.205415004632
L2 norm of gradient: 107.07980481245178
Iteration 478: -14582.772484184941
L2 norm of gradient: 43.21686763809
Iteration 479: -14648.805347384885
L2 norm of gradient: 375.43853900851093
Iteration 480: -13890.420951689128
L2 norm of gradient: 754.8401122546362
Iteration 481: -13863.867037997581
L2 norm of gradient: 661.3318100133175
Iteration 482: -14006.559806249803
L2 norm of gradient: 386.89716102970596
Iteration 483: -15528.732788583264
L2 norm of gradient: 108.00338953168165
Iteration 484: -15273.924374042312
L2 norm of gradient: 117.9035116379247
Iteration 485: -15543.057878206484
L2 norm of gradient: 46.377459569022314
Iteration 486: -14522.165907382034
L2 norm of gradient: 309.83661663827
Iteration 487: -15336.867329394678
L2 norm of gradient: 18.783932291182666
Iteration 488: -14645.924166986253
L2 norm of gradient: 225.429216725849
Iteration 489: -14524.80613490357
L2 norm of gradient: 704.3225053130823
Iteration 490: -13942.239020952955
L2 norm of gradient: 73.59488316670911
Iteration 491: -15400.97381589259
L2 norm of gradient: 101.42425113819341
Iteration 492: -15030.084940099157
L2 norm of gradient: 480.27020739972033
Iteration 493: -14821.259500873508
L2 norm of gradient: 148.2847933515067
Iteration 494: -14617.77357206284
L2 norm of gradient: 116.70327577453227
Iteration 495: -13556.310175253544
L2 norm of gradient: 196.83195009336012
Iteration 496: -12168.270337074995
L2 norm of gradient: 370.34661744204794
Iteration 497: -14182.19836753211
L2 norm of gradient: 75.41424912546387
Iteration 498: -14150.754804299213
L2 norm of gradient: 166.9599324223055
Iteration 499: -15987.485946831526
[ { query: [ 'Who is a doctor', [Object] ],
    trueResult: 
     Marginal:
         "John and Mary are doctors" : 0.380020640450514
         "John and Mary are doctors and teachers" : 0.20855974943514632
         "John is a doctor" : 0.08655534418766547
         "Mary is a doctor" : 0.08655534418766547
         "John is a doctor and a teacher" : 0.04750258005631425
         "Mary is a doctor and a teacher" : 0.04750258005631425
         "John and Mary are doctors or teachers" : 0.018309772241219994
         "John or Mary is a doctor and a teacher" : 0.01641723975145466
         "John is a doctor or a teacher" : 0.014074838535204214
         "Mary is a doctor or a teacher" : 0.014074838535204214
         "John or Mary is a doctor" : 0.014074838535204214
         "Mary is a teacher" : 0.010819418023458179
         "John is a teacher" : 0.010819418023458179
         "John is not a teacher" : 0.008015222008949992
         "Mary is not a teacher" : 0.008015222008949992
         "John and Mary are teachers" : 0.0059378225070392835
         "John or Mary is a teacher" : 0.005937822507039272
         "John and Mary are not teachers" : 0.0043988471043886965
         "John or Mary is not a teacher" : 0.0043988471043886965
         "John or Mary is a doctor or a teacher" : 0.003954910804103521
         "John is not a doctor and a teacher" : 0.0013033621050040592
         "Mary is not a doctor and a teacher" : 0.0013033621050040592
         "John or Mary is not a doctor and a teacher" : 0.0012360388998589598
         "John and Mary are not doctors and teachers" : 0.00021194082645043896,
    learnedResult: 
     Marginal:
         "John is a doctor" : 0.25228479261002734
         "Mary is a doctor" : 0.25228479261002734
         "John and Mary are doctors" : 0.04124644129554535
         "Mary is a teacher" : 0.03153559907625341
         "John is a teacher" : 0.03153559907625341
         "John is a doctor and a teacher" : 0.02840864310845606
         "Mary is a doctor and a teacher" : 0.02840864310845601
         "Mary is not a teacher" : 0.02336214639580206
         "John is not a teacher" : 0.02336214639580202
         "John or Mary is a doctor" : 0.01825503478687153
         "John is a doctor or a teacher" : 0.017633003226711106
         "Mary is a doctor or a teacher" : 0.017633003226711106
         "John or Mary is a teacher" : 0.0173071037242439
         "John and Mary are teachers" : 0.017307103724243843
         "John is not a doctor" : 0.015908088566840572
         "Mary is not a doctor" : 0.015908088566840572
         "John or Mary is not a teacher" : 0.01282141778614827
         "John and Mary are not teachers" : 0.01282141778614827
         "John is not a doctor or a teacher" : 0.012792539177010447
         "Mary is not a doctor or a teacher" : 0.012792539177010447
         "John or Mary is not a doctor" : 0.0127568773137884
         "John is not a doctor and a teacher" : 0.012213153273553986
         "Mary is not a doctor and a teacher" : 0.012213153273553986
         "John and Mary are not doctors" : 0.011605097522120812
         "John and Mary are doctors and teachers" : 0.010932801306312745
         "John or Mary is a doctor and a teacher" : 0.009567714728830957
         "John and Mary are doctors or teachers" : 0.009559492075907713
         "John or Mary is a doctor or a teacher" : 0.00950150453944911
         "John or Mary is not a doctor or a teacher" : 0.007036322240361627
         "John and Mary are not doctors or teachers" : 0.007032215830084729
         "John or Mary is not a doctor and a teacher" : 0.007031677811372842
         "John and Mary are not doctors and teachers" : 0.00694184665926039,
    KLDivergence: 1.2586366170954189 },
  { query: [ 'Who is a doctor', [Object] ],
    trueResult: 
     Marginal:
         "John and Mary are doctors" : 0.380020640450514
         "John and Mary are doctors and teachers" : 0.20855974943514632
         "John is a doctor" : 0.08655534418766547
         "Mary is a doctor" : 0.08655534418766547
         "John is a doctor and a teacher" : 0.04750258005631425
         "Mary is a doctor and a teacher" : 0.04750258005631425
         "John and Mary are doctors or teachers" : 0.018309772241219994
         "John or Mary is a doctor and a teacher" : 0.01641723975145466
         "John is a doctor or a teacher" : 0.014074838535204214
         "Mary is a doctor or a teacher" : 0.014074838535204214
         "John or Mary is a doctor" : 0.014074838535204214
         "Mary is a teacher" : 0.010819418023458179
         "John is a teacher" : 0.010819418023458179
         "John is not a teacher" : 0.008015222008949992
         "Mary is not a teacher" : 0.008015222008949992
         "John and Mary are teachers" : 0.0059378225070392835
         "John or Mary is a teacher" : 0.005937822507039272
         "John and Mary are not teachers" : 0.0043988471043886965
         "John or Mary is not a teacher" : 0.0043988471043886965
         "John or Mary is a doctor or a teacher" : 0.003954910804103521
         "John is not a doctor and a teacher" : 0.0013033621050040592
         "Mary is not a doctor and a teacher" : 0.0013033621050040592
         "John or Mary is not a doctor and a teacher" : 0.0012360388998589598
         "John and Mary are not doctors and teachers" : 0.00021194082645043896,
    learnedResult: 
     Marginal:
         "John is a doctor" : 0.25228479261002734
         "Mary is a doctor" : 0.25228479261002734
         "John and Mary are doctors" : 0.04124644129554535
         "Mary is a teacher" : 0.03153559907625341
         "John is a teacher" : 0.03153559907625341
         "John is a doctor and a teacher" : 0.02840864310845606
         "Mary is a doctor and a teacher" : 0.02840864310845601
         "Mary is not a teacher" : 0.02336214639580206
         "John is not a teacher" : 0.02336214639580202
         "John or Mary is a doctor" : 0.01825503478687153
         "John is a doctor or a teacher" : 0.017633003226711106
         "Mary is a doctor or a teacher" : 0.017633003226711106
         "John or Mary is a teacher" : 0.0173071037242439
         "John and Mary are teachers" : 0.017307103724243843
         "John is not a doctor" : 0.015908088566840572
         "Mary is not a doctor" : 0.015908088566840572
         "John or Mary is not a teacher" : 0.01282141778614827
         "John and Mary are not teachers" : 0.01282141778614827
         "John is not a doctor or a teacher" : 0.012792539177010447
         "Mary is not a doctor or a teacher" : 0.012792539177010447
         "John or Mary is not a doctor" : 0.0127568773137884
         "John is not a doctor and a teacher" : 0.012213153273553986
         "Mary is not a doctor and a teacher" : 0.012213153273553986
         "John and Mary are not doctors" : 0.011605097522120812
         "John and Mary are doctors and teachers" : 0.010932801306312745
         "John or Mary is a doctor and a teacher" : 0.009567714728830957
         "John and Mary are doctors or teachers" : 0.009559492075907713
         "John or Mary is a doctor or a teacher" : 0.00950150453944911
         "John or Mary is not a doctor or a teacher" : 0.007036322240361627
         "John and Mary are not doctors or teachers" : 0.007032215830084729
         "John or Mary is not a doctor and a teacher" : 0.007031677811372842
         "John and Mary are not doctors and teachers" : 0.00694184665926039,
    KLDivergence: 1.2586366170954189 },
  { query: [ 'Who is a doctor and a teacher', [Object] ],
    trueResult: 
     Marginal:
         "John is a doctor and a teacher" : 0.5057429117707349
         "John is a doctor" : 0.11519045846271186
         "John is a teacher" : 0.11519045846271186
         "John or Mary is a doctor and a teacher" : 0.051789172217255514
         "Mary is not a teacher" : 0.02528450088232814
         "Mary is not a doctor" : 0.02528450088232814
         "John and Mary are teachers" : 0.018731218954471676
         "John and Mary are doctors" : 0.018731218954471676
         "John or Mary is a teacher" : 0.018731218954471645
         "John is a doctor or a teacher" : 0.018731218954471645
         "John or Mary is a doctor" : 0.018731218954471645
         "Mary is not a doctor or a teacher" : 0.013876428297051366
         "Mary is not a doctor and a teacher" : 0.013876428297051366
         "John and Mary are doctors or teachers" : 0.007219910001734958
         "Mary is a doctor or a teacher" : 0.00554999080132493
         "John or Mary is a doctor or a teacher" : 0.005263314391264789
         "Mary is a doctor" : 0.004266313276396742
         "Mary is a teacher" : 0.004266313276396742
         "John or Mary is not a doctor" : 0.004111534310237441
         "John or Mary is not a teacher" : 0.004111534310237441
         "John or Mary is not a doctor and a teacher" : 0.003899159202225257
         "John or Mary is not a doctor or a teacher" : 0.0014209763856506024,
    learnedResult: 
     Marginal:
         "John is a doctor" : 0.06561666171978886
         "John is a teacher" : 0.06416736681364237
         "Mary is a doctor" : 0.059535124634220546
         "Mary is a teacher" : 0.05938982171110518
         "Mary is not a teacher" : 0.043711758692355426
         "Mary is not a doctor" : 0.043698884378207764
         "John is not a teacher" : 0.043300243247486256
         "John is not a doctor" : 0.04317995616461209
         "John is a doctor and a teacher" : 0.033412527897124386
         "John and Mary are doctors" : 0.03307307171889284
         "John and Mary are teachers" : 0.0329257540706716
         "Mary is a doctor and a teacher" : 0.032460102108800945
         "John is a doctor or a teacher" : 0.032459018585048946
         "John or Mary is a doctor" : 0.032429966226119655
         "John or Mary is a teacher" : 0.032424372630013465
         "Mary is a doctor or a teacher" : 0.032409066450453855
         "Mary is not a doctor or a teacher" : 0.024005940280157904
         "John or Mary is not a teacher" : 0.02400496668259001
         "John or Mary is not a doctor" : 0.02400458112439309
         "Mary is not a doctor and a teacher" : 0.024002531663779705
         "John is not a doctor or a teacher" : 0.024001485966415975
         "John and Mary are not teachers" : 0.02396751732565601
         "John and Mary are not doctors" : 0.023956624093218894
         "John is not a doctor and a teacher" : 0.023940166523733677
         "John and Mary are doctors and teachers" : 0.017867394742382765
         "John and Mary are doctors or teachers" : 0.017790251227279244
         "John or Mary is a doctor and a teacher" : 0.01778712408687846
         "John or Mary is a doctor or a teacher" : 0.01778450807740075
         "John or Mary is not a doctor or a teacher" : 0.013174919222262717
         "John or Mary is not a doctor and a teacher" : 0.01317473443455575
         "John and Mary are not doctors or teachers" : 0.01317451252702929
         "John and Mary are not doctors and teachers" : 0.013169044973721516,
    KLDivergence: 1.3991497430489308 },
  { query: [ 'Who is a doctor or a teacher', [Object] ],
    trueResult: 
     Marginal:
         "John and Mary are doctors" : 0.1056107851909732
         "John and Mary are teachers" : 0.1056107851909732
         "John is a doctor" : 0.08118368320238828
         "John is a teacher" : 0.08118368320238828
         "Mary is a teacher" : 0.08118368320238828
         "Mary is a doctor" : 0.08118368320238828
         "John and Mary are doctors or teachers" : 0.05796042780983282
         "John and Mary are doctors and teachers" : 0.05796042780983277
         "Mary is a doctor and a teacher" : 0.044554550002441795
         "John is a doctor and a teacher" : 0.044554550002441795
         "Mary is a doctor or a teacher" : 0.04455455000244175
         "John is a doctor or a teacher" : 0.04455455000244175
         "John or Mary is a teacher" : 0.03129208450102909
         "John or Mary is a doctor" : 0.03129208450102909
         "John or Mary is a doctor and a teacher" : 0.021122604886965272
         "John or Mary is a doctor or a teacher" : 0.012519452406923889
         "John is not a doctor and a teacher" : 0.009779799246246973
         "Mary is not a doctor and a teacher" : 0.009779799246246973
         "John is not a teacher" : 0.007517793967297686
         "Mary is not a teacher" : 0.007517793967297686
         "Mary is not a doctor" : 0.007517793967297686
         "John is not a doctor" : 0.007517793967297686
         "John or Mary is not a doctor and a teacher" : 0.00651387501985663
         "John or Mary is not a doctor" : 0.00565960604528182
         "John or Mary is not a teacher" : 0.00565960604528182
         "John and Mary are not doctors and teachers" : 0.0037696035994540657
         "John and Mary are not doctors" : 0.0012224749057808738
         "John and Mary are not teachers" : 0.0012224749057808738,
    learnedResult: 
     Marginal:
         "John is a teacher" : 0.059901200553991604
         "John is a doctor" : 0.05988414845714539
         "Mary is a doctor" : 0.05985889925839589
         "Mary is a teacher" : 0.05985364911672527
         "Mary is not a teacher" : 0.04434982911841599
         "Mary is not a doctor" : 0.04434936144098928
         "John is not a doctor" : 0.04434711269517198
         "John is not a teacher" : 0.044345594400751406
         "John is a doctor and a teacher" : 0.0328591188886108
         "John and Mary are teachers" : 0.03285716851457862
         "John and Mary are doctors" : 0.03285589939930563
         "John is a doctor or a teacher" : 0.032854735887882604
         "John or Mary is a teacher" : 0.03285448738647138
         "John or Mary is a doctor" : 0.03285446287743003
         "Mary is a doctor or a teacher" : 0.03285434294930069
         "Mary is a doctor and a teacher" : 0.03285290660556302
         "Mary is not a doctor and a teacher" : 0.024339263595582077
         "Mary is not a doctor or a teacher" : 0.024339171054367607
         "John or Mary is not a doctor" : 0.024339160975204045
         "John or Mary is not a teacher" : 0.02433915930581856
         "John is not a doctor or a teacher" : 0.024339135991405497
         "John and Mary are not doctors" : 0.024339054017390067
         "John and Mary are not teachers" : 0.024338959717666805
         "John is not a doctor and a teacher" : 0.024338851969675456
         "John and Mary are doctors and teachers" : 0.018031168783722976
         "John and Mary are doctors or teachers" : 0.018030919322291117
         "John or Mary is a doctor and a teacher" : 0.018030899998001313
         "John or Mary is a doctor or a teacher" : 0.01803089585582408
         "John or Mary is not a doctor or a teacher" : 0.013357615823848376
         "John or Mary is not a doctor and a teacher" : 0.013357615528190609
         "John and Mary are not doctors or teachers" : 0.013357614166814982
         "John and Mary are not doctors and teachers" : 0.013357596343467408,
    KLDivergence: 0.4263873749044546 },
  { query: [ 'Who is not a doctor and a teacher', [Object] ],
    trueResult: 
     Marginal:
         "John is a doctor and a teacher" : 0.5057429117707349
         "John is a doctor" : 0.11519045846271186
         "John is a teacher" : 0.11519045846271186
         "John or Mary is a doctor and a teacher" : 0.051789172217255514
         "Mary is not a teacher" : 0.02528450088232814
         "Mary is not a doctor" : 0.02528450088232814
         "John and Mary are teachers" : 0.018731218954471676
         "John and Mary are doctors" : 0.018731218954471676
         "John or Mary is a teacher" : 0.018731218954471645
         "John is a doctor or a teacher" : 0.018731218954471645
         "John or Mary is a doctor" : 0.018731218954471645
         "Mary is not a doctor or a teacher" : 0.013876428297051366
         "Mary is not a doctor and a teacher" : 0.013876428297051366
         "John and Mary are doctors or teachers" : 0.007219910001734958
         "Mary is a doctor or a teacher" : 0.00554999080132493
         "John or Mary is a doctor or a teacher" : 0.005263314391264789
         "Mary is a doctor" : 0.004266313276396742
         "Mary is a teacher" : 0.004266313276396742
         "John or Mary is not a doctor" : 0.004111534310237441
         "John or Mary is not a teacher" : 0.004111534310237441
         "John or Mary is not a doctor and a teacher" : 0.003899159202225257
         "John or Mary is not a doctor or a teacher" : 0.0014209763856506024,
    learnedResult: 
     Marginal:
         "John is a doctor" : 0.059914661121494045
         "John is a teacher" : 0.0599027941408466
         "Mary is a doctor" : 0.05986308454440306
         "Mary is a teacher" : 0.059861820771840296
         "Mary is not a teacher" : 0.044345821215737026
         "Mary is not a doctor" : 0.044345708654354984
         "John is not a teacher" : 0.04434217271345537
         "John is not a doctor" : 0.044341116357949725
         "John is a doctor and a teacher" : 0.03286073007263449
         "John and Mary are doctors" : 0.03285776423593839
         "John and Mary are teachers" : 0.03285649590934592
         "John is a doctor or a teacher" : 0.03285272067267565
         "John or Mary is a doctor" : 0.03285246419359232
         "John or Mary is a teacher" : 0.03285241544308904
         "Mary is a doctor and a teacher" : 0.032852410032167975
         "Mary is a doctor or a teacher" : 0.03285228018877476
         "Mary is not a doctor or a teacher" : 0.02433755466679245
         "John or Mary is not a teacher" : 0.024337545676523176
         "Mary is not a doctor and a teacher" : 0.02433754539341224
         "John or Mary is not a doctor" : 0.02433754231469626
         "John is not a doctor or a teacher" : 0.024337515362587613
         "John and Mary are not teachers" : 0.024337239259913723
         "John and Mary are not doctors" : 0.024337144182117815
         "John is not a doctor and a teacher" : 0.024336994257850367
         "John and Mary are doctors and teachers" : 0.018030388492304587
         "John and Mary are doctors or teachers" : 0.018029753883256682
         "John or Mary is a doctor and a teacher" : 0.018029727401661453
         "John or Mary is a doctor or a teacher" : 0.01802970663746894
         "John or Mary is not a doctor or a teacher" : 0.013356733856497554
         "John or Mary is not a doctor and a teacher" : 0.013356732389291488
         "John and Mary are not doctors or teachers" : 0.013356730511213874
         "John and Mary are not doctors and teachers" : 0.013356685446112541,
    KLDivergence: 1.42310577979624 },
  { query: [ 'Who is not a doctor or a teacher', [Object] ],
    trueResult: 
     Marginal:
         "John and Mary are doctors" : 0.1056107851909732
         "John and Mary are teachers" : 0.1056107851909732
         "John is a doctor" : 0.08118368320238828
         "John is a teacher" : 0.08118368320238828
         "Mary is a teacher" : 0.08118368320238828
         "Mary is a doctor" : 0.08118368320238828
         "John and Mary are doctors or teachers" : 0.05796042780983282
         "John and Mary are doctors and teachers" : 0.05796042780983277
         "Mary is a doctor and a teacher" : 0.044554550002441795
         "John is a doctor and a teacher" : 0.044554550002441795
         "Mary is a doctor or a teacher" : 0.04455455000244175
         "John is a doctor or a teacher" : 0.04455455000244175
         "John or Mary is a teacher" : 0.03129208450102909
         "John or Mary is a doctor" : 0.03129208450102909
         "John or Mary is a doctor and a teacher" : 0.021122604886965272
         "John or Mary is a doctor or a teacher" : 0.012519452406923889
         "John is not a doctor and a teacher" : 0.009779799246246973
         "Mary is not a doctor and a teacher" : 0.009779799246246973
         "John is not a teacher" : 0.007517793967297686
         "Mary is not a teacher" : 0.007517793967297686
         "Mary is not a doctor" : 0.007517793967297686
         "John is not a doctor" : 0.007517793967297686
         "John or Mary is not a doctor and a teacher" : 0.00651387501985663
         "John or Mary is not a doctor" : 0.00565960604528182
         "John or Mary is not a teacher" : 0.00565960604528182
         "John and Mary are not doctors and teachers" : 0.0037696035994540657
         "John and Mary are not doctors" : 0.0012224749057808738
         "John and Mary are not teachers" : 0.0012224749057808738,
    learnedResult: 
     Marginal:
         "John is a teacher" : 0.05986757325634863
         "John is a doctor" : 0.05986741575844725
         "Mary is a doctor" : 0.05986718243028282
         "Mary is a teacher" : 0.059867133874396974
         "Mary is not a teacher" : 0.04435074820871775
         "Mary is not a doctor" : 0.04435074388385689
         "John is not a doctor" : 0.04435072310141115
         "John is not a teacher" : 0.04435070907317047
         "John is a doctor and a teacher" : 0.03285587894646417
         "John and Mary are teachers" : 0.032855860920526565
         "John and Mary are doctors" : 0.03285584919888961
         "John is a doctor or a teacher" : 0.03285583844064936
         "John or Mary is a teacher" : 0.032855836144008874
         "John or Mary is a doctor" : 0.03285583591785507
         "Mary is a doctor or a teacher" : 0.03285583480931434
         "Mary is a doctor and a teacher" : 0.03285582153752166
         "Mary is not a doctor and a teacher" : 0.024340202632105738
         "Mary is not a doctor or a teacher" : 0.024340201777046093
         "John or Mary is not a doctor" : 0.02434020168388589
         "John or Mary is not a teacher" : 0.024340201668482137
         "John is not a doctor or a teacher" : 0.02434020145301156
         "John and Mary are not doctors" : 0.024340200695011267
         "John and Mary are not teachers" : 0.02434019982402895
         "John is not a doctor and a teacher" : 0.024340198828055205
         "John and Mary are doctors and teachers" : 0.018031667442931
         "John and Mary are doctors or teachers" : 0.018031665137219145
         "John or Mary is a doctor and a teacher" : 0.01803166495863455
         "John or Mary is a doctor or a teacher" : 0.01803166492033716
         "John or Mary is not a doctor or a teacher" : 0.01335818591887288
         "John or Mary is not a doctor and a teacher" : 0.013358185916139312
         "John and Mary are not doctors or teachers" : 0.013358185903558221
         "John and Mary are not doctors and teachers" : 0.01335818573881921,
    KLDivergence: 0.42641555574334705 },
  { query: [ 'What is John', [Object] ],
    trueResult: 
     Marginal:
         "John is a doctor" : 0.23702792248662735
         "John is not a teacher" : 0.17559460378842734
         "John and Mary are doctors" : 0.130083681939854
         "John and Mary are not teachers" : 0.09636836179440914
         "John or Mary is a doctor" : 0.03854331316736411
         "John is a doctor or a teacher" : 0.03854331316736411
         "Mary is a teacher" : 0.029628490310828412
         "Mary is a doctor" : 0.029628490310828412
         "John is not a doctor and a teacher" : 0.02855358867982489
         "John or Mary is not a teacher" : 0.02855358867982489
         "Mary is not a doctor" : 0.02194932547355341
         "Mary is not a teacher" : 0.02194932547355341
         "John and Mary are doctors or teachers" : 0.021153018759865538
         "Mary is a doctor and a teacher" : 0.01626046024248175
         "Mary is a doctor or a teacher" : 0.016260460242481723
         "John and Mary are not doctors and teachers" : 0.0156705417197306
         "Mary is not a doctor or a teacher" : 0.012046045224301137
         "Mary is not a doctor and a teacher" : 0.012046045224301137
         "John or Mary is a doctor or a teacher" : 0.010830345605051172
         "John or Mary is not a doctor and a teacher" : 0.008023317360502066
         "John or Mary is a teacher" : 0.004817914145920514
         "John or Mary is not a doctor" : 0.0035691985849781176
         "John or Mary is a doctor and a teacher" : 0.0016651064329923299
         "John or Mary is not a doctor or a teacher" : 0.0012335411849350591,
    learnedResult: 
     Marginal:
         "John is a doctor" : 0.3492621051318674
         "John is not a teacher" : 0.04546701573149716
         "Mary is a teacher" : 0.043657763141483404
         "Mary is a doctor" : 0.043657763141483404
         "John and Mary are doctors" : 0.039328817220213676
         "Mary is not a teacher" : 0.0323424664094176
         "Mary is not a doctor" : 0.032342466409417535
         "John is a doctor and a teacher" : 0.025689314043085745
         "John or Mary is a doctor" : 0.024411062446707918
         "Mary is a doctor or a teacher" : 0.023959888417882998
         "Mary is a doctor and a teacher" : 0.023959888417882914
         "John is a doctor or a teacher" : 0.02356971184939879
         "John or Mary is a teacher" : 0.023514308095592247
         "John is not a doctor" : 0.022023097167284823
         "John and Mary are not teachers" : 0.0187338535089421
         "John is not a doctor or a teacher" : 0.017784910465006767
         "John or Mary is not a teacher" : 0.017780818558805055
         "Mary is not a doctor or a teacher" : 0.017749921905468563
         "Mary is not a doctor and a teacher" : 0.017749921905468532
         "John or Mary is not a doctor" : 0.017719061064376637
         "John is not a doctor and a teacher" : 0.01763205940054982
         "John and Mary are not doctors" : 0.016801059677350953
         "John and Mary are doctors and teachers" : 0.01326523936493756
         "John and Mary are teachers" : 0.013229102971551268
         "John or Mary is a doctor and a teacher" : 0.013153773380265217
         "John or Mary is a doctor or a teacher" : 0.013148136741969912
         "John and Mary are doctors or teachers" : 0.013108524171039762
         "John and Mary are not doctors or teachers" : 0.009744252746061551
         "John or Mary is not a doctor or a teacher" : 0.009741455952823925
         "John or Mary is not a doctor and a teacher" : 0.009741042558103655
         "John and Mary are not doctors and teachers" : 0.009731198004063456,
    KLDivergence: 0.4553255968772284 },
  { query: [ 'What is John', [Object] ],
    trueResult: 
     Marginal:
         "John is a doctor and a teacher" : 0.37545849217947985
         "John and Mary are doctors and teachers" : 0.20605598937841657
         "John is a doctor" : 0.08551624717081296
         "John is a teacher" : 0.08551624717081296
         "John and Mary are teachers" : 0.046932311522435
         "John and Mary are doctors" : 0.046932311522435
         "John or Mary is a doctor and a teacher" : 0.03844776478197857
         "John or Mary is a teacher" : 0.013905870080721474
         "John is a doctor or a teacher" : 0.013905870080721474
         "John or Mary is a doctor" : 0.013905870080721474
         "Mary is a teacher" : 0.010689530896351615
         "Mary is a doctor" : 0.010689530896351615
         "Mary is not a doctor" : 0.007918999258557448
         "Mary is not a teacher" : 0.007918999258557448
         "John and Mary are doctors or teachers" : 0.007631703310311726
         "Mary is a doctor and a teacher" : 0.005866538940304378
         "Mary is a doctor or a teacher" : 0.0058665389403043675
         "Mary is not a doctor or a teacher" : 0.004346038939316297
         "Mary is not a doctor and a teacher" : 0.004346038939316297
         "John or Mary is a doctor or a teacher" : 0.003907432094879606
         "John or Mary is not a doctor" : 0.0012877152412789025
         "John or Mary is not a teacher" : 0.0012877152412789025
         "John or Mary is not a doctor and a teacher" : 0.0012212002512970355
         "John or Mary is not a doctor or a teacher" : 0.00044504382335897773,
    learnedResult: 
     Marginal:
         "John is a doctor" : 0.2522855823471117
         "John is a teacher" : 0.2522855823471117
         "John is a doctor and a teacher" : 0.04124657041091513
         "Mary is a teacher" : 0.03153569779338895
         "Mary is a doctor" : 0.03153569779338895
         "John and Mary are doctors" : 0.028408732037157422
         "John and Mary are teachers" : 0.028408732037157373
         "Mary is not a teacher" : 0.023362219527254768
         "Mary is not a doctor" : 0.023362219527254726
         "John is a doctor or a teacher" : 0.01825509193133038
         "John or Mary is a doctor" : 0.01763305842399991
         "John or Mary is a teacher" : 0.01763305842399991
         "Mary is a doctor or a teacher" : 0.017307157901356576
         "Mary is a doctor and a teacher" : 0.017307157901356517
         "John is not a teacher" : 0.015908138364560655
         "John is not a doctor" : 0.015908138364560655
         "Mary is not a doctor or a teacher" : 0.012821457921540507
         "Mary is not a doctor and a teacher" : 0.012821457921540484
         "John or Mary is not a doctor" : 0.012799165937519901
         "John or Mary is not a teacher" : 0.012799165937519879
         "John is not a doctor or a teacher" : 0.012738579318614707
         "John and Mary are not doctors" : 0.012136057884518306
         "John and Mary are not teachers" : 0.012136057884518285
         "John is not a doctor and a teacher" : 0.011704586166166426
         "John and Mary are doctors and teachers" : 0.010981409133037532
         "John and Mary are doctors or teachers" : 0.009595861094933851
         "John or Mary is a doctor and a teacher" : 0.009543082865686036
         "John or Mary is a doctor or a teacher" : 0.009501523994170508
         "John or Mary is not a doctor or a teacher" : 0.0070363461182890805
         "John or Mary is not a doctor and a teacher" : 0.007033437868825332
         "John and Mary are not doctors or teachers" : 0.00702970443042983
         "John and Mary are not doctors and teachers" : 0.006939270390783581,
    KLDivergence: 1.261789460662226 },
  { query: [ 'What isn\'t John', [Object] ],
    trueResult: 
     Marginal:
         "John is a doctor and a teacher" : 0.37545849217947985
         "John and Mary are doctors and teachers" : 0.20605598937841657
         "John is a doctor" : 0.08551624717081296
         "John is a teacher" : 0.08551624717081296
         "John and Mary are teachers" : 0.046932311522435
         "John and Mary are doctors" : 0.046932311522435
         "John or Mary is a doctor and a teacher" : 0.03844776478197857
         "John or Mary is a teacher" : 0.013905870080721474
         "John is a doctor or a teacher" : 0.013905870080721474
         "John or Mary is a doctor" : 0.013905870080721474
         "Mary is a teacher" : 0.010689530896351615
         "Mary is a doctor" : 0.010689530896351615
         "Mary is not a doctor" : 0.007918999258557448
         "Mary is not a teacher" : 0.007918999258557448
         "John and Mary are doctors or teachers" : 0.007631703310311726
         "Mary is a doctor and a teacher" : 0.005866538940304378
         "Mary is a doctor or a teacher" : 0.0058665389403043675
         "Mary is not a doctor or a teacher" : 0.004346038939316297
         "Mary is not a doctor and a teacher" : 0.004346038939316297
         "John or Mary is a doctor or a teacher" : 0.003907432094879606
         "John or Mary is not a doctor" : 0.0012877152412789025
         "John or Mary is not a teacher" : 0.0012877152412789025
         "John or Mary is not a doctor and a teacher" : 0.0012212002512970355
         "John or Mary is not a doctor or a teacher" : 0.00044504382335897773,
    learnedResult: 
     Marginal:
         "John is a doctor" : 0.06124945047869638
         "John is a teacher" : 0.06124945047869638
         "Mary is a doctor" : 0.0596577376091275
         "Mary is a teacher" : 0.0596577376091275
         "Mary is not a teacher" : 0.04419553902549055
         "Mary is not a doctor" : 0.04419553902549055
         "John is not a doctor" : 0.044055157095763575
         "John is not a teacher" : 0.04405515709576348
         "John is a doctor and a teacher" : 0.03302089695834726
         "John and Mary are doctors" : 0.03289663877225506
         "John and Mary are teachers" : 0.03289663877225501
         "John is a doctor or a teacher" : 0.03275643512765051
         "John or Mary is a teacher" : 0.03274626216253872
         "John or Mary is a doctor" : 0.03274626216253872
         "Mary is a doctor or a teacher" : 0.03274086058293339
         "Mary is a doctor and a teacher" : 0.03274086058293332
         "Mary is not a doctor or a teacher" : 0.0242550260806369
         "Mary is not a doctor and a teacher" : 0.024255026080636857
         "John or Mary is not a doctor" : 0.024254654103336406
         "John or Mary is not a teacher" : 0.02425465410333634
         "John is not a doctor or a teacher" : 0.02425363657234152
         "John and Mary are not doctors" : 0.024243387569506503
         "John and Mary are not teachers" : 0.024243387569506492
         "John is not a doctor and a teacher" : 0.024236527121799065
         "John and Mary are doctors and teachers" : 0.017990969057159512
         "John and Mary are doctors or teachers" : 0.017970189378581563
         "John or Mary is a doctor and a teacher" : 0.017969280203415598
         "John or Mary is a doctor or a teacher" : 0.01796861801049801
         "John or Mary is not a doctor or a teacher" : 0.01331143687993908
         "John or Mary is not a doctor and a teacher" : 0.0133113902598482
         "John and Mary are not doctors or teachers" : 0.013311325721848434
         "John and Mary are not doctors and teachers" : 0.013309867748001714,
    KLDivergence: 1.375514661265878 },
  { query: [ 'What isn\'t John', [Object] ],
    trueResult: 
     Marginal:
         "John is a doctor and a teacher" : 0.37545849217947985
         "John and Mary are doctors and teachers" : 0.20605598937841657
         "John is a doctor" : 0.08551624717081296
         "John is a teacher" : 0.08551624717081296
         "John and Mary are teachers" : 0.046932311522435
         "John and Mary are doctors" : 0.046932311522435
         "John or Mary is a doctor and a teacher" : 0.03844776478197857
         "John or Mary is a teacher" : 0.013905870080721474
         "John is a doctor or a teacher" : 0.013905870080721474
         "John or Mary is a doctor" : 0.013905870080721474
         "Mary is a teacher" : 0.010689530896351615
         "Mary is a doctor" : 0.010689530896351615
         "Mary is not a doctor" : 0.007918999258557448
         "Mary is not a teacher" : 0.007918999258557448
         "John and Mary are doctors or teachers" : 0.007631703310311726
         "Mary is a doctor and a teacher" : 0.005866538940304378
         "Mary is a doctor or a teacher" : 0.0058665389403043675
         "Mary is not a doctor or a teacher" : 0.004346038939316297
         "Mary is not a doctor and a teacher" : 0.004346038939316297
         "John or Mary is a doctor or a teacher" : 0.003907432094879606
         "John or Mary is not a doctor" : 0.0012877152412789025
         "John or Mary is not a teacher" : 0.0012877152412789025
         "John or Mary is not a doctor and a teacher" : 0.0012212002512970355
         "John or Mary is not a doctor or a teacher" : 0.00044504382335897773,
    learnedResult: 
     Marginal:
         "John is a doctor" : 0.06124945047869638
         "John is a teacher" : 0.06124945047869638
         "Mary is a doctor" : 0.0596577376091275
         "Mary is a teacher" : 0.0596577376091275
         "Mary is not a teacher" : 0.04419553902549055
         "Mary is not a doctor" : 0.04419553902549055
         "John is not a doctor" : 0.044055157095763575
         "John is not a teacher" : 0.04405515709576348
         "John is a doctor and a teacher" : 0.03302089695834726
         "John and Mary are doctors" : 0.03289663877225506
         "John and Mary are teachers" : 0.03289663877225501
         "John is a doctor or a teacher" : 0.03275643512765051
         "John or Mary is a teacher" : 0.03274626216253872
         "John or Mary is a doctor" : 0.03274626216253872
         "Mary is a doctor or a teacher" : 0.03274086058293339
         "Mary is a doctor and a teacher" : 0.03274086058293332
         "Mary is not a doctor or a teacher" : 0.0242550260806369
         "Mary is not a doctor and a teacher" : 0.024255026080636857
         "John or Mary is not a doctor" : 0.024254654103336406
         "John or Mary is not a teacher" : 0.02425465410333634
         "John is not a doctor or a teacher" : 0.02425363657234152
         "John and Mary are not doctors" : 0.024243387569506503
         "John and Mary are not teachers" : 0.024243387569506492
         "John is not a doctor and a teacher" : 0.024236527121799065
         "John and Mary are doctors and teachers" : 0.017990969057159512
         "John and Mary are doctors or teachers" : 0.017970189378581563
         "John or Mary is a doctor and a teacher" : 0.017969280203415598
         "John or Mary is a doctor or a teacher" : 0.01796861801049801
         "John or Mary is not a doctor or a teacher" : 0.01331143687993908
         "John or Mary is not a doctor and a teacher" : 0.0133113902598482
         "John and Mary are not doctors or teachers" : 0.013311325721848434
         "John and Mary are not doctors and teachers" : 0.013309867748001714,
    KLDivergence: 1.375514661265878 },
  { query: [ 'doctor' ],
    trueResult: 
     Marginal:
         "Who is a doctor" : 0.22921420581057594
         "Who isn't a doctor" : 0.22921420581057594
         "What isn't Mary" : 0.06440286750063225
         "What isn't John" : 0.06440286750063225
         "What is John" : 0.06440286750063225
         "What is Mary" : 0.06440286750063225
         "What are John and Mary" : 0.03505845891035563
         "What aren't John and Mary" : 0.03505845891035563
         "What is John or Mary" : 0.034152473105707175
         "What isn't John or Mary" : 0.034152473105707175
         "Who isn't a doctor and a teacher" : 0.02689844941838866
         "Who is a doctor and a teacher" : 0.02689844941838866
         "Who isn't a doctor or a teacher" : 0.026361758948273445
         "Who is a doctor or a teacher" : 0.026361758948273445
         "Who is a teacher" : 0.019508918805434698
         "Who isn't a teacher" : 0.019508918805434698,
    learnedResult: 
     Marginal:
         "Who is a doctor" : 0.14798435093932066
         "What is John" : 0.10127023138256075
         "What is Mary" : 0.10099866526213416
         "Who isn't a doctor" : 0.06919242747180203
         "What isn't John" : 0.06918808464871642
         "What isn't Mary" : 0.06918806531222597
         "Who isn't a teacher" : 0.06918372276776534
         "Who is a teacher" : 0.06918372276776534
         "Who is a doctor and a teacher" : 0.03800185346108308
         "What are John and Mary" : 0.03799587768919548
         "Who isn't a doctor and a teacher" : 0.03796883462092727
         "What aren't John and Mary" : 0.03796883416099375
         "What is John or Mary" : 0.03796883290474545
         "Who is a doctor or a teacher" : 0.037968832444157156
         "What isn't John or Mary" : 0.037968832083323086
         "Who isn't a doctor or a teacher" : 0.03796883208328371,
    KLDivergence: 0.20742915573584447 },
  { query: [ 'teacher' ],
    trueResult: 
     Marginal:
         "Who isn't a teacher" : 0.2292142058105759
         "Who is a teacher" : 0.2292142058105759
         "What is John" : 0.06440286750063225
         "What isn't Mary" : 0.06440286750063225
         "What isn't John" : 0.06440286750063225
         "What is Mary" : 0.06440286750063225
         "What aren't John and Mary" : 0.03505845891035563
         "What are John and Mary" : 0.03505845891035563
         "What is John or Mary" : 0.034152473105707175
         "What isn't John or Mary" : 0.034152473105707175
         "Who isn't a doctor and a teacher" : 0.02689844941838866
         "Who is a doctor and a teacher" : 0.02689844941838866
         "Who isn't a doctor or a teacher" : 0.026361758948273434
         "Who is a doctor or a teacher" : 0.026361758948273434
         "Who isn't a doctor" : 0.019508918805434698
         "Who is a doctor" : 0.019508918805434698,
    learnedResult: 
     Marginal:
         "Who is a teacher" : 0.1473846099623279
         "What is John" : 0.10113455869712301
         "What is Mary" : 0.1008614925564631
         "Who isn't a teacher" : 0.06928662182185111
         "What isn't John" : 0.06928229252695775
         "What isn't Mary" : 0.06928227300828707
         "Who isn't a doctor" : 0.06927794398173162
         "Who is a doctor" : 0.06927794398173162
         "What are John and Mary" : 0.03804756126337587
         "Who is a doctor and a teacher" : 0.038041445727942186
         "What aren't John and Mary" : 0.03802054385749375
         "Who isn't a doctor and a teacher" : 0.03802054338523557
         "Who is a doctor or a teacher" : 0.03802054306338636
         "What is John or Mary" : 0.03802054260222456
         "Who isn't a doctor or a teacher" : 0.038020541781954
         "What isn't John or Mary" : 0.038020541781914594,
    KLDivergence: 0.20766895877416763 },
  { query: [ 'john' ],
    trueResult: 
     Marginal:
         "What is John" : 0.2335112339276272
         "What isn't John" : 0.2335112339276272
         "Who is a doctor" : 0.0632711173435373
         "Who is a teacher" : 0.0632711173435373
         "Who isn't a doctor" : 0.0632711173435373
         "Who isn't a teacher" : 0.0632711173435373
         "Who isn't a doctor and a teacher" : 0.034279269305067944
         "Who is a doctor and a teacher" : 0.034279269305067944
         "Who isn't a doctor or a teacher" : 0.03340485038853081
         "Who is a doctor or a teacher" : 0.03340485038853081
         "What are John and Mary" : 0.02673579184995846
         "What aren't John and Mary" : 0.02673579184995846
         "What is John or Mary" : 0.026220148700735305
         "What isn't John or Mary" : 0.026220148700735305
         "What is Mary" : 0.019306471141005675
         "What isn't Mary" : 0.019306471141005675,
    learnedResult: 
     Marginal:
         "What is John" : 0.14798302829988866
         "Who is a doctor" : 0.10127110774054929
         "Who is a teacher" : 0.10100008199382189
         "What isn't John" : 0.0691923241272411
         "Who isn't a doctor" : 0.06918798122830733
         "Who isn't a teacher" : 0.069187961974299
         "What is Mary" : 0.06918361935382436
         "What isn't Mary" : 0.06918361935382436
         "What are John and Mary" : 0.0380017976013329
         "Who is a doctor and a teacher" : 0.037995820558084474
         "What aren't John and Mary" : 0.03796877786621608
         "Who isn't a doctor and a teacher" : 0.03796877740619488
         "Who is a doctor or a teacher" : 0.037968776149967846
         "What is John or Mary" : 0.03796877568938891
         "Who isn't a doctor or a teacher" : 0.03796877532854896
         "What isn't John or Mary" : 0.03796877532850958,
    KLDivergence: 0.21681073582684152 },
  { query: [ 'mary' ],
    trueResult: 
     Marginal:
         "What isn't Mary" : 0.2335112339276271
         "What is Mary" : 0.2335112339276271
         "Who is a doctor" : 0.06327111734353735
         "Who isn't a doctor" : 0.06327111734353735
         "Who isn't a teacher" : 0.0632711173435373
         "Who is a teacher" : 0.0632711173435373
         "Who isn't a doctor and a teacher" : 0.034279269305067944
         "Who is a doctor and a teacher" : 0.034279269305067944
         "Who is a doctor or a teacher" : 0.03340485038853081
         "Who isn't a doctor or a teacher" : 0.03340485038853081
         "What are John and Mary" : 0.02673579184995847
         "What aren't John and Mary" : 0.02673579184995847
         "What isn't John or Mary" : 0.026220148700735316
         "What is John or Mary" : 0.026220148700735316
         "What isn't John" : 0.01930647114100568
         "What is John" : 0.01930647114100568,
    learnedResult: 
     Marginal:
         "What is Mary" : 0.14738216416655875
         "Who is a doctor" : 0.10113475707220389
         "Who is a teacher" : 0.10086224400908299
         "What isn't Mary" : 0.06928678113262819
         "Who isn't a doctor" : 0.06928245182786491
         "Who isn't a teacher" : 0.06928243239171679
         "What is John" : 0.06927810335518479
         "What isn't John" : 0.06927810335518479
         "Who is a doctor and a teacher" : 0.03804764758403569
         "What are John and Mary" : 0.038041533837333115
         "Who isn't a doctor and a teacher" : 0.038020631323416494
         "What aren't John and Mary" : 0.03802063085128702
         "What is John or Mary" : 0.03802063052941769
         "Who is a doctor or a teacher" : 0.038020630068205066
         "What isn't John or Mary" : 0.03802062924795961
         "Who isn't a doctor or a teacher" : 0.03802062924792018,
    KLDivergence: 0.21706785015249797 },
  { query: [ 'intersection(doctor, teacher)' ],
    trueResult: 
     Marginal:
         "Who is a doctor and a teacher" : 0.16119021963607344
         "Who isn't a doctor and a teacher" : 0.16119021963607344
         "What is John" : 0.07171132446625784
         "What isn't Mary" : 0.07171132446625784
         "What isn't John" : 0.07171132446625784
         "What is Mary" : 0.07171132446625784
         "Who isn't a doctor" : 0.05561319640979196
         "Who is a doctor" : 0.05561319640979196
         "Who is a teacher" : 0.05561319640979191
         "Who isn't a teacher" : 0.05561319640979191
         "What are John and Mary" : 0.031954853337267324
         "What aren't John and Mary" : 0.031954853337267324
         "What is John or Mary" : 0.03164538509514016
         "What isn't John or Mary" : 0.03164538509514016
         "Who isn't a doctor or a teacher" : 0.02056050017941963
         "Who is a doctor or a teacher" : 0.02056050017941963,
    learnedResult: 
     Marginal:
         "Who is a doctor" : 0.09163791865313921
         "Who is a teacher" : 0.09145943396619609
         "What is John" : 0.08619657081492678
         "What is Mary" : 0.08613907091448472
         "Who isn't a doctor" : 0.07681572044510097
         "Who isn't a teacher" : 0.07681570608678082
         "What isn't John" : 0.0768155210111863
         "What isn't Mary" : 0.0768155139736673
         "Who is a doctor and a teacher" : 0.042198418055362674
         "What are John and Mary" : 0.04217250726680468
         "Who isn't a doctor and a teacher" : 0.042155605356179966
         "What aren't John and Mary" : 0.0421556034207557
         "Who is a doctor or a teacher" : 0.04215560320404593
         "What is John or Mary" : 0.042155602631161
         "Who isn't a doctor or a teacher" : 0.042155602100128316
         "What isn't John or Mary" : 0.042155602100079445,
    KLDivergence: 0.23925875977005523 },
  { query: [ 'union(doctor, teacher)' ],
    trueResult: 
     Marginal:
         "Who is a doctor or a teacher" : 0.15344851008414773
         "Who isn't a doctor or a teacher" : 0.15344851008414773
         "What is John" : 0.07423664944950453
         "What isn't Mary" : 0.07423664944950453
         "What isn't John" : 0.07423664944950453
         "What is Mary" : 0.07423664944950453
         "Who isn't a doctor" : 0.056660089154322336
         "Who is a doctor" : 0.056660089154322336
         "Who is a teacher" : 0.05666008915432231
         "Who isn't a teacher" : 0.05666008915432231
         "What are John and Mary" : 0.03232480643399373
         "What aren't John and Mary" : 0.03232480643399373
         "What is John or Mary" : 0.031746610153685004
         "What isn't John or Mary" : 0.031746610153685004
         "Who isn't a doctor and a teacher" : 0.020686596120519898
         "Who is a doctor and a teacher" : 0.020686596120519898,
    learnedResult: 
     Marginal:
         "What is John" : 0.1014602056796489
         "What is Mary" : 0.1012250827292791
         "Who is a doctor" : 0.09720610393801186
         "Who is a teacher" : 0.09704103291005843
         "Who isn't a doctor" : 0.07187076714002656
         "Who isn't a teacher" : 0.0718707537982527
         "What isn't John" : 0.0718705936807616
         "What isn't Mary" : 0.0718705869451598
         "Who is a doctor and a teacher" : 0.0394755474642413
         "What are John and Mary" : 0.03945821433417391
         "Who isn't a doctor and a teacher" : 0.039441853616864635
         "What aren't John and Mary" : 0.039441852233198536
         "Who is a doctor or a teacher" : 0.039441852041758735
         "What is John or Mary" : 0.03944185149417281
         "Who isn't a doctor or a teacher" : 0.03944185099721891
         "What isn't John or Mary" : 0.039441850997172026,
    KLDivergence: 0.23413456179153838 },
  { query: [ 'intersection(john, mary)' ],
    trueResult: 
     Marginal:
         "What aren't John and Mary" : 0.16243769311668096
         "What are John and Mary" : 0.16243769311668096
         "Who is a doctor" : 0.07056451151225795
         "Who isn't a doctor" : 0.07056451151225795
         "Who isn't a teacher" : 0.07056451151225793
         "Who is a teacher" : 0.07056451151225793
         "What isn't John" : 0.056019550372890525
         "What is John" : 0.056019550372890525
         "What isn't Mary" : 0.056019550372890525
         "What is Mary" : 0.056019550372890525
         "Who isn't a doctor and a teacher" : 0.03198790362966697
         "Who is a doctor and a teacher" : 0.03198790362966697
         "Who isn't a doctor or a teacher" : 0.03177092090827922
         "Who is a doctor or a teacher" : 0.03177092090827922
         "What is John or Mary" : 0.020635358575075795
         "What isn't John or Mary" : 0.020635358575075795,
    learnedResult: 
     Marginal:
         "What is John" : 0.09163772032374533
         "What is Mary" : 0.09145898856762372
         "Who is a doctor" : 0.08619627014516504
         "Who is a teacher" : 0.08613912218009287
         "What isn't John" : 0.07681582675819966
         "What isn't Mary" : 0.0768158123392203
         "Who isn't a doctor" : 0.07681562732852365
         "Who isn't a teacher" : 0.07681562038931568
         "What are John and Mary" : 0.04219847762817681
         "Who is a doctor and a teacher" : 0.04217256556662631
         "What aren't John and Mary" : 0.04215566368307584
         "Who isn't a doctor and a teacher" : 0.04215566174756708
         "What is John or Mary" : 0.042155661530872864
         "Who is a doctor or a teacher" : 0.042155660957975655
         "What isn't John or Mary" : 0.042155660426934104
         "Who isn't a doctor or a teacher" : 0.04215566042688521,
    KLDivergence: 0.24237006664227279 },
  { query: [ 'union(john, mary)' ],
    trueResult: 
     Marginal:
         "What isn't John or Mary" : 0.15479572872871056
         "What is John or Mary" : 0.15479572872871056
         "Who is a doctor" : 0.07314497016363104
         "Who is a teacher" : 0.07314497016363104
         "Who isn't a doctor" : 0.07314497016363104
         "Who isn't a teacher" : 0.07314497016363104
         "What is Mary" : 0.05698246399509907
         "What isn't John" : 0.05698246399509907
         "What isn't Mary" : 0.05698246399509907
         "What is John" : 0.05698246399509907
         "Who isn't a doctor and a teacher" : 0.03248027289420873
         "Who is a doctor and a teacher" : 0.03248027289420873
         "Who isn't a doctor or a teacher" : 0.031733907142317455
         "Who is a doctor or a teacher" : 0.031733907142317455
         "What are John and Mary" : 0.020735222917302933
         "What aren't John and Mary" : 0.020735222917302933,
    learnedResult: 
     Marginal:
         "Who is a doctor" : 0.10146322414318264
         "Who is a teacher" : 0.10122797311863857
         "What is John" : 0.0972052542288484
         "What is Mary" : 0.0970397661966507
         "What isn't John" : 0.07187031506633303
         "What isn't Mary" : 0.07187030166718163
         "Who isn't a doctor" : 0.07187014161489069
         "Who isn't a teacher" : 0.07187013497112561
         "What are John and Mary" : 0.03947530013986318
         "Who is a doctor and a teacher" : 0.039457966124443244
         "What aren't John and Mary" : 0.03944160550831565
         "Who isn't a doctor and a teacher" : 0.0394416041245929
         "What is John or Mary" : 0.03944160393316932
         "Who is a doctor or a teacher" : 0.0394416033855759
         "What isn't John or Mary" : 0.039441602888617484
         "Who isn't a doctor or a teacher" : 0.03944160288857059,
    KLDivergence: 0.2378341069241613 } ]
