L2 norm of gradient: 38.22159940746797
Iteration 0: -13170.945786109427
L2 norm of gradient: 0.693996892665443
Iteration 1: -15287.779089716263
L2 norm of gradient: 104.23078699718931
Iteration 2: -13586.241407278925
L2 norm of gradient: 3.7648269253182844
Iteration 3: -13284.956560506253
L2 norm of gradient: 19.061006302345778
Iteration 4: -11310.28336226428
L2 norm of gradient: 190.35043918399884
Iteration 5: -12680.844291145913
L2 norm of gradient: 0.4454153771818466
Iteration 6: -13727.027364328038
L2 norm of gradient: 7.789513675722589
Iteration 7: -13713.853727788664
L2 norm of gradient: 1.4134616194313416
Iteration 8: -14681.325836704578
L2 norm of gradient: 121.23780207052332
Iteration 9: -15079.974472388392
L2 norm of gradient: 1.3229526200996176
Iteration 10: -15249.686680628918
L2 norm of gradient: 114.37719696388153
Iteration 11: -14712.625891261036
L2 norm of gradient: 87.12616614690117
Iteration 12: -15771.110397186829
L2 norm of gradient: 10.46960272129288
Iteration 13: -14513.827803467168
L2 norm of gradient: 3.541260150239565
Iteration 14: -13743.195160455769
L2 norm of gradient: 1.579104361935428
Iteration 15: -14343.194812703645
L2 norm of gradient: 129.16157372010815
Iteration 16: -12433.515160493786
L2 norm of gradient: 13.543595780362066
Iteration 17: -13527.28193620639
L2 norm of gradient: 124.72802046001317
Iteration 18: -14488.998315291945
L2 norm of gradient: 10.313770523081404
Iteration 19: -13457.727334775496
L2 norm of gradient: 90.6477754492325
Iteration 20: -13764.845753254835
L2 norm of gradient: 17.90633602958357
Iteration 21: -14566.681451655691
L2 norm of gradient: 151.84808296750506
Iteration 22: -14446.713240542449
L2 norm of gradient: 1.2945164355708096
Iteration 23: -14355.002735058544
L2 norm of gradient: 207.24712179960525
Iteration 24: -15260.346232511103
L2 norm of gradient: 109.59437452470998
Iteration 25: -13138.417642410146
L2 norm of gradient: 119.9508500854061
Iteration 26: -15255.666936294874
L2 norm of gradient: 20.159491983442944
Iteration 27: -14751.44155427767
L2 norm of gradient: 9.759739630019514
Iteration 28: -15729.225393017055
L2 norm of gradient: 0.4879612959972982
Iteration 29: -13135.765920538455
L2 norm of gradient: 380.57489482959323
Iteration 30: -15220.337560683256
L2 norm of gradient: 3.8054651756940787
Iteration 31: -13001.431599252624
L2 norm of gradient: 142.87921071989598
Iteration 32: -14987.78743918077
L2 norm of gradient: 93.7042357776294
Iteration 33: -15955.988366131205
L2 norm of gradient: 99.98652268603175
Iteration 34: -13674.122265732847
L2 norm of gradient: 123.19525682908727
Iteration 35: -16119.48601693171
L2 norm of gradient: 86.90269841282613
Iteration 36: -14026.402544119395
L2 norm of gradient: 2.5614559298036896
Iteration 37: -13905.963476179168
L2 norm of gradient: 57.69481410789431
Iteration 38: -13977.58548255777
L2 norm of gradient: 0.7260986587158701
Iteration 39: -14799.683363431832
L2 norm of gradient: 10.117579442375234
Iteration 40: -14502.945568157127
L2 norm of gradient: 98.17288753153677
Iteration 41: -13365.248249474913
L2 norm of gradient: 145.88210125988775
Iteration 42: -15651.79844317399
L2 norm of gradient: 9.52179363030682
Iteration 43: -15912.384738917928
L2 norm of gradient: 3.283885163343465
Iteration 44: -15127.806116323452
L2 norm of gradient: 123.51155647039444
Iteration 45: -15554.270425127586
L2 norm of gradient: 97.44672301541894
Iteration 46: -15244.064674891066
L2 norm of gradient: 93.6094178884685
Iteration 47: -14796.847823775839
L2 norm of gradient: 20.609904257384283
Iteration 48: -15638.62903990713
L2 norm of gradient: 95.4621026968154
Iteration 49: -15870.65442118491
L2 norm of gradient: 0.4668546431459764
Iteration 50: -15107.999669299694
L2 norm of gradient: 138.6800023944726
Iteration 51: -15572.192958378233
L2 norm of gradient: 99.8207982642084
Iteration 52: -14646.951507980237
L2 norm of gradient: 142.00539969142704
Iteration 53: -15086.865932334913
L2 norm of gradient: 138.8364686340571
Iteration 54: -14955.073762479238
L2 norm of gradient: 82.36931825426335
Iteration 55: -15036.568363380618
L2 norm of gradient: 90.6330813723862
Iteration 56: -15118.889690631535
L2 norm of gradient: 157.0245123724566
Iteration 57: -15801.137214496266
L2 norm of gradient: 1.4658395818369003
Iteration 58: -14514.417549367528
L2 norm of gradient: 15.374086373993281
Iteration 59: -14911.752007309813
L2 norm of gradient: 21.62626590236754
Iteration 60: -15215.142032292904
L2 norm of gradient: 16.48534806203956
Iteration 61: -15044.598140989896
L2 norm of gradient: 131.7157735622164
Iteration 62: -14960.026578083169
L2 norm of gradient: 102.91247931607553
Iteration 63: -13580.737458170624
L2 norm of gradient: 3.717102342121161
Iteration 64: -15131.912771841977
L2 norm of gradient: 101.2017976309693
Iteration 65: -14833.802686005365
L2 norm of gradient: 247.37977124857716
Iteration 66: -13120.126413150923
L2 norm of gradient: 16.44152457914677
Iteration 67: -15410.735924188048
L2 norm of gradient: 97.63216325760287
Iteration 68: -14659.346319776261
L2 norm of gradient: 21.83996434532067
Iteration 69: -15186.254802059382
L2 norm of gradient: 246.91498197878718
Iteration 70: -15385.615357908653
L2 norm of gradient: 153.22098786155462
Iteration 71: -14803.59247790277
L2 norm of gradient: 5.844861205482368
Iteration 72: -15409.561139134225
L2 norm of gradient: 4.2810632617359765
Iteration 73: -12677.231594498036
L2 norm of gradient: 41.41822670711031
Iteration 74: -14069.84454973042
L2 norm of gradient: 21.322040411130356
Iteration 75: -13936.897115544882
L2 norm of gradient: 23.236640939795635
Iteration 76: -14434.856925365748
L2 norm of gradient: 111.48749085658498
Iteration 77: -16483.9096502054
L2 norm of gradient: 8.59709920582654
Iteration 78: -12954.995489211753
L2 norm of gradient: 161.26558789764624
Iteration 79: -14318.867544559995
L2 norm of gradient: 255.08071668284288
Iteration 80: -12938.498272209661
L2 norm of gradient: 21.71885660875696
Iteration 81: -13045.111139460467
L2 norm of gradient: 181.2967015839965
Iteration 82: -15401.437345127342
L2 norm of gradient: 175.89084426503297
Iteration 83: -15649.445383530576
L2 norm of gradient: 23.3728696224518
Iteration 84: -14468.605036596535
L2 norm of gradient: 143.1778396369562
Iteration 85: -14644.052466237918
L2 norm of gradient: 220.88513710580915
Iteration 86: -13707.900856615044
L2 norm of gradient: 6.997886856329607
Iteration 87: -13706.751878352603
L2 norm of gradient: 14.020033502410609
Iteration 88: -14631.551813343307
L2 norm of gradient: 4.2704879141278385
Iteration 89: -14065.653557241661
L2 norm of gradient: 83.68025968035093
Iteration 90: -14923.162112059304
L2 norm of gradient: 113.73381297725182
Iteration 91: -14779.518441737164
L2 norm of gradient: 143.78677792472283
Iteration 92: -15246.467161438894
L2 norm of gradient: 124.1033268005143
Iteration 93: -14265.422686398262
L2 norm of gradient: 5.7935996033482935
Iteration 94: -14808.265984579455
L2 norm of gradient: 20.639471570448386
Iteration 95: -14447.143946782919
L2 norm of gradient: 176.265479682676
Iteration 96: -16461.24073473364
L2 norm of gradient: 141.25249832218077
Iteration 97: -13554.02303462755
L2 norm of gradient: 3.1917485651404505
Iteration 98: -13724.374303157674
L2 norm of gradient: 125.70842588056269
Iteration 99: -11666.580523127224
L2 norm of gradient: 120.30015751736545
Iteration 100: -15522.817827496678
L2 norm of gradient: 24.230773670533523
Iteration 101: -13977.646036862861
L2 norm of gradient: 156.6632547175446
Iteration 102: -14350.624535835814
L2 norm of gradient: 140.9438999937011
Iteration 103: -13876.79373556259
L2 norm of gradient: 11.18976279410586
Iteration 104: -15141.423868914833
L2 norm of gradient: 195.97785371223793
Iteration 105: -15057.698863232043
L2 norm of gradient: 130.7394267256014
Iteration 106: -13476.617986518657
L2 norm of gradient: 241.96281150945572
Iteration 107: -15618.98052371014
L2 norm of gradient: 220.66001579372917
Iteration 108: -14186.518006741535
L2 norm of gradient: 29.306547334896457
Iteration 109: -15957.591137643205
L2 norm of gradient: 188.41488488539804
Iteration 110: -14361.844196669292
L2 norm of gradient: 131.99722429713046
Iteration 111: -15166.426774490625
L2 norm of gradient: 10.421812204976556
Iteration 112: -14725.816611972637
L2 norm of gradient: 112.63817743540821
Iteration 113: -14703.130888699321
L2 norm of gradient: 21.443911298287638
Iteration 114: -15342.364264464006
L2 norm of gradient: 24.254421630177003
Iteration 115: -15213.211104168324
L2 norm of gradient: 250.43102663099825
Iteration 116: -15044.217465701047
L2 norm of gradient: 17.13375861725498
Iteration 117: -14476.864401602885
L2 norm of gradient: 12.039908331425545
Iteration 118: -14532.643800193677
L2 norm of gradient: 252.54231968110864
Iteration 119: -15257.619280233514
L2 norm of gradient: 0.9830606947926188
Iteration 120: -15136.435675241286
L2 norm of gradient: 25.44951051433034
Iteration 121: -14734.744800001383
L2 norm of gradient: 206.22839836466616
Iteration 122: -13699.873360886006
L2 norm of gradient: 12.407098752560268
Iteration 123: -13281.212360858684
L2 norm of gradient: 137.15290919355482
Iteration 124: -13483.739513954148
[ { query: [ 'Who is a doctor', [Object] ],
    trueResult: 
     Marginal:
         "John and Mary are doctors" : 0.380020640450514
         "John and Mary are doctors and teachers" : 0.20855974943514632
         "John is a doctor" : 0.08655534418766547
         "Mary is a doctor" : 0.08655534418766547
         "John is a doctor and a teacher" : 0.04750258005631425
         "Mary is a doctor and a teacher" : 0.04750258005631425
         "John and Mary are doctors or teachers" : 0.018309772241219994
         "John or Mary is a doctor and a teacher" : 0.01641723975145466
         "John is a doctor or a teacher" : 0.014074838535204214
         "Mary is a doctor or a teacher" : 0.014074838535204214
         "John or Mary is a doctor" : 0.014074838535204214
         "Mary is a teacher" : 0.010819418023458179
         "John is a teacher" : 0.010819418023458179
         "John is not a teacher" : 0.008015222008949992
         "Mary is not a teacher" : 0.008015222008949992
         "John and Mary are teachers" : 0.0059378225070392835
         "John or Mary is a teacher" : 0.005937822507039272
         "John and Mary are not teachers" : 0.0043988471043886965
         "John or Mary is not a teacher" : 0.0043988471043886965
         "John or Mary is a doctor or a teacher" : 0.003954910804103521
         "John is not a doctor and a teacher" : 0.0013033621050040592
         "Mary is not a doctor and a teacher" : 0.0013033621050040592
         "John or Mary is not a doctor and a teacher" : 0.0012360388998589598
         "John and Mary are not doctors and teachers" : 0.00021194082645043896,
    learnedResult: 
     Marginal:
         "John is a doctor" : 0.25981514082934487
         "Mary is a doctor" : 0.25981514082934487
         "John is a teacher" : 0.032476892603668095
         "Mary is a teacher" : 0.032476892603668095
         "Mary is not a teacher" : 0.024059473791920624
         "John is not a teacher" : 0.024059473791920624
         "John is not a doctor" : 0.023084487818885085
         "Mary is not a doctor" : 0.023084487818885085
         "John and Mary are doctors" : 0.019605402065598302
         "Mary is a doctor and a teacher" : 0.018629646326703324
         "John is a doctor and a teacher" : 0.018629646326703324
         "John or Mary is a doctor" : 0.018384464761096134
         "John is a doctor or a teacher" : 0.018252988866248945
         "Mary is a doctor or a teacher" : 0.018252988866248945
         "John and Mary are teachers" : 0.017823696565069058
         "John or Mary is a teacher" : 0.017823696565069058
         "John or Mary is not a teacher" : 0.01320411917530532
         "John and Mary are not teachers" : 0.013204119175305295
         "Mary is not a doctor or a teacher" : 0.013199544173032058
         "John is not a doctor or a teacher" : 0.013199544173032058
         "John or Mary is not a doctor" : 0.013198014165442864
         "Mary is not a doctor and a teacher" : 0.013195797412199138
         "John is not a doctor and a teacher" : 0.013195797412199138
         "John and Mary are not doctors" : 0.013185086474615448
         "John and Mary are doctors and teachers" : 0.009796565799016256
         "John and Mary are doctors or teachers" : 0.009789921669176088
         "John or Mary is a doctor and a teacher" : 0.00978656294658138
         "John or Mary is a doctor or a teacher" : 0.009784437933979229
         "John or Mary is not a doctor or a teacher" : 0.007246546009525941
         "John or Mary is not a doctor and a teacher" : 0.007246522861520819
         "John and Mary are not doctors or teachers" : 0.007246486186826729
         "John and Mary are not doctors and teachers" : 0.007246414001868666,
    KLDivergence: 1.595202366777667 },
  { query: [ 'Who is a doctor', [Object] ],
    trueResult: 
     Marginal:
         "John and Mary are doctors" : 0.380020640450514
         "John and Mary are doctors and teachers" : 0.20855974943514632
         "John is a doctor" : 0.08655534418766547
         "Mary is a doctor" : 0.08655534418766547
         "John is a doctor and a teacher" : 0.04750258005631425
         "Mary is a doctor and a teacher" : 0.04750258005631425
         "John and Mary are doctors or teachers" : 0.018309772241219994
         "John or Mary is a doctor and a teacher" : 0.01641723975145466
         "John is a doctor or a teacher" : 0.014074838535204214
         "Mary is a doctor or a teacher" : 0.014074838535204214
         "John or Mary is a doctor" : 0.014074838535204214
         "Mary is a teacher" : 0.010819418023458179
         "John is a teacher" : 0.010819418023458179
         "John is not a teacher" : 0.008015222008949992
         "Mary is not a teacher" : 0.008015222008949992
         "John and Mary are teachers" : 0.0059378225070392835
         "John or Mary is a teacher" : 0.005937822507039272
         "John and Mary are not teachers" : 0.0043988471043886965
         "John or Mary is not a teacher" : 0.0043988471043886965
         "John or Mary is a doctor or a teacher" : 0.003954910804103521
         "John is not a doctor and a teacher" : 0.0013033621050040592
         "Mary is not a doctor and a teacher" : 0.0013033621050040592
         "John or Mary is not a doctor and a teacher" : 0.0012360388998589598
         "John and Mary are not doctors and teachers" : 0.00021194082645043896,
    learnedResult: 
     Marginal:
         "John is a doctor" : 0.25981514082934487
         "Mary is a doctor" : 0.25981514082934487
         "John is a teacher" : 0.032476892603668095
         "Mary is a teacher" : 0.032476892603668095
         "Mary is not a teacher" : 0.024059473791920624
         "John is not a teacher" : 0.024059473791920624
         "John is not a doctor" : 0.023084487818885085
         "Mary is not a doctor" : 0.023084487818885085
         "John and Mary are doctors" : 0.019605402065598302
         "Mary is a doctor and a teacher" : 0.018629646326703324
         "John is a doctor and a teacher" : 0.018629646326703324
         "John or Mary is a doctor" : 0.018384464761096134
         "John is a doctor or a teacher" : 0.018252988866248945
         "Mary is a doctor or a teacher" : 0.018252988866248945
         "John and Mary are teachers" : 0.017823696565069058
         "John or Mary is a teacher" : 0.017823696565069058
         "John or Mary is not a teacher" : 0.01320411917530532
         "John and Mary are not teachers" : 0.013204119175305295
         "Mary is not a doctor or a teacher" : 0.013199544173032058
         "John is not a doctor or a teacher" : 0.013199544173032058
         "John or Mary is not a doctor" : 0.013198014165442864
         "Mary is not a doctor and a teacher" : 0.013195797412199138
         "John is not a doctor and a teacher" : 0.013195797412199138
         "John and Mary are not doctors" : 0.013185086474615448
         "John and Mary are doctors and teachers" : 0.009796565799016256
         "John and Mary are doctors or teachers" : 0.009789921669176088
         "John or Mary is a doctor and a teacher" : 0.00978656294658138
         "John or Mary is a doctor or a teacher" : 0.009784437933979229
         "John or Mary is not a doctor or a teacher" : 0.007246546009525941
         "John or Mary is not a doctor and a teacher" : 0.007246522861520819
         "John and Mary are not doctors or teachers" : 0.007246486186826729
         "John and Mary are not doctors and teachers" : 0.007246414001868666,
    KLDivergence: 1.595202366777667 },
  { query: [ 'Who is a doctor and a teacher', [Object] ],
    trueResult: 
     Marginal:
         "John is a doctor and a teacher" : 0.5057429117707349
         "John is a doctor" : 0.11519045846271186
         "John is a teacher" : 0.11519045846271186
         "John or Mary is a doctor and a teacher" : 0.051789172217255514
         "Mary is not a teacher" : 0.02528450088232814
         "Mary is not a doctor" : 0.02528450088232814
         "John and Mary are teachers" : 0.018731218954471676
         "John and Mary are doctors" : 0.018731218954471676
         "John or Mary is a teacher" : 0.018731218954471645
         "John is a doctor or a teacher" : 0.018731218954471645
         "John or Mary is a doctor" : 0.018731218954471645
         "Mary is not a doctor or a teacher" : 0.013876428297051366
         "Mary is not a doctor and a teacher" : 0.013876428297051366
         "John and Mary are doctors or teachers" : 0.007219910001734958
         "Mary is a doctor or a teacher" : 0.00554999080132493
         "John or Mary is a doctor or a teacher" : 0.005263314391264789
         "Mary is a doctor" : 0.004266313276396742
         "Mary is a teacher" : 0.004266313276396742
         "John or Mary is not a doctor" : 0.004111534310237441
         "John or Mary is not a teacher" : 0.004111534310237441
         "John or Mary is not a doctor and a teacher" : 0.003899159202225257
         "John or Mary is not a doctor or a teacher" : 0.0014209763856506024,
    learnedResult: 
     Marginal:
         "John is a teacher" : 0.05996638972099425
         "John is a doctor" : 0.05994858602842728
         "Mary is a doctor" : 0.0598495626326152
         "Mary is a teacher" : 0.059847941136877386
         "Mary is not a teacher" : 0.04434231381132095
         "Mary is not a doctor" : 0.04434229735950274
         "John is not a doctor" : 0.04434129323102002
         "John is not a teacher" : 0.04434111281486414
         "John is a doctor and a teacher" : 0.03285137922903892
         "John and Mary are teachers" : 0.03285036026466894
         "John and Mary are doctors" : 0.03285023112691725
         "John is a doctor or a teacher" : 0.03285009455187845
         "John or Mary is a teacher" : 0.032850007892695696
         "John or Mary is a doctor" : 0.032849932376346314
         "Mary is a doctor or a teacher" : 0.03284949973068097
         "Mary is a doctor and a teacher" : 0.03284941813617626
         "Mary is not a doctor and a teacher" : 0.024335535505328874
         "Mary is not a doctor or a teacher" : 0.02433553466001037
         "John or Mary is not a doctor" : 0.024335529947077973
         "John or Mary is not a teacher" : 0.024335529123459227
         "John is not a doctor or a teacher" : 0.02433552826962004
         "John and Mary are not doctors" : 0.024335526680176994
         "John and Mary are not teachers" : 0.024335525270122556
         "John is not a doctor and a teacher" : 0.024335514950058
         "John and Mary are doctors and teachers" : 0.018028221583888504
         "John or Mary is a doctor and a teacher" : 0.018028215360688552
         "John and Mary are doctors or teachers" : 0.01802821166247537
         "John or Mary is a doctor or a teacher" : 0.018028209735383098
         "John or Mary is not a doctor or a teacher" : 0.01335562435474416
         "John and Mary are not doctors or teachers" : 0.013355624333733147
         "John or Mary is not a doctor and a teacher" : 0.013355624293414067
         "John and Mary are not doctors and teachers" : 0.013355624225794746,
    KLDivergence: 1.4230895756325546 },
  { query: [ 'Who is a doctor or a teacher', [Object] ],
    trueResult: 
     Marginal:
         "John and Mary are doctors" : 0.1056107851909732
         "John and Mary are teachers" : 0.1056107851909732
         "John is a doctor" : 0.08118368320238828
         "John is a teacher" : 0.08118368320238828
         "Mary is a teacher" : 0.08118368320238828
         "Mary is a doctor" : 0.08118368320238828
         "John and Mary are doctors or teachers" : 0.05796042780983282
         "John and Mary are doctors and teachers" : 0.05796042780983277
         "Mary is a doctor and a teacher" : 0.044554550002441795
         "John is a doctor and a teacher" : 0.044554550002441795
         "Mary is a doctor or a teacher" : 0.04455455000244175
         "John is a doctor or a teacher" : 0.04455455000244175
         "John or Mary is a teacher" : 0.03129208450102909
         "John or Mary is a doctor" : 0.03129208450102909
         "John or Mary is a doctor and a teacher" : 0.021122604886965272
         "John or Mary is a doctor or a teacher" : 0.012519452406923889
         "John is not a doctor and a teacher" : 0.009779799246246973
         "Mary is not a doctor and a teacher" : 0.009779799246246973
         "John is not a teacher" : 0.007517793967297686
         "Mary is not a teacher" : 0.007517793967297686
         "Mary is not a doctor" : 0.007517793967297686
         "John is not a doctor" : 0.007517793967297686
         "John or Mary is not a doctor and a teacher" : 0.00651387501985663
         "John or Mary is not a doctor" : 0.00565960604528182
         "John or Mary is not a teacher" : 0.00565960604528182
         "John and Mary are not doctors and teachers" : 0.0037696035994540657
         "John and Mary are not doctors" : 0.0012224749057808738
         "John and Mary are not teachers" : 0.0012224749057808738,
    learnedResult: 
     Marginal:
         "John is a doctor" : 0.059881891341299356
         "Mary is a doctor" : 0.05987414331939954
         "John is a teacher" : 0.05987054327600118
         "Mary is a teacher" : 0.05986811683226231
         "Mary is not a teacher" : 0.0443492033799914
         "John is not a teacher" : 0.04434917876420374
         "Mary is not a doctor" : 0.04434914224372382
         "John is not a doctor" : 0.0443490636492942
         "John and Mary are doctors" : 0.03285494299308953
         "John is a doctor and a teacher" : 0.032854908690189526
         "Mary is a doctor and a teacher" : 0.03285482188356949
         "John or Mary is a doctor" : 0.03285480502166386
         "John is a doctor or a teacher" : 0.03285480027691848
         "John and Mary are teachers" : 0.032854791771117685
         "Mary is a doctor or a teacher" : 0.03285476308806464
         "John or Mary is a teacher" : 0.032854747172252854
         "John or Mary is not a teacher" : 0.024339374793322502
         "Mary is not a doctor or a teacher" : 0.024339374626957525
         "John and Mary are not teachers" : 0.02433937430625122
         "John is not a doctor or a teacher" : 0.024339374227422078
         "John or Mary is not a doctor" : 0.02433937416203022
         "Mary is not a doctor and a teacher" : 0.02433937402194904
         "John is not a doctor and a teacher" : 0.02433937311206863
         "John and Mary are not doctors" : 0.024339372655212434
         "John and Mary are doctors and teachers" : 0.018031055170753863
         "John and Mary are doctors or teachers" : 0.018031053688111236
         "John or Mary is a doctor and a teacher" : 0.018031053545107093
         "John or Mary is a doctor or a teacher" : 0.01803105298227391
         "John or Mary is not a doctor or a teacher" : 0.01335773226079022
         "John or Mary is not a doctor and a teacher" : 0.013357732254656196
         "John and Mary are not doctors or teachers" : 0.013357732253089265
         "John and Mary are not doctors and teachers" : 0.013357732236962818,
    KLDivergence: 0.4264026607211678 },
  { query: [ 'Who is not a doctor and a teacher', [Object] ],
    trueResult: 
     Marginal:
         "John is a doctor and a teacher" : 0.5057429117707349
         "John is a doctor" : 0.11519045846271186
         "John is a teacher" : 0.11519045846271186
         "John or Mary is a doctor and a teacher" : 0.051789172217255514
         "Mary is not a teacher" : 0.02528450088232814
         "Mary is not a doctor" : 0.02528450088232814
         "John and Mary are teachers" : 0.018731218954471676
         "John and Mary are doctors" : 0.018731218954471676
         "John or Mary is a teacher" : 0.018731218954471645
         "John is a doctor or a teacher" : 0.018731218954471645
         "John or Mary is a doctor" : 0.018731218954471645
         "Mary is not a doctor or a teacher" : 0.013876428297051366
         "Mary is not a doctor and a teacher" : 0.013876428297051366
         "John and Mary are doctors or teachers" : 0.007219910001734958
         "Mary is a doctor or a teacher" : 0.00554999080132493
         "John or Mary is a doctor or a teacher" : 0.005263314391264789
         "Mary is a doctor" : 0.004266313276396742
         "Mary is a teacher" : 0.004266313276396742
         "John or Mary is not a doctor" : 0.004111534310237441
         "John or Mary is not a teacher" : 0.004111534310237441
         "John or Mary is not a doctor and a teacher" : 0.003899159202225257
         "John or Mary is not a doctor or a teacher" : 0.0014209763856506024,
    learnedResult: 
     Marginal:
         "John is a teacher" : 0.05986728135837709
         "John is a doctor" : 0.05986727746732895
         "Mary is a doctor" : 0.059867255805131
         "Mary is a teacher" : 0.05986725545029019
         "Mary is not a teacher" : 0.04435075492971586
         "Mary is not a doctor" : 0.04435075492611589
         "John is not a doctor" : 0.04435075470634701
         "John is not a teacher" : 0.044350754666871245
         "John is a doctor and a teacher" : 0.032855847744119794
         "John and Mary are teachers" : 0.03285584752110693
         "John and Mary are doctors" : 0.03285584749285233
         "John is a doctor or a teacher" : 0.032855847462727156
         "John or Mary is a teacher" : 0.03285584744375583
         "John or Mary is a doctor" : 0.032855847427233076
         "Mary is a doctor or a teacher" : 0.03285584733254277
         "Mary is a doctor and a teacher" : 0.03285584731491877
         "Mary is not a doctor and a teacher" : 0.024340210365831966
         "Mary is not a doctor or a teacher" : 0.024340210365649335
         "John or Mary is not a doctor" : 0.024340210364617854
         "John or Mary is not a teacher" : 0.024340210364437623
         "John is not a doctor or a teacher" : 0.024340210364250717
         "John and Mary are not doctors" : 0.024340210363900272
         "John and Mary are not teachers" : 0.024340210363591724
         "John is not a doctor and a teacher" : 0.02434021036133318
         "John and Mary are doctors and teachers" : 0.018031671337191753
         "John or Mary is a doctor and a teacher" : 0.01803167133582539
         "John and Mary are doctors or teachers" : 0.018031671335016073
         "John or Mary is a doctor or a teacher" : 0.018031671334592866
         "John or Mary is not a doctor or a teacher" : 0.01335819067359352
         "John and Mary are not doctors or teachers" : 0.013358190673588916
         "John or Mary is not a doctor and a teacher" : 0.013358190673580078
         "John and Mary are not doctors and teachers" : 0.013358190673565234,
    KLDivergence: 1.4233177484541972 },
  { query: [ 'Who is not a doctor or a teacher', [Object] ],
    trueResult: 
     Marginal:
         "John and Mary are doctors" : 0.1056107851909732
         "John and Mary are teachers" : 0.1056107851909732
         "John is a doctor" : 0.08118368320238828
         "John is a teacher" : 0.08118368320238828
         "Mary is a teacher" : 0.08118368320238828
         "Mary is a doctor" : 0.08118368320238828
         "John and Mary are doctors or teachers" : 0.05796042780983282
         "John and Mary are doctors and teachers" : 0.05796042780983277
         "Mary is a doctor and a teacher" : 0.044554550002441795
         "John is a doctor and a teacher" : 0.044554550002441795
         "Mary is a doctor or a teacher" : 0.04455455000244175
         "John is a doctor or a teacher" : 0.04455455000244175
         "John or Mary is a teacher" : 0.03129208450102909
         "John or Mary is a doctor" : 0.03129208450102909
         "John or Mary is a doctor and a teacher" : 0.021122604886965272
         "John or Mary is a doctor or a teacher" : 0.012519452406923889
         "John is not a doctor and a teacher" : 0.009779799246246973
         "Mary is not a doctor and a teacher" : 0.009779799246246973
         "John is not a teacher" : 0.007517793967297686
         "Mary is not a teacher" : 0.007517793967297686
         "Mary is not a doctor" : 0.007517793967297686
         "John is not a doctor" : 0.007517793967297686
         "John or Mary is not a doctor and a teacher" : 0.00651387501985663
         "John or Mary is not a doctor" : 0.00565960604528182
         "John or Mary is not a teacher" : 0.00565960604528182
         "John and Mary are not doctors and teachers" : 0.0037696035994540657
         "John and Mary are not doctors" : 0.0012224749057808738
         "John and Mary are not teachers" : 0.0012224749057808738,
    learnedResult: 
     Marginal:
         "John is a doctor" : 0.05986726285618719
         "Mary is a doctor" : 0.05986726116553235
         "John is a teacher" : 0.05986726037960263
         "Mary is a teacher" : 0.05986725985006059
         "Mary is not a teacher" : 0.0443507564408394
         "John is not a teacher" : 0.04435075643546704
         "Mary is not a doctor" : 0.04435075642749356
         "John is not a doctor" : 0.044350756410341405
         "John and Mary are doctors" : 0.03285584852590416
         "John is a doctor and a teacher" : 0.03285584851841502
         "Mary is a doctor and a teacher" : 0.032855848499470354
         "John or Mary is a doctor" : 0.032855848495776746
         "John is a doctor or a teacher" : 0.03285584849474085
         "John and Mary are teachers" : 0.032855848492895905
         "Mary is a doctor or a teacher" : 0.03285584848662484
         "John or Mary is a teacher" : 0.03285584848314993
         "John or Mary is not a teacher" : 0.02434021120778637
         "Mary is not a doctor or a teacher" : 0.02434021120775006
         "John and Mary are not teachers" : 0.024340211207679898
         "John is not a doctor or a teacher" : 0.024340211207662863
         "John or Mary is not a doctor" : 0.024340211207648614
         "Mary is not a doctor and a teacher" : 0.024340211207617896
         "John is not a doctor and a teacher" : 0.024340211207419298
         "John and Mary are not doctors" : 0.02434021120731956
         "John and Mary are doctors and teachers" : 0.018031671958590564
         "John and Mary are doctors or teachers" : 0.018031671958266753
         "John or Mary is a doctor and a teacher" : 0.01803167195823552
         "John or Mary is a doctor or a teacher" : 0.018031671958112633
         "John or Mary is not a doctor or a teacher" : 0.013358191135854128
         "John or Mary is not a doctor and a teacher" : 0.013358191135852788
         "John and Mary are not doctors or teachers" : 0.013358191135852456
         "John and Mary are not doctors and teachers" : 0.013358191135848931,
    KLDivergence: 0.42641581592172006 },
  { query: [ 'What is John', [Object] ],
    trueResult: 
     Marginal:
         "John is a doctor" : 0.23702792248662735
         "John is not a teacher" : 0.17559460378842734
         "John and Mary are doctors" : 0.130083681939854
         "John and Mary are not teachers" : 0.09636836179440914
         "John or Mary is a doctor" : 0.03854331316736411
         "John is a doctor or a teacher" : 0.03854331316736411
         "Mary is a teacher" : 0.029628490310828412
         "Mary is a doctor" : 0.029628490310828412
         "John is not a doctor and a teacher" : 0.02855358867982489
         "John or Mary is not a teacher" : 0.02855358867982489
         "Mary is not a doctor" : 0.02194932547355341
         "Mary is not a teacher" : 0.02194932547355341
         "John and Mary are doctors or teachers" : 0.021153018759865538
         "Mary is a doctor and a teacher" : 0.01626046024248175
         "Mary is a doctor or a teacher" : 0.016260460242481723
         "John and Mary are not doctors and teachers" : 0.0156705417197306
         "Mary is not a doctor or a teacher" : 0.012046045224301137
         "Mary is not a doctor and a teacher" : 0.012046045224301137
         "John or Mary is a doctor or a teacher" : 0.010830345605051172
         "John or Mary is not a doctor and a teacher" : 0.008023317360502066
         "John or Mary is a teacher" : 0.004817914145920514
         "John or Mary is not a doctor" : 0.0035691985849781176
         "John or Mary is a doctor and a teacher" : 0.0016651064329923299
         "John or Mary is not a doctor or a teacher" : 0.0012335411849350591,
    learnedResult: 
     Marginal:
         "John is a doctor" : 0.3522618872807773
         "Mary is a teacher" : 0.044032735910097154
         "Mary is a doctor" : 0.044032735910097154
         "John is not a teacher" : 0.033978862491608905
         "Mary is not a teacher" : 0.03262025306866614
         "Mary is not a doctor" : 0.03262025306866614
         "John is not a doctor" : 0.031298350127069
         "John and Mary are doctors" : 0.02525839854240208
         "John or Mary is a doctor" : 0.02474771980576447
         "John is a doctor or a teacher" : 0.0245703144004758
         "Mary is a doctor or a teacher" : 0.024165677836516616
         "Mary is a doctor and a teacher" : 0.02416567783651653
         "John is a doctor and a teacher" : 0.023980091812789577
         "John or Mary is a teacher" : 0.023592834204636853
         "John and Mary are teachers" : 0.023104935817887133
         "John and Mary are not teachers" : 0.01791413289560644
         "John or Mary is not a teacher" : 0.017908673602170213
         "John is not a doctor and a teacher" : 0.01790432298309073
         "Mary is not a doctor or a teacher" : 0.01790237445641588
         "Mary is not a doctor and a teacher" : 0.01790237445641588
         "John is not a doctor or a teacher" : 0.01789805151954729
         "John or Mary is not a doctor" : 0.01789607678793041
         "John and Mary are not doctors" : 0.017890621163670326
         "John and Mary are doctors or teachers" : 0.01326587798211097
         "John or Mary is a doctor or a teacher" : 0.013264264441212066
         "John or Mary is a doctor and a teacher" : 0.013261567966945723
         "John and Mary are doctors and teachers" : 0.01326083992744582
         "John and Mary are not doctors and teachers" : 0.009825048500239212
         "John or Mary is not a doctor and a teacher" : 0.009825040568717514
         "John or Mary is not a doctor or a teacher" : 0.009825011113495711
         "John and Mary are not doctors or teachers" : 0.009824993521016422,
    KLDivergence: 0.5615712501386099 },
  { query: [ 'What is John', [Object] ],
    trueResult: 
     Marginal:
         "John is a doctor and a teacher" : 0.37545849217947985
         "John and Mary are doctors and teachers" : 0.20605598937841657
         "John is a doctor" : 0.08551624717081296
         "John is a teacher" : 0.08551624717081296
         "John and Mary are teachers" : 0.046932311522435
         "John and Mary are doctors" : 0.046932311522435
         "John or Mary is a doctor and a teacher" : 0.03844776478197857
         "John or Mary is a teacher" : 0.013905870080721474
         "John is a doctor or a teacher" : 0.013905870080721474
         "John or Mary is a doctor" : 0.013905870080721474
         "Mary is a teacher" : 0.010689530896351615
         "Mary is a doctor" : 0.010689530896351615
         "Mary is not a doctor" : 0.007918999258557448
         "Mary is not a teacher" : 0.007918999258557448
         "John and Mary are doctors or teachers" : 0.007631703310311726
         "Mary is a doctor and a teacher" : 0.005866538940304378
         "Mary is a doctor or a teacher" : 0.0058665389403043675
         "Mary is not a doctor or a teacher" : 0.004346038939316297
         "Mary is not a doctor and a teacher" : 0.004346038939316297
         "John or Mary is a doctor or a teacher" : 0.003907432094879606
         "John or Mary is not a doctor" : 0.0012877152412789025
         "John or Mary is not a teacher" : 0.0012877152412789025
         "John or Mary is not a doctor and a teacher" : 0.0012212002512970355
         "John or Mary is not a doctor or a teacher" : 0.00044504382335897773,
    learnedResult: 
     Marginal:
         "John is a doctor" : 0.2598151682679987
         "John is a teacher" : 0.2598151682679987
         "Mary is a doctor" : 0.032476896033499826
         "Mary is a teacher" : 0.032476896033499826
         "Mary is not a teacher" : 0.024059476332802462
         "Mary is not a doctor" : 0.024059476332802462
         "John is not a doctor" : 0.023084490256800243
         "John is not a teacher" : 0.023084490256800243
         "John is a doctor and a teacher" : 0.01960540413609288
         "John and Mary are teachers" : 0.01862964829414993
         "John and Mary are doctors" : 0.01862964829414993
         "John is a doctor or a teacher" : 0.018384466702649514
         "John or Mary is a doctor" : 0.018252990793917352
         "John or Mary is a teacher" : 0.018252990793917317
         "Mary is a doctor or a teacher" : 0.017823698447400636
         "Mary is a doctor and a teacher" : 0.01782369844740057
         "Mary is not a doctor and a teacher" : 0.013204120569770848
         "Mary is not a doctor or a teacher" : 0.013204120569770848
         "John or Mary is not a doctor" : 0.013199475645479214
         "John or Mary is not a teacher" : 0.013199475645479191
         "John is not a doctor or a teacher" : 0.013198159097601048
         "John and Mary are not doctors" : 0.013195451781455543
         "John and Mary are not teachers" : 0.013195451781455519
         "John is not a doctor and a teacher" : 0.013186044690629476
         "John and Mary are doctors and teachers" : 0.009796415776962535
         "John or Mary is a doctor and a teacher" : 0.009789641025510427
         "John and Mary are doctors or teachers" : 0.009786642375654565
         "John or Mary is a doctor or a teacher" : 0.009784417067924238
         "John or Mary is not a doctor or a teacher" : 0.007246547014082065
         "John and Mary are not doctors or teachers" : 0.007246522751760711
         "John or Mary is not a doctor and a teacher" : 0.007246490062623085
         "John and Mary are not doctors and teachers" : 0.007246416451959669,
    KLDivergence: 1.5950171793492873 },
  { query: [ 'What isn\'t John', [Object] ],
    trueResult: 
     Marginal:
         "John is a doctor and a teacher" : 0.37545849217947985
         "John and Mary are doctors and teachers" : 0.20605598937841657
         "John is a doctor" : 0.08551624717081296
         "John is a teacher" : 0.08551624717081296
         "John and Mary are teachers" : 0.046932311522435
         "John and Mary are doctors" : 0.046932311522435
         "John or Mary is a doctor and a teacher" : 0.03844776478197857
         "John or Mary is a teacher" : 0.013905870080721474
         "John is a doctor or a teacher" : 0.013905870080721474
         "John or Mary is a doctor" : 0.013905870080721474
         "Mary is a teacher" : 0.010689530896351615
         "Mary is a doctor" : 0.010689530896351615
         "Mary is not a doctor" : 0.007918999258557448
         "Mary is not a teacher" : 0.007918999258557448
         "John and Mary are doctors or teachers" : 0.007631703310311726
         "Mary is a doctor and a teacher" : 0.005866538940304378
         "Mary is a doctor or a teacher" : 0.0058665389403043675
         "Mary is not a doctor or a teacher" : 0.004346038939316297
         "Mary is not a doctor and a teacher" : 0.004346038939316297
         "John or Mary is a doctor or a teacher" : 0.003907432094879606
         "John or Mary is not a doctor" : 0.0012877152412789025
         "John or Mary is not a teacher" : 0.0012877152412789025
         "John or Mary is not a doctor and a teacher" : 0.0012212002512970355
         "John or Mary is not a doctor or a teacher" : 0.00044504382335897773,
    learnedResult: 
     Marginal:
         "John is a doctor" : 0.05990179939795193
         "John is a teacher" : 0.05990179939795193
         "Mary is a doctor" : 0.05986248622458025
         "Mary is a teacher" : 0.05986248622458025
         "Mary is not a teacher" : 0.044347220530477356
         "Mary is not a doctor" : 0.044347220530477356
         "John is not a doctor" : 0.04434682177606797
         "John is not a teacher" : 0.044346821776067955
         "John is a doctor and a teacher" : 0.03285393249432322
         "John and Mary are doctors" : 0.032853549354276625
         "John and Mary are teachers" : 0.03285354935427661
         "John is a doctor or a teacher" : 0.03285345462809399
         "John or Mary is a doctor" : 0.032853400814870384
         "John or Mary is a teacher" : 0.03285340081487033
         "Mary is a doctor or a teacher" : 0.032853229005567995
         "Mary is a doctor and a teacher" : 0.03285322900556794
         "Mary is not a doctor and a teacher" : 0.02433827065555392
         "Mary is not a doctor or a teacher" : 0.024338270655553888
         "John or Mary is not a teacher" : 0.024338268781522582
         "John or Mary is not a doctor" : 0.024338268781522582
         "John is not a doctor or a teacher" : 0.02433826823159892
         "John and Mary are not doctors" : 0.02433826715770757
         "John and Mary are not teachers" : 0.024338267157707514
         "John is not a doctor and a teacher" : 0.0243382632818418
         "John and Mary are doctors and teachers" : 0.018030240297379957
         "John or Mary is a doctor and a teacher" : 0.01803023753669002
         "John and Mary are doctors or teachers" : 0.018030236308316426
         "John or Mary is a doctor or a teacher" : 0.018030235403827404
         "John or Mary is not a doctor or a teacher" : 0.01335712612679099
         "John and Mary are not doctors or teachers" : 0.013357126116927298
         "John or Mary is not a doctor and a teacher" : 0.013357126103535635
         "John and Mary are not doctors and teachers" : 0.013357126073521037,
    KLDivergence: 1.3803837575236733 },
  { query: [ 'What isn\'t John', [Object] ],
    trueResult: 
     Marginal:
         "John is a doctor and a teacher" : 0.37545849217947985
         "John and Mary are doctors and teachers" : 0.20605598937841657
         "John is a doctor" : 0.08551624717081296
         "John is a teacher" : 0.08551624717081296
         "John and Mary are teachers" : 0.046932311522435
         "John and Mary are doctors" : 0.046932311522435
         "John or Mary is a doctor and a teacher" : 0.03844776478197857
         "John or Mary is a teacher" : 0.013905870080721474
         "John is a doctor or a teacher" : 0.013905870080721474
         "John or Mary is a doctor" : 0.013905870080721474
         "Mary is a teacher" : 0.010689530896351615
         "Mary is a doctor" : 0.010689530896351615
         "Mary is not a doctor" : 0.007918999258557448
         "Mary is not a teacher" : 0.007918999258557448
         "John and Mary are doctors or teachers" : 0.007631703310311726
         "Mary is a doctor and a teacher" : 0.005866538940304378
         "Mary is a doctor or a teacher" : 0.0058665389403043675
         "Mary is not a doctor or a teacher" : 0.004346038939316297
         "Mary is not a doctor and a teacher" : 0.004346038939316297
         "John or Mary is a doctor or a teacher" : 0.003907432094879606
         "John or Mary is not a doctor" : 0.0012877152412789025
         "John or Mary is not a teacher" : 0.0012877152412789025
         "John or Mary is not a doctor and a teacher" : 0.0012212002512970355
         "John or Mary is not a doctor or a teacher" : 0.00044504382335897773,
    learnedResult: 
     Marginal:
         "John is a doctor" : 0.05990179939795193
         "John is a teacher" : 0.05990179939795193
         "Mary is a doctor" : 0.05986248622458025
         "Mary is a teacher" : 0.05986248622458025
         "Mary is not a teacher" : 0.044347220530477356
         "Mary is not a doctor" : 0.044347220530477356
         "John is not a doctor" : 0.04434682177606797
         "John is not a teacher" : 0.044346821776067955
         "John is a doctor and a teacher" : 0.03285393249432322
         "John and Mary are doctors" : 0.032853549354276625
         "John and Mary are teachers" : 0.03285354935427661
         "John is a doctor or a teacher" : 0.03285345462809399
         "John or Mary is a doctor" : 0.032853400814870384
         "John or Mary is a teacher" : 0.03285340081487033
         "Mary is a doctor or a teacher" : 0.032853229005567995
         "Mary is a doctor and a teacher" : 0.03285322900556794
         "Mary is not a doctor and a teacher" : 0.02433827065555392
         "Mary is not a doctor or a teacher" : 0.024338270655553888
         "John or Mary is not a teacher" : 0.024338268781522582
         "John or Mary is not a doctor" : 0.024338268781522582
         "John is not a doctor or a teacher" : 0.02433826823159892
         "John and Mary are not doctors" : 0.02433826715770757
         "John and Mary are not teachers" : 0.024338267157707514
         "John is not a doctor and a teacher" : 0.0243382632818418
         "John and Mary are doctors and teachers" : 0.018030240297379957
         "John or Mary is a doctor and a teacher" : 0.01803023753669002
         "John and Mary are doctors or teachers" : 0.018030236308316426
         "John or Mary is a doctor or a teacher" : 0.018030235403827404
         "John or Mary is not a doctor or a teacher" : 0.01335712612679099
         "John and Mary are not doctors or teachers" : 0.013357126116927298
         "John or Mary is not a doctor and a teacher" : 0.013357126103535635
         "John and Mary are not doctors and teachers" : 0.013357126073521037,
    KLDivergence: 1.3803837575236733 },
  { query: [ 'doctor' ],
    trueResult: 
     Marginal:
         "Who is a doctor" : 0.22921420581057594
         "Who isn't a doctor" : 0.22921420581057594
         "What isn't Mary" : 0.06440286750063225
         "What isn't John" : 0.06440286750063225
         "What is John" : 0.06440286750063225
         "What is Mary" : 0.06440286750063225
         "What are John and Mary" : 0.03505845891035563
         "What aren't John and Mary" : 0.03505845891035563
         "What is John or Mary" : 0.034152473105707175
         "What isn't John or Mary" : 0.034152473105707175
         "Who isn't a doctor and a teacher" : 0.02689844941838866
         "Who is a doctor and a teacher" : 0.02689844941838866
         "Who isn't a doctor or a teacher" : 0.026361758948273445
         "Who is a doctor or a teacher" : 0.026361758948273445
         "Who is a teacher" : 0.019508918805434698
         "Who isn't a teacher" : 0.019508918805434698,
    learnedResult: 
     Marginal:
         "Who is a doctor" : 0.14378934175062616
         "What is Mary" : 0.10016122010813601
         "What is John" : 0.10015490595119853
         "Who isn't a doctor" : 0.06984665733638061
         "What isn't Mary" : 0.06984665480173294
         "What isn't John" : 0.06984665480121569
         "Who isn't a teacher" : 0.06984665226656808
         "Who is a teacher" : 0.06984665226656808
         "What are John and Mary" : 0.03833266438570094
         "Who is a doctor and a teacher" : 0.038332662812929116
         "Who is a doctor or a teacher" : 0.03833265581747029
         "What is John or Mary" : 0.03833265567704967
         "What aren't John and Mary" : 0.03833265550610621
         "Who isn't a doctor and a teacher" : 0.03833265550610613
         "Who isn't a doctor or a teacher" : 0.03833265550610579
         "What isn't John or Mary" : 0.03833265550610579,
    KLDivergence: 0.20923316219383964 },
  { query: [ 'teacher' ],
    trueResult: 
     Marginal:
         "Who isn't a teacher" : 0.2292142058105759
         "Who is a teacher" : 0.2292142058105759
         "What is John" : 0.06440286750063225
         "What isn't Mary" : 0.06440286750063225
         "What isn't John" : 0.06440286750063225
         "What is Mary" : 0.06440286750063225
         "What aren't John and Mary" : 0.03505845891035563
         "What are John and Mary" : 0.03505845891035563
         "What is John or Mary" : 0.034152473105707175
         "What isn't John or Mary" : 0.034152473105707175
         "Who isn't a doctor and a teacher" : 0.02689844941838866
         "Who is a doctor and a teacher" : 0.02689844941838866
         "Who isn't a doctor or a teacher" : 0.026361758948273434
         "Who is a doctor or a teacher" : 0.026361758948273434
         "Who isn't a doctor" : 0.019508918805434698
         "Who is a doctor" : 0.019508918805434698,
    learnedResult: 
     Marginal:
         "Who is a teacher" : 0.14380115175969113
         "What is Mary" : 0.10016794932372436
         "What is John" : 0.10016166302302608
         "Who isn't a teacher" : 0.06984396321187625
         "What isn't Mary" : 0.06984396067680892
         "What isn't John" : 0.06984396067629302
         "Who isn't a doctor" : 0.06984395814122574
         "Who is a doctor" : 0.06984395814122574
         "Who is a doctor and a teacher" : 0.038331187390323956
         "What are John and Mary" : 0.03833118582165386
         "What is John or Mary" : 0.03833117710976077
         "Who is a doctor or a teacher" : 0.038331176969313714
         "Who isn't a doctor and a teacher" : 0.03833117693876932
         "What aren't John and Mary" : 0.03833117693876923
         "Who isn't a doctor or a teacher" : 0.03833117693876882
         "What isn't John or Mary" : 0.03833117693876882,
    KLDivergence: 0.20923042601886574 },
  { query: [ 'john' ],
    trueResult: 
     Marginal:
         "What is John" : 0.2335112339276272
         "What isn't John" : 0.2335112339276272
         "Who is a doctor" : 0.0632711173435373
         "Who is a teacher" : 0.0632711173435373
         "Who isn't a doctor" : 0.0632711173435373
         "Who isn't a teacher" : 0.0632711173435373
         "Who isn't a doctor and a teacher" : 0.034279269305067944
         "Who is a doctor and a teacher" : 0.034279269305067944
         "Who isn't a doctor or a teacher" : 0.03340485038853081
         "Who is a doctor or a teacher" : 0.03340485038853081
         "What are John and Mary" : 0.02673579184995846
         "What aren't John and Mary" : 0.02673579184995846
         "What is John or Mary" : 0.026220148700735305
         "What isn't John or Mary" : 0.026220148700735305
         "What is Mary" : 0.019306471141005675
         "What isn't Mary" : 0.019306471141005675,
    learnedResult: 
     Marginal:
         "What is John" : 0.14378934173777144
         "Who is a teacher" : 0.10016122263459958
         "Who is a doctor" : 0.10015490687377802
         "What isn't John" : 0.06984665697045864
         "Who isn't a teacher" : 0.06984665443581099
         "Who isn't a doctor" : 0.06984665443529353
         "What is Mary" : 0.06984665190064594
         "What isn't Mary" : 0.06984665190064594
         "Who is a doctor and a teacher" : 0.03833266418487928
         "What are John and Mary" : 0.03833266261210672
         "What is John or Mary" : 0.03833265561664797
         "Who is a doctor or a teacher" : 0.038332655476227356
         "Who isn't a doctor and a teacher" : 0.03833265530528389
         "What aren't John and Mary" : 0.038332655305283805
         "Who isn't a doctor or a teacher" : 0.03833265530528346
         "What isn't John or Mary" : 0.03833265530528346,
    KLDivergence: 0.21873384415393557 },
  { query: [ 'mary' ],
    trueResult: 
     Marginal:
         "What isn't Mary" : 0.2335112339276271
         "What is Mary" : 0.2335112339276271
         "Who is a doctor" : 0.06327111734353735
         "Who isn't a doctor" : 0.06327111734353735
         "Who isn't a teacher" : 0.0632711173435373
         "Who is a teacher" : 0.0632711173435373
         "Who isn't a doctor and a teacher" : 0.034279269305067944
         "Who is a doctor and a teacher" : 0.034279269305067944
         "Who is a doctor or a teacher" : 0.03340485038853081
         "Who isn't a doctor or a teacher" : 0.03340485038853081
         "What are John and Mary" : 0.02673579184995847
         "What aren't John and Mary" : 0.02673579184995847
         "What isn't John or Mary" : 0.026220148700735316
         "What is John or Mary" : 0.026220148700735316
         "What isn't John" : 0.01930647114100568
         "What is John" : 0.01930647114100568,
    learnedResult: 
     Marginal:
         "What is Mary" : 0.14380114930652904
         "Who is a teacher" : 0.10016794928885663
         "Who is a doctor" : 0.10016166138406933
         "What isn't Mary" : 0.0698439636513618
         "Who isn't a teacher" : 0.06984396111629465
         "Who isn't a doctor" : 0.06984396111577856
         "What is John" : 0.06984395858071146
         "What isn't John" : 0.06984395858071146
         "What are John and Mary" : 0.03833118763151887
         "Who is a doctor and a teacher" : 0.03833118606284814
         "Who is a doctor or a teacher" : 0.03833117735095563
         "What is John or Mary" : 0.038331177210508584
         "What aren't John and Mary" : 0.03833117717996419
         "Who isn't a doctor and a teacher" : 0.03833117717996412
         "Who isn't a doctor or a teacher" : 0.0383311771799637
         "What isn't John or Mary" : 0.0383311771799637,
    KLDivergence: 0.2187308288389233 },
  { query: [ 'intersection(doctor, teacher)' ],
    trueResult: 
     Marginal:
         "Who is a doctor and a teacher" : 0.16119021963607344
         "Who isn't a doctor and a teacher" : 0.16119021963607344
         "What is John" : 0.07171132446625784
         "What isn't Mary" : 0.07171132446625784
         "What isn't John" : 0.07171132446625784
         "What is Mary" : 0.07171132446625784
         "Who isn't a doctor" : 0.05561319640979196
         "Who is a doctor" : 0.05561319640979196
         "Who is a teacher" : 0.05561319640979191
         "Who isn't a teacher" : 0.05561319640979191
         "What are John and Mary" : 0.031954853337267324
         "What aren't John and Mary" : 0.031954853337267324
         "What is John or Mary" : 0.03164538509514016
         "What isn't John or Mary" : 0.03164538509514016
         "Who isn't a doctor or a teacher" : 0.02056050017941963
         "Who is a doctor or a teacher" : 0.02056050017941963,
    learnedResult: 
     Marginal:
         "Who is a teacher" : 0.09071420980471101
         "Who is a doctor" : 0.09071114299901346
         "What is Mary" : 0.0854957369188326
         "What is John" : 0.08548676252616745
         "Who isn't a teacher" : 0.07718165436739065
         "Who isn't a doctor" : 0.07718165436701002
         "What isn't Mary" : 0.07718165424549639
         "What isn't John" : 0.07718165424477637
         "Who is a doctor and a teacher" : 0.04235820169219443
         "What are John and Mary" : 0.04235819461788484
         "Who is a doctor or a teacher" : 0.04235818917963233
         "What is John or Mary" : 0.04235818909737427
         "Who isn't a doctor and a teacher" : 0.04235818898487939
         "What aren't John and Mary" : 0.04235818898487906
         "Who isn't a doctor or a teacher" : 0.042358188984878795
         "What isn't John or Mary" : 0.042358188984878795,
    KLDivergence: 0.23802291292784725 },
  { query: [ 'union(doctor, teacher)' ],
    trueResult: 
     Marginal:
         "Who is a doctor or a teacher" : 0.15344851008414773
         "Who isn't a doctor or a teacher" : 0.15344851008414773
         "What is John" : 0.07423664944950453
         "What isn't Mary" : 0.07423664944950453
         "What isn't John" : 0.07423664944950453
         "What is Mary" : 0.07423664944950453
         "Who isn't a doctor" : 0.056660089154322336
         "Who is a doctor" : 0.056660089154322336
         "Who is a teacher" : 0.05666008915432231
         "Who isn't a teacher" : 0.05666008915432231
         "What are John and Mary" : 0.03232480643399373
         "What aren't John and Mary" : 0.03232480643399373
         "What is John or Mary" : 0.031746610153685004
         "What isn't John or Mary" : 0.031746610153685004
         "Who isn't a doctor and a teacher" : 0.020686596120519898
         "Who is a doctor and a teacher" : 0.020686596120519898,
    learnedResult: 
     Marginal:
         "What is Mary" : 0.10018121248569653
         "What is John" : 0.10017536935339451
         "Who is a teacher" : 0.09668728364029772
         "Who is a doctor" : 0.0966828677443558
         "Who isn't a teacher" : 0.07225716656839641
         "Who isn't a doctor" : 0.07225716656803993
         "What isn't Mary" : 0.07225716645445283
         "What isn't John" : 0.07225716645377882
         "Who is a doctor and a teacher" : 0.03965558525238531
         "What are John and Mary" : 0.03965557812103121
         "Who is a doctor or a teacher" : 0.0396555730321578
         "What is John or Mary" : 0.03965557294946698
         "Who isn't a doctor and a teacher" : 0.039655572844136955
         "What aren't John and Mary" : 0.03965557284413662
         "Who isn't a doctor or a teacher" : 0.03965557284413637
         "What isn't John or Mary" : 0.03965557284413637,
    KLDivergence: 0.23241535303902966 },
  { query: [ 'intersection(john, mary)' ],
    trueResult: 
     Marginal:
         "What aren't John and Mary" : 0.16243769311668096
         "What are John and Mary" : 0.16243769311668096
         "Who is a doctor" : 0.07056451151225795
         "Who isn't a doctor" : 0.07056451151225795
         "Who isn't a teacher" : 0.07056451151225793
         "Who is a teacher" : 0.07056451151225793
         "What isn't John" : 0.056019550372890525
         "What is John" : 0.056019550372890525
         "What isn't Mary" : 0.056019550372890525
         "What is Mary" : 0.056019550372890525
         "Who isn't a doctor and a teacher" : 0.03198790362966697
         "Who is a doctor and a teacher" : 0.03198790362966697
         "Who isn't a doctor or a teacher" : 0.03177092090827922
         "Who is a doctor or a teacher" : 0.03177092090827922
         "What is John or Mary" : 0.020635358575075795
         "What isn't John or Mary" : 0.020635358575075795,
    learnedResult: 
     Marginal:
         "What is Mary" : 0.09071420960695051
         "What is John" : 0.09071114349738696
         "Who is a teacher" : 0.08549573822963476
         "Who is a doctor" : 0.08548675863702175
         "What isn't Mary" : 0.07718165463885626
         "What isn't John" : 0.07718165463847576
         "Who isn't a teacher" : 0.07718165451696216
         "Who isn't a doctor" : 0.07718165451624188
         "What are John and Mary" : 0.04235820184117793
         "Who is a doctor and a teacher" : 0.04235819476686847
         "What is John or Mary" : 0.04235818932861585
         "Who is a doctor or a teacher" : 0.042358189246357765
         "What aren't John and Mary" : 0.04235818913386291
         "Who isn't a doctor and a teacher" : 0.04235818913386257
         "Who isn't a doctor or a teacher" : 0.04235818913386231
         "What isn't John or Mary" : 0.04235818913386231,
    KLDivergence: 0.24111815784712937 },
  { query: [ 'union(john, mary)' ],
    trueResult: 
     Marginal:
         "What isn't John or Mary" : 0.15479572872871056
         "What is John or Mary" : 0.15479572872871056
         "Who is a doctor" : 0.07314497016363104
         "Who is a teacher" : 0.07314497016363104
         "Who isn't a doctor" : 0.07314497016363104
         "Who isn't a teacher" : 0.07314497016363104
         "What is Mary" : 0.05698246399509907
         "What isn't John" : 0.05698246399509907
         "What isn't Mary" : 0.05698246399509907
         "What is John" : 0.05698246399509907
         "Who isn't a doctor and a teacher" : 0.03248027289420873
         "Who is a doctor and a teacher" : 0.03248027289420873
         "Who isn't a doctor or a teacher" : 0.031733907142317455
         "Who is a doctor or a teacher" : 0.031733907142317455
         "What are John and Mary" : 0.020735222917302933
         "What aren't John and Mary" : 0.020735222917302933,
    learnedResult: 
     Marginal:
         "Who is a teacher" : 0.1001812136327414
         "Who is a doctor" : 0.10017536907744404
         "What is Mary" : 0.09668728271627916
         "What is John" : 0.0966828679712969
         "What isn't Mary" : 0.07225716654765653
         "What isn't John" : 0.07225716654730019
         "Who isn't a teacher" : 0.07225716643371315
         "Who isn't a doctor" : 0.07225716643303888
         "What are John and Mary" : 0.039655585241003
         "Who is a doctor and a teacher" : 0.03965557810964903
         "What is John or Mary" : 0.03965557302077555
         "Who is a doctor or a teacher" : 0.03965557293808473
         "What aren't John and Mary" : 0.039655572832754706
         "Who isn't a doctor and a teacher" : 0.03965557283275437
         "Who isn't a doctor or a teacher" : 0.03965557283275412
         "What isn't John or Mary" : 0.03965557283275412,
    KLDivergence: 0.23608268830037238 } ]
