L2 norm of gradient: 14.065420805282525
Iteration 0: -933.4762435999627
L2 norm of gradient: 16.873314076787437
Iteration 1: -924.4355227210781
L2 norm of gradient: 13.244769746484158
Iteration 2: -884.2987655135332
L2 norm of gradient: 13.206465746222987
Iteration 3: -893.9947564800996
L2 norm of gradient: 4.994468766181308
Iteration 4: -980.5924345145901
L2 norm of gradient: 1.708059135680913
Iteration 5: -986.2888132492542
L2 norm of gradient: 1.0573478227673998
Iteration 6: -893.7813754525504
L2 norm of gradient: 1.5078627368191693
Iteration 7: -903.9906317386024
L2 norm of gradient: 12.817410484931251
Iteration 8: -856.2007240347161
L2 norm of gradient: 4.805927982901516
Iteration 9: -836.5628846821219
L2 norm of gradient: 9.49135964841134
Iteration 10: -972.1487886129833
L2 norm of gradient: 14.281299436371052
Iteration 11: -857.2324135792984
L2 norm of gradient: 10.182279477927827
Iteration 12: -922.6805760912655
L2 norm of gradient: 27.62533974834859
Iteration 13: -885.3501610234346
L2 norm of gradient: 0.6891585584785549
Iteration 14: -922.7050281709605
L2 norm of gradient: 21.252830256388993
Iteration 15: -788.0574295335422
L2 norm of gradient: 26.516274952490164
Iteration 16: -912.8879527463566
L2 norm of gradient: 12.752413535491009
Iteration 17: -942.0595639681555
L2 norm of gradient: 0.9408139879767844
Iteration 18: -855.634704942149
L2 norm of gradient: 4.525655145284273
Iteration 19: -836.5203357762688
L2 norm of gradient: 10.151069547368142
Iteration 20: -961.2021957468805
L2 norm of gradient: 4.593339221340038
Iteration 21: -942.2414279020327
L2 norm of gradient: 1.7654952468156702
Iteration 22: -951.6008452683425
L2 norm of gradient: 13.372395958222238
Iteration 23: -912.6304607492145
L2 norm of gradient: 21.123729731425673
Iteration 24: -951.9302702426254
L2 norm of gradient: 1.0634469634994583
Iteration 25: -970.7467022040353
L2 norm of gradient: 26.802934973330952
Iteration 26: -931.6521556473631
L2 norm of gradient: 4.21952963565877
Iteration 27: -842.8726077919921
L2 norm of gradient: 39.81038737396754
Iteration 28: -950.7948140067506
L2 norm of gradient: 10.417220008541088
Iteration 29: -871.5545783348192
L2 norm of gradient: 2.6973359679206887
Iteration 30: -990.1687985727923
L2 norm of gradient: 10.122363599843677
Iteration 31: -829.0796987467943
L2 norm of gradient: 0.06060111753664013
Iteration 32: -893.6014073020776
L2 norm of gradient: 15.043862725069431
Iteration 33: -937.7356146302603
L2 norm of gradient: 13.86363258365185
Iteration 34: -856.1508565520749
L2 norm of gradient: 14.614888378458998
Iteration 35: -956.496798014773
L2 norm of gradient: 13.569089684303748
Iteration 36: -941.1256715643382
L2 norm of gradient: 9.094141960437346
Iteration 37: -966.8731479654987
L2 norm of gradient: 13.578331209333014
Iteration 38: -922.1361784879152
L2 norm of gradient: 13.598040978837178
Iteration 39: -894.2901156128095
L2 norm of gradient: 1.7975845490810904
Iteration 40: -956.8992164095029
L2 norm of gradient: 15.22115777642946
Iteration 41: -937.6549229490852
L2 norm of gradient: 20.703433205318454
Iteration 42: -980.8568485290366
L2 norm of gradient: 1.7860155604422072
Iteration 43: -860.890875688968
L2 norm of gradient: 14.16865844067772
Iteration 44: -922.7090483509479
L2 norm of gradient: 14.235107776667197
Iteration 45: -989.8549554753625
L2 norm of gradient: 13.346309686162193
Iteration 46: -912.2582059241889
L2 norm of gradient: 41.260924959914696
Iteration 47: -997.6985299299303
L2 norm of gradient: 3.8289729782640785
Iteration 48: -928.582714777501
L2 norm of gradient: 13.49098786631166
Iteration 49: -931.3676637942214
L2 norm of gradient: 16.82998503929614
Iteration 50: -912.2353246484734
L2 norm of gradient: 0.3703255510347885
Iteration 51: -922.5395278455661
L2 norm of gradient: 1.775833350981951
Iteration 52: -884.5047152853122
L2 norm of gradient: 14.118138702918818
Iteration 53: -940.6392604878963
L2 norm of gradient: 10.489556655694843
Iteration 54: -904.3430791897885
L2 norm of gradient: 28.83739854037736
Iteration 55: -936.3825975934951
L2 norm of gradient: 8.058906048935134
Iteration 56: -932.8673118381503
L2 norm of gradient: 0.43552101319058656
Iteration 57: -932.1370841349931
L2 norm of gradient: 1.621082801973266
Iteration 58: -932.6722403661142
L2 norm of gradient: 20.36452377521399
Iteration 59: -951.5966279540837
L2 norm of gradient: 7.2211124358947405
Iteration 60: -894.3937882542276
L2 norm of gradient: 18.106594545946862
Iteration 61: -941.0675193235811
L2 norm of gradient: 8.547249465165377
Iteration 62: -961.1785415664165
L2 norm of gradient: 17.1040678266308
Iteration 63: -866.5512463281415
L2 norm of gradient: 2.20785135325258
Iteration 64: -980.5386693303387
L2 norm of gradient: 9.954875004770294
Iteration 65: -940.2216042184438
L2 norm of gradient: 9.907393451150748
Iteration 66: -846.902711937133
L2 norm of gradient: 2.63523897709656
Iteration 67: -848.2110601860484
L2 norm of gradient: 3.456298606386183
Iteration 68: -837.6691890844243
L2 norm of gradient: 3.9789028925734446
Iteration 69: -986.4690311931165
L2 norm of gradient: 0.666416259514806
Iteration 70: -932.3268850186381
L2 norm of gradient: 1.7839832125297754
Iteration 71: -909.0170202273846
L2 norm of gradient: 10.471947551095639
Iteration 72: -922.6276299800343
L2 norm of gradient: 14.162512828622713
Iteration 73: -845.1832951328222
L2 norm of gradient: 26.115116424472394
Iteration 74: -930.6278749122314
L2 norm of gradient: 0.44547774160073955
Iteration 75: -884.1293567356136
L2 norm of gradient: 11.752616134121165
Iteration 76: -848.1768066369709
L2 norm of gradient: 14.902139204781337
Iteration 77: -959.5850362210007
L2 norm of gradient: 11.55167450216526
Iteration 78: -947.0646585653875
L2 norm of gradient: 9.774148384910136
Iteration 79: -942.110656990799
L2 norm of gradient: 0.6247782487329355
Iteration 80: -932.332753648549
L2 norm of gradient: 15.256071325181402
Iteration 81: -911.496595277197
L2 norm of gradient: 30.428721111569573
Iteration 82: -887.43022460026
L2 norm of gradient: 0.6714955575672752
Iteration 83: -961.1319239704844
L2 norm of gradient: 23.330319136761613
Iteration 84: -957.8851914786869
L2 norm of gradient: 11.974857412456107
Iteration 85: -947.164282488185
L2 norm of gradient: 18.16627273995883
Iteration 86: -971.354140452952
L2 norm of gradient: 2.168134863680536
Iteration 87: -918.2347855775295
L2 norm of gradient: 0.9648931048936256
Iteration 88: -875.0256319924614
L2 norm of gradient: 1.8814781816022719
Iteration 89: -918.4477119813897
L2 norm of gradient: 18.03029257262262
Iteration 90: -883.9279011395561
L2 norm of gradient: 1.7663084470620674
Iteration 91: -851.9140395013173
L2 norm of gradient: 3.5871180073601385
Iteration 92: -937.5423088675574
L2 norm of gradient: 16.420768613394703
Iteration 93: -950.5764223798326
L2 norm of gradient: 10.36016480797547
Iteration 94: -844.9360585084416
L2 norm of gradient: 0.5664347294810397
Iteration 95: -903.2493027329364
L2 norm of gradient: 25.97747929899361
Iteration 96: -886.1659352548564
L2 norm of gradient: 0.6485779527932786
Iteration 97: -865.5562913900332
L2 norm of gradient: 39.376821606452054
Iteration 98: -1042.3552717211974
L2 norm of gradient: 31.170349259401778
Iteration 99: -937.8344741368387
L2 norm of gradient: 1.9745309435086587
Iteration 100: -956.8173846806653
L2 norm of gradient: 17.693131876923864
Iteration 101: -926.1241349963749
L2 norm of gradient: 11.275306120774681
Iteration 102: -917.0687095041019
L2 norm of gradient: 1.1671824692457256
Iteration 103: -932.3645959510816
L2 norm of gradient: 10.253881998872735
Iteration 104: -889.4183587330635
L2 norm of gradient: 25.78979300004208
Iteration 105: -870.3278427700038
L2 norm of gradient: 12.033714734903402
Iteration 106: -878.8564418526839
L2 norm of gradient: 1.814591813302754
Iteration 107: -850.8507220083047
L2 norm of gradient: 17.50374243698892
Iteration 108: -973.7079309087334
L2 norm of gradient: 19.26208486540633
Iteration 109: -939.4992969792095
L2 norm of gradient: 3.5481527702338704
Iteration 110: -827.4867702092039
L2 norm of gradient: 19.79756475601444
Iteration 111: -919.8282956173579
L2 norm of gradient: 3.2234218588071752
Iteration 112: -941.7799023988572
L2 norm of gradient: 0.7425415323032661
Iteration 113: -922.6435587559912
L2 norm of gradient: 16.551171854264876
Iteration 114: -862.7697518407688
L2 norm of gradient: 0.401379212461373
Iteration 115: -864.7641342628542
L2 norm of gradient: 0.7003095678936143
Iteration 116: -989.837353562502
L2 norm of gradient: 6.607317393366787
Iteration 117: -899.161988012542
L2 norm of gradient: 20.29965181695993
Iteration 118: -902.878511133975
L2 norm of gradient: 12.476291945785778
Iteration 119: -891.5229951667462
L2 norm of gradient: 33.86621472707849
Iteration 120: -888.5123359681098
L2 norm of gradient: 0.8869791814128675
Iteration 121: -817.7121445610558
L2 norm of gradient: 3.213201584710245
Iteration 122: -864.9390031410887
L2 norm of gradient: 19.837058711152544
Iteration 123: -873.1555986002159
L2 norm of gradient: 12.374444054338815
Iteration 124: -1002.4270867848118
L2 norm of gradient: 2.039672857242677
Iteration 125: -937.5503479515302
L2 norm of gradient: 12.896044036557454
Iteration 126: -916.0565499715092
L2 norm of gradient: 12.522449711592772
Iteration 127: -917.9056514796824
L2 norm of gradient: 11.076650941591156
Iteration 128: -817.464180228795
L2 norm of gradient: 12.27019994008095
Iteration 129: -920.0985776193196
L2 norm of gradient: 15.554974660754086
Iteration 130: -950.5789882465248
L2 norm of gradient: 12.268783489545646
Iteration 131: -946.1882770743981
L2 norm of gradient: 11.718472049924687
Iteration 132: -956.2543272943079
L2 norm of gradient: 18.307653851115514
Iteration 133: -925.2790620676403
L2 norm of gradient: 21.49955635440084
Iteration 134: -892.4613605748607
L2 norm of gradient: 17.56117559663059
Iteration 135: -1002.6775290907863
L2 norm of gradient: 2.0506490192399975
Iteration 136: -956.3826653765956
L2 norm of gradient: 0.09391409541296576
Iteration 137: -903.2069101051196
L2 norm of gradient: 12.578476267869398
Iteration 138: -852.7285457987607
L2 norm of gradient: 3.4273997355251846
Iteration 139: -865.4698801601843
L2 norm of gradient: 11.293888643779125
Iteration 140: -834.7808337501438
L2 norm of gradient: 16.158589997325524
Iteration 141: -958.6653864026565
L2 norm of gradient: 17.034761666409203
Iteration 142: -899.8163270326696
L2 norm of gradient: 0.4229888623296953
Iteration 143: -845.6084583811191
L2 norm of gradient: 1.3108163335073617
Iteration 144: -980.398431462932
L2 norm of gradient: 18.204691276693048
Iteration 145: -890.5134168806519
L2 norm of gradient: 0.6647960428146804
Iteration 146: -903.5562612704528
L2 norm of gradient: 1.9987641293109375
Iteration 147: -808.4559463193666
L2 norm of gradient: 10.952063414817864
Iteration 148: -894.2639453866935
L2 norm of gradient: 18.597985435133108
Iteration 149: -909.1683362070476
L2 norm of gradient: 1.5902310335582202
Iteration 150: -928.1474139813514
L2 norm of gradient: 18.768174112860635
Iteration 151: -823.8638260485013
L2 norm of gradient: 3.344990791677489
Iteration 152: -913.1064511493581
L2 norm of gradient: 3.5617090800729336
Iteration 153: -860.6524251383677
L2 norm of gradient: 1.105077544723596
Iteration 154: -941.921292814815
L2 norm of gradient: 0.3530498546908823
Iteration 155: -845.5792337251708
L2 norm of gradient: 11.742750238905856
Iteration 156: -867.0261877081741
L2 norm of gradient: 1.0216466711503163
Iteration 157: -846.5683477567351
L2 norm of gradient: 20.46725513500726
Iteration 158: -914.2084631539734
L2 norm of gradient: 3.6663907786249403
Iteration 159: -909.072957808245
L2 norm of gradient: 2.0302458637547645
Iteration 160: -856.769962256157
L2 norm of gradient: 29.236523465022533
Iteration 161: -1009.8015509848985
L2 norm of gradient: 38.32389075577673
Iteration 162: -991.7809448249905
L2 norm of gradient: 0.022758590310935398
Iteration 163: -855.1985401317722
L2 norm of gradient: 19.284031048898477
Iteration 164: -832.7202805495723
L2 norm of gradient: 1.3003947529084114
Iteration 165: -941.7793827084222
L2 norm of gradient: 68.81267264669195
Iteration 166: -952.6216475107451
L2 norm of gradient: 12.383534044628115
Iteration 167: -911.058752896944
L2 norm of gradient: 33.3285808040031
Iteration 168: -921.9162273059763
L2 norm of gradient: 2.1261777117669944
Iteration 169: -889.6249138063716
L2 norm of gradient: 71.18112047898622
Iteration 170: -963.7722095551127
L2 norm of gradient: 32.476138441951264
Iteration 171: -951.0097528147613
L2 norm of gradient: 0.008922794756713454
Iteration 172: -893.600024042438
L2 norm of gradient: 20.31875505506896
Iteration 173: -927.7487877873795
L2 norm of gradient: 12.99902745821437
Iteration 174: -812.3122381930584
L2 norm of gradient: 0.035366350290871006
Iteration 175: -903.2017931427641
L2 norm of gradient: 1.411339343653349
Iteration 176: -856.2976844949858
L2 norm of gradient: 3.859190421329403
Iteration 177: -841.2901651222926
L2 norm of gradient: 20.480124026979837
Iteration 178: -917.5152413514147
L2 norm of gradient: 0.44314149910289724
Iteration 179: -855.2482593356914
L2 norm of gradient: 11.123571529569213
Iteration 180: -886.0479833962545
L2 norm of gradient: 0.6936419062694
Iteration 181: -884.0735967665005
L2 norm of gradient: 0.018905402783642753
Iteration 182: -922.3990713151481
L2 norm of gradient: 3.6381888587105418
Iteration 183: -941.6012034494119
L2 norm of gradient: 20.089227642323113
Iteration 184: -946.8820023287584
L2 norm of gradient: 4.252238619514723
Iteration 185: -927.3898386008456
L2 norm of gradient: 26.201796359675164
Iteration 186: -934.0256067861362
L2 norm of gradient: 21.113365326468923
Iteration 187: -965.2813060746166
L2 norm of gradient: 1.3530017080729615
Iteration 188: -808.3481130109521
L2 norm of gradient: 2.289585659960913
Iteration 189: -937.3412628843658
L2 norm of gradient: 0.6072917552215603
Iteration 190: -836.3337538544305
L2 norm of gradient: 21.236892439343997
Iteration 191: -841.1103606456095
L2 norm of gradient: 1.0172369585235093
Iteration 192: -855.4313084617346
L2 norm of gradient: 23.11122459989589
Iteration 193: -907.3906933206457
L2 norm of gradient: 0.4830046144050275
Iteration 194: -951.3563486684681
L2 norm of gradient: 3.8833397866816806
Iteration 195: -874.5234537803776
L2 norm of gradient: 0.6067693159270122
Iteration 196: -980.0733581910008
L2 norm of gradient: 13.303963582003433
Iteration 197: -920.8120288995098
L2 norm of gradient: 0.6823501877801063
Iteration 198: -864.9222881827668
L2 norm of gradient: 0.5387908618587717
Iteration 199: -941.6499683589323
L2 norm of gradient: 0.1441493883948831
Iteration 200: -970.3856733008846
L2 norm of gradient: 3.9343741870224935
Iteration 201: -893.5463523645111
L2 norm of gradient: 57.35595092349687
Iteration 202: -903.0905742878496
L2 norm of gradient: 21.37973985587259
Iteration 203: -926.4584589961612
L2 norm of gradient: 4.303680375200419
Iteration 204: -808.1542729995269
L2 norm of gradient: 23.498535734033
Iteration 205: -941.4136293760923
L2 norm of gradient: 10.86608599283877
Iteration 206: -864.1088772145683
L2 norm of gradient: 57.426046184459345
Iteration 207: -974.1529068805728
L2 norm of gradient: 36.56112746156694
Iteration 208: -865.0336194528152
L2 norm of gradient: 0.4574001993123655
Iteration 209: -883.9414866277077
L2 norm of gradient: 15.392015993350594
Iteration 210: -851.0623317019601
L2 norm of gradient: 44.52284871989449
Iteration 211: -890.8677556319217
L2 norm of gradient: 3.1599581397835226
Iteration 212: -908.3777852507098
L2 norm of gradient: 0.49154895009928046
Iteration 213: -874.4210847087195
L2 norm of gradient: 0.5212920338456288
Iteration 214: -884.111984155384
L2 norm of gradient: 36.3119149272409
Iteration 215: -983.1930361448806
L2 norm of gradient: 0.17809029658572306
Iteration 216: -951.1790209925014
L2 norm of gradient: 0.8580545435696314
Iteration 217: -932.7304012008024
L2 norm of gradient: 1.417873527979029
Iteration 218: -951.4644265476738
L2 norm of gradient: 1.2218411399810365
Iteration 219: -913.2267291389678
L2 norm of gradient: 4.31280907351071
Iteration 220: -864.9888919375462
L2 norm of gradient: 0.09740838744350798
Iteration 221: -826.4012390073766
L2 norm of gradient: 0.1357240652053519
Iteration 222: -913.2636107896308
L2 norm of gradient: 46.3097178118128
Iteration 223: -908.785865703232
L2 norm of gradient: 0.05725211601500248
Iteration 224: -932.0039939712923
L2 norm of gradient: 23.206162259195217
Iteration 225: -935.0223185271227
L2 norm of gradient: 0.9230386242475793
Iteration 226: -922.6328182404361
L2 norm of gradient: 2.669984070021611
Iteration 227: -879.1913231612209
L2 norm of gradient: 4.84477839951615
Iteration 228: -793.9340548670423
L2 norm of gradient: 0.6521783661297622
Iteration 229: -893.9767351402766
L2 norm of gradient: 2.128405817455844
Iteration 230: -842.31465861895
L2 norm of gradient: 47.3735979815535
Iteration 231: -880.7403482754576
L2 norm of gradient: 36.70564134366443
Iteration 232: -1000.040117442759
L2 norm of gradient: 15.059036759304155
Iteration 233: -933.032382116828
L2 norm of gradient: 36.73055324319433
Iteration 234: -865.3605410026569
L2 norm of gradient: 18.367159975047098
Iteration 235: -850.765068889501
L2 norm of gradient: 0.8732124392222724
Iteration 236: -941.48256695552
L2 norm of gradient: 2.481010063497974
Iteration 237: -927.1865509927179
L2 norm of gradient: 21.874238077906583
Iteration 238: -763.5592091340588
L2 norm of gradient: 1.369832562953284
Iteration 239: -971.1027701633412
L2 norm of gradient: 23.80888509144004
Iteration 240: -857.2423521660762
L2 norm of gradient: 37.22385734839146
Iteration 241: -893.2372226217808
L2 norm of gradient: 1.3966599007631322
Iteration 242: -837.8222245067102
L2 norm of gradient: 3.6604008402333004
Iteration 243: -752.7002542088646
L2 norm of gradient: 26.01043533021559
Iteration 244: -958.3464746890213
L2 norm of gradient: 24.46709460900852
Iteration 245: -885.8940969693227
L2 norm of gradient: 14.282740506431418
Iteration 246: -842.8521116465647
L2 norm of gradient: 18.386187222436252
Iteration 247: -874.1790322820088
L2 norm of gradient: 5.49813401608566
Iteration 248: -990.2201682037952
L2 norm of gradient: 24.5837030826449
Iteration 249: -1000.9269888545867
L2 norm of gradient: 0.6763170979117658
Iteration 250: -798.640126815712
L2 norm of gradient: 2.5162794087347873
Iteration 251: -917.5529282032792
L2 norm of gradient: 1.137453036007664
Iteration 252: -893.4233734948014
L2 norm of gradient: 1.0210089499396242
Iteration 253: -931.8363247899023
L2 norm of gradient: 2.315525172019632
Iteration 254: -933.3640947625944
L2 norm of gradient: 10.081332025663002
Iteration 255: -931.6483019546158
L2 norm of gradient: 53.850494266860046
Iteration 256: -953.3627770155028
L2 norm of gradient: 6.3858853959876045
Iteration 257: -962.2217894816112
L2 norm of gradient: 2.831680014607099
Iteration 258: -727.5150459219705
L2 norm of gradient: 2.422493844027866
Iteration 259: -960.9600708223633
L2 norm of gradient: 25.089223244307114
Iteration 260: -886.6000410803273
L2 norm of gradient: 27.457726743379904
Iteration 261: -865.383601353128
L2 norm of gradient: 0.17708263754518655
Iteration 262: -883.9944030400816
L2 norm of gradient: 25.495973134320188
Iteration 263: -846.495855582556
L2 norm of gradient: 41.53813959612153
Iteration 264: -831.7349159186209
L2 norm of gradient: 27.498895134415452
Iteration 265: -961.6044605086504
L2 norm of gradient: 27.92131817078973
Iteration 266: -928.2070109517585
L2 norm of gradient: 0.2852409756239534
Iteration 267: -903.159451534965
L2 norm of gradient: 50.79539537659398
Iteration 268: -981.9858989397404
L2 norm of gradient: 41.83406835893343
Iteration 269: -967.7304186504632
L2 norm of gradient: 4.166512552902401
Iteration 270: -880.6646160063162
L2 norm of gradient: 28.88413083440823
Iteration 271: -937.4109866542115
L2 norm of gradient: 1.2149404483710555
Iteration 272: -865.9484974446233
L2 norm of gradient: 26.51107063263467
Iteration 273: -884.385215918671
L2 norm of gradient: 68.8967287669767
Iteration 274: -896.7073222607871
L2 norm of gradient: 6.105568301350342
Iteration 275: -912.1982846206818
L2 norm of gradient: 30.78319170269693
Iteration 276: -984.8431301472239
L2 norm of gradient: 28.975898719904222
Iteration 277: -965.3944970429601
L2 norm of gradient: 6.268290998584234
Iteration 278: -845.1309855900753
L2 norm of gradient: 3.0806044220871334
Iteration 279: -905.3404954877071
L2 norm of gradient: 11.35002991551814
Iteration 280: -873.4599575450313
L2 norm of gradient: 19.561910863637696
Iteration 281: -975.0206664120321
L2 norm of gradient: 28.65172438919609
Iteration 282: -825.779737251619
L2 norm of gradient: 2.7289418565715664
Iteration 283: -946.2141175568381
L2 norm of gradient: 18.39891343868217
Iteration 284: -910.1525573064807
L2 norm of gradient: 27.377198825067385
Iteration 285: -902.5028791478769
L2 norm of gradient: 22.080982724402094
Iteration 286: -862.3636110008802
L2 norm of gradient: 11.068420106213358
Iteration 287: -932.2843345731106
L2 norm of gradient: 28.359614300086374
Iteration 288: -835.4035249547112
L2 norm of gradient: 7.072956656219979
Iteration 289: -903.6297137101933
L2 norm of gradient: 2.382667199221114
Iteration 290: -960.8480537965766
L2 norm of gradient: 26.372612912289405
Iteration 291: -787.7600880985098
L2 norm of gradient: 27.73512558176321
Iteration 292: -892.0400358066779
L2 norm of gradient: 6.304054453143848
Iteration 293: -873.8950831615643
L2 norm of gradient: 57.29478834081887
Iteration 294: -929.0607335112732
L2 norm of gradient: 0.28947413515463405
Iteration 295: -893.5821806638419
L2 norm of gradient: 1.7239519406354182
Iteration 296: -713.5013143165913
L2 norm of gradient: 30.16086160793681
Iteration 297: -877.6203888769755
L2 norm of gradient: 60.23519104679292
Iteration 298: -945.9791850758903
L2 norm of gradient: 1.5259142306446518
Iteration 299: -951.9791708885657
L2 norm of gradient: 0.6565275917559503
Iteration 300: -932.11005473891
L2 norm of gradient: 30.292729526681647
Iteration 301: -843.0737821784886
L2 norm of gradient: 2.822751209869185
Iteration 302: -936.6539897100276
L2 norm of gradient: 2.813964318840106
Iteration 303: -941.580555091278
L2 norm of gradient: 14.425675265462399
Iteration 304: -863.1034683299919
L2 norm of gradient: 0.0878482846716788
Iteration 305: -893.5903004144332
L2 norm of gradient: 0.6535243384818095
Iteration 306: -932.0267223902904
L2 norm of gradient: 4.631043234194511
Iteration 307: -931.6408204378724
L2 norm of gradient: 14.107403692366738
Iteration 308: -929.9037328012566
L2 norm of gradient: 47.598619200305066
Iteration 309: -911.4809583054788
L2 norm of gradient: 58.83542245794305
Iteration 310: -926.2446194837099
L2 norm of gradient: 0.9321500982426102
Iteration 311: -932.3317601947689
L2 norm of gradient: 19.938972837016944
Iteration 312: -879.5355755734023
L2 norm of gradient: 7.566388215903277
Iteration 313: -902.5058102313668
L2 norm of gradient: 3.0927245783406527
Iteration 314: -941.524968170085
L2 norm of gradient: 58.4036542013346
Iteration 315: -810.3708572098344
L2 norm of gradient: 9.151827851190145
Iteration 316: -970.7063915423014
L2 norm of gradient: 8.000938854369823
Iteration 317: -835.0592891519932
L2 norm of gradient: 8.206478645522388
Iteration 318: -873.6431259217185
L2 norm of gradient: 32.08313969968014
Iteration 319: -898.1602118797402
L2 norm of gradient: 2.0991843158021255
Iteration 320: -789.4288337023601
L2 norm of gradient: 1.703715701192006
Iteration 321: -865.5434311483764
L2 norm of gradient: 0.7598352230333707
Iteration 322: -836.0712505709624
L2 norm of gradient: 30.316980081412325
Iteration 323: -821.912004770283
L2 norm of gradient: 17.152075673576086
Iteration 324: -920.1040697999324
L2 norm of gradient: 14.316079925429143
Iteration 325: -925.0523379060651
L2 norm of gradient: 16.299178732958193
Iteration 326: -938.1569818375842
L2 norm of gradient: 0.6941251287501602
Iteration 327: -893.5295400721589
L2 norm of gradient: 31.659102595549555
Iteration 328: -860.7587364457611
L2 norm of gradient: 19.0648255460936
Iteration 329: -943.2696454702879
L2 norm of gradient: 8.56403617598132
Iteration 330: -816.7107277513279
L2 norm of gradient: 19.180443682309953
Iteration 331: -931.114799575515
L2 norm of gradient: 29.876919039948096
Iteration 332: -736.9026119952521
L2 norm of gradient: 0.034400995050438914
Iteration 333: -864.8001889468103
L2 norm of gradient: 36.32241389165539
Iteration 334: -846.8571594133148
L2 norm of gradient: 28.791776353658285
Iteration 335: -957.5293905593207
L2 norm of gradient: 18.01011577232725
Iteration 336: -844.4847040671789
L2 norm of gradient: 2.011458241603919
Iteration 337: -894.5820074603388
L2 norm of gradient: 15.41750174632967
Iteration 338: -871.3737177837525
L2 norm of gradient: 1.8605020123791889
Iteration 339: -912.7066664579065
L2 norm of gradient: 33.2079208422125
Iteration 340: -950.8155227120213
L2 norm of gradient: 0.9826950710523256
Iteration 341: -756.0046025810365
L2 norm of gradient: 0.1801170085101223
Iteration 342: -931.9964554978678
L2 norm of gradient: 0.8867767383714888
Iteration 343: -836.0496313872947
L2 norm of gradient: 61.784424924597694
Iteration 344: -901.6052626781969
L2 norm of gradient: 0.8308836156207756
Iteration 345: -788.7104546736921
L2 norm of gradient: 12.84313873877714
Iteration 346: -920.4035069157555
L2 norm of gradient: 29.50111168792552
Iteration 347: -898.89810439866
L2 norm of gradient: 16.768841018319186
Iteration 348: -1023.553520273312
L2 norm of gradient: 1.8893433884368462
Iteration 349: -931.729786276023
L2 norm of gradient: 9.870058631232707
Iteration 350: -920.3499910359906
L2 norm of gradient: 17.591055632230514
Iteration 351: -953.3351996693934
L2 norm of gradient: 19.55830559562115
Iteration 352: -887.3384115406569
L2 norm of gradient: 3.226202334513098
Iteration 353: -907.945963338233
L2 norm of gradient: 32.40572379712869
Iteration 354: -915.7388996459692
L2 norm of gradient: 4.672069327524798
Iteration 355: -860.6464361981576
L2 norm of gradient: 16.81215889093142
Iteration 356: -871.9787148899807
L2 norm of gradient: 4.715673830802671
Iteration 357: -994.4066246410132
L2 norm of gradient: 27.076889098862182
Iteration 358: -909.1141399748648
L2 norm of gradient: 9.244906053917457
Iteration 359: -934.9866819517584
L2 norm of gradient: 1.62426986765818
Iteration 360: -864.4194251244519
L2 norm of gradient: 33.66364955455705
Iteration 361: -949.5969740579532
L2 norm of gradient: 2.7629449536938213
Iteration 362: -818.2921473444727
L2 norm of gradient: 4.148222993803668
Iteration 363: -1018.0425027452602
L2 norm of gradient: 33.39949978319848
Iteration 364: -864.5043623700773
L2 norm of gradient: 63.15149437062192
Iteration 365: -939.2521951246136
L2 norm of gradient: 4.155126217275508
Iteration 366: -898.4452336991989
L2 norm of gradient: 29.523539346130853
Iteration 367: -952.8161901962538
L2 norm of gradient: 37.16821393413222
Iteration 368: -944.0001972106894
L2 norm of gradient: 11.55906759579118
Iteration 369: -816.2604067010883
L2 norm of gradient: 0.3133035595688655
Iteration 370: -713.0231127986788
L2 norm of gradient: 33.32193632767968
Iteration 371: -942.8798877955613
L2 norm of gradient: 2.064578426894772
Iteration 372: -914.2454624883512
L2 norm of gradient: 23.586322156719437
Iteration 373: -810.8359874156893
L2 norm of gradient: 2.2388130877214336
Iteration 374: -960.879614873454
L2 norm of gradient: 31.961212471319094
Iteration 375: -886.8729051153873
L2 norm of gradient: 23.31635540977921
Iteration 376: -899.2376246881854
L2 norm of gradient: 32.55497113078353
Iteration 377: -820.0627331741017
L2 norm of gradient: 31.97771377546995
Iteration 378: -896.5450076566273
L2 norm of gradient: 0.8467854660790124
Iteration 379: -894.053902056394
L2 norm of gradient: 83.98805752246727
Iteration 380: -894.923580227163
L2 norm of gradient: 0.7315033707897395
Iteration 381: -874.5243454088987
L2 norm of gradient: 82.99708144171886
Iteration 382: -890.2711646789586
L2 norm of gradient: 25.297687215603652
Iteration 383: -878.9478684099558
L2 norm of gradient: 42.55568240206706
Iteration 384: -884.2220636160416
L2 norm of gradient: 79.35569296311915
Iteration 385: -949.5894194808265
L2 norm of gradient: 3.3806528034055496
Iteration 386: -811.6683310064029
L2 norm of gradient: 1.098252851191718
Iteration 387: -912.6737387935099
L2 norm of gradient: 32.94698970496887
Iteration 388: -875.5996390747239
L2 norm of gradient: 54.954557642316026
Iteration 389: -881.285854857496
L2 norm of gradient: 49.749722036288595
Iteration 390: -936.1530798131766
L2 norm of gradient: 0.8157563872856097
Iteration 391: -893.413972909204
L2 norm of gradient: 51.01234087838295
Iteration 392: -954.9819246117222
L2 norm of gradient: 5.980826908738673
Iteration 393: -902.3300246488009
L2 norm of gradient: 27.17060689376897
Iteration 394: -967.5035077890986
L2 norm of gradient: 3.0111770919774066
Iteration 395: -904.6143252196832
L2 norm of gradient: 11.626264189430833
Iteration 396: -920.6266692067484
L2 norm of gradient: 1.088053370853923
Iteration 397: -960.5374931078971
L2 norm of gradient: 9.836030518336747
Iteration 398: -973.7464842050856
L2 norm of gradient: 33.87535370574549
Iteration 399: -949.6939302018183
L2 norm of gradient: 35.657837484917515
Iteration 400: -852.7434255950847
L2 norm of gradient: 69.28178736543941
Iteration 401: -882.5590245088551
L2 norm of gradient: 22.08335167328003
Iteration 402: -902.8045540792656
L2 norm of gradient: 4.286693846794244
Iteration 403: -935.8347331180066
L2 norm of gradient: 68.36511783559511
Iteration 404: -939.682825797316
L2 norm of gradient: 2.868552985247503
Iteration 405: -902.8479161156318
L2 norm of gradient: 32.883867073314974
Iteration 406: -832.7988750827956
L2 norm of gradient: 17.2477386846044
Iteration 407: -886.4493386527596
L2 norm of gradient: 41.68447014256108
Iteration 408: -910.0022088407391
L2 norm of gradient: 10.931186574634108
Iteration 409: -876.2440716769756
L2 norm of gradient: 40.46782410808963
Iteration 410: -863.6699169909449
L2 norm of gradient: 1.3419834260592862
Iteration 411: -883.8414512194206
L2 norm of gradient: 41.31244939853845
Iteration 412: -928.8732821728194
L2 norm of gradient: 4.573071110267182
Iteration 413: -926.8070335273478
L2 norm of gradient: 71.43032293247063
Iteration 414: -802.52864440449
L2 norm of gradient: 12.691071427897201
Iteration 415: -900.8072735602976
L2 norm of gradient: 35.97260774939971
Iteration 416: -852.4255519356067
L2 norm of gradient: 3.2930398360983824
Iteration 417: -878.9885175109002
L2 norm of gradient: 12.685157264267245
Iteration 418: -842.6893514308747
L2 norm of gradient: 78.00111876257753
Iteration 419: -932.2835676022979
L2 norm of gradient: 3.0463717513420923
Iteration 420: -841.4322676831905
L2 norm of gradient: 52.77424289486474
Iteration 421: -910.4903764058258
L2 norm of gradient: 18.11794567835536
Iteration 422: -926.2654595653335
L2 norm of gradient: 37.218261521250035
Iteration 423: -918.5468852484738
L2 norm of gradient: 12.35245217522401
Iteration 424: -862.981928673406
L2 norm of gradient: 1.2697813611082582
Iteration 425: -970.1028838884281
L2 norm of gradient: 19.703670813419517
Iteration 426: -762.0463923440715
L2 norm of gradient: 3.5345644148899447
Iteration 427: -764.1096649695268
L2 norm of gradient: 3.043370533117939
Iteration 428: -859.6382809206025
L2 norm of gradient: 13.315809616386478
Iteration 429: -930.1620396946719
L2 norm of gradient: 35.509130919554025
Iteration 430: -841.8875367845301
L2 norm of gradient: 40.70251593437721
Iteration 431: -886.6169019103638
L2 norm of gradient: 3.998688312715609
Iteration 432: -816.5272315594651
L2 norm of gradient: 4.060152348319832
Iteration 433: -945.1480616394555
L2 norm of gradient: 2.734147951130821
Iteration 434: -789.0209546134163
L2 norm of gradient: 18.739140761165512
Iteration 435: -793.4097038336771
L2 norm of gradient: 3.2343302339633233
Iteration 436: -866.2837892893931
L2 norm of gradient: 2.493097236404368
Iteration 437: -941.2583977088385
L2 norm of gradient: 0.8537023703511005
Iteration 438: -961.0009207489884
L2 norm of gradient: 51.86415670493047
Iteration 439: -861.3858467207999
L2 norm of gradient: 7.97032504857531
Iteration 440: -886.0578683207514
L2 norm of gradient: 58.996437086922185
Iteration 441: -923.5769531192961
L2 norm of gradient: 60.13859972955855
Iteration 442: -865.2375751518274
L2 norm of gradient: 19.27339135500026
Iteration 443: -906.8029020063168
L2 norm of gradient: 3.0054661471809823
Iteration 444: -799.4073531242743
L2 norm of gradient: 17.608949102561645
Iteration 445: -893.9469439213947
L2 norm of gradient: 11.460051828739692
Iteration 446: -915.4694330494665
L2 norm of gradient: 36.26665136035141
Iteration 447: -879.0767387728147
L2 norm of gradient: 19.812745278951635
Iteration 448: -827.294977355664
L2 norm of gradient: 5.765530356332076
Iteration 449: -878.8216768014436
L2 norm of gradient: 52.48473072985236
Iteration 450: -951.1473632769123
L2 norm of gradient: 5.135580917411121
Iteration 451: -935.9049592223226
L2 norm of gradient: 4.329104052300912
Iteration 452: -960.9194641630208
L2 norm of gradient: 47.7096484192104
Iteration 453: -981.4696260086604
L2 norm of gradient: 3.235432980468229
Iteration 454: -838.0154138330406
L2 norm of gradient: 2.39574861072183
Iteration 455: -893.3680482327725
L2 norm of gradient: 16.139656565947707
Iteration 456: -958.6822580012491
L2 norm of gradient: 3.7397869050880534
Iteration 457: -904.6127327582986
L2 norm of gradient: 102.03516332044491
Iteration 458: -860.6934553194944
L2 norm of gradient: 1.8902686592448528
Iteration 459: -932.2032325490643
L2 norm of gradient: 50.65057695421514
Iteration 460: -846.6934745816368
L2 norm of gradient: 38.750594792226025
Iteration 461: -868.3365641760099
L2 norm of gradient: 9.32647047172817
Iteration 462: -930.1252969743491
L2 norm of gradient: 4.122870603840171
Iteration 463: -931.1634624005444
L2 norm of gradient: 23.039191501278992
Iteration 464: -849.7029206164432
L2 norm of gradient: 14.280064525936764
Iteration 465: -928.6194671154012
L2 norm of gradient: 32.88385401107016
Iteration 466: -802.557838371161
L2 norm of gradient: 32.5867391270891
Iteration 467: -865.0935125363438
L2 norm of gradient: 22.687403839201128
Iteration 468: -937.6800678357529
L2 norm of gradient: 2.1641143083417247
Iteration 469: -874.613375978691
L2 norm of gradient: 3.892113066172723
Iteration 470: -908.8567187766184
L2 norm of gradient: 14.102147949290663
Iteration 471: -916.7292289940625
L2 norm of gradient: 31.565631771027345
Iteration 472: -758.4476801982403
L2 norm of gradient: 16.27944494656888
Iteration 473: -917.2441762845758
L2 norm of gradient: 58.25708210760927
Iteration 474: -824.1225810040141
L2 norm of gradient: 84.40182965760724
Iteration 475: -904.0430794941336
L2 norm of gradient: 3.9678933498051667
Iteration 476: -797.1283499745007
L2 norm of gradient: 47.41915759798773
Iteration 477: -845.7262298215234
L2 norm of gradient: 47.58506048509041
Iteration 478: -902.1936424223335
L2 norm of gradient: 73.98394752768404
Iteration 479: -820.1672747512176
L2 norm of gradient: 2.62250685026942
Iteration 480: -864.3618722012793
L2 norm of gradient: 13.97721106191615
Iteration 481: -811.9955969958792
L2 norm of gradient: 40.32580531765085
Iteration 482: -923.5396183527561
L2 norm of gradient: 13.580531472276752
Iteration 483: -828.7842169362514
L2 norm of gradient: 3.5346755406546695
Iteration 484: -882.9235408158786
L2 norm of gradient: 38.55989608794904
Iteration 485: -913.5031503744998
L2 norm of gradient: 1.6161400545586895
Iteration 486: -941.1355928780625
L2 norm of gradient: 35.058591164248085
Iteration 487: -735.9803804164526
L2 norm of gradient: 60.347920827310865
Iteration 488: -828.8862287363606
L2 norm of gradient: 15.504294473476921
Iteration 489: -862.1333465302769
L2 norm of gradient: 14.721021293441565
Iteration 490: -976.5739026526908
L2 norm of gradient: 23.560563045611868
Iteration 491: -932.5651827314185
L2 norm of gradient: 16.836379694565437
Iteration 492: -946.0492299114179
L2 norm of gradient: 2.5771062250455037
Iteration 493: -789.0237800769588
L2 norm of gradient: 17.937751965961812
Iteration 494: -918.8448329165316
L2 norm of gradient: 38.551464037810334
Iteration 495: -951.2377288269087
L2 norm of gradient: 33.98538769094266
Iteration 496: -955.7834209176852
L2 norm of gradient: 38.93558226427992
Iteration 497: -893.6262990514018
L2 norm of gradient: 3.3719930591670018
Iteration 498: -827.783026580521
L2 norm of gradient: 43.76614053958169
Iteration 499: -827.0268824112605
[ { query: [ 'Who is a doctor', [Object] ],
    trueResult: 
     Marginal:
         "John and Mary are doctors" : 0.380020640450514
         "John and Mary are doctors and teachers" : 0.20855974943514632
         "John is a doctor" : 0.08655534418766547
         "Mary is a doctor" : 0.08655534418766547
         "John is a doctor and a teacher" : 0.04750258005631425
         "Mary is a doctor and a teacher" : 0.04750258005631425
         "John and Mary are doctors or teachers" : 0.018309772241219994
         "John or Mary is a doctor and a teacher" : 0.01641723975145466
         "John is a doctor or a teacher" : 0.014074838535204214
         "Mary is a doctor or a teacher" : 0.014074838535204214
         "John or Mary is a doctor" : 0.014074838535204214
         "Mary is a teacher" : 0.010819418023458179
         "John is a teacher" : 0.010819418023458179
         "John is not a teacher" : 0.008015222008949992
         "Mary is not a teacher" : 0.008015222008949992
         "John and Mary are teachers" : 0.0059378225070392835
         "John or Mary is a teacher" : 0.005937822507039272
         "John and Mary are not teachers" : 0.0043988471043886965
         "John or Mary is not a teacher" : 0.0043988471043886965
         "John or Mary is a doctor or a teacher" : 0.003954910804103521
         "John is not a doctor and a teacher" : 0.0013033621050040592
         "Mary is not a doctor and a teacher" : 0.0013033621050040592
         "John or Mary is not a doctor and a teacher" : 0.0012360388998589598
         "John and Mary are not doctors and teachers" : 0.00021194082645043896,
    learnedResult: 
     Marginal:
         "John is a doctor" : 0.2509928738997176
         "Mary is a doctor" : 0.2509928738997176
         "John and Mary are doctors" : 0.045097467089823394
         "Mary is a teacher" : 0.031374109237464684
         "John is a teacher" : 0.031374109237464684
         "John is a doctor and a teacher" : 0.02664211545105729
         "Mary is a doctor and a teacher" : 0.02664211545105729
         "John is not a teacher" : 0.023242511780772416
         "Mary is not a teacher" : 0.023242511780772416
         "Mary is not a doctor" : 0.01922361087878096
         "John is not a doctor" : 0.01922361087878096
         "John or Mary is a doctor" : 0.017616992618916232
         "John or Mary is a teacher" : 0.01721847622160568
         "John and Mary are teachers" : 0.01721847622160568
         "John is a doctor or a teacher" : 0.016106623705065673
         "Mary is a doctor or a teacher" : 0.016106623705065673
         "John is not a doctor or a teacher" : 0.012803204842714324
         "Mary is not a doctor or a teacher" : 0.012803204842714324
         "John and Mary are not teachers" : 0.0127557609173404
         "John or Mary is not a teacher" : 0.0127557609173404
         "John or Mary is not a doctor" : 0.01273910793759103
         "John is not a doctor and a teacher" : 0.012498807784948046
         "Mary is not a doctor and a teacher" : 0.012498807784948026
         "John and Mary are not doctors" : 0.01194185848427118
         "John and Mary are doctors and teachers" : 0.010784766648706963
         "John or Mary is a doctor and a teacher" : 0.009474432196398963
         "John or Mary is a doctor or a teacher" : 0.009445164844779981
         "John and Mary are doctors or teachers" : 0.009224691160847643
         "John and Mary are not doctors or teachers" : 0.007009807364176773
         "John or Mary is not a doctor or a teacher" : 0.0070006949584885845
         "John or Mary is not a doctor and a teacher" : 0.006999486922354504
         "John and Mary are not doctors and teachers" : 0.0069493403347097756,
    KLDivergence: 1.2386781833436937 },
  { query: [ 'Who is a doctor', [Object] ],
    trueResult: 
     Marginal:
         "John and Mary are doctors" : 0.380020640450514
         "John and Mary are doctors and teachers" : 0.20855974943514632
         "John is a doctor" : 0.08655534418766547
         "Mary is a doctor" : 0.08655534418766547
         "John is a doctor and a teacher" : 0.04750258005631425
         "Mary is a doctor and a teacher" : 0.04750258005631425
         "John and Mary are doctors or teachers" : 0.018309772241219994
         "John or Mary is a doctor and a teacher" : 0.01641723975145466
         "John is a doctor or a teacher" : 0.014074838535204214
         "Mary is a doctor or a teacher" : 0.014074838535204214
         "John or Mary is a doctor" : 0.014074838535204214
         "Mary is a teacher" : 0.010819418023458179
         "John is a teacher" : 0.010819418023458179
         "John is not a teacher" : 0.008015222008949992
         "Mary is not a teacher" : 0.008015222008949992
         "John and Mary are teachers" : 0.0059378225070392835
         "John or Mary is a teacher" : 0.005937822507039272
         "John and Mary are not teachers" : 0.0043988471043886965
         "John or Mary is not a teacher" : 0.0043988471043886965
         "John or Mary is a doctor or a teacher" : 0.003954910804103521
         "John is not a doctor and a teacher" : 0.0013033621050040592
         "Mary is not a doctor and a teacher" : 0.0013033621050040592
         "John or Mary is not a doctor and a teacher" : 0.0012360388998589598
         "John and Mary are not doctors and teachers" : 0.00021194082645043896,
    learnedResult: 
     Marginal:
         "John is a doctor" : 0.2509928738997176
         "Mary is a doctor" : 0.2509928738997176
         "John and Mary are doctors" : 0.045097467089823394
         "Mary is a teacher" : 0.031374109237464684
         "John is a teacher" : 0.031374109237464684
         "John is a doctor and a teacher" : 0.02664211545105729
         "Mary is a doctor and a teacher" : 0.02664211545105729
         "John is not a teacher" : 0.023242511780772416
         "Mary is not a teacher" : 0.023242511780772416
         "Mary is not a doctor" : 0.01922361087878096
         "John is not a doctor" : 0.01922361087878096
         "John or Mary is a doctor" : 0.017616992618916232
         "John or Mary is a teacher" : 0.01721847622160568
         "John and Mary are teachers" : 0.01721847622160568
         "John is a doctor or a teacher" : 0.016106623705065673
         "Mary is a doctor or a teacher" : 0.016106623705065673
         "John is not a doctor or a teacher" : 0.012803204842714324
         "Mary is not a doctor or a teacher" : 0.012803204842714324
         "John and Mary are not teachers" : 0.0127557609173404
         "John or Mary is not a teacher" : 0.0127557609173404
         "John or Mary is not a doctor" : 0.01273910793759103
         "John is not a doctor and a teacher" : 0.012498807784948046
         "Mary is not a doctor and a teacher" : 0.012498807784948026
         "John and Mary are not doctors" : 0.01194185848427118
         "John and Mary are doctors and teachers" : 0.010784766648706963
         "John or Mary is a doctor and a teacher" : 0.009474432196398963
         "John or Mary is a doctor or a teacher" : 0.009445164844779981
         "John and Mary are doctors or teachers" : 0.009224691160847643
         "John and Mary are not doctors or teachers" : 0.007009807364176773
         "John or Mary is not a doctor or a teacher" : 0.0070006949584885845
         "John or Mary is not a doctor and a teacher" : 0.006999486922354504
         "John and Mary are not doctors and teachers" : 0.0069493403347097756,
    KLDivergence: 1.2386781833436937 },
  { query: [ 'Who is a doctor and a teacher', [Object] ],
    trueResult: 
     Marginal:
         "John is a doctor and a teacher" : 0.5057429117707349
         "John is a doctor" : 0.11519045846271186
         "John is a teacher" : 0.11519045846271186
         "John or Mary is a doctor and a teacher" : 0.051789172217255514
         "Mary is not a teacher" : 0.02528450088232814
         "Mary is not a doctor" : 0.02528450088232814
         "John and Mary are teachers" : 0.018731218954471676
         "John and Mary are doctors" : 0.018731218954471676
         "John or Mary is a teacher" : 0.018731218954471645
         "John is a doctor or a teacher" : 0.018731218954471645
         "John or Mary is a doctor" : 0.018731218954471645
         "Mary is not a doctor or a teacher" : 0.013876428297051366
         "Mary is not a doctor and a teacher" : 0.013876428297051366
         "John and Mary are doctors or teachers" : 0.007219910001734958
         "Mary is a doctor or a teacher" : 0.00554999080132493
         "John or Mary is a doctor or a teacher" : 0.005263314391264789
         "Mary is a doctor" : 0.004266313276396742
         "Mary is a teacher" : 0.004266313276396742
         "John or Mary is not a doctor" : 0.004111534310237441
         "John or Mary is not a teacher" : 0.004111534310237441
         "John or Mary is not a doctor and a teacher" : 0.003899159202225257
         "John or Mary is not a doctor or a teacher" : 0.0014209763856506024,
    learnedResult: 
     Marginal:
         "John is a teacher" : 0.06689926946772155
         "John is a doctor" : 0.06495746918106511
         "Mary is a doctor" : 0.0581103924128974
         "Mary is a teacher" : 0.05790370281006474
         "Mary is not a teacher" : 0.04384078104706837
         "Mary is not a doctor" : 0.043831266330438996
         "John is not a doctor" : 0.04352877774254028
         "John is not a teacher" : 0.04344713271334435
         "John is a doctor and a teacher" : 0.033746028716477486
         "John and Mary are teachers" : 0.032947293580247033
         "John and Mary are doctors" : 0.03281441463864701
         "John is a doctor or a teacher" : 0.0324925149662998
         "Mary is a doctor or a teacher" : 0.032430098523434966
         "John or Mary is a doctor" : 0.03235248300445689
         "John or Mary is a teacher" : 0.032327286814426225
         "Mary is a doctor and a teacher" : 0.032184705221760576
         "Mary is not a doctor and a teacher" : 0.024038232928154726
         "John or Mary is not a teacher" : 0.02403464328462972
         "John or Mary is not a doctor" : 0.024033618304982324
         "Mary is not a doctor or a teacher" : 0.024030475145304007
         "John is not a doctor or a teacher" : 0.024027874166773946
         "John and Mary are not doctors" : 0.024012988092223252
         "John and Mary are not teachers" : 0.024006975991316265
         "John is not a doctor and a teacher" : 0.023988852756055726
         "John and Mary are doctors and teachers" : 0.017867521395265158
         "John and Mary are doctors or teachers" : 0.017806060234535813
         "John or Mary is a doctor or a teacher" : 0.017801269964600918
         "John or Mary is a doctor and a teacher" : 0.017787999702690724
         "John or Mary is not a doctor and a teacher" : 0.013188611808422315
         "John or Mary is not a doctor or a teacher" : 0.013188066995051347
         "John and Mary are not doctors or teachers" : 0.013187872657004236
         "John and Mary are not doctors and teachers" : 0.013185319402098647,
    KLDivergence: 1.390696226811735 },
  { query: [ 'Who is a doctor or a teacher', [Object] ],
    trueResult: 
     Marginal:
         "John and Mary are doctors" : 0.1056107851909732
         "John and Mary are teachers" : 0.1056107851909732
         "John is a doctor" : 0.08118368320238828
         "John is a teacher" : 0.08118368320238828
         "Mary is a teacher" : 0.08118368320238828
         "Mary is a doctor" : 0.08118368320238828
         "John and Mary are doctors or teachers" : 0.05796042780983282
         "John and Mary are doctors and teachers" : 0.05796042780983277
         "Mary is a doctor and a teacher" : 0.044554550002441795
         "John is a doctor and a teacher" : 0.044554550002441795
         "Mary is a doctor or a teacher" : 0.04455455000244175
         "John is a doctor or a teacher" : 0.04455455000244175
         "John or Mary is a teacher" : 0.03129208450102909
         "John or Mary is a doctor" : 0.03129208450102909
         "John or Mary is a doctor and a teacher" : 0.021122604886965272
         "John or Mary is a doctor or a teacher" : 0.012519452406923889
         "John is not a doctor and a teacher" : 0.009779799246246973
         "Mary is not a doctor and a teacher" : 0.009779799246246973
         "John is not a teacher" : 0.007517793967297686
         "Mary is not a teacher" : 0.007517793967297686
         "Mary is not a doctor" : 0.007517793967297686
         "John is not a doctor" : 0.007517793967297686
         "John or Mary is not a doctor and a teacher" : 0.00651387501985663
         "John or Mary is not a doctor" : 0.00565960604528182
         "John or Mary is not a teacher" : 0.00565960604528182
         "John and Mary are not doctors and teachers" : 0.0037696035994540657
         "John and Mary are not doctors" : 0.0012224749057808738
         "John and Mary are not teachers" : 0.0012224749057808738,
    learnedResult: 
     Marginal:
         "Mary is a doctor" : 0.06004228877978599
         "John is a teacher" : 0.059905180392957766
         "John is a doctor" : 0.05984720703250528
         "Mary is a teacher" : 0.05963964191157763
         "Mary is not a teacher" : 0.04436437071821534
         "John is not a doctor" : 0.04435492728332725
         "John is not a teacher" : 0.044352293853586015
         "Mary is not a doctor" : 0.04434607289665836
         "John and Mary are doctors" : 0.03287506222630233
         "John or Mary is a doctor" : 0.032861227556003576
         "John is a doctor and a teacher" : 0.03286082337901128
         "John is a doctor or a teacher" : 0.03285895360279887
         "John or Mary is a teacher" : 0.0328538947338069
         "Mary is a doctor or a teacher" : 0.03285222201940251
         "Mary is a doctor and a teacher" : 0.03284798825728905
         "John and Mary are teachers" : 0.03283518278049493
         "John and Mary are not teachers" : 0.024342917243664965
         "Mary is not a doctor and a teacher" : 0.024342222584644677
         "Mary is not a doctor or a teacher" : 0.024342142823768936
         "John or Mary is not a teacher" : 0.024342068160440763
         "John is not a doctor or a teacher" : 0.024341862184985567
         "John is not a doctor and a teacher" : 0.02434181172782144
         "John or Mary is not a doctor" : 0.02434177111746835
         "John and Mary are not doctors" : 0.02434114367034254
         "John or Mary is a doctor or a teacher" : 0.018032822662441116
         "John or Mary is a doctor and a teacher" : 0.018032780364829
         "John and Mary are doctors or teachers" : 0.018032332681584152
         "John and Mary are doctors and teachers" : 0.018032259835994817
         "John and Mary are not doctors and teachers" : 0.01335914502663617
         "John and Mary are not doctors or teachers" : 0.01335914023141374
         "John or Mary is not a doctor and a teacher" : 0.013359122028929311
         "John or Mary is not a doctor or a teacher" : 0.013359120231311432,
    KLDivergence: 0.4264581853852518 },
  { query: [ 'Who is not a doctor and a teacher', [Object] ],
    trueResult: 
     Marginal:
         "John is a doctor and a teacher" : 0.5057429117707349
         "John is a doctor" : 0.11519045846271186
         "John is a teacher" : 0.11519045846271186
         "John or Mary is a doctor and a teacher" : 0.051789172217255514
         "Mary is not a teacher" : 0.02528450088232814
         "Mary is not a doctor" : 0.02528450088232814
         "John and Mary are teachers" : 0.018731218954471676
         "John and Mary are doctors" : 0.018731218954471676
         "John or Mary is a teacher" : 0.018731218954471645
         "John is a doctor or a teacher" : 0.018731218954471645
         "John or Mary is a doctor" : 0.018731218954471645
         "Mary is not a doctor or a teacher" : 0.013876428297051366
         "Mary is not a doctor and a teacher" : 0.013876428297051366
         "John and Mary are doctors or teachers" : 0.007219910001734958
         "Mary is a doctor or a teacher" : 0.00554999080132493
         "John or Mary is a doctor or a teacher" : 0.005263314391264789
         "Mary is a doctor" : 0.004266313276396742
         "Mary is a teacher" : 0.004266313276396742
         "John or Mary is not a doctor" : 0.004111534310237441
         "John or Mary is not a teacher" : 0.004111534310237441
         "John or Mary is not a doctor and a teacher" : 0.003899159202225257
         "John or Mary is not a doctor or a teacher" : 0.0014209763856506024,
    learnedResult: 
     Marginal:
         "John is a teacher" : 0.05988568292763577
         "John is a doctor" : 0.05988064548559125
         "Mary is a doctor" : 0.05986165236340357
         "Mary is a teacher" : 0.05986106180212716
         "Mary is not a teacher" : 0.044349614743287816
         "Mary is not a doctor" : 0.0443495879143309
         "John is not a doctor" : 0.044348725164416285
         "John is not a teacher" : 0.04434849637445661
         "John is a doctor and a teacher" : 0.0328583442744421
         "John and Mary are teachers" : 0.03285610537866867
         "John and Mary are doctors" : 0.03285573824381961
         "John is a doctor or a teacher" : 0.03285500597713803
         "Mary is a doctor or a teacher" : 0.032854830345901774
         "John or Mary is a doctor" : 0.032854609003896466
         "John or Mary is a teacher" : 0.03285453845546457
         "Mary is a doctor and a teacher" : 0.03285394641841979
         "Mary is not a doctor and a teacher" : 0.024339504191101674
         "John or Mary is not a teacher" : 0.024339488092228686
         "John or Mary is not a doctor" : 0.02433948522881006
         "Mary is not a doctor or a teacher" : 0.02433947628095794
         "John is not a doctor or a teacher" : 0.02433946895766842
         "John and Mary are not doctors" : 0.02433943473068624
         "John and Mary are not teachers" : 0.024339417985596284
         "John is not a doctor and a teacher" : 0.024339363561615496
         "John and Mary are doctors and teachers" : 0.01803128402739939
         "John and Mary are doctors or teachers" : 0.018031137343396356
         "John or Mary is a doctor or a teacher" : 0.018031124703344985
         "John or Mary is a doctor and a teacher" : 0.018031086333777868
         "John or Mary is not a doctor and a teacher" : 0.013357788889613666
         "John or Mary is not a doctor or a teacher" : 0.013357787314845306
         "John and Mary are not doctors or teachers" : 0.013357786802163037
         "John and Mary are not doctors and teachers" : 0.013357780683794113,
    KLDivergence: 1.423225656520374 },
  { query: [ 'Who is not a doctor or a teacher', [Object] ],
    trueResult: 
     Marginal:
         "John and Mary are doctors" : 0.1056107851909732
         "John and Mary are teachers" : 0.1056107851909732
         "John is a doctor" : 0.08118368320238828
         "John is a teacher" : 0.08118368320238828
         "Mary is a teacher" : 0.08118368320238828
         "Mary is a doctor" : 0.08118368320238828
         "John and Mary are doctors or teachers" : 0.05796042780983282
         "John and Mary are doctors and teachers" : 0.05796042780983277
         "Mary is a doctor and a teacher" : 0.044554550002441795
         "John is a doctor and a teacher" : 0.044554550002441795
         "Mary is a doctor or a teacher" : 0.04455455000244175
         "John is a doctor or a teacher" : 0.04455455000244175
         "John or Mary is a teacher" : 0.03129208450102909
         "John or Mary is a doctor" : 0.03129208450102909
         "John or Mary is a doctor and a teacher" : 0.021122604886965272
         "John or Mary is a doctor or a teacher" : 0.012519452406923889
         "John is not a doctor and a teacher" : 0.009779799246246973
         "Mary is not a doctor and a teacher" : 0.009779799246246973
         "John is not a teacher" : 0.007517793967297686
         "Mary is not a teacher" : 0.007517793967297686
         "Mary is not a doctor" : 0.007517793967297686
         "John is not a doctor" : 0.007517793967297686
         "John or Mary is not a doctor and a teacher" : 0.00651387501985663
         "John or Mary is not a doctor" : 0.00565960604528182
         "John or Mary is not a teacher" : 0.00565960604528182
         "John and Mary are not doctors and teachers" : 0.0037696035994540657
         "John and Mary are not doctors" : 0.0012224749057808738
         "John and Mary are not teachers" : 0.0012224749057808738,
    learnedResult: 
     Marginal:
         "Mary is a doctor" : 0.05986779458910521
         "John is a teacher" : 0.05986737406302731
         "John is a doctor" : 0.05986719988392865
         "Mary is a teacher" : 0.05986656312962456
         "Mary is not a teacher" : 0.04435079844143057
         "John is not a doctor" : 0.04435076951520871
         "John is not a teacher" : 0.04435076160270774
         "Mary is not a doctor" : 0.04435074249937458
         "John and Mary are doctors" : 0.032855907647623896
         "John or Mary is a doctor" : 0.032855865192327506
         "John is a doctor and a teacher" : 0.03285586390476992
         "John is a doctor or a teacher" : 0.03285585821077493
         "John or Mary is a teacher" : 0.032855842809829346
         "Mary is a doctor or a teacher" : 0.032855837673060925
         "Mary is a doctor and a teacher" : 0.03285582478659056
         "John and Mary are teachers" : 0.03285578545179984
         "John and Mary are not teachers" : 0.024340219696428498
         "Mary is not a doctor and a teacher" : 0.024340217565629225
         "Mary is not a doctor or a teacher" : 0.024340217323657553
         "John or Mary is not a teacher" : 0.024340217094487644
         "John is not a doctor or a teacher" : 0.024340216467491467
         "John is not a doctor and a teacher" : 0.02434021631349973
         "John or Mary is not a doctor" : 0.024340216187816944
         "John and Mary are not doctors" : 0.024340214262028932
         "John or Mary is a doctor or a teacher" : 0.018031675632339247
         "John or Mary is a doctor and a teacher" : 0.018031675503795412
         "John and Mary are doctors or teachers" : 0.01803167413001207
         "John and Mary are doctors and teachers" : 0.018031673911966917
         "John and Mary are not doctors and teachers" : 0.013358194167568326
         "John and Mary are not doctors or teachers" : 0.013358194153090776
         "John or Mary is not a doctor and a teacher" : 0.013358194097233685
         "John or Mary is not a doctor or a teacher" : 0.013358194091769127,
    KLDivergence: 0.42641594565135954 },
  { query: [ 'What is John', [Object] ],
    trueResult: 
     Marginal:
         "John is a doctor" : 0.23702792248662735
         "John is not a teacher" : 0.17559460378842734
         "John and Mary are doctors" : 0.130083681939854
         "John and Mary are not teachers" : 0.09636836179440914
         "John or Mary is a doctor" : 0.03854331316736411
         "John is a doctor or a teacher" : 0.03854331316736411
         "Mary is a teacher" : 0.029628490310828412
         "Mary is a doctor" : 0.029628490310828412
         "John is not a doctor and a teacher" : 0.02855358867982489
         "John or Mary is not a teacher" : 0.02855358867982489
         "Mary is not a doctor" : 0.02194932547355341
         "Mary is not a teacher" : 0.02194932547355341
         "John and Mary are doctors or teachers" : 0.021153018759865538
         "Mary is a doctor and a teacher" : 0.01626046024248175
         "Mary is a doctor or a teacher" : 0.016260460242481723
         "John and Mary are not doctors and teachers" : 0.0156705417197306
         "Mary is not a doctor or a teacher" : 0.012046045224301137
         "Mary is not a doctor and a teacher" : 0.012046045224301137
         "John or Mary is a doctor or a teacher" : 0.010830345605051172
         "John or Mary is not a doctor and a teacher" : 0.008023317360502066
         "John or Mary is a teacher" : 0.004817914145920514
         "John or Mary is not a doctor" : 0.0035691985849781176
         "John or Mary is a doctor and a teacher" : 0.0016651064329923299
         "John or Mary is not a doctor or a teacher" : 0.0012335411849350591,
    learnedResult: 
     Marginal:
         "John is a doctor" : 0.3537332432176815
         "Mary is a teacher" : 0.04421665540221017
         "Mary is a doctor" : 0.04421665540221017
         "John is not a teacher" : 0.039159513285165
         "John and Mary are doctors" : 0.0375476871444875
         "Mary is not a teacher" : 0.03275650397956198
         "Mary is not a doctor" : 0.032756503979561924
         "John is not a doctor" : 0.027092523053952513
         "John or Mary is a teacher" : 0.025904091347706406
         "Mary is a doctor and a teacher" : 0.024266614993892703
         "Mary is a doctor or a teacher" : 0.024266614993892703
         "John or Mary is a doctor" : 0.02269964143586018
         "John is a doctor or a teacher" : 0.020696302461078477
         "John is a doctor and a teacher" : 0.019823443577447714
         "John and Mary are not teachers" : 0.018500418853111614
         "John is not a doctor or a teacher" : 0.018134492090076774
         "John is not a doctor and a teacher" : 0.018127820972297048
         "John or Mary is not a doctor" : 0.018042272092567552
         "Mary is not a doctor or a teacher" : 0.017977150541743894
         "Mary is not a doctor and a teacher" : 0.017977150541743894
         "John or Mary is not a teacher" : 0.017912185879025714
         "John and Mary are not doctors" : 0.0174638432348662
         "John and Mary are teachers" : 0.014557154496800392
         "John or Mary is a doctor or a teacher" : 0.013359473991732707
         "John or Mary is a doctor and a teacher" : 0.013358194512070135
         "John and Mary are doctors or teachers" : 0.012990074095670821
         "John and Mary are doctors and teachers" : 0.012976190904897496
         "John and Mary are not doctors or teachers" : 0.009879624717962842
         "John and Mary are not doctors and teachers" : 0.009879170073916727
         "John or Mary is not a doctor and a teacher" : 0.009864419590716291
         "John or Mary is not a doctor or a teacher" : 0.00986436913609109,
    KLDivergence: 0.48965972512361483 },
  { query: [ 'What is John', [Object] ],
    trueResult: 
     Marginal:
         "John is a doctor and a teacher" : 0.37545849217947985
         "John and Mary are doctors and teachers" : 0.20605598937841657
         "John is a doctor" : 0.08551624717081296
         "John is a teacher" : 0.08551624717081296
         "John and Mary are teachers" : 0.046932311522435
         "John and Mary are doctors" : 0.046932311522435
         "John or Mary is a doctor and a teacher" : 0.03844776478197857
         "John or Mary is a teacher" : 0.013905870080721474
         "John is a doctor or a teacher" : 0.013905870080721474
         "John or Mary is a doctor" : 0.013905870080721474
         "Mary is a teacher" : 0.010689530896351615
         "Mary is a doctor" : 0.010689530896351615
         "Mary is not a doctor" : 0.007918999258557448
         "Mary is not a teacher" : 0.007918999258557448
         "John and Mary are doctors or teachers" : 0.007631703310311726
         "Mary is a doctor and a teacher" : 0.005866538940304378
         "Mary is a doctor or a teacher" : 0.0058665389403043675
         "Mary is not a doctor or a teacher" : 0.004346038939316297
         "Mary is not a doctor and a teacher" : 0.004346038939316297
         "John or Mary is a doctor or a teacher" : 0.003907432094879606
         "John or Mary is not a doctor" : 0.0012877152412789025
         "John or Mary is not a teacher" : 0.0012877152412789025
         "John or Mary is not a doctor and a teacher" : 0.0012212002512970355
         "John or Mary is not a doctor or a teacher" : 0.00044504382335897773,
    learnedResult: 
     Marginal:
         "John is a doctor" : 0.2509592073333537
         "John is a teacher" : 0.2509592073333537
         "John is a doctor and a teacher" : 0.04509141800625766
         "Mary is a teacher" : 0.031369900916669205
         "Mary is a doctor" : 0.031369900916669205
         "John and Mary are teachers" : 0.02663854184940888
         "John and Mary are doctors" : 0.02663854184940888
         "Mary is not a teacher" : 0.023239394180048653
         "Mary is not a doctor" : 0.02323939418004861
         "John is not a teacher" : 0.01922103234752093
         "John is not a doctor" : 0.0192210323475209
         "John is a doctor or a teacher" : 0.01761462958907432
         "Mary is a doctor and a teacher" : 0.017216166646184687
         "Mary is a doctor or a teacher" : 0.017216166646184687
         "John or Mary is a teacher" : 0.016104463266374956
         "John or Mary is a doctor" : 0.01610446326637493
         "John or Mary is not a teacher" : 0.012800251007387133
         "John or Mary is not a doctor" : 0.01280025100738711
         "Mary is not a doctor or a teacher" : 0.01275404994178649
         "Mary is not a doctor and a teacher" : 0.01275404994178649
         "John is not a doctor or a teacher" : 0.012737511559702529
         "John and Mary are not doctors" : 0.012389879490401544
         "John and Mary are not teachers" : 0.012389879490401544
         "John is not a doctor and a teacher" : 0.012140244730817495
         "John and Mary are doctors and teachers" : 0.010871365945896182
         "John and Mary are doctors or teachers" : 0.009482923783481503
         "John or Mary is a doctor or a teacher" : 0.009444052097096974
         "John or Mary is a doctor and a teacher" : 0.0092825318236239
         "John or Mary is not a doctor and a teacher" : 0.007006422957461291
         "John or Mary is not a doctor or a teacher" : 0.00699975033197185
         "John and Mary are not doctors or teachers" : 0.006998141496792719
         "John and Mary are not doctors and teachers" : 0.006945233719550972,
    KLDivergence: 1.2418505685573165 },
  { query: [ 'What isn\'t John', [Object] ],
    trueResult: 
     Marginal:
         "John is a doctor and a teacher" : 0.37545849217947985
         "John and Mary are doctors and teachers" : 0.20605598937841657
         "John is a doctor" : 0.08551624717081296
         "John is a teacher" : 0.08551624717081296
         "John and Mary are teachers" : 0.046932311522435
         "John and Mary are doctors" : 0.046932311522435
         "John or Mary is a doctor and a teacher" : 0.03844776478197857
         "John or Mary is a teacher" : 0.013905870080721474
         "John is a doctor or a teacher" : 0.013905870080721474
         "John or Mary is a doctor" : 0.013905870080721474
         "Mary is a teacher" : 0.010689530896351615
         "Mary is a doctor" : 0.010689530896351615
         "Mary is not a doctor" : 0.007918999258557448
         "Mary is not a teacher" : 0.007918999258557448
         "John and Mary are doctors or teachers" : 0.007631703310311726
         "Mary is a doctor and a teacher" : 0.005866538940304378
         "Mary is a doctor or a teacher" : 0.0058665389403043675
         "Mary is not a doctor or a teacher" : 0.004346038939316297
         "Mary is not a doctor and a teacher" : 0.004346038939316297
         "John or Mary is a doctor or a teacher" : 0.003907432094879606
         "John or Mary is not a doctor" : 0.0012877152412789025
         "John or Mary is not a teacher" : 0.0012877152412789025
         "John or Mary is not a doctor and a teacher" : 0.0012212002512970355
         "John or Mary is not a doctor or a teacher" : 0.00044504382335897773,
    learnedResult: 
     Marginal:
         "John is a doctor" : 0.06033060815594306
         "John is a teacher" : 0.06033060815594303
         "Mary is a doctor" : 0.059794885253597385
         "Mary is a teacher" : 0.059794885253597385
         "Mary is not a teacher" : 0.04429714049943742
         "Mary is not a doctor" : 0.04429714049943738
         "John is not a teacher" : 0.044272880754595414
         "John is not a doctor" : 0.044272880754595394
         "John is a doctor and a teacher" : 0.032921664575465005
         "John and Mary are doctors" : 0.032862061871655725
         "John and Mary are teachers" : 0.03286206187165567
         "John is a doctor or a teacher" : 0.032818473818793756
         "Mary is a doctor or a teacher" : 0.032816128806081306
         "Mary is a doctor and a teacher" : 0.032816128806081264
         "John or Mary is a teacher" : 0.03280967872000153
         "John or Mary is a doctor" : 0.03280967872000152
         "John or Mary is not a teacher" : 0.02431104805642384
         "John or Mary is not a doctor" : 0.02431104805642382
         "Mary is not a doctor and a teacher" : 0.02431078615178324
         "Mary is not a doctor or a teacher" : 0.02431078615178322
         "John is not a doctor or a teacher" : 0.024310688389885773
         "John and Mary are not teachers" : 0.024308699328057615
         "John and Mary are not doctors" : 0.0243086993280576
         "John is not a doctor and a teacher" : 0.024307414546670434
         "John and Mary are doctors and teachers" : 0.018017119631509954
         "John and Mary are doctors or teachers" : 0.01801007964469367
         "John or Mary is a doctor or a teacher" : 0.018009847390720403
         "John or Mary is a doctor and a teacher" : 0.018008972411399586
         "John or Mary is not a doctor and a teacher" : 0.013342079337522794
         "John or Mary is not a doctor or a teacher" : 0.013342043382275529
         "John and Mary are not doctors or teachers" : 0.013342033880275394
         "John and Mary are not doctors and teachers" : 0.013341747795634986,
    KLDivergence: 1.3786962825765225 },
  { query: [ 'What isn\'t John', [Object] ],
    trueResult: 
     Marginal:
         "John is a doctor and a teacher" : 0.37545849217947985
         "John and Mary are doctors and teachers" : 0.20605598937841657
         "John is a doctor" : 0.08551624717081296
         "John is a teacher" : 0.08551624717081296
         "John and Mary are teachers" : 0.046932311522435
         "John and Mary are doctors" : 0.046932311522435
         "John or Mary is a doctor and a teacher" : 0.03844776478197857
         "John or Mary is a teacher" : 0.013905870080721474
         "John is a doctor or a teacher" : 0.013905870080721474
         "John or Mary is a doctor" : 0.013905870080721474
         "Mary is a teacher" : 0.010689530896351615
         "Mary is a doctor" : 0.010689530896351615
         "Mary is not a doctor" : 0.007918999258557448
         "Mary is not a teacher" : 0.007918999258557448
         "John and Mary are doctors or teachers" : 0.007631703310311726
         "Mary is a doctor and a teacher" : 0.005866538940304378
         "Mary is a doctor or a teacher" : 0.0058665389403043675
         "Mary is not a doctor or a teacher" : 0.004346038939316297
         "Mary is not a doctor and a teacher" : 0.004346038939316297
         "John or Mary is a doctor or a teacher" : 0.003907432094879606
         "John or Mary is not a doctor" : 0.0012877152412789025
         "John or Mary is not a teacher" : 0.0012877152412789025
         "John or Mary is not a doctor and a teacher" : 0.0012212002512970355
         "John or Mary is not a doctor or a teacher" : 0.00044504382335897773,
    learnedResult: 
     Marginal:
         "John is a doctor" : 0.06033060815594306
         "John is a teacher" : 0.06033060815594303
         "Mary is a doctor" : 0.059794885253597385
         "Mary is a teacher" : 0.059794885253597385
         "Mary is not a teacher" : 0.04429714049943742
         "Mary is not a doctor" : 0.04429714049943738
         "John is not a teacher" : 0.044272880754595414
         "John is not a doctor" : 0.044272880754595394
         "John is a doctor and a teacher" : 0.032921664575465005
         "John and Mary are doctors" : 0.032862061871655725
         "John and Mary are teachers" : 0.03286206187165567
         "John is a doctor or a teacher" : 0.032818473818793756
         "Mary is a doctor or a teacher" : 0.032816128806081306
         "Mary is a doctor and a teacher" : 0.032816128806081264
         "John or Mary is a teacher" : 0.03280967872000153
         "John or Mary is a doctor" : 0.03280967872000152
         "John or Mary is not a teacher" : 0.02431104805642384
         "John or Mary is not a doctor" : 0.02431104805642382
         "Mary is not a doctor and a teacher" : 0.02431078615178324
         "Mary is not a doctor or a teacher" : 0.02431078615178322
         "John is not a doctor or a teacher" : 0.024310688389885773
         "John and Mary are not teachers" : 0.024308699328057615
         "John and Mary are not doctors" : 0.0243086993280576
         "John is not a doctor and a teacher" : 0.024307414546670434
         "John and Mary are doctors and teachers" : 0.018017119631509954
         "John and Mary are doctors or teachers" : 0.01801007964469367
         "John or Mary is a doctor or a teacher" : 0.018009847390720403
         "John or Mary is a doctor and a teacher" : 0.018008972411399586
         "John or Mary is not a doctor and a teacher" : 0.013342079337522794
         "John or Mary is not a doctor or a teacher" : 0.013342043382275529
         "John and Mary are not doctors or teachers" : 0.013342033880275394
         "John and Mary are not doctors and teachers" : 0.013341747795634986,
    KLDivergence: 1.3786962825765225 } ]
