L2 norm of gradient: 6.068774882279783
Iteration 0: -893.7414184228605
L2 norm of gradient: 1.284790146705168
Iteration 1: -956.6620533744203
L2 norm of gradient: 5.493253313572741
Iteration 2: -874.2136859963459
L2 norm of gradient: 0.04474218695782308
Iteration 3: -855.2006723262284
L2 norm of gradient: 9.409700608971999
Iteration 4: -844.6666255509613
L2 norm of gradient: 9.211086167470066
Iteration 5: -826.6243974188824
L2 norm of gradient: 1.2533833522783078
Iteration 6: -870.2551057091675
L2 norm of gradient: 0.19689926494255522
Iteration 7: -893.816642348314
L2 norm of gradient: 0.21990839083780245
Iteration 8: -913.0248609544608
L2 norm of gradient: 5.8530715606951835
Iteration 9: -899.4480337130076
L2 norm of gradient: 0.6643291380604577
Iteration 10: -852.0223116701503
L2 norm of gradient: 6.417558170878885
Iteration 11: -844.9221528193054
L2 norm of gradient: 0.7153979029221361
Iteration 12: -976.1601287603858
L2 norm of gradient: 0.02557073912266168
Iteration 13: -845.5998172713767
L2 norm of gradient: 1.269714921959569
Iteration 14: -860.6440089721341
L2 norm of gradient: 0.04933353118044206
Iteration 15: -864.7979838950524
L2 norm of gradient: 0.02755436276663526
Iteration 16: -826.3990890500324
L2 norm of gradient: 0.12301646840289115
Iteration 17: -864.793382873341
L2 norm of gradient: 0.30372408570010384
Iteration 18: -903.4100922715714
L2 norm of gradient: 1.1417369400192243
Iteration 19: -908.6511162820676
L2 norm of gradient: 0.10638717884094334
Iteration 20: -797.5977876466579
L2 norm of gradient: 1.319810436631147
Iteration 21: -908.6355123432874
L2 norm of gradient: 6.159066964478537
Iteration 22: -855.4802207343128
L2 norm of gradient: 0.21268836654144804
Iteration 23: -903.4285953441431
L2 norm of gradient: 12.495003060586695
Iteration 24: -868.8759595435845
L2 norm of gradient: 2.0228506919051594
Iteration 25: -943.1928388611087
L2 norm of gradient: 5.645125121707763
Iteration 26: -870.0650453911554
L2 norm of gradient: 1.2092929564415325
Iteration 27: -889.6521057423287
L2 norm of gradient: 0.02975732291465869
Iteration 28: -874.3997291176656
L2 norm of gradient: 21.560247276525605
Iteration 29: -939.6592771930693
L2 norm of gradient: 1.1829120387819307
Iteration 30: -860.8509002872686
L2 norm of gradient: 0.20239154785129104
Iteration 31: -903.4273584062579
L2 norm of gradient: 0.7902440364233981
Iteration 32: -846.813581994269
L2 norm of gradient: 5.869064658789576
Iteration 33: -847.0138968777633
L2 norm of gradient: 1.1120008887701927
Iteration 34: -831.8340704241851
L2 norm of gradient: 13.45781712563845
Iteration 35: -912.6986364227078
L2 norm of gradient: 10.670386515883829
Iteration 36: -1026.6455893609218
L2 norm of gradient: 16.83716761284713
Iteration 37: -844.1838387882332
L2 norm of gradient: 6.37212792006748
Iteration 38: -883.9828137426974
L2 norm of gradient: 5.848853749581142
Iteration 39: -884.3973519042405
L2 norm of gradient: 0.048213410288931675
Iteration 40: -874.3991499923236
L2 norm of gradient: 11.870165544896093
Iteration 41: -936.1724039442852
L2 norm of gradient: 11.942293010443654
Iteration 42: -897.5088247178495
L2 norm of gradient: 0.07870295276908554
Iteration 43: -922.3983802142883
L2 norm of gradient: 17.340948108382268
Iteration 44: -920.3107729056102
L2 norm of gradient: 5.925163399090817
Iteration 45: -855.7637362899311
L2 norm of gradient: 11.255652924776799
Iteration 46: -920.8129650196454
L2 norm of gradient: 13.759686603010238
Iteration 47: -887.7191216437527
L2 norm of gradient: 0.04973450940169954
Iteration 48: -903.1989254284457
L2 norm of gradient: 6.649425457691792
Iteration 49: -960.7045956607192
L2 norm of gradient: 0.004074967903838824
Iteration 50: -884.0002369430154
L2 norm of gradient: 23.31542974799596
Iteration 51: -938.1248719853407
L2 norm of gradient: 17.831603269497144
Iteration 52: -881.6278470555147
L2 norm of gradient: 1.6080414023575407
Iteration 53: -918.1603377730917
L2 norm of gradient: 0.05746689121743742
Iteration 54: -874.398566766264
L2 norm of gradient: 0.11383448481840132
Iteration 55: -807.1943301628506
L2 norm of gradient: 11.975561201974092
Iteration 56: -862.9189780483188
L2 norm of gradient: 12.41966859137946
Iteration 57: -891.6414527540426
L2 norm of gradient: 9.510079811242889
Iteration 58: -903.7284301295515
L2 norm of gradient: 1.427802034922752
Iteration 59: -827.770166498295
L2 norm of gradient: 10.601140662179818
Iteration 60: -887.8902877463873
L2 norm of gradient: 10.0601618558102
Iteration 61: -845.6919603953302
L2 norm of gradient: 0.047875895893026175
Iteration 62: -883.9955641236654
L2 norm of gradient: 15.392687703400627
Iteration 63: -925.6218237318473
L2 norm of gradient: 1.4780064915052655
Iteration 64: -918.1619330757786
L2 norm of gradient: 12.917921832257477
Iteration 65: -881.8158808357829
L2 norm of gradient: 14.523052087418685
Iteration 66: -935.538943147449
L2 norm of gradient: 13.70827209194154
Iteration 67: -858.5968644729383
L2 norm of gradient: 16.256977268067196
Iteration 68: -950.1404790647066
L2 norm of gradient: 6.78749454045654
Iteration 69: -850.6525446454435
L2 norm of gradient: 0.08722794256492246
Iteration 70: -864.7972818276628
L2 norm of gradient: 12.79107261156441
Iteration 71: -1007.3157387466888
L2 norm of gradient: 15.250763535325197
Iteration 72: -910.1029141315873
L2 norm of gradient: 13.131888709357952
Iteration 73: -910.3700956056881
L2 norm of gradient: 15.555162268421423
Iteration 74: -900.3781752357631
L2 norm of gradient: 13.344455029035009
Iteration 75: -910.2773645896733
L2 norm of gradient: 15.413209506958411
Iteration 76: -786.9688060021929
L2 norm of gradient: 13.983007614556284
Iteration 77: -939.6151907822806
L2 norm of gradient: 0.8111800492646135
Iteration 78: -884.1266855585216
L2 norm of gradient: 1.442191391285644
Iteration 79: -889.5927597951422
L2 norm of gradient: 0.030009645493048714
Iteration 80: -893.5989219770056
L2 norm of gradient: 8.187753728904513
Iteration 81: -893.131756956022
L2 norm of gradient: 8.236486919937352
Iteration 82: -931.9630016455317
L2 norm of gradient: 8.198565521866495
Iteration 83: -912.3377438439542
L2 norm of gradient: 17.004700784568318
Iteration 84: -933.768210647502
L2 norm of gradient: 0.2451221067255134
Iteration 85: -864.7800827690864
L2 norm of gradient: 11.77644176714879
Iteration 86: -935.8301499653251
L2 norm of gradient: 15.391875947040637
Iteration 87: -943.959693152432
L2 norm of gradient: 8.941870171460941
Iteration 88: -949.5502045390742
L2 norm of gradient: 14.57641527638147
Iteration 89: -880.9556695646452
L2 norm of gradient: 1.484619016671655
Iteration 90: -879.7303027047801
L2 norm of gradient: 0.33857457776957467
Iteration 91: -941.8365891224739
L2 norm of gradient: 0.2993681530029348
Iteration 92: -874.5901576178445
L2 norm of gradient: 8.765329370257893
Iteration 93: -864.1721471572042
L2 norm of gradient: 0.3234516463238348
Iteration 94: -845.58355387713
L2 norm of gradient: 1.7588770578605823
Iteration 95: -908.4681506382259
L2 norm of gradient: 17.47951793333555
Iteration 96: -763.9529490892613
L2 norm of gradient: 20.483406025428643
Iteration 97: -871.0183067884834
L2 norm of gradient: 33.21057763169965
Iteration 98: -895.9544883832747
L2 norm of gradient: 14.902847474623671
Iteration 99: -909.4487778390244
L2 norm of gradient: 8.722238037829221
Iteration 100: -821.0689799824188
L2 norm of gradient: 8.764991869639108
Iteration 101: -831.9329216356697
L2 norm of gradient: 0.10703721381239331
Iteration 102: -835.9883190587298
L2 norm of gradient: 26.195329435484645
Iteration 103: -858.5046357056351
L2 norm of gradient: 15.216502282254634
Iteration 104: -842.0565644269518
L2 norm of gradient: 9.528109601969602
Iteration 105: -931.1608792871484
L2 norm of gradient: 3.423982745177516
Iteration 106: -952.3643357803361
L2 norm of gradient: 10.275270358735735
Iteration 107: -900.9828330168635
L2 norm of gradient: 1.752368358878985
Iteration 108: -908.4692714231634
L2 norm of gradient: 16.629328734408794
Iteration 109: -880.3395146641975
L2 norm of gradient: 10.528108929278478
Iteration 110: -843.3136933020998
L2 norm of gradient: 1.8333224221939377
Iteration 111: -870.0206656872917
L2 norm of gradient: 10.401454123865767
Iteration 112: -862.4835633305966
L2 norm of gradient: 10.08022319100887
Iteration 113: -754.3698704588847
L2 norm of gradient: 3.5459343655242557
Iteration 114: -904.3883969979778
L2 norm of gradient: 0.39146063012076665
Iteration 115: -865.0386632455043
L2 norm of gradient: 6.0650948282950425
Iteration 116: -912.9420949091885
L2 norm of gradient: 15.357548827163422
Iteration 117: -985.988008304452
L2 norm of gradient: 1.0111708136301414
Iteration 118: -883.8726032140047
L2 norm of gradient: 15.980738930173237
Iteration 119: -889.8105257375062
L2 norm of gradient: 24.375476778744204
Iteration 120: -854.3521334790915
L2 norm of gradient: 0.7737564701784498
Iteration 121: -789.0275219769528
L2 norm of gradient: 9.489199810124141
Iteration 122: -916.9749860974429
L2 norm of gradient: 10.25087817402068
Iteration 123: -844.5114243226761
L2 norm of gradient: 0.3185230305491427
Iteration 124: -865.0481727629194
L2 norm of gradient: 17.1509646495074
Iteration 125: -850.8036256977025
L2 norm of gradient: 19.770032262398523
Iteration 126: -868.9318724987547
L2 norm of gradient: 10.03080132751394
Iteration 127: -839.9586446591853
L2 norm of gradient: 0.28455373458730143
Iteration 128: -912.7877130157484
L2 norm of gradient: 11.062522709224684
Iteration 129: -892.5131072282118
L2 norm of gradient: 0.3726751073546574
Iteration 130: -883.9547418152694
L2 norm of gradient: 9.739291665191251
Iteration 131: -907.1614797605156
L2 norm of gradient: 1.986824311923815
Iteration 132: -860.3617927371631
L2 norm of gradient: 17.197575224164904
Iteration 133: -898.5749970303857
L2 norm of gradient: 0.08652574179268588
Iteration 134: -893.5907711120827
L2 norm of gradient: 0.24941556194032788
Iteration 135: -864.767604834099
L2 norm of gradient: 3.8406482139410807
Iteration 136: -855.9319209023795
L2 norm of gradient: 2.3661923555367887
Iteration 137: -869.9820895993801
L2 norm of gradient: 0.2558213740413813
Iteration 138: -883.9637520561724
L2 norm of gradient: 1.4687242528000184
Iteration 139: -808.2396478788858
L2 norm of gradient: 17.80870486093089
Iteration 140: -888.9863310016834
L2 norm of gradient: 11.231254084741776
Iteration 141: -882.5614549172565
L2 norm of gradient: 12.000437699249503
Iteration 142: -890.6282714888147
L2 norm of gradient: 13.719300372686405
Iteration 143: -849.0060161401245
L2 norm of gradient: 10.8295744547243
Iteration 144: -868.2850453707068
L2 norm of gradient: 18.91045847373468
Iteration 145: -903.7014782555419
L2 norm of gradient: 11.466711421137179
Iteration 146: -892.2303608144715
L2 norm of gradient: 2.2872978568869007
Iteration 147: -975.4508603277475
L2 norm of gradient: 17.583204597618938
Iteration 148: -936.5723984363625
L2 norm of gradient: 12.851410684899934
Iteration 149: -915.0686415926324
L2 norm of gradient: 11.047057539266486
Iteration 150: -993.6314868559971
L2 norm of gradient: 17.975804700140387
Iteration 151: -917.2058783567941
L2 norm of gradient: 16.791581905024184
Iteration 152: -932.5100598623349
L2 norm of gradient: 1.9855718916247396
Iteration 153: -879.5398101591186
L2 norm of gradient: 0.6890413400271588
Iteration 154: -942.0489341406642
L2 norm of gradient: 29.0287702019429
Iteration 155: -913.9101155784365
L2 norm of gradient: 17.217739806664717
Iteration 156: -879.2029851382379
L2 norm of gradient: 1.9789645707991093
Iteration 157: -879.5884424152935
L2 norm of gradient: 2.0951197254833285
Iteration 158: -898.6389480842544
L2 norm of gradient: 1.8952296493718608
Iteration 159: -937.4364697132283
L2 norm of gradient: 34.2873618919156
Iteration 160: -912.2526486566549
L2 norm of gradient: 17.613493729091708
Iteration 161: -889.0806228936225
L2 norm of gradient: 11.658871734001728
Iteration 162: -887.3952747388987
L2 norm of gradient: 0.42085240498878806
Iteration 163: -903.4437796694081
L2 norm of gradient: 29.86341018415473
Iteration 164: -923.0276542652975
L2 norm of gradient: 0.7096184793387806
Iteration 165: -922.2923493259364
L2 norm of gradient: 0.4168243051717525
Iteration 166: -951.1336656946365
L2 norm of gradient: 39.40736327377643
Iteration 167: -843.007181196975
L2 norm of gradient: 13.134569583932851
Iteration 168: -899.7374167803302
L2 norm of gradient: 12.836111360494154
Iteration 169: -978.1534635729781
L2 norm of gradient: 0.6677324585939562
Iteration 170: -922.3139166941245
L2 norm of gradient: 1.0358197583895437
Iteration 171: -835.8859408878322
L2 norm of gradient: 32.66860317845446
Iteration 172: -854.5162299087535
L2 norm of gradient: 0.5595211729246029
Iteration 173: -864.7490871882907
L2 norm of gradient: 0.25465903863801903
Iteration 174: -931.9552179279557
L2 norm of gradient: 0.19323787498287356
Iteration 175: -941.5748204147558
L2 norm of gradient: 1.9197266690674768
Iteration 176: -889.1384569304404
L2 norm of gradient: 0.1108708021947521
Iteration 177: -903.1995285086846
L2 norm of gradient: 33.7432308441711
Iteration 178: -974.7278637681554
L2 norm of gradient: 18.50022269827652
Iteration 179: -879.5486859573061
L2 norm of gradient: 19.771969257464388
Iteration 180: -858.117818218528
L2 norm of gradient: 0.5526071653501732
Iteration 181: -922.5121452798339
L2 norm of gradient: 0.25683322503589173
Iteration 182: -903.1737239572763
L2 norm of gradient: 1.4420663130542328
Iteration 183: -903.3528306972217
L2 norm of gradient: 0.7399721841635378
Iteration 184: -922.36542728142
L2 norm of gradient: 4.880111735154865
Iteration 185: -865.2445136801064
L2 norm of gradient: 20.002079868762102
Iteration 186: -848.2972518019797
L2 norm of gradient: 0.23647413177282334
Iteration 187: -864.7625407780844
L2 norm of gradient: 11.941366972636583
Iteration 188: -862.898957489778
L2 norm of gradient: 18.0411093139313
Iteration 189: -878.9647007673497
L2 norm of gradient: 13.534243655942984
Iteration 190: -861.5504556491604
L2 norm of gradient: 0.5188672141561526
Iteration 191: -970.313565520835
L2 norm of gradient: 13.21215272072425
Iteration 192: -877.0241410223377
L2 norm of gradient: 1.6222229968823771
Iteration 193: -922.7825361557957
L2 norm of gradient: 0.30429386432354744
Iteration 194: -826.410515585529
L2 norm of gradient: 22.029681585570376
Iteration 195: -872.2487570558927
L2 norm of gradient: 13.52686434908663
Iteration 196: -949.1679574238292
L2 norm of gradient: 2.59526821481629
Iteration 197: -859.9717654941858
L2 norm of gradient: 41.561200089783576
Iteration 198: -812.431159027544
L2 norm of gradient: 0.8782344696207608
Iteration 199: -874.3021418347618
L2 norm of gradient: 0.23874794611905026
Iteration 200: -903.2207567215052
L2 norm of gradient: 14.386453701854451
Iteration 201: -900.7345625412332
L2 norm of gradient: 43.37240794183184
Iteration 202: -829.0449558858908
L2 norm of gradient: 0.5380699654194829
Iteration 203: -874.6993872368264
L2 norm of gradient: 1.536452399083882
Iteration 204: -779.4736793818512
L2 norm of gradient: 0.12951770107546381
Iteration 205: -912.7873978232732
L2 norm of gradient: 0.7522036436926488
Iteration 206: -864.6932476439291
L2 norm of gradient: 20.570116086194396
Iteration 207: -944.0524436298085
L2 norm of gradient: 1.2004294760474734
Iteration 208: -941.7574068217742
L2 norm of gradient: 23.486095891869166
Iteration 209: -919.3167549259738
L2 norm of gradient: 6.874232739403162
Iteration 210: -941.9900419585243
L2 norm of gradient: 14.500031810271143
Iteration 211: -900.3410505435495
L2 norm of gradient: 2.8920643981709633
Iteration 212: -859.9767925947008
L2 norm of gradient: 22.689057889141388
Iteration 213: -929.1314779698142
L2 norm of gradient: 21.085350992991692
Iteration 214: -962.3035217150675
L2 norm of gradient: 13.412428087936707
Iteration 215: -914.6230500176212
L2 norm of gradient: 1.484317594500378
Iteration 216: -922.1445745560957
L2 norm of gradient: 21.42231588269835
Iteration 217: -885.1611504445601
L2 norm of gradient: 3.027128590948777
Iteration 218: -879.2484205184139
L2 norm of gradient: 24.128242236144803
Iteration 219: -890.030050387963
L2 norm of gradient: 20.358738579731707
Iteration 220: -895.370699675259
L2 norm of gradient: 7.728471560374889
Iteration 221: -956.2393242678036
L2 norm of gradient: 0.5427267607583369
Iteration 222: -931.9166951859984
L2 norm of gradient: 0.624247487196022
Iteration 223: -893.4948876934757
L2 norm of gradient: 21.694299309453505
Iteration 224: -875.3601760427827
L2 norm of gradient: 22.181795801223803
Iteration 225: -884.9272812091439
L2 norm of gradient: 22.174245086092096
Iteration 226: -932.7798389318642
L2 norm of gradient: 16.251482403512686
Iteration 227: -861.464860948171
L2 norm of gradient: 1.085249443246616
Iteration 228: -864.599265337745
L2 norm of gradient: 1.5038483539810756
Iteration 229: -827.6092913692125
L2 norm of gradient: 14.03386699396361
Iteration 230: -856.4544179703563
L2 norm of gradient: 1.0309332202894357
Iteration 231: -816.6789714801184
L2 norm of gradient: 2.1631154169316273
Iteration 232: -769.9022182347221
L2 norm of gradient: 24.02441460560014
Iteration 233: -855.2196505280582
L2 norm of gradient: 15.600037886846245
Iteration 234: -780.9773373770239
L2 norm of gradient: 16.285802492626562
Iteration 235: -918.9104172548443
L2 norm of gradient: 2.8690904418616974
Iteration 236: -831.5462747281061
L2 norm of gradient: 40.69784302975549
Iteration 237: -902.7405816557648
L2 norm of gradient: 1.0049556440605205
Iteration 238: -941.8212609296954
L2 norm of gradient: 22.531854226351985
Iteration 239: -874.4433851441313
L2 norm of gradient: 1.1305242012981869
Iteration 240: -835.8674989845789
L2 norm of gradient: 14.393443685958252
Iteration 241: -898.688411823071
L2 norm of gradient: 31.278828433150426
Iteration 242: -923.502790921056
L2 norm of gradient: 14.480131569006142
Iteration 243: -885.6481313528041
L2 norm of gradient: 15.574310246939593
Iteration 244: -935.8479039199202
L2 norm of gradient: 2.9618206974601384
Iteration 245: -854.6011042532111
L2 norm of gradient: 1.11961031145809
Iteration 246: -846.7005903814909
L2 norm of gradient: 14.853308527839005
Iteration 247: -832.258032124413
L2 norm of gradient: 4.439010500166325
Iteration 248: -897.9968285345254
L2 norm of gradient: 0.5052981800774877
Iteration 249: -903.1179472427868
L2 norm of gradient: 37.70904557851347
Iteration 250: -875.410210906485
L2 norm of gradient: 0.960404453778504
Iteration 251: -883.8904184858269
L2 norm of gradient: 1.55741181363548
Iteration 252: -893.305333849568
L2 norm of gradient: 1.3545148877715814
Iteration 253: -855.0264150414268
L2 norm of gradient: 25.458633932283337
Iteration 254: -869.0544385163189
L2 norm of gradient: 24.689487641257024
Iteration 255: -921.1213491789872
L2 norm of gradient: 13.936716524212663
Iteration 256: -860.3300175751797
L2 norm of gradient: 26.012522695092056
Iteration 257: -888.0008488917329
L2 norm of gradient: 3.5311031861922246
Iteration 258: -908.06544706556
L2 norm of gradient: 7.591263420262583
Iteration 259: -854.728402282796
L2 norm of gradient: 1.1392433101622397
Iteration 260: -951.4380746671613
L2 norm of gradient: 2.3303959734989883
Iteration 261: -883.8806697128301
L2 norm of gradient: 23.59754481038889
Iteration 262: -911.563152605031
L2 norm of gradient: 24.014870021267292
Iteration 263: -892.2240655774413
L2 norm of gradient: 43.47685622962562
Iteration 264: -874.1636814614643
L2 norm of gradient: 1.3319319087890842
Iteration 265: -941.4251881096496
L2 norm of gradient: 26.42393782423479
Iteration 266: -887.148247456629
L2 norm of gradient: 1.7890362381173588
Iteration 267: -835.7533641944092
L2 norm of gradient: 27.548788238595456
Iteration 268: -795.0282163017056
L2 norm of gradient: 2.605843174730899
Iteration 269: -760.3042177303142
L2 norm of gradient: 1.382363859085394
Iteration 270: -874.2181289770172
L2 norm of gradient: 3.4991472162476067
Iteration 271: -888.6859140797867
L2 norm of gradient: 0.42722048551093256
Iteration 272: -912.7480819080446
L2 norm of gradient: 1.0534404693795123
Iteration 273: -864.5559053009971
L2 norm of gradient: 2.680903212132877
Iteration 274: -893.9653395259843
L2 norm of gradient: 35.65131078911143
Iteration 275: -1015.2641539648465
L2 norm of gradient: 31.28067892636058
Iteration 276: -882.7494959293299
L2 norm of gradient: 1.7310179790225577
Iteration 277: -903.3089412938618
L2 norm of gradient: 0.8667477919871569
Iteration 278: -922.5048819438027
L2 norm of gradient: 36.75192797796169
Iteration 279: -826.758694725875
L2 norm of gradient: 3.8496700122489065
Iteration 280: -859.6605882144592
L2 norm of gradient: 18.544289837804627
Iteration 281: -965.5723808526968
L2 norm of gradient: 5.305387830652631
Iteration 282: -921.7419593194174
L2 norm of gradient: 25.191709436887354
Iteration 283: -862.1475093547143
L2 norm of gradient: 17.955441648630973
Iteration 284: -879.0168801079894
L2 norm of gradient: 25.519614161999215
Iteration 285: -871.5042830370801
L2 norm of gradient: 18.765397487607103
Iteration 286: -862.4883773588149
L2 norm of gradient: 19.27327044990346
Iteration 287: -837.6935659290231
L2 norm of gradient: 3.900176249138153
Iteration 288: -873.4753956343882
L2 norm of gradient: 8.662474991165249
Iteration 289: -844.690085505501
L2 norm of gradient: 25.319875822944354
Iteration 290: -890.5634826916835
L2 norm of gradient: 3.306507744527896
Iteration 291: -907.7736109391619
L2 norm of gradient: 1.605979781715552
Iteration 292: -902.8952781135184
L2 norm of gradient: 44.77432745770074
Iteration 293: -872.5754877605323
L2 norm of gradient: 8.059870072235698
Iteration 294: -912.3638912648839
L2 norm of gradient: 5.618133410287032
Iteration 295: -988.7135423110848
L2 norm of gradient: 22.15516722877793
Iteration 296: -895.9525464458366
L2 norm of gradient: 3.2417489158673867
Iteration 297: -859.8473339047006
L2 norm of gradient: 19.459459218112528
Iteration 298: -875.8991367433254
L2 norm of gradient: 4.533115300214681
Iteration 299: -878.4608688459489
L2 norm of gradient: 22.452593255828916
Iteration 300: -767.4309903577762
L2 norm of gradient: 16.503267346248712
Iteration 301: -874.0773325952553
L2 norm of gradient: 58.64746079170708
Iteration 302: -914.1153581904782
L2 norm of gradient: 21.757428774997475
Iteration 303: -906.6375559895488
L2 norm of gradient: 25.767051037503375
Iteration 304: -918.6247803995838
L2 norm of gradient: 4.490658398825239
Iteration 305: -887.9520139695027
L2 norm of gradient: 51.64559128267122
Iteration 306: -875.9298797529497
L2 norm of gradient: 9.466522857056837
Iteration 307: -873.2691046532614
L2 norm of gradient: 17.901648249831613
Iteration 308: -911.3279364124517
L2 norm of gradient: 10.62371311596844
Iteration 309: -892.4466769273922
L2 norm of gradient: 34.83153774556494
Iteration 310: -858.0499080284661
L2 norm of gradient: 18.315353055410597
Iteration 311: -942.9107637932583
L2 norm of gradient: 4.695264864350818
Iteration 312: -937.3350946458311
L2 norm of gradient: 36.52394661304003
Iteration 313: -886.7178325810094
L2 norm of gradient: 35.62259726850757
Iteration 314: -911.2558509250514
L2 norm of gradient: 9.34996493915231
Iteration 315: -901.9594412295808
L2 norm of gradient: 1.5651336278778978
Iteration 316: -865.7299732601326
L2 norm of gradient: 4.363313457385099
Iteration 317: -849.7761674201324
L2 norm of gradient: 8.406452847280116
Iteration 318: -954.4559024236954
L2 norm of gradient: 17.74446654349225
Iteration 319: -923.6457917533653
L2 norm of gradient: 5.603505587689566
Iteration 320: -839.675337327334
L2 norm of gradient: 26.82742898453094
Iteration 321: -916.9040214699312
L2 norm of gradient: 4.038058196016357
Iteration 322: -854.5258896920807
L2 norm of gradient: 19.83835374968113
Iteration 323: -830.0936323686213
L2 norm of gradient: 20.26273251824171
Iteration 324: -884.4301687571558
L2 norm of gradient: 29.529806679185644
Iteration 325: -912.0993473320715
L2 norm of gradient: 1.8432716397668802
Iteration 326: -931.6944535908062
L2 norm of gradient: 0.8816448182304277
Iteration 327: -902.9581510830249
L2 norm of gradient: 9.387917536212804
Iteration 328: -915.7511056978499
L2 norm of gradient: 30.64298360898154
Iteration 329: -887.0424915984725
L2 norm of gradient: 4.868756679214418
Iteration 330: -892.4028408462476
L2 norm of gradient: 30.151419036842825
Iteration 331: -848.2164538913369
L2 norm of gradient: 5.216395607918969
Iteration 332: -921.2655068827781
L2 norm of gradient: 20.39981510038281
Iteration 333: -887.2828565491427
L2 norm of gradient: 20.39803299210057
Iteration 334: -858.6239674745775
L2 norm of gradient: 19.49294284760665
Iteration 335: -835.8096524997569
L2 norm of gradient: 21.23715164480563
Iteration 336: -930.0169152603057
L2 norm of gradient: 43.82533265983354
Iteration 337: -849.1636786132424
L2 norm of gradient: 5.551595380223273
Iteration 338: -824.9129775839458
L2 norm of gradient: 1.1570739970856094
Iteration 339: -893.6994248817733
L2 norm of gradient: 21.307378333329204
Iteration 340: -837.8664604915434
L2 norm of gradient: 3.8698419899925645
Iteration 341: -969.6366790838622
L2 norm of gradient: 38.510579527006655
Iteration 342: -807.2208229019399
L2 norm of gradient: 2.7788149924292127
Iteration 343: -837.2131157469706
L2 norm of gradient: 5.679590410851879
Iteration 344: -897.1915977900101
L2 norm of gradient: 2.277246346938617
Iteration 345: -932.0318211327922
L2 norm of gradient: 28.79579815726622
Iteration 346: -962.983313365848
L2 norm of gradient: 1.384636237876001
Iteration 347: -902.8520252993039
L2 norm of gradient: 32.7991959000808
Iteration 348: -827.2193947130987
L2 norm of gradient: 26.88094013084255
Iteration 349: -801.2416220471406
L2 norm of gradient: 29.696547413698706
Iteration 350: -857.035824251216
L2 norm of gradient: 7.083972895284644
Iteration 351: -872.5916230005166
L2 norm of gradient: 22.56175870818534
Iteration 352: -924.1028840205151
L2 norm of gradient: 12.488159127847709
Iteration 353: -891.1421190735151
L2 norm of gradient: 29.345322774564124
Iteration 354: -875.541730993232
L2 norm of gradient: 2.5602104287581895
Iteration 355: -856.45310526292
L2 norm of gradient: 7.251018351158298
Iteration 356: -825.1311632193891
L2 norm of gradient: 6.302106389804159
Iteration 357: -877.6210362853076
L2 norm of gradient: 44.917435449010135
Iteration 358: -839.9586278526747
L2 norm of gradient: 0.9840877843978348
Iteration 359: -817.0034008591206
L2 norm of gradient: 35.66741234685563
Iteration 360: -882.8499396602801
L2 norm of gradient: 2.726234796925454
Iteration 361: -984.3076711453157
L2 norm of gradient: 1.4889871332903526
Iteration 362: -893.1922268496718
L2 norm of gradient: 1.2029466228273473
Iteration 363: -903.0067240999474
L2 norm of gradient: 35.934575542530624
Iteration 364: -883.1475295325822
L2 norm of gradient: 2.343450516628932
Iteration 365: -845.1869391347908
L2 norm of gradient: 29.49153000524506
Iteration 366: -855.5580549132518
L2 norm of gradient: 25.549303968933767
Iteration 367: -839.0696428623936
L2 norm of gradient: 29.09704550134631
Iteration 368: -932.0415145310762
L2 norm of gradient: 4.710606105142816
Iteration 369: -806.9997608320786
L2 norm of gradient: 34.287087934282084
Iteration 370: -824.9693599826237
L2 norm of gradient: 34.820083928521
Iteration 371: -868.9923208490134
L2 norm of gradient: 6.257870242452751
Iteration 372: -805.6083818941321
L2 norm of gradient: 41.555053157648224
Iteration 373: -815.5447874073948
L2 norm of gradient: 2.3632666059614538
Iteration 374: -883.4262739104147
L2 norm of gradient: 5.802090556734444
Iteration 375: -877.3687360342715
L2 norm of gradient: 23.00477440714701
Iteration 376: -904.7706261168706
L2 norm of gradient: 9.23575556257505
Iteration 377: -852.2565710898135
L2 norm of gradient: 8.069856520742412
Iteration 378: -814.1902434512594
L2 norm of gradient: 5.8735302002399985
Iteration 379: -915.9895581635857
L2 norm of gradient: 3.743743260611674
Iteration 380: -854.2245700577594
L2 norm of gradient: 63.0713590285072
Iteration 381: -916.562173423681
L2 norm of gradient: 10.156159297321963
Iteration 382: -896.018020805589
L2 norm of gradient: 15.69769215382468
Iteration 383: -870.2817156757746
L2 norm of gradient: 65.75648253580881
Iteration 384: -818.537126210892
L2 norm of gradient: 37.119563591353014
Iteration 385: -944.479470279196
L2 norm of gradient: 45.7408709299575
Iteration 386: -843.1985113817194
L2 norm of gradient: 21.966353391450067
Iteration 387: -862.1352161493107
L2 norm of gradient: 31.362745634808817
Iteration 388: -836.9280618482587
L2 norm of gradient: 3.694224919774805
Iteration 389: -906.9924652076522
L2 norm of gradient: 1.5102816306568982
Iteration 390: -989.1227877223703
L2 norm of gradient: 20.187599232041432
Iteration 391: -880.031172756987
L2 norm of gradient: 13.889101187937035
Iteration 392: -831.8904134181549
L2 norm of gradient: 3.4711849848928193
Iteration 393: -926.9415231686243
L2 norm of gradient: 24.70259605299842
Iteration 394: -854.9014961836849
L2 norm of gradient: 24.25488999731943
Iteration 395: -827.3653915678321
L2 norm of gradient: 2.4700022815052938
Iteration 396: -893.2184305835485
L2 norm of gradient: 30.078892859588642
Iteration 397: -987.940213405986
L2 norm of gradient: 11.919495963343774
Iteration 398: -938.3358847886356
L2 norm of gradient: 23.38975728128463
Iteration 399: -907.8480111117827
L2 norm of gradient: 1.4779824996293045
Iteration 400: -902.8068131204544
L2 norm of gradient: 13.546951409465425
Iteration 401: -914.5164691653601
L2 norm of gradient: 1.6806436983875306
Iteration 402: -893.7183196384358
L2 norm of gradient: 0.7905115212047198
Iteration 403: -912.6341884475951
L2 norm of gradient: 5.524129005143316
Iteration 404: -853.4778112018646
L2 norm of gradient: 4.663209343547511
Iteration 405: -873.5205759156878
L2 norm of gradient: 34.444227327457114
Iteration 406: -895.9297712741636
L2 norm of gradient: 13.959134030346185
Iteration 407: -871.5223231873451
L2 norm of gradient: 6.093150827338944
Iteration 408: -843.7114530093517
L2 norm of gradient: 3.4622375135571453
Iteration 409: -907.6860597991188
L2 norm of gradient: 22.97329360474381
Iteration 410: -841.4963068365522
L2 norm of gradient: 17.473608896304867
Iteration 411: -826.2621080566307
L2 norm of gradient: 20.899098308532842
Iteration 412: -852.43084545098
L2 norm of gradient: 4.652015362985744
Iteration 413: -902.2227404228612
L2 norm of gradient: 9.252543241085686
Iteration 414: -910.3016515822651
L2 norm of gradient: 26.329436910621194
Iteration 415: -894.8424265285843
L2 norm of gradient: 6.03741433574262
Iteration 416: -853.5473468456946
L2 norm of gradient: 3.119199537065827
Iteration 417: -898.1119079810228
L2 norm of gradient: 3.2613310232961195
Iteration 418: -850.8065932535278
L2 norm of gradient: 13.96698252729185
Iteration 419: -824.1781859785854
L2 norm of gradient: 32.17018870408892
Iteration 420: -841.5074488361391
L2 norm of gradient: 62.259270558506145
Iteration 421: -905.417533221189
L2 norm of gradient: 48.941728165348
Iteration 422: -882.1060448799466
L2 norm of gradient: 37.95858990407181
Iteration 423: -858.0477322837779
L2 norm of gradient: 2.028000510796999
Iteration 424: -902.570560319886
L2 norm of gradient: 22.249891704369343
Iteration 425: -860.5760573859754
L2 norm of gradient: 52.45913763583804
Iteration 426: -902.6563441713039
L2 norm of gradient: 1.8657265962966993
Iteration 427: -798.6073643471912
L2 norm of gradient: 8.217839161820786
Iteration 428: -871.406683899757
L2 norm of gradient: 10.372246926099647
Iteration 429: -820.0598386748928
L2 norm of gradient: 14.797305865193303
Iteration 430: -933.320496924214
L2 norm of gradient: 54.30967186132268
Iteration 431: -874.2119605862824
L2 norm of gradient: 24.38850351403398
Iteration 432: -854.3709010648718
L2 norm of gradient: 28.81984719295348
Iteration 433: -901.5942304444025
L2 norm of gradient: 4.180266736658409
Iteration 434: -806.3217859513941
L2 norm of gradient: 38.42850744349864
Iteration 435: -886.0113286188895
L2 norm of gradient: 2.781836946386224
Iteration 436: -847.385246061469
L2 norm of gradient: 11.215267435135372
Iteration 437: -827.0720595581246
L2 norm of gradient: 5.255269607236429
Iteration 438: -844.0007289808613
L2 norm of gradient: 9.0788412331034
Iteration 439: -853.1211038812191
L2 norm of gradient: 25.662869062345553
Iteration 440: -889.561774083239
L2 norm of gradient: 46.209874968628114
Iteration 441: -902.6810414126401
L2 norm of gradient: 7.3936342776372
Iteration 442: -844.0939824572268
L2 norm of gradient: 45.14508290923166
Iteration 443: -893.0161090895048
L2 norm of gradient: 5.518272523778432
Iteration 444: -864.0975984192773
L2 norm of gradient: 31.89957354039293
Iteration 445: -868.2103602990641
L2 norm of gradient: 14.027027705933214
Iteration 446: -922.583434606785
L2 norm of gradient: 63.01285663505971
Iteration 447: -919.8943109103582
L2 norm of gradient: 41.10093157864979
Iteration 448: -877.070945108488
L2 norm of gradient: 35.145527915971286
Iteration 449: -820.5886340682256
L2 norm of gradient: 42.16475787380262
Iteration 450: -851.8203902190447
L2 norm of gradient: 68.43607222798734
Iteration 451: -792.7528144495523
L2 norm of gradient: 20.791514858168167
Iteration 452: -818.5972654793997
L2 norm of gradient: 15.640796927544036
Iteration 453: -860.2098429132659
L2 norm of gradient: 2.839464839997279
Iteration 454: -844.7125736880848
L2 norm of gradient: 7.448876590331506
Iteration 455: -910.5552842647475
L2 norm of gradient: 14.103958219742905
Iteration 456: -835.2439445458529
L2 norm of gradient: 75.76402567839206
Iteration 457: -864.6234590066962
L2 norm of gradient: 37.245334195828896
Iteration 458: -903.8029156645097
L2 norm of gradient: 27.17958548404557
Iteration 459: -914.0298731149954
L2 norm of gradient: 9.356047293035537
Iteration 460: -910.8269936878045
L2 norm of gradient: 30.95798345457748
Iteration 461: -911.5019030533405
L2 norm of gradient: 24.771186081415348
Iteration 462: -886.0692882568501
L2 norm of gradient: 4.841322039893893
Iteration 463: -921.8350260160105
L2 norm of gradient: 10.87755478461212
Iteration 464: -852.5200593754552
L2 norm of gradient: 4.908107420886995
Iteration 465: -921.0581253594544
L2 norm of gradient: 35.920393200907164
Iteration 466: -814.1699155934574
L2 norm of gradient: 6.735025799384502
Iteration 467: -881.8280002533485
L2 norm of gradient: 41.25107704397534
Iteration 468: -810.7398466693609
L2 norm of gradient: 36.27925295324503
Iteration 469: -844.8203697411345
L2 norm of gradient: 11.218105691808539
Iteration 470: -889.9001824110367
L2 norm of gradient: 41.6820823352433
Iteration 471: -864.6648004534152
L2 norm of gradient: 3.972503426567904
Iteration 472: -897.6004175496105
L2 norm of gradient: 69.24696987478384
Iteration 473: -824.2628411417436
L2 norm of gradient: 3.595120737003975
Iteration 474: -902.8260795089321
L2 norm of gradient: 11.299959745982399
Iteration 475: -786.0731510225252
L2 norm of gradient: 21.638795983396953
Iteration 476: -964.8716659634717
L2 norm of gradient: 2.5753888522735915
Iteration 477: -912.3992142922984
L2 norm of gradient: 28.09705558867248
Iteration 478: -804.5996166483988
L2 norm of gradient: 66.95793790750852
Iteration 479: -848.940478256573
L2 norm of gradient: 35.703412327920674
Iteration 480: -878.4260287660627
L2 norm of gradient: 25.69664908610559
Iteration 481: -893.8044352444683
L2 norm of gradient: 23.36304246319221
Iteration 482: -927.1375747327265
L2 norm of gradient: 19.858471838205244
Iteration 483: -875.9314018113917
L2 norm of gradient: 34.143703375749595
Iteration 484: -813.8712120403192
L2 norm of gradient: 37.969927577836685
Iteration 485: -875.4956607476755
L2 norm of gradient: 7.465250116686185
Iteration 486: -862.9099807405926
L2 norm of gradient: 30.38945778511168
Iteration 487: -823.2217219781105
L2 norm of gradient: 37.93904885966285
Iteration 488: -908.2133551303523
L2 norm of gradient: 47.38471720369033
Iteration 489: -915.82395705151
L2 norm of gradient: 7.018541417423182
Iteration 490: -872.5331440459537
L2 norm of gradient: 15.139550046628312
Iteration 491: -816.7902788202357
L2 norm of gradient: 9.797587498225859
Iteration 492: -814.2339409667024
L2 norm of gradient: 23.39927234238369
Iteration 493: -800.8014956705076
L2 norm of gradient: 33.73483356773083
Iteration 494: -845.2256689762401
L2 norm of gradient: 32.89514643634774
Iteration 495: -777.2046077666052
L2 norm of gradient: 29.279272243304906
Iteration 496: -849.7060386928508
L2 norm of gradient: 35.89062218948836
Iteration 497: -840.8361151606666
L2 norm of gradient: 10.476444650975058
Iteration 498: -851.2736891392718
L2 norm of gradient: 23.390817243393045
Iteration 499: -986.9242257617027
[ { query: [ 'Who is a doctor', [Object] ],
    trueResult: 
     Marginal:
         "John and Mary are doctors" : 0.380020640450514
         "John and Mary are doctors and teachers" : 0.20855974943514632
         "John is a doctor" : 0.08655534418766547
         "Mary is a doctor" : 0.08655534418766547
         "John is a doctor and a teacher" : 0.04750258005631425
         "Mary is a doctor and a teacher" : 0.04750258005631425
         "John and Mary are doctors or teachers" : 0.018309772241219994
         "John or Mary is a doctor and a teacher" : 0.01641723975145466
         "John is a doctor or a teacher" : 0.014074838535204214
         "Mary is a doctor or a teacher" : 0.014074838535204214
         "John or Mary is a doctor" : 0.014074838535204214
         "Mary is a teacher" : 0.010819418023458179
         "John is a teacher" : 0.010819418023458179
         "John is not a teacher" : 0.008015222008949992
         "Mary is not a teacher" : 0.008015222008949992
         "John and Mary are teachers" : 0.0059378225070392835
         "John or Mary is a teacher" : 0.005937822507039272
         "John and Mary are not teachers" : 0.0043988471043886965
         "John or Mary is not a teacher" : 0.0043988471043886965
         "John or Mary is a doctor or a teacher" : 0.003954910804103521
         "John is not a doctor and a teacher" : 0.0013033621050040592
         "Mary is not a doctor and a teacher" : 0.0013033621050040592
         "John or Mary is not a doctor and a teacher" : 0.0012360388998589598
         "John and Mary are not doctors and teachers" : 0.00021194082645043896,
    learnedResult: 
     Marginal:
         "John is a doctor" : 0.2523184589858192
         "Mary is a doctor" : 0.2523184589858192
         "John and Mary are doctors" : 0.0480762180559422
         "Mary is a teacher" : 0.031539807373227396
         "John is a teacher" : 0.031539807373227396
         "John is a doctor and a teacher" : 0.028384121508475826
         "Mary is a doctor and a teacher" : 0.028384121508475798
         "John is not a teacher" : 0.023365263978878472
         "Mary is not a teacher" : 0.02336526397887843
         "John or Mary is a doctor" : 0.018936705916010512
         "John or Mary is a teacher" : 0.017309413286591396
         "John and Mary are teachers" : 0.017309413286591364
         "Mary is a doctor or a teacher" : 0.01691905636975714
         "John is a doctor or a teacher" : 0.01691905636975711
         "John is not a doctor" : 0.013358102245343102
         "Mary is not a doctor" : 0.01335810224534308
         "John is not a doctor or a teacher" : 0.012871945534102073
         "Mary is not a doctor or a teacher" : 0.012871945534102073
         "John or Mary is not a teacher" : 0.012823128752017115
         "John and Mary are not teachers" : 0.01282312875201707
         "John or Mary is not a doctor" : 0.012675189787812305
         "John is not a doctor and a teacher" : 0.01194051934610863
         "Mary is not a doctor and a teacher" : 0.01194051934610863
         "John and Mary are doctors and teachers" : 0.011452999920418783
         "John and Mary are not doctors" : 0.010705750531280459
         "John or Mary is a doctor and a teacher" : 0.009619906188097053
         "John or Mary is a doctor or a teacher" : 0.00949329022226189
         "John and Mary are doctors or teachers" : 0.009407327587269122
         "John and Mary are not doctors or teachers" : 0.0070467538116820985
         "John or Mary is not a doctor or a teacher" : 0.007038088117406325
         "John or Mary is not a doctor and a teacher" : 0.007025878057901295
         "John and Mary are not doctors and teachers" : 0.00686225704327771,
    KLDivergence: 1.191682920920206 },
  { query: [ 'Who is a doctor', [Object] ],
    trueResult: 
     Marginal:
         "John and Mary are doctors" : 0.380020640450514
         "John and Mary are doctors and teachers" : 0.20855974943514632
         "John is a doctor" : 0.08655534418766547
         "Mary is a doctor" : 0.08655534418766547
         "John is a doctor and a teacher" : 0.04750258005631425
         "Mary is a doctor and a teacher" : 0.04750258005631425
         "John and Mary are doctors or teachers" : 0.018309772241219994
         "John or Mary is a doctor and a teacher" : 0.01641723975145466
         "John is a doctor or a teacher" : 0.014074838535204214
         "Mary is a doctor or a teacher" : 0.014074838535204214
         "John or Mary is a doctor" : 0.014074838535204214
         "Mary is a teacher" : 0.010819418023458179
         "John is a teacher" : 0.010819418023458179
         "John is not a teacher" : 0.008015222008949992
         "Mary is not a teacher" : 0.008015222008949992
         "John and Mary are teachers" : 0.0059378225070392835
         "John or Mary is a teacher" : 0.005937822507039272
         "John and Mary are not teachers" : 0.0043988471043886965
         "John or Mary is not a teacher" : 0.0043988471043886965
         "John or Mary is a doctor or a teacher" : 0.003954910804103521
         "John is not a doctor and a teacher" : 0.0013033621050040592
         "Mary is not a doctor and a teacher" : 0.0013033621050040592
         "John or Mary is not a doctor and a teacher" : 0.0012360388998589598
         "John and Mary are not doctors and teachers" : 0.00021194082645043896,
    learnedResult: 
     Marginal:
         "John is a doctor" : 0.2523184589858192
         "Mary is a doctor" : 0.2523184589858192
         "John and Mary are doctors" : 0.0480762180559422
         "Mary is a teacher" : 0.031539807373227396
         "John is a teacher" : 0.031539807373227396
         "John is a doctor and a teacher" : 0.028384121508475826
         "Mary is a doctor and a teacher" : 0.028384121508475798
         "John is not a teacher" : 0.023365263978878472
         "Mary is not a teacher" : 0.02336526397887843
         "John or Mary is a doctor" : 0.018936705916010512
         "John or Mary is a teacher" : 0.017309413286591396
         "John and Mary are teachers" : 0.017309413286591364
         "Mary is a doctor or a teacher" : 0.01691905636975714
         "John is a doctor or a teacher" : 0.01691905636975711
         "John is not a doctor" : 0.013358102245343102
         "Mary is not a doctor" : 0.01335810224534308
         "John is not a doctor or a teacher" : 0.012871945534102073
         "Mary is not a doctor or a teacher" : 0.012871945534102073
         "John or Mary is not a teacher" : 0.012823128752017115
         "John and Mary are not teachers" : 0.01282312875201707
         "John or Mary is not a doctor" : 0.012675189787812305
         "John is not a doctor and a teacher" : 0.01194051934610863
         "Mary is not a doctor and a teacher" : 0.01194051934610863
         "John and Mary are doctors and teachers" : 0.011452999920418783
         "John and Mary are not doctors" : 0.010705750531280459
         "John or Mary is a doctor and a teacher" : 0.009619906188097053
         "John or Mary is a doctor or a teacher" : 0.00949329022226189
         "John and Mary are doctors or teachers" : 0.009407327587269122
         "John and Mary are not doctors or teachers" : 0.0070467538116820985
         "John or Mary is not a doctor or a teacher" : 0.007038088117406325
         "John or Mary is not a doctor and a teacher" : 0.007025878057901295
         "John and Mary are not doctors and teachers" : 0.00686225704327771,
    KLDivergence: 1.191682920920206 },
  { query: [ 'Who is a doctor and a teacher', [Object] ],
    trueResult: 
     Marginal:
         "John is a doctor and a teacher" : 0.5057429117707349
         "John is a doctor" : 0.11519045846271186
         "John is a teacher" : 0.11519045846271186
         "John or Mary is a doctor and a teacher" : 0.051789172217255514
         "Mary is not a teacher" : 0.02528450088232814
         "Mary is not a doctor" : 0.02528450088232814
         "John and Mary are teachers" : 0.018731218954471676
         "John and Mary are doctors" : 0.018731218954471676
         "John or Mary is a teacher" : 0.018731218954471645
         "John is a doctor or a teacher" : 0.018731218954471645
         "John or Mary is a doctor" : 0.018731218954471645
         "Mary is not a doctor or a teacher" : 0.013876428297051366
         "Mary is not a doctor and a teacher" : 0.013876428297051366
         "John and Mary are doctors or teachers" : 0.007219910001734958
         "Mary is a doctor or a teacher" : 0.00554999080132493
         "John or Mary is a doctor or a teacher" : 0.005263314391264789
         "Mary is a doctor" : 0.004266313276396742
         "Mary is a teacher" : 0.004266313276396742
         "John or Mary is not a doctor" : 0.004111534310237441
         "John or Mary is not a teacher" : 0.004111534310237441
         "John or Mary is not a doctor and a teacher" : 0.003899159202225257
         "John or Mary is not a doctor or a teacher" : 0.0014209763856506024,
    learnedResult: 
     Marginal:
         "John is a teacher" : 0.06915713575737296
         "John is a doctor" : 0.06732675760470838
         "Mary is a doctor" : 0.057997628604886844
         "Mary is a teacher" : 0.05785953693398047
         "Mary is not a teacher" : 0.043648120221567104
         "Mary is not a doctor" : 0.04363052984574676
         "John is not a doctor" : 0.042511492471612226
         "John is not a teacher" : 0.04230640317864651
         "John is a doctor and a teacher" : 0.03422438324327705
         "John and Mary are teachers" : 0.0331180308525542
         "John and Mary are doctors" : 0.032969185392559164
         "John is a doctor or a teacher" : 0.03242039855321057
         "Mary is a doctor or a teacher" : 0.03223433247035804
         "John or Mary is a doctor" : 0.0322004570658334
         "John or Mary is a teacher" : 0.03219068664330887
         "Mary is a doctor and a teacher" : 0.032039195436613085
         "Mary is not a doctor and a teacher" : 0.02391158961259404
         "John or Mary is not a teacher" : 0.023897398613269175
         "John or Mary is not a doctor" : 0.02389646314691277
         "Mary is not a doctor or a teacher" : 0.023893687158926244
         "John is not a doctor or a teacher" : 0.02387066683679926
         "John and Mary are not doctors" : 0.023811626839048944
         "John and Mary are not teachers" : 0.023795213327795748
         "John is not a doctor and a teacher" : 0.0237036173224132
         "John and Mary are doctors and teachers" : 0.017849033890392815
         "John and Mary are doctors or teachers" : 0.017715729762461465
         "John or Mary is a doctor or a teacher" : 0.01769838077683447
         "John or Mary is a doctor and a teacher" : 0.017689668436504793
         "John or Mary is not a doctor and a teacher" : 0.013112971009577932
         "John or Mary is not a doctor or a teacher" : 0.013112132502151104
         "John and Mary are not doctors or teachers" : 0.013110403300951794
         "John and Mary are not doctors and teachers" : 0.013097143187130426,
    KLDivergence: 1.3765086597378065 },
  { query: [ 'Who is a doctor or a teacher', [Object] ],
    trueResult: 
     Marginal:
         "John and Mary are doctors" : 0.1056107851909732
         "John and Mary are teachers" : 0.1056107851909732
         "John is a doctor" : 0.08118368320238828
         "John is a teacher" : 0.08118368320238828
         "Mary is a teacher" : 0.08118368320238828
         "Mary is a doctor" : 0.08118368320238828
         "John and Mary are doctors or teachers" : 0.05796042780983282
         "John and Mary are doctors and teachers" : 0.05796042780983277
         "Mary is a doctor and a teacher" : 0.044554550002441795
         "John is a doctor and a teacher" : 0.044554550002441795
         "Mary is a doctor or a teacher" : 0.04455455000244175
         "John is a doctor or a teacher" : 0.04455455000244175
         "John or Mary is a teacher" : 0.03129208450102909
         "John or Mary is a doctor" : 0.03129208450102909
         "John or Mary is a doctor and a teacher" : 0.021122604886965272
         "John or Mary is a doctor or a teacher" : 0.012519452406923889
         "John is not a doctor and a teacher" : 0.009779799246246973
         "Mary is not a doctor and a teacher" : 0.009779799246246973
         "John is not a teacher" : 0.007517793967297686
         "Mary is not a teacher" : 0.007517793967297686
         "Mary is not a doctor" : 0.007517793967297686
         "John is not a doctor" : 0.007517793967297686
         "John or Mary is not a doctor and a teacher" : 0.00651387501985663
         "John or Mary is not a doctor" : 0.00565960604528182
         "John or Mary is not a teacher" : 0.00565960604528182
         "John and Mary are not doctors and teachers" : 0.0037696035994540657
         "John and Mary are not doctors" : 0.0012224749057808738
         "John and Mary are not teachers" : 0.0012224749057808738,
    learnedResult: 
     Marginal:
         "John is a teacher" : 0.06006496297989203
         "Mary is a doctor" : 0.059929173667152655
         "John is a doctor" : 0.059833421451744646
         "Mary is a teacher" : 0.05958711151077442
         "Mary is not a teacher" : 0.04439102407039014
         "John is not a doctor" : 0.04435993108652983
         "Mary is not a doctor" : 0.04434787073215355
         "John is not a teacher" : 0.04433079330100313
         "John is a doctor and a teacher" : 0.03287797551370379
         "John is a doctor or a teacher" : 0.03286310745545412
         "John and Mary are doctors" : 0.032861690558429635
         "John or Mary is a doctor" : 0.03286028896421283
         "Mary is a doctor or a teacher" : 0.03285278838056067
         "John or Mary is a teacher" : 0.03285222048998615
         "John and Mary are teachers" : 0.03284412923609752
         "Mary is a doctor and a teacher" : 0.03283110179781664
         "Mary is not a doctor and a teacher" : 0.02434522908547939
         "John and Mary are not teachers" : 0.024344107205024054
         "Mary is not a doctor or a teacher" : 0.024343279339457586
         "John or Mary is not a teacher" : 0.024343154934922024
         "John or Mary is not a doctor" : 0.024342388195650554
         "John and Mary are not doctors" : 0.024342222036710146
         "John is not a doctor or a teacher" : 0.024342000267738525
         "John is not a doctor and a teacher" : 0.024340674544042318
         "John or Mary is a doctor or a teacher" : 0.018033237265670663
         "John and Mary are doctors or teachers" : 0.018033042009629015
         "John or Mary is a doctor and a teacher" : 0.01803286668007078
         "John and Mary are doctors and teachers" : 0.018032167470883893
         "John and Mary are not doctors and teachers" : 0.013359577014659034
         "John or Mary is not a doctor and a teacher" : 0.013359505050208786
         "John and Mary are not doctors or teachers" : 0.013359488852919588
         "John or Mary is not a doctor or a teacher" : 0.013359468851032345,
    KLDivergence: 0.42648924268875915 },
  { query: [ 'Who is not a doctor and a teacher', [Object] ],
    trueResult: 
     Marginal:
         "John is a doctor and a teacher" : 0.5057429117707349
         "John is a doctor" : 0.11519045846271186
         "John is a teacher" : 0.11519045846271186
         "John or Mary is a doctor and a teacher" : 0.051789172217255514
         "Mary is not a teacher" : 0.02528450088232814
         "Mary is not a doctor" : 0.02528450088232814
         "John and Mary are teachers" : 0.018731218954471676
         "John and Mary are doctors" : 0.018731218954471676
         "John or Mary is a teacher" : 0.018731218954471645
         "John is a doctor or a teacher" : 0.018731218954471645
         "John or Mary is a doctor" : 0.018731218954471645
         "Mary is not a doctor or a teacher" : 0.013876428297051366
         "Mary is not a doctor and a teacher" : 0.013876428297051366
         "John and Mary are doctors or teachers" : 0.007219910001734958
         "Mary is a doctor or a teacher" : 0.00554999080132493
         "John or Mary is a doctor or a teacher" : 0.005263314391264789
         "Mary is a doctor" : 0.004266313276396742
         "Mary is a teacher" : 0.004266313276396742
         "John or Mary is not a doctor" : 0.004111534310237441
         "John or Mary is not a teacher" : 0.004111534310237441
         "John or Mary is not a doctor and a teacher" : 0.003899159202225257
         "John or Mary is not a doctor or a teacher" : 0.0014209763856506024,
    learnedResult: 
     Marginal:
         "John is a teacher" : 0.060012332529836336
         "John is a doctor" : 0.05998447526289954
         "Mary is a doctor" : 0.05983127075849033
         "Mary is a teacher" : 0.05982888166379945
         "Mary is not a teacher" : 0.04434169310499544
         "Mary is not a doctor" : 0.04434139207371019
         "John is not a doctor" : 0.044322107512905336
         "John is not a teacher" : 0.044318605119047845
         "John is a doctor and a teacher" : 0.03287867821179412
         "John and Mary are teachers" : 0.03286025266121233
         "John and Mary are doctors" : 0.03285779777402287
         "John is a doctor or a teacher" : 0.032849829552386405
         "Mary is a doctor or a teacher" : 0.0328466612236205
         "John or Mary is a doctor" : 0.03284608119564052
         "John or Mary is a teacher" : 0.03284591599916841
         "Mary is a doctor and a teacher" : 0.03284196735812822
         "Mary is not a doctor and a teacher" : 0.024334174685919096
         "John or Mary is not a teacher" : 0.02433380045879661
         "John or Mary is not a doctor" : 0.02433378466034205
         "Mary is not a doctor or a teacher" : 0.02433374045681243
         "John is not a doctor or a teacher" : 0.02433334774165153
         "John and Mary are not doctors" : 0.02433248347903195
         "John and Mary are not teachers" : 0.02433220797496498
         "John is not a doctor and a teacher" : 0.024330611503360328
         "John and Mary are doctors and teachers" : 0.018029110187504475
         "John and Mary are doctors or teachers" : 0.018027094355874792
         "John or Mary is a doctor or a teacher" : 0.018026823463061892
         "John or Mary is a doctor and a teacher" : 0.018026657444814933
         "John or Mary is not a doctor and a teacher" : 0.013354631286538925
         "John or Mary is not a doctor or a teacher" : 0.013354615296708722
         "John and Mary are not doctors or teachers" : 0.013354588302102132
         "John and Mary are not doctors and teachers" : 0.013354386700857132,
    KLDivergence: 1.4225191777051676 },
  { query: [ 'Who is not a doctor or a teacher', [Object] ],
    trueResult: 
     Marginal:
         "John and Mary are doctors" : 0.1056107851909732
         "John and Mary are teachers" : 0.1056107851909732
         "John is a doctor" : 0.08118368320238828
         "John is a teacher" : 0.08118368320238828
         "Mary is a teacher" : 0.08118368320238828
         "Mary is a doctor" : 0.08118368320238828
         "John and Mary are doctors or teachers" : 0.05796042780983282
         "John and Mary are doctors and teachers" : 0.05796042780983277
         "Mary is a doctor and a teacher" : 0.044554550002441795
         "John is a doctor and a teacher" : 0.044554550002441795
         "Mary is a doctor or a teacher" : 0.04455455000244175
         "John is a doctor or a teacher" : 0.04455455000244175
         "John or Mary is a teacher" : 0.03129208450102909
         "John or Mary is a doctor" : 0.03129208450102909
         "John or Mary is a doctor and a teacher" : 0.021122604886965272
         "John or Mary is a doctor or a teacher" : 0.012519452406923889
         "John is not a doctor and a teacher" : 0.009779799246246973
         "Mary is not a doctor and a teacher" : 0.009779799246246973
         "John is not a teacher" : 0.007517793967297686
         "Mary is not a teacher" : 0.007517793967297686
         "Mary is not a doctor" : 0.007517793967297686
         "John is not a doctor" : 0.007517793967297686
         "John or Mary is not a doctor and a teacher" : 0.00651387501985663
         "John or Mary is not a doctor" : 0.00565960604528182
         "John or Mary is not a teacher" : 0.00565960604528182
         "John and Mary are not doctors and teachers" : 0.0037696035994540657
         "John and Mary are not doctors" : 0.0012224749057808738
         "John and Mary are not teachers" : 0.0012224749057808738,
    learnedResult: 
     Marginal:
         "John is a teacher" : 0.05987074846820423
         "Mary is a doctor" : 0.059868357619577955
         "John is a doctor" : 0.05986666309133671
         "Mary is a teacher" : 0.059862289571281944
         "Mary is not a teacher" : 0.04435147111191957
         "John is not a doctor" : 0.044350920169776646
         "Mary is not a doctor" : 0.044350706714687126
         "John is not a teacher" : 0.04435040555403784
         "John is a doctor and a teacher" : 0.032856240225644706
         "John is a doctor or a teacher" : 0.03285597785814681
         "John and Mary are doctors" : 0.032855953161137055
         "John or Mary is a doctor" : 0.03285592816810095
         "Mary is a doctor or a teacher" : 0.03285579527900134
         "John or Mary is a teacher" : 0.03285578526537973
         "John and Mary are teachers" : 0.03285564069011488
         "Mary is a doctor and a teacher" : 0.03285541089841485
         "Mary is not a doctor and a teacher" : 0.024340300872641853
         "John and Mary are not teachers" : 0.024340281127745424
         "Mary is not a doctor or a teacher" : 0.024340266327870067
         "John or Mary is not a teacher" : 0.024340264119077352
         "John or Mary is not a doctor" : 0.024340250539999036
         "John and Mary are not doctors" : 0.024340247578324595
         "John is not a doctor or a teacher" : 0.024340243697326826
         "John is not a doctor and a teacher" : 0.024340220297675606
         "John or Mary is a doctor or a teacher" : 0.018031700255723728
         "John and Mary are doctors or teachers" : 0.018031696767758582
         "John or Mary is a doctor and a teacher" : 0.018031693692560004
         "John and Mary are doctors and teachers" : 0.018031681186549815
         "John and Mary are not doctors and teachers" : 0.013358216118597912
         "John or Mary is not a doctor and a teacher" : 0.013358214832110464
         "John and Mary are not doctors or teachers" : 0.013358214548256577
         "John or Mary is not a doctor or a teacher" : 0.013358214191019787,
    KLDivergence: 0.4264171070943105 },
  { query: [ 'What is John', [Object] ],
    trueResult: 
     Marginal:
         "John is a doctor" : 0.23702792248662735
         "John is not a teacher" : 0.17559460378842734
         "John and Mary are doctors" : 0.130083681939854
         "John and Mary are not teachers" : 0.09636836179440914
         "John or Mary is a doctor" : 0.03854331316736411
         "John is a doctor or a teacher" : 0.03854331316736411
         "Mary is a teacher" : 0.029628490310828412
         "Mary is a doctor" : 0.029628490310828412
         "John is not a doctor and a teacher" : 0.02855358867982489
         "John or Mary is not a teacher" : 0.02855358867982489
         "Mary is not a doctor" : 0.02194932547355341
         "Mary is not a teacher" : 0.02194932547355341
         "John and Mary are doctors or teachers" : 0.021153018759865538
         "Mary is a doctor and a teacher" : 0.01626046024248175
         "Mary is a doctor or a teacher" : 0.016260460242481723
         "John and Mary are not doctors and teachers" : 0.0156705417197306
         "Mary is not a doctor or a teacher" : 0.012046045224301137
         "Mary is not a doctor and a teacher" : 0.012046045224301137
         "John or Mary is a doctor or a teacher" : 0.010830345605051172
         "John or Mary is not a doctor and a teacher" : 0.008023317360502066
         "John or Mary is a teacher" : 0.004817914145920514
         "John or Mary is not a doctor" : 0.0035691985849781176
         "John or Mary is a doctor and a teacher" : 0.0016651064329923299
         "John or Mary is not a doctor or a teacher" : 0.0012335411849350591,
    learnedResult: 
     Marginal:
         "John is a doctor" : 0.35092137459265815
         "John is not a teacher" : 0.05205132436928272
         "Mary is a teacher" : 0.04386517182408226
         "Mary is a doctor" : 0.04386517182408226
         "John and Mary are doctors" : 0.039476283171653255
         "Mary is not a doctor" : 0.03249611854061442
         "Mary is not a teacher" : 0.03249611854061442
         "John or Mary is a teacher" : 0.02462490728060154
         "Mary is a doctor or a teacher" : 0.024073716716320182
         "Mary is a doctor and a teacher" : 0.024073716716320095
         "John or Mary is a doctor" : 0.023530813171380102
         "John is a doctor or a teacher" : 0.020931447091031414
         "John is a doctor and a teacher" : 0.020822452169620722
         "John and Mary are not teachers" : 0.01932392828996274
         "John is not a doctor" : 0.018578282463862596
         "John is not a doctor or a teacher" : 0.018245431305818457
         "John is not a doctor and a teacher" : 0.0181483395899535
         "John or Mary is not a doctor" : 0.017886786052961772
         "Mary is not a doctor or a teacher" : 0.017834247982980025
         "Mary is not a doctor and a teacher" : 0.017834247982979994
         "John or Mary is not a teacher" : 0.017781812892364947
         "John and Mary are not doctors" : 0.01642316467938071
         "John and Mary are teachers" : 0.013311012311078752
         "John or Mary is a doctor or a teacher" : 0.013225340395015987
         "John or Mary is a doctor and a teacher" : 0.013223127517128033
         "John and Mary are doctors and teachers" : 0.012884555637627654
         "John and Mary are doctors or teachers" : 0.012859306234625369
         "John and Mary are not doctors or teachers" : 0.009823354185156069
         "John and Mary are not doctors and teachers" : 0.009815467259347899
         "John or Mary is not a doctor and a teacher" : 0.009786624460513694
         "John or Mary is not a doctor or a teacher" : 0.009786354750980603,
    KLDivergence: 0.43128658139507603 },
  { query: [ 'What is John', [Object] ],
    trueResult: 
     Marginal:
         "John is a doctor and a teacher" : 0.37545849217947985
         "John and Mary are doctors and teachers" : 0.20605598937841657
         "John is a doctor" : 0.08551624717081296
         "John is a teacher" : 0.08551624717081296
         "John and Mary are teachers" : 0.046932311522435
         "John and Mary are doctors" : 0.046932311522435
         "John or Mary is a doctor and a teacher" : 0.03844776478197857
         "John or Mary is a teacher" : 0.013905870080721474
         "John is a doctor or a teacher" : 0.013905870080721474
         "John or Mary is a doctor" : 0.013905870080721474
         "Mary is a teacher" : 0.010689530896351615
         "Mary is a doctor" : 0.010689530896351615
         "Mary is not a doctor" : 0.007918999258557448
         "Mary is not a teacher" : 0.007918999258557448
         "John and Mary are doctors or teachers" : 0.007631703310311726
         "Mary is a doctor and a teacher" : 0.005866538940304378
         "Mary is a doctor or a teacher" : 0.0058665389403043675
         "Mary is not a doctor or a teacher" : 0.004346038939316297
         "Mary is not a doctor and a teacher" : 0.004346038939316297
         "John or Mary is a doctor or a teacher" : 0.003907432094879606
         "John or Mary is not a doctor" : 0.0012877152412789025
         "John or Mary is not a teacher" : 0.0012877152412789025
         "John or Mary is not a doctor and a teacher" : 0.0012212002512970355
         "John or Mary is not a doctor or a teacher" : 0.00044504382335897773,
    learnedResult: 
     Marginal:
         "John is a doctor" : 0.25231787542163103
         "John is a teacher" : 0.25231787542163103
         "John is a doctor and a teacher" : 0.04807610686487326
         "Mary is a teacher" : 0.03153973442770387
         "Mary is a doctor" : 0.03153973442770387
         "John and Mary are doctors" : 0.028384055861448314
         "John and Mary are teachers" : 0.02838405586144829
         "Mary is not a doctor" : 0.023365209939505492
         "Mary is not a teacher" : 0.023365209939505492
         "John is a doctor or a teacher" : 0.01893666211904272
         "Mary is a doctor or a teacher" : 0.017309373253239273
         "Mary is a doctor and a teacher" : 0.01730937325323921
         "John or Mary is a teacher" : 0.01691901723922574
         "John or Mary is a doctor" : 0.01691901723922571
         "John is not a teacher" : 0.013358071350615383
         "John is not a doctor" : 0.013358071350615383
         "John or Mary is not a teacher" : 0.012860874776417827
         "John or Mary is not a doctor" : 0.012860874776417803
         "Mary is not a doctor or a teacher" : 0.012823099094580428
         "Mary is not a doctor and a teacher" : 0.012823099094580404
         "John is not a doctor or a teacher" : 0.012628200962680932
         "John and Mary are not doctors" : 0.011808508456947133
         "John and Mary are not teachers" : 0.011808508456947133
         "John and Mary are doctors and teachers" : 0.011536449752169902
         "John is not a doctor and a teacher" : 0.010896666429868487
         "John and Mary are doctors or teachers" : 0.009671337309420203
         "John or Mary is a doctor or a teacher" : 0.009493156386252708
         "John or Mary is a doctor and a teacher" : 0.009430893504250755
         "John or Mary is not a doctor and a teacher" : 0.007044098132207527
         "John or Mary is not a doctor or a teacher" : 0.007038084385581383
         "John and Mary are not doctors or teachers" : 0.007020356342620646
         "John and Mary are not doctors and teachers" : 0.006856348168403878,
    KLDivergence: 1.1951787426163976 },
  { query: [ 'What isn\'t John', [Object] ],
    trueResult: 
     Marginal:
         "John is a doctor and a teacher" : 0.37545849217947985
         "John and Mary are doctors and teachers" : 0.20605598937841657
         "John is a doctor" : 0.08551624717081296
         "John is a teacher" : 0.08551624717081296
         "John and Mary are teachers" : 0.046932311522435
         "John and Mary are doctors" : 0.046932311522435
         "John or Mary is a doctor and a teacher" : 0.03844776478197857
         "John or Mary is a teacher" : 0.013905870080721474
         "John is a doctor or a teacher" : 0.013905870080721474
         "John or Mary is a doctor" : 0.013905870080721474
         "Mary is a teacher" : 0.010689530896351615
         "Mary is a doctor" : 0.010689530896351615
         "Mary is not a doctor" : 0.007918999258557448
         "Mary is not a teacher" : 0.007918999258557448
         "John and Mary are doctors or teachers" : 0.007631703310311726
         "Mary is a doctor and a teacher" : 0.005866538940304378
         "Mary is a doctor or a teacher" : 0.0058665389403043675
         "Mary is not a doctor or a teacher" : 0.004346038939316297
         "Mary is not a doctor and a teacher" : 0.004346038939316297
         "John or Mary is a doctor or a teacher" : 0.003907432094879606
         "John or Mary is not a doctor" : 0.0012877152412789025
         "John or Mary is not a teacher" : 0.0012877152412789025
         "John or Mary is not a doctor and a teacher" : 0.0012212002512970355
         "John or Mary is not a doctor or a teacher" : 0.00044504382335897773,
    learnedResult: 
     Marginal:
         "John is a doctor" : 0.06251376042190153
         "John is a teacher" : 0.06251376042190153
         "Mary is a doctor" : 0.05947759604457304
         "Mary is a teacher" : 0.05947759604457304
         "Mary is not a teacher" : 0.044062086872166555
         "Mary is not a doctor" : 0.044062086872166555
         "John is not a doctor" : 0.04368702734355255
         "John is not a teacher" : 0.04368702734355254
         "John is a doctor and a teacher" : 0.033291776112982285
         "John and Mary are doctors" : 0.03293658038371345
         "John and Mary are teachers" : 0.03293658038371342
         "John is a doctor or a teacher" : 0.03269157467000076
         "Mary is a doctor or a teacher" : 0.03264199679616175
         "Mary is a doctor and a teacher" : 0.032641996796161664
         "John or Mary is a teacher" : 0.032629586039934884
         "John or Mary is a doctor" : 0.03262958603993487
         "John or Mary is not a teacher" : 0.024182976932341754
         "John or Mary is not a doctor" : 0.024182976932341723
         "Mary is not a doctor or a teacher" : 0.024181785986030855
         "Mary is not a doctor and a teacher" : 0.024181785986030824
         "John is not a doctor or a teacher" : 0.024175644483705024
         "John and Mary are not teachers" : 0.024148899614372724
         "John and Mary are not doctors" : 0.024148899614372724
         "John is not a doctor and a teacher" : 0.024119150767777722
         "John and Mary are doctors and teachers" : 0.017972260015061265
         "John and Mary are doctors or teachers" : 0.017919670071315764
         "John or Mary is a doctor or a teacher" : 0.01791410582213927
         "John or Mary is a doctor and a teacher" : 0.017912198786523555
         "John or Mary is not a doctor and a teacher" : 0.013271450103686393
         "John or Mary is not a doctor or a teacher" : 0.013271264918891428
         "John and Mary are not doctors or teachers" : 0.013270708735682587
         "John and Mary are not doctors and teachers" : 0.013265602642735614,
    KLDivergence: 1.369522703842096 },
  { query: [ 'What isn\'t John', [Object] ],
    trueResult: 
     Marginal:
         "John is a doctor and a teacher" : 0.37545849217947985
         "John and Mary are doctors and teachers" : 0.20605598937841657
         "John is a doctor" : 0.08551624717081296
         "John is a teacher" : 0.08551624717081296
         "John and Mary are teachers" : 0.046932311522435
         "John and Mary are doctors" : 0.046932311522435
         "John or Mary is a doctor and a teacher" : 0.03844776478197857
         "John or Mary is a teacher" : 0.013905870080721474
         "John is a doctor or a teacher" : 0.013905870080721474
         "John or Mary is a doctor" : 0.013905870080721474
         "Mary is a teacher" : 0.010689530896351615
         "Mary is a doctor" : 0.010689530896351615
         "Mary is not a doctor" : 0.007918999258557448
         "Mary is not a teacher" : 0.007918999258557448
         "John and Mary are doctors or teachers" : 0.007631703310311726
         "Mary is a doctor and a teacher" : 0.005866538940304378
         "Mary is a doctor or a teacher" : 0.0058665389403043675
         "Mary is not a doctor or a teacher" : 0.004346038939316297
         "Mary is not a doctor and a teacher" : 0.004346038939316297
         "John or Mary is a doctor or a teacher" : 0.003907432094879606
         "John or Mary is not a doctor" : 0.0012877152412789025
         "John or Mary is not a teacher" : 0.0012877152412789025
         "John or Mary is not a doctor and a teacher" : 0.0012212002512970355
         "John or Mary is not a doctor or a teacher" : 0.00044504382335897773,
    learnedResult: 
     Marginal:
         "John is a doctor" : 0.06251376042190153
         "John is a teacher" : 0.06251376042190153
         "Mary is a doctor" : 0.05947759604457304
         "Mary is a teacher" : 0.05947759604457304
         "Mary is not a teacher" : 0.044062086872166555
         "Mary is not a doctor" : 0.044062086872166555
         "John is not a doctor" : 0.04368702734355255
         "John is not a teacher" : 0.04368702734355254
         "John is a doctor and a teacher" : 0.033291776112982285
         "John and Mary are doctors" : 0.03293658038371345
         "John and Mary are teachers" : 0.03293658038371342
         "John is a doctor or a teacher" : 0.03269157467000076
         "Mary is a doctor or a teacher" : 0.03264199679616175
         "Mary is a doctor and a teacher" : 0.032641996796161664
         "John or Mary is a teacher" : 0.032629586039934884
         "John or Mary is a doctor" : 0.03262958603993487
         "John or Mary is not a teacher" : 0.024182976932341754
         "John or Mary is not a doctor" : 0.024182976932341723
         "Mary is not a doctor or a teacher" : 0.024181785986030855
         "Mary is not a doctor and a teacher" : 0.024181785986030824
         "John is not a doctor or a teacher" : 0.024175644483705024
         "John and Mary are not teachers" : 0.024148899614372724
         "John and Mary are not doctors" : 0.024148899614372724
         "John is not a doctor and a teacher" : 0.024119150767777722
         "John and Mary are doctors and teachers" : 0.017972260015061265
         "John and Mary are doctors or teachers" : 0.017919670071315764
         "John or Mary is a doctor or a teacher" : 0.01791410582213927
         "John or Mary is a doctor and a teacher" : 0.017912198786523555
         "John or Mary is not a doctor and a teacher" : 0.013271450103686393
         "John or Mary is not a doctor or a teacher" : 0.013271264918891428
         "John and Mary are not doctors or teachers" : 0.013270708735682587
         "John and Mary are not doctors and teachers" : 0.013265602642735614,
    KLDivergence: 1.369522703842096 } ]
