L2 norm of gradient: 0.3720896012954274
Iteration 0: -827.2785627861762
L2 norm of gradient: 9.240375367193362
Iteration 1: -809.3089511114462
L2 norm of gradient: 8.853207324336092
Iteration 2: -831.6357870760189
L2 norm of gradient: 0.5834389599349562
Iteration 3: -790.6780359457802
L2 norm of gradient: 5.107640146203303
Iteration 4: -798.3811045122621
L2 norm of gradient: 9.648864193456296
Iteration 5: -837.1330731976221
L2 norm of gradient: 0.34609664792525613
Iteration 6: -865.0221259180942
L2 norm of gradient: 0.16740097870363813
Iteration 7: -826.3899177962587
L2 norm of gradient: 1.0958368101227496
Iteration 8: -961.4615834890914
L2 norm of gradient: 0.17658127928675055
Iteration 9: -751.3653325602909
L2 norm of gradient: 1.730844100360773
Iteration 10: -804.2733991424975
L2 norm of gradient: 0.36271470609896245
Iteration 11: -855.4191065128448
L2 norm of gradient: 0.09849490383607458
Iteration 12: -837.1064807513958
L2 norm of gradient: 0.16675137509545102
Iteration 13: -903.2087377687423
L2 norm of gradient: 0.5933600800519017
Iteration 14: -961.0605474679656
L2 norm of gradient: 0.7208538991310904
Iteration 15: -750.7026347989537
L2 norm of gradient: 0.38478682741656794
Iteration 16: -865.6775563915844
L2 norm of gradient: 0.13664511701473994
Iteration 17: -884.0029300239657
L2 norm of gradient: 1.2897541828811756
Iteration 18: -937.9986458840988
L2 norm of gradient: 0.616176436667568
Iteration 19: -1009.0564736811132
L2 norm of gradient: 0.7258391282865924
Iteration 20: -961.2475561734661
L2 norm of gradient: 9.157004016941814
Iteration 21: -889.0535573549654
L2 norm of gradient: 0.05993130761720955
Iteration 22: -903.1966899210182
L2 norm of gradient: 0.10363910969201735
Iteration 23: -942.0457987969378
L2 norm of gradient: 0.6500494818723349
Iteration 24: -703.4058571055715
L2 norm of gradient: 1.2622521128710709
Iteration 25: -870.3486556860738
L2 norm of gradient: 11.707258436050191
Iteration 26: -903.5626149257398
L2 norm of gradient: 0.5571454277970977
Iteration 27: -903.9004782404215
L2 norm of gradient: 1.4175298269983962
Iteration 28: -976.4095154769836
L2 norm of gradient: 7.342190559581364
Iteration 29: -950.5176361331129
L2 norm of gradient: 0.3665825819953535
Iteration 30: -855.4223446977544
L2 norm of gradient: 2.7707718349771433
Iteration 31: -885.5131357930744
L2 norm of gradient: 5.099875479440306
Iteration 32: -904.5345411149322
L2 norm of gradient: 0.0497621694995705
Iteration 33: -864.8035444163738
L2 norm of gradient: 10.742154727899262
Iteration 34: -879.2969954552932
L2 norm of gradient: 5.465711037337881
Iteration 35: -947.401951619435
L2 norm of gradient: 9.319803520654958
Iteration 36: -950.1315584542688
L2 norm of gradient: 0.29658986353094574
Iteration 37: -836.2296136691282
L2 norm of gradient: 8.032738396830672
Iteration 38: -937.3514558939793
L2 norm of gradient: 5.808199555039283
Iteration 39: -798.2282421247519
L2 norm of gradient: 5.493752330284401
Iteration 40: -879.9060922884769
L2 norm of gradient: 7.491250781002438
Iteration 41: -932.0019105706002
L2 norm of gradient: 5.429838141179822
Iteration 42: -841.0356399231989
L2 norm of gradient: 5.492883923507953
Iteration 43: -850.8380842657104
L2 norm of gradient: 0.7231163425002883
Iteration 44: -712.9607814875035
L2 norm of gradient: 10.442316855787473
Iteration 45: -799.2336218169005
L2 norm of gradient: 0.34643015224870916
Iteration 46: -913.0221906752804
L2 norm of gradient: 0.45296265264083696
Iteration 47: -874.6162494205663
L2 norm of gradient: 15.462758819599014
Iteration 48: -988.1190571695383
L2 norm of gradient: 6.230716340415053
Iteration 49: -864.463557624625
L2 norm of gradient: 6.229323611600967
Iteration 50: -788.5394679685583
L2 norm of gradient: 1.5078575957033604
Iteration 51: -813.6144509918654
L2 norm of gradient: 0.028104646665674506
Iteration 52: -941.5988145356206
L2 norm of gradient: 6.720443677683521
Iteration 53: -903.0953626019055
L2 norm of gradient: 0.7158927789958767
Iteration 54: -1009.2876107835677
L2 norm of gradient: 12.134236138506317
Iteration 55: -811.701987102623
L2 norm of gradient: 7.717700079371263
Iteration 56: -874.2847979064504
L2 norm of gradient: 6.241947070283666
Iteration 57: -927.7864127765803
L2 norm of gradient: 10.46147930801263
Iteration 58: -934.3226305191248
L2 norm of gradient: 13.49368692794923
Iteration 59: -864.8714230389091
L2 norm of gradient: 10.544424613127807
Iteration 60: -1048.06391048264
L2 norm of gradient: 0.19248531278797534
Iteration 61: -835.9916977692513
L2 norm of gradient: 0.17947836486336063
Iteration 62: -807.2066508922532
L2 norm of gradient: 0.639418995166878
Iteration 63: -1009.4997846031221
L2 norm of gradient: 10.353204801068095
Iteration 64: -894.3999722297608
L2 norm of gradient: 1.732987423779525
Iteration 65: -756.8855716791834
L2 norm of gradient: 0.07233364002736405
Iteration 66: -960.804772289052
L2 norm of gradient: 0.5351704116238266
Iteration 67: -864.9962831381717
L2 norm of gradient: 1.3886625550921767
Iteration 68: -937.7495961061336
L2 norm of gradient: 1.3560529951201208
Iteration 69: -818.2111683498899
L2 norm of gradient: 13.362895552505533
Iteration 70: -840.2528692457986
L2 norm of gradient: 10.01089710593826
Iteration 71: -853.7455475079953
L2 norm of gradient: 7.111662816384399
Iteration 72: -922.2930223196104
L2 norm of gradient: 6.237148798070236
Iteration 73: -884.6689115504556
L2 norm of gradient: 0.2305008321563445
Iteration 74: -817.883223462755
L2 norm of gradient: 0.31605426732792674
Iteration 75: -779.2746118116664
L2 norm of gradient: 0.12348629910731089
Iteration 76: -864.7971871358983
L2 norm of gradient: 0.03934109974570776
Iteration 77: -883.9969984915191
L2 norm of gradient: 7.271164148711438
Iteration 78: -902.5966744058506
L2 norm of gradient: 0.39425090489113623
Iteration 79: -865.0191881468214
L2 norm of gradient: 1.3529495241110892
Iteration 80: -879.9209187208147
L2 norm of gradient: 1.3287862381485707
Iteration 81: -947.568037920612
L2 norm of gradient: 0.3551282438804515
Iteration 82: -903.3963611370115
L2 norm of gradient: 14.210831248707478
Iteration 83: -926.8582855643554
L2 norm of gradient: 9.83579862573269
Iteration 84: -816.4045910612924
L2 norm of gradient: 7.885382458316151
Iteration 85: -837.1392645329256
L2 norm of gradient: 0.8312327316270454
Iteration 86: -961.2639016495278
L2 norm of gradient: 1.7919022326821572
Iteration 87: -881.0520470830224
L2 norm of gradient: 15.226128129503085
Iteration 88: -911.3736161027564
L2 norm of gradient: 17.28159736286528
Iteration 89: -906.8335765869476
L2 norm of gradient: 0.3039076476424174
Iteration 90: -855.1802549276481
L2 norm of gradient: 0.3277028904483479
Iteration 91: -971.0808173947639
L2 norm of gradient: 7.241756944193967
Iteration 92: -917.7954007839551
L2 norm of gradient: 10.435306274519952
Iteration 93: -959.1201644645539
L2 norm of gradient: 0.16489916917554598
Iteration 94: -789.0905502596794
L2 norm of gradient: 0.4350268577808116
Iteration 95: -845.8153017619057
L2 norm of gradient: 15.328540160142474
Iteration 96: -859.7413174270306
L2 norm of gradient: 1.6880792527980046
Iteration 97: -852.0346712040218
L2 norm of gradient: 8.079025543973128
Iteration 98: -854.6100588256265
L2 norm of gradient: 7.788508649693449
Iteration 99: -946.5143675987234
L2 norm of gradient: 0.3154510107842537
Iteration 100: -864.7686901855104
L2 norm of gradient: 0.6657160584165956
Iteration 101: -970.8926536325655
L2 norm of gradient: 0.37889684744531865
Iteration 102: -865.6655569922448
L2 norm of gradient: 8.379968082832702
Iteration 103: -874.008789524153
L2 norm of gradient: 0.7041212797654806
Iteration 104: -932.4606957250105
L2 norm of gradient: 1.0374249089409522
Iteration 105: -760.4917115516802
L2 norm of gradient: 0.3643029792883111
Iteration 106: -865.0184713771607
L2 norm of gradient: 0.34422987520081844
Iteration 107: -788.8576761142672
L2 norm of gradient: 0.08767625604625812
Iteration 108: -970.3919679446453
L2 norm of gradient: 0.40300118845216765
Iteration 109: -893.8106295981675
L2 norm of gradient: 1.875916539140493
Iteration 110: -909.1757030146731
L2 norm of gradient: 0.4530500430400254
Iteration 111: -808.0494223958249
L2 norm of gradient: 8.34020504927521
Iteration 112: -892.5271417009594
L2 norm of gradient: 8.377967716201109
Iteration 113: -931.3000325424705
L2 norm of gradient: 1.6042068316913414
Iteration 114: -918.5377233510741
L2 norm of gradient: 0.0525797403823372
Iteration 115: -903.1963012854977
L2 norm of gradient: 0.4114590108969722
Iteration 116: -884.1771645547556
L2 norm of gradient: 17.52260451877521
Iteration 117: -872.3432543490467
L2 norm of gradient: 8.627836837003498
Iteration 118: -879.4476569446088
L2 norm of gradient: 8.120115137501742
Iteration 119: -773.9257761842616
L2 norm of gradient: 0.3217482354113748
Iteration 120: -779.4743984833767
L2 norm of gradient: 0.3056893431107895
Iteration 121: -961.0220751403513
L2 norm of gradient: 1.6399201186171797
Iteration 122: -899.1402573054523
L2 norm of gradient: 0.7995484766931202
Iteration 123: -798.6761615945414
L2 norm of gradient: 10.066621509831666
Iteration 124: -768.5720451043449
L2 norm of gradient: 0.4234240678411103
Iteration 125: -961.0340823498314
L2 norm of gradient: 8.098063613141912
Iteration 126: -830.8084642864283
L2 norm of gradient: 0.14177518060772595
Iteration 127: -874.3978150281257
L2 norm of gradient: 12.212367997161698
Iteration 128: -821.2735111856463
L2 norm of gradient: 19.539028663566537
Iteration 129: -868.1673803346831
L2 norm of gradient: 0.16982167965640416
Iteration 130: -951.213756540292
L2 norm of gradient: 9.301851450921625
Iteration 131: -806.858202394663
L2 norm of gradient: 9.716867761591148
Iteration 132: -980.9141273890639
L2 norm of gradient: 8.499410989932137
Iteration 133: -907.4657281635593
L2 norm of gradient: 0.4130761865428106
Iteration 134: -999.4289151859113
L2 norm of gradient: 1.5583783116100276
Iteration 135: -870.7879957214644
L2 norm of gradient: 0.8145042083029216
Iteration 136: -751.5797824109752
L2 norm of gradient: 18.08097969725582
Iteration 137: -701.7470380662625
L2 norm of gradient: 9.252545307703976
Iteration 138: -859.3438472872502
L2 norm of gradient: 0.7499862383822757
Iteration 139: -846.7190972044498
L2 norm of gradient: 9.31851533812166
Iteration 140: -879.6818113925103
L2 norm of gradient: 1.7701688750874602
Iteration 141: -889.7427882632858
L2 norm of gradient: 0.6284379938735564
Iteration 142: -864.7669970329957
L2 norm of gradient: 0.6609572094985432
Iteration 143: -837.130313829501
L2 norm of gradient: 0.3705373163080443
Iteration 144: -922.3720910773895
L2 norm of gradient: 0.90625579090639
Iteration 145: -884.2159939977554
L2 norm of gradient: 21.52815020519501
Iteration 146: -747.6444095322006
L2 norm of gradient: 0.0744433974537006
Iteration 147: -903.1974214735367
L2 norm of gradient: 1.117944861833382
Iteration 148: -817.6815777521176
L2 norm of gradient: 0.11592157786016656
Iteration 149: -789.772171956318
L2 norm of gradient: 9.273119226385532
Iteration 150: -878.1611909192894
L2 norm of gradient: 0.9640324168920852
Iteration 151: -817.8647470249999
L2 norm of gradient: 0.6848001263769419
Iteration 152: -874.5488565033505
L2 norm of gradient: 0.1710830542346799
Iteration 153: -989.6050064942143
L2 norm of gradient: 1.8169182882067556
Iteration 154: -927.9867380606381
L2 norm of gradient: 18.962961500045505
Iteration 155: -890.3298831943096
L2 norm of gradient: 1.6922711613620762
Iteration 156: -908.7468950002354
L2 norm of gradient: 11.367323253373769
Iteration 157: -959.3123866847438
L2 norm of gradient: 8.592657278660644
Iteration 158: -837.1898975808585
L2 norm of gradient: 10.38462366905135
Iteration 159: -820.3577305990677
L2 norm of gradient: 0.3393975335860801
Iteration 160: -874.6105212824189
L2 norm of gradient: 0.6362097853016065
Iteration 161: -928.1983147871673
L2 norm of gradient: 11.160805821505594
Iteration 162: -777.4832692295558
L2 norm of gradient: 14.005484196530887
Iteration 163: -915.3698916944252
L2 norm of gradient: 0.12193880116349276
Iteration 164: -941.5858445516014
L2 norm of gradient: 9.899957563988018
Iteration 165: -887.5213001723346
L2 norm of gradient: 9.375084165501338
Iteration 166: -950.6284658342959
L2 norm of gradient: 0.6329943663562664
Iteration 167: -797.5350822170597
L2 norm of gradient: 0.9094492771041846
Iteration 168: -893.5168272066389
L2 norm of gradient: 0.36960636137333636
Iteration 169: -864.7600062316143
L2 norm of gradient: 0.20845610285807387
Iteration 170: -874.8249871140779
L2 norm of gradient: 3.2255748828426154
Iteration 171: -885.4915227809743
L2 norm of gradient: 9.997519097970894
Iteration 172: -878.2531324534248
L2 norm of gradient: 10.599448629927394
Iteration 173: -945.4480312258661
L2 norm of gradient: 1.0733981726565531
Iteration 174: -864.693556678832
L2 norm of gradient: 0.3705526534416361
Iteration 175: -817.6819493060148
L2 norm of gradient: 1.939840663083936
Iteration 176: -947.352040120754
L2 norm of gradient: 18.879015183750703
Iteration 177: -862.4404238485974
L2 norm of gradient: 23.843235032625834
Iteration 178: -793.4271598220731
L2 norm of gradient: 1.2046472664265675
Iteration 179: -899.3631510316231
L2 norm of gradient: 0.4061824799757734
Iteration 180: -836.8850062353634
L2 norm of gradient: 9.269106723818641
Iteration 181: -892.2603993266921
L2 norm of gradient: 11.86499071629186
Iteration 182: -796.500803915998
L2 norm of gradient: 11.104928288718266
Iteration 183: -906.578455602793
L2 norm of gradient: 9.530466321735936
Iteration 184: -940.7632648952739
L2 norm of gradient: 0.12052329375055015
Iteration 185: -941.5834426564551
L2 norm of gradient: 11.80214366396298
Iteration 186: -900.9777696639203
L2 norm of gradient: 0.4095847942217871
Iteration 187: -903.4389214147197
L2 norm of gradient: 1.4401235450558452
Iteration 188: -895.1145595748485
L2 norm of gradient: 1.3734616269833262
Iteration 189: -827.2495848094532
L2 norm of gradient: 11.998868396492359
Iteration 190: -853.0466037041516
L2 norm of gradient: 0.5384719350432795
Iteration 191: -903.3896469606295
L2 norm of gradient: 9.804382522505556
Iteration 192: -902.0564624592033
L2 norm of gradient: 0.4629242701763373
Iteration 193: -817.6510021255002
L2 norm of gradient: 11.043286843084111
Iteration 194: -926.0254084304643
L2 norm of gradient: 0.40352363613780023
Iteration 195: -884.2216494460123
L2 norm of gradient: 25.385878126459577
Iteration 196: -917.4031003015756
L2 norm of gradient: 0.8957990944867608
Iteration 197: -751.3048340968917
L2 norm of gradient: 0.9816920252322819
Iteration 198: -893.992455441819
L2 norm of gradient: 0.37108286042403593
Iteration 199: -817.6689833071637
L2 norm of gradient: 10.012125578278924
Iteration 200: -930.5677958225629
L2 norm of gradient: 11.488217123690163
Iteration 201: -935.2226142094655
L2 norm of gradient: 13.411287070217284
Iteration 202: -843.2342171043945
L2 norm of gradient: 15.235996898438943
Iteration 203: -894.8640762982366
L2 norm of gradient: 0.9552850038495297
Iteration 204: -912.9211448346525
L2 norm of gradient: 1.9516187053823417
Iteration 205: -985.5920109539584
L2 norm of gradient: 1.336195110353604
Iteration 206: -780.5648673083643
L2 norm of gradient: 1.982568706719118
Iteration 207: -899.3884045712526
L2 norm of gradient: 1.3996147226153584
Iteration 208: -855.0279019309706
L2 norm of gradient: 1.570651434333918
Iteration 209: -842.6538217331723
L2 norm of gradient: 1.4098910338226116
Iteration 210: -845.666569482636
L2 norm of gradient: 0.556043183305187
Iteration 211: -922.608021686865
L2 norm of gradient: 1.6347142817708387
Iteration 212: -760.4533477216621
L2 norm of gradient: 13.229392030026844
Iteration 213: -834.2400849574755
L2 norm of gradient: 0.1686857035922727
Iteration 214: -980.4539669422367
L2 norm of gradient: 14.238468681302134
Iteration 215: -948.4160341830991
L2 norm of gradient: 0.8097855477387998
Iteration 216: -807.9953688485907
L2 norm of gradient: 10.601533980056486
Iteration 217: -892.2892974717417
L2 norm of gradient: 0.3895190558031347
Iteration 218: -808.0708919233281
L2 norm of gradient: 13.48280256317978
Iteration 219: -958.0292954699364
L2 norm of gradient: 9.544248546936695
Iteration 220: -864.1602914318975
L2 norm of gradient: 0.10913418547676534
Iteration 221: -912.8066908581221
L2 norm of gradient: 10.840269308124542
Iteration 222: -940.4163443855729
L2 norm of gradient: 1.068071293008276
Iteration 223: -912.6672852055733
L2 norm of gradient: 15.098263288116016
Iteration 224: -876.6135881039584
L2 norm of gradient: 0.5203750280957941
Iteration 225: -999.836341384231
L2 norm of gradient: 10.48579196092235
Iteration 226: -872.6820688946893
L2 norm of gradient: 0.14553688894267683
Iteration 227: -951.6548426187609
L2 norm of gradient: 21.28800701391683
Iteration 228: -871.0513507938423
L2 norm of gradient: 2.125800996852206
Iteration 229: -880.0080466194916
L2 norm of gradient: 13.630395041855492
Iteration 230: -918.8885155068511
L2 norm of gradient: 14.962665789010781
Iteration 231: -976.9118557812883
L2 norm of gradient: 0.8913052093412839
Iteration 232: -883.8711856157162
L2 norm of gradient: 12.167809388907626
Iteration 233: -891.526934358333
L2 norm of gradient: 12.656470759483842
Iteration 234: -915.1431141343353
L2 norm of gradient: 0.8018266734439368
Iteration 235: -894.0711452970778
L2 norm of gradient: 27.64102785047068
Iteration 236: -911.8397022691352
L2 norm of gradient: 10.401443301114059
Iteration 237: -863.138873683464
L2 norm of gradient: 8.186727818722481
Iteration 238: -922.5603391283624
L2 norm of gradient: 0.9911604758288722
Iteration 239: -855.9726070124525
L2 norm of gradient: 1.677820835520167
Iteration 240: -918.2911610900829
L2 norm of gradient: 0.2849187475583803
Iteration 241: -893.5591543611888
L2 norm of gradient: 1.7972037809513985
Iteration 242: -908.9511552556917
L2 norm of gradient: 0.3251551518830843
Iteration 243: -883.9533972274737
L2 norm of gradient: 0.6575688977469684
Iteration 244: -923.96806008048
L2 norm of gradient: 2.3146068162012416
Iteration 245: -831.815307475486
L2 norm of gradient: 2.253320842220567
Iteration 246: -851.224876704747
L2 norm of gradient: 0.150917410132485
Iteration 247: -903.2150316006428
L2 norm of gradient: 15.36464654496674
Iteration 248: -908.3073482313056
L2 norm of gradient: 1.9121310179514834
Iteration 249: -870.297594406526
L2 norm of gradient: 14.729927717139184
Iteration 250: -921.9004163126665
L2 norm of gradient: 0.3670555567955438
Iteration 251: -941.5727915556276
L2 norm of gradient: 1.2712426763520306
Iteration 252: -826.2408366584975
L2 norm of gradient: 1.3268317777855672
Iteration 253: -903.8857484519169
L2 norm of gradient: 15.972994631257485
Iteration 254: -876.1076515934982
L2 norm of gradient: 23.205087645907895
Iteration 255: -937.2618330225583
L2 norm of gradient: 15.164653601886158
Iteration 256: -899.481951269778
L2 norm of gradient: 0.8304743108428595
Iteration 257: -914.048507901728
L2 norm of gradient: 14.270244816925311
Iteration 258: -895.3722131756455
L2 norm of gradient: 14.877302092682466
Iteration 259: -928.7046853464044
L2 norm of gradient: 14.936336041619258
Iteration 260: -938.2773899210069
L2 norm of gradient: 1.0238053951642583
Iteration 261: -827.6028311247663
L2 norm of gradient: 0.8033168170978755
Iteration 262: -894.0627887984984
L2 norm of gradient: 2.281668706213537
Iteration 263: -816.3756863744038
L2 norm of gradient: 14.438078473800308
Iteration 264: -914.6062624403643
L2 norm of gradient: 1.9677106655436871
Iteration 265: -798.4330804172534
L2 norm of gradient: 2.1477994528893602
Iteration 266: -889.4709956729127
L2 norm of gradient: 36.0189026150776
Iteration 267: -861.6790227895776
L2 norm of gradient: 39.752761892037945
Iteration 268: -784.8164889577658
L2 norm of gradient: 1.5413605411648128
Iteration 269: -922.1862738843381
L2 norm of gradient: 2.031456081097917
Iteration 270: -942.5705998038799
L2 norm of gradient: 2.4776694336709304
Iteration 271: -928.0273679639051
L2 norm of gradient: 31.03903094615364
Iteration 272: -852.1596057242111
L2 norm of gradient: 17.06426496933367
Iteration 273: -751.2574174941539
L2 norm of gradient: 1.1226103163963204
Iteration 274: -874.6562880165255
L2 norm of gradient: 14.63046949397606
Iteration 275: -925.3604106982724
L2 norm of gradient: 0.4004236517444342
Iteration 276: -941.5898671314395
L2 norm of gradient: 16.540574956815238
Iteration 277: -917.4961110830066
L2 norm of gradient: 16.154189887797212
Iteration 278: -812.663185845156
L2 norm of gradient: 1.246402532207823
Iteration 279: -835.7980201779042
L2 norm of gradient: 0.446632075073006
Iteration 280: -941.5370984261565
L2 norm of gradient: 0.7700628872172695
Iteration 281: -970.5827368193111
L2 norm of gradient: 14.838444163010529
Iteration 282: -894.3202479720179
L2 norm of gradient: 0.20927205644702832
Iteration 283: -893.5570845269065
L2 norm of gradient: 1.4058960785365229
Iteration 284: -864.7964969662341
L2 norm of gradient: 3.058729631184522
Iteration 285: -851.0836104259788
L2 norm of gradient: 15.177893823716342
Iteration 286: -874.9584031915477
L2 norm of gradient: 8.082690193038882
Iteration 287: -880.2006629411661
L2 norm of gradient: 16.253592378888616
Iteration 288: -955.3449603252524
L2 norm of gradient: 0.589626849609738
Iteration 289: -913.0532828883802
L2 norm of gradient: 18.259328628688344
Iteration 290: -859.6224572277638
L2 norm of gradient: 0.6560053523225952
Iteration 291: -817.6204479856568
L2 norm of gradient: 13.299043013698586
Iteration 292: -928.7168575768657
L2 norm of gradient: 17.366761033838422
Iteration 293: -907.9852112519818
L2 norm of gradient: 20.866457980221856
Iteration 294: -891.1530652528938
L2 norm of gradient: 0.8683232061494298
Iteration 295: -941.8934373100288
L2 norm of gradient: 23.33508543369253
Iteration 296: -828.7440579350503
L2 norm of gradient: 19.758577641169065
Iteration 297: -869.0197565834219
L2 norm of gradient: 0.6962626899234322
Iteration 298: -846.3622399101597
L2 norm of gradient: 15.997090070203374
Iteration 299: -951.4138178685333
L2 norm of gradient: 38.8656164210874
Iteration 300: -829.9750583890124
L2 norm of gradient: 0.4238935269443657
Iteration 301: -922.3377428022259
L2 norm of gradient: 0.48887588198954296
Iteration 302: -941.5103792581317
L2 norm of gradient: 17.395653309439936
Iteration 303: -817.5966248196983
L2 norm of gradient: 17.576734732466534
Iteration 304: -759.7527585748578
L2 norm of gradient: 2.8533916994277297
Iteration 305: -899.0143567240926
L2 norm of gradient: 0.3896406709354101
Iteration 306: -903.1914741331417
L2 norm of gradient: 14.186640774888751
Iteration 307: -842.8013292069858
L2 norm of gradient: 0.5429030406175953
Iteration 308: -893.8650036497522
L2 norm of gradient: 0.5223308141700596
Iteration 309: -922.6908867167568
L2 norm of gradient: 13.70865145801234
Iteration 310: -847.9694083477627
L2 norm of gradient: 2.4590054492522633
Iteration 311: -854.8392995839512
L2 norm of gradient: 18.494221590129865
Iteration 312: -802.1570294049174
L2 norm of gradient: 22.542313661431365
Iteration 313: -875.0432256598428
L2 norm of gradient: 15.073095467664501
Iteration 314: -937.9502529147136
L2 norm of gradient: 2.302712078679098
Iteration 315: -941.7757370356101
L2 norm of gradient: 15.427171884279304
Iteration 316: -813.1600906091262
L2 norm of gradient: 2.857677534187479
Iteration 317: -888.9868719074664
L2 norm of gradient: 2.1098418614490777
Iteration 318: -854.8278131615054
L2 norm of gradient: 1.3040929639567316
Iteration 319: -979.9879065814504
L2 norm of gradient: 19.961375857736844
Iteration 320: -877.9767967663541
L2 norm of gradient: 18.954160411971163
Iteration 321: -896.9239542409241
L2 norm of gradient: 16.690966930973946
Iteration 322: -816.8262957935166
L2 norm of gradient: 2.9797008029878174
Iteration 323: -941.4038381445549
L2 norm of gradient: 0.9032895748547521
Iteration 324: -864.6340372948606
L2 norm of gradient: 31.11054092112908
Iteration 325: -798.137137578835
L2 norm of gradient: 3.14185482285145
Iteration 326: -893.130137999526
L2 norm of gradient: 0.7404058190608628
Iteration 327: -961.0257303453748
L2 norm of gradient: 19.4187399639561
Iteration 328: -820.7615155658093
L2 norm of gradient: 19.366046688088304
Iteration 329: -895.7488644619034
L2 norm of gradient: 2.3734667387427275
Iteration 330: -835.8436423504814
L2 norm of gradient: 7.991310660293038
Iteration 331: -931.889124233735
L2 norm of gradient: 15.115641972556695
Iteration 332: -966.7382936068801
L2 norm of gradient: 28.04555676176809
Iteration 333: -872.3103514646727
L2 norm of gradient: 0.6884285509995581
Iteration 334: -913.169763678327
L2 norm of gradient: 26.248898225112818
Iteration 335: -878.31885774547
L2 norm of gradient: 36.973840945100264
Iteration 336: -780.6212107574014
L2 norm of gradient: 2.5219841875322833
Iteration 337: -774.9879483642076
L2 norm of gradient: 25.568130330195626
Iteration 338: -897.3082997224351
L2 norm of gradient: 24.157814630339665
Iteration 339: -954.555101725406
L2 norm of gradient: 22.8875127446319
Iteration 340: -914.5804768697878
L2 norm of gradient: 2.1913109067071312
Iteration 341: -922.1261801862698
L2 norm of gradient: 4.535934961344673
Iteration 342: -825.5411712551951
L2 norm of gradient: 3.0761538691760624
Iteration 343: -899.5731793740316
L2 norm of gradient: 3.540496847619048
Iteration 344: -950.7740847418834
L2 norm of gradient: 21.388778600942633
Iteration 345: -924.2485856460218
L2 norm of gradient: 26.032550863246296
Iteration 346: -881.4491402501907
L2 norm of gradient: 23.774989105519058
Iteration 347: -831.1353203636286
L2 norm of gradient: 2.08074511954035
Iteration 348: -893.5326995521161
L2 norm of gradient: 18.47588138476966
Iteration 349: -891.6006687353819
L2 norm of gradient: 27.336447936531826
Iteration 350: -876.4233581368879
L2 norm of gradient: 21.81601651644859
Iteration 351: -846.0591360186688
L2 norm of gradient: 3.43667213316372
Iteration 352: -937.2127992654529
L2 norm of gradient: 0.40525451504995946
Iteration 353: -951.1448001211694
L2 norm of gradient: 2.297216336301132
Iteration 354: -893.6613996754384
L2 norm of gradient: 4.022892483753467
Iteration 355: -899.0286841626745
L2 norm of gradient: 8.52555764553699
Iteration 356: -941.3723741958754
L2 norm of gradient: 60.21836617126066
Iteration 357: -841.2472529743486
L2 norm of gradient: 2.4645022791833324
Iteration 358: -836.3838290682454
L2 norm of gradient: 29.07775835028515
Iteration 359: -841.248350651221
L2 norm of gradient: 28.059870908732133
Iteration 360: -779.4092194869636
L2 norm of gradient: 24.332628348096442
Iteration 361: -875.0574754529622
L2 norm of gradient: 45.82614488512543
Iteration 362: -776.1503695935866
L2 norm of gradient: 19.603743049730664
Iteration 363: -824.3990838399789
L2 norm of gradient: 29.504502558084944
Iteration 364: -888.7151515576958
L2 norm of gradient: 3.1493272511453085
Iteration 365: -1018.0718431083055
L2 norm of gradient: 3.1404369536943944
Iteration 366: -903.4530440526205
L2 norm of gradient: 0.47736062753238384
Iteration 367: -941.812273061908
L2 norm of gradient: 21.338865508754797
Iteration 368: -846.918581262926
L2 norm of gradient: 4.021739561435119
Iteration 369: -879.1438944268727
L2 norm of gradient: 21.240066069649654
Iteration 370: -860.7969512874236
L2 norm of gradient: 22.20387788221439
Iteration 371: -846.3423253021708
L2 norm of gradient: 19.0294667794101
Iteration 372: -826.9998036760799
L2 norm of gradient: 17.46514485090246
Iteration 373: -956.2319716887407
L2 norm of gradient: 0.9522805468898102
Iteration 374: -950.9786166956494
L2 norm of gradient: 20.416697550780164
Iteration 375: -918.2442886284309
L2 norm of gradient: 0.663686338347463
Iteration 376: -913.1076056677626
L2 norm of gradient: 1.2104326831394647
Iteration 377: -847.198527489437
L2 norm of gradient: 1.5051754135821411
Iteration 378: -932.1951719904154
L2 norm of gradient: 26.52842118192143
Iteration 379: -897.3992110750548
L2 norm of gradient: 18.001814279769757
Iteration 380: -878.131539084623
L2 norm of gradient: 26.45500158521992
Iteration 381: -901.9942336286043
L2 norm of gradient: 1.6617541379300398
Iteration 382: -798.4651638433168
L2 norm of gradient: 4.964451681643219
Iteration 383: -911.6283837700566
L2 norm of gradient: 3.445054274859327
Iteration 384: -941.0742834780095
L2 norm of gradient: 17.2022697368386
Iteration 385: -917.0618011901242
L2 norm of gradient: 39.940831984354254
Iteration 386: -781.0218723529417
L2 norm of gradient: 3.493027545160384
Iteration 387: -826.4145558453245
L2 norm of gradient: 24.618272318185678
Iteration 388: -739.917449193021
L2 norm of gradient: 3.981113180587607
Iteration 389: -883.2451494549049
L2 norm of gradient: 51.46971166699793
Iteration 390: -885.1824835118864
L2 norm of gradient: 18.485412576813275
Iteration 391: -858.1922940410974
L2 norm of gradient: 4.270174923798376
Iteration 392: -826.3622178587893
L2 norm of gradient: 2.5580485970061724
Iteration 393: -884.7293078900633
L2 norm of gradient: 9.918722803039548
Iteration 394: -869.1536769502675
L2 norm of gradient: 1.1623076301364743
Iteration 395: -875.7566488314216
L2 norm of gradient: 29.648634187018455
Iteration 396: -863.6554295551675
L2 norm of gradient: 1.476820468773026
Iteration 397: -941.3262884743903
L2 norm of gradient: 26.035120001933432
Iteration 398: -859.9748070136559
L2 norm of gradient: 4.441059343401473
Iteration 399: -883.3170987891937
L2 norm of gradient: 5.986233761357163
Iteration 400: -882.6773271031869
L2 norm of gradient: 23.51176563652429
Iteration 401: -938.9149693383174
L2 norm of gradient: 25.388542870867354
Iteration 402: -940.0203076698762
L2 norm of gradient: 8.12660566413302
Iteration 403: -862.7881043066719
L2 norm of gradient: 1.8659804128863393
Iteration 404: -846.7846922407449
L2 norm of gradient: 31.16918877796713
Iteration 405: -923.4587933735158
L2 norm of gradient: 24.68166867879104
Iteration 406: -968.08108288455
L2 norm of gradient: 24.311471682458464
Iteration 407: -964.1665789391097
L2 norm of gradient: 0.32358740739455527
Iteration 408: -960.8681428835973
L2 norm of gradient: 2.0227658842886505
Iteration 409: -912.3861797746575
L2 norm of gradient: 3.953066319464617
Iteration 410: -825.3865413432488
L2 norm of gradient: 22.78895691335496
Iteration 411: -887.1695051220331
L2 norm of gradient: 2.800492663723044
Iteration 412: -918.7381402096199
L2 norm of gradient: 35.64814224948832
Iteration 413: -844.3811590549316
L2 norm of gradient: 7.146800646572577
Iteration 414: -862.7841824908621
L2 norm of gradient: 23.353715053021556
Iteration 415: -944.722797524429
L2 norm of gradient: 20.724180825963554
Iteration 416: -967.648466707045
L2 norm of gradient: 27.194661321527164
Iteration 417: -739.3465299744129
L2 norm of gradient: 5.298144935526944
Iteration 418: -863.778601497688
L2 norm of gradient: 1.160605553697981
Iteration 419: -902.8940391127603
L2 norm of gradient: 1.5220090540147098
Iteration 420: -922.1040738417421
L2 norm of gradient: 1.8108994827252538
Iteration 421: -893.493228399353
L2 norm of gradient: 33.009718592358226
Iteration 422: -860.6299049676566
L2 norm of gradient: 4.599123417632717
Iteration 423: -853.812745877625
L2 norm of gradient: 1.0542344714207998
Iteration 424: -922.8665298832735
L2 norm of gradient: 5.035841104608095
Iteration 425: -922.4673375597686
L2 norm of gradient: 20.12004809587177
Iteration 426: -808.6871547014799
L2 norm of gradient: 5.042401202357975
Iteration 427: -709.263286425832
L2 norm of gradient: 29.161533020701434
Iteration 428: -860.005651478528
L2 norm of gradient: 6.364960982191999
Iteration 429: -872.3198104631883
L2 norm of gradient: 32.64312005558197
Iteration 430: -859.7074632237615
L2 norm of gradient: 24.71389515874656
Iteration 431: -867.0659263354071
L2 norm of gradient: 47.962391965921576
Iteration 432: -835.0140106470376
L2 norm of gradient: 5.249537357296277
Iteration 433: -959.3811980001336
L2 norm of gradient: 26.545718506378105
Iteration 434: -899.3878044296047
L2 norm of gradient: 5.1203784531658645
Iteration 435: -892.6305885900588
L2 norm of gradient: 4.568307144803992
Iteration 436: -967.4768872302724
L2 norm of gradient: 1.1587663841092792
Iteration 437: -913.1750544528009
L2 norm of gradient: 7.99205492703394
Iteration 438: -844.126750702081
L2 norm of gradient: 22.19539715337532
Iteration 439: -927.7664341430078
L2 norm of gradient: 28.3393612060949
Iteration 440: -956.6144292685779
L2 norm of gradient: 3.0854198338885683
Iteration 441: -922.2302085147246
L2 norm of gradient: 36.09114807910812
Iteration 442: -841.6076340618908
L2 norm of gradient: 1.6026601774152385
Iteration 443: -854.9176743467051
L2 norm of gradient: 1.8119481530845036
Iteration 444: -942.0760045703577
L2 norm of gradient: 0.49726422732954684
Iteration 445: -960.7547338236016
L2 norm of gradient: 21.952508600165167
Iteration 446: -931.7287191506447
L2 norm of gradient: 31.11812974907594
Iteration 447: -801.6821808885137
L2 norm of gradient: 30.618306141543712
Iteration 448: -783.5078833192922
L2 norm of gradient: 21.582277980137437
Iteration 449: -931.3302655149384
L2 norm of gradient: 6.010137745379235
Iteration 450: -843.0377045857703
L2 norm of gradient: 30.77377676466639
Iteration 451: -869.3345780629904
L2 norm of gradient: 47.86161425368546
Iteration 452: -899.466678635594
L2 norm of gradient: 1.9225628142500104
Iteration 453: -931.9960469084767
L2 norm of gradient: 1.4520589729816558
Iteration 454: -808.0267903399913
L2 norm of gradient: 46.562984490955415
Iteration 455: -838.0412650252636
L2 norm of gradient: 3.559313565269889
Iteration 456: -832.7895102797121
L2 norm of gradient: 43.46653869262279
Iteration 457: -891.1055885198199
L2 norm of gradient: 8.996149403772721
Iteration 458: -804.1799996089812
L2 norm of gradient: 4.1608109423596344
Iteration 459: -981.0554471920101
L2 norm of gradient: 5.714443313556266
Iteration 460: -771.1045415121591
L2 norm of gradient: 57.05038582327977
Iteration 461: -756.6617840501078
L2 norm of gradient: 2.838338127654834
Iteration 462: -902.4872322740171
L2 norm of gradient: 9.590946891457268
Iteration 463: -838.8011817298046
L2 norm of gradient: 24.207893098990148
Iteration 464: -865.068129030404
L2 norm of gradient: 6.295601442868605
Iteration 465: -892.6091260653986
L2 norm of gradient: 18.825657244245264
Iteration 466: -871.7631167149623
L2 norm of gradient: 5.572005124610152
Iteration 467: -811.9556775000002
L2 norm of gradient: 24.617256292838245
Iteration 468: -693.9504465012058
L2 norm of gradient: 24.66510074720889
Iteration 469: -900.1347115233991
L2 norm of gradient: 10.339958918973094
Iteration 470: -870.966664030477
L2 norm of gradient: 19.837163677388595
Iteration 471: -867.0426262474375
L2 norm of gradient: 8.968318934661363
Iteration 472: -954.4210589749669
L2 norm of gradient: 6.288766512830387
Iteration 473: -834.52870895472
L2 norm of gradient: 27.211457408411608
Iteration 474: -811.7811768976122
L2 norm of gradient: 24.61311663134303
Iteration 475: -970.7516717583935
L2 norm of gradient: 51.06634215271535
Iteration 476: -840.389798597524
L2 norm of gradient: 27.775097688702207
Iteration 477: -896.4971640253366
L2 norm of gradient: 11.27697504709456
Iteration 478: -957.5259953067577
L2 norm of gradient: 4.822965465436836
Iteration 479: -969.3038684476951
L2 norm of gradient: 2.3040001951686513
Iteration 480: -950.5963030754485
L2 norm of gradient: 5.092857599521406
Iteration 481: -812.3998395616115
L2 norm of gradient: 37.04989001546874
Iteration 482: -856.738462272737
L2 norm of gradient: 21.404357779200225
Iteration 483: -921.8472159028316
L2 norm of gradient: 8.945590183165393
Iteration 484: -718.4702305327546
L2 norm of gradient: 22.250139409266346
Iteration 485: -901.7776264519962
L2 norm of gradient: 10.769789398504786
Iteration 486: -909.147519070514
L2 norm of gradient: 3.295524666651337
Iteration 487: -817.3377583013056
L2 norm of gradient: 7.229496227778837
Iteration 488: -872.7977145358033
L2 norm of gradient: 2.2312919401348963
Iteration 489: -961.6651042184792
L2 norm of gradient: 31.31640741957847
Iteration 490: -894.1543959442519
L2 norm of gradient: 12.3976101828633
Iteration 491: -841.7984450962042
L2 norm of gradient: 44.64025961506264
Iteration 492: -809.8590382236591
L2 norm of gradient: 31.898044212544395
Iteration 493: -877.3092538493448
L2 norm of gradient: 1.6302877948381842
Iteration 494: -922.3268628867895
L2 norm of gradient: 2.9605207913590794
Iteration 495: -923.2779058806408
L2 norm of gradient: 21.99781946148549
Iteration 496: -911.0411747009917
L2 norm of gradient: 9.009879062825334
Iteration 497: -944.1845665026626
L2 norm of gradient: 13.556909087104732
Iteration 498: -905.5426032923372
L2 norm of gradient: 31.114085498361494
Iteration 499: -832.3251346892665
[ { query: [ 'Who is a doctor', [Object] ],
    trueResult: 
     Marginal:
         "John and Mary are doctors" : 0.380020640450514
         "John and Mary are doctors and teachers" : 0.20855974943514632
         "John is a doctor" : 0.08655534418766547
         "Mary is a doctor" : 0.08655534418766547
         "John is a doctor and a teacher" : 0.04750258005631425
         "Mary is a doctor and a teacher" : 0.04750258005631425
         "John and Mary are doctors or teachers" : 0.018309772241219994
         "John or Mary is a doctor and a teacher" : 0.01641723975145466
         "John is a doctor or a teacher" : 0.014074838535204214
         "Mary is a doctor or a teacher" : 0.014074838535204214
         "John or Mary is a doctor" : 0.014074838535204214
         "Mary is a teacher" : 0.010819418023458179
         "John is a teacher" : 0.010819418023458179
         "John is not a teacher" : 0.008015222008949992
         "Mary is not a teacher" : 0.008015222008949992
         "John and Mary are teachers" : 0.0059378225070392835
         "John or Mary is a teacher" : 0.005937822507039272
         "John and Mary are not teachers" : 0.0043988471043886965
         "John or Mary is not a teacher" : 0.0043988471043886965
         "John or Mary is a doctor or a teacher" : 0.003954910804103521
         "John is not a doctor and a teacher" : 0.0013033621050040592
         "Mary is not a doctor and a teacher" : 0.0013033621050040592
         "John or Mary is not a doctor and a teacher" : 0.0012360388998589598
         "John and Mary are not doctors and teachers" : 0.00021194082645043896,
    learnedResult: 
     Marginal:
         "John is a doctor" : 0.25898013540064463
         "Mary is a doctor" : 0.25898013540064463
         "John and Mary are doctors" : 0.03258461386316856
         "Mary is a teacher" : 0.032372516925080565
         "John is a teacher" : 0.032372516925080565
         "Mary is a doctor and a teacher" : 0.025929813905627097
         "John is a doctor and a teacher" : 0.025929813905627073
         "John is not a teacher" : 0.023982150387426928
         "Mary is not a teacher" : 0.023982150387426928
         "John or Mary is a doctor" : 0.018375212770098095
         "John is a doctor or a teacher" : 0.01780724612547325
         "Mary is a doctor or a teacher" : 0.01780724612547325
         "John or Mary is a teacher" : 0.017766413978135
         "John and Mary are teachers" : 0.017766413978135
         "John or Mary is not a teacher" : 0.013161683191176783
         "John and Mary are not teachers" : 0.013161683191176783
         "Mary is not a doctor or a teacher" : 0.013155256240877045
         "John is not a doctor or a teacher" : 0.01315525624087702
         "John or Mary is not a doctor" : 0.013096399227045348
         "Mary is not a doctor" : 0.012317770607260593
         "John is not a doctor" : 0.012317770607260593
         "John is not a doctor and a teacher" : 0.012247075194682022
         "Mary is not a doctor and a teacher" : 0.012247075194682022
         "John and Mary are not doctors" : 0.011832019499430942
         "John and Mary are doctors and teachers" : 0.01057899371688091
         "John or Mary is a doctor and a teacher" : 0.009789170032192129
         "John and Mary are doctors or teachers" : 0.00975573222597453
         "John or Mary is a doctor or a teacher" : 0.00975067696601656
         "John or Mary is not a doctor or a teacher" : 0.00722325616140826
         "John and Mary are not doctors or teachers" : 0.007222676005589974
         "John or Mary is not a doctor and a teacher" : 0.0072189548585962875
         "John and Mary are not doctors and teachers" : 0.007132170760830042,
    KLDivergence: 1.3564247384365755 },
  { query: [ 'Who is a doctor', [Object] ],
    trueResult: 
     Marginal:
         "John and Mary are doctors" : 0.380020640450514
         "John and Mary are doctors and teachers" : 0.20855974943514632
         "John is a doctor" : 0.08655534418766547
         "Mary is a doctor" : 0.08655534418766547
         "John is a doctor and a teacher" : 0.04750258005631425
         "Mary is a doctor and a teacher" : 0.04750258005631425
         "John and Mary are doctors or teachers" : 0.018309772241219994
         "John or Mary is a doctor and a teacher" : 0.01641723975145466
         "John is a doctor or a teacher" : 0.014074838535204214
         "Mary is a doctor or a teacher" : 0.014074838535204214
         "John or Mary is a doctor" : 0.014074838535204214
         "Mary is a teacher" : 0.010819418023458179
         "John is a teacher" : 0.010819418023458179
         "John is not a teacher" : 0.008015222008949992
         "Mary is not a teacher" : 0.008015222008949992
         "John and Mary are teachers" : 0.0059378225070392835
         "John or Mary is a teacher" : 0.005937822507039272
         "John and Mary are not teachers" : 0.0043988471043886965
         "John or Mary is not a teacher" : 0.0043988471043886965
         "John or Mary is a doctor or a teacher" : 0.003954910804103521
         "John is not a doctor and a teacher" : 0.0013033621050040592
         "Mary is not a doctor and a teacher" : 0.0013033621050040592
         "John or Mary is not a doctor and a teacher" : 0.0012360388998589598
         "John and Mary are not doctors and teachers" : 0.00021194082645043896,
    learnedResult: 
     Marginal:
         "John is a doctor" : 0.25898013540064463
         "Mary is a doctor" : 0.25898013540064463
         "John and Mary are doctors" : 0.03258461386316856
         "Mary is a teacher" : 0.032372516925080565
         "John is a teacher" : 0.032372516925080565
         "Mary is a doctor and a teacher" : 0.025929813905627097
         "John is a doctor and a teacher" : 0.025929813905627073
         "John is not a teacher" : 0.023982150387426928
         "Mary is not a teacher" : 0.023982150387426928
         "John or Mary is a doctor" : 0.018375212770098095
         "John is a doctor or a teacher" : 0.01780724612547325
         "Mary is a doctor or a teacher" : 0.01780724612547325
         "John or Mary is a teacher" : 0.017766413978135
         "John and Mary are teachers" : 0.017766413978135
         "John or Mary is not a teacher" : 0.013161683191176783
         "John and Mary are not teachers" : 0.013161683191176783
         "Mary is not a doctor or a teacher" : 0.013155256240877045
         "John is not a doctor or a teacher" : 0.01315525624087702
         "John or Mary is not a doctor" : 0.013096399227045348
         "Mary is not a doctor" : 0.012317770607260593
         "John is not a doctor" : 0.012317770607260593
         "John is not a doctor and a teacher" : 0.012247075194682022
         "Mary is not a doctor and a teacher" : 0.012247075194682022
         "John and Mary are not doctors" : 0.011832019499430942
         "John and Mary are doctors and teachers" : 0.01057899371688091
         "John or Mary is a doctor and a teacher" : 0.009789170032192129
         "John and Mary are doctors or teachers" : 0.00975573222597453
         "John or Mary is a doctor or a teacher" : 0.00975067696601656
         "John or Mary is not a doctor or a teacher" : 0.00722325616140826
         "John and Mary are not doctors or teachers" : 0.007222676005589974
         "John or Mary is not a doctor and a teacher" : 0.0072189548585962875
         "John and Mary are not doctors and teachers" : 0.007132170760830042,
    KLDivergence: 1.3564247384365755 },
  { query: [ 'Who is a doctor and a teacher', [Object] ],
    trueResult: 
     Marginal:
         "John is a doctor and a teacher" : 0.5057429117707349
         "John is a doctor" : 0.11519045846271186
         "John is a teacher" : 0.11519045846271186
         "John or Mary is a doctor and a teacher" : 0.051789172217255514
         "Mary is not a teacher" : 0.02528450088232814
         "Mary is not a doctor" : 0.02528450088232814
         "John and Mary are teachers" : 0.018731218954471676
         "John and Mary are doctors" : 0.018731218954471676
         "John or Mary is a teacher" : 0.018731218954471645
         "John is a doctor or a teacher" : 0.018731218954471645
         "John or Mary is a doctor" : 0.018731218954471645
         "Mary is not a doctor or a teacher" : 0.013876428297051366
         "Mary is not a doctor and a teacher" : 0.013876428297051366
         "John and Mary are doctors or teachers" : 0.007219910001734958
         "Mary is a doctor or a teacher" : 0.00554999080132493
         "John or Mary is a doctor or a teacher" : 0.005263314391264789
         "Mary is a doctor" : 0.004266313276396742
         "Mary is a teacher" : 0.004266313276396742
         "John or Mary is not a doctor" : 0.004111534310237441
         "John or Mary is not a teacher" : 0.004111534310237441
         "John or Mary is not a doctor and a teacher" : 0.003899159202225257
         "John or Mary is not a doctor or a teacher" : 0.0014209763856506024,
    learnedResult: 
     Marginal:
         "John is a doctor" : 0.06361843696683762
         "John is a teacher" : 0.062091003719055814
         "Mary is a doctor" : 0.0602303758881551
         "Mary is a teacher" : 0.05992085206230885
         "Mary is not a teacher" : 0.04390964722589928
         "Mary is not a doctor" : 0.04386440434879298
         "John is not a teacher" : 0.04359629328167822
         "John is not a doctor" : 0.0433809675958038
         "John is a doctor and a teacher" : 0.03302076145406137
         "John and Mary are doctors" : 0.032935127838228426
         "John and Mary are teachers" : 0.03281130283758933
         "Mary is a doctor and a teacher" : 0.032674043365713244
         "John is a doctor or a teacher" : 0.03260519776560071
         "John or Mary is a doctor" : 0.03259467446271203
         "John or Mary is a teacher" : 0.03259228351473621
         "Mary is a doctor or a teacher" : 0.03259150687075274
         "John or Mary is not a teacher" : 0.024141355936889927
         "Mary is not a doctor or a teacher" : 0.0241412714483297
         "John or Mary is not a doctor" : 0.02414109585071311
         "John is not a doctor or a teacher" : 0.024139115011187196
         "Mary is not a doctor and a teacher" : 0.02413041878644053
         "John and Mary are not teachers" : 0.024115857738892514
         "John and Mary are not doctors" : 0.024101519458394744
         "John is not a doctor and a teacher" : 0.02408534904416588
         "John and Mary are doctors and teachers" : 0.017917671650037464
         "John and Mary are doctors or teachers" : 0.017886224328354926
         "John or Mary is a doctor and a teacher" : 0.01788528968394743
         "John or Mary is a doctor or a teacher" : 0.01788472628022018
         "John or Mary is not a doctor or a teacher" : 0.013249307053635962
         "John or Mary is not a doctor and a teacher" : 0.01324924325018127
         "John and Mary are not doctors or teachers" : 0.013249135436997512
         "John and Mary are not doctors and teachers" : 0.013245539843685364,
    KLDivergence: 1.4114235799683652 },
  { query: [ 'Who is a doctor or a teacher', [Object] ],
    trueResult: 
     Marginal:
         "John and Mary are doctors" : 0.1056107851909732
         "John and Mary are teachers" : 0.1056107851909732
         "John is a doctor" : 0.08118368320238828
         "John is a teacher" : 0.08118368320238828
         "Mary is a teacher" : 0.08118368320238828
         "Mary is a doctor" : 0.08118368320238828
         "John and Mary are doctors or teachers" : 0.05796042780983282
         "John and Mary are doctors and teachers" : 0.05796042780983277
         "Mary is a doctor and a teacher" : 0.044554550002441795
         "John is a doctor and a teacher" : 0.044554550002441795
         "Mary is a doctor or a teacher" : 0.04455455000244175
         "John is a doctor or a teacher" : 0.04455455000244175
         "John or Mary is a teacher" : 0.03129208450102909
         "John or Mary is a doctor" : 0.03129208450102909
         "John or Mary is a doctor and a teacher" : 0.021122604886965272
         "John or Mary is a doctor or a teacher" : 0.012519452406923889
         "John is not a doctor and a teacher" : 0.009779799246246973
         "Mary is not a doctor and a teacher" : 0.009779799246246973
         "John is not a teacher" : 0.007517793967297686
         "Mary is not a teacher" : 0.007517793967297686
         "Mary is not a doctor" : 0.007517793967297686
         "John is not a doctor" : 0.007517793967297686
         "John or Mary is not a doctor and a teacher" : 0.00651387501985663
         "John or Mary is not a doctor" : 0.00565960604528182
         "John or Mary is not a teacher" : 0.00565960604528182
         "John and Mary are not doctors and teachers" : 0.0037696035994540657
         "John and Mary are not doctors" : 0.0012224749057808738
         "John and Mary are not teachers" : 0.0012224749057808738,
    learnedResult: 
     Marginal:
         "John is a teacher" : 0.05988977025889062
         "John is a doctor" : 0.059868677615362936
         "Mary is a doctor" : 0.05986559363246609
         "Mary is a teacher" : 0.059847396989243525
         "Mary is not a teacher" : 0.044353499018408994
         "Mary is not a doctor" : 0.04435081393828831
         "John is not a doctor" : 0.04435035893323961
         "John is not a teacher" : 0.04434724746642814
         "John is a doctor and a teacher" : 0.032856936619010714
         "John and Mary are teachers" : 0.03285646720550151
         "John is a doctor or a teacher" : 0.03285586399866343
         "John and Mary are doctors" : 0.03285578284215267
         "John or Mary is a doctor" : 0.03285572447485062
         "John or Mary is a teacher" : 0.032855628290230636
         "Mary is a doctor or a teacher" : 0.03285561812472134
         "Mary is a doctor and a teacher" : 0.03285468304783
         "Mary is not a doctor and a teacher" : 0.024340262096739174
         "Mary is not a doctor or a teacher" : 0.02434014302270469
         "John or Mary is not a teacher" : 0.0243401363500692
         "John or Mary is not a doctor" : 0.024340125891245692
         "John and Mary are not doctors" : 0.02434011930290559
         "John is not a doctor or a teacher" : 0.02434010428527088
         "John and Mary are not teachers" : 0.024340041480560688
         "John is not a doctor and a teacher" : 0.024339967401702585
         "John and Mary are doctors and teachers" : 0.018031642765927305
         "John and Mary are doctors or teachers" : 0.018031612584129053
         "John or Mary is a doctor or a teacher" : 0.018031607508429155
         "John or Mary is a doctor and a teacher" : 0.01803160329339694
         "John or Mary is not a doctor and a teacher" : 0.013358144394292944
         "John or Mary is not a doctor or a teacher" : 0.013358143921790005
         "John and Mary are not doctors or teachers" : 0.013358143345625921
         "John and Mary are not doctors and teachers" : 0.013358139899920803,
    KLDivergence: 0.42641228855271873 },
  { query: [ 'Who is not a doctor and a teacher', [Object] ],
    trueResult: 
     Marginal:
         "John is a doctor and a teacher" : 0.5057429117707349
         "John is a doctor" : 0.11519045846271186
         "John is a teacher" : 0.11519045846271186
         "John or Mary is a doctor and a teacher" : 0.051789172217255514
         "Mary is not a teacher" : 0.02528450088232814
         "Mary is not a doctor" : 0.02528450088232814
         "John and Mary are teachers" : 0.018731218954471676
         "John and Mary are doctors" : 0.018731218954471676
         "John or Mary is a teacher" : 0.018731218954471645
         "John is a doctor or a teacher" : 0.018731218954471645
         "John or Mary is a doctor" : 0.018731218954471645
         "Mary is not a doctor or a teacher" : 0.013876428297051366
         "Mary is not a doctor and a teacher" : 0.013876428297051366
         "John and Mary are doctors or teachers" : 0.007219910001734958
         "Mary is a doctor or a teacher" : 0.00554999080132493
         "John or Mary is a doctor or a teacher" : 0.005263314391264789
         "Mary is a doctor" : 0.004266313276396742
         "Mary is a teacher" : 0.004266313276396742
         "John or Mary is not a doctor" : 0.004111534310237441
         "John or Mary is not a teacher" : 0.004111534310237441
         "John or Mary is not a doctor and a teacher" : 0.003899159202225257
         "John or Mary is not a doctor or a teacher" : 0.0014209763856506024,
    learnedResult: 
     Marginal:
         "John is a doctor" : 0.05995367496495777
         "John is a teacher" : 0.05991886340174804
         "Mary is a doctor" : 0.059875561036881964
         "Mary is a teacher" : 0.05986822858578721
         "Mary is not a teacher" : 0.04434064121786241
         "Mary is not a doctor" : 0.04433955962963468
         "John is not a teacher" : 0.044333174383870286
         "John is not a doctor" : 0.044328043842541034
         "John is a doctor and a teacher" : 0.03285983252730124
         "John and Mary are doctors" : 0.03285781559640235
         "John and Mary are teachers" : 0.03285490085870458
         "Mary is a doctor and a teacher" : 0.0328516552194168
         "John is a doctor or a teacher" : 0.032850091027484304
         "John or Mary is a doctor" : 0.03284984142488757
         "John or Mary is a teacher" : 0.03284978449670645
         "Mary is a doctor or a teacher" : 0.03284976607592315
         "John or Mary is not a teacher" : 0.02433563668083575
         "Mary is not a doctor or a teacher" : 0.02433563486105942
         "John or Mary is not a doctor" : 0.0243356304872356
         "John is not a doctor or a teacher" : 0.024335583665519245
         "Mary is not a doctor and a teacher" : 0.024335386070903423
         "John and Mary are not teachers" : 0.02433503949131521
         "John and Mary are not doctors" : 0.024334699689759806
         "John is not a doctor and a teacher" : 0.02433431662485111
         "John and Mary are doctors and teachers" : 0.018029064274315935
         "John and Mary are doctors or teachers" : 0.01802832659810903
         "John or Mary is a doctor and a teacher" : 0.01802830451608065
         "John or Mary is a doctor or a teacher" : 0.01802829151178149
         "John or Mary is not a doctor or a teacher" : 0.013355686289827284
         "John or Mary is not a doctor and a teacher" : 0.013355684816815865
         "John and Mary are not doctors or teachers" : 0.013355682270309904
         "John and Mary are not doctors and teachers" : 0.013355597861170458,
    KLDivergence: 1.423033089210006 },
  { query: [ 'Who is not a doctor or a teacher', [Object] ],
    trueResult: 
     Marginal:
         "John and Mary are doctors" : 0.1056107851909732
         "John and Mary are teachers" : 0.1056107851909732
         "John is a doctor" : 0.08118368320238828
         "John is a teacher" : 0.08118368320238828
         "Mary is a teacher" : 0.08118368320238828
         "Mary is a doctor" : 0.08118368320238828
         "John and Mary are doctors or teachers" : 0.05796042780983282
         "John and Mary are doctors and teachers" : 0.05796042780983277
         "Mary is a doctor and a teacher" : 0.044554550002441795
         "John is a doctor and a teacher" : 0.044554550002441795
         "Mary is a doctor or a teacher" : 0.04455455000244175
         "John is a doctor or a teacher" : 0.04455455000244175
         "John or Mary is a teacher" : 0.03129208450102909
         "John or Mary is a doctor" : 0.03129208450102909
         "John or Mary is a doctor and a teacher" : 0.021122604886965272
         "John or Mary is a doctor or a teacher" : 0.012519452406923889
         "John is not a doctor and a teacher" : 0.009779799246246973
         "Mary is not a doctor and a teacher" : 0.009779799246246973
         "John is not a teacher" : 0.007517793967297686
         "Mary is not a teacher" : 0.007517793967297686
         "Mary is not a doctor" : 0.007517793967297686
         "John is not a doctor" : 0.007517793967297686
         "John or Mary is not a doctor and a teacher" : 0.00651387501985663
         "John or Mary is not a doctor" : 0.00565960604528182
         "John or Mary is not a teacher" : 0.00565960604528182
         "John and Mary are not doctors and teachers" : 0.0037696035994540657
         "John and Mary are not doctors" : 0.0012224749057808738
         "John and Mary are not teachers" : 0.0012224749057808738,
    learnedResult: 
     Marginal:
         "John is a teacher" : 0.059867791327256996
         "John is a doctor" : 0.059867293216242616
         "Mary is a doctor" : 0.05986722036238104
         "Mary is a teacher" : 0.05986679035816071
         "Mary is not a teacher" : 0.04435082156972452
         "Mary is not a doctor" : 0.04435075812742287
         "John is not a doctor" : 0.04435074737868853
         "John is not a teacher" : 0.04435067388851984
         "John is a doctor and a teacher" : 0.03285587442781425
         "John and Mary are teachers" : 0.0328558633321742
         "John is a doctor or a teacher" : 0.032855849087724834
         "John and Mary are doctors" : 0.03285584717704311
         "John or Mary is a doctor" : 0.032855845792298236
         "John or Mary is a teacher" : 0.032855843519535265
         "Mary is a doctor or a teacher" : 0.032855843279434124
         "Mary is a doctor and a teacher" : 0.03285582119176129
         "Mary is not a doctor and a teacher" : 0.024340212590622193
         "Mary is not a doctor or a teacher" : 0.024340209777993317
         "John or Mary is not a teacher" : 0.0243402096203585
         "John or Mary is not a doctor" : 0.024340209373225417
         "John and Mary are not doctors" : 0.02434020921689113
         "John is not a doctor or a teacher" : 0.024340208862897058
         "John and Mary are not teachers" : 0.02434020737984731
         "John is not a doctor and a teacher" : 0.024340205629026234
         "John and Mary are doctors and teachers" : 0.018031671402572162
         "John and Mary are doctors or teachers" : 0.018031670689369703
         "John or Mary is a doctor or a teacher" : 0.01803167056949491
         "John or Mary is a doctor and a teacher" : 0.01803167046993372
         "John or Mary is not a doctor and a teacher" : 0.013358190130926583
         "John or Mary is not a doctor or a teacher" : 0.01335819011976583
         "John and Mary are not doctors or teachers" : 0.013358190106158355
         "John and Mary are not doctors and teachers" : 0.013358190024735322,
    KLDivergence: 0.426415735189484 },
  { query: [ 'What is John', [Object] ],
    trueResult: 
     Marginal:
         "John is a doctor" : 0.23702792248662735
         "John is not a teacher" : 0.17559460378842734
         "John and Mary are doctors" : 0.130083681939854
         "John and Mary are not teachers" : 0.09636836179440914
         "John or Mary is a doctor" : 0.03854331316736411
         "John is a doctor or a teacher" : 0.03854331316736411
         "Mary is a teacher" : 0.029628490310828412
         "Mary is a doctor" : 0.029628490310828412
         "John is not a doctor and a teacher" : 0.02855358867982489
         "John or Mary is not a teacher" : 0.02855358867982489
         "Mary is not a doctor" : 0.02194932547355341
         "Mary is not a teacher" : 0.02194932547355341
         "John and Mary are doctors or teachers" : 0.021153018759865538
         "Mary is a doctor and a teacher" : 0.01626046024248175
         "Mary is a doctor or a teacher" : 0.016260460242481723
         "John and Mary are not doctors and teachers" : 0.0156705417197306
         "Mary is not a doctor or a teacher" : 0.012046045224301137
         "Mary is not a doctor and a teacher" : 0.012046045224301137
         "John or Mary is a doctor or a teacher" : 0.010830345605051172
         "John or Mary is not a doctor and a teacher" : 0.008023317360502066
         "John or Mary is a teacher" : 0.004817914145920514
         "John or Mary is not a doctor" : 0.0035691985849781176
         "John or Mary is a doctor and a teacher" : 0.0016651064329923299
         "John or Mary is not a doctor or a teacher" : 0.0012335411849350591,
    learnedResult: 
     Marginal:
         "John is a doctor" : 0.3478693373511606
         "John is not a teacher" : 0.05554752735048047
         "Mary is a teacher" : 0.04348366716889507
         "Mary is a doctor" : 0.04348366716889507
         "John and Mary are doctors" : 0.03482964887262529
         "Mary is not a teacher" : 0.03221349294077679
         "Mary is not a doctor" : 0.03221349294077679
         "John is a doctor and a teacher" : 0.027199040616724336
         "John or Mary is a doctor" : 0.023919189400894842
         "Mary is a doctor or a teacher" : 0.02386434252232937
         "Mary is a doctor and a teacher" : 0.02386434252232937
         "John or Mary is a teacher" : 0.02380957955077945
         "John is a doctor or a teacher" : 0.023172165697603296
         "John and Mary are not teachers" : 0.018821720384241604
         "John is not a doctor or a teacher" : 0.01778947816381743
         "John or Mary is not a teacher" : 0.01768511009817373
         "Mary is not a doctor and a teacher" : 0.017679139765131115
         "Mary is not a doctor or a teacher" : 0.017679139765131083
         "John or Mary is not a doctor" : 0.017673170775926655
         "John is not a doctor and a teacher" : 0.017251863328206614
         "John and Mary are not doctors" : 0.016583761431320513
         "John is not a doctor" : 0.016545572857016418
         "John and Mary are teachers" : 0.015482139968759051
         "John and Mary are doctors and teachers" : 0.013311433034877973
         "John or Mary is a doctor and a teacher" : 0.01309820232183237
         "John or Mary is a doctor or a teacher" : 0.013096720900677181
         "John and Mary are doctors or teachers" : 0.013042200858478101
         "John and Mary are not doctors or teachers" : 0.009708800169424088
         "John or Mary is not a doctor or a teacher" : 0.00970255104375592
         "John or Mary is not a doctor and a teacher" : 0.009702382162038711
         "John and Mary are not doctors and teachers" : 0.009677118866921427,
    KLDivergence: 0.4395475083758939 },
  { query: [ 'What is John', [Object] ],
    trueResult: 
     Marginal:
         "John is a doctor and a teacher" : 0.37545849217947985
         "John and Mary are doctors and teachers" : 0.20605598937841657
         "John is a doctor" : 0.08551624717081296
         "John is a teacher" : 0.08551624717081296
         "John and Mary are teachers" : 0.046932311522435
         "John and Mary are doctors" : 0.046932311522435
         "John or Mary is a doctor and a teacher" : 0.03844776478197857
         "John or Mary is a teacher" : 0.013905870080721474
         "John is a doctor or a teacher" : 0.013905870080721474
         "John or Mary is a doctor" : 0.013905870080721474
         "Mary is a teacher" : 0.010689530896351615
         "Mary is a doctor" : 0.010689530896351615
         "Mary is not a doctor" : 0.007918999258557448
         "Mary is not a teacher" : 0.007918999258557448
         "John and Mary are doctors or teachers" : 0.007631703310311726
         "Mary is a doctor and a teacher" : 0.005866538940304378
         "Mary is a doctor or a teacher" : 0.0058665389403043675
         "Mary is not a doctor or a teacher" : 0.004346038939316297
         "Mary is not a doctor and a teacher" : 0.004346038939316297
         "John or Mary is a doctor or a teacher" : 0.003907432094879606
         "John or Mary is not a doctor" : 0.0012877152412789025
         "John or Mary is not a teacher" : 0.0012877152412789025
         "John or Mary is not a doctor and a teacher" : 0.0012212002512970355
         "John or Mary is not a doctor or a teacher" : 0.00044504382335897773,
    learnedResult: 
     Marginal:
         "John is a doctor" : 0.2589745340874518
         "John is a teacher" : 0.2589745340874518
         "John is a doctor and a teacher" : 0.03258390911171251
         "Mary is a teacher" : 0.03237181676093146
         "Mary is a doctor" : 0.03237181676093146
         "John and Mary are teachers" : 0.025929253086518358
         "John and Mary are doctors" : 0.025929253086518358
         "Mary is not a teacher" : 0.023981631693067808
         "Mary is not a doctor" : 0.023981631693067808
         "John is a doctor or a teacher" : 0.018374815344552084
         "John or Mary is a doctor" : 0.017806860984109076
         "John or Mary is a teacher" : 0.017806860984109045
         "Mary is a doctor or a teacher" : 0.0177660297199028
         "Mary is a doctor and a teacher" : 0.0177660297199028
         "Mary is not a doctor and a teacher" : 0.013161398525676923
         "Mary is not a doctor or a teacher" : 0.013161398525676899
         "John or Mary is not a doctor" : 0.013156954856654614
         "John or Mary is not a teacher" : 0.013156954856654614
         "John is not a doctor or a teacher" : 0.013066798233164704
         "John and Mary are not teachers" : 0.01234593403027725
         "John and Mary are not doctors" : 0.01234593403027723
         "John is not a teacher" : 0.012317504194198055
         "John is not a doctor" : 0.012317504194198055
         "John is not a doctor and a teacher" : 0.011669073244315178
         "John and Mary are doctors and teachers" : 0.010583290009929707
         "John and Mary are doctors or teachers" : 0.009797564129510678
         "John or Mary is a doctor and a teacher" : 0.00975461072527982
         "John or Mary is a doctor or a teacher" : 0.009750469060012685
         "John or Mary is not a doctor or a teacher" : 0.007223099872598752
         "John or Mary is not a doctor and a teacher" : 0.007222640689139078
         "John and Mary are not doctors or teachers" : 0.007217720556098688
         "John and Mary are not doctors and teachers" : 0.0071321731461106855,
    KLDivergence: 1.3589193938954303 },
  { query: [ 'What isn\'t John', [Object] ],
    trueResult: 
     Marginal:
         "John is a doctor and a teacher" : 0.37545849217947985
         "John and Mary are doctors and teachers" : 0.20605598937841657
         "John is a doctor" : 0.08551624717081296
         "John is a teacher" : 0.08551624717081296
         "John and Mary are teachers" : 0.046932311522435
         "John and Mary are doctors" : 0.046932311522435
         "John or Mary is a doctor and a teacher" : 0.03844776478197857
         "John or Mary is a teacher" : 0.013905870080721474
         "John is a doctor or a teacher" : 0.013905870080721474
         "John or Mary is a doctor" : 0.013905870080721474
         "Mary is a teacher" : 0.010689530896351615
         "Mary is a doctor" : 0.010689530896351615
         "Mary is not a doctor" : 0.007918999258557448
         "Mary is not a teacher" : 0.007918999258557448
         "John and Mary are doctors or teachers" : 0.007631703310311726
         "Mary is a doctor and a teacher" : 0.005866538940304378
         "Mary is a doctor or a teacher" : 0.0058665389403043675
         "Mary is not a doctor or a teacher" : 0.004346038939316297
         "Mary is not a doctor and a teacher" : 0.004346038939316297
         "John or Mary is a doctor or a teacher" : 0.003907432094879606
         "John or Mary is not a doctor" : 0.0012877152412789025
         "John or Mary is not a teacher" : 0.0012877152412789025
         "John or Mary is not a doctor and a teacher" : 0.0012212002512970355
         "John or Mary is not a doctor or a teacher" : 0.00044504382335897773,
    learnedResult: 
     Marginal:
         "John is a doctor" : 0.06346852770443616
         "John is a teacher" : 0.06346852770443616
         "Mary is a doctor" : 0.05938908364182071
         "Mary is a teacher" : 0.05938908364182071
         "Mary is not a teacher" : 0.043996515271451264
         "Mary is not a doctor" : 0.043996515271451264
         "John is not a doctor" : 0.04341053990873956
         "John is not a teacher" : 0.04341053990873954
         "John is a doctor and a teacher" : 0.03308079926959824
         "John and Mary are teachers" : 0.0328883794580383
         "John and Mary are doctors" : 0.032888379458038255
         "John is a doctor or a teacher" : 0.03261813042891932
         "John or Mary is a doctor" : 0.03259509623000132
         "John or Mary is a teacher" : 0.03259509623000128
         "Mary is a doctor or a teacher" : 0.03259342015959257
         "Mary is a doctor and a teacher" : 0.03259342015959257
         "Mary is not a doctor and a teacher" : 0.02414579952856101
         "Mary is not a doctor or a teacher" : 0.024145799528561
         "John or Mary is not a teacher" : 0.024145616965086263
         "John or Mary is not a doctor" : 0.024145616965086263
         "John is not a doctor or a teacher" : 0.02414190763461167
         "John and Mary are not teachers" : 0.0241116001775591
         "John and Mary are not doctors" : 0.02411160017755907
         "John is not a doctor and a teacher" : 0.02408242554070307
         "John and Mary are doctors and teachers" : 0.017920497424141115
         "John and Mary are doctors or teachers" : 0.01788958876207493
         "John or Mary is a doctor and a teacher" : 0.017887827089561496
         "John or Mary is a doctor or a teacher" : 0.017887659128035215
         "John or Mary is not a doctor or a teacher" : 0.013251494562593684
         "John or Mary is not a doctor and a teacher" : 0.013251475806317107
         "John and Mary are not doctors or teachers" : 0.013251273718514058
         "John and Mary are not doctors and teachers" : 0.013247762544357517,
    KLDivergence: 1.3702729690886268 },
  { query: [ 'What isn\'t John', [Object] ],
    trueResult: 
     Marginal:
         "John is a doctor and a teacher" : 0.37545849217947985
         "John and Mary are doctors and teachers" : 0.20605598937841657
         "John is a doctor" : 0.08551624717081296
         "John is a teacher" : 0.08551624717081296
         "John and Mary are teachers" : 0.046932311522435
         "John and Mary are doctors" : 0.046932311522435
         "John or Mary is a doctor and a teacher" : 0.03844776478197857
         "John or Mary is a teacher" : 0.013905870080721474
         "John is a doctor or a teacher" : 0.013905870080721474
         "John or Mary is a doctor" : 0.013905870080721474
         "Mary is a teacher" : 0.010689530896351615
         "Mary is a doctor" : 0.010689530896351615
         "Mary is not a doctor" : 0.007918999258557448
         "Mary is not a teacher" : 0.007918999258557448
         "John and Mary are doctors or teachers" : 0.007631703310311726
         "Mary is a doctor and a teacher" : 0.005866538940304378
         "Mary is a doctor or a teacher" : 0.0058665389403043675
         "Mary is not a doctor or a teacher" : 0.004346038939316297
         "Mary is not a doctor and a teacher" : 0.004346038939316297
         "John or Mary is a doctor or a teacher" : 0.003907432094879606
         "John or Mary is not a doctor" : 0.0012877152412789025
         "John or Mary is not a teacher" : 0.0012877152412789025
         "John or Mary is not a doctor and a teacher" : 0.0012212002512970355
         "John or Mary is not a doctor or a teacher" : 0.00044504382335897773,
    learnedResult: 
     Marginal:
         "John is a doctor" : 0.06346852770443616
         "John is a teacher" : 0.06346852770443616
         "Mary is a doctor" : 0.05938908364182071
         "Mary is a teacher" : 0.05938908364182071
         "Mary is not a teacher" : 0.043996515271451264
         "Mary is not a doctor" : 0.043996515271451264
         "John is not a doctor" : 0.04341053990873956
         "John is not a teacher" : 0.04341053990873954
         "John is a doctor and a teacher" : 0.03308079926959824
         "John and Mary are teachers" : 0.0328883794580383
         "John and Mary are doctors" : 0.032888379458038255
         "John is a doctor or a teacher" : 0.03261813042891932
         "John or Mary is a doctor" : 0.03259509623000132
         "John or Mary is a teacher" : 0.03259509623000128
         "Mary is a doctor or a teacher" : 0.03259342015959257
         "Mary is a doctor and a teacher" : 0.03259342015959257
         "Mary is not a doctor and a teacher" : 0.02414579952856101
         "Mary is not a doctor or a teacher" : 0.024145799528561
         "John or Mary is not a teacher" : 0.024145616965086263
         "John or Mary is not a doctor" : 0.024145616965086263
         "John is not a doctor or a teacher" : 0.02414190763461167
         "John and Mary are not teachers" : 0.0241116001775591
         "John and Mary are not doctors" : 0.02411160017755907
         "John is not a doctor and a teacher" : 0.02408242554070307
         "John and Mary are doctors and teachers" : 0.017920497424141115
         "John and Mary are doctors or teachers" : 0.01788958876207493
         "John or Mary is a doctor and a teacher" : 0.017887827089561496
         "John or Mary is a doctor or a teacher" : 0.017887659128035215
         "John or Mary is not a doctor or a teacher" : 0.013251494562593684
         "John or Mary is not a doctor and a teacher" : 0.013251475806317107
         "John and Mary are not doctors or teachers" : 0.013251273718514058
         "John and Mary are not doctors and teachers" : 0.013247762544357517,
    KLDivergence: 1.3702729690886268 } ]
