L2 norm of gradient: 0.03668736502895338
Iteration 0: -864.8011644740548
L2 norm of gradient: 4.628218898503638
Iteration 1: -894.3153422969051
L2 norm of gradient: 6.543076607653277
Iteration 2: -932.1960416218083
L2 norm of gradient: 0.6711893393018767
Iteration 3: -856.3202759467305
L2 norm of gradient: 0.058943494930417686
Iteration 4: -864.8020757848687
L2 norm of gradient: 0.9579334346832844
Iteration 5: -794.2694052516908
L2 norm of gradient: 4.48469560036843
Iteration 6: -919.2519297476722
L2 norm of gradient: 4.615589857976655
Iteration 7: -903.9133909210873
L2 norm of gradient: 6.733228731436552
Iteration 8: -808.025945812748
L2 norm of gradient: 0.3554038468058295
Iteration 9: -913.0324845792632
L2 norm of gradient: 0.9856470488512734
Iteration 10: -884.6413469591837
L2 norm of gradient: 1.0245312178027968
Iteration 11: -918.2024314461347
L2 norm of gradient: 0.48195205906648997
Iteration 12: -884.3366025474086
L2 norm of gradient: 6.865993702439642
Iteration 13: -874.3013122377104
L2 norm of gradient: 0.32722352046771097
Iteration 14: -808.086552127144
L2 norm of gradient: 6.9586485095471895
Iteration 15: -817.5695837267017
L2 norm of gradient: 7.516968615996307
Iteration 16: -822.9359068089361
L2 norm of gradient: 14.030621472712188
Iteration 17: -932.1456420333517
L2 norm of gradient: 0.31766655666152094
Iteration 18: -836.2270465075136
L2 norm of gradient: 7.128123988374851
Iteration 19: -893.4307620301998
L2 norm of gradient: 4.117196305313459
Iteration 20: -822.3985780102292
L2 norm of gradient: 11.59195360855718
Iteration 21: -870.8731160331297
L2 norm of gradient: 0.09825954143104361
Iteration 22: -835.9970508630142
L2 norm of gradient: 1.0923534926359246
Iteration 23: -1014.1888363183418
L2 norm of gradient: 0.10158729419500084
Iteration 24: -990.0453399605267
L2 norm of gradient: 3.9454902122053808
Iteration 25: -847.1771060877652
L2 norm of gradient: 1.0995825515247644
Iteration 26: -975.7863857109413
L2 norm of gradient: 4.3378501128668345
Iteration 27: -913.2297047963398
L2 norm of gradient: 0.378585422330209
Iteration 28: -788.8850603512526
L2 norm of gradient: 4.501136244612754
Iteration 29: -942.7000179601248
L2 norm of gradient: 6.775661541031834
Iteration 30: -928.0934507933894
L2 norm of gradient: 1.041512546102369
Iteration 31: -837.3090562859292
L2 norm of gradient: 0.6675485179797955
Iteration 32: -871.3995175589779
L2 norm of gradient: 3.9618218235572846
Iteration 33: -889.5401918512176
L2 norm of gradient: 13.494994711464347
Iteration 34: -921.5347693205515
L2 norm of gradient: 0.024081590973737122
Iteration 35: -864.8018715677889
L2 norm of gradient: 3.9136818457631035
Iteration 36: -831.9278920425855
L2 norm of gradient: 0.07397167183045464
Iteration 37: -864.8007932799497
L2 norm of gradient: 6.377723221294709
Iteration 38: -804.1961217689184
L2 norm of gradient: 1.3220109064799832
Iteration 39: -860.7770673697194
L2 norm of gradient: 10.135514084258304
Iteration 40: -885.3145310742417
L2 norm of gradient: 0.35573151176760937
Iteration 41: -855.4169696089461
L2 norm of gradient: 7.966964300523382
Iteration 42: -941.4339506751032
L2 norm of gradient: 0.3303495633538121
Iteration 43: -855.4201174580479
L2 norm of gradient: 7.296620393816775
Iteration 44: -855.0431970603515
L2 norm of gradient: 0.9869492643335535
Iteration 45: -909.2291719381814
L2 norm of gradient: 1.184974456691182
Iteration 46: -889.3564446837154
L2 norm of gradient: 4.163731268308705
Iteration 47: -836.3507378815958
L2 norm of gradient: 8.139474266361638
Iteration 48: -931.5496045679405
L2 norm of gradient: 0.32538320725187053
Iteration 49: -845.812571779219
L2 norm of gradient: 0.5503843673949426
Iteration 50: -761.3188671062891
L2 norm of gradient: 17.121796758649875
Iteration 51: -936.6173891381552
L2 norm of gradient: 1.1883823796407094
Iteration 52: -889.3556690377827
L2 norm of gradient: 9.655654250218582
Iteration 53: -951.1654792053064
L2 norm of gradient: 0.01400432236904407
Iteration 54: -778.3998214205927
L2 norm of gradient: 2.359995808151752
Iteration 55: -942.6977233277657
L2 norm of gradient: 0.02034093642497317
Iteration 56: -884.0010204314763
L2 norm of gradient: 2.1847933706997904
Iteration 57: -923.8449807261475
L2 norm of gradient: 0.35639389154465956
Iteration 58: -827.2809530786436
L2 norm of gradient: 1.242540328210358
Iteration 59: -818.4025925132465
L2 norm of gradient: 9.432139210067682
Iteration 60: -946.7858068859273
L2 norm of gradient: 4.120776984870419
Iteration 61: -903.969316379893
L2 norm of gradient: 1.3696712391930286
Iteration 62: -918.3716452390595
L2 norm of gradient: 1.0676697934458028
Iteration 63: -966.3653873060191
L2 norm of gradient: 8.787544203027997
Iteration 64: -902.7740668153874
L2 norm of gradient: 9.904128170254793
Iteration 65: -865.9423392080064
L2 norm of gradient: 0.027746834179191382
Iteration 66: -884.4445140460914
L2 norm of gradient: 0.17481281978489513
Iteration 67: -893.5910827924823
L2 norm of gradient: 0.003975092055996361
Iteration 68: -893.6003792115035
L2 norm of gradient: 0.4438198690654578
Iteration 69: -845.8173321299942
L2 norm of gradient: 0.5010674326704052
Iteration 70: -932.3632732229072
L2 norm of gradient: 5.65799444490221
Iteration 71: -989.9989821310252
L2 norm of gradient: 9.794588872209992
Iteration 72: -923.4569911350939
L2 norm of gradient: 0.7315984420059625
Iteration 73: -922.8357802125281
L2 norm of gradient: 6.6306836080136025
Iteration 74: -932.1889274514855
L2 norm of gradient: 0.07867240587243474
Iteration 75: -855.2072811658857
L2 norm of gradient: 0.33498878284013955
Iteration 76: -836.2182470006013
L2 norm of gradient: 4.219698485601129
Iteration 77: -894.600097853146
L2 norm of gradient: 9.229119840830698
Iteration 78: -873.6146694064754
L2 norm of gradient: 9.31907284513752
Iteration 79: -908.1907510343667
L2 norm of gradient: 2.1355171758018905
Iteration 80: -942.666488930967
L2 norm of gradient: 0.16461615592936849
Iteration 81: -817.8906002483619
L2 norm of gradient: 14.29221947054633
Iteration 82: -761.9666126110089
L2 norm of gradient: 1.416651768997484
Iteration 83: -889.5757437028203
L2 norm of gradient: 8.450484944366393
Iteration 84: -894.9320165413172
L2 norm of gradient: 0.3452472240025352
Iteration 85: -874.6132468623601
L2 norm of gradient: 4.190480169698987
Iteration 86: -913.0829280061912
L2 norm of gradient: 0.07689662902453008
Iteration 87: -741.1060931287503
L2 norm of gradient: 0.3828211314018618
Iteration 88: -961.0352199129818
L2 norm of gradient: 0.47081754408338994
Iteration 89: -941.9673609079174
L2 norm of gradient: 1.1354530217049137
Iteration 90: -790.1658515245209
L2 norm of gradient: 3.9162648316911923
Iteration 91: -928.0043759029013
L2 norm of gradient: 0.3744426172979245
Iteration 92: -903.410886899222
L2 norm of gradient: 1.1196411419915342
Iteration 93: -871.0009204115518
L2 norm of gradient: 9.562264592511362
Iteration 94: -883.5595129057343
L2 norm of gradient: 0.5296094206408574
Iteration 95: -875.4323386878533
L2 norm of gradient: 1.2665167407362536
Iteration 96: -956.986323019094
L2 norm of gradient: 2.236912105876531
Iteration 97: -875.4471081555605
L2 norm of gradient: 8.569568736312196
Iteration 98: -883.0062799625723
L2 norm of gradient: 5.522333693423835
Iteration 99: -855.2201354181218
L2 norm of gradient: 0.05946863347679756
Iteration 100: -903.2037382339664
L2 norm of gradient: 4.323453559275488
Iteration 101: -865.2347815129997
L2 norm of gradient: 4.284453995648194
Iteration 102: -913.0212601897358
L2 norm of gradient: 9.914999188139829
Iteration 103: -950.4381273239418
L2 norm of gradient: 0.018937732838497468
Iteration 104: -826.3993166659633
L2 norm of gradient: 1.1613779352486107
Iteration 105: -899.3537347007956
L2 norm of gradient: 1.116926920016982
Iteration 106: -918.3342920017722
L2 norm of gradient: 0.8669830726647889
Iteration 107: -827.6864294809377
L2 norm of gradient: 1.5226454872536315
Iteration 108: -831.6688138932725
L2 norm of gradient: 0.03792199890552078
Iteration 109: -874.4038636929049
L2 norm of gradient: 1.5543177511522437
Iteration 110: -899.0802929613521
L2 norm of gradient: 1.3138616636986438
Iteration 111: -860.4873828365326
L2 norm of gradient: 0.03526346693977127
Iteration 112: -951.1969783227247
L2 norm of gradient: 7.922316790245542
Iteration 113: -889.4043657699641
L2 norm of gradient: 10.69336431452025
Iteration 114: -822.2562428330534
L2 norm of gradient: 11.139287891691662
Iteration 115: -926.5956070068712
L2 norm of gradient: 4.081493756430702
Iteration 116: -879.9063587822948
L2 norm of gradient: 11.270223806565358
Iteration 117: -907.3512099522884
L2 norm of gradient: 0.3731389776930628
Iteration 118: -884.2073710483496
L2 norm of gradient: 0.6532520917324698
Iteration 119: -779.4569055783018
L2 norm of gradient: 0.76258667035542
Iteration 120: -837.1419574016842
L2 norm of gradient: 0.3729963856927836
Iteration 121: -864.9994288690451
L2 norm of gradient: 10.834384410966791
Iteration 122: -882.7055427388373
L2 norm of gradient: 10.761637020383441
Iteration 123: -892.7660613340065
L2 norm of gradient: 0.10666064289431719
Iteration 124: -864.7950655952927
L2 norm of gradient: 0.6167992839059813
Iteration 125: -817.8556688814579
L2 norm of gradient: 1.3407870761738947
Iteration 126: -847.2842983518655
L2 norm of gradient: 22.23003199997191
Iteration 127: -910.4327359980954
L2 norm of gradient: 0.4181264079794249
Iteration 128: -845.8474893975208
L2 norm of gradient: 0.389088659149975
Iteration 129: -884.206107200547
L2 norm of gradient: 4.4858935858994196
Iteration 130: -903.3410902587
L2 norm of gradient: 11.352780525845667
Iteration 131: -959.7522140182903
L2 norm of gradient: 17.369306145352176
Iteration 132: -940.4130109000275
L2 norm of gradient: 1.2323619031417634
Iteration 133: -803.764249228122
L2 norm of gradient: 0.3845520015576575
Iteration 134: -865.0050797550313
L2 norm of gradient: 2.4865266707447544
Iteration 135: -865.7397908052537
L2 norm of gradient: 0.07346862832846625
Iteration 136: -932.4437370257928
L2 norm of gradient: 0.44463396891252616
Iteration 137: -951.5788243002922
L2 norm of gradient: 10.230845392943282
Iteration 138: -804.4330422596698
L2 norm of gradient: 9.381591903218311
Iteration 139: -808.488825565494
L2 norm of gradient: 0.3843040136047849
Iteration 140: -990.2499093088742
L2 norm of gradient: 13.270564748881826
Iteration 141: -983.4216397260033
L2 norm of gradient: 0.4091691103066282
Iteration 142: -894.2907277270856
L2 norm of gradient: 9.001509955333239
Iteration 143: -870.9732004099586
L2 norm of gradient: 1.507044475268427
Iteration 144: -908.4161951275943
L2 norm of gradient: 2.6438719001518307
Iteration 145: -838.3012165570453
L2 norm of gradient: 4.7017922463605615
Iteration 146: -913.1173108649712
L2 norm of gradient: 1.3699334324973722
Iteration 147: -919.4136749497292
L2 norm of gradient: 0.015304208981771027
Iteration 148: -931.9991502988621
L2 norm of gradient: 0.406886925069812
Iteration 149: -874.6403818353143
L2 norm of gradient: 1.4252034910298774
Iteration 150: -918.0784080965337
L2 norm of gradient: 13.271753580991788
Iteration 151: -815.9115525719047
L2 norm of gradient: 9.49700015034072
Iteration 152: -918.0194336598299
L2 norm of gradient: 4.833743420616241
Iteration 153: -751.5799668753784
L2 norm of gradient: 11.63122068563945
Iteration 154: -964.7218727379473
L2 norm of gradient: 4.776929269897876
Iteration 155: -855.465706725167
L2 norm of gradient: 0.14681526686666277
Iteration 156: -883.9904456625326
L2 norm of gradient: 0.06399088822911683
Iteration 157: -845.594450536229
L2 norm of gradient: 0.43327294934123056
Iteration 158: -903.3933188137614
L2 norm of gradient: 6.398244583512244
Iteration 159: -956.36995633702
L2 norm of gradient: 0.41653702062244846
Iteration 160: -874.5992122053334
L2 norm of gradient: 0.07138159491391376
Iteration 161: -855.1958077644974
L2 norm of gradient: 0.4209828859294963
Iteration 162: -951.4505823962695
L2 norm of gradient: 5.995709259399433
Iteration 163: -927.870784858476
L2 norm of gradient: 14.483224507038416
Iteration 164: -886.9141838045767
L2 norm of gradient: 13.29731543287049
Iteration 165: -881.9434155071868
L2 norm of gradient: 1.3467198470523076
Iteration 166: -879.8425808969716
L2 norm of gradient: 0.045892258172864055
Iteration 167: -893.5999193529643
L2 norm of gradient: 0.5626522190275929
Iteration 168: -885.2307418933515
L2 norm of gradient: 0.12495024741434406
Iteration 169: -903.6392364643641
L2 norm of gradient: 1.4948327441245401
Iteration 170: -956.9073970338318
L2 norm of gradient: 5.0695995948681984
Iteration 171: -913.1854154199481
L2 norm of gradient: 0.026429088036922368
Iteration 172: -855.2020540983324
L2 norm of gradient: 0.8144291322764394
Iteration 173: -817.9071923321164
L2 norm of gradient: 12.67388368282069
Iteration 174: -887.1173469284686
L2 norm of gradient: 13.788578766120896
Iteration 175: -900.6794383165015
L2 norm of gradient: 5.257250541062742
Iteration 176: -922.5077756170754
L2 norm of gradient: 15.208659682961544
Iteration 177: -958.4949551266603
L2 norm of gradient: 0.09370673397999016
Iteration 178: -913.2507802938431
L2 norm of gradient: 14.198432496414657
Iteration 179: -948.5351688857689
L2 norm of gradient: 0.7310824752437604
Iteration 180: -894.2412161295711
L2 norm of gradient: 0.2750016102332362
Iteration 181: -874.3962018730473
L2 norm of gradient: 2.74790762616566
Iteration 182: -971.5747276328084
L2 norm of gradient: 11.869407411984374
Iteration 183: -852.9110830231161
L2 norm of gradient: 0.3095117284777924
Iteration 184: -874.3904537982512
L2 norm of gradient: 13.368220219769182
Iteration 185: -881.5150834182972
L2 norm of gradient: 0.21312986862370273
Iteration 186: -912.7772399308287
L2 norm of gradient: 12.16514520127609
Iteration 187: -824.0114605985252
L2 norm of gradient: 1.6866718989822118
Iteration 188: -870.3669700974746
L2 norm of gradient: 16.907498097489924
Iteration 189: -809.8499619543265
L2 norm of gradient: 0.021149289901132944
Iteration 190: -941.5986692441209
L2 norm of gradient: 15.785639130310866
Iteration 191: -887.1196337651179
L2 norm of gradient: 12.014220397353908
Iteration 192: -958.510562876924
L2 norm of gradient: 0.6118034679343457
Iteration 193: -846.8266824044114
L2 norm of gradient: 16.572367913355148
Iteration 194: -876.3258060860992
L2 norm of gradient: 16.234249141040525
Iteration 195: -881.0635214478532
L2 norm of gradient: 15.745041327443637
Iteration 196: -843.0308856842871
L2 norm of gradient: 1.6300275538643123
Iteration 197: -917.9981323483466
L2 norm of gradient: 0.5339909562447883
Iteration 198: -903.4713754847576
L2 norm of gradient: 1.5328996584160512
Iteration 199: -889.7651903837683
L2 norm of gradient: 0.45266715300416477
Iteration 200: -893.8626620767172
L2 norm of gradient: 11.014110441541119
Iteration 201: -851.2722787931352
L2 norm of gradient: 0.2952301694228935
Iteration 202: -884.0070717901812
L2 norm of gradient: 0.45777941866047034
Iteration 203: -827.3124603944403
L2 norm of gradient: 0.007668536672308459
Iteration 204: -864.7999479003289
L2 norm of gradient: 16.933769500130335
Iteration 205: -890.0557092165384
L2 norm of gradient: 1.1027057415281267
Iteration 206: -922.8367869985108
L2 norm of gradient: 1.008671794804283
Iteration 207: -847.237968413069
L2 norm of gradient: 27.039097143409265
Iteration 208: -912.7382560719446
L2 norm of gradient: 0.4607098118830758
Iteration 209: -874.5820500050121
L2 norm of gradient: 5.961306927303079
Iteration 210: -912.4802098509983
L2 norm of gradient: 0.3805598115316565
Iteration 211: -894.9106161661086
L2 norm of gradient: 0.3480550612074822
Iteration 212: -903.3898093429559
L2 norm of gradient: 0.5562511580528576
Iteration 213: -845.8656692393912
L2 norm of gradient: 2.9410719587482124
Iteration 214: -879.5130379346476
L2 norm of gradient: 1.3153000960610688
Iteration 215: -803.9433066533895
L2 norm of gradient: 0.74012126352237
Iteration 216: -893.9794657038835
L2 norm of gradient: 0.08745715376457629
Iteration 217: -893.5914248325503
L2 norm of gradient: 1.0125649050235863
Iteration 218: -924.1321796710413
L2 norm of gradient: 17.477553525073265
Iteration 219: -898.9555679588385
L2 norm of gradient: 2.2637831144129135
Iteration 220: -898.7836114998162
L2 norm of gradient: 1.8039149619827013
Iteration 221: -850.7333118663562
L2 norm of gradient: 5.936364880949661
Iteration 222: -894.1012606387054
L2 norm of gradient: 0.06688515708803057
Iteration 223: -912.805401152427
L2 norm of gradient: 2.298802524100799
Iteration 224: -889.1631838801834
L2 norm of gradient: 0.1602753895672004
Iteration 225: -837.1055636874519
L2 norm of gradient: 20.83731591248939
Iteration 226: -937.4471378731686
L2 norm of gradient: 0.2414761881419592
Iteration 227: -912.7681980994099
L2 norm of gradient: 11.08857332589414
Iteration 228: -854.7278090139155
L2 norm of gradient: 18.062140574425303
Iteration 229: -793.6876234565865
L2 norm of gradient: 0.30708388923446783
Iteration 230: -855.385906977456
L2 norm of gradient: 14.363412505586073
Iteration 231: -851.5555209593313
L2 norm of gradient: 2.4723648779839538
Iteration 232: -928.0510954034385
L2 norm of gradient: 0.056135931130659095
Iteration 233: -903.1968316051865
L2 norm of gradient: 6.5822359999246665
Iteration 234: -888.4308281640115
L2 norm of gradient: 1.842974940046713
Iteration 235: -889.0951212948842
L2 norm of gradient: 2.112558868890518
Iteration 236: -850.9553651626406
L2 norm of gradient: 0.706606115619532
Iteration 237: -922.6476926278367
L2 norm of gradient: 0.09763608347869983
Iteration 238: -731.5144287759476
L2 norm of gradient: 0.6960906571205676
Iteration 239: -903.5699021402208
L2 norm of gradient: 0.2389551726194531
Iteration 240: -874.3708833711956
L2 norm of gradient: 2.1165875252460027
Iteration 241: -956.5313901734645
L2 norm of gradient: 0.1640662941372078
Iteration 242: -903.2047219371738
L2 norm of gradient: 0.8642792619132815
Iteration 243: -932.3354733574197
L2 norm of gradient: 1.9908099610762549
Iteration 244: -927.4419601368132
L2 norm of gradient: 16.6949634802511
Iteration 245: -1009.7693481929183
L2 norm of gradient: 3.8714596772823993
Iteration 246: -865.3181929078901
L2 norm of gradient: 2.1586172556422913
Iteration 247: -870.1854282389828
L2 norm of gradient: 0.45059750890447314
Iteration 248: -740.8447636678803
L2 norm of gradient: 17.4042975526364
Iteration 249: -904.4318858073626
L2 norm of gradient: 4.076372522465095
Iteration 250: -903.9116785096952
L2 norm of gradient: 19.009712877054564
Iteration 251: -926.7772597051525
L2 norm of gradient: 0.676201198466347
Iteration 252: -845.8575051671078
L2 norm of gradient: 2.2801193499406804
Iteration 253: -908.1849294369349
L2 norm of gradient: 0.5717448568498067
Iteration 254: -864.9651010028213
L2 norm of gradient: 2.726371790976011
Iteration 255: -937.3139407103014
L2 norm of gradient: 0.19977430074975464
Iteration 256: -912.8094424817205
L2 norm of gradient: 24.574948836306202
Iteration 257: -825.4166304854095
L2 norm of gradient: 0.36742935109614516
Iteration 258: -826.3446466483003
L2 norm of gradient: 22.876487851687024
Iteration 259: -964.8364994923127
L2 norm of gradient: 21.4760401862054
Iteration 260: -911.7552257863887
L2 norm of gradient: 1.4764107687587975
Iteration 261: -837.2634949144123
L2 norm of gradient: 1.0144290869611694
Iteration 262: -903.5383937024872
L2 norm of gradient: 22.164243455245305
Iteration 263: -816.329858283654
L2 norm of gradient: 1.530796794935001
Iteration 264: -865.9108357604458
L2 norm of gradient: 0.09101475291023914
Iteration 265: -893.5995923319249
L2 norm of gradient: 0.7380852614912558
Iteration 266: -893.4873904467355
L2 norm of gradient: 6.674021487499561
Iteration 267: -921.860899385659
L2 norm of gradient: 0.5613385741300785
Iteration 268: -835.9203115277772
L2 norm of gradient: 2.5342978925719226
Iteration 269: -879.7096849174478
L2 norm of gradient: 21.772063138843457
Iteration 270: -983.2419163507848
L2 norm of gradient: 20.82878081019777
Iteration 271: -877.376535140972
L2 norm of gradient: 1.0890727677564893
Iteration 272: -865.3388980931545
L2 norm of gradient: 21.43407297727356
Iteration 273: -864.483876155476
L2 norm of gradient: 20.678940519856145
Iteration 274: -945.1459639780277
L2 norm of gradient: 0.1821043606927126
Iteration 275: -874.3839189161212
L2 norm of gradient: 20.334174534569904
Iteration 276: -849.8715866062593
L2 norm of gradient: 13.546568443318893
Iteration 277: -892.735841827676
L2 norm of gradient: 25.587572874989114
Iteration 278: -885.9463473448213
L2 norm of gradient: 16.438163499757103
Iteration 279: -879.0333435598906
L2 norm of gradient: 21.68862873169988
Iteration 280: -876.6170485365733
L2 norm of gradient: 0.012268128735535537
Iteration 281: -912.8008374580694
L2 norm of gradient: 0.6684584704362163
Iteration 282: -903.4922490570443
L2 norm of gradient: 67.45534931267908
Iteration 283: -885.4191866234878
L2 norm of gradient: 7.257408214157733
Iteration 284: -854.5307584114983
L2 norm of gradient: 0.9745030325772694
Iteration 285: -884.5510715867629
L2 norm of gradient: 7.222776379937752
Iteration 286: -831.9901291269935
L2 norm of gradient: 22.419427675929956
Iteration 287: -875.9290044444189
L2 norm of gradient: 22.790613197163864
Iteration 288: -876.0485947540519
L2 norm of gradient: 2.3880133534339207
Iteration 289: -984.7028489840037
L2 norm of gradient: 23.93915364881914
Iteration 290: -894.2693812891828
L2 norm of gradient: 2.143228449537175
Iteration 291: -927.4018385167583
L2 norm of gradient: 0.3145907087071649
Iteration 292: -798.6711693168943
L2 norm of gradient: 25.18428278113087
Iteration 293: -908.7458636063355
L2 norm of gradient: 2.3057333499743735
Iteration 294: -859.9989657929533
L2 norm of gradient: 0.3512531218763148
Iteration 295: -845.6186995846147
L2 norm of gradient: 0.582301572915324
Iteration 296: -864.9584859191176
L2 norm of gradient: 3.39613913667664
Iteration 297: -892.9971912116123
L2 norm of gradient: 2.4188460072627413
Iteration 298: -793.7522257902301
L2 norm of gradient: 2.456850703992285
Iteration 299: -879.1687464839831
L2 norm of gradient: 25.37454662451523
Iteration 300: -816.229000437507
L2 norm of gradient: 1.4109961006723255
Iteration 301: -847.2142183064109
L2 norm of gradient: 8.086319260829333
Iteration 302: -864.5179594053805
L2 norm of gradient: 0.9638496027041306
Iteration 303: -851.9810044193739
L2 norm of gradient: 3.7065688928714136
Iteration 304: -936.556907899609
L2 norm of gradient: 15.205473139737496
Iteration 305: -843.4978429993264
L2 norm of gradient: 7.808664939962753
Iteration 306: -892.9656807600273
L2 norm of gradient: 22.64996362161858
Iteration 307: -828.1092824604799
L2 norm of gradient: 24.300222321372246
Iteration 308: -845.4433175439065
L2 norm of gradient: 5.57540831517276
Iteration 309: -893.7031983049534
L2 norm of gradient: 4.691058300041624
Iteration 310: -1018.9620594890604
L2 norm of gradient: 0.5075445728494216
Iteration 311: -837.3105445943809
L2 norm of gradient: 0.7330291297631831
Iteration 312: -884.1379007028347
L2 norm of gradient: 2.9309245741598544
Iteration 313: -961.0011794173562
L2 norm of gradient: 8.046347020348687
Iteration 314: -906.6476737737117
L2 norm of gradient: 11.728056428875746
Iteration 315: -741.7179437125747
L2 norm of gradient: 1.0759805547482073
Iteration 316: -884.3607223433038
L2 norm of gradient: 8.73916497067714
Iteration 317: -873.1609191000977
L2 norm of gradient: 24.60891527186464
Iteration 318: -788.2738718193265
L2 norm of gradient: 2.7619840875800343
Iteration 319: -755.2887552072948
L2 norm of gradient: 2.761140868573658
Iteration 320: -965.3334440742444
L2 norm of gradient: 0.35218679670711683
Iteration 321: -874.3400849204218
L2 norm of gradient: 8.934297458663053
Iteration 322: -930.6404951704282
L2 norm of gradient: 27.732792559019266
Iteration 323: -902.2586404697872
L2 norm of gradient: 0.6649430315254776
Iteration 324: -779.2285676553515
L2 norm of gradient: 5.461140436572121
Iteration 325: -873.9797457858512
L2 norm of gradient: 27.065955091872144
Iteration 326: -929.5715268394237
L2 norm of gradient: 25.56361922243136
Iteration 327: -959.583985173942
L2 norm of gradient: 27.294805346316217
Iteration 328: -881.5369122300683
L2 norm of gradient: 5.840776304741617
Iteration 329: -922.3042135329983
L2 norm of gradient: 2.600440397031904
Iteration 330: -878.8616826258043
L2 norm of gradient: 0.29126382298261094
Iteration 331: -874.3771515243648
L2 norm of gradient: 0.053321536287502816
Iteration 332: -912.8062626825532
L2 norm of gradient: 19.291696664360018
Iteration 333: -905.4168091075019
L2 norm of gradient: 0.5412031353824388
Iteration 334: -855.0916373844708
L2 norm of gradient: 2.421955089547643
Iteration 335: -859.8643466531039
L2 norm of gradient: 7.356108793303018
Iteration 336: -922.2557915987084
L2 norm of gradient: 2.7437377138066363
Iteration 337: -831.3915007929356
L2 norm of gradient: 3.403587594821443
Iteration 338: -941.4645993191027
L2 norm of gradient: 0.6991408280045713
Iteration 339: -951.100552817551
L2 norm of gradient: 40.54914995637935
Iteration 340: -916.3005461592458
L2 norm of gradient: 0.9332378407214291
Iteration 341: -864.9009338643217
L2 norm of gradient: 1.198648217953311
Iteration 342: -837.6526671265844
L2 norm of gradient: 2.7843161200753297
Iteration 343: -754.9662998060248
L2 norm of gradient: 0.03918995425833576
Iteration 344: -845.5969588318483
L2 norm of gradient: 0.4818966409993626
Iteration 345: -789.3689408654285
L2 norm of gradient: 0.32166522782393114
Iteration 346: -893.5730655595448
L2 norm of gradient: 2.3290114085901497
Iteration 347: -837.447350724849
L2 norm of gradient: 19.710769184709843
Iteration 348: -906.6756608494499
L2 norm of gradient: 0.389487638367169
Iteration 349: -789.1042009545239
L2 norm of gradient: 10.113031438934296
Iteration 350: -998.2443291787058
L2 norm of gradient: 2.7217038059003547
Iteration 351: -830.9766114578812
L2 norm of gradient: 29.111316197752032
Iteration 352: -904.837381249632
L2 norm of gradient: 3.419844196399045
Iteration 353: -808.0014943744848
L2 norm of gradient: 27.268283084451905
Iteration 354: -871.7192503434505
L2 norm of gradient: 2.4326216190935464
Iteration 355: -879.1811505643439
L2 norm of gradient: 0.41970262930780255
Iteration 356: -845.5538730490283
L2 norm of gradient: 3.8829621805969015
Iteration 357: -941.6138974841787
L2 norm of gradient: 10.279489614280546
Iteration 358: -939.9090679664705
L2 norm of gradient: 13.585150562000761
Iteration 359: -891.5298681533553
L2 norm of gradient: 0.7152941299743412
Iteration 360: -817.6117839533537
L2 norm of gradient: 0.49427329976954315
Iteration 361: -913.0118019167761
L2 norm of gradient: 1.6529842609087733
Iteration 362: -913.1664553880146
L2 norm of gradient: 1.0648983589687708
Iteration 363: -837.0614081298329
L2 norm of gradient: 2.8968923348692868
Iteration 364: -899.0527467617128
L2 norm of gradient: 28.44932572820616
Iteration 365: -918.780104496661
L2 norm of gradient: 15.37536721173759
Iteration 366: -906.6994475414349
L2 norm of gradient: 4.087129069348814
Iteration 367: -907.2395532022496
L2 norm of gradient: 1.2748286209324715
Iteration 368: -837.000438732913
L2 norm of gradient: 10.905724022899163
Iteration 369: -882.0347683958627
L2 norm of gradient: 0.4879798436385704
Iteration 370: -864.7260087716907
L2 norm of gradient: 10.464727907492907
Iteration 371: -857.5825805624121
L2 norm of gradient: 3.306949484288105
Iteration 372: -831.5992499886836
L2 norm of gradient: 1.0791744577873281
Iteration 373: -845.422902174567
L2 norm of gradient: 2.4940964796144187
Iteration 374: -822.1591111392329
L2 norm of gradient: 0.5590566074141005
Iteration 375: -912.6875955016993
L2 norm of gradient: 0.9770492280906463
Iteration 376: -788.7597447043793
L2 norm of gradient: 1.4806756828082652
Iteration 377: -799.1804705376318
L2 norm of gradient: 11.425844626634532
Iteration 378: -872.0569865432535
L2 norm of gradient: 2.3902699499649507
Iteration 379: -751.2228792230245
L2 norm of gradient: 0.5020095367148728
Iteration 380: -865.349693345409
L2 norm of gradient: 3.4205821323268704
Iteration 381: -907.6298595226447
L2 norm of gradient: 0.07050844302728172
Iteration 382: -893.5909844902664
L2 norm of gradient: 1.4323133569060802
Iteration 383: -950.9032931778382
L2 norm of gradient: 1.4735713794312433
Iteration 384: -797.5138484892697
L2 norm of gradient: 12.986326517004306
Iteration 385: -936.9260552483839
L2 norm of gradient: 4.182412405747167
Iteration 386: -823.5082222184157
L2 norm of gradient: 10.907541481235922
Iteration 387: -895.8906760343473
L2 norm of gradient: 0.598345177929814
Iteration 388: -883.9437466984588
L2 norm of gradient: 2.009909007938104
Iteration 389: -883.6350574932284
L2 norm of gradient: 30.0025227915381
Iteration 390: -874.9025018809097
L2 norm of gradient: 9.316129541592232
Iteration 391: -853.7877224653222
L2 norm of gradient: 0.4799640906420453
Iteration 392: -855.241707427938
L2 norm of gradient: 0.9528439393274163
Iteration 393: -855.5239699771487
L2 norm of gradient: 24.55342282229261
Iteration 394: -823.6298946436716
L2 norm of gradient: 1.2426001527905204
Iteration 395: -856.7411654188782
L2 norm of gradient: 30.573605149250103
Iteration 396: -877.3308534189578
L2 norm of gradient: 2.929368738517054
Iteration 397: -859.5226267610715
L2 norm of gradient: 29.88913049367421
Iteration 398: -884.3560185059044
L2 norm of gradient: 0.7882343175558828
Iteration 399: -807.4923234274665
L2 norm of gradient: 2.815037696538416
Iteration 400: -946.1894238256059
L2 norm of gradient: 5.1285556092206965
Iteration 401: -913.3195107183525
L2 norm of gradient: 3.0446319643215194
Iteration 402: -965.9500594972865
L2 norm of gradient: 7.466905811599734
Iteration 403: -935.7295131164578
L2 norm of gradient: 2.6327813064159087
Iteration 404: -879.1757233350104
L2 norm of gradient: 27.480131238269006
Iteration 405: -918.5948399136859
L2 norm of gradient: 2.50268361497417
Iteration 406: -657.6689169490745
L2 norm of gradient: 0.9648857352588118
Iteration 407: -903.5658195364612
L2 norm of gradient: 12.408124257218363
Iteration 408: -912.9435524311791
L2 norm of gradient: 35.287377226015536
Iteration 409: -843.9491307575666
L2 norm of gradient: 4.794629025173025
Iteration 410: -864.0291865320443
L2 norm of gradient: 5.521600839033984
Iteration 411: -873.1170886331219
L2 norm of gradient: 28.811965101521714
Iteration 412: -751.4507396697925
L2 norm of gradient: 5.601206356481303
Iteration 413: -805.8957725407688
L2 norm of gradient: 57.02264337825126
Iteration 414: -749.5593369853227
L2 norm of gradient: 1.697531755744726
Iteration 415: -854.9391808811441
L2 norm of gradient: 1.3401811482223234
Iteration 416: -751.2308609728623
L2 norm of gradient: 0.6942652836891624
Iteration 417: -894.8242950877415
L2 norm of gradient: 38.00416815411534
Iteration 418: -811.6621760070864
L2 norm of gradient: 23.020113310812174
Iteration 419: -883.2410707448837
L2 norm of gradient: 3.627215171834643
Iteration 420: -927.1598632120172
L2 norm of gradient: 1.3044904431713251
Iteration 421: -950.9132947341716
L2 norm of gradient: 4.9030757892802495
Iteration 422: -888.5673298449481
L2 norm of gradient: 2.3222162247671583
Iteration 423: -809.1503307988384
L2 norm of gradient: 1.3655938366119729
Iteration 424: -760.8215135817196
L2 norm of gradient: 29.72823171063174
Iteration 425: -935.3245415554784
L2 norm of gradient: 2.783147451969006
Iteration 426: -869.2964699977645
L2 norm of gradient: 12.457457721910089
Iteration 427: -893.6857899533102
L2 norm of gradient: 21.64611524797123
Iteration 428: -863.0408795879503
L2 norm of gradient: 12.957675595928539
Iteration 429: -891.1164470162926
L2 norm of gradient: 7.293830848417038
Iteration 430: -950.545196503564
L2 norm of gradient: 3.2523915051348555
Iteration 431: -868.9907495758903
L2 norm of gradient: 1.4064386814862877
Iteration 432: -903.2181284195331
L2 norm of gradient: 0.6106858920973985
Iteration 433: -779.2413334868141
L2 norm of gradient: 1.9978130404039887
Iteration 434: -845.9284721594393
L2 norm of gradient: 3.7643366282964315
Iteration 435: -868.8702145259495
L2 norm of gradient: 2.0393861640948128
Iteration 436: -961.1012550142
L2 norm of gradient: 13.139714464809526
Iteration 437: -843.1820127573905
L2 norm of gradient: 3.36806801039829
Iteration 438: -820.8554107102664
L2 norm of gradient: 23.209842060783803
Iteration 439: -892.0385942340143
L2 norm of gradient: 9.12720929372582
Iteration 440: -807.5520058912167
L2 norm of gradient: 8.921478089414972
Iteration 441: -896.818981915565
L2 norm of gradient: 0.5807392665908309
Iteration 442: -874.3345879464603
L2 norm of gradient: 12.32796619132363
Iteration 443: -923.9486177491036
L2 norm of gradient: 8.376688018454724
Iteration 444: -945.1281352516819
L2 norm of gradient: 3.013881547067769
Iteration 445: -898.1014662868955
L2 norm of gradient: 8.895078175536701
Iteration 446: -954.503224509853
L2 norm of gradient: 3.2298222857005494
Iteration 447: -898.2084046481116
L2 norm of gradient: 30.234046780716323
Iteration 448: -837.7849043788265
L2 norm of gradient: 1.7718079675388814
Iteration 449: -817.8432146374207
L2 norm of gradient: 3.262555435507883
Iteration 450: -888.2432000886583
L2 norm of gradient: 6.831413339494379
Iteration 451: -892.4657508935645
L2 norm of gradient: 6.155452751904802
Iteration 452: -844.4056352227348
L2 norm of gradient: 30.156054317616974
Iteration 453: -923.9737325737112
L2 norm of gradient: 13.232962370702767
Iteration 454: -938.8081329853785
L2 norm of gradient: 2.5855903851939592
Iteration 455: -922.0439873663961
L2 norm of gradient: 1.8255437551207132
Iteration 456: -798.1192169915157
L2 norm of gradient: 9.101766658483125
Iteration 457: -876.8967599496352
L2 norm of gradient: 1.5487883111559837
Iteration 458: -874.0347257791468
L2 norm of gradient: 12.433240506862136
Iteration 459: -884.7913717514699
L2 norm of gradient: 30.524630689184953
Iteration 460: -866.7919167205287
L2 norm of gradient: 61.948358218128526
Iteration 461: -943.3062293603358
L2 norm of gradient: 10.897283327605374
Iteration 462: -906.231366203856
L2 norm of gradient: 2.4045599603858556
Iteration 463: -742.7609486763429
L2 norm of gradient: 16.947969507870035
Iteration 464: -940.9308171695758
L2 norm of gradient: 51.42046401163871
Iteration 465: -880.915522311139
L2 norm of gradient: 33.88462285146054
Iteration 466: -868.9043255709972
L2 norm of gradient: 8.385748950783773
Iteration 467: -930.5086542272394
L2 norm of gradient: 24.54645451549937
Iteration 468: -909.1110424083913
L2 norm of gradient: 0.5143083124806472
Iteration 469: -960.9498674282765
L2 norm of gradient: 1.1869232225676585
Iteration 470: -835.6611868798068
L2 norm of gradient: 1.227106033480826
Iteration 471: -874.3026388520768
L2 norm of gradient: 3.893407565924707
Iteration 472: -759.2333434409395
L2 norm of gradient: 39.05412919803369
Iteration 473: -920.4244701987054
L2 norm of gradient: 2.2483861266137954
Iteration 474: -903.8246619202275
L2 norm of gradient: 7.709286550938573
Iteration 475: -940.5857550699453
L2 norm of gradient: 43.2020059280482
Iteration 476: -914.47686413256
L2 norm of gradient: 33.553563532490486
Iteration 477: -892.4460288836726
L2 norm of gradient: 43.132074046730274
Iteration 478: -894.5530204986005
L2 norm of gradient: 7.373093119071936
Iteration 479: -892.2111566637025
L2 norm of gradient: 33.33492718160017
Iteration 480: -853.3343816244221
L2 norm of gradient: 15.64742635574712
Iteration 481: -882.5688298350092
L2 norm of gradient: 15.36724332579819
Iteration 482: -964.5532809343993
L2 norm of gradient: 2.470274718483867
Iteration 483: -809.4410688789819
L2 norm of gradient: 9.696060264039676
Iteration 484: -911.0090105281922
L2 norm of gradient: 10.460370768825166
Iteration 485: -855.3006588407632
L2 norm of gradient: 32.25015009535104
Iteration 486: -881.7401563609202
L2 norm of gradient: 66.23283679979183
Iteration 487: -866.0195517114074
L2 norm of gradient: 1.7966800488704757
Iteration 488: -836.5875334330592
L2 norm of gradient: 5.333162294075757
Iteration 489: -874.009544570302
L2 norm of gradient: 2.342803988854583
Iteration 490: -806.9164432940547
L2 norm of gradient: 10.86773870573417
Iteration 491: -866.1912784473113
L2 norm of gradient: 1.2496539641725626
Iteration 492: -788.7254316608262
L2 norm of gradient: 4.687373041532683
Iteration 493: -988.2781986633429
L2 norm of gradient: 2.414700280191763
Iteration 494: -779.1533223401394
L2 norm of gradient: 4.451328464722369
Iteration 495: -837.8165066813565
L2 norm of gradient: 4.269709310890521
Iteration 496: -935.5712817067523
L2 norm of gradient: 29.00461964770206
Iteration 497: -940.5321961432048
L2 norm of gradient: 22.913486166764738
Iteration 498: -816.6271240367773
L2 norm of gradient: 26.469686566174403
Iteration 499: -887.4011214477059
[ { query: [ 'Who is a doctor', [Object] ],
    trueResult: 
     Marginal:
         "John and Mary are doctors" : 0.380020640450514
         "John and Mary are doctors and teachers" : 0.20855974943514632
         "John is a doctor" : 0.08655534418766547
         "Mary is a doctor" : 0.08655534418766547
         "John is a doctor and a teacher" : 0.04750258005631425
         "Mary is a doctor and a teacher" : 0.04750258005631425
         "John and Mary are doctors or teachers" : 0.018309772241219994
         "John or Mary is a doctor and a teacher" : 0.01641723975145466
         "John is a doctor or a teacher" : 0.014074838535204214
         "Mary is a doctor or a teacher" : 0.014074838535204214
         "John or Mary is a doctor" : 0.014074838535204214
         "Mary is a teacher" : 0.010819418023458179
         "John is a teacher" : 0.010819418023458179
         "John is not a teacher" : 0.008015222008949992
         "Mary is not a teacher" : 0.008015222008949992
         "John and Mary are teachers" : 0.0059378225070392835
         "John or Mary is a teacher" : 0.005937822507039272
         "John and Mary are not teachers" : 0.0043988471043886965
         "John or Mary is not a teacher" : 0.0043988471043886965
         "John or Mary is a doctor or a teacher" : 0.003954910804103521
         "John is not a doctor and a teacher" : 0.0013033621050040592
         "Mary is not a doctor and a teacher" : 0.0013033621050040592
         "John or Mary is not a doctor and a teacher" : 0.0012360388998589598
         "John and Mary are not doctors and teachers" : 0.00021194082645043896,
    learnedResult: 
     Marginal:
         "John is a doctor" : 0.25224108851419214
         "Mary is a doctor" : 0.25224108851419214
         "John and Mary are doctors" : 0.037263236079818574
         "John is a teacher" : 0.03153013606427401
         "Mary is a teacher" : 0.03153013606427401
         "Mary is a doctor and a teacher" : 0.0238593358356742
         "John is a doctor and a teacher" : 0.0238593358356742
         "John is not a teacher" : 0.023358099296987955
         "Mary is not a teacher" : 0.023358099296987914
         "Mary is not a doctor" : 0.02058439249982819
         "John is not a doctor" : 0.02058439249982819
         "John or Mary is a doctor" : 0.01967504801848205
         "Mary is a doctor or a teacher" : 0.018205302213427792
         "John is a doctor or a teacher" : 0.018205302213427792
         "John or Mary is a teacher" : 0.01730410555970146
         "John and Mary are teachers" : 0.01730410555970146
         "John and Mary are not teachers" : 0.012819196691226694
         "John or Mary is not a teacher" : 0.012819196691226671
         "Mary is not a doctor or a teacher" : 0.012791728183312322
         "John is not a doctor or a teacher" : 0.0127917281833123
         "John or Mary is not a doctor" : 0.012755396229567622
         "Mary is not a doctor and a teacher" : 0.012683658367603283
         "John is not a doctor and a teacher" : 0.012683658367603283
         "John and Mary are not doctors" : 0.012397456658993498
         "John and Mary are doctors and teachers" : 0.010269292813051008
         "John and Mary are doctors or teachers" : 0.009644339447704825
         "John or Mary is a doctor and a teacher" : 0.009609069158507998
         "John or Mary is a doctor or a teacher" : 0.009518719515389672
         "John or Mary is not a doctor or a teacher" : 0.007034717642464354
         "John or Mary is not a doctor and a teacher" : 0.007032293807856078
         "John and Mary are not doctors or teachers" : 0.007031267182204201
         "John and Mary are not doctors and teachers" : 0.007015076993504396,
    KLDivergence: 1.3246145100336078 },
  { query: [ 'Who is a doctor', [Object] ],
    trueResult: 
     Marginal:
         "John and Mary are doctors" : 0.380020640450514
         "John and Mary are doctors and teachers" : 0.20855974943514632
         "John is a doctor" : 0.08655534418766547
         "Mary is a doctor" : 0.08655534418766547
         "John is a doctor and a teacher" : 0.04750258005631425
         "Mary is a doctor and a teacher" : 0.04750258005631425
         "John and Mary are doctors or teachers" : 0.018309772241219994
         "John or Mary is a doctor and a teacher" : 0.01641723975145466
         "John is a doctor or a teacher" : 0.014074838535204214
         "Mary is a doctor or a teacher" : 0.014074838535204214
         "John or Mary is a doctor" : 0.014074838535204214
         "Mary is a teacher" : 0.010819418023458179
         "John is a teacher" : 0.010819418023458179
         "John is not a teacher" : 0.008015222008949992
         "Mary is not a teacher" : 0.008015222008949992
         "John and Mary are teachers" : 0.0059378225070392835
         "John or Mary is a teacher" : 0.005937822507039272
         "John and Mary are not teachers" : 0.0043988471043886965
         "John or Mary is not a teacher" : 0.0043988471043886965
         "John or Mary is a doctor or a teacher" : 0.003954910804103521
         "John is not a doctor and a teacher" : 0.0013033621050040592
         "Mary is not a doctor and a teacher" : 0.0013033621050040592
         "John or Mary is not a doctor and a teacher" : 0.0012360388998589598
         "John and Mary are not doctors and teachers" : 0.00021194082645043896,
    learnedResult: 
     Marginal:
         "John is a doctor" : 0.25224108851419214
         "Mary is a doctor" : 0.25224108851419214
         "John and Mary are doctors" : 0.037263236079818574
         "John is a teacher" : 0.03153013606427401
         "Mary is a teacher" : 0.03153013606427401
         "Mary is a doctor and a teacher" : 0.0238593358356742
         "John is a doctor and a teacher" : 0.0238593358356742
         "John is not a teacher" : 0.023358099296987955
         "Mary is not a teacher" : 0.023358099296987914
         "Mary is not a doctor" : 0.02058439249982819
         "John is not a doctor" : 0.02058439249982819
         "John or Mary is a doctor" : 0.01967504801848205
         "Mary is a doctor or a teacher" : 0.018205302213427792
         "John is a doctor or a teacher" : 0.018205302213427792
         "John or Mary is a teacher" : 0.01730410555970146
         "John and Mary are teachers" : 0.01730410555970146
         "John and Mary are not teachers" : 0.012819196691226694
         "John or Mary is not a teacher" : 0.012819196691226671
         "Mary is not a doctor or a teacher" : 0.012791728183312322
         "John is not a doctor or a teacher" : 0.0127917281833123
         "John or Mary is not a doctor" : 0.012755396229567622
         "Mary is not a doctor and a teacher" : 0.012683658367603283
         "John is not a doctor and a teacher" : 0.012683658367603283
         "John and Mary are not doctors" : 0.012397456658993498
         "John and Mary are doctors and teachers" : 0.010269292813051008
         "John and Mary are doctors or teachers" : 0.009644339447704825
         "John or Mary is a doctor and a teacher" : 0.009609069158507998
         "John or Mary is a doctor or a teacher" : 0.009518719515389672
         "John or Mary is not a doctor or a teacher" : 0.007034717642464354
         "John or Mary is not a doctor and a teacher" : 0.007032293807856078
         "John and Mary are not doctors or teachers" : 0.007031267182204201
         "John and Mary are not doctors and teachers" : 0.007015076993504396,
    KLDivergence: 1.3246145100336078 },
  { query: [ 'Who is a doctor and a teacher', [Object] ],
    trueResult: 
     Marginal:
         "John is a doctor and a teacher" : 0.5057429117707349
         "John is a doctor" : 0.11519045846271186
         "John is a teacher" : 0.11519045846271186
         "John or Mary is a doctor and a teacher" : 0.051789172217255514
         "Mary is not a teacher" : 0.02528450088232814
         "Mary is not a doctor" : 0.02528450088232814
         "John and Mary are teachers" : 0.018731218954471676
         "John and Mary are doctors" : 0.018731218954471676
         "John or Mary is a teacher" : 0.018731218954471645
         "John is a doctor or a teacher" : 0.018731218954471645
         "John or Mary is a doctor" : 0.018731218954471645
         "Mary is not a doctor or a teacher" : 0.013876428297051366
         "Mary is not a doctor and a teacher" : 0.013876428297051366
         "John and Mary are doctors or teachers" : 0.007219910001734958
         "Mary is a doctor or a teacher" : 0.00554999080132493
         "John or Mary is a doctor or a teacher" : 0.005263314391264789
         "Mary is a doctor" : 0.004266313276396742
         "Mary is a teacher" : 0.004266313276396742
         "John or Mary is not a doctor" : 0.004111534310237441
         "John or Mary is not a teacher" : 0.004111534310237441
         "John or Mary is not a doctor and a teacher" : 0.003899159202225257
         "John or Mary is not a doctor or a teacher" : 0.0014209763856506024,
    learnedResult: 
     Marginal:
         "John is a teacher" : 0.06494626802716702
         "John is a doctor" : 0.063012327363827
         "Mary is a doctor" : 0.058561598968819996
         "Mary is a teacher" : 0.05822989989213054
         "Mary is not a teacher" : 0.04402860843630295
         "Mary is not a doctor" : 0.044018350448834544
         "John is not a doctor" : 0.04388445613959276
         "John is not a teacher" : 0.043828320468775564
         "John is a doctor and a teacher" : 0.033304748299344156
         "John and Mary are teachers" : 0.032818566996596056
         "John and Mary are doctors" : 0.03273520170796144
         "John is a doctor or a teacher" : 0.032706275390331496
         "John or Mary is a teacher" : 0.0326239677329095
         "John or Mary is a doctor" : 0.0326117614561226
         "Mary is a doctor or a teacher" : 0.032566521454801156
         "Mary is a doctor and a teacher" : 0.03242089370843188
         "Mary is not a doctor and a teacher" : 0.024147851923540877
         "Mary is not a doctor or a teacher" : 0.02414466745614823
         "John or Mary is not a doctor" : 0.024143330723668803
         "John or Mary is not a teacher" : 0.024142991462517794
         "John is not a doctor or a teacher" : 0.024140335839682715
         "John and Mary are not doctors" : 0.024139600961250705
         "John and Mary are not teachers" : 0.02413712269801008
         "John is not a doctor and a teacher" : 0.024127474899814552
         "John and Mary are doctors and teachers" : 0.01790984554028784
         "John and Mary are doctors or teachers" : 0.017891608757978746
         "John or Mary is a doctor and a teacher" : 0.017889489767804655
         "John or Mary is a doctor or a teacher" : 0.017886976588277214
         "John or Mary is not a doctor or a teacher" : 0.013250439854087116
         "John or Mary is not a doctor and a teacher" : 0.013250372945433948
         "John and Mary are not doctors or teachers" : 0.013250311579324596
         "John and Mary are not doctors and teachers" : 0.013249812510223296,
    KLDivergence: 1.4031015947942158 },
  { query: [ 'Who is a doctor or a teacher', [Object] ],
    trueResult: 
     Marginal:
         "John and Mary are doctors" : 0.1056107851909732
         "John and Mary are teachers" : 0.1056107851909732
         "John is a doctor" : 0.08118368320238828
         "John is a teacher" : 0.08118368320238828
         "Mary is a teacher" : 0.08118368320238828
         "Mary is a doctor" : 0.08118368320238828
         "John and Mary are doctors or teachers" : 0.05796042780983282
         "John and Mary are doctors and teachers" : 0.05796042780983277
         "Mary is a doctor and a teacher" : 0.044554550002441795
         "John is a doctor and a teacher" : 0.044554550002441795
         "Mary is a doctor or a teacher" : 0.04455455000244175
         "John is a doctor or a teacher" : 0.04455455000244175
         "John or Mary is a teacher" : 0.03129208450102909
         "John or Mary is a doctor" : 0.03129208450102909
         "John or Mary is a doctor and a teacher" : 0.021122604886965272
         "John or Mary is a doctor or a teacher" : 0.012519452406923889
         "John is not a doctor and a teacher" : 0.009779799246246973
         "Mary is not a doctor and a teacher" : 0.009779799246246973
         "John is not a teacher" : 0.007517793967297686
         "Mary is not a teacher" : 0.007517793967297686
         "Mary is not a doctor" : 0.007517793967297686
         "John is not a doctor" : 0.007517793967297686
         "John or Mary is not a doctor and a teacher" : 0.00651387501985663
         "John or Mary is not a doctor" : 0.00565960604528182
         "John or Mary is not a teacher" : 0.00565960604528182
         "John and Mary are not doctors and teachers" : 0.0037696035994540657
         "John and Mary are not doctors" : 0.0012224749057808738
         "John and Mary are not teachers" : 0.0012224749057808738,
    learnedResult: 
     Marginal:
         "John is a teacher" : 0.060069370227593254
         "John is a doctor" : 0.059987948860990625
         "Mary is a doctor" : 0.059821535306215076
         "Mary is a teacher" : 0.059801999674094934
         "Mary is not a teacher" : 0.04433773472863897
         "Mary is not a doctor" : 0.04433713732857514
         "John is not a doctor" : 0.044332053880556985
         "John is not a teacher" : 0.044329570261669976
         "John is a doctor and a teacher" : 0.03287380991971137
         "John and Mary are teachers" : 0.03285465963057395
         "John and Mary are doctors" : 0.03285142501439826
         "John is a doctor or a teacher" : 0.03284984227773051
         "John or Mary is a teacher" : 0.0328465485152171
         "John or Mary is a doctor" : 0.032846081332662765
         "Mary is a doctor or a teacher" : 0.03284426392466665
         "Mary is a doctor and a teacher" : 0.032838843085665134
         "Mary is not a doctor and a teacher" : 0.024332442579542302
         "Mary is not a doctor or a teacher" : 0.024332324260708155
         "John or Mary is not a doctor" : 0.024332270825481967
         "John or Mary is not a teacher" : 0.02433225780964472
         "John is not a doctor or a teacher" : 0.024332151197611302
         "John and Mary are not doctors" : 0.0243321096895653
         "John and Mary are not teachers" : 0.024332012938084707
         "John is not a doctor and a teacher" : 0.024331631963122272
         "John and Mary are doctors and teachers" : 0.01802680364811389
         "John and Mary are doctors or teachers" : 0.018026034546141663
         "John or Mary is a doctor and a teacher" : 0.01802594593496839
         "John or Mary is a doctor or a teacher" : 0.018025839304197298
         "John or Mary is not a doctor or a teacher" : 0.013353846509669337
         "John or Mary is not a doctor and a teacher" : 0.013353843668850507
         "John and Mary are not doctors or teachers" : 0.013353841102353254
         "John and Mary are not doctors and teachers" : 0.013353820052984654,
    KLDivergence: 0.426258315795219 },
  { query: [ 'Who is not a doctor and a teacher', [Object] ],
    trueResult: 
     Marginal:
         "John is a doctor and a teacher" : 0.5057429117707349
         "John is a doctor" : 0.11519045846271186
         "John is a teacher" : 0.11519045846271186
         "John or Mary is a doctor and a teacher" : 0.051789172217255514
         "Mary is not a teacher" : 0.02528450088232814
         "Mary is not a doctor" : 0.02528450088232814
         "John and Mary are teachers" : 0.018731218954471676
         "John and Mary are doctors" : 0.018731218954471676
         "John or Mary is a teacher" : 0.018731218954471645
         "John is a doctor or a teacher" : 0.018731218954471645
         "John or Mary is a doctor" : 0.018731218954471645
         "Mary is not a doctor or a teacher" : 0.013876428297051366
         "Mary is not a doctor and a teacher" : 0.013876428297051366
         "John and Mary are doctors or teachers" : 0.007219910001734958
         "Mary is a doctor or a teacher" : 0.00554999080132493
         "John or Mary is a doctor or a teacher" : 0.005263314391264789
         "Mary is a doctor" : 0.004266313276396742
         "Mary is a teacher" : 0.004266313276396742
         "John or Mary is not a doctor" : 0.004111534310237441
         "John or Mary is not a teacher" : 0.004111534310237441
         "John or Mary is not a doctor and a teacher" : 0.003899159202225257
         "John or Mary is not a doctor or a teacher" : 0.0014209763856506024,
    learnedResult: 
     Marginal:
         "John is a teacher" : 0.059873518895714566
         "John is a doctor" : 0.05987115056316208
         "Mary is a doctor" : 0.05986542715210986
         "Mary is a teacher" : 0.059864990901107216
         "Mary is not a teacher" : 0.04435039926710731
         "Mary is not a doctor" : 0.04435038593188536
         "John is not a doctor" : 0.04435021098619811
         "John is not a teacher" : 0.044350138597525283
         "John is a doctor and a teacher" : 0.03285643757917822
         "John and Mary are teachers" : 0.03285580906766437
         "John and Mary are doctors" : 0.0328557024877585
         "John is a doctor or a teacher" : 0.032855690054356075
         "John or Mary is a teacher" : 0.032855583033917085
         "John or Mary is a doctor" : 0.032855567413790664
         "Mary is a doctor or a teacher" : 0.03285550838254631
         "Mary is a doctor and a teacher" : 0.03285529188723917
         "Mary is not a doctor and a teacher" : 0.02433999226415573
         "Mary is not a doctor or a teacher" : 0.02433998754232745
         "John or Mary is not a doctor" : 0.024339985781577155
         "John or Mary is not a teacher" : 0.024339985346887846
         "John is not a doctor or a teacher" : 0.024339981906091115
         "John and Mary are not doctors" : 0.024339981678263678
         "John and Mary are not teachers" : 0.02433997850111979
         "John is not a doctor and a teacher" : 0.024339965701270116
         "John and Mary are doctors and teachers" : 0.018031532193869867
         "John and Mary are doctors or teachers" : 0.018031511572407014
         "John or Mary is a doctor and a teacher" : 0.018031509046295444
         "John or Mary is a doctor or a teacher" : 0.018031506242939616
         "John or Mary is not a doctor or a teacher" : 0.013358067739229257
         "John or Mary is not a doctor and a teacher" : 0.013358067664711095
         "John and Mary are not doctors or teachers" : 0.01335806759161542
         "John and Mary are not doctors and teachers" : 0.013358067025979064,
    KLDivergence: 1.4232914377320776 },
  { query: [ 'Who is not a doctor or a teacher', [Object] ],
    trueResult: 
     Marginal:
         "John and Mary are doctors" : 0.1056107851909732
         "John and Mary are teachers" : 0.1056107851909732
         "John is a doctor" : 0.08118368320238828
         "John is a teacher" : 0.08118368320238828
         "Mary is a teacher" : 0.08118368320238828
         "Mary is a doctor" : 0.08118368320238828
         "John and Mary are doctors or teachers" : 0.05796042780983282
         "John and Mary are doctors and teachers" : 0.05796042780983277
         "Mary is a doctor and a teacher" : 0.044554550002441795
         "John is a doctor and a teacher" : 0.044554550002441795
         "Mary is a doctor or a teacher" : 0.04455455000244175
         "John is a doctor or a teacher" : 0.04455455000244175
         "John or Mary is a teacher" : 0.03129208450102909
         "John or Mary is a doctor" : 0.03129208450102909
         "John or Mary is a doctor and a teacher" : 0.021122604886965272
         "John or Mary is a doctor or a teacher" : 0.012519452406923889
         "John is not a doctor and a teacher" : 0.009779799246246973
         "Mary is not a doctor and a teacher" : 0.009779799246246973
         "John is not a teacher" : 0.007517793967297686
         "Mary is not a teacher" : 0.007517793967297686
         "Mary is not a doctor" : 0.007517793967297686
         "John is not a doctor" : 0.007517793967297686
         "John or Mary is not a doctor and a teacher" : 0.00651387501985663
         "John or Mary is not a doctor" : 0.00565960604528182
         "John or Mary is not a teacher" : 0.00565960604528182
         "John and Mary are not doctors and teachers" : 0.0037696035994540657
         "John and Mary are not doctors" : 0.0012224749057808738
         "John and Mary are not teachers" : 0.0012224749057808738,
    learnedResult: 
     Marginal:
         "John is a teacher" : 0.059867535665139235
         "John is a doctor" : 0.05986742465891177
         "Mary is a doctor" : 0.05986719731436999
         "Mary is a teacher" : 0.0598671705991356
         "Mary is not a teacher" : 0.04435073896700576
         "Mary is not a doctor" : 0.044350738150394246
         "John is not a doctor" : 0.04435073120110464
         "John is not a teacher" : 0.04435072780796002
         "John is a doctor and a teacher" : 0.03285587327816641
         "John and Mary are teachers" : 0.03285584711453401
         "John and Mary are doctors" : 0.032855842697741604
         "John is a doctor or a teacher" : 0.032855840510933994
         "John or Mary is a teacher" : 0.03285583600886
         "John or Mary is a doctor" : 0.032855835370933686
         "Mary is a doctor or a teacher" : 0.03285583288651387
         "Mary is a doctor and a teacher" : 0.03285582549853738
         "Mary is not a doctor and a teacher" : 0.024340200766245625
         "Mary is not a doctor or a teacher" : 0.02434020060500109
         "John or Mary is not a doctor" : 0.02434020053196813
         "John or Mary is not a teacher" : 0.02434020051419426
         "John is not a doctor or a teacher" : 0.02434020036845112
         "John and Mary are not doctors" : 0.024340200311034312
         "John and Mary are not teachers" : 0.024340200178907496
         "John is not a doctor and a teacher" : 0.024340199658337097
         "John and Mary are doctors and teachers" : 0.018031665438397803
         "John and Mary are doctors or teachers" : 0.018031664384714322
         "John or Mary is a doctor and a teacher" : 0.018031664263402372
         "John or Mary is a doctor or a teacher" : 0.018031664117285313
         "John or Mary is not a doctor or a teacher" : 0.013358185294840626
         "John or Mary is not a doctor and a teacher" : 0.013358185290947722
         "John and Mary are not doctors or teachers" : 0.013358185287434054
         "John and Mary are not doctors and teachers" : 0.013358185258596436,
    KLDivergence: 0.42641560232211667 },
  { query: [ 'What is John', [Object] ],
    trueResult: 
     Marginal:
         "John is a doctor" : 0.23702792248662735
         "John is not a teacher" : 0.17559460378842734
         "John and Mary are doctors" : 0.130083681939854
         "John and Mary are not teachers" : 0.09636836179440914
         "John or Mary is a doctor" : 0.03854331316736411
         "John is a doctor or a teacher" : 0.03854331316736411
         "Mary is a teacher" : 0.029628490310828412
         "Mary is a doctor" : 0.029628490310828412
         "John is not a doctor and a teacher" : 0.02855358867982489
         "John or Mary is not a teacher" : 0.02855358867982489
         "Mary is not a doctor" : 0.02194932547355341
         "Mary is not a teacher" : 0.02194932547355341
         "John and Mary are doctors or teachers" : 0.021153018759865538
         "Mary is a doctor and a teacher" : 0.01626046024248175
         "Mary is a doctor or a teacher" : 0.016260460242481723
         "John and Mary are not doctors and teachers" : 0.0156705417197306
         "Mary is not a doctor or a teacher" : 0.012046045224301137
         "Mary is not a doctor and a teacher" : 0.012046045224301137
         "John or Mary is a doctor or a teacher" : 0.010830345605051172
         "John or Mary is not a doctor and a teacher" : 0.008023317360502066
         "John or Mary is a teacher" : 0.004817914145920514
         "John or Mary is not a doctor" : 0.0035691985849781176
         "John or Mary is a doctor and a teacher" : 0.0016651064329923299
         "John or Mary is not a doctor or a teacher" : 0.0012335411849350591,
    learnedResult: 
     Marginal:
         "John is a doctor" : 0.3534587244150656
         "Mary is a teacher" : 0.04418234055188319
         "Mary is a doctor" : 0.04418234055188319
         "John is not a teacher" : 0.03695215406965068
         "John and Mary are doctors" : 0.03343345233539766
         "Mary is not a doctor" : 0.032731082913199844
         "Mary is not a teacher" : 0.03273108291319979
         "John is not a doctor" : 0.028844361395304365
         "John or Mary is a doctor" : 0.02551060549196333
         "Mary is a doctor and a teacher" : 0.02424778260474247
         "Mary is a doctor or a teacher" : 0.024247782604742425
         "John is a doctor or a teacher" : 0.023556297061293897
         "John or Mary is a teacher" : 0.023027337626702556
         "John is a doctor and a teacher" : 0.01980050117672312
         "John and Mary are not teachers" : 0.01820758112297939
         "John is not a doctor and a teacher" : 0.018073086302777618
         "John or Mary is not a teacher" : 0.017997688752210295
         "John is not a doctor or a teacher" : 0.01798483473236668
         "Mary is not a doctor or a teacher" : 0.0179631991647224
         "Mary is not a doctor and a teacher" : 0.0179631991647224
         "John or Mary is not a doctor" : 0.017928753667789895
         "John and Mary are not doctors" : 0.017721013776646918
         "John and Mary are teachers" : 0.01692049828297737
         "John or Mary is a doctor or a teacher" : 0.01330082526719522
         "John or Mary is a doctor and a teacher" : 0.013272671180361089
         "John and Mary are doctors or teachers" : 0.013260362826971172
         "John and Mary are doctors and teachers" : 0.013057727408595022
         "John and Mary are not doctors and teachers" : 0.009865052046916413
         "John and Mary are not doctors or teachers" : 0.009859710166399693
         "John or Mary is not a doctor and a teacher" : 0.009859353863002606
         "John or Mary is not a doctor or a teacher" : 0.009858596561612958,
    KLDivergence: 0.5074914265537451 },
  { query: [ 'What is John', [Object] ],
    trueResult: 
     Marginal:
         "John is a doctor and a teacher" : 0.37545849217947985
         "John and Mary are doctors and teachers" : 0.20605598937841657
         "John is a doctor" : 0.08551624717081296
         "John is a teacher" : 0.08551624717081296
         "John and Mary are teachers" : 0.046932311522435
         "John and Mary are doctors" : 0.046932311522435
         "John or Mary is a doctor and a teacher" : 0.03844776478197857
         "John or Mary is a teacher" : 0.013905870080721474
         "John is a doctor or a teacher" : 0.013905870080721474
         "John or Mary is a doctor" : 0.013905870080721474
         "Mary is a teacher" : 0.010689530896351615
         "Mary is a doctor" : 0.010689530896351615
         "Mary is not a doctor" : 0.007918999258557448
         "Mary is not a teacher" : 0.007918999258557448
         "John and Mary are doctors or teachers" : 0.007631703310311726
         "Mary is a doctor and a teacher" : 0.005866538940304378
         "Mary is a doctor or a teacher" : 0.0058665389403043675
         "Mary is not a doctor or a teacher" : 0.004346038939316297
         "Mary is not a doctor and a teacher" : 0.004346038939316297
         "John or Mary is a doctor or a teacher" : 0.003907432094879606
         "John or Mary is not a doctor" : 0.0012877152412789025
         "John or Mary is not a teacher" : 0.0012877152412789025
         "John or Mary is not a doctor and a teacher" : 0.0012212002512970355
         "John or Mary is not a doctor or a teacher" : 0.00044504382335897773,
    learnedResult: 
     Marginal:
         "John is a doctor" : 0.2522307816565505
         "John is a teacher" : 0.2522307816565505
         "John is a doctor and a teacher" : 0.03726171346162895
         "Mary is a teacher" : 0.031528847707068805
         "Mary is a doctor" : 0.031528847707068805
         "John and Mary are doctors" : 0.023858360916087024
         "John and Mary are teachers" : 0.023858360916086983
         "Mary is not a doctor" : 0.02335714485849559
         "Mary is not a teacher" : 0.02335714485849555
         "John is not a doctor" : 0.020583551398148894
         "John is not a teacher" : 0.020583551398148894
         "John is a doctor or a teacher" : 0.01967424407365207
         "John or Mary is a teacher" : 0.018204558324082316
         "John or Mary is a doctor" : 0.018204558324082316
         "Mary is a doctor and a teacher" : 0.017303398494275826
         "Mary is a doctor or a teacher" : 0.0173033984942758
         "Mary is not a doctor or a teacher" : 0.012818672884276126
         "Mary is not a doctor and a teacher" : 0.012818672884276126
         "John or Mary is not a teacher" : 0.012794092320788222
         "John or Mary is not a doctor" : 0.012794092320788222
         "John is not a doctor or a teacher" : 0.012748394547267936
         "John and Mary are not doctors" : 0.012645847585250988
         "John and Mary are not teachers" : 0.012645847585250988
         "John is not a doctor and a teacher" : 0.012471570339242814
         "John and Mary are doctors and teachers" : 0.010306227543902698
         "John and Mary are doctors or teachers" : 0.00965008225793576
         "John or Mary is a doctor and a teacher" : 0.009608168411922963
         "John or Mary is a doctor or a teacher" : 0.009517957149947845
         "John or Mary is not a doctor or a teacher" : 0.007034438400813071
         "John or Mary is not a doctor and a teacher" : 0.007032031931544093
         "John and Mary are not doctors or teachers" : 0.007030813496346038
         "John and Mary are not doctors and teachers" : 0.0070138460957490404,
    KLDivergence: 1.3272090040749904 },
  { query: [ 'What isn\'t John', [Object] ],
    trueResult: 
     Marginal:
         "John is a doctor and a teacher" : 0.37545849217947985
         "John and Mary are doctors and teachers" : 0.20605598937841657
         "John is a doctor" : 0.08551624717081296
         "John is a teacher" : 0.08551624717081296
         "John and Mary are teachers" : 0.046932311522435
         "John and Mary are doctors" : 0.046932311522435
         "John or Mary is a doctor and a teacher" : 0.03844776478197857
         "John or Mary is a teacher" : 0.013905870080721474
         "John is a doctor or a teacher" : 0.013905870080721474
         "John or Mary is a doctor" : 0.013905870080721474
         "Mary is a teacher" : 0.010689530896351615
         "Mary is a doctor" : 0.010689530896351615
         "Mary is not a doctor" : 0.007918999258557448
         "Mary is not a teacher" : 0.007918999258557448
         "John and Mary are doctors or teachers" : 0.007631703310311726
         "Mary is a doctor and a teacher" : 0.005866538940304378
         "Mary is a doctor or a teacher" : 0.0058665389403043675
         "Mary is not a doctor or a teacher" : 0.004346038939316297
         "Mary is not a doctor and a teacher" : 0.004346038939316297
         "John or Mary is a doctor or a teacher" : 0.003907432094879606
         "John or Mary is not a doctor" : 0.0012877152412789025
         "John or Mary is not a teacher" : 0.0012877152412789025
         "John or Mary is not a doctor and a teacher" : 0.0012212002512970355
         "John or Mary is not a doctor or a teacher" : 0.00044504382335897773,
    learnedResult: 
     Marginal:
         "John is a doctor" : 0.06007704612036327
         "John is a teacher" : 0.06007704612036327
         "Mary is a doctor" : 0.05983439362513933
         "Mary is a teacher" : 0.05983439362513933
         "Mary is not a doctor" : 0.044326409020945284
         "Mary is not a teacher" : 0.04432640902094519
         "John is not a teacher" : 0.04431900221977303
         "John is not a doctor" : 0.04431900221977301
         "John is a doctor and a teacher" : 0.03287524956370313
         "John and Mary are doctors" : 0.032852844417646125
         "John and Mary are teachers" : 0.032852844417646083
         "John is a doctor or a teacher" : 0.0328437262238338
         "John or Mary is a teacher" : 0.03284008127293266
         "John or Mary is a doctor" : 0.03284008127293265
         "Mary is a doctor and a teacher" : 0.0328378114601067
         "Mary is a doctor or a teacher" : 0.03283781146010665
         "Mary is not a doctor or a teacher" : 0.024326849056957933
         "Mary is not a doctor and a teacher" : 0.024326849056957933
         "John or Mary is not a doctor" : 0.024326786042745296
         "John or Mary is not a teacher" : 0.024326786042745296
         "John is not a doctor or a teacher" : 0.02432666556277
         "John and Mary are not teachers" : 0.02432640428643228
         "John and Mary are not doctors" : 0.02432640428643228
         "John is not a doctor and a teacher" : 0.024325981341886474
         "John and Mary are doctors and teachers" : 0.01802371361055552
         "John and Mary are doctors or teachers" : 0.018022171261381184
         "John or Mary is a doctor and a teacher" : 0.01802204920330437
         "John or Mary is a doctor or a teacher" : 0.018021829426108353
         "John or Mary is not a doctor or a teacher" : 0.01335085627229894
         "John or Mary is not a doctor and a teacher" : 0.01335085038767187
         "John and Mary are not doctors or teachers" : 0.013350846822570235
         "John and Mary are not doctors and teachers" : 0.013350805277832311,
    KLDivergence: 1.3797843558018446 },
  { query: [ 'What isn\'t John', [Object] ],
    trueResult: 
     Marginal:
         "John is a doctor and a teacher" : 0.37545849217947985
         "John and Mary are doctors and teachers" : 0.20605598937841657
         "John is a doctor" : 0.08551624717081296
         "John is a teacher" : 0.08551624717081296
         "John and Mary are teachers" : 0.046932311522435
         "John and Mary are doctors" : 0.046932311522435
         "John or Mary is a doctor and a teacher" : 0.03844776478197857
         "John or Mary is a teacher" : 0.013905870080721474
         "John is a doctor or a teacher" : 0.013905870080721474
         "John or Mary is a doctor" : 0.013905870080721474
         "Mary is a teacher" : 0.010689530896351615
         "Mary is a doctor" : 0.010689530896351615
         "Mary is not a doctor" : 0.007918999258557448
         "Mary is not a teacher" : 0.007918999258557448
         "John and Mary are doctors or teachers" : 0.007631703310311726
         "Mary is a doctor and a teacher" : 0.005866538940304378
         "Mary is a doctor or a teacher" : 0.0058665389403043675
         "Mary is not a doctor or a teacher" : 0.004346038939316297
         "Mary is not a doctor and a teacher" : 0.004346038939316297
         "John or Mary is a doctor or a teacher" : 0.003907432094879606
         "John or Mary is not a doctor" : 0.0012877152412789025
         "John or Mary is not a teacher" : 0.0012877152412789025
         "John or Mary is not a doctor and a teacher" : 0.0012212002512970355
         "John or Mary is not a doctor or a teacher" : 0.00044504382335897773,
    learnedResult: 
     Marginal:
         "John is a doctor" : 0.06007704612036327
         "John is a teacher" : 0.06007704612036327
         "Mary is a doctor" : 0.05983439362513933
         "Mary is a teacher" : 0.05983439362513933
         "Mary is not a doctor" : 0.044326409020945284
         "Mary is not a teacher" : 0.04432640902094519
         "John is not a teacher" : 0.04431900221977303
         "John is not a doctor" : 0.04431900221977301
         "John is a doctor and a teacher" : 0.03287524956370313
         "John and Mary are doctors" : 0.032852844417646125
         "John and Mary are teachers" : 0.032852844417646083
         "John is a doctor or a teacher" : 0.0328437262238338
         "John or Mary is a teacher" : 0.03284008127293266
         "John or Mary is a doctor" : 0.03284008127293265
         "Mary is a doctor and a teacher" : 0.0328378114601067
         "Mary is a doctor or a teacher" : 0.03283781146010665
         "Mary is not a doctor or a teacher" : 0.024326849056957933
         "Mary is not a doctor and a teacher" : 0.024326849056957933
         "John or Mary is not a doctor" : 0.024326786042745296
         "John or Mary is not a teacher" : 0.024326786042745296
         "John is not a doctor or a teacher" : 0.02432666556277
         "John and Mary are not teachers" : 0.02432640428643228
         "John and Mary are not doctors" : 0.02432640428643228
         "John is not a doctor and a teacher" : 0.024325981341886474
         "John and Mary are doctors and teachers" : 0.01802371361055552
         "John and Mary are doctors or teachers" : 0.018022171261381184
         "John or Mary is a doctor and a teacher" : 0.01802204920330437
         "John or Mary is a doctor or a teacher" : 0.018021829426108353
         "John or Mary is not a doctor or a teacher" : 0.01335085627229894
         "John or Mary is not a doctor and a teacher" : 0.01335085038767187
         "John and Mary are not doctors or teachers" : 0.013350846822570235
         "John and Mary are not doctors and teachers" : 0.013350805277832311,
    KLDivergence: 1.3797843558018446 } ]
