L2 norm of gradient: 1.1285159627080934
Iteration 0: -879.8681098507586
L2 norm of gradient: 4.708796268677555
Iteration 1: -912.7385811169495
L2 norm of gradient: 9.030650446767925
Iteration 2: -865.9406675794003
L2 norm of gradient: 0.001806905210509141
Iteration 3: -855.2001448774135
L2 norm of gradient: 0.0095607887644523
Iteration 4: -874.4000097857478
L2 norm of gradient: 0.0015458524544954872
Iteration 5: -941.6001183481242
L2 norm of gradient: 0.362244394955148
Iteration 6: -874.6537882434608
L2 norm of gradient: 4.641173549349027
Iteration 7: -874.696851825348
L2 norm of gradient: 0.003421402352983682
Iteration 8: -836.0001757240076
L2 norm of gradient: 11.529682494948469
Iteration 9: -923.5066485037424
L2 norm of gradient: 5.379454086110654
Iteration 10: -874.7328841688227
L2 norm of gradient: 1.1487793698485596
Iteration 11: -899.0548538293152
L2 norm of gradient: 1.1513137126421495
Iteration 12: -918.2542249536796
L2 norm of gradient: 1.1471938591688782
Iteration 13: -879.8530852302486
L2 norm of gradient: 0.013542814279606456
Iteration 14: -941.6002251986688
L2 norm of gradient: 0.3632617987164831
Iteration 15: -798.5117743923786
L2 norm of gradient: 0.7105636596397403
Iteration 16: -789.6921605684685
L2 norm of gradient: 11.418541891009491
Iteration 17: -913.8815005824182
L2 norm of gradient: 11.67994855173865
Iteration 18: -742.6386719767052
L2 norm of gradient: 5.932995791406529
Iteration 19: -860.921397312407
L2 norm of gradient: 0.01919343699690486
Iteration 20: -903.2001300881648
L2 norm of gradient: 3.859511729077159
Iteration 21: -845.8086507132426
L2 norm of gradient: 0.002271628360882005
Iteration 22: -941.6001322241807
L2 norm of gradient: 0.36001943267232467
Iteration 23: -961.0519939432063
L2 norm of gradient: 12.678314445746208
Iteration 24: -904.3059796574076
L2 norm of gradient: 0.09906867130477617
Iteration 25: -778.4027177137604
L2 norm of gradient: 3.888286551386022
Iteration 26: -884.1917194200664
L2 norm of gradient: 5.678596730442649
Iteration 27: -884.2729179224023
L2 norm of gradient: 0.0007743107963677931
Iteration 28: -855.2001365990461
L2 norm of gradient: 0.007456985146220443
Iteration 29: -807.2000595039293
L2 norm of gradient: 0.3649064900577352
Iteration 30: -961.4926103550533
L2 norm of gradient: 1.1246957467756495
Iteration 31: -894.1375035777198
L2 norm of gradient: 0.0017893945472348283
Iteration 32: -855.2001528550718
L2 norm of gradient: 5.767489946972737
Iteration 33: -855.3946178714397
L2 norm of gradient: 7.857649699591975
Iteration 34: -970.755905998563
L2 norm of gradient: 9.593302743772714
Iteration 35: -913.0752579229675
L2 norm of gradient: 0.5344714833934401
Iteration 36: -922.7114467860697
L2 norm of gradient: 3.5358749392226354
Iteration 37: -881.1540411044043
L2 norm of gradient: 0.3704124002060846
Iteration 38: -798.5087410890792
L2 norm of gradient: 2.203054364625905
Iteration 39: -847.8081920896963
L2 norm of gradient: 0.3607091661425182
Iteration 40: -817.6487154483455
L2 norm of gradient: 3.9750918829755397
Iteration 41: -855.3486052110218
L2 norm of gradient: 9.290471205023927
Iteration 42: -875.1519029639416
L2 norm of gradient: 7.101778241234538
Iteration 43: -980.6289756079393
L2 norm of gradient: 7.981416112831897
Iteration 44: -922.6779496209444
L2 norm of gradient: 0.027779391125085404
Iteration 45: -864.7995664672037
L2 norm of gradient: 8.099997951502193
Iteration 46: -818.2205123502704
L2 norm of gradient: 0.3712177689242506
Iteration 47: -788.9092534535216
L2 norm of gradient: 3.799490423461333
Iteration 48: -870.1094190153194
L2 norm of gradient: 4.0637595950127015
Iteration 49: -893.89970463779
L2 norm of gradient: 7.468200694944564
Iteration 50: -827.6984931918071
L2 norm of gradient: 13.991277424413855
Iteration 51: -952.3090627235201
L2 norm of gradient: 3.822414551303964
Iteration 52: -852.0360733627491
L2 norm of gradient: 5.568501746168918
Iteration 53: -980.2197330468591
L2 norm of gradient: 4.210568477341386
Iteration 54: -865.90252225697
L2 norm of gradient: 0.7333401965285532
Iteration 55: -827.4413493653806
L2 norm of gradient: 7.750912795507003
Iteration 56: -884.5870319276955
L2 norm of gradient: 0.36435316074507906
Iteration 57: -817.6499312059943
L2 norm of gradient: 11.459136845196403
Iteration 58: -947.0530204301865
L2 norm of gradient: 4.22005279356235
Iteration 59: -870.2825770681444
L2 norm of gradient: 6.502693506900278
Iteration 60: -912.8002843489672
L2 norm of gradient: 0.012052864956387742
Iteration 61: -912.7997119882924
L2 norm of gradient: 1.2356486236301727
Iteration 62: -851.0451252348512
L2 norm of gradient: 2.4726110615894314
Iteration 63: -866.0918981048067
L2 norm of gradient: 8.312779821300616
Iteration 64: -919.4208035224733
L2 norm of gradient: 6.451941581955358
Iteration 65: -854.8218245044068
L2 norm of gradient: 6.438727090157203
Iteration 66: -803.6889089878356
L2 norm of gradient: 13.466175718598768
Iteration 67: -860.2455064990875
L2 norm of gradient: 7.7796958111416
Iteration 68: -845.6762327561742
L2 norm of gradient: 0.04323683903498144
Iteration 69: -893.5981727954312
L2 norm of gradient: 7.032875591278878
Iteration 70: -850.6614067713277
L2 norm of gradient: 9.364449259061606
Iteration 71: -879.7194904908483
L2 norm of gradient: 1.5066997122579813
Iteration 72: -889.6251443782501
L2 norm of gradient: 0.03387660381233099
Iteration 73: -874.3998393215295
L2 norm of gradient: 4.3430875562758535
Iteration 74: -832.82973620536
L2 norm of gradient: 8.868408645535217
Iteration 75: -845.3478305912965
L2 norm of gradient: 8.13288785776414
Iteration 76: -884.2050200347451
L2 norm of gradient: 9.050925639441282
Iteration 77: -960.3915613141377
L2 norm of gradient: 4.850469432945931
Iteration 78: -835.7919193111723
L2 norm of gradient: 4.907711683445373
Iteration 79: -951.0499437618874
L2 norm of gradient: 6.673107267853065
Iteration 80: -921.9784064759841
L2 norm of gradient: 0.5973149610877703
Iteration 81: -951.475829526192
L2 norm of gradient: 8.330093243510097
Iteration 82: -937.6035327301779
L2 norm of gradient: 5.35919918508887
Iteration 83: -846.826703753336
L2 norm of gradient: 8.244839428939107
Iteration 84: -951.139741598111
L2 norm of gradient: 10.30901862783031
Iteration 85: -845.1719496207555
L2 norm of gradient: 0.41144190442533424
Iteration 86: -893.8535464285056
L2 norm of gradient: 5.217638562979295
Iteration 87: -922.0959578748474
L2 norm of gradient: 10.861308010656053
Iteration 88: -922.1072331012651
L2 norm of gradient: 7.597955671988025
Iteration 89: -940.9446607611701
L2 norm of gradient: 0.6274622201859655
Iteration 90: -874.7196696011267
L2 norm of gradient: 4.988353959445487
Iteration 91: -860.3386517822648
L2 norm of gradient: 0.17993909432711644
Iteration 92: -855.191331391169
L2 norm of gradient: 10.816043461580733
Iteration 93: -922.380288485032
L2 norm of gradient: 8.200169197406549
Iteration 94: -797.3007352444309
L2 norm of gradient: 5.578799439361103
Iteration 95: -931.9434166030823
L2 norm of gradient: 5.567690940110533
Iteration 96: -835.5959948308162
L2 norm of gradient: 0.02213496187826814
Iteration 97: -970.3994669922097
L2 norm of gradient: 11.098758627966347
Iteration 98: -922.0484108690662
L2 norm of gradient: 5.702472189789999
Iteration 99: -835.6349373058255
L2 norm of gradient: 0.0071191983313301215
Iteration 100: -922.4005355566246
L2 norm of gradient: 1.4308610078708945
Iteration 101: -850.9961258344779
L2 norm of gradient: 11.626155070620035
Iteration 102: -864.0253541705531
L2 norm of gradient: 5.418692260567161
Iteration 103: -908.2038228816937
L2 norm of gradient: 1.5050330639648617
Iteration 104: -850.9984497170807
L2 norm of gradient: 0.08956232251172061
Iteration 105: -922.3953655898948
L2 norm of gradient: 0.6230091702998543
Iteration 106: -893.878542890928
L2 norm of gradient: 0.09122256279344522
Iteration 107: -835.9944734007125
L2 norm of gradient: 11.344581050478203
Iteration 108: -878.4955721671927
L2 norm of gradient: 6.449837335782943
Iteration 109: -798.1284585966102
L2 norm of gradient: 13.024870160223092
Iteration 110: -842.281205281635
L2 norm of gradient: 11.566693816882252
Iteration 111: -974.6086124029093
L2 norm of gradient: 16.014091800987316
Iteration 112: -940.1594400934199
L2 norm of gradient: 9.656544178712895
Iteration 113: -913.2675565625071
L2 norm of gradient: 10.088485212317687
Iteration 114: -888.6728863979685
L2 norm of gradient: 8.11812144529473
Iteration 115: -870.2493528339056
L2 norm of gradient: 9.473245139401769
Iteration 116: -940.8577050735283
L2 norm of gradient: 6.112493834735777
Iteration 117: -764.6097214037196
L2 norm of gradient: 9.648068685436103
Iteration 118: -979.2077175071845
L2 norm of gradient: 10.067739311927452
Iteration 119: -907.7769525694708
L2 norm of gradient: 0.22077633165867047
Iteration 120: -960.7795866120293
L2 norm of gradient: 9.932677543671538
Iteration 121: -921.5223612159922
L2 norm of gradient: 0.2523620469063054
Iteration 122: -835.9804581033001
L2 norm of gradient: 1.2430331713825926
Iteration 123: -932.6083596219889
L2 norm of gradient: 7.010773005832303
Iteration 124: -845.0273397503419
L2 norm of gradient: 10.181110651126918
Iteration 125: -816.0652217615158
L2 norm of gradient: 10.135849349009822
Iteration 126: -931.2668845345441
L2 norm of gradient: 0.5122759471874061
Iteration 127: -922.5699818858155
L2 norm of gradient: 12.31709365851978
Iteration 128: -892.5456270808145
L2 norm of gradient: 6.917897571958652
Iteration 129: -921.8942462867207
L2 norm of gradient: 0.35128534880110057
Iteration 130: -884.2594574563053
L2 norm of gradient: 1.6093720292638
Iteration 131: -918.1582075971368
L2 norm of gradient: 14.12998154805357
Iteration 132: -844.0673970304045
L2 norm of gradient: 13.36971123252507
Iteration 133: -911.8680920026934
L2 norm of gradient: 0.02017693035823434
Iteration 134: -912.798738348573
L2 norm of gradient: 1.621896844180373
Iteration 135: -841.3489011961394
L2 norm of gradient: 7.057365069942653
Iteration 136: -908.1185362637165
L2 norm of gradient: 0.4574578954381686
Iteration 137: -932.2671217489385
L2 norm of gradient: 8.526789862306186
Iteration 138: -883.89997507791
L2 norm of gradient: 7.30790330935598
Iteration 139: -902.4019193212031
L2 norm of gradient: 25.15376373433258
Iteration 140: -932.808662515074
L2 norm of gradient: 3.408694191466829
Iteration 141: -894.7022010589975
L2 norm of gradient: 0.0933281236156868
Iteration 142: -922.4059765486912
L2 norm of gradient: 0.6492433142615579
Iteration 143: -961.0891299587074
L2 norm of gradient: 7.701492877284963
Iteration 144: -873.4315912055711
L2 norm of gradient: 7.556852586009179
Iteration 145: -873.433543667036
L2 norm of gradient: 0.07374298229693593
Iteration 146: -893.5941645423658
L2 norm of gradient: 15.778444244441792
Iteration 147: -978.3712620164148
L2 norm of gradient: 0.02293801004828817
Iteration 148: -903.1983435718661
L2 norm of gradient: 0.033508149851455726
Iteration 149: -874.3972111045393
L2 norm of gradient: 9.881590586044535
Iteration 150: -998.2705424920687
L2 norm of gradient: 8.000403200685865
Iteration 151: -911.8055567310765
L2 norm of gradient: 7.52601026541619
Iteration 152: -936.0708830991465
L2 norm of gradient: 21.186465824365655
Iteration 153: -929.3747136544945
L2 norm of gradient: 1.6488708281836304
Iteration 154: -851.8655965579576
L2 norm of gradient: 10.61157921007708
Iteration 155: -920.7875574006787
L2 norm of gradient: 0.22268607789126568
Iteration 156: -874.38078664806
L2 norm of gradient: 0.39166604730147053
Iteration 157: -855.1540151043951
L2 norm of gradient: 7.352921554744593
Iteration 158: -817.0515211036524
L2 norm of gradient: 1.8596844091049538
Iteration 159: -879.7443794612954
L2 norm of gradient: 10.949460992810701
Iteration 160: -787.4494424508932
L2 norm of gradient: 8.90409853753822
Iteration 161: -940.7445592082564
L2 norm of gradient: 8.499433938892793
Iteration 162: -911.5502519036809
L2 norm of gradient: 8.986269535508612
Iteration 163: -853.894204923303
L2 norm of gradient: 0.880213387896236
Iteration 164: -970.6675683867335
L2 norm of gradient: 3.675857479403131
Iteration 165: -875.4510881944394
L2 norm of gradient: 1.669383765634804
Iteration 166: -861.8959507965733
L2 norm of gradient: 0.6107982362399199
Iteration 167: -826.3259403041735
L2 norm of gradient: 2.1991580735847114
Iteration 168: -889.300129343794
L2 norm of gradient: 8.814566442816185
Iteration 169: -844.1959016105292
L2 norm of gradient: 1.794887884309813
Iteration 170: -898.9024694621587
L2 norm of gradient: 8.671415138601379
Iteration 171: -923.433852523533
L2 norm of gradient: 16.48512111621653
Iteration 172: -758.2181751938288
L2 norm of gradient: 9.321055293066395
Iteration 173: -882.6383561529445
L2 norm of gradient: 8.482151814888395
Iteration 174: -878.1100714956256
L2 norm of gradient: 0.5983424611290729
Iteration 175: -808.2546881551428
L2 norm of gradient: 9.795792562989527
Iteration 176: -805.7471801461298
L2 norm of gradient: 9.87816698757243
Iteration 177: -824.8810009640787
L2 norm of gradient: 22.037745653543375
Iteration 178: -889.2781101639417
L2 norm of gradient: 12.668359697303776
Iteration 179: -971.1224666369715
L2 norm of gradient: 1.8985785519944773
Iteration 180: -879.7528800131233
L2 norm of gradient: 0.814751066925851
Iteration 181: -769.6756358568274
L2 norm of gradient: 9.583120335394344
Iteration 182: -863.2085354408871
L2 norm of gradient: 9.728820492063509
Iteration 183: -824.7705489949183
L2 norm of gradient: 11.752701844879212
Iteration 184: -767.6358038840763
L2 norm of gradient: 14.958923608692702
Iteration 185: -876.267734301848
L2 norm of gradient: 0.4531729627463959
Iteration 186: -836.8222486995269
L2 norm of gradient: 1.9927043522890568
Iteration 187: -879.7511826809438
L2 norm of gradient: 11.193627646747613
Iteration 188: -891.6155025455056
L2 norm of gradient: 15.345959171551488
Iteration 189: -841.8790487936466
L2 norm of gradient: 0.17553262287026458
Iteration 190: -807.2051372905353
L2 norm of gradient: 0.9329069425666279
Iteration 191: -874.4815991382475
L2 norm of gradient: 9.660207983162907
Iteration 192: -829.644990028235
L2 norm of gradient: 0.10504654683943342
Iteration 193: -883.9996962672121
L2 norm of gradient: 10.396632054605488
Iteration 194: -806.1727483184643
L2 norm of gradient: 14.13557729618844
Iteration 195: -920.0240653453897
L2 norm of gradient: 14.26159760512286
Iteration 196: -919.9815577156095
L2 norm of gradient: 0.03747659733142904
Iteration 197: -922.4041376353105
L2 norm of gradient: 10.619525792727195
Iteration 198: -920.4759973215737
L2 norm of gradient: 18.273137810160073
Iteration 199: -918.0245030540359
L2 norm of gradient: 0.6421602160046967
Iteration 200: -797.5043966323847
L2 norm of gradient: 0.05786767183907409
Iteration 201: -903.1938367467867
L2 norm of gradient: 14.884855858128478
Iteration 202: -948.5594647221784
L2 norm of gradient: 12.283357128935085
Iteration 203: -843.1992959894969
L2 norm of gradient: 1.6839399435893012
Iteration 204: -918.3969759842466
L2 norm of gradient: 0.7417859667814711
Iteration 205: -779.283780622158
L2 norm of gradient: 9.257895889747079
Iteration 206: -876.273953097805
L2 norm of gradient: 11.598351475548753
Iteration 207: -853.0118449450642
L2 norm of gradient: 2.2306980783578982
Iteration 208: -889.3247002728797
L2 norm of gradient: 0.05692668766016248
Iteration 209: -893.6111281050414
L2 norm of gradient: 18.618000889830487
Iteration 210: -875.544393247551
L2 norm of gradient: 26.95687600029941
Iteration 211: -887.9962140221115
L2 norm of gradient: 11.854075095437675
Iteration 212: -864.0928090405718
L2 norm of gradient: 0.6744240472117388
Iteration 213: -913.0257568136111
L2 norm of gradient: 11.89252724018264
Iteration 214: -815.202028606656
L2 norm of gradient: 15.130085571839151
Iteration 215: -872.3368894921514
L2 norm of gradient: 13.016526914760666
Iteration 216: -843.895638517427
L2 norm of gradient: 11.396196195908997
Iteration 217: -958.8663845321169
L2 norm of gradient: 13.652095512147481
Iteration 218: -910.1119988527831
L2 norm of gradient: 8.367085439840084
Iteration 219: -828.1205101442948
L2 norm of gradient: 11.63897401258947
Iteration 220: -881.6492285785424
L2 norm of gradient: 2.3204145501499833
Iteration 221: -870.0547483986186
L2 norm of gradient: 10.400775929554761
Iteration 222: -925.3505894456957
L2 norm of gradient: 1.244383592177534
Iteration 223: -970.771796254609
L2 norm of gradient: 0.9410474371008243
Iteration 224: -893.73376205983
L2 norm of gradient: 11.921078854563515
Iteration 225: -843.0133108113303
L2 norm of gradient: 1.8676461796648336
Iteration 226: -818.0663903717117
L2 norm of gradient: 18.60403211935338
Iteration 227: -839.8660604732805
L2 norm of gradient: 18.191306061556265
Iteration 228: -868.6935732651671
L2 norm of gradient: 0.906327617767899
Iteration 229: -874.475402768627
L2 norm of gradient: 12.837680428882713
Iteration 230: -862.4427574279118
L2 norm of gradient: 15.995943533094298
Iteration 231: -832.4791594268055
L2 norm of gradient: 0.9202365410699828
Iteration 232: -893.4983412526785
L2 norm of gradient: 12.886963807915402
Iteration 233: -890.864222057285
L2 norm of gradient: 23.530019987784332
Iteration 234: -849.3813597713364
L2 norm of gradient: 1.5763414950362984
Iteration 235: -798.3715329049247
L2 norm of gradient: 1.0678906054304123
Iteration 236: -856.4069508281599
L2 norm of gradient: 13.274622551364708
Iteration 237: -832.9771637906438
L2 norm of gradient: 0.9789748643363189
Iteration 238: -807.9019611103841
L2 norm of gradient: 8.745198501114718
Iteration 239: -760.753740079247
L2 norm of gradient: 0.8098287332051863
Iteration 240: -835.8984795625461
L2 norm of gradient: 5.068802748493344
Iteration 241: -932.8294300258528
L2 norm of gradient: 13.102377328360594
Iteration 242: -909.8328534479613
L2 norm of gradient: 2.5549184254558193
Iteration 243: -860.5055425137659
L2 norm of gradient: 2.1609564372877927
Iteration 244: -784.5673899902047
L2 norm of gradient: 2.677380643278382
Iteration 245: -927.6163401250984
L2 norm of gradient: 3.4379251319624515
Iteration 246: -918.1553694118614
L2 norm of gradient: 12.36068893512519
Iteration 247: -874.6155790068601
L2 norm of gradient: 8.479113717134968
Iteration 248: -875.0920035751483
L2 norm of gradient: 0.21190631044568525
Iteration 249: -893.6040141380606
L2 norm of gradient: 1.6523663135202622
Iteration 250: -941.7381928516738
L2 norm of gradient: 19.608908868465306
Iteration 251: -865.809762968268
L2 norm of gradient: 1.4720852069950692
Iteration 252: -865.6837185398286
L2 norm of gradient: 1.6295762513074277
Iteration 253: -789.0948525503138
L2 norm of gradient: 13.857510222086175
Iteration 254: -804.7714981783281
L2 norm of gradient: 8.44073489567624
Iteration 255: -847.5354346540436
L2 norm of gradient: 15.646672810288427
Iteration 256: -823.356263057652
L2 norm of gradient: 16.156175767053902
Iteration 257: -918.4439876920322
L2 norm of gradient: 13.670423166675379
Iteration 258: -900.0007773164051
L2 norm of gradient: 2.202711850959618
Iteration 259: -777.9966051773229
L2 norm of gradient: 0.5893776221488851
Iteration 260: -941.9105607941832
L2 norm of gradient: 13.624821839773965
Iteration 261: -976.9086479356487
L2 norm of gradient: 15.254433996621124
Iteration 262: -842.1080662474994
L2 norm of gradient: 1.2909721609205425
Iteration 263: -722.9788200502737
L2 norm of gradient: 0.2256700435458697
Iteration 264: -883.9638551376776
L2 norm of gradient: 9.665236821969565
Iteration 265: -956.6508364168678
L2 norm of gradient: 0.26347258578588345
Iteration 266: -893.5896386090789
L2 norm of gradient: 24.974277729326406
Iteration 267: -818.8799159025577
L2 norm of gradient: 16.81788036561081
Iteration 268: -864.3055037333356
L2 norm of gradient: 0.8325457431783267
Iteration 269: -884.1898017687131
L2 norm of gradient: 8.35812612767251
Iteration 270: -922.4783864731114
L2 norm of gradient: 12.588004814453825
Iteration 271: -876.381096711578
L2 norm of gradient: 21.111441845010766
Iteration 272: -895.4108531132172
L2 norm of gradient: 1.6592382175990101
Iteration 273: -864.4827530413243
L2 norm of gradient: 15.189231296800449
Iteration 274: -832.5947929721599
L2 norm of gradient: 3.6865270841828477
Iteration 275: -898.714166589974
L2 norm of gradient: 8.863929077384403
Iteration 276: -912.5270955048662
L2 norm of gradient: 1.5012757746926633
Iteration 277: -922.3897051761766
L2 norm of gradient: 19.51697648468515
Iteration 278: -955.9480108662256
L2 norm of gradient: 0.057945336131853147
Iteration 279: -845.5994955341697
L2 norm of gradient: 8.361462842185347
Iteration 280: -922.0536429652627
L2 norm of gradient: 33.27967043245765
Iteration 281: -958.5888441451727
L2 norm of gradient: 0.44300846542104266
Iteration 282: -951.6669339745564
L2 norm of gradient: 24.891800304157723
Iteration 283: -917.905975247511
L2 norm of gradient: 3.177600347677773
Iteration 284: -975.8671502923017
L2 norm of gradient: 2.5223072904503114
Iteration 285: -813.1758739018086
L2 norm of gradient: 2.1347136523478647
Iteration 286: -854.9092023122201
L2 norm of gradient: 25.655376415070542
Iteration 287: -951.634058916191
L2 norm of gradient: 14.338255283072169
Iteration 288: -722.6339803429587
L2 norm of gradient: 20.310479760492157
Iteration 289: -917.0256074112225
L2 norm of gradient: 29.553225005415708
Iteration 290: -785.696826759502
L2 norm of gradient: 20.987429005786918
Iteration 291: -849.1813976153304
L2 norm of gradient: 22.61262627841888
Iteration 292: -921.796290775358
L2 norm of gradient: 0.5458926151781285
Iteration 293: -884.321837235719
L2 norm of gradient: 4.02911927133105
Iteration 294: -908.3139779321577
L2 norm of gradient: 21.330512325369725
Iteration 295: -954.4204250250684
L2 norm of gradient: 10.148810721286758
Iteration 296: -927.3613042500729
L2 norm of gradient: 10.361981069791593
Iteration 297: -898.4150554322202
L2 norm of gradient: 0.27889453909040274
Iteration 298: -874.43972455853
L2 norm of gradient: 0.6352650098511627
Iteration 299: -846.7838215823344
L2 norm of gradient: 0.0659815971625231
Iteration 300: -798.7112764273936
L2 norm of gradient: 23.75022664029208
Iteration 301: -809.4943637070405
L2 norm of gradient: 1.1340435060973488
Iteration 302: -912.6614148247126
L2 norm of gradient: 1.9487744800802063
Iteration 303: -845.304598420636
L2 norm of gradient: 15.726439827909221
Iteration 304: -888.9801197670031
L2 norm of gradient: 16.617341132069463
Iteration 305: -865.0023989433125
L2 norm of gradient: 0.11565056563768673
Iteration 306: -931.9839718441825
L2 norm of gradient: 0.26236817394134243
Iteration 307: -855.221470982242
L2 norm of gradient: 16.75609772552479
Iteration 308: -822.9499053423327
L2 norm of gradient: 16.836861678334955
Iteration 309: -965.7295437976023
L2 norm of gradient: 1.9872955629359685
Iteration 310: -912.833952225158
L2 norm of gradient: 22.65720925456726
Iteration 311: -914.940069272152
L2 norm of gradient: 2.918905769723636
Iteration 312: -922.2885031177381
L2 norm of gradient: 1.9629551014008664
Iteration 313: -942.724636087309
L2 norm of gradient: 1.2257343424407428
Iteration 314: -932.4025428676018
L2 norm of gradient: 35.23322864742964
Iteration 315: -875.3902573061828
L2 norm of gradient: 0.8220819157109978
Iteration 316: -970.5027002157142
L2 norm of gradient: 1.6736783809724636
Iteration 317: -941.4781691011358
L2 norm of gradient: 8.891432515057813
Iteration 318: -969.8284525409255
L2 norm of gradient: 3.4991369430213792
Iteration 319: -985.2392717082221
L2 norm of gradient: 15.330238263828608
Iteration 320: -912.7204383344415
L2 norm of gradient: 23.494154340448265
Iteration 321: -895.5379166791413
L2 norm of gradient: 15.987674454382613
Iteration 322: -893.7372794362747
L2 norm of gradient: 0.6315559419127622
Iteration 323: -884.2966956818857
L2 norm of gradient: 32.957569848487616
Iteration 324: -825.5655711221253
L2 norm of gradient: 3.235343536518551
Iteration 325: -873.8997438597403
L2 norm of gradient: 17.211082830501073
Iteration 326: -864.4267882139334
L2 norm of gradient: 2.5997959839292784
Iteration 327: -836.8796797120178
L2 norm of gradient: 26.049255347598045
Iteration 328: -881.7957656776524
L2 norm of gradient: 3.010589131574406
Iteration 329: -788.4870651388742
L2 norm of gradient: 1.6854947420786417
Iteration 330: -854.8549158320898
L2 norm of gradient: 23.855304938286473
Iteration 331: -856.4303824470694
L2 norm of gradient: 19.206145209585475
Iteration 332: -745.3790945997588
L2 norm of gradient: 0.6901246945221738
Iteration 333: -750.5527692423203
L2 norm of gradient: 53.207803287945964
Iteration 334: -866.5661047055883
L2 norm of gradient: 18.56335913011485
Iteration 335: -850.3097948009167
L2 norm of gradient: 0.3885090895239884
Iteration 336: -798.7824396119499
L2 norm of gradient: 3.468814150147188
Iteration 337: -873.8221989894053
L2 norm of gradient: 2.304371168514098
Iteration 338: -912.4098579287062
L2 norm of gradient: 17.034006927748464
Iteration 339: -859.3589609616159
L2 norm of gradient: 2.4946516990631142
Iteration 340: -912.3522974760419
L2 norm of gradient: 9.361110757005518
Iteration 341: -998.9325500638593
L2 norm of gradient: 0.6967205694143993
Iteration 342: -903.1011601767041
L2 norm of gradient: 18.36530086706265
Iteration 343: -915.7427538811519
L2 norm of gradient: 23.431166714309068
Iteration 344: -828.3776138555654
L2 norm of gradient: 32.65178592692471
Iteration 345: -854.2959079110079
L2 norm of gradient: 37.1188882882456
Iteration 346: -800.582841202081
L2 norm of gradient: 0.573207652007727
Iteration 347: -931.893312262675
L2 norm of gradient: 8.425173165218185
Iteration 348: -921.8983098495006
L2 norm of gradient: 16.4213987772619
Iteration 349: -940.5592300383386
L2 norm of gradient: 0.4401421725015992
Iteration 350: -884.9176004712668
L2 norm of gradient: 9.616317695489276
Iteration 351: -806.9548402976287
L2 norm of gradient: 0.6246973285119203
Iteration 352: -893.5125581251889
L2 norm of gradient: 20.20069963661616
Iteration 353: -857.6651352408367
L2 norm of gradient: 1.019397080608319
Iteration 354: -856.3062376392912
L2 norm of gradient: 37.88803206019348
Iteration 355: -871.6476998999101
L2 norm of gradient: 4.4362062756276455
Iteration 356: -806.359493590391
L2 norm of gradient: 3.565072918189443
Iteration 357: -903.8479533248009
L2 norm of gradient: 0.3386004020041948
Iteration 358: -922.3664361811153
L2 norm of gradient: 27.467575546842735
Iteration 359: -885.0455046034883
L2 norm of gradient: 3.0279575434327515
Iteration 360: -864.3238888854123
L2 norm of gradient: 2.097283486725751
Iteration 361: -750.2404765202787
L2 norm of gradient: 2.653657115116304
Iteration 362: -941.4180366278231
L2 norm of gradient: 2.675139074493278
Iteration 363: -817.8656527239566
L2 norm of gradient: 5.31419603975692
Iteration 364: -902.8966975773595
L2 norm of gradient: 20.020726211706425
Iteration 365: -886.5247383303188
L2 norm of gradient: 2.533100621227117
Iteration 366: -931.5201139111119
L2 norm of gradient: 10.38701629688139
Iteration 367: -883.2730638998125
L2 norm of gradient: 2.620986068578645
Iteration 368: -903.0149225477593
L2 norm of gradient: 10.219851077980731
Iteration 369: -837.7126164261899
L2 norm of gradient: 28.539680294925912
Iteration 370: -941.936783061543
L2 norm of gradient: 3.460816382282766
Iteration 371: -908.0757467812304
L2 norm of gradient: 1.2011147590086932
Iteration 372: -855.2944104717551
L2 norm of gradient: 22.1213385360848
Iteration 373: -895.2670479500696
L2 norm of gradient: 37.4488211749277
Iteration 374: -889.027066112689
L2 norm of gradient: 0.7415893452327087
Iteration 375: -961.14123876061
L2 norm of gradient: 3.3232234203846724
Iteration 376: -888.6006626400973
L2 norm of gradient: 60.16067916554763
Iteration 377: -871.2495236873233
L2 norm of gradient: 36.89716114820825
Iteration 378: -923.3013699466417
L2 norm of gradient: 2.3340248450945564
Iteration 379: -846.1521750623192
L2 norm of gradient: 17.895681278963938
Iteration 380: -852.4979220307841
L2 norm of gradient: 19.75534924871149
Iteration 381: -924.5008054920119
L2 norm of gradient: 0.7619547667706353
Iteration 382: -883.8675339246116
L2 norm of gradient: 21.271202317971238
Iteration 383: -856.8456615036622
L2 norm of gradient: 2.403556886349422
Iteration 384: -788.3405233783018
L2 norm of gradient: 24.604651087239535
Iteration 385: -828.9703952258201
L2 norm of gradient: 16.631975767426106
Iteration 386: -857.3398197445949
L2 norm of gradient: 54.49198271819529
Iteration 387: -967.099571421052
L2 norm of gradient: 24.15598550080865
Iteration 388: -961.5047976085065
L2 norm of gradient: 6.495750794925704
Iteration 389: -844.4136779645474
L2 norm of gradient: 29.544571263822764
Iteration 390: -869.1608281516176
L2 norm of gradient: 2.6649311257755826
Iteration 391: -750.0041780447987
L2 norm of gradient: 0.3076637240619824
Iteration 392: -951.2654241536769
L2 norm of gradient: 27.949051969083058
Iteration 393: -891.5799734965207
L2 norm of gradient: 10.74808348697474
Iteration 394: -892.0803105678702
L2 norm of gradient: 24.445562644969698
Iteration 395: -836.2447388881477
L2 norm of gradient: 1.9305013463121268
Iteration 396: -827.6046862426422
L2 norm of gradient: 21.593668515609842
Iteration 397: -808.0845040820983
L2 norm of gradient: 32.296299267126756
Iteration 398: -904.7783908046347
L2 norm of gradient: 0.950463913031598
Iteration 399: -845.4640506776205
L2 norm of gradient: 14.314178036978806
Iteration 400: -951.3888577632877
L2 norm of gradient: 43.16532806471826
Iteration 401: -761.6360791012315
L2 norm of gradient: 0.805323073697073
Iteration 402: -894.0217528933881
L2 norm of gradient: 10.636086660886077
Iteration 403: -914.480301294733
L2 norm of gradient: 0.9821926195362817
Iteration 404: -912.6613282496702
L2 norm of gradient: 46.78590524015623
Iteration 405: -914.0822420381637
L2 norm of gradient: 30.145298837627625
Iteration 406: -912.3874758455098
L2 norm of gradient: 45.432705215607996
Iteration 407: -895.8930928510796
L2 norm of gradient: 23.99997153485379
Iteration 408: -950.8150490470688
L2 norm of gradient: 3.8141757222019756
Iteration 409: -817.00209517047
L2 norm of gradient: 23.0919765527199
Iteration 410: -931.5499676363759
L2 norm of gradient: 41.36425667284143
Iteration 411: -869.0650010917302
L2 norm of gradient: 0.8477692649346831
Iteration 412: -874.3257451043617
L2 norm of gradient: 5.564848368855839
Iteration 413: -826.5205204213026
L2 norm of gradient: 31.57023130582872
Iteration 414: -855.4140638182436
L2 norm of gradient: 1.386054899316184
Iteration 415: -864.5313496068792
L2 norm of gradient: 108.88357233303394
Iteration 416: -968.0655665267636
L2 norm of gradient: 23.14545006131994
Iteration 417: -893.1856860389978
L2 norm of gradient: 26.68271932503796
Iteration 418: -863.4600240658551
L2 norm of gradient: 22.639272775029607
Iteration 419: -912.3857214398486
L2 norm of gradient: 36.829226850054255
Iteration 420: -792.454498932226
L2 norm of gradient: 2.6804230379524294
Iteration 421: -893.0045801675972
L2 norm of gradient: 31.626892576593338
Iteration 422: -858.3359029987914
L2 norm of gradient: 5.879825535225348
Iteration 423: -893.9007195638671
L2 norm of gradient: 27.4444148731715
Iteration 424: -770.2692846943198
L2 norm of gradient: 4.862939898316597
Iteration 425: -887.6861875421657
L2 norm of gradient: 23.897804143182096
Iteration 426: -892.7007406449787
L2 norm of gradient: 55.87977252542002
Iteration 427: -954.2727953114538
L2 norm of gradient: 4.046265194251156
Iteration 428: -859.9095754537758
L2 norm of gradient: 2.817717939685611
Iteration 429: -922.4057150302185
L2 norm of gradient: 0.7360663723847352
Iteration 430: -893.4812578304814
L2 norm of gradient: 24.54604496956165
Iteration 431: -778.0223798190826
L2 norm of gradient: 4.129712139386154
Iteration 432: -883.429057495748
L2 norm of gradient: 5.329045451577269
Iteration 433: -940.5339977282842
L2 norm of gradient: 40.347731010806356
Iteration 434: -857.8653771852663
L2 norm of gradient: 9.851372592891694
Iteration 435: -903.0888289805473
L2 norm of gradient: 12.433837179177225
Iteration 436: -906.7291031216093
L2 norm of gradient: 11.84140724945168
Iteration 437: -858.8919812018227
L2 norm of gradient: 20.14965372187102
Iteration 438: -916.6182606059657
L2 norm of gradient: 25.03148995257608
Iteration 439: -906.2040358559722
L2 norm of gradient: 3.9711469712581966
Iteration 440: -816.6490825401366
L2 norm of gradient: 4.456312630458071
Iteration 441: -812.1725446772682
L2 norm of gradient: 31.344518829013353
Iteration 442: -861.1594039657223
L2 norm of gradient: 59.99825280676878
Iteration 443: -819.8392945771209
L2 norm of gradient: 34.23112032774905
Iteration 444: -839.5275605473105
L2 norm of gradient: 3.7155978937067458
Iteration 445: -893.0767322059414
L2 norm of gradient: 1.4332116348751036
Iteration 446: -808.1112011820886
L2 norm of gradient: 34.57887612601183
Iteration 447: -929.6524958449926
L2 norm of gradient: 2.3356740201190758
Iteration 448: -873.8541594932196
L2 norm of gradient: 32.172181360899685
Iteration 449: -736.7955539838359
L2 norm of gradient: 25.05832415617522
Iteration 450: -866.6674837499107
L2 norm of gradient: 25.044459622887754
Iteration 451: -862.6500725316365
L2 norm of gradient: 3.4642315918798015
Iteration 452: -931.0691128216678
L2 norm of gradient: 30.23218686544
Iteration 453: -939.9235408807805
L2 norm of gradient: 32.59284055835281
Iteration 454: -807.7206630139251
L2 norm of gradient: 5.845529766950942
Iteration 455: -853.7535398688415
L2 norm of gradient: 30.7186878601959
Iteration 456: -908.5742440663403
L2 norm of gradient: 6.374131323557596
Iteration 457: -888.503659034609
L2 norm of gradient: 43.43490357069812
Iteration 458: -872.4613710441338
L2 norm of gradient: 1.5961729641919935
Iteration 459: -884.2401089404736
L2 norm of gradient: 9.558860061035972
Iteration 460: -891.391403362381
L2 norm of gradient: 55.49632431527299
Iteration 461: -847.7849240786159
L2 norm of gradient: 6.031156345354351
Iteration 462: -872.4580573000258
L2 norm of gradient: 9.612681312244044
Iteration 463: -804.564181144732
L2 norm of gradient: 5.789696205426784
Iteration 464: -728.7543948070111
L2 norm of gradient: 2.3762009789003606
Iteration 465: -865.0260651177707
L2 norm of gradient: 10.951702846838815
Iteration 466: -959.4977127841801
L2 norm of gradient: 28.977200397129263
Iteration 467: -894.2135986466543
L2 norm of gradient: 34.12926000786418
Iteration 468: -930.8902904441937
L2 norm of gradient: 1.1096914325753995
Iteration 469: -799.3331617944189
L2 norm of gradient: 8.61716024703166
Iteration 470: -843.2476731174972
L2 norm of gradient: 30.81234039604357
Iteration 471: -878.794828914347
L2 norm of gradient: 1.780241024839973
Iteration 472: -941.9187605933212
L2 norm of gradient: 36.32428753581536
Iteration 473: -824.0769530885522
L2 norm of gradient: 27.223157264209128
Iteration 474: -1004.9191856641087
L2 norm of gradient: 7.661247341356188
Iteration 475: -876.9259410161835
L2 norm of gradient: 25.089740651175298
Iteration 476: -842.8669769546339
L2 norm of gradient: 32.07342998465562
Iteration 477: -849.8016270130219
L2 norm of gradient: 52.223007403371945
Iteration 478: -868.9824117706671
L2 norm of gradient: 25.402880848534025
Iteration 479: -839.9881398248627
L2 norm of gradient: 5.659261847244057
Iteration 480: -880.4846131498357
L2 norm of gradient: 58.7578873451119
Iteration 481: -833.3375435115933
L2 norm of gradient: 28.217555436861396
Iteration 482: -873.2224324788059
L2 norm of gradient: 3.2890965227719855
Iteration 483: -892.7024649326012
L2 norm of gradient: 28.387564371136435
Iteration 484: -907.463585211771
L2 norm of gradient: 37.70747496721408
Iteration 485: -836.239057842179
L2 norm of gradient: 26.172763020998513
Iteration 486: -878.3876165874248
L2 norm of gradient: 34.316302051983264
Iteration 487: -911.5008857317314
L2 norm of gradient: 35.20492272970826
Iteration 488: -895.326667145215
L2 norm of gradient: 27.987788176038155
Iteration 489: -850.3039425923679
L2 norm of gradient: 14.430331095006107
Iteration 490: -927.2300950534052
L2 norm of gradient: 7.125304512670496
Iteration 491: -824.5582193171928
L2 norm of gradient: 31.772106519456628
Iteration 492: -819.7008053372485
L2 norm of gradient: 59.84921782579545
Iteration 493: -886.410187181514
L2 norm of gradient: 43.04129281730224
Iteration 494: -832.1539753873603
L2 norm of gradient: 26.864150273244704
Iteration 495: -915.1796989060842
L2 norm of gradient: 9.308263422417014
Iteration 496: -967.5969755701883
L2 norm of gradient: 7.5382134064615665
Iteration 497: -870.4595713253523
L2 norm of gradient: 3.659888574546623
Iteration 498: -844.5639192868598
L2 norm of gradient: 35.88431682825476
Iteration 499: -706.929186154531
[ { query: [ 'Who is a doctor', [Object] ],
    trueResult: 
     Marginal:
         "John and Mary are doctors" : 0.380020640450514
         "John and Mary are doctors and teachers" : 0.20855974943514632
         "John is a doctor" : 0.08655534418766547
         "Mary is a doctor" : 0.08655534418766547
         "John is a doctor and a teacher" : 0.04750258005631425
         "Mary is a doctor and a teacher" : 0.04750258005631425
         "John and Mary are doctors or teachers" : 0.018309772241219994
         "John or Mary is a doctor and a teacher" : 0.01641723975145466
         "John is a doctor or a teacher" : 0.014074838535204214
         "Mary is a doctor or a teacher" : 0.014074838535204214
         "John or Mary is a doctor" : 0.014074838535204214
         "Mary is a teacher" : 0.010819418023458179
         "John is a teacher" : 0.010819418023458179
         "John is not a teacher" : 0.008015222008949992
         "Mary is not a teacher" : 0.008015222008949992
         "John and Mary are teachers" : 0.0059378225070392835
         "John or Mary is a teacher" : 0.005937822507039272
         "John and Mary are not teachers" : 0.0043988471043886965
         "John or Mary is not a teacher" : 0.0043988471043886965
         "John or Mary is a doctor or a teacher" : 0.003954910804103521
         "John is not a doctor and a teacher" : 0.0013033621050040592
         "Mary is not a doctor and a teacher" : 0.0013033621050040592
         "John or Mary is not a doctor and a teacher" : 0.0012360388998589598
         "John and Mary are not doctors and teachers" : 0.00021194082645043896,
    learnedResult: 
     Marginal:
         "John is a doctor" : 0.2588116523227251
         "Mary is a doctor" : 0.2588116523227251
         "John and Mary are doctors" : 0.03535988844577941
         "Mary is a teacher" : 0.03235145654034063
         "John is a teacher" : 0.03235145654034063
         "John is not a teacher" : 0.02396654847067701
         "Mary is not a teacher" : 0.02396654847067701
         "Mary is a doctor and a teacher" : 0.022341467313538622
         "John is a doctor and a teacher" : 0.0223414673135386
         "John or Mary is a doctor" : 0.019538737942485236
         "John is a doctor or a teacher" : 0.018703656156982454
         "Mary is a doctor or a teacher" : 0.018703656156982454
         "John or Mary is a teacher" : 0.017754855793929145
         "John and Mary are teachers" : 0.017754855793929113
         "John and Mary are not teachers" : 0.01315312067771907
         "John or Mary is not a teacher" : 0.013153120677719045
         "John is not a doctor" : 0.013071620895159865
         "Mary is not a doctor" : 0.013071620895159865
         "Mary is not a doctor or a teacher" : 0.01303018213477278
         "John is not a doctor or a teacher" : 0.013030182134772757
         "John or Mary is not a doctor" : 0.012979518230368144
         "Mary is not a doctor and a teacher" : 0.01276162672169706
         "John is not a doctor and a teacher" : 0.012761626721697037
         "John and Mary are not doctors" : 0.011823592519080892
         "John and Mary are doctors and teachers" : 0.010167430086248088
         "John and Mary are doctors or teachers" : 0.009871328260194295
         "John or Mary is a doctor and a teacher" : 0.009796448125706219
         "John or Mary is a doctor or a teacher" : 0.009759954468572123
         "John or Mary is not a doctor or a teacher" : 0.007216958340083532
         "John or Mary is not a doctor and a teacher" : 0.0072131061674439185
         "John and Mary are not doctors or teachers" : 0.007205638216037671
         "John and Mary are not doctors and teachers" : 0.007175025142917124,
    KLDivergence: 1.3453541604665418 },
  { query: [ 'Who is a doctor', [Object] ],
    trueResult: 
     Marginal:
         "John and Mary are doctors" : 0.380020640450514
         "John and Mary are doctors and teachers" : 0.20855974943514632
         "John is a doctor" : 0.08655534418766547
         "Mary is a doctor" : 0.08655534418766547
         "John is a doctor and a teacher" : 0.04750258005631425
         "Mary is a doctor and a teacher" : 0.04750258005631425
         "John and Mary are doctors or teachers" : 0.018309772241219994
         "John or Mary is a doctor and a teacher" : 0.01641723975145466
         "John is a doctor or a teacher" : 0.014074838535204214
         "Mary is a doctor or a teacher" : 0.014074838535204214
         "John or Mary is a doctor" : 0.014074838535204214
         "Mary is a teacher" : 0.010819418023458179
         "John is a teacher" : 0.010819418023458179
         "John is not a teacher" : 0.008015222008949992
         "Mary is not a teacher" : 0.008015222008949992
         "John and Mary are teachers" : 0.0059378225070392835
         "John or Mary is a teacher" : 0.005937822507039272
         "John and Mary are not teachers" : 0.0043988471043886965
         "John or Mary is not a teacher" : 0.0043988471043886965
         "John or Mary is a doctor or a teacher" : 0.003954910804103521
         "John is not a doctor and a teacher" : 0.0013033621050040592
         "Mary is not a doctor and a teacher" : 0.0013033621050040592
         "John or Mary is not a doctor and a teacher" : 0.0012360388998589598
         "John and Mary are not doctors and teachers" : 0.00021194082645043896,
    learnedResult: 
     Marginal:
         "John is a doctor" : 0.2588116523227251
         "Mary is a doctor" : 0.2588116523227251
         "John and Mary are doctors" : 0.03535988844577941
         "Mary is a teacher" : 0.03235145654034063
         "John is a teacher" : 0.03235145654034063
         "John is not a teacher" : 0.02396654847067701
         "Mary is not a teacher" : 0.02396654847067701
         "Mary is a doctor and a teacher" : 0.022341467313538622
         "John is a doctor and a teacher" : 0.0223414673135386
         "John or Mary is a doctor" : 0.019538737942485236
         "John is a doctor or a teacher" : 0.018703656156982454
         "Mary is a doctor or a teacher" : 0.018703656156982454
         "John or Mary is a teacher" : 0.017754855793929145
         "John and Mary are teachers" : 0.017754855793929113
         "John and Mary are not teachers" : 0.01315312067771907
         "John or Mary is not a teacher" : 0.013153120677719045
         "John is not a doctor" : 0.013071620895159865
         "Mary is not a doctor" : 0.013071620895159865
         "Mary is not a doctor or a teacher" : 0.01303018213477278
         "John is not a doctor or a teacher" : 0.013030182134772757
         "John or Mary is not a doctor" : 0.012979518230368144
         "Mary is not a doctor and a teacher" : 0.01276162672169706
         "John is not a doctor and a teacher" : 0.012761626721697037
         "John and Mary are not doctors" : 0.011823592519080892
         "John and Mary are doctors and teachers" : 0.010167430086248088
         "John and Mary are doctors or teachers" : 0.009871328260194295
         "John or Mary is a doctor and a teacher" : 0.009796448125706219
         "John or Mary is a doctor or a teacher" : 0.009759954468572123
         "John or Mary is not a doctor or a teacher" : 0.007216958340083532
         "John or Mary is not a doctor and a teacher" : 0.0072131061674439185
         "John and Mary are not doctors or teachers" : 0.007205638216037671
         "John and Mary are not doctors and teachers" : 0.007175025142917124,
    KLDivergence: 1.3453541604665418 },
  { query: [ 'Who is a doctor and a teacher', [Object] ],
    trueResult: 
     Marginal:
         "John is a doctor and a teacher" : 0.5057429117707349
         "John is a doctor" : 0.11519045846271186
         "John is a teacher" : 0.11519045846271186
         "John or Mary is a doctor and a teacher" : 0.051789172217255514
         "Mary is not a teacher" : 0.02528450088232814
         "Mary is not a doctor" : 0.02528450088232814
         "John and Mary are teachers" : 0.018731218954471676
         "John and Mary are doctors" : 0.018731218954471676
         "John or Mary is a teacher" : 0.018731218954471645
         "John is a doctor or a teacher" : 0.018731218954471645
         "John or Mary is a doctor" : 0.018731218954471645
         "Mary is not a doctor or a teacher" : 0.013876428297051366
         "Mary is not a doctor and a teacher" : 0.013876428297051366
         "John and Mary are doctors or teachers" : 0.007219910001734958
         "Mary is a doctor or a teacher" : 0.00554999080132493
         "John or Mary is a doctor or a teacher" : 0.005263314391264789
         "Mary is a doctor" : 0.004266313276396742
         "Mary is a teacher" : 0.004266313276396742
         "John or Mary is not a doctor" : 0.004111534310237441
         "John or Mary is not a teacher" : 0.004111534310237441
         "John or Mary is not a doctor and a teacher" : 0.003899159202225257
         "John or Mary is not a doctor or a teacher" : 0.0014209763856506024,
    learnedResult: 
     Marginal:
         "John is a teacher" : 0.06382247864416497
         "John is a doctor" : 0.061511784821196326
         "Mary is a doctor" : 0.05888686971007442
         "Mary is a teacher" : 0.05816560465641073
         "Mary is not a teacher" : 0.04439128253913568
         "Mary is not a doctor" : 0.04429204536012149
         "John is not a doctor" : 0.043938791407884176
         "John is not a teacher" : 0.043637549245195056
         "John is a doctor and a teacher" : 0.03319019854104273
         "John is a doctor or a teacher" : 0.032786945039037105
         "John and Mary are teachers" : 0.03277515667054966
         "John or Mary is a teacher" : 0.032762435489852304
         "John or Mary is a doctor" : 0.0327469633489121
         "John and Mary are doctors" : 0.03274526629014156
         "Mary is a doctor or a teacher" : 0.03271594298409875
         "Mary is a doctor and a teacher" : 0.03255716357505256
         "Mary is not a doctor and a teacher" : 0.024267703144001514
         "Mary is not a doctor or a teacher" : 0.024253670157935742
         "John or Mary is not a doctor" : 0.024249932121251875
         "John and Mary are not doctors" : 0.024249873520232456
         "John or Mary is not a teacher" : 0.02424837612641178
         "John and Mary are not teachers" : 0.024246516221435657
         "John is not a doctor or a teacher" : 0.024244282901974435
         "John is not a doctor and a teacher" : 0.024208775006368286
         "John and Mary are doctors and teachers" : 0.017968159638997526
         "John or Mary is a doctor and a teacher" : 0.017967629355755094
         "John and Mary are doctors or teachers" : 0.01796611607634125
         "John or Mary is a doctor or a teacher" : 0.017965960143943034
         "John or Mary is not a doctor or a teacher" : 0.013309243251430368
         "John and Mary are not doctors or teachers" : 0.013309226702815535
         "John or Mary is not a doctor and a teacher" : 0.013309066331718043
         "John and Mary are not doctors and teachers" : 0.013308990976517417,
    KLDivergence: 1.4085688958143119 },
  { query: [ 'Who is a doctor or a teacher', [Object] ],
    trueResult: 
     Marginal:
         "John and Mary are doctors" : 0.1056107851909732
         "John and Mary are teachers" : 0.1056107851909732
         "John is a doctor" : 0.08118368320238828
         "John is a teacher" : 0.08118368320238828
         "Mary is a teacher" : 0.08118368320238828
         "Mary is a doctor" : 0.08118368320238828
         "John and Mary are doctors or teachers" : 0.05796042780983282
         "John and Mary are doctors and teachers" : 0.05796042780983277
         "Mary is a doctor and a teacher" : 0.044554550002441795
         "John is a doctor and a teacher" : 0.044554550002441795
         "Mary is a doctor or a teacher" : 0.04455455000244175
         "John is a doctor or a teacher" : 0.04455455000244175
         "John or Mary is a teacher" : 0.03129208450102909
         "John or Mary is a doctor" : 0.03129208450102909
         "John or Mary is a doctor and a teacher" : 0.021122604886965272
         "John or Mary is a doctor or a teacher" : 0.012519452406923889
         "John is not a doctor and a teacher" : 0.009779799246246973
         "Mary is not a doctor and a teacher" : 0.009779799246246973
         "John is not a teacher" : 0.007517793967297686
         "Mary is not a teacher" : 0.007517793967297686
         "Mary is not a doctor" : 0.007517793967297686
         "John is not a doctor" : 0.007517793967297686
         "John or Mary is not a doctor and a teacher" : 0.00651387501985663
         "John or Mary is not a doctor" : 0.00565960604528182
         "John or Mary is not a teacher" : 0.00565960604528182
         "John and Mary are not doctors and teachers" : 0.0037696035994540657
         "John and Mary are not doctors" : 0.0012224749057808738
         "John and Mary are not teachers" : 0.0012224749057808738,
    learnedResult: 
     Marginal:
         "John is a doctor" : 0.059948391918221135
         "John is a teacher" : 0.05993532705963511
         "Mary is a doctor" : 0.059863947603330726
         "Mary is a teacher" : 0.059862939479820396
         "Mary is not a teacher" : 0.04434178268597145
         "Mary is not a doctor" : 0.04434164605476259
         "John is not a teacher" : 0.044331976590418744
         "John is not a doctor" : 0.044330207734312434
         "John is a doctor and a teacher" : 0.03286096597601242
         "John and Mary are doctors" : 0.032854585050119074
         "John and Mary are teachers" : 0.03285392136175187
         "John is a doctor or a teacher" : 0.03285139798821889
         "John or Mary is a doctor" : 0.03285080839873737
         "John or Mary is a teacher" : 0.03285067470176715
         "Mary is a doctor and a teacher" : 0.03285057718970381
         "Mary is a doctor or a teacher" : 0.032849991249043385
         "Mary is not a doctor or a teacher" : 0.024335759157342554
         "Mary is not a doctor and a teacher" : 0.024335707230846493
         "John or Mary is not a teacher" : 0.024335694568221114
         "John or Mary is not a doctor" : 0.024335681111273683
         "John is not a doctor or a teacher" : 0.024335573094494918
         "John and Mary are not teachers" : 0.02433534571885368
         "John and Mary are not doctors" : 0.02433527529829671
         "John is not a doctor and a teacher" : 0.0243347373767779
         "John and Mary are doctors and teachers" : 0.018028784771526467
         "John and Mary are doctors or teachers" : 0.018028466165199007
         "John or Mary is a doctor and a teacher" : 0.018028464308301503
         "John or Mary is a doctor or a teacher" : 0.01802840164010216
         "John or Mary is not a doctor or a teacher" : 0.013355755693071061
         "John and Mary are not doctors or teachers" : 0.013355749070722008
         "John or Mary is not a doctor and a teacher" : 0.013355749048324443
         "John and Mary are not doctors and teachers" : 0.013355714704819943,
    KLDivergence: 0.42630199443202016 },
  { query: [ 'Who is not a doctor and a teacher', [Object] ],
    trueResult: 
     Marginal:
         "John is a doctor and a teacher" : 0.5057429117707349
         "John is a doctor" : 0.11519045846271186
         "John is a teacher" : 0.11519045846271186
         "John or Mary is a doctor and a teacher" : 0.051789172217255514
         "Mary is not a teacher" : 0.02528450088232814
         "Mary is not a doctor" : 0.02528450088232814
         "John and Mary are teachers" : 0.018731218954471676
         "John and Mary are doctors" : 0.018731218954471676
         "John or Mary is a teacher" : 0.018731218954471645
         "John is a doctor or a teacher" : 0.018731218954471645
         "John or Mary is a doctor" : 0.018731218954471645
         "Mary is not a doctor or a teacher" : 0.013876428297051366
         "Mary is not a doctor and a teacher" : 0.013876428297051366
         "John and Mary are doctors or teachers" : 0.007219910001734958
         "Mary is a doctor or a teacher" : 0.00554999080132493
         "John or Mary is a doctor or a teacher" : 0.005263314391264789
         "Mary is a doctor" : 0.004266313276396742
         "Mary is a teacher" : 0.004266313276396742
         "John or Mary is not a doctor" : 0.004111534310237441
         "John or Mary is not a teacher" : 0.004111534310237441
         "John or Mary is not a doctor and a teacher" : 0.003899159202225257
         "John or Mary is not a doctor or a teacher" : 0.0014209763856506024,
    learnedResult: 
     Marginal:
         "John is a teacher" : 0.05993910613930577
         "John is a doctor" : 0.059897126857280304
         "Mary is a doctor" : 0.05984716121449318
         "Mary is a teacher" : 0.05983302393158093
         "Mary is not a teacher" : 0.044352316303510796
         "Mary is not a doctor" : 0.04435039949805139
         "John is not a doctor" : 0.04434362775949197
         "John is not a teacher" : 0.04433794183865387
         "John is a doctor and a teacher" : 0.0328622522584193
         "John is a doctor or a teacher" : 0.03285486081284236
         "John or Mary is a teacher" : 0.032854389474899215
         "John and Mary are teachers" : 0.03285436343861994
         "John or Mary is a doctor" : 0.03285410289461931
         "John and Mary are doctors" : 0.0328538406669878
         "Mary is a doctor or a teacher" : 0.03285350763072862
         "Mary is a doctor and a teacher" : 0.03285021243629396
         "Mary is not a doctor and a teacher" : 0.024339126425178905
         "Mary is not a doctor or a teacher" : 0.024338836002135298
         "John and Mary are not doctors" : 0.02433878637781277
         "John or Mary is not a doctor" : 0.024338763169570315
         "John or Mary is not a teacher" : 0.024338734334462493
         "John and Mary are not teachers" : 0.024338727631439058
         "John is not a doctor or a teacher" : 0.024338657038284917
         "John is not a doctor and a teacher" : 0.024338002368423022
         "John or Mary is a doctor and a teacher" : 0.018030647139981676
         "John and Mary are doctors and teachers" : 0.018030631695074687
         "John or Mary is a doctor or a teacher" : 0.01803061834577785
         "John and Mary are doctors or teachers" : 0.018030616854115174
         "John and Mary are not doctors or teachers" : 0.013357406184374747
         "John or Mary is not a doctor or a teacher" : 0.013357406043152832
         "John and Mary are not doctors and teachers" : 0.013357404244459326
         "John or Mary is not a doctor and a teacher" : 0.013357402989977833,
    KLDivergence: 1.4230374796010512 },
  { query: [ 'Who is not a doctor or a teacher', [Object] ],
    trueResult: 
     Marginal:
         "John and Mary are doctors" : 0.1056107851909732
         "John and Mary are teachers" : 0.1056107851909732
         "John is a doctor" : 0.08118368320238828
         "John is a teacher" : 0.08118368320238828
         "Mary is a teacher" : 0.08118368320238828
         "Mary is a doctor" : 0.08118368320238828
         "John and Mary are doctors or teachers" : 0.05796042780983282
         "John and Mary are doctors and teachers" : 0.05796042780983277
         "Mary is a doctor and a teacher" : 0.044554550002441795
         "John is a doctor and a teacher" : 0.044554550002441795
         "Mary is a doctor or a teacher" : 0.04455455000244175
         "John is a doctor or a teacher" : 0.04455455000244175
         "John or Mary is a teacher" : 0.03129208450102909
         "John or Mary is a doctor" : 0.03129208450102909
         "John or Mary is a doctor and a teacher" : 0.021122604886965272
         "John or Mary is a doctor or a teacher" : 0.012519452406923889
         "John is not a doctor and a teacher" : 0.009779799246246973
         "Mary is not a doctor and a teacher" : 0.009779799246246973
         "John is not a teacher" : 0.007517793967297686
         "Mary is not a teacher" : 0.007517793967297686
         "Mary is not a doctor" : 0.007517793967297686
         "John is not a doctor" : 0.007517793967297686
         "John or Mary is not a doctor and a teacher" : 0.00651387501985663
         "John or Mary is not a doctor" : 0.00565960604528182
         "John or Mary is not a teacher" : 0.00565960604528182
         "John and Mary are not doctors and teachers" : 0.0037696035994540657
         "John and Mary are not doctors" : 0.0012224749057808738
         "John and Mary are not teachers" : 0.0012224749057808738,
    learnedResult: 
     Marginal:
         "John is a doctor" : 0.05986889929380256
         "John is a teacher" : 0.05986863550193848
         "Mary is a doctor" : 0.059867193732258676
         "Mary is a teacher" : 0.05986717331395239
         "Mary is not a teacher" : 0.04435057514048802
         "Mary is not a doctor" : 0.044350572372937005
         "John is not a teacher" : 0.04435037695355878
         "John is not a doctor" : 0.044350341199260665
         "John is a doctor and a teacher" : 0.03285595216272947
         "John and Mary are doctors" : 0.032855823245564506
         "John and Mary are teachers" : 0.03285580982958848
         "John is a doctor or a teacher" : 0.03285575870373099
         "John or Mary is a doctor" : 0.03285574678939871
         "John or Mary is a teacher" : 0.032855744087080134
         "Mary is a doctor and a teacher" : 0.032855742243534644
         "Mary is a doctor or a teacher" : 0.03285573027594034
         "Mary is not a doctor or a teacher" : 0.024340121342276453
         "Mary is not a doctor and a teacher" : 0.024340120281802227
         "John or Mary is not a teacher" : 0.02434012003771849
         "John or Mary is not a doctor" : 0.02434011976571777
         "John is not a doctor or a teacher" : 0.02434011758219132
         "John and Mary are not teachers" : 0.024340112973609152
         "John and Mary are not doctors" : 0.024340111549962278
         "John is not a doctor and a teacher" : 0.02434010068201977
         "John and Mary are doctors and teachers" : 0.01803161370550593
         "John and Mary are doctors or teachers" : 0.01803160725544996
         "John or Mary is a doctor and a teacher" : 0.018031607216922055
         "John or Mary is a doctor or a teacher" : 0.018031605949016875
         "John or Mary is not a doctor or a teacher" : 0.013358141977595354
         "John and Mary are not doctors or teachers" : 0.013358141843512888
         "John or Mary is not a doctor and a teacher" : 0.01335814184315775
         "John and Mary are not doctors and teachers" : 0.013358141147778063,
    KLDivergence: 0.4264135133620208 },
  { query: [ 'What is John', [Object] ],
    trueResult: 
     Marginal:
         "John is a doctor" : 0.23702792248662735
         "John is not a teacher" : 0.17559460378842734
         "John and Mary are doctors" : 0.130083681939854
         "John and Mary are not teachers" : 0.09636836179440914
         "John or Mary is a doctor" : 0.03854331316736411
         "John is a doctor or a teacher" : 0.03854331316736411
         "Mary is a teacher" : 0.029628490310828412
         "Mary is a doctor" : 0.029628490310828412
         "John is not a doctor and a teacher" : 0.02855358867982489
         "John or Mary is not a teacher" : 0.02855358867982489
         "Mary is not a doctor" : 0.02194932547355341
         "Mary is not a teacher" : 0.02194932547355341
         "John and Mary are doctors or teachers" : 0.021153018759865538
         "Mary is a doctor and a teacher" : 0.01626046024248175
         "Mary is a doctor or a teacher" : 0.016260460242481723
         "John and Mary are not doctors and teachers" : 0.0156705417197306
         "Mary is not a doctor or a teacher" : 0.012046045224301137
         "Mary is not a doctor and a teacher" : 0.012046045224301137
         "John or Mary is a doctor or a teacher" : 0.010830345605051172
         "John or Mary is not a doctor and a teacher" : 0.008023317360502066
         "John or Mary is a teacher" : 0.004817914145920514
         "John or Mary is not a doctor" : 0.0035691985849781176
         "John or Mary is a doctor and a teacher" : 0.0016651064329923299
         "John or Mary is not a doctor or a teacher" : 0.0012335411849350591,
    learnedResult: 
     Marginal:
         "John is a doctor" : 0.35178995961156206
         "John is not a teacher" : 0.05392863610719575
         "Mary is a teacher" : 0.04397374495144524
         "Mary is a doctor" : 0.04397374495144524
         "Mary is not a teacher" : 0.03257655149164125
         "Mary is not a doctor" : 0.03257655149164125
         "John and Mary are doctors" : 0.030367658539934558
         "John or Mary is a doctor" : 0.025422960616351124
         "John is a doctor or a teacher" : 0.024320686919390343
         "Mary is a doctor and a teacher" : 0.0241333029119841
         "Mary is a doctor or a teacher" : 0.02413330291198406
         "John or Mary is a teacher" : 0.02288801432581493
         "John and Mary are teachers" : 0.018816535100148923
         "John is not a doctor and a teacher" : 0.0185493463752805
         "John and Mary are not teachers" : 0.018498940362926316
         "John or Mary is not a teacher" : 0.018006252095802804
         "Mary is not a doctor and a teacher" : 0.017878390522429004
         "Mary is not a doctor or a teacher" : 0.017878390522429004
         "John is not a doctor or a teacher" : 0.017853311456464235
         "John is not a doctor" : 0.01776761187333205
         "John or Mary is not a doctor" : 0.017751135679105124
         "John is a doctor and a teacher" : 0.01765560241780064
         "John and Mary are not doctors" : 0.01727187583813055
         "John and Mary are doctors or teachers" : 0.013252845271209459
         "John or Mary is a doctor or a teacher" : 0.013246351816859318
         "John or Mary is a doctor and a teacher" : 0.013197160826185056
         "John and Mary are doctors and teachers" : 0.013015935601775724
         "John and Mary are not doctors and teachers" : 0.00983568506590123
         "John or Mary is not a doctor and a teacher" : 0.009816813840621724
         "John or Mary is not a doctor or a teacher" : 0.009811690546301636
         "John and Mary are not doctors or teachers" : 0.009811009956906995,
    KLDivergence: 0.45233279706675256 },
  { query: [ 'What is John', [Object] ],
    trueResult: 
     Marginal:
         "John is a doctor and a teacher" : 0.37545849217947985
         "John and Mary are doctors and teachers" : 0.20605598937841657
         "John is a doctor" : 0.08551624717081296
         "John is a teacher" : 0.08551624717081296
         "John and Mary are teachers" : 0.046932311522435
         "John and Mary are doctors" : 0.046932311522435
         "John or Mary is a doctor and a teacher" : 0.03844776478197857
         "John or Mary is a teacher" : 0.013905870080721474
         "John is a doctor or a teacher" : 0.013905870080721474
         "John or Mary is a doctor" : 0.013905870080721474
         "Mary is a teacher" : 0.010689530896351615
         "Mary is a doctor" : 0.010689530896351615
         "Mary is not a doctor" : 0.007918999258557448
         "Mary is not a teacher" : 0.007918999258557448
         "John and Mary are doctors or teachers" : 0.007631703310311726
         "Mary is a doctor and a teacher" : 0.005866538940304378
         "Mary is a doctor or a teacher" : 0.0058665389403043675
         "Mary is not a doctor or a teacher" : 0.004346038939316297
         "Mary is not a doctor and a teacher" : 0.004346038939316297
         "John or Mary is a doctor or a teacher" : 0.003907432094879606
         "John or Mary is not a doctor" : 0.0012877152412789025
         "John or Mary is not a teacher" : 0.0012877152412789025
         "John or Mary is not a doctor and a teacher" : 0.0012212002512970355
         "John or Mary is not a doctor or a teacher" : 0.00044504382335897773,
    learnedResult: 
     Marginal:
         "John is a doctor" : 0.2588120854994214
         "John is a teacher" : 0.2588120854994214
         "John is a doctor and a teacher" : 0.03535994762812116
         "Mary is a teacher" : 0.03235151068742766
         "Mary is a doctor" : 0.03235151068742766
         "Mary is not a teacher" : 0.023966588583825676
         "Mary is not a doctor" : 0.023966588583825676
         "John and Mary are doctors" : 0.02234150470676612
         "John and Mary are teachers" : 0.022341504706766102
         "John is a doctor or a teacher" : 0.01953877064474522
         "John or Mary is a doctor" : 0.018703687461554368
         "John or Mary is a teacher" : 0.018703687461554368
         "Mary is a doctor and a teacher" : 0.017754885510480555
         "Mary is a doctor or a teacher" : 0.017754885510480524
         "Mary is not a doctor or a teacher" : 0.013153142692281834
         "Mary is not a doctor and a teacher" : 0.013153142692281834
         "John is not a doctor" : 0.013071642773315276
         "John is not a teacher" : 0.013071642773315276
         "John or Mary is not a teacher" : 0.013059521227283452
         "John or Mary is not a doctor" : 0.013059521227283452
         "John is not a doctor or a teacher" : 0.012926271496930566
         "John and Mary are not teachers" : 0.012706929473170547
         "John and Mary are not doctors" : 0.012706929473170547
         "John is not a doctor and a teacher" : 0.0119156548766493
         "John and Mary are doctors and teachers" : 0.010190540324077034
         "John or Mary is a doctor and a teacher" : 0.009835621491179888
         "John and Mary are doctors or teachers" : 0.009820662265268698
         "John or Mary is a doctor or a teacher" : 0.009759929405248694
         "John or Mary is not a doctor or a teacher" : 0.0072169771141218884
         "John and Mary are not doctors or teachers" : 0.007210799377520062
         "John or Mary is not a doctor and a teacher" : 0.007209064315233697
         "John and Mary are not doctors and teachers" : 0.007172763829850271,
    KLDivergence: 1.347597510388511 },
  { query: [ 'What isn\'t John', [Object] ],
    trueResult: 
     Marginal:
         "John is a doctor and a teacher" : 0.37545849217947985
         "John and Mary are doctors and teachers" : 0.20605598937841657
         "John is a doctor" : 0.08551624717081296
         "John is a teacher" : 0.08551624717081296
         "John and Mary are teachers" : 0.046932311522435
         "John and Mary are doctors" : 0.046932311522435
         "John or Mary is a doctor and a teacher" : 0.03844776478197857
         "John or Mary is a teacher" : 0.013905870080721474
         "John is a doctor or a teacher" : 0.013905870080721474
         "John or Mary is a doctor" : 0.013905870080721474
         "Mary is a teacher" : 0.010689530896351615
         "Mary is a doctor" : 0.010689530896351615
         "Mary is not a doctor" : 0.007918999258557448
         "Mary is not a teacher" : 0.007918999258557448
         "John and Mary are doctors or teachers" : 0.007631703310311726
         "Mary is a doctor and a teacher" : 0.005866538940304378
         "Mary is a doctor or a teacher" : 0.0058665389403043675
         "Mary is not a doctor or a teacher" : 0.004346038939316297
         "Mary is not a doctor and a teacher" : 0.004346038939316297
         "John or Mary is a doctor or a teacher" : 0.003907432094879606
         "John or Mary is not a doctor" : 0.0012877152412789025
         "John or Mary is not a teacher" : 0.0012877152412789025
         "John or Mary is not a doctor and a teacher" : 0.0012212002512970355
         "John or Mary is not a doctor or a teacher" : 0.00044504382335897773,
    learnedResult: 
     Marginal:
         "John is a doctor" : 0.06290168215318707
         "John is a teacher" : 0.06290168215318707
         "Mary is a doctor" : 0.05946123227203045
         "Mary is a teacher" : 0.05946123227203045
         "Mary is not a teacher" : 0.04404996429130783
         "Mary is not a doctor" : 0.04404996429130783
         "John is not a doctor" : 0.0435939341455933
         "John is not a teacher" : 0.0435939341455933
         "John is a doctor and a teacher" : 0.033095801690315736
         "John and Mary are doctors" : 0.03278073601138683
         "John and Mary are teachers" : 0.03278073601138677
         "John is a doctor or a teacher" : 0.03269329036195053
         "John or Mary is a teacher" : 0.0326654609701201
         "John or Mary is a doctor" : 0.032665460970120075
         "Mary is a doctor and a teacher" : 0.03263301616737994
         "Mary is a doctor or a teacher" : 0.03263301616737991
         "Mary is not a doctor or a teacher" : 0.024175132972596165
         "Mary is not a doctor and a teacher" : 0.024175132972596144
         "John or Mary is not a doctor" : 0.024171868636278147
         "John or Mary is not a teacher" : 0.024171868636278147
         "John is not a doctor or a teacher" : 0.024167166642929335
         "John and Mary are not doctors" : 0.024159435443574385
         "John and Mary are not teachers" : 0.024159435443574365
         "John is not a doctor and a teacher" : 0.024132153781501908
         "John and Mary are doctors and teachers" : 0.017924071130447722
         "John or Mary is a doctor and a teacher" : 0.017912436082827818
         "John and Mary are doctors or teachers" : 0.017912041279124935
         "John or Mary is a doctor or a teacher" : 0.017909931189435842
         "John or Mary is not a doctor or a teacher" : 0.013267537690499983
         "John and Mary are not doctors or teachers" : 0.013267321878211379
         "John or Mary is not a doctor and a teacher" : 0.013267273461071365
         "John and Mary are not doctors and teachers" : 0.013266048684775543,
    KLDivergence: 1.371669696237635 },
  { query: [ 'What isn\'t John', [Object] ],
    trueResult: 
     Marginal:
         "John is a doctor and a teacher" : 0.37545849217947985
         "John and Mary are doctors and teachers" : 0.20605598937841657
         "John is a doctor" : 0.08551624717081296
         "John is a teacher" : 0.08551624717081296
         "John and Mary are teachers" : 0.046932311522435
         "John and Mary are doctors" : 0.046932311522435
         "John or Mary is a doctor and a teacher" : 0.03844776478197857
         "John or Mary is a teacher" : 0.013905870080721474
         "John is a doctor or a teacher" : 0.013905870080721474
         "John or Mary is a doctor" : 0.013905870080721474
         "Mary is a teacher" : 0.010689530896351615
         "Mary is a doctor" : 0.010689530896351615
         "Mary is not a doctor" : 0.007918999258557448
         "Mary is not a teacher" : 0.007918999258557448
         "John and Mary are doctors or teachers" : 0.007631703310311726
         "Mary is a doctor and a teacher" : 0.005866538940304378
         "Mary is a doctor or a teacher" : 0.0058665389403043675
         "Mary is not a doctor or a teacher" : 0.004346038939316297
         "Mary is not a doctor and a teacher" : 0.004346038939316297
         "John or Mary is a doctor or a teacher" : 0.003907432094879606
         "John or Mary is not a doctor" : 0.0012877152412789025
         "John or Mary is not a teacher" : 0.0012877152412789025
         "John or Mary is not a doctor and a teacher" : 0.0012212002512970355
         "John or Mary is not a doctor or a teacher" : 0.00044504382335897773,
    learnedResult: 
     Marginal:
         "John is a doctor" : 0.06290168215318707
         "John is a teacher" : 0.06290168215318707
         "Mary is a doctor" : 0.05946123227203045
         "Mary is a teacher" : 0.05946123227203045
         "Mary is not a teacher" : 0.04404996429130783
         "Mary is not a doctor" : 0.04404996429130783
         "John is not a doctor" : 0.0435939341455933
         "John is not a teacher" : 0.0435939341455933
         "John is a doctor and a teacher" : 0.033095801690315736
         "John and Mary are doctors" : 0.03278073601138683
         "John and Mary are teachers" : 0.03278073601138677
         "John is a doctor or a teacher" : 0.03269329036195053
         "John or Mary is a teacher" : 0.0326654609701201
         "John or Mary is a doctor" : 0.032665460970120075
         "Mary is a doctor and a teacher" : 0.03263301616737994
         "Mary is a doctor or a teacher" : 0.03263301616737991
         "Mary is not a doctor or a teacher" : 0.024175132972596165
         "Mary is not a doctor and a teacher" : 0.024175132972596144
         "John or Mary is not a doctor" : 0.024171868636278147
         "John or Mary is not a teacher" : 0.024171868636278147
         "John is not a doctor or a teacher" : 0.024167166642929335
         "John and Mary are not doctors" : 0.024159435443574385
         "John and Mary are not teachers" : 0.024159435443574365
         "John is not a doctor and a teacher" : 0.024132153781501908
         "John and Mary are doctors and teachers" : 0.017924071130447722
         "John or Mary is a doctor and a teacher" : 0.017912436082827818
         "John and Mary are doctors or teachers" : 0.017912041279124935
         "John or Mary is a doctor or a teacher" : 0.017909931189435842
         "John or Mary is not a doctor or a teacher" : 0.013267537690499983
         "John and Mary are not doctors or teachers" : 0.013267321878211379
         "John or Mary is not a doctor and a teacher" : 0.013267273461071365
         "John and Mary are not doctors and teachers" : 0.013266048684775543,
    KLDivergence: 1.371669696237635 } ]
