L2 norm of gradient: 0.9412848887312525
Iteration 0: -889.6506601426568
L2 norm of gradient: 8.255133704505305
Iteration 1: -878.639762902538
L2 norm of gradient: 0.9729245834332423
Iteration 2: -870.4459051814235
L2 norm of gradient: 5.46362313645416
Iteration 3: -909.0569775837643
L2 norm of gradient: 0.2044263020575746
Iteration 4: -893.5839916251831
L2 norm of gradient: 1.1633266394974904
Iteration 5: -832.0650464065045
L2 norm of gradient: 10.006772663917285
Iteration 6: -921.3517273744295
L2 norm of gradient: 9.767860379975385
Iteration 7: -959.7627218012046
L2 norm of gradient: 5.21106722921375
Iteration 8: -932.3803530463774
L2 norm of gradient: 5.691209611426067
Iteration 9: -880.2042836548778
L2 norm of gradient: 4.148804329943905
Iteration 10: -909.0293091687032
L2 norm of gradient: 10.568382064105093
Iteration 11: -1019.1037515945113
L2 norm of gradient: 3.606463600278658
Iteration 12: -951.3570083010155
L2 norm of gradient: 0.2611089425986297
Iteration 13: -864.7790222519689
L2 norm of gradient: 10.809000907394264
Iteration 14: -856.272034422461
L2 norm of gradient: 3.511243980961073
Iteration 15: -995.6202632453765
L2 norm of gradient: 8.571727902418138
Iteration 16: -888.1142355321693
L2 norm of gradient: 9.009537997883067
Iteration 17: -922.5735384853803
L2 norm of gradient: 1.1764797038163624
Iteration 18: -908.8768969537076
L2 norm of gradient: 11.990888482728598
Iteration 19: -847.4503707419992
L2 norm of gradient: 9.545956583561146
Iteration 20: -840.4111031244797
L2 norm of gradient: 1.0171419999442661
Iteration 21: -928.257557270465
L2 norm of gradient: 6.611456400398681
Iteration 22: -953.393129505434
L2 norm of gradient: 5.937904593582845
Iteration 23: -947.7193750140781
L2 norm of gradient: 5.809674239669148
Iteration 24: -932.2234824234514
L2 norm of gradient: 6.342332492454785
Iteration 25: -928.0483106932413
L2 norm of gradient: 4.0465149665077735
Iteration 26: -947.5593202950105
L2 norm of gradient: 10.006674658029649
Iteration 27: -907.2653172841822
L2 norm of gradient: 4.135833636149319
Iteration 28: -871.6268740414304
L2 norm of gradient: 6.104318858880019
Iteration 29: -903.1414349591912
L2 norm of gradient: 0.6715953168956529
Iteration 30: -861.9587394021444
L2 norm of gradient: 6.2026104410355005
Iteration 31: -912.7118803735311
L2 norm of gradient: 0.5670140358517698
Iteration 32: -951.415198434378
L2 norm of gradient: 0.038445081686381444
Iteration 33: -951.2034357258001
L2 norm of gradient: 1.2546756914347335
Iteration 34: -947.265578182795
L2 norm of gradient: 10.182400998719956
Iteration 35: -970.7181450921423
L2 norm of gradient: 0.6220987060419321
Iteration 36: -855.1464629697091
L2 norm of gradient: 4.206353547430989
Iteration 37: -941.8235728229948
L2 norm of gradient: 9.892343849149912
Iteration 38: -816.2024497541012
L2 norm of gradient: 0.012005545485121054
Iteration 39: -883.9997387421672
L2 norm of gradient: 7.237455603249679
Iteration 40: -927.8802586927127
L2 norm of gradient: 4.912656292117595
Iteration 41: -947.4639857527777
L2 norm of gradient: 6.814494361276066
Iteration 42: -893.3712666720248
L2 norm of gradient: 9.324907516179337
Iteration 43: -887.8924422449924
L2 norm of gradient: 9.045697659228125
Iteration 44: -888.1217997654045
L2 norm of gradient: 1.0067906833323048
Iteration 45: -841.6269689702389
L2 norm of gradient: 4.899580996452974
Iteration 46: -975.9935849898186
L2 norm of gradient: 5.297289943005879
Iteration 47: -856.9506102265289
L2 norm of gradient: 5.0361536899156745
Iteration 48: -879.9678516790544
L2 norm of gradient: 7.158362044024898
Iteration 49: -941.5450008331877
L2 norm of gradient: 0.35229454714625746
Iteration 50: -770.5734759652549
L2 norm of gradient: 13.235477413792772
Iteration 51: -882.0748155022269
L2 norm of gradient: 10.28962927279757
Iteration 52: -901.5878282293422
L2 norm of gradient: 9.729618431462482
Iteration 53: -984.243192400562
L2 norm of gradient: 0.006018159595077044
Iteration 54: -922.4003539307361
L2 norm of gradient: 9.438916889928592
Iteration 55: -878.3929226814167
L2 norm of gradient: 0.8065102423137918
Iteration 56: -1024.2762941518001
L2 norm of gradient: 9.433069830997924
Iteration 57: -849.558913670774
L2 norm of gradient: 0.9545087316353497
Iteration 58: -922.5758823234972
L2 norm of gradient: 5.6518656794737625
Iteration 59: -852.0120685832901
L2 norm of gradient: 10.731311046415701
Iteration 60: -891.8335718970947
L2 norm of gradient: 9.563478849635809
Iteration 61: -907.3138750010161
L2 norm of gradient: 1.079974231252288
Iteration 62: -851.4606992752001
L2 norm of gradient: 14.172184799193877
Iteration 63: -858.5363684519937
L2 norm of gradient: 0.8982880977436121
Iteration 64: -899.4779680545987
L2 norm of gradient: 8.386198503796164
Iteration 65: -918.2804191726849
L2 norm of gradient: 13.240715584680057
Iteration 66: -908.2304171762717
L2 norm of gradient: 7.9474043157849295
Iteration 67: -807.8119704832473
L2 norm of gradient: 12.681662131798953
Iteration 68: -969.959344587956
L2 norm of gradient: 0.9870147927226096
Iteration 69: -893.7671538105926
L2 norm of gradient: 1.531757998755591
Iteration 70: -957.1073550891568
L2 norm of gradient: 23.385428902846083
Iteration 71: -803.9656414011632
L2 norm of gradient: 6.26384184850538
Iteration 72: -813.5346071636811
L2 norm of gradient: 8.112885886397748
Iteration 73: -989.4782489999163
L2 norm of gradient: 19.1260349737907
Iteration 74: -896.7582049798598
L2 norm of gradient: 0.4830341951316699
Iteration 75: -864.9759002149937
L2 norm of gradient: 6.545608754149028
Iteration 76: -879.9827962317762
L2 norm of gradient: 8.487885854342252
Iteration 77: -979.7340323852865
L2 norm of gradient: 10.919333749347647
Iteration 78: -801.1517401039398
L2 norm of gradient: 8.808157198038284
Iteration 79: -941.1582387588153
L2 norm of gradient: 0.8676968937069451
Iteration 80: -947.6433826267662
L2 norm of gradient: 10.505123765050953
Iteration 81: -868.0825220577169
L2 norm of gradient: 15.063978429456421
Iteration 82: -924.8979995291203
L2 norm of gradient: 5.022762894470928
Iteration 83: -981.8727719993559
L2 norm of gradient: 0.42709734496744306
Iteration 84: -827.5245409024669
L2 norm of gradient: 0.5395933046741652
Iteration 85: -864.9702263831055
L2 norm of gradient: 8.998759223865223
Iteration 86: -902.8379352675686
L2 norm of gradient: 1.63533883021059
Iteration 87: -880.9659263119509
L2 norm of gradient: 10.712332468123796
Iteration 88: -912.3907364589279
L2 norm of gradient: 1.1992185642752131
Iteration 89: -908.8184388134903
L2 norm of gradient: 0.6556452934328282
Iteration 90: -884.2012862022643
L2 norm of gradient: 1.6550834017066314
Iteration 91: -851.5136550185014
L2 norm of gradient: 9.598980684703522
Iteration 92: -988.9463187957597
L2 norm of gradient: 6.547716816578292
Iteration 93: -879.8768349411811
L2 norm of gradient: 0.6118379318880517
Iteration 94: -816.7353806707687
L2 norm of gradient: 9.780727674555898
Iteration 95: -873.6466710336549
L2 norm of gradient: 0.2020771602621834
Iteration 96: -913.0315736253623
L2 norm of gradient: 1.1779140726375938
Iteration 97: -918.9072695411069
L2 norm of gradient: 12.284980800004451
Iteration 98: -862.3700729414056
L2 norm of gradient: 12.182033438563007
Iteration 99: -825.0793806776264
L2 norm of gradient: 9.916207583318828
Iteration 100: -960.003138799819
L2 norm of gradient: 0.01912220437940221
Iteration 101: -941.6014355024735
L2 norm of gradient: 0.2576021983129722
Iteration 102: -798.4790722364262
L2 norm of gradient: 0.7449741865670312
Iteration 103: -874.317079437579
L2 norm of gradient: 1.2939095480606722
Iteration 104: -893.7404237566118
L2 norm of gradient: 0.6168219814554878
Iteration 105: -951.4050180815422
L2 norm of gradient: 6.696702229694734
Iteration 106: -854.841288655912
L2 norm of gradient: 0.21251301352098487
Iteration 107: -875.2760814849178
L2 norm of gradient: 0.6477914605238281
Iteration 108: -913.0050020756305
L2 norm of gradient: 6.714247696050832
Iteration 109: -1023.7520780813129
L2 norm of gradient: 0.140714088338915
Iteration 110: -941.6162875141688
L2 norm of gradient: 0.22728735558362112
Iteration 111: -913.030204789724
L2 norm of gradient: 13.798335903933753
Iteration 112: -944.1250713094469
L2 norm of gradient: 11.449416034108074
Iteration 113: -898.1194756388003
L2 norm of gradient: 1.3475829326375937
Iteration 114: -889.8502393009429
L2 norm of gradient: 7.339791937450922
Iteration 115: -908.5054936832028
L2 norm of gradient: 14.572472053492085
Iteration 116: -872.7442187905955
L2 norm of gradient: 1.0686376964124689
Iteration 117: -928.2505302194578
L2 norm of gradient: 0.8309942251677215
Iteration 118: -947.3365067588252
L2 norm of gradient: 11.37147267491935
Iteration 119: -820.48228546225
L2 norm of gradient: 13.664563872504202
Iteration 120: -882.160714541534
L2 norm of gradient: 1.734155756229212
Iteration 121: -899.2818604346515
L2 norm of gradient: 11.859042592266109
Iteration 122: -888.2935765427685
L2 norm of gradient: 0.6709167988610059
Iteration 123: -922.5494239595172
L2 norm of gradient: 2.13181658830691
Iteration 124: -741.8822967217546
L2 norm of gradient: 1.4422469139680159
Iteration 125: -966.617580063765
L2 norm of gradient: 18.25160643231061
Iteration 126: -914.4174161222592
L2 norm of gradient: 1.878321202335364
Iteration 127: -842.5616280835734
L2 norm of gradient: 1.5512748826825427
Iteration 128: -823.4992616189104
L2 norm of gradient: 11.479134910350664
Iteration 129: -853.7421295010024
L2 norm of gradient: 12.349003195276754
Iteration 130: -916.9052997638228
L2 norm of gradient: 1.5322207051216112
Iteration 131: -908.7477955367447
L2 norm of gradient: 11.81487716141228
Iteration 132: -882.3721358447128
L2 norm of gradient: 23.215847491044563
Iteration 133: -909.8769342199269
L2 norm of gradient: 12.146503990019719
Iteration 134: -901.6152331756629
L2 norm of gradient: 0.07754409803207835
Iteration 135: -874.4026607715473
L2 norm of gradient: 0.0889330657217532
Iteration 136: -884.0072594679172
L2 norm of gradient: 1.5365401323643915
Iteration 137: -794.630666694306
L2 norm of gradient: 8.08747309393053
Iteration 138: -834.9999873657664
L2 norm of gradient: 13.371443863689544
Iteration 139: -919.4773606958204
L2 norm of gradient: 13.92491947781647
Iteration 140: -785.880990319656
L2 norm of gradient: 11.907467016549653
Iteration 141: -953.9085145415023
L2 norm of gradient: 14.018598188648545
Iteration 142: -935.7261389346315
L2 norm of gradient: 2.0192578886676125
Iteration 143: -851.490952354491
L2 norm of gradient: 10.58928354739198
Iteration 144: -884.7007506442793
L2 norm of gradient: 0.11664317412367504
Iteration 145: -932.0038038234679
L2 norm of gradient: 12.00139425580727
Iteration 146: -973.0122780138561
L2 norm of gradient: 0.9053887838669371
Iteration 147: -860.9854804305518
L2 norm of gradient: 1.9511268371996522
Iteration 148: -860.7629522467449
L2 norm of gradient: 11.957941654537398
Iteration 149: -891.8133269297472
L2 norm of gradient: 0.17869414423554525
Iteration 150: -961.2419833043732
L2 norm of gradient: 12.854723176255607
Iteration 151: -901.3003404385091
L2 norm of gradient: 1.7533024690071763
Iteration 152: -787.782709730608
L2 norm of gradient: 13.45685916944778
Iteration 153: -853.0792766876721
L2 norm of gradient: 19.393697075145656
Iteration 154: -855.4609363771804
L2 norm of gradient: 17.525123196664772
Iteration 155: -929.8689457795814
L2 norm of gradient: 0.8637531598340281
Iteration 156: -835.8947188976288
L2 norm of gradient: 2.0035668377263893
Iteration 157: -889.6489078129657
L2 norm of gradient: 15.049050640398573
Iteration 158: -954.9368068463621
L2 norm of gradient: 13.329563267779188
Iteration 159: -828.4303158924882
L2 norm of gradient: 13.009986626784801
Iteration 160: -895.6496666039725
L2 norm of gradient: 0.2474771353562148
Iteration 161: -913.024200607628
L2 norm of gradient: 4.052339395248452
Iteration 162: -866.4408931209407
L2 norm of gradient: 0.859242370375686
Iteration 163: -845.4960468944114
L2 norm of gradient: 25.485921220792363
Iteration 164: -754.5055094464801
L2 norm of gradient: 1.5159749053571339
Iteration 165: -884.0914182040976
L2 norm of gradient: 2.2579295620212854
Iteration 166: -899.475208819557
L2 norm of gradient: 0.2925332003695092
Iteration 167: -961.023375130516
L2 norm of gradient: 20.589008632155988
Iteration 168: -788.1486006932621
L2 norm of gradient: 0.29483964000431206
Iteration 169: -855.4269252624871
L2 norm of gradient: 0.37125883671551174
Iteration 170: -884.2040577410907
L2 norm of gradient: 23.403994876759704
Iteration 171: -925.5504248827143
L2 norm of gradient: 12.332915980175837
Iteration 172: -930.1961597483571
L2 norm of gradient: 0.2777657033360883
Iteration 173: -808.0780211004584
L2 norm of gradient: 13.22176519672485
Iteration 174: -856.9308167816528
L2 norm of gradient: 23.055650890903195
Iteration 175: -956.6581822230401
L2 norm of gradient: 27.656926563533
Iteration 176: -906.380783537613
L2 norm of gradient: 4.670996109257512
Iteration 177: -809.6766326592177
L2 norm of gradient: 11.937697898249855
Iteration 178: -881.6365650999957
L2 norm of gradient: 24.567577569805064
Iteration 179: -933.4678886874327
L2 norm of gradient: 0.21242415238204823
Iteration 180: -970.8283919799728
L2 norm of gradient: 11.913439674378383
Iteration 181: -862.3555399435879
L2 norm of gradient: 15.543355862883914
Iteration 182: -929.1383307683654
L2 norm of gradient: 22.028103529198425
Iteration 183: -872.8455310995205
L2 norm of gradient: 0.12388053406964673
Iteration 184: -893.607578779569
L2 norm of gradient: 0.3331176583690464
Iteration 185: -922.6260032315244
L2 norm of gradient: 0.2975424795719024
Iteration 186: -951.4319865983953
L2 norm of gradient: 48.7263714640764
Iteration 187: -917.8536415649409
L2 norm of gradient: 22.868878613664712
Iteration 188: -821.306079414959
L2 norm of gradient: 15.988370459277482
Iteration 189: -814.2236522299376
L2 norm of gradient: 2.2532377134107158
Iteration 190: -937.9410603541647
L2 norm of gradient: 2.8240491747009098
Iteration 191: -899.2228578284504
L2 norm of gradient: 2.510500128817787
Iteration 192: -871.2692019396904
L2 norm of gradient: 2.4216112338436697
Iteration 193: -851.0484686452902
L2 norm of gradient: 12.4256289078558
Iteration 194: -838.559575543288
L2 norm of gradient: 0.1865528453712663
Iteration 195: -912.7878103011345
L2 norm of gradient: 1.2740848854058224
Iteration 196: -932.0853754543639
L2 norm of gradient: 16.31522403720879
Iteration 197: -957.108214865252
L2 norm of gradient: 0.48782168259712594
Iteration 198: -951.3442992228047
L2 norm of gradient: 15.962569345526722
Iteration 199: -981.089889781075
L2 norm of gradient: 9.688993034197178
Iteration 200: -825.6458130496122
L2 norm of gradient: 17.207865886952302
Iteration 201: -804.0334403640691
L2 norm of gradient: 16.908006595737742
Iteration 202: -908.4611109781724
L2 norm of gradient: 2.3892069717557636
Iteration 203: -908.7439428460859
L2 norm of gradient: 17.891284855493836
Iteration 204: -850.5767307527864
L2 norm of gradient: 26.62423828421432
Iteration 205: -945.1994607595686
L2 norm of gradient: 2.648335167060188
Iteration 206: -880.0295234366278
L2 norm of gradient: 19.32111759094681
Iteration 207: -882.6015179813692
L2 norm of gradient: 0.566262986906686
Iteration 208: -922.7008948370501
L2 norm of gradient: 1.3125819407225163
Iteration 209: -817.9645260431827
L2 norm of gradient: 35.598755595904386
Iteration 210: -818.2769310773248
L2 norm of gradient: 0.44416955742176595
Iteration 211: -855.132112874194
L2 norm of gradient: 28.813332337821226
Iteration 212: -905.4884889998389
L2 norm of gradient: 4.891952941809003
Iteration 213: -875.9246031157461
L2 norm of gradient: 1.2362724941682621
Iteration 214: -883.7934476293176
L2 norm of gradient: 17.018287128570798
Iteration 215: -907.9689304834493
L2 norm of gradient: 0.15978010673257725
Iteration 216: -874.3818942495157
L2 norm of gradient: 18.69613587221344
Iteration 217: -936.8333763318487
L2 norm of gradient: 11.168852419306605
Iteration 218: -910.6008063349955
L2 norm of gradient: 18.67882277124119
Iteration 219: -879.4059894110233
L2 norm of gradient: 1.5837581954121254
Iteration 220: -883.954044367679
L2 norm of gradient: 13.744324969288934
Iteration 221: -880.3164436408539
L2 norm of gradient: 25.90667593563595
Iteration 222: -931.4504256390721
L2 norm of gradient: 1.716472929363159
Iteration 223: -874.1094053451413
L2 norm of gradient: 1.4797077570478512
Iteration 224: -874.1515587177195
L2 norm of gradient: 10.863804564603793
Iteration 225: -912.6922297236435
L2 norm of gradient: 0.5070093251115361
Iteration 226: -884.0099385019597
L2 norm of gradient: 0.20381598181549743
Iteration 227: -922.3783198018687
L2 norm of gradient: 2.11442216924427
Iteration 228: -894.6892154983784
L2 norm of gradient: 2.0851943392078076
Iteration 229: -835.6590852061861
L2 norm of gradient: 17.23493120948084
Iteration 230: -855.1336914365295
L2 norm of gradient: 41.31035064819941
Iteration 231: -974.4887420953684
L2 norm of gradient: 0.897496518396436
Iteration 232: -913.2204144873958
L2 norm of gradient: 15.567666625222042
Iteration 233: -912.8479437387699
L2 norm of gradient: 19.663244810124795
Iteration 234: -907.0985034631913
L2 norm of gradient: 19.78583668925106
Iteration 235: -802.0148881985685
L2 norm of gradient: 16.340105402519374
Iteration 236: -870.3490476531381
L2 norm of gradient: 32.94428441774217
Iteration 237: -822.1291175357076
L2 norm of gradient: 20.275849506332047
Iteration 238: -849.2360990057103
L2 norm of gradient: 0.41217325357881535
Iteration 239: -846.5308289735617
L2 norm of gradient: 21.605594053415665
Iteration 240: -883.1922777107993
L2 norm of gradient: 20.334427065313502
Iteration 241: -887.670408130971
L2 norm of gradient: 22.108135420514788
Iteration 242: -902.4172677510761
L2 norm of gradient: 15.925605547184098
Iteration 243: -874.1165163989202
L2 norm of gradient: 3.0034603888750624
Iteration 244: -908.9103922870988
L2 norm of gradient: 2.138866774142428
Iteration 245: -918.0795830118345
L2 norm of gradient: 14.094458151651263
Iteration 246: -947.3939559677198
L2 norm of gradient: 0.566180286894879
Iteration 247: -864.9630164531494
L2 norm of gradient: 21.226806056427876
Iteration 248: -886.6779862009179
L2 norm of gradient: 1.731385945749375
Iteration 249: -854.8836942796124
L2 norm of gradient: 1.712420963934261
Iteration 250: -893.2789468318238
L2 norm of gradient: 2.9674790023538806
Iteration 251: -960.4810196967425
L2 norm of gradient: 28.73747430545704
Iteration 252: -905.5212283675212
L2 norm of gradient: 16.047233072271265
Iteration 253: -914.8679505404114
L2 norm of gradient: 0.49250429366913157
Iteration 254: -913.0503618372198
L2 norm of gradient: 1.8706761178526832
Iteration 255: -900.0629664732174
L2 norm of gradient: 22.930949694569087
Iteration 256: -882.4127339750252
L2 norm of gradient: 0.7802565939554426
Iteration 257: -1018.5190810163245
L2 norm of gradient: 14.300543928361284
Iteration 258: -923.8522476440644
L2 norm of gradient: 3.4235655306415436
Iteration 259: -835.3522605738062
L2 norm of gradient: 0.465632565312351
Iteration 260: -922.5943989780849
L2 norm of gradient: 0.6502366754109585
Iteration 261: -951.0620254096353
L2 norm of gradient: 23.918471491138742
Iteration 262: -958.7915497759919
L2 norm of gradient: 68.54627278825834
Iteration 263: -933.927227784006
L2 norm of gradient: 1.0569082034781017
Iteration 264: -951.3239091932501
L2 norm of gradient: 16.606832535516023
Iteration 265: -720.8086284408762
L2 norm of gradient: 20.04260586229134
Iteration 266: -868.4604006763523
L2 norm of gradient: 22.89746261160648
Iteration 267: -894.8146977566828
L2 norm of gradient: 45.95030237834398
Iteration 268: -941.3035792200443
L2 norm of gradient: 3.350761192734824
Iteration 269: -749.8455581964292
L2 norm of gradient: 3.140261209928415
Iteration 270: -931.6643571397406
L2 norm of gradient: 17.731974915125807
Iteration 271: -892.7700724772928
L2 norm of gradient: 19.093796392531313
Iteration 272: -930.9088461309709
L2 norm of gradient: 16.616110558216626
Iteration 273: -921.44703226807
L2 norm of gradient: 30.229201735319894
Iteration 274: -850.142564455688
L2 norm of gradient: 14.642330546000231
Iteration 275: -879.714382519592
L2 norm of gradient: 0.7817239217168461
Iteration 276: -931.8538608192584
L2 norm of gradient: 1.9945496983607383
Iteration 277: -779.6941132496794
L2 norm of gradient: 3.7951398814479513
Iteration 278: -775.2950478406117
L2 norm of gradient: 19.609121938739744
Iteration 279: -825.9515772776782
L2 norm of gradient: 21.39161608303512
Iteration 280: -876.9912221067177
L2 norm of gradient: 15.86517498128254
Iteration 281: -880.0830228660552
L2 norm of gradient: 22.52210218158552
Iteration 282: -915.0916765691269
L2 norm of gradient: 29.126694021470364
Iteration 283: -943.1980374768264
L2 norm of gradient: 19.631552861029192
Iteration 284: -896.3874207769376
L2 norm of gradient: 36.819408238179825
Iteration 285: -831.9969577740242
L2 norm of gradient: 0.8211840223450262
Iteration 286: -893.4608178422359
L2 norm of gradient: 19.99448350460662
Iteration 287: -791.3968217188935
L2 norm of gradient: 2.3146366419781685
Iteration 288: -912.6097790930497
L2 norm of gradient: 27.970615964831524
Iteration 289: -927.4673672848313
L2 norm of gradient: 16.160647340534762
Iteration 290: -849.9863674389318
L2 norm of gradient: 47.63038917427178
Iteration 291: -939.9998043323197
L2 norm of gradient: 1.9337027756748981
Iteration 292: -932.5146256174112
L2 norm of gradient: 19.59530274008482
Iteration 293: -912.9503812199895
L2 norm of gradient: 0.9965158083431628
Iteration 294: -884.8420151463545
L2 norm of gradient: 2.0637584130289035
Iteration 295: -951.06382125625
L2 norm of gradient: 18.046808815758208
Iteration 296: -922.3245764916347
L2 norm of gradient: 3.9283752664191174
Iteration 297: -888.8046074946457
L2 norm of gradient: 27.661793234453462
Iteration 298: -880.7723741228376
L2 norm of gradient: 28.81181604031381
Iteration 299: -914.6242454120057
L2 norm of gradient: 2.8850128412381473
Iteration 300: -960.238734711957
L2 norm of gradient: 0.7856424939436808
Iteration 301: -913.412160352539
L2 norm of gradient: 2.010374478914204
Iteration 302: -932.3233078541283
L2 norm of gradient: 35.442171722979765
Iteration 303: -918.9703884339515
L2 norm of gradient: 49.60100751199419
Iteration 304: -930.4174424152911
L2 norm of gradient: 20.568268455774106
Iteration 305: -914.6666507017563
L2 norm of gradient: 29.273370740654308
Iteration 306: -935.6443982315286
L2 norm of gradient: 1.7601208213422446
Iteration 307: -922.3019464729333
L2 norm of gradient: 3.298677189102396
Iteration 308: -784.4224843472508
L2 norm of gradient: 25.654339118873114
Iteration 309: -948.2162439104428
L2 norm of gradient: 4.979721510228538
Iteration 310: -898.3859890314786
L2 norm of gradient: 41.03838808894017
Iteration 311: -1020.920758798196
L2 norm of gradient: 20.960488700066094
Iteration 312: -900.554132432849
L2 norm of gradient: 3.2402044017216403
Iteration 313: -922.0078764088315
L2 norm of gradient: 38.65791347549394
Iteration 314: -868.0525618589646
L2 norm of gradient: 7.617755033260828
Iteration 315: -874.790765059955
L2 norm of gradient: 5.4526209964507295
Iteration 316: -887.8120266982628
L2 norm of gradient: 2.8511027890062737
Iteration 317: -912.1848296489626
L2 norm of gradient: 2.3556993334556715
Iteration 318: -835.5047573021076
L2 norm of gradient: 45.23187440569186
Iteration 319: -895.2238174215175
L2 norm of gradient: 41.82552327240599
Iteration 320: -818.0620317852138
L2 norm of gradient: 4.783996861039546
Iteration 321: -842.393320300136
L2 norm of gradient: 26.503701768569588
Iteration 322: -872.1149790437886
L2 norm of gradient: 7.531225419551204
Iteration 323: -912.2703655628
L2 norm of gradient: 4.954071199812311
Iteration 324: -902.060679627123
L2 norm of gradient: 27.34204810381404
Iteration 325: -832.9494280261172
L2 norm of gradient: 27.42045634000037
Iteration 326: -881.4700684457998
L2 norm of gradient: 52.24237906055191
Iteration 327: -879.950069440251
L2 norm of gradient: 7.050304981781145
Iteration 328: -893.5248742177815
L2 norm of gradient: 16.442381985269577
Iteration 329: -804.3424309972113
L2 norm of gradient: 17.739706884481098
Iteration 330: -848.3324043696542
L2 norm of gradient: 22.451428072428477
Iteration 331: -884.518106915258
L2 norm of gradient: 29.093452470117903
Iteration 332: -953.629249074619
L2 norm of gradient: 3.907982642071592
Iteration 333: -889.4224253617956
L2 norm of gradient: 27.212242246182363
Iteration 334: -938.571275150354
L2 norm of gradient: 30.093013059216588
Iteration 335: -853.197574467625
L2 norm of gradient: 29.044896943390786
Iteration 336: -857.2360759688981
L2 norm of gradient: 3.1305452839643033
Iteration 337: -840.5804723123223
L2 norm of gradient: 7.119008988759714
Iteration 338: -859.8319689420545
L2 norm of gradient: 3.121891608673911
Iteration 339: -941.0084268929356
L2 norm of gradient: 1.7485467591998174
Iteration 340: -874.2244702527206
L2 norm of gradient: 19.99171064560292
Iteration 341: -865.8475738198797
L2 norm of gradient: 4.98657331589962
Iteration 342: -869.8212110140216
L2 norm of gradient: 31.712837199667256
Iteration 343: -919.3353999468161
L2 norm of gradient: 23.52516900431616
Iteration 344: -912.7380563168155
L2 norm of gradient: 2.1942080284392507
Iteration 345: -941.2224063905002
L2 norm of gradient: 27.75452933391064
Iteration 346: -831.6742663443334
L2 norm of gradient: 4.842833825114202
Iteration 347: -870.0657762058144
L2 norm of gradient: 24.042648720807147
Iteration 348: -908.9156648565029
L2 norm of gradient: 29.103771091480738
Iteration 349: -945.8555636173147
L2 norm of gradient: 0.7296674045577815
Iteration 350: -864.6188762218147
L2 norm of gradient: 25.109948411828277
Iteration 351: -878.7294203901079
L2 norm of gradient: 6.243385754560816
Iteration 352: -930.8841130078162
L2 norm of gradient: 28.527115069833382
Iteration 353: -898.5750580935911
L2 norm of gradient: 23.65266572375905
Iteration 354: -928.0552243411751
L2 norm of gradient: 30.328133565500867
Iteration 355: -790.8822192194675
L2 norm of gradient: 47.64642245932553
Iteration 356: -895.4922957026221
L2 norm of gradient: 45.27630348516023
Iteration 357: -897.7412819396855
L2 norm of gradient: 30.103472975132025
Iteration 358: -944.9096091863624
L2 norm of gradient: 62.64521278461203
Iteration 359: -968.3112901514005
L2 norm of gradient: 3.985877591735504
Iteration 360: -936.9878658540341
L2 norm of gradient: 30.880303341697893
Iteration 361: -912.8305688772563
L2 norm of gradient: 51.385350718864295
Iteration 362: -862.3266261470108
L2 norm of gradient: 6.555535905773112
Iteration 363: -950.2273282757344
L2 norm of gradient: 9.491461630910203
Iteration 364: -888.2413863062246
L2 norm of gradient: 6.425701841295082
Iteration 365: -853.2080879942333
L2 norm of gradient: 24.36999028478285
Iteration 366: -879.0239170045123
L2 norm of gradient: 8.099666497855518
Iteration 367: -843.7840693053172
L2 norm of gradient: 50.11675077837642
Iteration 368: -807.166922876176
L2 norm of gradient: 79.5292189044263
Iteration 369: -851.5676903372946
L2 norm of gradient: 35.68781355735123
Iteration 370: -946.9763771321615
L2 norm of gradient: 60.5898161731697
Iteration 371: -927.3381265022566
L2 norm of gradient: 65.90837628058055
Iteration 372: -874.0817753564766
L2 norm of gradient: 2.9405495353542204
Iteration 373: -817.7628177713628
L2 norm of gradient: 37.14471117946317
Iteration 374: -830.9703080514461
L2 norm of gradient: 31.220093510990683
Iteration 375: -895.5532862471663
L2 norm of gradient: 1.7898142419093626
Iteration 376: -931.7000292715019
L2 norm of gradient: 33.03258960833693
Iteration 377: -923.184860050821
L2 norm of gradient: 31.059838521795374
Iteration 378: -943.2752939132203
L2 norm of gradient: 1.9914210629371012
Iteration 379: -912.2445228163438
L2 norm of gradient: 20.94997746280935
Iteration 380: -840.8594927532234
L2 norm of gradient: 5.5231245534375635
Iteration 381: -803.0266630770095
L2 norm of gradient: 10.244800346063236
Iteration 382: -863.6864017101414
L2 norm of gradient: 11.410843421017866
Iteration 383: -902.6326505525859
L2 norm of gradient: 3.7571820482362814
Iteration 384: -959.8217472482193
L2 norm of gradient: 69.57009430923998
Iteration 385: -923.7874488179302
L2 norm of gradient: 5.311758745669129
Iteration 386: -879.3440686118842
L2 norm of gradient: 3.152425148384082
Iteration 387: -869.0118690219763
L2 norm of gradient: 7.20061932268582
Iteration 388: -872.5013189276251
L2 norm of gradient: 2.6218513705060063
Iteration 389: -912.3390524109839
L2 norm of gradient: 4.242745241155619
Iteration 390: -835.7856262922988
L2 norm of gradient: 2.9451448854321636
Iteration 391: -936.5726301181375
L2 norm of gradient: 28.249524657192037
Iteration 392: -853.1838016408711
L2 norm of gradient: 1.764140074322579
Iteration 393: -941.1563880535234
L2 norm of gradient: 22.492090569842237
Iteration 394: -833.7168400801739
L2 norm of gradient: 31.75905072379275
Iteration 395: -815.4015461898898
L2 norm of gradient: 41.12827056378847
Iteration 396: -885.9565663246215
L2 norm of gradient: 50.09917502830726
Iteration 397: -825.8375055379005
L2 norm of gradient: 4.026719139056484
Iteration 398: -977.2289392973896
L2 norm of gradient: 11.814637973821696
Iteration 399: -897.7287009192344
L2 norm of gradient: 15.292934284680266
Iteration 400: -929.1659760263107
L2 norm of gradient: 41.83529499837174
Iteration 401: -823.4343407215431
L2 norm of gradient: 5.66879219028047
Iteration 402: -946.1377220137941
L2 norm of gradient: 32.623004895276146
Iteration 403: -896.3735976766786
L2 norm of gradient: 3.7678747453786094
Iteration 404: -742.3132109012721
L2 norm of gradient: 67.36012314107712
Iteration 405: -898.77617291312
L2 norm of gradient: 10.132249965770171
Iteration 406: -809.903456150058
L2 norm of gradient: 25.665231676643014
Iteration 407: -841.7850011288448
L2 norm of gradient: 2.233688504028596
Iteration 408: -961.6933784023041
L2 norm of gradient: 36.66273831909509
Iteration 409: -862.2044236285947
L2 norm of gradient: 12.67199917862579
Iteration 410: -928.35488370808
L2 norm of gradient: 51.5938703094187
Iteration 411: -840.8913948505246
L2 norm of gradient: 8.670468211698905
Iteration 412: -881.7646432449925
L2 norm of gradient: 41.45747698011531
Iteration 413: -880.168149349063
L2 norm of gradient: 32.26464199697965
Iteration 414: -901.1357225905545
L2 norm of gradient: 22.35339994793328
Iteration 415: -809.6782294905323
L2 norm of gradient: 31.150363013479037
Iteration 416: -917.0331692777735
L2 norm of gradient: 9.015667936963176
Iteration 417: -890.6900246108755
L2 norm of gradient: 9.996952302977991
Iteration 418: -813.6576565602282
L2 norm of gradient: 21.060859805089677
Iteration 419: -881.5857016106957
L2 norm of gradient: 52.40243150292188
Iteration 420: -919.4493701610212
L2 norm of gradient: 5.279454171787322
Iteration 421: -840.6179645578736
L2 norm of gradient: 6.9392492900991005
Iteration 422: -857.8245846438936
L2 norm of gradient: 5.102715962682218
Iteration 423: -763.4721211990601
L2 norm of gradient: 11.531226169762325
Iteration 424: -948.565062893336
L2 norm of gradient: 31.787221373539765
Iteration 425: -893.6098723376836
L2 norm of gradient: 61.45421922255765
Iteration 426: -885.619796783432
L2 norm of gradient: 14.702018049805233
Iteration 427: -992.4595465838671
L2 norm of gradient: 24.821197864435664
Iteration 428: -865.2519159161569
L2 norm of gradient: 10.031597528640974
Iteration 429: -919.9404340029291
L2 norm of gradient: 48.477933649492755
Iteration 430: -882.0362044899175
L2 norm of gradient: 10.549747177300842
Iteration 431: -881.2259059703936
L2 norm of gradient: 12.850169178909544
Iteration 432: -845.443328016521
L2 norm of gradient: 45.54777272404353
Iteration 433: -924.6375637879985
L2 norm of gradient: 18.967449318096158
Iteration 434: -937.9306900596187
L2 norm of gradient: 54.33397892465546
Iteration 435: -945.6733076050255
L2 norm of gradient: 11.574229735549311
Iteration 436: -863.880128076751
L2 norm of gradient: 32.73756994399443
Iteration 437: -880.2811849540675
L2 norm of gradient: 54.60935433345713
Iteration 438: -924.9368144748513
L2 norm of gradient: 32.63756250894201
Iteration 439: -878.2328412950824
L2 norm of gradient: 3.5454287043983235
Iteration 440: -820.8776187186088
L2 norm of gradient: 25.79858565273873
Iteration 441: -864.2115985769536
L2 norm of gradient: 22.056823631792575
Iteration 442: -924.6817238550756
L2 norm of gradient: 5.141577253401283
Iteration 443: -930.316667780816
L2 norm of gradient: 45.557282031011155
Iteration 444: -895.0563194724225
L2 norm of gradient: 11.778468268078441
Iteration 445: -855.7006295458281
L2 norm of gradient: 34.12986747676934
Iteration 446: -852.3645326062306
L2 norm of gradient: 21.29629945964587
Iteration 447: -898.6534226758004
L2 norm of gradient: 28.989301133405498
Iteration 448: -907.9404726211199
L2 norm of gradient: 30.14682906218348
Iteration 449: -954.7124912707891
L2 norm of gradient: 22.40131617569346
Iteration 450: -870.8726780914312
L2 norm of gradient: 7.0274992868901025
Iteration 451: -824.061353672231
L2 norm of gradient: 52.61669997392344
Iteration 452: -798.9453384878257
L2 norm of gradient: 6.126399897202038
Iteration 453: -825.6870329275044
L2 norm of gradient: 43.30764763784117
Iteration 454: -877.814172606609
L2 norm of gradient: 54.777671915929915
Iteration 455: -839.3308509301057
L2 norm of gradient: 2.6838154713641376
Iteration 456: -979.2762141835074
L2 norm of gradient: 50.20343263301512
Iteration 457: -841.7164854231713
L2 norm of gradient: 50.189122014509735
Iteration 458: -917.1923910184044
L2 norm of gradient: 18.48997566425584
Iteration 459: -877.7786153195826
L2 norm of gradient: 49.06785805302234
Iteration 460: -860.5368589118004
L2 norm of gradient: 14.073331736390333
Iteration 461: -983.0273575086428
L2 norm of gradient: 2.127900362853947
Iteration 462: -807.580958899186
L2 norm of gradient: 16.74816134902891
Iteration 463: -1057.7541728589517
L2 norm of gradient: 31.065991380833033
Iteration 464: -804.0752021530461
L2 norm of gradient: 30.038344855831177
Iteration 465: -709.5036905948831
L2 norm of gradient: 13.231346883059805
Iteration 466: -931.7239786894067
L2 norm of gradient: 3.9461997140942233
Iteration 467: -892.6287081220457
L2 norm of gradient: 10.441916168660107
Iteration 468: -866.706323893179
L2 norm of gradient: 35.90126463216371
Iteration 469: -783.6824700226955
L2 norm of gradient: 7.225929222609342
Iteration 470: -910.389054658898
L2 norm of gradient: 4.878293081050571
Iteration 471: -816.7921384775146
L2 norm of gradient: 34.784274368969335
Iteration 472: -887.9780453310082
L2 norm of gradient: 51.5879126360216
Iteration 473: -851.9813110000688
L2 norm of gradient: 49.75930105273619
Iteration 474: -899.7215097080677
L2 norm of gradient: 28.05138586764799
Iteration 475: -771.868819691945
L2 norm of gradient: 15.61698566516284
Iteration 476: -830.9678278558051
L2 norm of gradient: 28.40289838058079
Iteration 477: -851.7788940149853
L2 norm of gradient: 23.941366412666994
Iteration 478: -873.587050022303
L2 norm of gradient: 39.15307054933993
Iteration 479: -843.2115368034915
L2 norm of gradient: 22.24441077550175
Iteration 480: -789.3619509822317
L2 norm of gradient: 46.53700651744174
Iteration 481: -818.5578951162278
L2 norm of gradient: 19.706895244526315
Iteration 482: -983.4187424808837
L2 norm of gradient: 42.06115411888116
Iteration 483: -935.7157842731963
L2 norm of gradient: 19.147511710387054
Iteration 484: -885.0969268023721
L2 norm of gradient: 10.863021549164605
Iteration 485: -991.5156134271805
L2 norm of gradient: 29.07575261278626
Iteration 486: -749.5174642781972
L2 norm of gradient: 13.763717974153355
Iteration 487: -774.4525622173265
L2 norm of gradient: 70.96929375634818
Iteration 488: -866.3811337709933
L2 norm of gradient: 46.548384902423535
Iteration 489: -829.4133038403223
L2 norm of gradient: 11.465566188409081
Iteration 490: -860.9526324442625
L2 norm of gradient: 15.949620216259714
Iteration 491: -965.7645365816057
L2 norm of gradient: 53.6216594930546
Iteration 492: -901.2873772448501
L2 norm of gradient: 42.0909895368151
Iteration 493: -875.826371395226
L2 norm of gradient: 10.228431997258205
Iteration 494: -900.2617302761995
L2 norm of gradient: 29.303656725636184
Iteration 495: -920.6713886452424
L2 norm of gradient: 35.61403020164514
Iteration 496: -979.2861851308288
L2 norm of gradient: 7.61378608922754
Iteration 497: -842.4398999133532
L2 norm of gradient: 11.224531848317325
Iteration 498: -871.1664353870848
L2 norm of gradient: 17.181285949691997
Iteration 499: -878.4838173947686
[ { query: [ 'Who is a doctor', [Object] ],
    trueResult: 
     Marginal:
         "John and Mary are doctors" : 0.380020640450514
         "John and Mary are doctors and teachers" : 0.20855974943514632
         "John is a doctor" : 0.08655534418766547
         "Mary is a doctor" : 0.08655534418766547
         "John is a doctor and a teacher" : 0.04750258005631425
         "Mary is a doctor and a teacher" : 0.04750258005631425
         "John and Mary are doctors or teachers" : 0.018309772241219994
         "John or Mary is a doctor and a teacher" : 0.01641723975145466
         "John is a doctor or a teacher" : 0.014074838535204214
         "Mary is a doctor or a teacher" : 0.014074838535204214
         "John or Mary is a doctor" : 0.014074838535204214
         "Mary is a teacher" : 0.010819418023458179
         "John is a teacher" : 0.010819418023458179
         "John is not a teacher" : 0.008015222008949992
         "Mary is not a teacher" : 0.008015222008949992
         "John and Mary are teachers" : 0.0059378225070392835
         "John or Mary is a teacher" : 0.005937822507039272
         "John and Mary are not teachers" : 0.0043988471043886965
         "John or Mary is not a teacher" : 0.0043988471043886965
         "John or Mary is a doctor or a teacher" : 0.003954910804103521
         "John is not a doctor and a teacher" : 0.0013033621050040592
         "Mary is not a doctor and a teacher" : 0.0013033621050040592
         "John or Mary is not a doctor and a teacher" : 0.0012360388998589598
         "John and Mary are not doctors and teachers" : 0.00021194082645043896,
    learnedResult: 
     Marginal:
         "John is a doctor" : 0.2505253326173763
         "Mary is a doctor" : 0.2505253326173763
         "John and Mary are doctors" : 0.045678261502382696
         "John is a teacher" : 0.03131566657717203
         "Mary is a teacher" : 0.03131566657717203
         "John is a doctor and a teacher" : 0.029449174764641355
         "Mary is a doctor and a teacher" : 0.029449174764641355
         "John or Mary is a doctor" : 0.02471896746434288
         "John is not a teacher" : 0.023199216393162504
         "Mary is not a teacher" : 0.023199216393162504
         "John is a doctor or a teacher" : 0.019565902054876235
         "Mary is a doctor or a teacher" : 0.019565902054876235
         "John and Mary are teachers" : 0.0171864022095928
         "John or Mary is a teacher" : 0.01718640220959277
         "John or Mary is not a teacher" : 0.012731999904830895
         "John and Mary are not teachers" : 0.01273199990483085
         "John is not a doctor or a teacher" : 0.012430279327863248
         "Mary is not a doctor or a teacher" : 0.012430279327863248
         "John or Mary is not a doctor" : 0.011934461671549395
         "John is not a doctor and a teacher" : 0.01151523259523356
         "Mary is not a doctor and a teacher" : 0.01151523259523354
         "John is not a doctor" : 0.011456995530911427
         "Mary is not a doctor" : 0.011456995530911427
         "John and Mary are doctors and teachers" : 0.011427445681105475
         "John and Mary are not doctors" : 0.010404073179999708
         "John or Mary is a doctor and a teacher" : 0.010041962395889214
         "John and Mary are doctors or teachers" : 0.009881799729497931
         "John or Mary is a doctor or a teacher" : 0.00957529143625676
         "John or Mary is not a doctor or a teacher" : 0.0069701575001106155
         "John and Mary are not doctors or teachers" : 0.006933951478610065
         "John or Mary is not a doctor and a teacher" : 0.006915291878072913
         "John and Mary are not doctors and teachers" : 0.006765932130861799,
    KLDivergence: 1.2003789569289254 },
  { query: [ 'Who is a doctor', [Object] ],
    trueResult: 
     Marginal:
         "John and Mary are doctors" : 0.380020640450514
         "John and Mary are doctors and teachers" : 0.20855974943514632
         "John is a doctor" : 0.08655534418766547
         "Mary is a doctor" : 0.08655534418766547
         "John is a doctor and a teacher" : 0.04750258005631425
         "Mary is a doctor and a teacher" : 0.04750258005631425
         "John and Mary are doctors or teachers" : 0.018309772241219994
         "John or Mary is a doctor and a teacher" : 0.01641723975145466
         "John is a doctor or a teacher" : 0.014074838535204214
         "Mary is a doctor or a teacher" : 0.014074838535204214
         "John or Mary is a doctor" : 0.014074838535204214
         "Mary is a teacher" : 0.010819418023458179
         "John is a teacher" : 0.010819418023458179
         "John is not a teacher" : 0.008015222008949992
         "Mary is not a teacher" : 0.008015222008949992
         "John and Mary are teachers" : 0.0059378225070392835
         "John or Mary is a teacher" : 0.005937822507039272
         "John and Mary are not teachers" : 0.0043988471043886965
         "John or Mary is not a teacher" : 0.0043988471043886965
         "John or Mary is a doctor or a teacher" : 0.003954910804103521
         "John is not a doctor and a teacher" : 0.0013033621050040592
         "Mary is not a doctor and a teacher" : 0.0013033621050040592
         "John or Mary is not a doctor and a teacher" : 0.0012360388998589598
         "John and Mary are not doctors and teachers" : 0.00021194082645043896,
    learnedResult: 
     Marginal:
         "John is a doctor" : 0.2505253326173763
         "Mary is a doctor" : 0.2505253326173763
         "John and Mary are doctors" : 0.045678261502382696
         "John is a teacher" : 0.03131566657717203
         "Mary is a teacher" : 0.03131566657717203
         "John is a doctor and a teacher" : 0.029449174764641355
         "Mary is a doctor and a teacher" : 0.029449174764641355
         "John or Mary is a doctor" : 0.02471896746434288
         "John is not a teacher" : 0.023199216393162504
         "Mary is not a teacher" : 0.023199216393162504
         "John is a doctor or a teacher" : 0.019565902054876235
         "Mary is a doctor or a teacher" : 0.019565902054876235
         "John and Mary are teachers" : 0.0171864022095928
         "John or Mary is a teacher" : 0.01718640220959277
         "John or Mary is not a teacher" : 0.012731999904830895
         "John and Mary are not teachers" : 0.01273199990483085
         "John is not a doctor or a teacher" : 0.012430279327863248
         "Mary is not a doctor or a teacher" : 0.012430279327863248
         "John or Mary is not a doctor" : 0.011934461671549395
         "John is not a doctor and a teacher" : 0.01151523259523356
         "Mary is not a doctor and a teacher" : 0.01151523259523354
         "John is not a doctor" : 0.011456995530911427
         "Mary is not a doctor" : 0.011456995530911427
         "John and Mary are doctors and teachers" : 0.011427445681105475
         "John and Mary are not doctors" : 0.010404073179999708
         "John or Mary is a doctor and a teacher" : 0.010041962395889214
         "John and Mary are doctors or teachers" : 0.009881799729497931
         "John or Mary is a doctor or a teacher" : 0.00957529143625676
         "John or Mary is not a doctor or a teacher" : 0.0069701575001106155
         "John and Mary are not doctors or teachers" : 0.006933951478610065
         "John or Mary is not a doctor and a teacher" : 0.006915291878072913
         "John and Mary are not doctors and teachers" : 0.006765932130861799,
    KLDivergence: 1.2003789569289254 },
  { query: [ 'Who is a doctor and a teacher', [Object] ],
    trueResult: 
     Marginal:
         "John is a doctor and a teacher" : 0.5057429117707349
         "John is a doctor" : 0.11519045846271186
         "John is a teacher" : 0.11519045846271186
         "John or Mary is a doctor and a teacher" : 0.051789172217255514
         "Mary is not a teacher" : 0.02528450088232814
         "Mary is not a doctor" : 0.02528450088232814
         "John and Mary are teachers" : 0.018731218954471676
         "John and Mary are doctors" : 0.018731218954471676
         "John or Mary is a teacher" : 0.018731218954471645
         "John is a doctor or a teacher" : 0.018731218954471645
         "John or Mary is a doctor" : 0.018731218954471645
         "Mary is not a doctor or a teacher" : 0.013876428297051366
         "Mary is not a doctor and a teacher" : 0.013876428297051366
         "John and Mary are doctors or teachers" : 0.007219910001734958
         "Mary is a doctor or a teacher" : 0.00554999080132493
         "John or Mary is a doctor or a teacher" : 0.005263314391264789
         "Mary is a doctor" : 0.004266313276396742
         "Mary is a teacher" : 0.004266313276396742
         "John or Mary is not a doctor" : 0.004111534310237441
         "John or Mary is not a teacher" : 0.004111534310237441
         "John or Mary is not a doctor and a teacher" : 0.003899159202225257
         "John or Mary is not a doctor or a teacher" : 0.0014209763856506024,
    learnedResult: 
     Marginal:
         "John is a doctor" : 0.06789460685096266
         "John is a teacher" : 0.0666149591322599
         "Mary is a doctor" : 0.05893109174593272
         "Mary is a teacher" : 0.05885816303879939
         "Mary is not a teacher" : 0.043493287142285106
         "Mary is not a doctor" : 0.04348198963554007
         "John is not a teacher" : 0.04235048256545268
         "John is not a doctor" : 0.04217246250236232
         "John is a doctor and a teacher" : 0.03388341564861366
         "John and Mary are doctors" : 0.0332038622596249
         "John and Mary are teachers" : 0.033068315060534495
         "John is a doctor or a teacher" : 0.032802185634987074
         "John or Mary is a doctor" : 0.032455726898948926
         "John or Mary is a teacher" : 0.03242385578191948
         "Mary is a doctor or a teacher" : 0.03224592957775013
         "Mary is a doctor and a teacher" : 0.0322304129291828
         "Mary is not a doctor and a teacher" : 0.023879721891079814
         "Mary is not a doctor or a teacher" : 0.02387844824533587
         "John or Mary is not a teacher" : 0.02385665559400047
         "John or Mary is not a doctor" : 0.023852727181367005
         "John is not a doctor or a teacher" : 0.023804695123682936
         "John and Mary are not teachers" : 0.02377107755452689
         "John and Mary are not doctors" : 0.02375355853427967
         "John is not a doctor and a teacher" : 0.023678808453459033
         "John and Mary are doctors and teachers" : 0.017846057864208946
         "John and Mary are doctors or teachers" : 0.017749756113795086
         "John or Mary is a doctor and a teacher" : 0.01772362252790176
         "John or Mary is a doctor or a teacher" : 0.01770346322772364
         "John or Mary is not a doctor or a teacher" : 0.01310410790084499
         "John or Mary is not a doctor and a teacher" : 0.013101615593796032
         "John and Mary are not doctors or teachers" : 0.013098450524430958
         "John and Mary are not doctors and teachers" : 0.013086487264410173,
    KLDivergence: 1.384276481539726 },
  { query: [ 'Who is a doctor or a teacher', [Object] ],
    trueResult: 
     Marginal:
         "John and Mary are doctors" : 0.1056107851909732
         "John and Mary are teachers" : 0.1056107851909732
         "John is a doctor" : 0.08118368320238828
         "John is a teacher" : 0.08118368320238828
         "Mary is a teacher" : 0.08118368320238828
         "Mary is a doctor" : 0.08118368320238828
         "John and Mary are doctors or teachers" : 0.05796042780983282
         "John and Mary are doctors and teachers" : 0.05796042780983277
         "Mary is a doctor and a teacher" : 0.044554550002441795
         "John is a doctor and a teacher" : 0.044554550002441795
         "Mary is a doctor or a teacher" : 0.04455455000244175
         "John is a doctor or a teacher" : 0.04455455000244175
         "John or Mary is a teacher" : 0.03129208450102909
         "John or Mary is a doctor" : 0.03129208450102909
         "John or Mary is a doctor and a teacher" : 0.021122604886965272
         "John or Mary is a doctor or a teacher" : 0.012519452406923889
         "John is not a doctor and a teacher" : 0.009779799246246973
         "Mary is not a doctor and a teacher" : 0.009779799246246973
         "John is not a teacher" : 0.007517793967297686
         "Mary is not a teacher" : 0.007517793967297686
         "Mary is not a doctor" : 0.007517793967297686
         "John is not a doctor" : 0.007517793967297686
         "John or Mary is not a doctor and a teacher" : 0.00651387501985663
         "John or Mary is not a doctor" : 0.00565960604528182
         "John or Mary is not a teacher" : 0.00565960604528182
         "John and Mary are not doctors and teachers" : 0.0037696035994540657
         "John and Mary are not doctors" : 0.0012224749057808738
         "John and Mary are not teachers" : 0.0012224749057808738,
    learnedResult: 
     Marginal:
         "John is a teacher" : 0.06121299752117377
         "John is a doctor" : 0.06052306945308585
         "Mary is a doctor" : 0.059551020165454736
         "Mary is a teacher" : 0.05933642341900916
         "Mary is not a teacher" : 0.04434260241074362
         "Mary is not a doctor" : 0.044309140694452125
         "John is not a doctor" : 0.04415877747015583
         "John is not a teacher" : 0.04405323290240599
         "John is a doctor and a teacher" : 0.03301272796731388
         "John and Mary are teachers" : 0.03291468772921713
         "John is a doctor or a teacher" : 0.03288564660056876
         "John and Mary are doctors" : 0.032861364514993475
         "John or Mary is a teacher" : 0.03281498377082112
         "John or Mary is a doctor" : 0.03280850236164638
         "Mary is a doctor or a teacher" : 0.03277506255185021
         "Mary is a doctor and a teacher" : 0.032732055493782566
         "Mary is not a doctor and a teacher" : 0.024307389693667098
         "Mary is not a doctor or a teacher" : 0.02430238280434747
         "John or Mary is not a doctor" : 0.024297983377355028
         "John or Mary is not a teacher" : 0.024297154515535983
         "John and Mary are not doctors" : 0.02429099634152172
         "John is not a doctor or a teacher" : 0.02428762343192024
         "John and Mary are not teachers" : 0.024283995567066775
         "John is not a doctor and a teacher" : 0.02427264037538435
         "John and Mary are doctors and teachers" : 0.018015624119440847
         "John and Mary are doctors or teachers" : 0.018007628909327313
         "John or Mary is a doctor and a teacher" : 0.018002852103662804
         "John or Mary is a doctor or a teacher" : 0.018001981176136408
         "John or Mary is not a doctor or a teacher" : 0.013335490353337531
         "John or Mary is not a doctor and a teacher" : 0.013335378308387795
         "John and Mary are not doctors or teachers" : 0.013334798653016261
         "John and Mary are not doctors and teachers" : 0.013333785243217502,
    KLDivergence: 0.4251408848407312 },
  { query: [ 'Who is not a doctor and a teacher', [Object] ],
    trueResult: 
     Marginal:
         "John is a doctor and a teacher" : 0.5057429117707349
         "John is a doctor" : 0.11519045846271186
         "John is a teacher" : 0.11519045846271186
         "John or Mary is a doctor and a teacher" : 0.051789172217255514
         "Mary is not a teacher" : 0.02528450088232814
         "Mary is not a doctor" : 0.02528450088232814
         "John and Mary are teachers" : 0.018731218954471676
         "John and Mary are doctors" : 0.018731218954471676
         "John or Mary is a teacher" : 0.018731218954471645
         "John is a doctor or a teacher" : 0.018731218954471645
         "John or Mary is a doctor" : 0.018731218954471645
         "Mary is not a doctor or a teacher" : 0.013876428297051366
         "Mary is not a doctor and a teacher" : 0.013876428297051366
         "John and Mary are doctors or teachers" : 0.007219910001734958
         "Mary is a doctor or a teacher" : 0.00554999080132493
         "John or Mary is a doctor or a teacher" : 0.005263314391264789
         "Mary is a doctor" : 0.004266313276396742
         "Mary is a teacher" : 0.004266313276396742
         "John or Mary is not a doctor" : 0.004111534310237441
         "John or Mary is not a teacher" : 0.004111534310237441
         "John or Mary is not a doctor and a teacher" : 0.003899159202225257
         "John or Mary is not a doctor or a teacher" : 0.0014209763856506024,
    learnedResult: 
     Marginal:
         "John is a doctor" : 0.060066448993708756
         "John is a teacher" : 0.060035499854314237
         "Mary is a doctor" : 0.059838239442852534
         "Mary is a teacher" : 0.05983628843069699
         "Mary is not a teacher" : 0.04433128693076751
         "Mary is not a doctor" : 0.044330984024195795
         "John is not a teacher" : 0.04430039916908533
         "John is not a doctor" : 0.044295607921496956
         "John is a doctor and a teacher" : 0.03288298009875777
         "John and Mary are doctors" : 0.032865192666073476
         "John and Mary are teachers" : 0.03286167500557189
         "John is a doctor or a teacher" : 0.03285557515418744
         "John or Mary is a doctor" : 0.0328463682149712
         "John or Mary is a teacher" : 0.03284552865006831
         "Mary is a doctor or a teacher" : 0.032840771565297217
         "Mary is a doctor and a teacher" : 0.03283943624062463
         "Mary is not a doctor and a teacher" : 0.024329364068936203
         "Mary is not a doctor or a teacher" : 0.02432922032533619
         "John or Mary is not a teacher" : 0.024328630622045037
         "John or Mary is not a doctor" : 0.024328526642378123
         "John is not a doctor or a teacher" : 0.024327244137879647
         "John and Mary are not teachers" : 0.024326463969173893
         "John and Mary are not doctors" : 0.024325999421447787
         "John is not a doctor and a teacher" : 0.024323970538155926
         "John and Mary are doctors and teachers" : 0.01802739835242287
         "John and Mary are doctors or teachers" : 0.018024989959825738
         "John or Mary is a doctor and a teacher" : 0.01802430608931157
         "John or Mary is a doctor or a teacher" : 0.018023818962930295
         "John or Mary is not a doctor or a teacher" : 0.013352108102053891
         "John or Mary is not a doctor and a teacher" : 0.013352047722126857
         "John and Mary are not doctors or teachers" : 0.013351964757241588
         "John and Mary are not doctors and teachers" : 0.013351663966064872,
    KLDivergence: 1.4222714166842465 },
  { query: [ 'Who is not a doctor or a teacher', [Object] ],
    trueResult: 
     Marginal:
         "John and Mary are doctors" : 0.1056107851909732
         "John and Mary are teachers" : 0.1056107851909732
         "John is a doctor" : 0.08118368320238828
         "John is a teacher" : 0.08118368320238828
         "Mary is a teacher" : 0.08118368320238828
         "Mary is a doctor" : 0.08118368320238828
         "John and Mary are doctors or teachers" : 0.05796042780983282
         "John and Mary are doctors and teachers" : 0.05796042780983277
         "Mary is a doctor and a teacher" : 0.044554550002441795
         "John is a doctor and a teacher" : 0.044554550002441795
         "Mary is a doctor or a teacher" : 0.04455455000244175
         "John is a doctor or a teacher" : 0.04455455000244175
         "John or Mary is a teacher" : 0.03129208450102909
         "John or Mary is a doctor" : 0.03129208450102909
         "John or Mary is a doctor and a teacher" : 0.021122604886965272
         "John or Mary is a doctor or a teacher" : 0.012519452406923889
         "John is not a doctor and a teacher" : 0.009779799246246973
         "Mary is not a doctor and a teacher" : 0.009779799246246973
         "John is not a teacher" : 0.007517793967297686
         "Mary is not a teacher" : 0.007517793967297686
         "Mary is not a doctor" : 0.007517793967297686
         "John is not a doctor" : 0.007517793967297686
         "John or Mary is not a doctor and a teacher" : 0.00651387501985663
         "John or Mary is not a doctor" : 0.00565960604528182
         "John or Mary is not a teacher" : 0.00565960604528182
         "John and Mary are not doctors and teachers" : 0.0037696035994540657
         "John and Mary are not doctors" : 0.0012224749057808738
         "John and Mary are not teachers" : 0.0012224749057808738,
    learnedResult: 
     Marginal:
         "John is a teacher" : 0.05990342157521785
         "John is a doctor" : 0.059884904448043313
         "Mary is a doctor" : 0.05985845696461807
         "Mary is a teacher" : 0.05985253201460716
         "Mary is not a teacher" : 0.044350664044084775
         "Mary is not a doctor" : 0.04434974408243075
         "John is not a doctor" : 0.04434563850069112
         "John is not a teacher" : 0.04434276485994364
         "John is a doctor and a teacher" : 0.032860115709134254
         "John and Mary are teachers" : 0.03285744156819113
         "John is a doctor or a teacher" : 0.032856695833662235
         "John and Mary are doctors" : 0.03285600244043992
         "John or Mary is a teacher" : 0.0328547692482425
         "John or Mary is a doctor" : 0.03285459682824263
         "Mary is a doctor or a teacher" : 0.032853681944301175
         "Mary is a doctor and a teacher" : 0.032852467705902236
         "Mary is not a doctor and a teacher" : 0.024339367459749194
         "Mary is not a doctor or a teacher" : 0.024339226175685034
         "John or Mary is not a doctor" : 0.024339105618794963
         "John or Mary is not a teacher" : 0.024339083540233036
         "John and Mary are not doctors" : 0.0243389199372082
         "John is not a doctor or a teacher" : 0.02433882364889587
         "John and Mary are not teachers" : 0.02433873072943516
         "John is not a doctor and a teacher" : 0.024338419091331807
         "John and Mary are doctors and teachers" : 0.018031255699754854
         "John and Mary are doctors or teachers" : 0.018031044296817268
         "John or Mary is a doctor and a teacher" : 0.018030914754571567
         "John or Mary is a doctor or a teacher" : 0.018030893199636962
         "John or Mary is not a doctor or a teacher" : 0.013357596179382012
         "John or Mary is not a doctor and a teacher" : 0.013357593389719888
         "John and Mary are not doctors or teachers" : 0.013357577670484067
         "John and Mary are not doctors and teachers" : 0.01335755084054738,
    KLDivergence: 0.42638136359298956 },
  { query: [ 'What is John', [Object] ],
    trueResult: 
     Marginal:
         "John is a doctor" : 0.23702792248662735
         "John is not a teacher" : 0.17559460378842734
         "John and Mary are doctors" : 0.130083681939854
         "John and Mary are not teachers" : 0.09636836179440914
         "John or Mary is a doctor" : 0.03854331316736411
         "John is a doctor or a teacher" : 0.03854331316736411
         "Mary is a teacher" : 0.029628490310828412
         "Mary is a doctor" : 0.029628490310828412
         "John is not a doctor and a teacher" : 0.02855358867982489
         "John or Mary is not a teacher" : 0.02855358867982489
         "Mary is not a doctor" : 0.02194932547355341
         "Mary is not a teacher" : 0.02194932547355341
         "John and Mary are doctors or teachers" : 0.021153018759865538
         "Mary is a doctor and a teacher" : 0.01626046024248175
         "Mary is a doctor or a teacher" : 0.016260460242481723
         "John and Mary are not doctors and teachers" : 0.0156705417197306
         "Mary is not a doctor or a teacher" : 0.012046045224301137
         "Mary is not a doctor and a teacher" : 0.012046045224301137
         "John or Mary is a doctor or a teacher" : 0.010830345605051172
         "John or Mary is not a doctor and a teacher" : 0.008023317360502066
         "John or Mary is a teacher" : 0.004817914145920514
         "John or Mary is not a doctor" : 0.0035691985849781176
         "John or Mary is a doctor and a teacher" : 0.0016651064329923299
         "John or Mary is not a doctor or a teacher" : 0.0012335411849350591,
    learnedResult: 
     Marginal:
         "John is a doctor" : 0.3480541568768875
         "John is not a teacher" : 0.05703701912379626
         "Mary is a teacher" : 0.043506769609610925
         "Mary is a doctor" : 0.043506769609610925
         "John and Mary are doctors" : 0.04091365765825321
         "Mary is not a doctor" : 0.03223060764980138
         "Mary is not a teacher" : 0.03223060764980138
         "John or Mary is a doctor" : 0.027182854013595954
         "John is a doctor and a teacher" : 0.02446116477821431
         "Mary is a doctor and a teacher" : 0.023877021410616494
         "Mary is a doctor or a teacher" : 0.023877021410616407
         "John is a doctor or a teacher" : 0.021094964916802787
         "John or Mary is a teacher" : 0.02085070450949088
         "John and Mary are not teachers" : 0.0196145454978857
         "John or Mary is not a teacher" : 0.018084193732350137
         "John is not a doctor or a teacher" : 0.01807445793598585
         "Mary is not a doctor or a teacher" : 0.017688532516592168
         "Mary is not a doctor and a teacher" : 0.017688532516592106
         "John is not a doctor and a teacher" : 0.01758715582310924
         "John or Mary is not a doctor" : 0.017298684875547626
         "John is not a doctor" : 0.015917172439978085
         "John and Mary are not doctors" : 0.015892916489420695
         "John and Mary are doctors and teachers" : 0.013127714966699646
         "John or Mary is a doctor and a teacher" : 0.013115646637283398
         "John or Mary is a doctor or a teacher" : 0.013041316824726213
         "John and Mary are doctors or teachers" : 0.012804201873683089
         "John and Mary are teachers" : 0.01237981971878864
         "John and Mary are not doctors or teachers" : 0.009743535521979535
         "John or Mary is not a doctor or a teacher" : 0.00971523916145666
         "John or Mary is not a doctor and a teacher" : 0.00970564062985791
         "John and Mary are not doctors and teachers" : 0.00969737362096315,
    KLDivergence: 0.40838646570804377 },
  { query: [ 'What is John', [Object] ],
    trueResult: 
     Marginal:
         "John is a doctor and a teacher" : 0.37545849217947985
         "John and Mary are doctors and teachers" : 0.20605598937841657
         "John is a doctor" : 0.08551624717081296
         "John is a teacher" : 0.08551624717081296
         "John and Mary are teachers" : 0.046932311522435
         "John and Mary are doctors" : 0.046932311522435
         "John or Mary is a doctor and a teacher" : 0.03844776478197857
         "John or Mary is a teacher" : 0.013905870080721474
         "John is a doctor or a teacher" : 0.013905870080721474
         "John or Mary is a doctor" : 0.013905870080721474
         "Mary is a teacher" : 0.010689530896351615
         "Mary is a doctor" : 0.010689530896351615
         "Mary is not a doctor" : 0.007918999258557448
         "Mary is not a teacher" : 0.007918999258557448
         "John and Mary are doctors or teachers" : 0.007631703310311726
         "Mary is a doctor and a teacher" : 0.005866538940304378
         "Mary is a doctor or a teacher" : 0.0058665389403043675
         "Mary is not a doctor or a teacher" : 0.004346038939316297
         "Mary is not a doctor and a teacher" : 0.004346038939316297
         "John or Mary is a doctor or a teacher" : 0.003907432094879606
         "John or Mary is not a doctor" : 0.0012877152412789025
         "John or Mary is not a teacher" : 0.0012877152412789025
         "John or Mary is not a doctor and a teacher" : 0.0012212002512970355
         "John or Mary is not a doctor or a teacher" : 0.00044504382335897773,
    learnedResult: 
     Marginal:
         "John is a doctor" : 0.25052763576517745
         "John is a teacher" : 0.25052763576517745
         "John is a doctor and a teacher" : 0.0456786814351155
         "Mary is a teacher" : 0.031315954470647174
         "Mary is a doctor" : 0.031315954470647174
         "John and Mary are teachers" : 0.029449445498947506
         "John and Mary are doctors" : 0.029449445498947506
         "John is a doctor or a teacher" : 0.02471919471256153
         "Mary is not a teacher" : 0.02319942966989451
         "Mary is not a doctor" : 0.02319942966989451
         "John or Mary is a teacher" : 0.01956608192955727
         "John or Mary is a doctor" : 0.01956608192955727
         "Mary is a doctor and a teacher" : 0.017186560208881953
         "Mary is a doctor or a teacher" : 0.017186560208881894
         "Mary is not a doctor or a teacher" : 0.012732116953583133
         "Mary is not a doctor and a teacher" : 0.012732116953583087
         "John or Mary is not a doctor" : 0.012451506577612053
         "John or Mary is not a teacher" : 0.012451506577612053
         "John is not a doctor or a teacher" : 0.011868352830879378
         "John and Mary are doctors and teachers" : 0.01151212360791669
         "John is not a teacher" : 0.01145710085820025
         "John is not a doctor" : 0.01145710085820025
         "John and Mary are not doctors" : 0.011439641546692789
         "John and Mary are not teachers" : 0.011439641546692789
         "John is not a doctor and a teacher" : 0.010442591408221206
         "John and Mary are doctors or teachers" : 0.010135177602662344
         "John or Mary is a doctor and a teacher" : 0.009842908405273689
         "John or Mary is a doctor or a teacher" : 0.009576756212115456
         "John or Mary is not a doctor or a teacher" : 0.006970092952485533
         "John or Mary is not a doctor and a teacher" : 0.006938901303304659
         "John and Mary are not doctors or teachers" : 0.006905074542446875
         "John and Mary are not doctors and teachers" : 0.006759198028630229,
    KLDivergence: 1.2033112083839628 },
  { query: [ 'What isn\'t John', [Object] ],
    trueResult: 
     Marginal:
         "John is a doctor and a teacher" : 0.37545849217947985
         "John and Mary are doctors and teachers" : 0.20605598937841657
         "John is a doctor" : 0.08551624717081296
         "John is a teacher" : 0.08551624717081296
         "John and Mary are teachers" : 0.046932311522435
         "John and Mary are doctors" : 0.046932311522435
         "John or Mary is a doctor and a teacher" : 0.03844776478197857
         "John or Mary is a teacher" : 0.013905870080721474
         "John is a doctor or a teacher" : 0.013905870080721474
         "John or Mary is a doctor" : 0.013905870080721474
         "Mary is a teacher" : 0.010689530896351615
         "Mary is a doctor" : 0.010689530896351615
         "Mary is not a doctor" : 0.007918999258557448
         "Mary is not a teacher" : 0.007918999258557448
         "John and Mary are doctors or teachers" : 0.007631703310311726
         "Mary is a doctor and a teacher" : 0.005866538940304378
         "Mary is a doctor or a teacher" : 0.0058665389403043675
         "Mary is not a doctor or a teacher" : 0.004346038939316297
         "Mary is not a doctor and a teacher" : 0.004346038939316297
         "John or Mary is a doctor or a teacher" : 0.003907432094879606
         "John or Mary is not a doctor" : 0.0012877152412789025
         "John or Mary is not a teacher" : 0.0012877152412789025
         "John or Mary is not a doctor and a teacher" : 0.0012212002512970355
         "John or Mary is not a doctor or a teacher" : 0.00044504382335897773,
    learnedResult: 
     Marginal:
         "John is a doctor" : 0.06390283925027586
         "John is a teacher" : 0.06390283925027586
         "Mary is a doctor" : 0.0592593275731174
         "Mary is a teacher" : 0.0592593275731174
         "Mary is not a teacher" : 0.04390038961151187
         "Mary is not a doctor" : 0.04390038961151187
         "John is not a doctor" : 0.04320127912199149
         "John is not a teacher" : 0.043201279121991475
         "John is a doctor and a teacher" : 0.03344723850263104
         "John and Mary are teachers" : 0.033013226177802106
         "John and Mary are doctors" : 0.03301322617780208
         "John is a doctor or a teacher" : 0.032844103004084135
         "John or Mary is a teacher" : 0.032632079498806726
         "John or Mary is a doctor" : 0.03263207949880671
         "Mary is a doctor and a teacher" : 0.03252220851923447
         "Mary is a doctor or a teacher" : 0.032522208519234395
         "Mary is not a doctor or a teacher" : 0.024093044647859056
         "Mary is not a doctor and a teacher" : 0.024093044647859024
         "John or Mary is not a teacher" : 0.024079424335456266
         "John or Mary is not a doctor" : 0.024079424335456245
         "John is not a doctor or a teacher" : 0.02405022401479154
         "John and Mary are not doctors" : 0.02402858420260246
         "John and Mary are not teachers" : 0.02402858420260244
         "John is not a doctor and a teacher" : 0.02397960284419725
         "John and Mary are doctors and teachers" : 0.017937357883749786
         "John and Mary are doctors or teachers" : 0.01788161450757175
         "John or Mary is a doctor and a teacher" : 0.017867250908593462
         "John or Mary is a doctor or a teacher" : 0.017855516813657008
         "John or Mary is not a doctor or a teacher" : 0.013221697273438337
         "John or Mary is not a doctor and a teacher" : 0.013220275548000248
         "John and Mary are not doctors or teachers" : 0.013218528557548395
         "John and Mary are not doctors and teachers" : 0.013211784264422122,
    KLDivergence: 1.364485212889177 },
  { query: [ 'What isn\'t John', [Object] ],
    trueResult: 
     Marginal:
         "John is a doctor and a teacher" : 0.37545849217947985
         "John and Mary are doctors and teachers" : 0.20605598937841657
         "John is a doctor" : 0.08551624717081296
         "John is a teacher" : 0.08551624717081296
         "John and Mary are teachers" : 0.046932311522435
         "John and Mary are doctors" : 0.046932311522435
         "John or Mary is a doctor and a teacher" : 0.03844776478197857
         "John or Mary is a teacher" : 0.013905870080721474
         "John is a doctor or a teacher" : 0.013905870080721474
         "John or Mary is a doctor" : 0.013905870080721474
         "Mary is a teacher" : 0.010689530896351615
         "Mary is a doctor" : 0.010689530896351615
         "Mary is not a doctor" : 0.007918999258557448
         "Mary is not a teacher" : 0.007918999258557448
         "John and Mary are doctors or teachers" : 0.007631703310311726
         "Mary is a doctor and a teacher" : 0.005866538940304378
         "Mary is a doctor or a teacher" : 0.0058665389403043675
         "Mary is not a doctor or a teacher" : 0.004346038939316297
         "Mary is not a doctor and a teacher" : 0.004346038939316297
         "John or Mary is a doctor or a teacher" : 0.003907432094879606
         "John or Mary is not a doctor" : 0.0012877152412789025
         "John or Mary is not a teacher" : 0.0012877152412789025
         "John or Mary is not a doctor and a teacher" : 0.0012212002512970355
         "John or Mary is not a doctor or a teacher" : 0.00044504382335897773,
    learnedResult: 
     Marginal:
         "John is a doctor" : 0.06390283925027586
         "John is a teacher" : 0.06390283925027586
         "Mary is a doctor" : 0.0592593275731174
         "Mary is a teacher" : 0.0592593275731174
         "Mary is not a teacher" : 0.04390038961151187
         "Mary is not a doctor" : 0.04390038961151187
         "John is not a doctor" : 0.04320127912199149
         "John is not a teacher" : 0.043201279121991475
         "John is a doctor and a teacher" : 0.03344723850263104
         "John and Mary are teachers" : 0.033013226177802106
         "John and Mary are doctors" : 0.03301322617780208
         "John is a doctor or a teacher" : 0.032844103004084135
         "John or Mary is a teacher" : 0.032632079498806726
         "John or Mary is a doctor" : 0.03263207949880671
         "Mary is a doctor and a teacher" : 0.03252220851923447
         "Mary is a doctor or a teacher" : 0.032522208519234395
         "Mary is not a doctor or a teacher" : 0.024093044647859056
         "Mary is not a doctor and a teacher" : 0.024093044647859024
         "John or Mary is not a teacher" : 0.024079424335456266
         "John or Mary is not a doctor" : 0.024079424335456245
         "John is not a doctor or a teacher" : 0.02405022401479154
         "John and Mary are not doctors" : 0.02402858420260246
         "John and Mary are not teachers" : 0.02402858420260244
         "John is not a doctor and a teacher" : 0.02397960284419725
         "John and Mary are doctors and teachers" : 0.017937357883749786
         "John and Mary are doctors or teachers" : 0.01788161450757175
         "John or Mary is a doctor and a teacher" : 0.017867250908593462
         "John or Mary is a doctor or a teacher" : 0.017855516813657008
         "John or Mary is not a doctor or a teacher" : 0.013221697273438337
         "John or Mary is not a doctor and a teacher" : 0.013220275548000248
         "John and Mary are not doctors or teachers" : 0.013218528557548395
         "John and Mary are not doctors and teachers" : 0.013211784264422122,
    KLDivergence: 1.364485212889177 } ]
