L2 norm of gradient: 0.5850294964562462
Iteration 0: -928.4128805846168
L2 norm of gradient: 0.7164169769201748
Iteration 1: -980.4930645831085
L2 norm of gradient: 7.541986464815523
Iteration 2: -908.8042262912679
L2 norm of gradient: 8.204765268416246
Iteration 3: -867.2657258900157
L2 norm of gradient: 2.5128966604906298
Iteration 4: -958.8939040689842
L2 norm of gradient: 9.076616334118409
Iteration 5: -838.6330705885987
L2 norm of gradient: 7.608638678332028
Iteration 6: -985.5618181145439
L2 norm of gradient: 9.48592681926125
Iteration 7: -810.6869651290446
L2 norm of gradient: 1.3411308665272172
Iteration 8: -852.1585142226359
L2 norm of gradient: 0.698470400157893
Iteration 9: -779.7067913217115
L2 norm of gradient: 1.9270869263336705
Iteration 10: -895.392812447275
L2 norm of gradient: 1.0567373343524433
Iteration 11: -918.6356828648345
L2 norm of gradient: 9.611616295342653
Iteration 12: -933.3966256014118
L2 norm of gradient: 0.8283618151008542
Iteration 13: -827.82884051006
L2 norm of gradient: 3.567506840854117
Iteration 14: -837.4065888318787
L2 norm of gradient: 0.06588337879798549
Iteration 15: -894.0389376046102
L2 norm of gradient: 7.872957815758598
Iteration 16: -852.1729345008948
L2 norm of gradient: 0.29589442863925325
Iteration 17: -922.6507086995985
L2 norm of gradient: 0.05278358540781471
Iteration 18: -874.3986694828017
L2 norm of gradient: 0.9642106248754604
Iteration 19: -870.3424446896328
L2 norm of gradient: 5.886076689327737
Iteration 20: -919.2184731105478
L2 norm of gradient: 7.972173310375142
Iteration 21: -836.9085729763551
L2 norm of gradient: 6.005958824034135
Iteration 22: -949.4387362156617
L2 norm of gradient: 4.5109586149298995
Iteration 23: -856.6470809921485
L2 norm of gradient: 9.262787493358482
Iteration 24: -871.7600582313669
L2 norm of gradient: 0.07148217284403197
Iteration 25: -864.7985860507686
L2 norm of gradient: 9.433318428709727
Iteration 26: -923.8929655570175
L2 norm of gradient: 0.015779051399592247
Iteration 27: -874.4001354338419
L2 norm of gradient: 4.32659803710587
Iteration 28: -951.7229023794584
L2 norm of gradient: 14.49992740630167
Iteration 29: -897.3339192726453
L2 norm of gradient: 3.2400991192190736
Iteration 30: -846.9613515905269
L2 norm of gradient: 9.188419376639768
Iteration 31: -894.766372787264
L2 norm of gradient: 8.251587084056178
Iteration 32: -947.1398556721585
L2 norm of gradient: 0.05008403356196274
Iteration 33: -912.7997166213653
L2 norm of gradient: 0.9662101522641005
Iteration 34: -975.9332742865754
L2 norm of gradient: 9.201380550633006
Iteration 35: -923.7601068392237
L2 norm of gradient: 0.9289643247390102
Iteration 36: -908.9822907802243
L2 norm of gradient: 0.6549167202270313
Iteration 37: -856.3805445971749
L2 norm of gradient: 2.883397432912328
Iteration 38: -822.5975689407072
L2 norm of gradient: 5.994995459997788
Iteration 39: -829.4088787786892
L2 norm of gradient: 8.640763207257708
Iteration 40: -1010.3056256593836
L2 norm of gradient: 3.7295758696744734
Iteration 41: -786.6795949286717
L2 norm of gradient: 0.2994358617194076
Iteration 42: -750.5106351286017
L2 norm of gradient: 5.610182168101457
Iteration 43: -923.398180842507
L2 norm of gradient: 2.7795347795881304
Iteration 44: -884.4003252187538
L2 norm of gradient: 9.390911739089614
Iteration 45: -933.5582740876717
L2 norm of gradient: 5.158810354904737
Iteration 46: -890.2740923099939
L2 norm of gradient: 0.48846297889370466
Iteration 47: -995.4021521674688
L2 norm of gradient: 0.29131306320991857
Iteration 48: -864.9888798960144
L2 norm of gradient: 0.28239285156359795
Iteration 49: -864.9893107773399
L2 norm of gradient: 0.045220052935992024
Iteration 50: -789.0997025938364
L2 norm of gradient: 5.355692521244556
Iteration 51: -870.9351327060779
L2 norm of gradient: 0.030719389913005886
Iteration 52: -883.9988013182335
L2 norm of gradient: 0.005032691517988185
Iteration 53: -932.0000672383693
L2 norm of gradient: 0.4873330338170329
Iteration 54: -852.0573791678366
L2 norm of gradient: 1.845438570755902
Iteration 55: -952.7342742759392
L2 norm of gradient: 9.331335253539997
Iteration 56: -1006.1496964021378
L2 norm of gradient: 0.053495545378492895
Iteration 57: -864.7993593642199
L2 norm of gradient: 18.49465474607263
Iteration 58: -958.4991646757711
L2 norm of gradient: 2.388812259746704
Iteration 59: -876.3055406719973
L2 norm of gradient: 2.28439546002148
Iteration 60: -870.9460695592629
L2 norm of gradient: 4.651056959731338
Iteration 61: -941.7066202462123
L2 norm of gradient: 4.234982461960589
Iteration 62: -913.2457735756204
L2 norm of gradient: 0.8934686891111739
Iteration 63: -918.5641206744915
L2 norm of gradient: 4.419958867103683
Iteration 64: -818.3012318460709
L2 norm of gradient: 19.007603782941047
Iteration 65: -1010.2394442496546
L2 norm of gradient: 0.44023546283695625
Iteration 66: -846.5422783961012
L2 norm of gradient: 1.8240334343514935
Iteration 67: -875.9101463855294
L2 norm of gradient: 5.558142134756112
Iteration 68: -889.8980535463467
L2 norm of gradient: 2.1279570744869756
Iteration 69: -961.0702567424639
L2 norm of gradient: 5.795434370362746
Iteration 70: -928.2155807887877
L2 norm of gradient: 9.461062004480778
Iteration 71: -880.8423376100491
L2 norm of gradient: 1.1179804523579415
Iteration 72: -908.8000115495947
L2 norm of gradient: 0.8884404768918125
Iteration 73: -894.8368822777568
L2 norm of gradient: 2.0536427411281246
Iteration 74: -865.1254740672772
L2 norm of gradient: 0.8585753544251516
Iteration 75: -732.5125892084563
L2 norm of gradient: 8.50917905635601
Iteration 76: -961.6772687833526
L2 norm of gradient: 1.2749714878173868
Iteration 77: -861.0442279150849
L2 norm of gradient: 2.67995757734509
Iteration 78: -911.4494489548862
L2 norm of gradient: 0.568723255379896
Iteration 79: -823.2930415477272
L2 norm of gradient: 3.096697716222782
Iteration 80: -871.936160046782
L2 norm of gradient: 9.31153239289099
Iteration 81: -967.4232959681525
L2 norm of gradient: 5.5245951185546
Iteration 82: -956.6590512911671
L2 norm of gradient: 0.7216527953178156
Iteration 83: -846.6955672919687
L2 norm of gradient: 9.577758583355402
Iteration 84: -880.4682565350066
L2 norm of gradient: 5.178057246308002
Iteration 85: -932.2546861266
L2 norm of gradient: 0.44334766569802975
Iteration 86: -856.5962557407356
L2 norm of gradient: 1.9492475100794422
Iteration 87: -890.372533640378
L2 norm of gradient: 3.2453221278398763
Iteration 88: -967.9422777424546
L2 norm of gradient: 9.581347229219034
Iteration 89: -966.7889632565158
L2 norm of gradient: 2.29155668609442
Iteration 90: -790.60849851628
L2 norm of gradient: 9.603952098741868
Iteration 91: -957.1545983117646
L2 norm of gradient: 0.004182202290576513
Iteration 92: -932.0001606640291
L2 norm of gradient: 0.8716079047205618
Iteration 93: -884.5539614601892
L2 norm of gradient: 8.036529682465456
Iteration 94: -937.1949320875799
L2 norm of gradient: 5.424846771632937
Iteration 95: -918.6065367305316
L2 norm of gradient: 0.5967456157517359
Iteration 96: -932.5037999082907
L2 norm of gradient: 17.6542250030258
Iteration 97: -932.5754974346604
L2 norm of gradient: 9.113716548072084
Iteration 98: -842.7006757011052
L2 norm of gradient: 0.3270037910395472
Iteration 99: -675.9105686582961
L2 norm of gradient: 8.908232908639958
Iteration 100: -874.6271099735384
L2 norm of gradient: 0.05155671457878521
Iteration 101: -874.3999516927573
L2 norm of gradient: 1.0863102945406382
Iteration 102: -899.2550230124243
L2 norm of gradient: 0.9054746076228858
Iteration 103: -918.6654092738681
L2 norm of gradient: 7.290327783073594
Iteration 104: -922.8172966281079
L2 norm of gradient: 8.324513695567202
Iteration 105: -883.586650928715
L2 norm of gradient: 8.679158937518546
Iteration 106: -818.0724615728114
L2 norm of gradient: 1.2280642518411167
Iteration 107: -910.2810733075936
L2 norm of gradient: 1.789804323775735
Iteration 108: -980.5383946972058
L2 norm of gradient: 0.3234928939009105
Iteration 109: -893.8537771861172
L2 norm of gradient: 9.752725881734488
Iteration 110: -889.9757392606765
L2 norm of gradient: 1.098485411421984
Iteration 111: -860.7518618499162
L2 norm of gradient: 10.104440270026869
Iteration 112: -928.2476886472916
L2 norm of gradient: 1.6982505849953646
Iteration 113: -751.6400986708776
L2 norm of gradient: 8.834697180815374
Iteration 114: -856.5938356124618
L2 norm of gradient: 9.18557273422133
Iteration 115: -883.9543298807381
L2 norm of gradient: 0.34331571851143167
Iteration 116: -922.58759688841
L2 norm of gradient: 0.10376944061674098
Iteration 117: -836.004878179685
L2 norm of gradient: 8.48438115892627
Iteration 118: -950.7282159106844
L2 norm of gradient: 5.190194154854705
Iteration 119: -942.7680721063931
L2 norm of gradient: 0.00798512577714118
Iteration 120: -912.8004792425561
L2 norm of gradient: 1.1587797929697212
Iteration 121: -899.1321609495513
L2 norm of gradient: 11.36811643440029
Iteration 122: -855.4404547609811
L2 norm of gradient: 1.2594340077190342
Iteration 123: -910.2800608259446
L2 norm of gradient: 10.615979706397333
Iteration 124: -794.4291065156659
L2 norm of gradient: 7.852963348368642
Iteration 125: -813.8504670326582
L2 norm of gradient: 1.77182596530643
Iteration 126: -804.1464465489776
L2 norm of gradient: 1.6666267849131613
Iteration 127: -884.2680102173405
L2 norm of gradient: 10.172553182902988
Iteration 128: -947.1996907218695
L2 norm of gradient: 1.743920949936279
Iteration 129: -798.7747635866681
L2 norm of gradient: 10.40525968358229
Iteration 130: -908.7847833545648
L2 norm of gradient: 1.0597731902169327
Iteration 131: -831.8207699703444
L2 norm of gradient: 1.133764001126775
Iteration 132: -927.9194334091958
L2 norm of gradient: 0.9556524096472263
Iteration 133: -722.9057417799966
L2 norm of gradient: 5.876211316951995
Iteration 134: -884.0493150671573
L2 norm of gradient: 2.312600388618438
Iteration 135: -866.1321612266041
L2 norm of gradient: 1.970814273609877
Iteration 136: -943.090835903868
L2 norm of gradient: 0.3876818992794378
Iteration 137: -798.4373243718169
L2 norm of gradient: 3.2131652736189156
Iteration 138: -871.630604450354
L2 norm of gradient: 1.7198331255746648
Iteration 139: -903.4440993336286
L2 norm of gradient: 0.25923438977888963
Iteration 140: -798.4489871348601
L2 norm of gradient: 10.49089822887144
Iteration 141: -947.7580369807663
L2 norm of gradient: 10.802820427831758
Iteration 142: -898.5659618124519
L2 norm of gradient: 10.978589473156399
Iteration 143: -861.308810825773
L2 norm of gradient: 0.3655786097089554
Iteration 144: -846.5191620132969
L2 norm of gradient: 6.281520367330245
Iteration 145: -908.540540902517
L2 norm of gradient: 0.5574277807944287
Iteration 146: -932.2897136702635
L2 norm of gradient: 0.891541839791512
Iteration 147: -861.0308917404966
L2 norm of gradient: 1.1255149803676727
Iteration 148: -889.3949641486121
L2 norm of gradient: 0.33672463015303844
Iteration 149: -855.453815180259
L2 norm of gradient: 9.92368436873868
Iteration 150: -865.0797445783637
L2 norm of gradient: 0.019204477899210683
Iteration 151: -913.2425849963864
L2 norm of gradient: 0.12441271511914564
Iteration 152: -951.1950636226454
L2 norm of gradient: 0.3245098349607652
Iteration 153: -788.9102086796788
L2 norm of gradient: 11.357899592839413
Iteration 154: -851.3187348626774
L2 norm of gradient: 7.629067287239887
Iteration 155: -694.7867700981514
L2 norm of gradient: 0.48101728017832807
Iteration 156: -922.6866468182858
L2 norm of gradient: 2.0229240258719066
Iteration 157: -937.8957159104095
L2 norm of gradient: 0.0059692799829612585
Iteration 158: -912.7998856987042
L2 norm of gradient: 2.01633455232409
Iteration 159: -860.6477981179007
L2 norm of gradient: 12.373658588540733
Iteration 160: -923.6487771807213
L2 norm of gradient: 2.124159236893573
Iteration 161: -952.7049524435475
L2 norm of gradient: 6.940334473643581
Iteration 162: -864.2994273903831
L2 norm of gradient: 2.4210771539730125
Iteration 163: -737.35325591252
L2 norm of gradient: 0.30336345078028226
Iteration 164: -798.439761527424
L2 norm of gradient: 1.2804098141004159
Iteration 165: -908.7621602490797
L2 norm of gradient: 0.1795726707452628
Iteration 166: -864.7930660976563
L2 norm of gradient: 0.021091385781927457
Iteration 167: -893.5993021607699
L2 norm of gradient: 7.055546301815359
Iteration 168: -883.4776999315607
L2 norm of gradient: 1.1209987327572983
Iteration 169: -870.1666163085972
L2 norm of gradient: 2.0502774493438363
Iteration 170: -922.6035871882436
L2 norm of gradient: 11.084138144465285
Iteration 171: -921.5254590569677
L2 norm of gradient: 23.114936590795313
Iteration 172: -764.2361624438834
L2 norm of gradient: 2.361775496916407
Iteration 173: -903.985796539501
L2 norm of gradient: 0.3452525596330483
Iteration 174: -722.8093506291754
L2 norm of gradient: 2.2134122009820856
Iteration 175: -845.7962842549205
L2 norm of gradient: 12.479175414328203
Iteration 176: -936.1673547967758
L2 norm of gradient: 0.5439220597688246
Iteration 177: -855.4237894099756
L2 norm of gradient: 11.418121623398498
Iteration 178: -901.8750887195083
L2 norm of gradient: 18.799374863883354
Iteration 179: -873.8793227401663
L2 norm of gradient: 12.019323496860942
Iteration 180: -926.9184601718914
L2 norm of gradient: 0.3967043955048328
Iteration 181: -980.3422978742559
L2 norm of gradient: 0.3396570166924702
Iteration 182: -799.5511070804946
L2 norm of gradient: 2.5961385729528526
Iteration 183: -769.9646170645645
L2 norm of gradient: 0.20234278617853907
Iteration 184: -852.5387902158
L2 norm of gradient: 2.6567050498492595
Iteration 185: -818.1928929274436
L2 norm of gradient: 18.570891142157883
Iteration 186: -958.3526318749429
L2 norm of gradient: 0.004977992262953755
Iteration 187: -855.2000275747325
L2 norm of gradient: 8.094181984275322
Iteration 188: -882.9081345147757
L2 norm of gradient: 3.786868734042781
Iteration 189: -814.4732102877649
L2 norm of gradient: 12.190931535154817
Iteration 190: -844.7828924797893
L2 norm of gradient: 0.7801927873320196
Iteration 191: -827.6788139013263
L2 norm of gradient: 8.601587940166905
Iteration 192: -894.5284457112982
L2 norm of gradient: 0.9416479468845552
Iteration 193: -841.6553863590026
L2 norm of gradient: 2.8507012888112135
Iteration 194: -870.3291862603376
L2 norm of gradient: 12.44134078330425
Iteration 195: -968.5219618930887
L2 norm of gradient: 10.039852583494817
Iteration 196: -908.0560405241114
L2 norm of gradient: 21.8145743126524
Iteration 197: -801.2966832943855
L2 norm of gradient: 1.142615130828899
Iteration 198: -1019.4410836034012
L2 norm of gradient: 1.171430404620212
Iteration 199: -866.4449830030336
L2 norm of gradient: 15.296870400206846
Iteration 200: -871.8333470229013
L2 norm of gradient: 1.517171444571991
Iteration 201: -947.2455990726903
L2 norm of gradient: 0.35968368909565973
Iteration 202: -865.0449413574672
L2 norm of gradient: 3.0564993599189916
Iteration 203: -927.8820137386124
L2 norm of gradient: 1.2627936551345431
Iteration 204: -842.1976950483795
L2 norm of gradient: 0.3636301946954133
Iteration 205: -903.3800638689326
L2 norm of gradient: 6.053336002660897
Iteration 206: -976.140796395326
L2 norm of gradient: 1.3919366825252133
Iteration 207: -908.5702224608673
L2 norm of gradient: 9.312579543833913
Iteration 208: -830.3736729535866
L2 norm of gradient: 3.3683204092727776
Iteration 209: -999.6138292549076
L2 norm of gradient: 1.2324258552338077
Iteration 210: -813.3940443977021
L2 norm of gradient: 11.719920552635555
Iteration 211: -808.4981032645682
L2 norm of gradient: 12.881148730550711
Iteration 212: -813.172488766254
L2 norm of gradient: 3.3246007156863193
Iteration 213: -789.7495789256567
L2 norm of gradient: 14.581806031105366
Iteration 214: -887.774182865673
L2 norm of gradient: 0.12211359360180953
Iteration 215: -864.7876355201544
L2 norm of gradient: 16.439437459974773
Iteration 216: -992.5206570998942
L2 norm of gradient: 15.099001033668973
Iteration 217: -791.5065248724186
L2 norm of gradient: 14.78982524569749
Iteration 218: -915.5101047713043
L2 norm of gradient: 8.781637266671096
Iteration 219: -921.7905886083283
L2 norm of gradient: 1.4106810298380987
Iteration 220: -832.5544819558952
L2 norm of gradient: 3.5805074835107136
Iteration 221: -889.1974283338616
L2 norm of gradient: 1.4661962277803458
Iteration 222: -870.0403975289993
L2 norm of gradient: 1.4136540665033042
Iteration 223: -804.9290434090043
L2 norm of gradient: 16.48482033525808
Iteration 224: -949.3841757763903
L2 norm of gradient: 1.4949033566549068
Iteration 225: -718.2967153084037
L2 norm of gradient: 1.6327522579012723
Iteration 226: -851.6814058353226
L2 norm of gradient: 1.320054890519225
Iteration 227: -880.5792790456119
L2 norm of gradient: 2.952995648468789
Iteration 228: -971.4536527839657
L2 norm of gradient: 0.3824335661421694
Iteration 229: -846.44436113642
L2 norm of gradient: 1.6173483996706886
Iteration 230: -908.6177033937176
L2 norm of gradient: 0.17093965421843849
Iteration 231: -942.035138427971
L2 norm of gradient: 0.07946543486726401
Iteration 232: -807.1992039226153
L2 norm of gradient: 3.9778975059878
Iteration 233: -840.9753506607808
L2 norm of gradient: 10.617228457583218
Iteration 234: -916.3003644558803
L2 norm of gradient: 11.167041555216306
Iteration 235: -708.2456212049482
L2 norm of gradient: 13.388744749080331
Iteration 236: -954.3029304106968
L2 norm of gradient: 11.163324933978803
Iteration 237: -811.4326988145006
L2 norm of gradient: 0.6584930971625464
Iteration 238: -842.6541251738851
L2 norm of gradient: 19.567859029097466
Iteration 239: -852.6118515246231
L2 norm of gradient: 9.589717567246245
Iteration 240: -863.2973612984687
L2 norm of gradient: 11.395813698936058
Iteration 241: -796.3457661875268
L2 norm of gradient: 0.37770323711503906
Iteration 242: -856.1102011686248
L2 norm of gradient: 8.369080108524908
Iteration 243: -883.9730775106356
L2 norm of gradient: 10.069347071429945
Iteration 244: -907.538143890745
L2 norm of gradient: 4.912652601017872
Iteration 245: -942.503569959644
L2 norm of gradient: 15.26241676160583
Iteration 246: -918.8874064661085
L2 norm of gradient: 0.18491478943805587
Iteration 247: -751.3395841160574
L2 norm of gradient: 17.284221231687102
Iteration 248: -939.3946253921066
L2 norm of gradient: 4.46581074328214
Iteration 249: -912.5986133137626
L2 norm of gradient: 1.603069391467699
Iteration 250: -870.2549595678499
L2 norm of gradient: 26.712882852787537
Iteration 251: -893.6928541928565
L2 norm of gradient: 26.245119775848753
Iteration 252: -864.0146339154473
L2 norm of gradient: 15.529955387977314
Iteration 253: -905.1821803950841
L2 norm of gradient: 15.846039088091885
Iteration 254: -908.926095636644
L2 norm of gradient: 1.6307892830728745
Iteration 255: -946.8882418452109
L2 norm of gradient: 0.566387361389737
Iteration 256: -961.1424503412888
L2 norm of gradient: 4.828068033797588
Iteration 257: -917.887963338055
L2 norm of gradient: 17.08940775705268
Iteration 258: -918.3467317947965
L2 norm of gradient: 0.442295837491092
Iteration 259: -999.4748327198312
L2 norm of gradient: 0.8534333760870566
Iteration 260: -855.0983540200432
L2 norm of gradient: 1.0898568126460906
Iteration 261: -980.6976128195702
L2 norm of gradient: 0.358895221159783
Iteration 262: -883.9864867562574
L2 norm of gradient: 18.938105567052887
Iteration 263: -917.9085910366804
L2 norm of gradient: 16.63504017584778
Iteration 264: -898.799488035229
L2 norm of gradient: 18.100395132459933
Iteration 265: -903.9897629150671
L2 norm of gradient: 3.034698908396962
Iteration 266: -698.7698726652345
L2 norm of gradient: 5.109654949378403
Iteration 267: -913.1992960398366
L2 norm of gradient: 1.9477303982564915
Iteration 268: -737.820426985741
L2 norm of gradient: 0.1982365449754757
Iteration 269: -922.3784425534438
L2 norm of gradient: 0.6653990430883137
Iteration 270: -951.9799263244588
L2 norm of gradient: 11.919812117584321
Iteration 271: -912.0768025964676
L2 norm of gradient: 0.05734420749791357
Iteration 272: -883.996842570159
L2 norm of gradient: 17.617605309304498
Iteration 273: -851.524184367064
L2 norm of gradient: 1.7066650706750723
Iteration 274: -937.6856733506531
L2 norm of gradient: 0.1769437505858995
Iteration 275: -855.1775202808001
L2 norm of gradient: 0.7095143650692814
Iteration 276: -808.1555399992333
L2 norm of gradient: 4.178026555364789
Iteration 277: -913.805034775907
L2 norm of gradient: 0.511601055054544
Iteration 278: -913.0609058763762
L2 norm of gradient: 3.026399994372734
Iteration 279: -860.0634067001806
L2 norm of gradient: 12.168607459371854
Iteration 280: -852.4476918717883
L2 norm of gradient: 14.048218114917562
Iteration 281: -876.2049969474447
L2 norm of gradient: 0.3610998482433053
Iteration 282: -893.8436323671599
L2 norm of gradient: 0.8478271239401827
Iteration 283: -951.5310920707662
L2 norm of gradient: 1.132102699105937
Iteration 284: -941.452274264723
L2 norm of gradient: 5.673966575543858
Iteration 285: -878.8083869441689
L2 norm of gradient: 17.837169126906772
Iteration 286: -917.1334829856218
L2 norm of gradient: 20.76388630381908
Iteration 287: -970.2369309299195
L2 norm of gradient: 1.1971946499321033
Iteration 288: -732.5888126908666
L2 norm of gradient: 1.8209342352308593
Iteration 289: -985.198664290927
L2 norm of gradient: 5.904643673526658
Iteration 290: -826.966321783324
L2 norm of gradient: 5.571796015992123
Iteration 291: -888.3473656057997
L2 norm of gradient: 31.015842525622322
Iteration 292: -823.4560266763191
L2 norm of gradient: 2.2226534410869023
Iteration 293: -890.2637606853483
L2 norm of gradient: 16.16054893036716
Iteration 294: -890.3930863091476
L2 norm of gradient: 18.65768141657428
Iteration 295: -821.5178141680625
L2 norm of gradient: 12.502859515487136
Iteration 296: -815.1185234998247
L2 norm of gradient: 1.8718673690374974
Iteration 297: -784.6607556457135
L2 norm of gradient: 1.3224601896075234
Iteration 298: -922.6192126009688
L2 norm of gradient: 1.7440226256328932
Iteration 299: -861.1512616499633
L2 norm of gradient: 18.69289067301246
Iteration 300: -872.8541516960348
L2 norm of gradient: 1.1212259853064286
Iteration 301: -837.2334514082552
L2 norm of gradient: 16.495654528463128
Iteration 302: -803.4628258560431
L2 norm of gradient: 2.1749497666147777
Iteration 303: -908.3471589583288
L2 norm of gradient: 6.457139049185852
Iteration 304: -865.0970014630008
L2 norm of gradient: 20.523516489660185
Iteration 305: -969.2377792271966
L2 norm of gradient: 12.852828518643175
Iteration 306: -832.6754753167037
L2 norm of gradient: 0.3655783047334216
Iteration 307: -941.8443366911907
L2 norm of gradient: 14.05095692724664
Iteration 308: -861.1659672611136
L2 norm of gradient: 6.287860722726687
Iteration 309: -883.9191727738732
L2 norm of gradient: 15.127103959243097
Iteration 310: -876.627998612741
L2 norm of gradient: 22.96839343800507
Iteration 311: -866.908270869318
L2 norm of gradient: 23.25390554572814
Iteration 312: -839.7949405162265
L2 norm of gradient: 7.546524851129468
Iteration 313: -879.1341366816646
L2 norm of gradient: 1.9850728489656082
Iteration 314: -917.85846685516
L2 norm of gradient: 2.1456811964011977
Iteration 315: -864.5430871461526
L2 norm of gradient: 33.76457891848577
Iteration 316: -916.616764354907
L2 norm of gradient: 14.13191930132787
Iteration 317: -842.6660459946198
L2 norm of gradient: 0.9916150907458335
Iteration 318: -909.7177361998031
L2 norm of gradient: 3.2132478117219114
Iteration 319: -908.3174267695728
L2 norm of gradient: 2.6899161469392774
Iteration 320: -909.3262348203035
L2 norm of gradient: 16.506958401721974
Iteration 321: -871.6388199420982
L2 norm of gradient: 2.7616623301153744
Iteration 322: -1047.638582843081
L2 norm of gradient: 1.643723616103259
Iteration 323: -889.3178614622801
L2 norm of gradient: 5.759130658433599
Iteration 324: -946.8590716156465
L2 norm of gradient: 40.91460101078456
Iteration 325: -926.9337039031889
L2 norm of gradient: 23.590885354265605
Iteration 326: -885.0872538119053
L2 norm of gradient: 1.2280015279629153
Iteration 327: -884.5460710279126
L2 norm of gradient: 0.5176941942045065
Iteration 328: -864.7182004694808
L2 norm of gradient: 22.446597977393193
Iteration 329: -881.4750936178469
L2 norm of gradient: 1.0211152552982512
Iteration 330: -666.1858534103327
L2 norm of gradient: 20.300820617684995
Iteration 331: -837.4552827851647
L2 norm of gradient: 7.836367897656238
Iteration 332: -887.5306265457132
L2 norm of gradient: 17.11611324083913
Iteration 333: -950.5872202618625
L2 norm of gradient: 17.564202422835557
Iteration 334: -892.9268345659376
L2 norm of gradient: 3.2012686547746765
Iteration 335: -966.134091721774
L2 norm of gradient: 1.3162602870725704
Iteration 336: -817.9705177774501
L2 norm of gradient: 21.496133088773295
Iteration 337: -809.7033668226727
L2 norm of gradient: 1.5651530634216566
Iteration 338: -794.2000874285912
L2 norm of gradient: 20.093506134735865
Iteration 339: -912.6138149988544
L2 norm of gradient: 0.595234304251399
Iteration 340: -786.0531611383979
L2 norm of gradient: 8.338888741447777
Iteration 341: -845.813781294924
L2 norm of gradient: 2.641168271363447
Iteration 342: -946.3661503773172
L2 norm of gradient: 11.602092995907675
Iteration 343: -926.0679274740546
L2 norm of gradient: 2.1876791424541553
Iteration 344: -808.856081772396
L2 norm of gradient: 16.192491131881383
Iteration 345: -920.7806634107293
L2 norm of gradient: 24.01212855700749
Iteration 346: -784.8401073517742
L2 norm of gradient: 1.0137908823968582
Iteration 347: -893.7443348987507
L2 norm of gradient: 2.573248168754224
Iteration 348: -846.5164868193402
L2 norm of gradient: 7.903297811910012
Iteration 349: -835.3753640924601
L2 norm of gradient: 2.440657131394467
Iteration 350: -860.9954122476588
L2 norm of gradient: 6.52088566969942
Iteration 351: -908.0952708673129
L2 norm of gradient: 41.499776230258206
Iteration 352: -889.2193240581885
L2 norm of gradient: 1.4117119685454074
Iteration 353: -794.9404140320446
L2 norm of gradient: 8.977643273518735
Iteration 354: -716.3925842111394
L2 norm of gradient: 22.748306628105865
Iteration 355: -942.2734825150735
L2 norm of gradient: 0.5446840686010744
Iteration 356: -808.1548469802809
L2 norm of gradient: 9.690246944614456
Iteration 357: -796.7219764422001
L2 norm of gradient: 18.65967241092523
Iteration 358: -947.1396317017911
L2 norm of gradient: 14.545679200496286
Iteration 359: -824.9419654708065
L2 norm of gradient: 1.9766814343018013
Iteration 360: -932.1074407635672
L2 norm of gradient: 4.598277519995187
Iteration 361: -893.8147711005915
L2 norm of gradient: 12.191820625450603
Iteration 362: -872.3373448086378
L2 norm of gradient: 0.5366276167052114
Iteration 363: -903.5189359738919
L2 norm of gradient: 5.127373164814244
Iteration 364: -859.3434787277415
L2 norm of gradient: 4.451612631482707
Iteration 365: -807.3193986236488
L2 norm of gradient: 4.815714784681076
Iteration 366: -907.4777031982431
L2 norm of gradient: 9.053249710044891
Iteration 367: -839.162410049144
L2 norm of gradient: 2.483118923473385
Iteration 368: -822.8356344282253
L2 norm of gradient: 5.848287330763764
Iteration 369: -856.4395371460072
L2 norm of gradient: 3.3141456284764104
Iteration 370: -861.2375535455284
L2 norm of gradient: 15.015759156972997
Iteration 371: -938.8283915687786
L2 norm of gradient: 17.324383712738545
Iteration 372: -883.9651763832444
L2 norm of gradient: 26.587284353458802
Iteration 373: -865.5623819053964
L2 norm of gradient: 7.091890304233964
Iteration 374: -974.7924369601571
L2 norm of gradient: 4.665553110092711
Iteration 375: -999.3135353988278
L2 norm of gradient: 26.465262296280923
Iteration 376: -877.2037720232788
L2 norm of gradient: 19.136485647557013
Iteration 377: -820.9440955519808
L2 norm of gradient: 13.376946749828491
Iteration 378: -881.5638685555535
L2 norm of gradient: 23.346633340304216
Iteration 379: -845.7882585085279
L2 norm of gradient: 23.259007409007722
Iteration 380: -826.9038544338539
L2 norm of gradient: 8.051264421669948
Iteration 381: -906.9477943435297
L2 norm of gradient: 9.035900552496203
Iteration 382: -867.4870319741796
L2 norm of gradient: 1.2896647644750494
Iteration 383: -932.0023952477942
L2 norm of gradient: 2.6361113064456783
Iteration 384: -702.8147544863295
L2 norm of gradient: 27.56397153624039
Iteration 385: -938.302391317384
L2 norm of gradient: 47.80497689003583
Iteration 386: -863.581169127759
L2 norm of gradient: 29.20423413162498
Iteration 387: -953.8648521929946
L2 norm of gradient: 2.172682034007679
Iteration 388: -841.1368213732248
L2 norm of gradient: 0.8744138016357903
Iteration 389: -941.4924272790239
L2 norm of gradient: 29.21904550112907
Iteration 390: -885.3198880597066
L2 norm of gradient: 23.12705803526915
Iteration 391: -919.1009316634668
L2 norm of gradient: 1.0087663809973029
Iteration 392: -836.8350376646627
L2 norm of gradient: 18.913838500373114
Iteration 393: -959.0358421559476
L2 norm of gradient: 14.995323657168608
Iteration 394: -943.911367021487
L2 norm of gradient: 6.223273480559293
Iteration 395: -830.2075597361343
L2 norm of gradient: 2.643113157788933
Iteration 396: -903.7678699898872
L2 norm of gradient: 3.8668620744878903
Iteration 397: -797.6226230633878
L2 norm of gradient: 11.39549998553253
Iteration 398: -864.6157893129371
L2 norm of gradient: 11.059577619213211
Iteration 399: -944.932746513225
L2 norm of gradient: 0.7840601489902249
Iteration 400: -922.4416806039044
L2 norm of gradient: 45.5983219350394
Iteration 401: -927.2827912711875
L2 norm of gradient: 5.904646124599322
Iteration 402: -975.0004146574654
L2 norm of gradient: 29.99455646915443
Iteration 403: -933.8623495530453
L2 norm of gradient: 11.007617248615329
Iteration 404: -896.5514172971278
L2 norm of gradient: 1.0557967137729345
Iteration 405: -913.0647181729322
L2 norm of gradient: 52.45761953620066
Iteration 406: -930.983052977528
L2 norm of gradient: 11.94450271710754
Iteration 407: -910.8150652280987
L2 norm of gradient: 52.676518885160476
Iteration 408: -888.8705771497727
L2 norm of gradient: 6.455844837462701
Iteration 409: -810.7878690871181
L2 norm of gradient: 14.18673768615301
Iteration 410: -852.1045253865733
L2 norm of gradient: 22.22008282614121
Iteration 411: -889.7182258315219
L2 norm of gradient: 5.530067048228516
Iteration 412: -945.7548810451526
L2 norm of gradient: 10.441907250635117
Iteration 413: -848.7537389469178
L2 norm of gradient: 2.3545580986262964
Iteration 414: -870.5399731821487
L2 norm of gradient: 1.0556394955074995
Iteration 415: -865.3891470889572
L2 norm of gradient: 1.5014459752806608
Iteration 416: -951.1062054687542
L2 norm of gradient: 10.153078576503265
Iteration 417: -839.5279307617523
L2 norm of gradient: 2.5934953907828597
Iteration 418: -831.9089800615426
L2 norm of gradient: 8.818515836083437
Iteration 419: -872.3862376919338
L2 norm of gradient: 23.668283638429823
Iteration 420: -712.5907139528287
L2 norm of gradient: 0.7386221905526252
Iteration 421: -903.2234482271244
L2 norm of gradient: 1.1316565739690088
Iteration 422: -932.7360924900576
L2 norm of gradient: 5.922891806262413
Iteration 423: -854.7110765963826
L2 norm of gradient: 22.675568148299316
Iteration 424: -849.7631693048282
L2 norm of gradient: 41.9704870955442
Iteration 425: -918.2753397733674
L2 norm of gradient: 0.9880882244881112
Iteration 426: -960.6300985325638
L2 norm of gradient: 8.813398722143429
Iteration 427: -814.8810841522717
L2 norm of gradient: 2.670200044809264
Iteration 428: -927.1950392628672
L2 norm of gradient: 1.8800661584408151
Iteration 429: -841.9065958475859
L2 norm of gradient: 1.042139858763317
Iteration 430: -874.9715954517824
L2 norm of gradient: 13.002932246048701
Iteration 431: -873.4369190039541
L2 norm of gradient: 32.777369894199005
Iteration 432: -904.8071743975983
L2 norm of gradient: 11.879150331945787
Iteration 433: -885.7384664703926
L2 norm of gradient: 5.020769738596757
Iteration 434: -802.8403392191727
L2 norm of gradient: 33.368866551672404
Iteration 435: -791.2948311172546
L2 norm of gradient: 0.9614959995373047
Iteration 436: -779.3447655618833
L2 norm of gradient: 0.884319269922384
Iteration 437: -893.6724912494637
L2 norm of gradient: 25.918725658734914
Iteration 438: -898.9772505795584
L2 norm of gradient: 15.417467559294543
Iteration 439: -853.8424789332846
L2 norm of gradient: 0.596049040054305
Iteration 440: -951.1431247094283
L2 norm of gradient: 2.2356855754702605
Iteration 441: -751.9393264460591
L2 norm of gradient: 12.916145465447029
Iteration 442: -910.3122685177424
L2 norm of gradient: 31.030765095228055
Iteration 443: -954.6140890721595
L2 norm of gradient: 23.516668735093724
Iteration 444: -825.3140597188259
L2 norm of gradient: 3.0148466229286024
Iteration 445: -908.9797492979914
L2 norm of gradient: 15.73002068159496
Iteration 446: -896.2810905441561
L2 norm of gradient: 31.367242512839756
Iteration 447: -830.6636156175224
L2 norm of gradient: 11.62489044057543
Iteration 448: -967.3007402698347
L2 norm of gradient: 14.886600303210907
Iteration 449: -831.7449276114339
L2 norm of gradient: 1.1561844168509299
Iteration 450: -932.2279246386962
L2 norm of gradient: 1.2134881235285009
Iteration 451: -970.1939676103266
L2 norm of gradient: 2.2627075334402535
Iteration 452: -917.7541358232902
L2 norm of gradient: 35.18667185766692
Iteration 453: -822.6763814389719
L2 norm of gradient: 50.21416369134851
Iteration 454: -930.419225142432
L2 norm of gradient: 63.5588183985478
Iteration 455: -852.8451701611868
L2 norm of gradient: 14.836452810263363
Iteration 456: -894.5299778454153
L2 norm of gradient: 1.5927082816972595
Iteration 457: -902.8543366659237
L2 norm of gradient: 3.181341142156803
Iteration 458: -888.4805732031923
L2 norm of gradient: 29.04335934664046
Iteration 459: -935.5334132534638
L2 norm of gradient: 14.841921211195293
Iteration 460: -870.6526188741614
L2 norm of gradient: 51.3865343039845
Iteration 461: -835.2621066477136
L2 norm of gradient: 20.466847585610775
Iteration 462: -884.267054896643
L2 norm of gradient: 0.8245069846000349
Iteration 463: -798.8053163016017
L2 norm of gradient: 6.304064377139681
Iteration 464: -912.4970808484626
L2 norm of gradient: 3.8516550066280586
Iteration 465: -893.7690152832563
L2 norm of gradient: 53.09801121844736
Iteration 466: -884.7724954005638
L2 norm of gradient: 37.86612113207347
Iteration 467: -835.020416711538
L2 norm of gradient: 0.7399014333917248
Iteration 468: -865.8307605826996
L2 norm of gradient: 29.410636184868956
Iteration 469: -943.3207610309835
L2 norm of gradient: 14.68163654433869
Iteration 470: -852.2569685332933
L2 norm of gradient: 6.057251171005891
Iteration 471: -960.1234387289761
L2 norm of gradient: 17.06812582932765
Iteration 472: -804.6352391044475
L2 norm of gradient: 47.60528767311684
Iteration 473: -827.4515928541533
L2 norm of gradient: 23.931137637936107
Iteration 474: -916.4645692168651
L2 norm of gradient: 15.582829218944863
Iteration 475: -854.428726303595
L2 norm of gradient: 16.084708950455475
Iteration 476: -881.0056418485142
L2 norm of gradient: 26.344226677344153
Iteration 477: -907.8658202094977
L2 norm of gradient: 2.5929140336912044
Iteration 478: -852.1040273414899
L2 norm of gradient: 6.532437790201816
Iteration 479: -998.2791266312738
L2 norm of gradient: 3.3754650724235633
Iteration 480: -838.0650763010373
L2 norm of gradient: 7.611016134180293
Iteration 481: -930.7496472908095
L2 norm of gradient: 4.582095142858738
Iteration 482: -931.9926629231148
L2 norm of gradient: 6.990743206672856
Iteration 483: -891.7509873020305
L2 norm of gradient: 24.477345677385554
Iteration 484: -862.7673823680346
L2 norm of gradient: 11.63691743855511
Iteration 485: -924.184053166124
L2 norm of gradient: 5.657530796923145
Iteration 486: -906.9470994697227
L2 norm of gradient: 33.22663707008699
Iteration 487: -860.2396921755078
L2 norm of gradient: 23.460989144742985
Iteration 488: -873.5393366811093
L2 norm of gradient: 15.884695477996942
Iteration 489: -890.4999162364538
L2 norm of gradient: 75.93984906321215
Iteration 490: -876.0096762772707
L2 norm of gradient: 30.066709266357197
Iteration 491: -765.8086894318876
L2 norm of gradient: 24.02051461172568
Iteration 492: -906.4977455041663
L2 norm of gradient: 6.289723741201642
Iteration 493: -702.4866679871362
L2 norm of gradient: 9.379703853655915
Iteration 494: -891.6483537031802
L2 norm of gradient: 1.0674151939359255
Iteration 495: -931.6925794012391
L2 norm of gradient: 16.60978109345684
Iteration 496: -898.3044730492368
L2 norm of gradient: 2.8344531581896706
Iteration 497: -926.7982847319674
L2 norm of gradient: 15.0914720057571
Iteration 498: -796.5725417581061
L2 norm of gradient: 16.979231344029284
Iteration 499: -948.5002245467635
[ { query: [ 'Who is a doctor', [Object] ],
    trueResult: 
     Marginal:
         "John and Mary are doctors" : 0.380020640450514
         "John and Mary are doctors and teachers" : 0.20855974943514632
         "John is a doctor" : 0.08655534418766547
         "Mary is a doctor" : 0.08655534418766547
         "John is a doctor and a teacher" : 0.04750258005631425
         "Mary is a doctor and a teacher" : 0.04750258005631425
         "John and Mary are doctors or teachers" : 0.018309772241219994
         "John or Mary is a doctor and a teacher" : 0.01641723975145466
         "John is a doctor or a teacher" : 0.014074838535204214
         "Mary is a doctor or a teacher" : 0.014074838535204214
         "John or Mary is a doctor" : 0.014074838535204214
         "Mary is a teacher" : 0.010819418023458179
         "John is a teacher" : 0.010819418023458179
         "John is not a teacher" : 0.008015222008949992
         "Mary is not a teacher" : 0.008015222008949992
         "John and Mary are teachers" : 0.0059378225070392835
         "John or Mary is a teacher" : 0.005937822507039272
         "John and Mary are not teachers" : 0.0043988471043886965
         "John or Mary is not a teacher" : 0.0043988471043886965
         "John or Mary is a doctor or a teacher" : 0.003954910804103521
         "John is not a doctor and a teacher" : 0.0013033621050040592
         "Mary is not a doctor and a teacher" : 0.0013033621050040592
         "John or Mary is not a doctor and a teacher" : 0.0012360388998589598
         "John and Mary are not doctors and teachers" : 0.00021194082645043896,
    learnedResult: 
     Marginal:
         "John is a doctor" : 0.25524698886816516
         "Mary is a doctor" : 0.25524698886816516
         "John and Mary are doctors" : 0.033531536315200595
         "Mary is a teacher" : 0.03190587360852063
         "John is a teacher" : 0.03190587360852063
         "Mary is a doctor and a teacher" : 0.023649624536452262
         "John is a doctor and a teacher" : 0.02364962453645222
         "John is not a teacher" : 0.02363645251596005
         "Mary is not a teacher" : 0.02363645251596005
         "Mary is not a doctor" : 0.019861039030814324
         "John is not a doctor" : 0.019861039030814324
         "John or Mary is a doctor" : 0.018438351518950763
         "John or Mary is a teacher" : 0.017510314696101405
         "John and Mary are teachers" : 0.017510314696101405
         "John is a doctor or a teacher" : 0.016974799215784334
         "Mary is a doctor or a teacher" : 0.016974799215784334
         "John is not a doctor or a teacher" : 0.01299290935338248
         "Mary is not a doctor or a teacher" : 0.012992909353382457
         "John and Mary are not teachers" : 0.012971960176742793
         "John or Mary is not a teacher" : 0.012971960176742793
         "John or Mary is not a doctor" : 0.012939606972085647
         "John is not a doctor and a teacher" : 0.012786393120907178
         "Mary is not a doctor and a teacher" : 0.012786393120907178
         "John and Mary are not doctors" : 0.012503620498184431
         "John and Mary are doctors and teachers" : 0.010260903376197427
         "John or Mary is a doctor and a teacher" : 0.009653023747505485
         "John or Mary is a doctor or a teacher" : 0.009605030043733809
         "John and Mary are doctors or teachers" : 0.009539763318512515
         "John and Mary are not doctors or teachers" : 0.007121659258017078
         "John or Mary is not a doctor or a teacher" : 0.007119332735961689
         "John or Mary is not a doctor and a teacher" : 0.0071176382308418005
         "John and Mary are not doctors and teachers" : 0.0070968237391471865,
    KLDivergence: 1.3659162403470075 },
  { query: [ 'Who is a doctor', [Object] ],
    trueResult: 
     Marginal:
         "John and Mary are doctors" : 0.380020640450514
         "John and Mary are doctors and teachers" : 0.20855974943514632
         "John is a doctor" : 0.08655534418766547
         "Mary is a doctor" : 0.08655534418766547
         "John is a doctor and a teacher" : 0.04750258005631425
         "Mary is a doctor and a teacher" : 0.04750258005631425
         "John and Mary are doctors or teachers" : 0.018309772241219994
         "John or Mary is a doctor and a teacher" : 0.01641723975145466
         "John is a doctor or a teacher" : 0.014074838535204214
         "Mary is a doctor or a teacher" : 0.014074838535204214
         "John or Mary is a doctor" : 0.014074838535204214
         "Mary is a teacher" : 0.010819418023458179
         "John is a teacher" : 0.010819418023458179
         "John is not a teacher" : 0.008015222008949992
         "Mary is not a teacher" : 0.008015222008949992
         "John and Mary are teachers" : 0.0059378225070392835
         "John or Mary is a teacher" : 0.005937822507039272
         "John and Mary are not teachers" : 0.0043988471043886965
         "John or Mary is not a teacher" : 0.0043988471043886965
         "John or Mary is a doctor or a teacher" : 0.003954910804103521
         "John is not a doctor and a teacher" : 0.0013033621050040592
         "Mary is not a doctor and a teacher" : 0.0013033621050040592
         "John or Mary is not a doctor and a teacher" : 0.0012360388998589598
         "John and Mary are not doctors and teachers" : 0.00021194082645043896,
    learnedResult: 
     Marginal:
         "John is a doctor" : 0.25524698886816516
         "Mary is a doctor" : 0.25524698886816516
         "John and Mary are doctors" : 0.033531536315200595
         "Mary is a teacher" : 0.03190587360852063
         "John is a teacher" : 0.03190587360852063
         "Mary is a doctor and a teacher" : 0.023649624536452262
         "John is a doctor and a teacher" : 0.02364962453645222
         "John is not a teacher" : 0.02363645251596005
         "Mary is not a teacher" : 0.02363645251596005
         "Mary is not a doctor" : 0.019861039030814324
         "John is not a doctor" : 0.019861039030814324
         "John or Mary is a doctor" : 0.018438351518950763
         "John or Mary is a teacher" : 0.017510314696101405
         "John and Mary are teachers" : 0.017510314696101405
         "John is a doctor or a teacher" : 0.016974799215784334
         "Mary is a doctor or a teacher" : 0.016974799215784334
         "John is not a doctor or a teacher" : 0.01299290935338248
         "Mary is not a doctor or a teacher" : 0.012992909353382457
         "John and Mary are not teachers" : 0.012971960176742793
         "John or Mary is not a teacher" : 0.012971960176742793
         "John or Mary is not a doctor" : 0.012939606972085647
         "John is not a doctor and a teacher" : 0.012786393120907178
         "Mary is not a doctor and a teacher" : 0.012786393120907178
         "John and Mary are not doctors" : 0.012503620498184431
         "John and Mary are doctors and teachers" : 0.010260903376197427
         "John or Mary is a doctor and a teacher" : 0.009653023747505485
         "John or Mary is a doctor or a teacher" : 0.009605030043733809
         "John and Mary are doctors or teachers" : 0.009539763318512515
         "John and Mary are not doctors or teachers" : 0.007121659258017078
         "John or Mary is not a doctor or a teacher" : 0.007119332735961689
         "John or Mary is not a doctor and a teacher" : 0.0071176382308418005
         "John and Mary are not doctors and teachers" : 0.0070968237391471865,
    KLDivergence: 1.3659162403470075 },
  { query: [ 'Who is a doctor and a teacher', [Object] ],
    trueResult: 
     Marginal:
         "John is a doctor and a teacher" : 0.5057429117707349
         "John is a doctor" : 0.11519045846271186
         "John is a teacher" : 0.11519045846271186
         "John or Mary is a doctor and a teacher" : 0.051789172217255514
         "Mary is not a teacher" : 0.02528450088232814
         "Mary is not a doctor" : 0.02528450088232814
         "John and Mary are teachers" : 0.018731218954471676
         "John and Mary are doctors" : 0.018731218954471676
         "John or Mary is a teacher" : 0.018731218954471645
         "John is a doctor or a teacher" : 0.018731218954471645
         "John or Mary is a doctor" : 0.018731218954471645
         "Mary is not a doctor or a teacher" : 0.013876428297051366
         "Mary is not a doctor and a teacher" : 0.013876428297051366
         "John and Mary are doctors or teachers" : 0.007219910001734958
         "Mary is a doctor or a teacher" : 0.00554999080132493
         "John or Mary is a doctor or a teacher" : 0.005263314391264789
         "Mary is a doctor" : 0.004266313276396742
         "Mary is a teacher" : 0.004266313276396742
         "John or Mary is not a doctor" : 0.004111534310237441
         "John or Mary is not a teacher" : 0.004111534310237441
         "John or Mary is not a doctor and a teacher" : 0.003899159202225257
         "John or Mary is not a doctor or a teacher" : 0.0014209763856506024,
    learnedResult: 
     Marginal:
         "John is a teacher" : 0.06339707830037822
         "John is a doctor" : 0.06258707939190253
         "Mary is a doctor" : 0.05908814951733928
         "Mary is a teacher" : 0.059006200661531324
         "Mary is not a teacher" : 0.04407472887060691
         "Mary is not a doctor" : 0.04407129015230011
         "John is not a doctor" : 0.0439275021916332
         "John is not a teacher" : 0.043895026952140107
         "John is a doctor and a teacher" : 0.033089547247514325
         "John and Mary are teachers" : 0.032826272164583815
         "John and Mary are doctors" : 0.03278700834199031
         "John is a doctor or a teacher" : 0.0326789713610676
         "Mary is a doctor or a teacher" : 0.03263233872103928
         "John or Mary is a doctor" : 0.032613851187017734
         "John or Mary is a teacher" : 0.03260818497819048
         "Mary is a doctor and a teacher" : 0.03257700132950658
         "Mary is not a doctor and a teacher" : 0.0241801107178668
         "John or Mary is not a teacher" : 0.024179113097867154
         "John or Mary is not a doctor" : 0.024178914160666747
         "Mary is not a doctor or a teacher" : 0.02417828272021363
         "John is not a doctor or a teacher" : 0.02417647877428505
         "John and Mary are not doctors" : 0.02417233039904952
         "John and Mary are not teachers" : 0.02417082321690886
         "John is not a doctor and a teacher" : 0.02416291709872657
         "John and Mary are doctors and teachers" : 0.017930809632861693
         "John and Mary are doctors or teachers" : 0.017913685169071512
         "John or Mary is a doctor or a teacher" : 0.01791129139945459
         "John or Mary is a doctor and a teacher" : 0.01790876839142824
         "John or Mary is not a doctor and a teacher" : 0.013269322188575693
         "John or Mary is not a doctor or a teacher" : 0.013269233263182278
         "John and Mary are not doctors or teachers" : 0.013269148490975125
         "John and Mary are not doctors and teachers" : 0.013268539910124787,
    KLDivergence: 1.409638373131738 },
  { query: [ 'Who is a doctor or a teacher', [Object] ],
    trueResult: 
     Marginal:
         "John and Mary are doctors" : 0.1056107851909732
         "John and Mary are teachers" : 0.1056107851909732
         "John is a doctor" : 0.08118368320238828
         "John is a teacher" : 0.08118368320238828
         "Mary is a teacher" : 0.08118368320238828
         "Mary is a doctor" : 0.08118368320238828
         "John and Mary are doctors or teachers" : 0.05796042780983282
         "John and Mary are doctors and teachers" : 0.05796042780983277
         "Mary is a doctor and a teacher" : 0.044554550002441795
         "John is a doctor and a teacher" : 0.044554550002441795
         "Mary is a doctor or a teacher" : 0.04455455000244175
         "John is a doctor or a teacher" : 0.04455455000244175
         "John or Mary is a teacher" : 0.03129208450102909
         "John or Mary is a doctor" : 0.03129208450102909
         "John or Mary is a doctor and a teacher" : 0.021122604886965272
         "John or Mary is a doctor or a teacher" : 0.012519452406923889
         "John is not a doctor and a teacher" : 0.009779799246246973
         "Mary is not a doctor and a teacher" : 0.009779799246246973
         "John is not a teacher" : 0.007517793967297686
         "Mary is not a teacher" : 0.007517793967297686
         "Mary is not a doctor" : 0.007517793967297686
         "John is not a doctor" : 0.007517793967297686
         "John or Mary is not a doctor and a teacher" : 0.00651387501985663
         "John or Mary is not a doctor" : 0.00565960604528182
         "John or Mary is not a teacher" : 0.00565960604528182
         "John and Mary are not doctors and teachers" : 0.0037696035994540657
         "John and Mary are not doctors" : 0.0012224749057808738
         "John and Mary are not teachers" : 0.0012224749057808738,
    learnedResult: 
     Marginal:
         "John is a teacher" : 0.05994514787125469
         "Mary is a doctor" : 0.059931977332818756
         "John is a doctor" : 0.05984480089370217
         "Mary is a teacher" : 0.059708608630958476
         "Mary is not a teacher" : 0.0443603765333655
         "John is not a doctor" : 0.04435468388868743
         "Mary is not a doctor" : 0.04435104482372603
         "John is not a teacher" : 0.04435049536125053
         "John is a doctor and a teacher" : 0.03286188603139058
         "John and Mary are doctors" : 0.03286081895777919
         "John is a doctor or a teacher" : 0.03285922264136367
         "John or Mary is a doctor" : 0.03285902773046798
         "Mary is a doctor or a teacher" : 0.03285509845864741
         "John or Mary is a teacher" : 0.03285503144581071
         "John and Mary are teachers" : 0.032850490279157485
         "Mary is a doctor and a teacher" : 0.03284985221610394
         "John and Mary are not teachers" : 0.02434204522607428
         "Mary is not a doctor and a teacher" : 0.024342037430262812
         "Mary is not a doctor or a teacher" : 0.024341874543028115
         "John or Mary is not a teacher" : 0.024341866340318843
         "John or Mary is not a doctor" : 0.02434172651158945
         "John is not a doctor or a teacher" : 0.02434171494112051
         "John and Mary are not doctors" : 0.02434165607120962
         "John is not a doctor and a teacher" : 0.024341631973393372
         "John or Mary is a doctor or a teacher" : 0.018032775503189297
         "John or Mary is a doctor and a teacher" : 0.018032704504059603
         "John and Mary are doctors or teachers" : 0.018032692819215487
         "John and Mary are doctors and teachers" : 0.01803251546628098
         "John and Mary are not doctors and teachers" : 0.013359054506894794
         "John and Mary are not doctors or teachers" : 0.013359048148649993
         "John or Mary is not a doctor and a teacher" : 0.013359047720947204
         "John or Mary is not a doctor or a teacher" : 0.01335904519728095,
    KLDivergence: 0.4264506945014601 },
  { query: [ 'Who is not a doctor and a teacher', [Object] ],
    trueResult: 
     Marginal:
         "John is a doctor and a teacher" : 0.5057429117707349
         "John is a doctor" : 0.11519045846271186
         "John is a teacher" : 0.11519045846271186
         "John or Mary is a doctor and a teacher" : 0.051789172217255514
         "Mary is not a teacher" : 0.02528450088232814
         "Mary is not a doctor" : 0.02528450088232814
         "John and Mary are teachers" : 0.018731218954471676
         "John and Mary are doctors" : 0.018731218954471676
         "John or Mary is a teacher" : 0.018731218954471645
         "John is a doctor or a teacher" : 0.018731218954471645
         "John or Mary is a doctor" : 0.018731218954471645
         "Mary is not a doctor or a teacher" : 0.013876428297051366
         "Mary is not a doctor and a teacher" : 0.013876428297051366
         "John and Mary are doctors or teachers" : 0.007219910001734958
         "Mary is a doctor or a teacher" : 0.00554999080132493
         "John or Mary is a doctor or a teacher" : 0.005263314391264789
         "Mary is a doctor" : 0.004266313276396742
         "Mary is a teacher" : 0.004266313276396742
         "John or Mary is not a doctor" : 0.004111534310237441
         "John or Mary is not a teacher" : 0.004111534310237441
         "John or Mary is not a doctor and a teacher" : 0.003899159202225257
         "John or Mary is not a doctor or a teacher" : 0.0014209763856506024,
    learnedResult: 
     Marginal:
         "John is a teacher" : 0.05987486384613359
         "John is a doctor" : 0.05987312915469132
         "Mary is a doctor" : 0.059865395229092226
         "Mary is a teacher" : 0.05986521072018394
         "Mary is not a teacher" : 0.04435019522153187
         "Mary is not a doctor" : 0.044350187517782184
         "John is not a doctor" : 0.044349864620354285
         "John is not a teacher" : 0.04434979219966623
         "John is a doctor and a teacher" : 0.03285638137983455
         "John and Mary are teachers" : 0.03285579427295525
         "John and Mary are doctors" : 0.032855707277755795
         "John is a doctor or a teacher" : 0.032855486976040446
         "Mary is a doctor or a teacher" : 0.03285538263772943
         "John or Mary is a doctor" : 0.03285534114033323
         "John or Mary is a teacher" : 0.03285532850425625
         "Mary is a doctor and a teacher" : 0.03285523651228994
         "Mary is not a doctor and a teacher" : 0.024339880504137792
         "John or Mary is not a teacher" : 0.024339877527820346
         "John or Mary is not a doctor" : 0.02433987708446952
         "Mary is not a doctor or a teacher" : 0.024339875674373762
         "John is not a doctor or a teacher" : 0.024339871636474657
         "John and Mary are not doctors" : 0.0243398631539586
         "John and Mary are not teachers" : 0.024339859803231896
         "John is not a doctor and a teacher" : 0.024339841940320937
         "John and Mary are doctors and teachers" : 0.01803146343828593
         "John and Mary are doctors or teachers" : 0.01803142752032792
         "John or Mary is a doctor or a teacher" : 0.018031422379109357
         "John or Mary is a doctor and a teacher" : 0.018031416550610253
         "John or Mary is not a doctor and a teacher" : 0.013358006958530339
         "John or Mary is not a doctor or a teacher" : 0.013358006753102045
         "John and Mary are not doctors or teachers" : 0.013358006571048
         "John and Mary are not doctors and teachers" : 0.013358005293568207,
    KLDivergence: 1.4232870535296387 },
  { query: [ 'Who is not a doctor or a teacher', [Object] ],
    trueResult: 
     Marginal:
         "John and Mary are doctors" : 0.1056107851909732
         "John and Mary are teachers" : 0.1056107851909732
         "John is a doctor" : 0.08118368320238828
         "John is a teacher" : 0.08118368320238828
         "Mary is a teacher" : 0.08118368320238828
         "Mary is a doctor" : 0.08118368320238828
         "John and Mary are doctors or teachers" : 0.05796042780983282
         "John and Mary are doctors and teachers" : 0.05796042780983277
         "Mary is a doctor and a teacher" : 0.044554550002441795
         "John is a doctor and a teacher" : 0.044554550002441795
         "Mary is a doctor or a teacher" : 0.04455455000244175
         "John is a doctor or a teacher" : 0.04455455000244175
         "John or Mary is a teacher" : 0.03129208450102909
         "John or Mary is a doctor" : 0.03129208450102909
         "John or Mary is a doctor and a teacher" : 0.021122604886965272
         "John or Mary is a doctor or a teacher" : 0.012519452406923889
         "John is not a doctor and a teacher" : 0.009779799246246973
         "Mary is not a doctor and a teacher" : 0.009779799246246973
         "John is not a teacher" : 0.007517793967297686
         "Mary is not a teacher" : 0.007517793967297686
         "Mary is not a doctor" : 0.007517793967297686
         "John is not a doctor" : 0.007517793967297686
         "John or Mary is not a doctor and a teacher" : 0.00651387501985663
         "John or Mary is not a doctor" : 0.00565960604528182
         "John or Mary is not a teacher" : 0.00565960604528182
         "John and Mary are not doctors and teachers" : 0.0037696035994540657
         "John and Mary are not doctors" : 0.0012224749057808738
         "John and Mary are not teachers" : 0.0012224749057808738,
    learnedResult: 
     Marginal:
         "John is a teacher" : 0.059867438423545936
         "Mary is a doctor" : 0.059867409015621854
         "John is a doctor" : 0.059867208338755404
         "Mary is a teacher" : 0.059866893692521544
         "Mary is not a teacher" : 0.04435077897839554
         "John is not a doctor" : 0.04435076584119898
         "Mary is not a doctor" : 0.04435075746250833
         "John is not a teacher" : 0.04435075623466592
         "John is a doctor and a teacher" : 0.032855862628829655
         "John and Mary are doctors" : 0.032855860237516535
         "John is a doctor or a teacher" : 0.03285585650663423
         "John or Mary is a doctor" : 0.03285585607153454
         "Mary is a doctor or a teacher" : 0.032855847013059186
         "John or Mary is a teacher" : 0.03285584686386156
         "John and Mary are teachers" : 0.03285583635038332
         "Mary is a doctor and a teacher" : 0.0328558349336084
         "John and Mary are not teachers" : 0.024340215633625355
         "Mary is not a doctor and a teacher" : 0.024340215613622773
         "Mary is not a doctor or a teacher" : 0.024340215238658185
         "John or Mary is not a teacher" : 0.024340215219562197
         "John or Mary is not a doctor" : 0.024340214897396593
         "John is not a doctor or a teacher" : 0.024340214871272327
         "John and Mary are not doctors" : 0.02434021473360154
         "John is not a doctor and a teacher" : 0.02434021468051883
         "John or Mary is a doctor or a teacher" : 0.018031674647534895
         "John or Mary is a doctor and a teacher" : 0.018031674484129363
         "John and Mary are doctors or teachers" : 0.01803167445604071
         "John and Mary are doctors and teachers" : 0.01803167404740775
         "John and Mary are not doctors and teachers" : 0.013358193233949912
         "John and Mary are not doctors or teachers" : 0.013358193219300117
         "John or Mary is not a doctor and a teacher" : 0.013358193218273367
         "John or Mary is not a doctor or a teacher" : 0.013358193212464991,
    KLDivergence: 0.42641589846704414 },
  { query: [ 'What is John', [Object] ],
    trueResult: 
     Marginal:
         "John is a doctor" : 0.23702792248662735
         "John is not a teacher" : 0.17559460378842734
         "John and Mary are doctors" : 0.130083681939854
         "John and Mary are not teachers" : 0.09636836179440914
         "John or Mary is a doctor" : 0.03854331316736411
         "John is a doctor or a teacher" : 0.03854331316736411
         "Mary is a teacher" : 0.029628490310828412
         "Mary is a doctor" : 0.029628490310828412
         "John is not a doctor and a teacher" : 0.02855358867982489
         "John or Mary is not a teacher" : 0.02855358867982489
         "Mary is not a doctor" : 0.02194932547355341
         "Mary is not a teacher" : 0.02194932547355341
         "John and Mary are doctors or teachers" : 0.021153018759865538
         "Mary is a doctor and a teacher" : 0.01626046024248175
         "Mary is a doctor or a teacher" : 0.016260460242481723
         "John and Mary are not doctors and teachers" : 0.0156705417197306
         "Mary is not a doctor or a teacher" : 0.012046045224301137
         "Mary is not a doctor and a teacher" : 0.012046045224301137
         "John or Mary is a doctor or a teacher" : 0.010830345605051172
         "John or Mary is not a doctor and a teacher" : 0.008023317360502066
         "John or Mary is a teacher" : 0.004817914145920514
         "John or Mary is not a doctor" : 0.0035691985849781176
         "John or Mary is a doctor and a teacher" : 0.0016651064329923299
         "John or Mary is not a doctor or a teacher" : 0.0012335411849350591,
    learnedResult: 
     Marginal:
         "John is a doctor" : 0.3533009980547577
         "Mary is a teacher" : 0.044162624756844696
         "Mary is a doctor" : 0.044162624756844696
         "John is not a teacher" : 0.03856575179695779
         "John and Mary are doctors" : 0.032734709190494836
         "Mary is not a doctor" : 0.03271647709300011
         "Mary is not a teacher" : 0.03271647709300011
         "John is not a doctor" : 0.027490725524740422
         "John or Mary is a teacher" : 0.024993625774722077
         "Mary is a doctor and a teacher" : 0.024236962347010463
         "Mary is a doctor or a teacher" : 0.024236962347010463
         "John or Mary is a doctor" : 0.023495726751994246
         "John is a doctor and a teacher" : 0.022048529908835737
         "John is a doctor or a teacher" : 0.02158008446854644
         "John and Mary are not teachers" : 0.018251335029932002
         "John is not a doctor or a teacher" : 0.0180622490696416
         "John is not a doctor and a teacher" : 0.01803032124819988
         "John or Mary is not a doctor" : 0.01798149863205368
         "Mary is not a doctor and a teacher" : 0.0179551833206421
         "Mary is not a doctor or a teacher" : 0.017955183320642068
         "John or Mary is not a teacher" : 0.017928893696138454
         "John and Mary are not doctors" : 0.01766225269680006
         "John and Mary are teachers" : 0.017353998986022755
         "John or Mary is a doctor or a teacher" : 0.013316020210752844
         "John or Mary is a doctor and a teacher" : 0.01331181644169736
         "John and Mary are doctors and teachers" : 0.013182509393742835
         "John and Mary are doctors or teachers" : 0.013141537637072397
         "John and Mary are not doctors or teachers" : 0.009859722205973784
         "John and Mary are not doctors and teachers" : 0.00985804129527296
         "John or Mary is not a doctor and a teacher" : 0.009853653127673846
         "John or Mary is not a doctor or a teacher" : 0.00985350382298143,
    KLDivergence: 0.50918942115766 },
  { query: [ 'What is John', [Object] ],
    trueResult: 
     Marginal:
         "John is a doctor and a teacher" : 0.37545849217947985
         "John and Mary are doctors and teachers" : 0.20605598937841657
         "John is a doctor" : 0.08551624717081296
         "John is a teacher" : 0.08551624717081296
         "John and Mary are teachers" : 0.046932311522435
         "John and Mary are doctors" : 0.046932311522435
         "John or Mary is a doctor and a teacher" : 0.03844776478197857
         "John or Mary is a teacher" : 0.013905870080721474
         "John is a doctor or a teacher" : 0.013905870080721474
         "John or Mary is a doctor" : 0.013905870080721474
         "Mary is a teacher" : 0.010689530896351615
         "Mary is a doctor" : 0.010689530896351615
         "Mary is not a doctor" : 0.007918999258557448
         "Mary is not a teacher" : 0.007918999258557448
         "John and Mary are doctors or teachers" : 0.007631703310311726
         "Mary is a doctor and a teacher" : 0.005866538940304378
         "Mary is a doctor or a teacher" : 0.0058665389403043675
         "Mary is not a doctor or a teacher" : 0.004346038939316297
         "Mary is not a doctor and a teacher" : 0.004346038939316297
         "John or Mary is a doctor or a teacher" : 0.003907432094879606
         "John or Mary is not a doctor" : 0.0012877152412789025
         "John or Mary is not a teacher" : 0.0012877152412789025
         "John or Mary is not a doctor and a teacher" : 0.0012212002512970355
         "John or Mary is not a doctor or a teacher" : 0.00044504382335897773,
    learnedResult: 
     Marginal:
         "John is a doctor" : 0.2552402569570351
         "John is a teacher" : 0.2552402569570351
         "John is a doctor and a teacher" : 0.03353065195090887
         "Mary is a teacher" : 0.031905032119629376
         "Mary is a doctor" : 0.031905032119629376
         "John and Mary are teachers" : 0.023649000798748855
         "John and Mary are doctors" : 0.023649000798748814
         "Mary is not a doctor" : 0.023635829125656913
         "Mary is not a teacher" : 0.023635829125656913
         "John is not a teacher" : 0.01986051521366648
         "John is not a doctor" : 0.01986051521366648
         "John is a doctor or a teacher" : 0.0184378652239141
         "Mary is a doctor and a teacher" : 0.017509852877206227
         "Mary is a doctor or a teacher" : 0.017509852877206227
         "John or Mary is a teacher" : 0.016974351520631176
         "John or Mary is a doctor" : 0.016974351520631176
         "John or Mary is not a teacher" : 0.012990629396995398
         "John or Mary is not a doctor" : 0.012990629396995398
         "Mary is not a doctor and a teacher" : 0.01297161805289059
         "Mary is not a doctor or a teacher" : 0.012971618052890566
         "John is not a doctor or a teacher" : 0.012936329022679657
         "John and Mary are not doctors" : 0.012759992022645297
         "John and Mary are not teachers" : 0.012759992022645297
         "John is not a doctor and a teacher" : 0.012549173158168595
         "John and Mary are doctors and teachers" : 0.010279318357633987
         "John and Mary are doctors or teachers" : 0.009662758961719722
         "John or Mary is a doctor or a teacher" : 0.009604824058211229
         "John or Mary is a doctor and a teacher" : 0.009551615499460594
         "John or Mary is not a doctor and a teacher" : 0.0071210262973560486
         "John or Mary is not a doctor or a teacher" : 0.007119143417742033
         "John and Mary are not doctors or teachers" : 0.007117088362717411
         "John and Mary are not doctors and teachers" : 0.0070960495192768066,
    KLDivergence: 1.3684460027431231 },
  { query: [ 'What isn\'t John', [Object] ],
    trueResult: 
     Marginal:
         "John is a doctor and a teacher" : 0.37545849217947985
         "John and Mary are doctors and teachers" : 0.20605598937841657
         "John is a doctor" : 0.08551624717081296
         "John is a teacher" : 0.08551624717081296
         "John and Mary are teachers" : 0.046932311522435
         "John and Mary are doctors" : 0.046932311522435
         "John or Mary is a doctor and a teacher" : 0.03844776478197857
         "John or Mary is a teacher" : 0.013905870080721474
         "John is a doctor or a teacher" : 0.013905870080721474
         "John or Mary is a doctor" : 0.013905870080721474
         "Mary is a teacher" : 0.010689530896351615
         "Mary is a doctor" : 0.010689530896351615
         "Mary is not a doctor" : 0.007918999258557448
         "Mary is not a teacher" : 0.007918999258557448
         "John and Mary are doctors or teachers" : 0.007631703310311726
         "Mary is a doctor and a teacher" : 0.005866538940304378
         "Mary is a doctor or a teacher" : 0.0058665389403043675
         "Mary is not a doctor or a teacher" : 0.004346038939316297
         "Mary is not a doctor and a teacher" : 0.004346038939316297
         "John or Mary is a doctor or a teacher" : 0.003907432094879606
         "John or Mary is not a doctor" : 0.0012877152412789025
         "John or Mary is not a teacher" : 0.0012877152412789025
         "John or Mary is not a doctor and a teacher" : 0.0012212002512970355
         "John or Mary is not a doctor or a teacher" : 0.00044504382335897773,
    learnedResult: 
     Marginal:
         "John is a doctor" : 0.060220989783010666
         "John is a teacher" : 0.060220989783010666
         "Mary is a doctor" : 0.05981478370695197
         "Mary is a teacher" : 0.05981478370695197
         "Mary is not a teacher" : 0.044311881636246
         "Mary is not a doctor" : 0.044311881636246
         "John is not a doctor" : 0.04429496205302991
         "John is not a teacher" : 0.04429496205302991
         "John is a doctor and a teacher" : 0.032879770241631925
         "John and Mary are doctors" : 0.03285049348592434
         "John and Mary are teachers" : 0.03285049348592432
         "John is a doctor or a teacher" : 0.032830977022705495
         "Mary is a doctor and a teacher" : 0.032827049308822596
         "Mary is a doctor or a teacher" : 0.03282704930882257
         "John or Mary is a doctor" : 0.0328247583523228
         "John or Mary is a teacher" : 0.03282475835232277
         "John or Mary is not a doctor" : 0.02431895672043035
         "John or Mary is not a teacher" : 0.02431895672043034
         "Mary is not a doctor and a teacher" : 0.024318876259192986
         "Mary is not a doctor or a teacher" : 0.024318876259192955
         "John is not a doctor or a teacher" : 0.02431872426474107
         "John and Mary are not teachers" : 0.024317975256533324
         "John and Mary are not doctors" : 0.024317975256533324
         "John is not a doctor and a teacher" : 0.02431710127359206
         "John and Mary are doctors and teachers" : 0.018018572531207006
         "John and Mary are doctors or teachers" : 0.01801609529154119
         "John or Mary is a doctor or a teacher" : 0.018015846026804963
         "John or Mary is a doctor and a teacher" : 0.01801562541381004
         "John or Mary is not a doctor and a teacher" : 0.013346490791898358
         "John or Mary is not a doctor or a teacher" : 0.013346482992834474
         "John and Mary are not doctors or teachers" : 0.013346474149192933
         "John and Mary are not doctors and teachers" : 0.01334638687511025,
    KLDivergence: 1.3794451545196948 },
  { query: [ 'What isn\'t John', [Object] ],
    trueResult: 
     Marginal:
         "John is a doctor and a teacher" : 0.37545849217947985
         "John and Mary are doctors and teachers" : 0.20605598937841657
         "John is a doctor" : 0.08551624717081296
         "John is a teacher" : 0.08551624717081296
         "John and Mary are teachers" : 0.046932311522435
         "John and Mary are doctors" : 0.046932311522435
         "John or Mary is a doctor and a teacher" : 0.03844776478197857
         "John or Mary is a teacher" : 0.013905870080721474
         "John is a doctor or a teacher" : 0.013905870080721474
         "John or Mary is a doctor" : 0.013905870080721474
         "Mary is a teacher" : 0.010689530896351615
         "Mary is a doctor" : 0.010689530896351615
         "Mary is not a doctor" : 0.007918999258557448
         "Mary is not a teacher" : 0.007918999258557448
         "John and Mary are doctors or teachers" : 0.007631703310311726
         "Mary is a doctor and a teacher" : 0.005866538940304378
         "Mary is a doctor or a teacher" : 0.0058665389403043675
         "Mary is not a doctor or a teacher" : 0.004346038939316297
         "Mary is not a doctor and a teacher" : 0.004346038939316297
         "John or Mary is a doctor or a teacher" : 0.003907432094879606
         "John or Mary is not a doctor" : 0.0012877152412789025
         "John or Mary is not a teacher" : 0.0012877152412789025
         "John or Mary is not a doctor and a teacher" : 0.0012212002512970355
         "John or Mary is not a doctor or a teacher" : 0.00044504382335897773,
    learnedResult: 
     Marginal:
         "John is a doctor" : 0.060220989783010666
         "John is a teacher" : 0.060220989783010666
         "Mary is a doctor" : 0.05981478370695197
         "Mary is a teacher" : 0.05981478370695197
         "Mary is not a teacher" : 0.044311881636246
         "Mary is not a doctor" : 0.044311881636246
         "John is not a doctor" : 0.04429496205302991
         "John is not a teacher" : 0.04429496205302991
         "John is a doctor and a teacher" : 0.032879770241631925
         "John and Mary are doctors" : 0.03285049348592434
         "John and Mary are teachers" : 0.03285049348592432
         "John is a doctor or a teacher" : 0.032830977022705495
         "Mary is a doctor and a teacher" : 0.032827049308822596
         "Mary is a doctor or a teacher" : 0.03282704930882257
         "John or Mary is a doctor" : 0.0328247583523228
         "John or Mary is a teacher" : 0.03282475835232277
         "John or Mary is not a doctor" : 0.02431895672043035
         "John or Mary is not a teacher" : 0.02431895672043034
         "Mary is not a doctor and a teacher" : 0.024318876259192986
         "Mary is not a doctor or a teacher" : 0.024318876259192955
         "John is not a doctor or a teacher" : 0.02431872426474107
         "John and Mary are not teachers" : 0.024317975256533324
         "John and Mary are not doctors" : 0.024317975256533324
         "John is not a doctor and a teacher" : 0.02431710127359206
         "John and Mary are doctors and teachers" : 0.018018572531207006
         "John and Mary are doctors or teachers" : 0.01801609529154119
         "John or Mary is a doctor or a teacher" : 0.018015846026804963
         "John or Mary is a doctor and a teacher" : 0.01801562541381004
         "John or Mary is not a doctor and a teacher" : 0.013346490791898358
         "John or Mary is not a doctor or a teacher" : 0.013346482992834474
         "John and Mary are not doctors or teachers" : 0.013346474149192933
         "John and Mary are not doctors and teachers" : 0.01334638687511025,
    KLDivergence: 1.3794451545196948 } ]
