L2 norm of gradient: 0.2470201601015307
Iteration 0: -845.8232361004592
L2 norm of gradient: 0.4005586210421205
Iteration 1: -827.823285943625
L2 norm of gradient: 0.7746472631294078
Iteration 2: -908.8543598628319
L2 norm of gradient: 7.298350824914353
Iteration 3: -875.0955737522263
L2 norm of gradient: 3.7418840883806994
Iteration 4: -903.6797089671052
L2 norm of gradient: 1.016262071538887
Iteration 5: -847.3440336727283
L2 norm of gradient: 0.024403385322884052
Iteration 6: -883.9995068274338
L2 norm of gradient: 0.006307195976548748
Iteration 7: -874.3999763583612
L2 norm of gradient: 8.723077641746238
Iteration 8: -875.9747029966541
L2 norm of gradient: 6.1239267970616105
Iteration 9: -845.4309662034561
L2 norm of gradient: 0.016847624703759022
Iteration 10: -903.1995833594522
L2 norm of gradient: 0.2670978023938689
Iteration 11: -922.6216352071312
L2 norm of gradient: 9.93202062564437
Iteration 12: -876.5579408259437
L2 norm of gradient: 6.186150098609252
Iteration 13: -903.4470851013155
L2 norm of gradient: 6.593488064582661
Iteration 14: -912.6004213741189
L2 norm of gradient: 0.5509302470712324
Iteration 15: -894.1470626511774
L2 norm of gradient: 0.9972679782342726
Iteration 16: -908.6325895973259
L2 norm of gradient: 6.314879447899204
Iteration 17: -941.3703247633464
L2 norm of gradient: 3.4216517221147313
Iteration 18: -913.4510207030593
L2 norm of gradient: 6.710799852090039
Iteration 19: -913.6481154049987
L2 norm of gradient: 7.634347643694782
Iteration 20: -922.5580580723899
L2 norm of gradient: 6.356483975028136
Iteration 21: -785.5527908005947
L2 norm of gradient: 0.2655809596510599
Iteration 22: -836.8769610791693
L2 norm of gradient: 2.984425063040239
Iteration 23: -737.1077394239676
L2 norm of gradient: 0.4989681056604495
Iteration 24: -947.3457751045898
L2 norm of gradient: 3.1741507637363426
Iteration 25: -913.2009528601759
L2 norm of gradient: 0.8340723444745497
Iteration 26: -947.0227929266296
L2 norm of gradient: 0.3882085354820298
Iteration 27: -817.125410026342
L2 norm of gradient: 3.0953103246066487
Iteration 28: -893.9893178093868
L2 norm of gradient: 0.7151801679346764
Iteration 29: -856.6301183811687
L2 norm of gradient: 0.030684815929984243
Iteration 30: -884.0004386082842
L2 norm of gradient: 0.273562262374091
Iteration 31: -846.4756077551218
L2 norm of gradient: 0.5463405604440965
Iteration 32: -865.2485935933518
L2 norm of gradient: 7.377640759968532
Iteration 33: -903.0105046419358
L2 norm of gradient: 6.235699551415252
Iteration 34: -941.805440160076
L2 norm of gradient: 3.0545529885630036
Iteration 35: -856.6777499767869
L2 norm of gradient: 2.50231728609401
Iteration 36: -966.852653442652
L2 norm of gradient: 0.2864138620662403
Iteration 37: -903.4256289159745
L2 norm of gradient: 7.380209421350382
Iteration 38: -893.1792298691532
L2 norm of gradient: 9.209518289724791
Iteration 39: -947.3538615415719
L2 norm of gradient: 2.7349408741318175
Iteration 40: -880.275555061379
L2 norm of gradient: 7.54548013603546
Iteration 41: -941.3600194522877
L2 norm of gradient: 2.7248445742228338
Iteration 42: -995.4251942036672
L2 norm of gradient: 0.8911331513824563
Iteration 43: -927.8098961148352
L2 norm of gradient: 0.45355910937635363
Iteration 44: -985.7422713064661
L2 norm of gradient: 8.78765386719905
Iteration 45: -898.6219421208142
L2 norm of gradient: 0.2732581444724952
Iteration 46: -798.4743016684927
L2 norm of gradient: 7.232180735343824
Iteration 47: -941.8120594508844
L2 norm of gradient: 1.8119073879012915
Iteration 48: -885.2080171486068
L2 norm of gradient: 7.600994615785487
Iteration 49: -794.055858799622
L2 norm of gradient: 0.020073101627912475
Iteration 50: -864.7996013578039
L2 norm of gradient: 1.734458599610287
Iteration 51: -904.6317939216772
L2 norm of gradient: 0.0011738109536012932
Iteration 52: -864.8001063861415
L2 norm of gradient: 2.6934261305680387
Iteration 53: -903.7601826144424
L2 norm of gradient: 0.5985861075465642
Iteration 54: -847.0234063796511
L2 norm of gradient: 6.781821826770498
Iteration 55: -902.7873611082766
L2 norm of gradient: 8.022815468074803
Iteration 56: -931.8922056793411
L2 norm of gradient: 0.023766072753377367
Iteration 57: -912.7986595442475
L2 norm of gradient: 7.028108687119978
Iteration 58: -817.5796014861028
L2 norm of gradient: 2.8053622010899244
Iteration 59: -846.2797497188733
L2 norm of gradient: 0.2643186250721302
Iteration 60: -903.4127287321235
L2 norm of gradient: 4.919747740105166
Iteration 61: -894.0815924751805
L2 norm of gradient: 8.559998694788396
Iteration 62: -927.3861843172197
L2 norm of gradient: 2.4768468073463277
Iteration 63: -841.4850316095988
L2 norm of gradient: 9.942066215900892
Iteration 64: -835.6886389679684
L2 norm of gradient: 1.0829954757002085
Iteration 65: -813.4545128541552
L2 norm of gradient: 0.28200764405270284
Iteration 66: -750.4876755984642
L2 norm of gradient: 9.308462495893735
Iteration 67: -864.4848295165239
L2 norm of gradient: 0.6683281763264814
Iteration 68: -757.092248560713
L2 norm of gradient: 10.050242825882101
Iteration 69: -807.8783375355854
L2 norm of gradient: 0.0005710030520092062
Iteration 70: -960.8001193075738
L2 norm of gradient: 0.2800226226597417
Iteration 71: -769.6674593799402
L2 norm of gradient: 2.1378191102794033
Iteration 72: -914.0067354814975
L2 norm of gradient: 2.4383472102868495
Iteration 73: -884.314384876588
L2 norm of gradient: 0.012626264124407299
Iteration 74: -856.2997143297845
L2 norm of gradient: 8.211604383076123
Iteration 75: -940.8186313931944
L2 norm of gradient: 2.304010202751991
Iteration 76: -941.7691980431605
L2 norm of gradient: 4.634249339742157
Iteration 77: -851.572388013825
L2 norm of gradient: 4.425238894184486
Iteration 78: -885.6298278487925
L2 norm of gradient: 0.0049138804005074725
Iteration 79: -922.4002436162336
L2 norm of gradient: 0.3091441943823454
Iteration 80: -817.664858611013
L2 norm of gradient: 2.3737388533214436
Iteration 81: -903.368703600099
L2 norm of gradient: 0.3380947970470625
Iteration 82: -903.5403436245781
L2 norm of gradient: 0.9941637514347016
Iteration 83: -803.8507879383088
L2 norm of gradient: 1.248716193163383
Iteration 84: -755.8870103728841
L2 norm of gradient: 0.2840195933138802
Iteration 85: -807.409823811073
L2 norm of gradient: 7.694639074447537
Iteration 86: -883.2845270594548
L2 norm of gradient: 1.6704686856744746
Iteration 87: -962.2933193069154
L2 norm of gradient: 10.608745065581026
Iteration 88: -917.0208737214119
L2 norm of gradient: 8.510694268403483
Iteration 89: -835.270087495941
L2 norm of gradient: 9.915062954987086
Iteration 90: -911.8352218066478
L2 norm of gradient: 10.853858985517977
Iteration 91: -897.7493014950363
L2 norm of gradient: 2.425146372226993
Iteration 92: -952.2870822053817
L2 norm of gradient: 0.03677003625283518
Iteration 93: -903.6429694735933
L2 norm of gradient: 1.4696238060189146
Iteration 94: -804.1104424166559
L2 norm of gradient: 17.439417928338116
Iteration 95: -878.8615861522705
L2 norm of gradient: 8.538016993100955
Iteration 96: -883.2234575554448
L2 norm of gradient: 0.30115205744024154
Iteration 97: -893.8328642059946
L2 norm of gradient: 0.03765057433188617
Iteration 98: -855.1979063662559
L2 norm of gradient: 0.7319892585179824
Iteration 99: -947.5161395269139
L2 norm of gradient: 18.41837145541984
Iteration 100: -843.9440877899181
L2 norm of gradient: 0.7587758985176866
Iteration 101: -798.8691830087682
L2 norm of gradient: 2.922839898552346
Iteration 102: -846.6965024832341
L2 norm of gradient: 0.03145015636521603
Iteration 103: -893.6026946621394
L2 norm of gradient: 0.00970321550600287
Iteration 104: -836.000318747123
L2 norm of gradient: 1.2297642030396743
Iteration 105: -898.9513950565012
L2 norm of gradient: 11.071783431823453
Iteration 106: -920.7995766170812
L2 norm of gradient: 2.215582102962477
Iteration 107: -899.200373265684
L2 norm of gradient: 11.107263150109599
Iteration 108: -940.1882548686644
L2 norm of gradient: 0.060876071331148765
Iteration 109: -893.5949574248315
L2 norm of gradient: 0.3026682063558593
Iteration 110: -951.4348506224934
L2 norm of gradient: 0.6512199883549723
Iteration 111: -846.7370910975282
L2 norm of gradient: 1.1844545932705424
Iteration 112: -918.1474078377444
L2 norm of gradient: 0.3324871626890261
Iteration 113: -893.8393180069216
L2 norm of gradient: 11.627392452854977
Iteration 114: -834.1949572349802
L2 norm of gradient: 0.730494537315169
Iteration 115: -952.1477016184683
L2 norm of gradient: 4.148732468984901
Iteration 116: -841.6323180057168
L2 norm of gradient: 0.2672794768004148
Iteration 117: -846.911476751006
L2 norm of gradient: 0.31142984029042214
Iteration 118: -817.6957560458395
L2 norm of gradient: 9.405390410982926
Iteration 119: -912.0294978717488
L2 norm of gradient: 0.48988424450329177
Iteration 120: -961.3948693497808
L2 norm of gradient: 0.31540318755796676
Iteration 121: -941.837990508412
L2 norm of gradient: 11.936769431689129
Iteration 122: -891.8710628306629
L2 norm of gradient: 0.05782659570514363
Iteration 123: -816.7948389220434
L2 norm of gradient: 0.07723111366972568
Iteration 124: -874.3927421805254
L2 norm of gradient: 0.051342706568635176
Iteration 125: -979.9956324707582
L2 norm of gradient: 2.506817591370298
Iteration 126: -913.7519864420372
L2 norm of gradient: 12.28478942886969
Iteration 127: -872.5373113350527
L2 norm of gradient: 0.3102421870600285
Iteration 128: -817.6867010645864
L2 norm of gradient: 0.6363912494082529
Iteration 129: -903.6730263228392
L2 norm of gradient: 2.2189312357339763
Iteration 130: -728.1407058110705
L2 norm of gradient: 2.1792043980952682
Iteration 131: -886.2324733610585
L2 norm of gradient: 11.879252244758884
Iteration 132: -892.1849948533389
L2 norm of gradient: 2.275497651834802
Iteration 133: -899.2458567087608
L2 norm of gradient: 2.1347367727331887
Iteration 134: -817.972316258094
L2 norm of gradient: 1.4326730131446055
Iteration 135: -937.542967424024
L2 norm of gradient: 1.610655627450964
Iteration 136: -947.2729003911813
L2 norm of gradient: 1.1948917464118045
Iteration 137: -913.693703104808
L2 norm of gradient: 0.2628649376166834
Iteration 138: -903.5588965704521
L2 norm of gradient: 0.3337464980547257
Iteration 139: -903.4380312434477
L2 norm of gradient: 0.7472118616184655
Iteration 140: -661.8920157728866
L2 norm of gradient: 1.2501280499539895
Iteration 141: -823.1564205064169
L2 norm of gradient: 0.4037700066918671
Iteration 142: -913.3683140589942
L2 norm of gradient: 0.3516357900808583
Iteration 143: -779.2974926568344
L2 norm of gradient: 4.1654520887521675
Iteration 144: -894.0473988369594
L2 norm of gradient: 0.4888401349802587
Iteration 145: -895.303907164019
L2 norm of gradient: 2.0159765302643096
Iteration 146: -818.1751486118305
L2 norm of gradient: 1.374924395102739
Iteration 147: -860.4849755598029
L2 norm of gradient: 0.3551645770290182
Iteration 148: -903.4405368840046
L2 norm of gradient: 12.234649641648248
Iteration 149: -817.0990687211569
L2 norm of gradient: 2.240110303983089
Iteration 150: -875.0797619580077
L2 norm of gradient: 0.2641976478227443
Iteration 151: -922.7609889274584
L2 norm of gradient: 0.03599231950038314
Iteration 152: -864.799181194382
L2 norm of gradient: 0.33162078452137117
Iteration 153: -884.2243182956242
L2 norm of gradient: 0.33179933124701755
Iteration 154: -827.2970012875867
L2 norm of gradient: 1.1782156549294438
Iteration 155: -956.9217546142643
L2 norm of gradient: 0.6659629845374487
Iteration 156: -760.2692301775112
L2 norm of gradient: 11.315414538892513
Iteration 157: -935.7759243922548
L2 norm of gradient: 0.1048091318430917
Iteration 158: -855.1891325200938
L2 norm of gradient: 0.5287775301754569
Iteration 159: -913.2020867706718
L2 norm of gradient: 1.153534477671914
Iteration 160: -904.754628683777
L2 norm of gradient: 0.07244482414994295
Iteration 161: -789.7662423489043
L2 norm of gradient: 1.2205280671502186
Iteration 162: -908.6747750308106
L2 norm of gradient: 3.9697860186499483
Iteration 163: -957.1958617856301
L2 norm of gradient: 0.2468954310015127
Iteration 164: -855.5607210311852
L2 norm of gradient: 13.505670955727417
Iteration 165: -910.1991680117793
L2 norm of gradient: 13.485365899398202
Iteration 166: -881.3870441440353
L2 norm of gradient: 2.4379971196487817
Iteration 167: -771.7355258048972
L2 norm of gradient: 0.36886058106153374
Iteration 168: -903.4414039762993
L2 norm of gradient: 2.198295159466948
Iteration 169: -850.8352998268213
L2 norm of gradient: 0.03799992124629717
Iteration 170: -769.8972856816586
L2 norm of gradient: 0.3639205615542316
Iteration 171: -865.042221293137
L2 norm of gradient: 0.8680073688350347
Iteration 172: -913.5923611477785
L2 norm of gradient: 1.4040181355237846
Iteration 173: -908.4604742277174
L2 norm of gradient: 0.7485260637834326
Iteration 174: -637.2511973991338
L2 norm of gradient: 0.08403643518799118
Iteration 175: -703.350144912265
L2 norm of gradient: 0.6755110877724221
Iteration 176: -813.5025578668409
L2 norm of gradient: 16.37097416631989
Iteration 177: -901.4366580401462
L2 norm of gradient: 4.454485631688013
Iteration 178: -770.359887425269
L2 norm of gradient: 0.9512603772355706
Iteration 179: -798.9337254503278
L2 norm of gradient: 1.9204070522789072
Iteration 180: -884.4385714219258
L2 norm of gradient: 0.14486230987465676
Iteration 181: -951.657513665831
L2 norm of gradient: 0.7293002290110134
Iteration 182: -942.0370498931356
L2 norm of gradient: 15.26206469805819
Iteration 183: -934.3034388422208
L2 norm of gradient: 0.019031421619349537
Iteration 184: -893.5996606993408
L2 norm of gradient: 0.8920761836135445
Iteration 185: -1000.4923601734206
L2 norm of gradient: 0.16194987742967012
Iteration 186: -845.5826001537976
L2 norm of gradient: 0.6162195350697034
Iteration 187: -842.5371740827898
L2 norm of gradient: 14.382391752796789
Iteration 188: -823.3441369955088
L2 norm of gradient: 0.7397894932195617
Iteration 189: -846.700398080838
L2 norm of gradient: 0.7499211585676171
Iteration 190: -798.7020092875232
L2 norm of gradient: 3.816805327275368
Iteration 191: -685.7721100048407
L2 norm of gradient: 1.5264135803109424
Iteration 192: -927.5783839263406
L2 norm of gradient: 0.7137713068555294
Iteration 193: -798.9112795549935
L2 norm of gradient: 1.5336665552735358
Iteration 194: -850.7752742499652
L2 norm of gradient: 0.6240158541017823
Iteration 195: -874.3295182741076
L2 norm of gradient: 1.4140375733306292
Iteration 196: -937.236310237894
L2 norm of gradient: 2.5441743646048742
Iteration 197: -831.9855033246345
L2 norm of gradient: 4.308970476364484
Iteration 198: -837.7534785554406
L2 norm of gradient: 0.05684317511337018
Iteration 199: -816.7986999713809
L2 norm of gradient: 2.967999186277723
Iteration 200: -961.1204469252456
L2 norm of gradient: 10.378092330015345
Iteration 201: -843.9419525174284
L2 norm of gradient: 0.33155540475784245
Iteration 202: -884.2066112226834
L2 norm of gradient: 16.23509673542743
Iteration 203: -876.240057007021
L2 norm of gradient: 1.6768113727548346
Iteration 204: -923.5840483515772
L2 norm of gradient: 0.002365880615172557
Iteration 205: -874.4000758305706
L2 norm of gradient: 27.315732734560786
Iteration 206: -936.8182087564358
L2 norm of gradient: 2.3057914015279803
Iteration 207: -898.7497132141726
L2 norm of gradient: 3.2157801014323333
Iteration 208: -807.3142679104228
L2 norm of gradient: 11.897589261841306
Iteration 209: -881.7073019745773
L2 norm of gradient: 11.79324425405311
Iteration 210: -974.1239348964627
L2 norm of gradient: 2.324805710397491
Iteration 211: -879.9773490195673
L2 norm of gradient: 0.3941832384784315
Iteration 212: -826.6468273634891
L2 norm of gradient: 15.711359788952016
Iteration 213: -833.3767639088775
L2 norm of gradient: 0.8601460064797566
Iteration 214: -883.896547307019
L2 norm of gradient: 1.6494355454716838
Iteration 215: -860.5479260733938
L2 norm of gradient: 1.400928339522018
Iteration 216: -879.7980074212438
L2 norm of gradient: 12.036828839232223
Iteration 217: -881.7275688454674
L2 norm of gradient: 16.06923613838731
Iteration 218: -918.7014479865658
L2 norm of gradient: 2.4203194120484675
Iteration 219: -869.8884844453725
L2 norm of gradient: 12.54640990130628
Iteration 220: -929.8203918751564
L2 norm of gradient: 2.9752144878915625
Iteration 221: -895.8079289512839
L2 norm of gradient: 2.4353933165970485
Iteration 222: -884.7058165186439
L2 norm of gradient: 1.8810225761172061
Iteration 223: -860.4859095236742
L2 norm of gradient: 0.8667655348310341
Iteration 224: -827.5521670599879
L2 norm of gradient: 0.4264906859457614
Iteration 225: -845.8514382059345
L2 norm of gradient: 1.533212429799456
Iteration 226: -889.1654067587947
L2 norm of gradient: 0.006542840200697568
Iteration 227: -864.8003070945699
L2 norm of gradient: 0.6674260511992027
Iteration 228: -970.9632720722698
L2 norm of gradient: 0.4784424447040442
Iteration 229: -779.3219997426295
L2 norm of gradient: 0.005506409979702459
Iteration 230: -874.3999627128318
L2 norm of gradient: 3.2066101988596283
Iteration 231: -1024.1345827459718
L2 norm of gradient: 0.8965371222850489
Iteration 232: -750.7629918551634
L2 norm of gradient: 18.208001945064467
Iteration 233: -856.1344381921048
L2 norm of gradient: 2.25292084913976
Iteration 234: -899.8883779343972
L2 norm of gradient: 0.029013634541543962
Iteration 235: -845.5993293882882
L2 norm of gradient: 0.10991491289727665
Iteration 236: -922.8550556274645
L2 norm of gradient: 4.102590294395793
Iteration 237: -894.5367712094842
L2 norm of gradient: 17.46343733083484
Iteration 238: -918.2191311114366
L2 norm of gradient: 0.8274947338004643
Iteration 239: -789.1623043824364
L2 norm of gradient: 0.14017143545345867
Iteration 240: -845.5814503057948
L2 norm of gradient: 0.11521027304773011
Iteration 241: -942.0558778941505
L2 norm of gradient: 0.7155795664685057
Iteration 242: -875.9032292966573
L2 norm of gradient: 2.3238557749434596
Iteration 243: -941.79786113927
L2 norm of gradient: 2.5608326799813756
Iteration 244: -970.8634536601018
L2 norm of gradient: 3.1700944343913666
Iteration 245: -875.0630814865059
L2 norm of gradient: 1.1757056688283838
Iteration 246: -864.6413291183798
L2 norm of gradient: 1.7977134285938947
Iteration 247: -937.3652377797289
L2 norm of gradient: 0.000661196288225308
Iteration 248: -922.4001442665707
L2 norm of gradient: 1.5922917086171302
Iteration 249: -879.5250368347808
L2 norm of gradient: 0.39068271125703385
Iteration 250: -788.8938451450616
L2 norm of gradient: 2.7806014228682376
Iteration 251: -799.1613450249451
L2 norm of gradient: 0.1497241163752743
Iteration 252: -912.7801531500838
L2 norm of gradient: 0.44922248914878926
Iteration 253: -827.3139752290116
L2 norm of gradient: 1.9018665025800756
Iteration 254: -889.2329865170045
L2 norm of gradient: 0.4568773225025999
Iteration 255: -779.2798898287008
L2 norm of gradient: 3.177945251284984
Iteration 256: -904.0712079709247
L2 norm of gradient: 19.9629373796868
Iteration 257: -788.9657221943329
L2 norm of gradient: 17.71383350948089
Iteration 258: -850.2683956378056
L2 norm of gradient: 2.7961412372758527
Iteration 259: -889.1842598421708
L2 norm of gradient: 1.9110500945619504
Iteration 260: -927.4058378943267
L2 norm of gradient: 13.981819204955123
Iteration 261: -843.2050131721348
L2 norm of gradient: 2.152231636791722
Iteration 262: -962.1235395851595
L2 norm of gradient: 2.0005952773336717
Iteration 263: -879.3757409878781
L2 norm of gradient: 18.151219812607067
Iteration 264: -946.0159798276429
L2 norm of gradient: 4.057299715004476
Iteration 265: -790.7451970359143
L2 norm of gradient: 0.4076849536679128
Iteration 266: -779.3118766534216
L2 norm of gradient: 31.142865378066183
Iteration 267: -913.7422834142036
L2 norm of gradient: 0.2308167867496084
Iteration 268: -817.9408684156788
L2 norm of gradient: 18.450707358141184
Iteration 269: -869.2073328105355
L2 norm of gradient: 0.5250070633963617
Iteration 270: -903.3918916468849
L2 norm of gradient: 0.4995008483804977
Iteration 271: -884.2152126354595
L2 norm of gradient: 20.421664340064552
Iteration 272: -892.933715588229
L2 norm of gradient: 14.375949617517207
Iteration 273: -909.1603542244865
L2 norm of gradient: 0.011309334543477486
Iteration 274: -883.9999767462662
L2 norm of gradient: 0.009476511793389918
Iteration 275: -864.8004050044245
L2 norm of gradient: 2.036938662840477
Iteration 276: -898.7501861059652
L2 norm of gradient: 1.0497187573491849
Iteration 277: -808.4346523061724
L2 norm of gradient: 1.3892205881549937
Iteration 278: -893.391006449761
L2 norm of gradient: 0.0926837577944175
Iteration 279: -903.6326744794693
L2 norm of gradient: 1.8777010597273538
Iteration 280: -850.894833421648
L2 norm of gradient: 0.3912325049979017
Iteration 281: -836.1985732925649
L2 norm of gradient: 20.143026707233577
Iteration 282: -836.0858454445387
L2 norm of gradient: 0.5069263814517452
Iteration 283: -865.0640041149356
L2 norm of gradient: 0.5289467174906743
Iteration 284: -903.3464059789085
L2 norm of gradient: 3.2600412386064757
Iteration 285: -884.7015402443594
L2 norm of gradient: 1.0174652333684069
Iteration 286: -809.3104353177698
L2 norm of gradient: 18.9606641096012
Iteration 287: -887.7985335620315
L2 norm of gradient: 54.57075367377301
Iteration 288: -891.1346266366031
L2 norm of gradient: 0.22039160035156874
Iteration 289: -922.3662832697869
L2 norm of gradient: 40.43246072240961
Iteration 290: -938.0031484687504
L2 norm of gradient: 0.6220174078638296
Iteration 291: -903.3330617058515
L2 norm of gradient: 0.6218502962009866
Iteration 292: -884.1789172459831
L2 norm of gradient: 3.1525026532492295
Iteration 293: -836.982781141291
L2 norm of gradient: 17.183358593118818
Iteration 294: -875.0034610456031
L2 norm of gradient: 3.1112543515256688
Iteration 295: -864.9135814866902
L2 norm of gradient: 3.1649442230226588
Iteration 296: -884.0404240514765
L2 norm of gradient: 3.226970142099431
Iteration 297: -893.707302002958
L2 norm of gradient: 1.0817448550746553
Iteration 298: -789.6519687631057
L2 norm of gradient: 3.5373537399338093
Iteration 299: -803.7578830007627
L2 norm of gradient: 3.5046601125236228
Iteration 300: -876.6897682157224
L2 norm of gradient: 1.1813899547501796
Iteration 301: -913.4430328927816
L2 norm of gradient: 5.397964726698957
Iteration 302: -895.1988374134
L2 norm of gradient: 3.3762561944371354
Iteration 303: -865.1254683173794
L2 norm of gradient: 3.1915958618243376
Iteration 304: -898.6776871802208
L2 norm of gradient: 0.4925818115853024
Iteration 305: -835.9287148903562
L2 norm of gradient: 0.2688309744414775
Iteration 306: -922.3563825725837
L2 norm of gradient: 0.018451781078580563
Iteration 307: -845.5993415275684
L2 norm of gradient: 23.469038354478027
Iteration 308: -909.9696682942014
L2 norm of gradient: 0.4713314006233339
Iteration 309: -893.8635262246587
L2 norm of gradient: 2.3595105989434684
Iteration 310: -794.1178053917097
L2 norm of gradient: 0.8959615856356371
Iteration 311: -893.684681913065
L2 norm of gradient: 2.9537760642266506
Iteration 312: -855.8867141267889
L2 norm of gradient: 22.430499852554306
Iteration 313: -891.2484169221041
L2 norm of gradient: 1.3479697976396225
Iteration 314: -923.1641419701284
L2 norm of gradient: 14.97329068718562
Iteration 315: -860.3452397920516
L2 norm of gradient: 4.194274125709122
Iteration 316: -894.5106022755797
L2 norm of gradient: 43.79152766013155
Iteration 317: -925.6187756693495
L2 norm of gradient: 22.249683918650852
Iteration 318: -923.9006500492426
L2 norm of gradient: 1.189030288623358
Iteration 319: -884.873665921475
L2 norm of gradient: 22.06905033125907
Iteration 320: -809.4923079414887
L2 norm of gradient: 2.569190236708014
Iteration 321: -917.4815190959542
L2 norm of gradient: 0.5906345579023925
Iteration 322: -779.3342033922207
L2 norm of gradient: 21.859273193055515
Iteration 323: -895.274902487503
L2 norm of gradient: 2.330758208743109
Iteration 324: -889.0860724709712
L2 norm of gradient: 23.179552503008555
Iteration 325: -904.0561332258997
L2 norm of gradient: 3.836617641116921
Iteration 326: -932.2765764437004
L2 norm of gradient: 2.377192622925238
Iteration 327: -970.4629532733165
L2 norm of gradient: 1.9975935133617768
Iteration 328: -875.4180389941005
L2 norm of gradient: 23.02261894811838
Iteration 329: -866.4770453323412
L2 norm of gradient: 1.0301062906410428
Iteration 330: -913.4598177959756
L2 norm of gradient: 0.5714098268304785
Iteration 331: -740.9450664188312
L2 norm of gradient: 0.9948585429662261
Iteration 332: -871.0886970511248
L2 norm of gradient: 19.782692383977512
Iteration 333: -863.4286335977782
L2 norm of gradient: 39.52201070143386
Iteration 334: -912.5372015658472
L2 norm of gradient: 0.5478960358252929
Iteration 335: -808.0472181498021
L2 norm of gradient: 3.7301409008994444
Iteration 336: -917.7172337519585
L2 norm of gradient: 1.3042649875561414
Iteration 337: -808.7952328428207
L2 norm of gradient: 0.6388485819694475
Iteration 338: -836.2835025226392
L2 norm of gradient: 19.75820039201798
Iteration 339: -949.886590470919
L2 norm of gradient: 14.022987082873495
Iteration 340: -832.5111710281709
L2 norm of gradient: 15.849852427575977
Iteration 341: -774.0836022483344
L2 norm of gradient: 4.145888076104667
Iteration 342: -883.762585144271
L2 norm of gradient: 0.6771209974557743
Iteration 343: -874.2695344508007
L2 norm of gradient: 2.506888720392728
Iteration 344: -817.7215237948202
L2 norm of gradient: 1.077303651731305
Iteration 345: -808.5591016467953
L2 norm of gradient: 16.51144848849785
Iteration 346: -726.3844030419432
L2 norm of gradient: 0.036638719012187494
Iteration 347: -893.598522936064
L2 norm of gradient: 0.5340379994581033
Iteration 348: -779.3996453484004
L2 norm of gradient: 23.940220775003553
Iteration 349: -876.2423984107656
L2 norm of gradient: 0.8148007067261743
Iteration 350: -769.5618262094641
L2 norm of gradient: 2.055507022694976
Iteration 351: -832.2736764297975
L2 norm of gradient: 4.061889292588238
Iteration 352: -922.4359397869423
L2 norm of gradient: 0.6871191738476202
Iteration 353: -788.9556678514324
L2 norm of gradient: 0.8469047869684796
Iteration 354: -884.1523715068679
L2 norm of gradient: 0.72287165131285
Iteration 355: -874.6662845415065
L2 norm of gradient: 5.590533677522463
Iteration 356: -897.4900674464305
L2 norm of gradient: 2.4536688866216356
Iteration 357: -943.1199531035008
L2 norm of gradient: 4.900327447859679
Iteration 358: -897.7914968062029
L2 norm of gradient: 24.736733946955678
Iteration 359: -940.6665314775754
L2 norm of gradient: 2.1748286773142773
Iteration 360: -869.5176455321802
L2 norm of gradient: 27.096931505958096
Iteration 361: -954.8775622743769
L2 norm of gradient: 1.5797171088808024
Iteration 362: -798.7555252492944
L2 norm of gradient: 1.5441287727841146
Iteration 363: -827.8860115446223
L2 norm of gradient: 27.39470384436601
Iteration 364: -944.8616615583358
L2 norm of gradient: 5.490127866104742
Iteration 365: -759.9082672904669
L2 norm of gradient: 5.2680045550420065
Iteration 366: -879.6792745257326
L2 norm of gradient: 0.48185386742030684
Iteration 367: -874.592445508276
L2 norm of gradient: 21.731267254042486
Iteration 368: -944.0893117035183
L2 norm of gradient: 2.065009790874889
Iteration 369: -857.011224143688
L2 norm of gradient: 2.0606153943189227
Iteration 370: -765.0020161737642
L2 norm of gradient: 0.021291419216948913
Iteration 371: -883.9991716136813
L2 norm of gradient: 5.629874198481892
Iteration 372: -822.0493285177823
L2 norm of gradient: 6.461726728514828
Iteration 373: -936.7556025376184
L2 norm of gradient: 3.3125456038354373
Iteration 374: -844.9097075130703
L2 norm of gradient: 20.974638719229116
Iteration 375: -747.7448405496199
L2 norm of gradient: 1.9895457567074981
Iteration 376: -847.420005292797
L2 norm of gradient: 0.05414006329636709
Iteration 377: -855.197657234804
L2 norm of gradient: 25.782541024938947
Iteration 378: -862.5596566439044
L2 norm of gradient: 0.49993802791466435
Iteration 379: -960.9884309054947
L2 norm of gradient: 1.3284598934887613
Iteration 380: -913.4116278476251
L2 norm of gradient: 0.9712554055189498
Iteration 381: -760.2389303087726
L2 norm of gradient: 2.538008379210099
Iteration 382: -812.5952148941434
L2 norm of gradient: 20.384753199015687
Iteration 383: -767.1856070186284
L2 norm of gradient: 28.02628107939873
Iteration 384: -886.1876352719135
L2 norm of gradient: 31.18853721818673
Iteration 385: -818.4374440450365
L2 norm of gradient: 2.514373261918631
Iteration 386: -917.2659323090284
L2 norm of gradient: 27.631255613724157
Iteration 387: -861.7028172227191
L2 norm of gradient: 6.451960665688762
Iteration 388: -778.7587193974505
L2 norm of gradient: 32.318876568920075
Iteration 389: -943.1447906284612
L2 norm of gradient: 28.631273205027888
Iteration 390: -885.3542384026947
L2 norm of gradient: 0.4085786514681347
Iteration 391: -894.1133734015708
L2 norm of gradient: 6.886607038843003
Iteration 392: -879.0821935789024
L2 norm of gradient: 27.59767457793118
Iteration 393: -899.7223685158518
L2 norm of gradient: 6.8865971919495275
Iteration 394: -940.9249109418042
L2 norm of gradient: 1.7884680014138021
Iteration 395: -855.2802919238248
L2 norm of gradient: 19.393754045993543
Iteration 396: -714.4472401821566
L2 norm of gradient: 21.231590972264765
Iteration 397: -862.8395791431187
L2 norm of gradient: 32.7130024449198
Iteration 398: -936.6793729191409
L2 norm of gradient: 25.530875193343967
Iteration 399: -833.9204417402557
L2 norm of gradient: 7.471837777118534
Iteration 400: -902.4755723166501
L2 norm of gradient: 3.9494330578063135
Iteration 401: -970.3591709481984
L2 norm of gradient: 1.775991182815646
Iteration 402: -789.8220902093393
L2 norm of gradient: 2.6871794675709024
Iteration 403: -866.372625422818
L2 norm of gradient: 1.8181395561495173
Iteration 404: -875.3769583222193
L2 norm of gradient: 0.8513656720360948
Iteration 405: -836.9181377732839
L2 norm of gradient: 0.854350558654376
Iteration 406: -913.1354128396423
L2 norm of gradient: 0.6656072798566917
Iteration 407: -855.052448439431
L2 norm of gradient: 26.265161568433296
Iteration 408: -860.9962050929872
L2 norm of gradient: 6.774816790265865
Iteration 409: -877.731183445664
L2 norm of gradient: 0.026886796171635727
Iteration 410: -912.7978287377625
L2 norm of gradient: 0.026896909120275442
Iteration 411: -922.3982223926574
L2 norm of gradient: 0.7430103455348137
Iteration 412: -884.1737027374164
L2 norm of gradient: 0.4937670226221623
Iteration 413: -893.5675943407496
L2 norm of gradient: 3.1394859416790326
Iteration 414: -812.1627562393312
L2 norm of gradient: 31.709317037511767
Iteration 415: -850.669741409991
L2 norm of gradient: 8.564439810234715
Iteration 416: -815.5776241880144
L2 norm of gradient: 28.936203925171306
Iteration 417: -868.8862679059844
L2 norm of gradient: 31.43813883880447
Iteration 418: -815.8159641113714
L2 norm of gradient: 26.989076117514006
Iteration 419: -1004.7898407983743
L2 norm of gradient: 31.921736503139392
Iteration 420: -834.2541817655585
L2 norm of gradient: 8.263039244666613
Iteration 421: -830.2887877053961
L2 norm of gradient: 0.7936136389874325
Iteration 422: -874.5459464775407
L2 norm of gradient: 0.7687776482712481
Iteration 423: -922.5687472712358
L2 norm of gradient: 2.0131542395447086
Iteration 424: -865.8532085489767
L2 norm of gradient: 0.7325430725161841
Iteration 425: -913.0902377848531
L2 norm of gradient: 7.142608202997379
Iteration 426: -888.2428154249704
L2 norm of gradient: 0.7576026586617545
Iteration 427: -864.623512428874
L2 norm of gradient: 0.531017267347532
Iteration 428: -769.655899454545
L2 norm of gradient: 6.378292414046213
Iteration 429: -873.3268152204002
L2 norm of gradient: 2.86162960705599
Iteration 430: -878.6541875137772
L2 norm of gradient: 11.421729980384294
Iteration 431: -901.8066718275404
L2 norm of gradient: 8.275393148102948
Iteration 432: -848.9804004449945
L2 norm of gradient: 4.7687377646033955
Iteration 433: -887.7577523369727
L2 norm of gradient: 29.214327586412022
Iteration 434: -915.8651921883794
L2 norm of gradient: 9.587001006073795
Iteration 435: -863.4484513644882
L2 norm of gradient: 70.74020991679318
Iteration 436: -919.1026624370674
L2 norm of gradient: 3.267494213761441
Iteration 437: -878.8139426907651
L2 norm of gradient: 2.6353467192963826
Iteration 438: -888.4490798290348
L2 norm of gradient: 22.1564586077148
Iteration 439: -835.3786874127003
L2 norm of gradient: 35.370650588316295
Iteration 440: -751.2347360488432
L2 norm of gradient: 29.72355089160008
Iteration 441: -905.4338695549408
L2 norm of gradient: 2.8756103131880426
Iteration 442: -975.1791833468656
L2 norm of gradient: 2.152080476769113
Iteration 443: -781.0256731420527
L2 norm of gradient: 24.031934534830835
Iteration 444: -874.7476298338445
L2 norm of gradient: 2.2160539066321303
Iteration 445: -865.9603436295597
L2 norm of gradient: 22.569904578108645
Iteration 446: -902.0589242166707
L2 norm of gradient: 1.6281464715490224
Iteration 447: -835.564144940711
L2 norm of gradient: 1.5239346023520322
Iteration 448: -883.6197314036795
L2 norm of gradient: 2.269535918350612
Iteration 449: -736.5808488996729
L2 norm of gradient: 25.230697337446028
Iteration 450: -839.5746582968042
L2 norm of gradient: 1.4063694337151065
Iteration 451: -904.179694240061
L2 norm of gradient: 22.84115845010174
Iteration 452: -901.7331677801138
L2 norm of gradient: 30.38324950354187
Iteration 453: -866.0315716088312
L2 norm of gradient: 1.8483593566049397
Iteration 454: -950.7423482945045
L2 norm of gradient: 22.74434311489772
Iteration 455: -935.389508601364
L2 norm of gradient: 0.9448479113519126
Iteration 456: -874.1659956333463
L2 norm of gradient: 30.14167039321975
Iteration 457: -847.6508334385549
L2 norm of gradient: 1.9574961213049489
Iteration 458: -942.073848174966
L2 norm of gradient: 8.407608592625959
Iteration 459: -816.1770775583318
L2 norm of gradient: 5.743410377575553
Iteration 460: -843.9002879870134
L2 norm of gradient: 9.538331832934077
Iteration 461: -934.3212568816953
L2 norm of gradient: 8.916829730510512
Iteration 462: -949.5926327301186
L2 norm of gradient: 0.9501938208684013
Iteration 463: -893.7331073963032
L2 norm of gradient: 11.962962606340538
Iteration 464: -912.6801763495378
L2 norm of gradient: 3.3969944349774983
Iteration 465: -849.5824913947565
L2 norm of gradient: 2.1945059849114825
Iteration 466: -827.9198826006063
L2 norm of gradient: 1.3982416021591662
Iteration 467: -971.2310014623106
L2 norm of gradient: 3.08080736257581
Iteration 468: -861.0730857746637
L2 norm of gradient: 39.522572834041284
Iteration 469: -843.0666881299074
L2 norm of gradient: 8.904562691971183
Iteration 470: -797.8035832329904
L2 norm of gradient: 18.98335263319173
Iteration 471: -962.63334807136
L2 norm of gradient: 0.4621515600293635
Iteration 472: -835.9583216346764
L2 norm of gradient: 9.45702585083514
Iteration 473: -930.199514779184
L2 norm of gradient: 8.26775712941593
Iteration 474: -854.6629758454663
L2 norm of gradient: 0.17938307867118594
Iteration 475: -893.5956739925592
L2 norm of gradient: 6.250174296945848
Iteration 476: -816.1512484012518
L2 norm of gradient: 5.403245536637953
Iteration 477: -785.6044061666565
L2 norm of gradient: 11.974007264632148
Iteration 478: -915.0765175713166
L2 norm of gradient: 28.9034388689779
Iteration 479: -948.2121554317656
L2 norm of gradient: 14.523537398341608
Iteration 480: -880.5159217951289
L2 norm of gradient: 1.474886531790668
Iteration 481: -779.554689000612
L2 norm of gradient: 0.5819028101886344
Iteration 482: -883.9233990712548
L2 norm of gradient: 10.808610011938487
Iteration 483: -866.1829573331395
L2 norm of gradient: 14.736906248771007
Iteration 484: -880.9705640720072
L2 norm of gradient: 1.1919573520509157
Iteration 485: -922.8383063437094
L2 norm of gradient: 1.1431256284757785
Iteration 486: -865.1810780752904
L2 norm of gradient: 2.1873929356325017
Iteration 487: -893.0123006353624
L2 norm of gradient: 32.05965721082928
Iteration 488: -997.7120671013577
L2 norm of gradient: 1.125117063781865
Iteration 489: -912.5175912134215
L2 norm of gradient: 3.639724915342259
Iteration 490: -921.401724099504
L2 norm of gradient: 24.588894182906408
Iteration 491: -861.9664991548988
L2 norm of gradient: 12.392618753366246
Iteration 492: -858.1907582733766
L2 norm of gradient: 2.875288730958878
Iteration 493: -840.2396980571906
L2 norm of gradient: 9.725796739328558
Iteration 494: -815.5787831388213
L2 norm of gradient: 33.554023315831365
Iteration 495: -857.8268497844326
L2 norm of gradient: 8.31531493241156
Iteration 496: -978.8900133397163
L2 norm of gradient: 0.9330700246406092
Iteration 497: -817.5609447774666
L2 norm of gradient: 3.443194013317444
Iteration 498: -831.8831768795989
L2 norm of gradient: 11.3651606177078
Iteration 499: -875.3630016633635
[ { query: [ 'Who is a doctor', [Object] ],
    trueResult: 
     Marginal:
         "John and Mary are doctors" : 0.380020640450514
         "John and Mary are doctors and teachers" : 0.20855974943514632
         "John is a doctor" : 0.08655534418766547
         "Mary is a doctor" : 0.08655534418766547
         "John is a doctor and a teacher" : 0.04750258005631425
         "Mary is a doctor and a teacher" : 0.04750258005631425
         "John and Mary are doctors or teachers" : 0.018309772241219994
         "John or Mary is a doctor and a teacher" : 0.01641723975145466
         "John is a doctor or a teacher" : 0.014074838535204214
         "Mary is a doctor or a teacher" : 0.014074838535204214
         "John or Mary is a doctor" : 0.014074838535204214
         "Mary is a teacher" : 0.010819418023458179
         "John is a teacher" : 0.010819418023458179
         "John is not a teacher" : 0.008015222008949992
         "Mary is not a teacher" : 0.008015222008949992
         "John and Mary are teachers" : 0.0059378225070392835
         "John or Mary is a teacher" : 0.005937822507039272
         "John and Mary are not teachers" : 0.0043988471043886965
         "John or Mary is not a teacher" : 0.0043988471043886965
         "John or Mary is a doctor or a teacher" : 0.003954910804103521
         "John is not a doctor and a teacher" : 0.0013033621050040592
         "Mary is not a doctor and a teacher" : 0.0013033621050040592
         "John or Mary is not a doctor and a teacher" : 0.0012360388998589598
         "John and Mary are not doctors and teachers" : 0.00021194082645043896,
    learnedResult: 
     Marginal:
         "John is a doctor" : 0.25147674280945315
         "Mary is a doctor" : 0.25147674280945315
         "John and Mary are doctors" : 0.0350265848002943
         "John is a teacher" : 0.031434592851181636
         "Mary is a teacher" : 0.031434592851181636
         "Mary is a doctor and a teacher" : 0.026113089049201885
         "John is a doctor and a teacher" : 0.026113089049201815
         "Mary is not a teacher" : 0.023287319143866652
         "John is not a teacher" : 0.02328731914386661
         "Mary is not a doctor" : 0.021130916787361193
         "John is not a doctor" : 0.021130916787361193
         "John or Mary is a doctor" : 0.018477093766356752
         "Mary is a doctor or a teacher" : 0.018214081626380118
         "John is a doctor or a teacher" : 0.018214081626380118
         "John or Mary is a teacher" : 0.017251670332606564
         "John and Mary are teachers" : 0.017251670332606564
         "John or Mary is not a teacher" : 0.01278035171958921
         "John and Mary are not teachers" : 0.01278035171958921
         "Mary is not a doctor or a teacher" : 0.012760844014674411
         "John is not a doctor or a teacher" : 0.012760844014674387
         "John or Mary is not a doctor" : 0.012755155366981009
         "John is not a doctor and a teacher" : 0.012640312201521798
         "Mary is not a doctor and a teacher" : 0.012640312201521777
         "John and Mary are not doctors" : 0.012481405239512243
         "John and Mary are doctors and teachers" : 0.01042844392518373
         "John and Mary are doctors or teachers" : 0.00959564930151069
         "John or Mary is a doctor and a teacher" : 0.009544876708447432
         "John or Mary is a doctor or a teacher" : 0.009478536586081067
         "John or Mary is not a doctor or a teacher" : 0.0070137839753787535
         "John or Mary is not a doctor and a teacher" : 0.00701240400863324
         "John and Mary are not doctors or teachers" : 0.00701135368686896
         "John and Mary are not doctors and teachers" : 0.006994871563078411,
    KLDivergence: 1.3381605503737237 },
  { query: [ 'Who is a doctor', [Object] ],
    trueResult: 
     Marginal:
         "John and Mary are doctors" : 0.380020640450514
         "John and Mary are doctors and teachers" : 0.20855974943514632
         "John is a doctor" : 0.08655534418766547
         "Mary is a doctor" : 0.08655534418766547
         "John is a doctor and a teacher" : 0.04750258005631425
         "Mary is a doctor and a teacher" : 0.04750258005631425
         "John and Mary are doctors or teachers" : 0.018309772241219994
         "John or Mary is a doctor and a teacher" : 0.01641723975145466
         "John is a doctor or a teacher" : 0.014074838535204214
         "Mary is a doctor or a teacher" : 0.014074838535204214
         "John or Mary is a doctor" : 0.014074838535204214
         "Mary is a teacher" : 0.010819418023458179
         "John is a teacher" : 0.010819418023458179
         "John is not a teacher" : 0.008015222008949992
         "Mary is not a teacher" : 0.008015222008949992
         "John and Mary are teachers" : 0.0059378225070392835
         "John or Mary is a teacher" : 0.005937822507039272
         "John and Mary are not teachers" : 0.0043988471043886965
         "John or Mary is not a teacher" : 0.0043988471043886965
         "John or Mary is a doctor or a teacher" : 0.003954910804103521
         "John is not a doctor and a teacher" : 0.0013033621050040592
         "Mary is not a doctor and a teacher" : 0.0013033621050040592
         "John or Mary is not a doctor and a teacher" : 0.0012360388998589598
         "John and Mary are not doctors and teachers" : 0.00021194082645043896,
    learnedResult: 
     Marginal:
         "John is a doctor" : 0.25147674280945315
         "Mary is a doctor" : 0.25147674280945315
         "John and Mary are doctors" : 0.0350265848002943
         "John is a teacher" : 0.031434592851181636
         "Mary is a teacher" : 0.031434592851181636
         "Mary is a doctor and a teacher" : 0.026113089049201885
         "John is a doctor and a teacher" : 0.026113089049201815
         "Mary is not a teacher" : 0.023287319143866652
         "John is not a teacher" : 0.02328731914386661
         "Mary is not a doctor" : 0.021130916787361193
         "John is not a doctor" : 0.021130916787361193
         "John or Mary is a doctor" : 0.018477093766356752
         "Mary is a doctor or a teacher" : 0.018214081626380118
         "John is a doctor or a teacher" : 0.018214081626380118
         "John or Mary is a teacher" : 0.017251670332606564
         "John and Mary are teachers" : 0.017251670332606564
         "John or Mary is not a teacher" : 0.01278035171958921
         "John and Mary are not teachers" : 0.01278035171958921
         "Mary is not a doctor or a teacher" : 0.012760844014674411
         "John is not a doctor or a teacher" : 0.012760844014674387
         "John or Mary is not a doctor" : 0.012755155366981009
         "John is not a doctor and a teacher" : 0.012640312201521798
         "Mary is not a doctor and a teacher" : 0.012640312201521777
         "John and Mary are not doctors" : 0.012481405239512243
         "John and Mary are doctors and teachers" : 0.01042844392518373
         "John and Mary are doctors or teachers" : 0.00959564930151069
         "John or Mary is a doctor and a teacher" : 0.009544876708447432
         "John or Mary is a doctor or a teacher" : 0.009478536586081067
         "John or Mary is not a doctor or a teacher" : 0.0070137839753787535
         "John or Mary is not a doctor and a teacher" : 0.00701240400863324
         "John and Mary are not doctors or teachers" : 0.00701135368686896
         "John and Mary are not doctors and teachers" : 0.006994871563078411,
    KLDivergence: 1.3381605503737237 },
  { query: [ 'Who is a doctor and a teacher', [Object] ],
    trueResult: 
     Marginal:
         "John is a doctor and a teacher" : 0.5057429117707349
         "John is a doctor" : 0.11519045846271186
         "John is a teacher" : 0.11519045846271186
         "John or Mary is a doctor and a teacher" : 0.051789172217255514
         "Mary is not a teacher" : 0.02528450088232814
         "Mary is not a doctor" : 0.02528450088232814
         "John and Mary are teachers" : 0.018731218954471676
         "John and Mary are doctors" : 0.018731218954471676
         "John or Mary is a teacher" : 0.018731218954471645
         "John is a doctor or a teacher" : 0.018731218954471645
         "John or Mary is a doctor" : 0.018731218954471645
         "Mary is not a doctor or a teacher" : 0.013876428297051366
         "Mary is not a doctor and a teacher" : 0.013876428297051366
         "John and Mary are doctors or teachers" : 0.007219910001734958
         "Mary is a doctor or a teacher" : 0.00554999080132493
         "John or Mary is a doctor or a teacher" : 0.005263314391264789
         "Mary is a doctor" : 0.004266313276396742
         "Mary is a teacher" : 0.004266313276396742
         "John or Mary is not a doctor" : 0.004111534310237441
         "John or Mary is not a teacher" : 0.004111534310237441
         "John or Mary is not a doctor and a teacher" : 0.003899159202225257
         "John or Mary is not a doctor or a teacher" : 0.0014209763856506024,
    learnedResult: 
     Marginal:
         "John is a doctor" : 0.06386476325299144
         "John is a teacher" : 0.06268471254729308
         "Mary is a doctor" : 0.059801477252784396
         "Mary is a teacher" : 0.0596490992335387
         "Mary is not a teacher" : 0.04388548697476927
         "Mary is not a doctor" : 0.0438819088082512
         "John is not a teacher" : 0.04381535615924361
         "John is not a doctor" : 0.04378872489616138
         "John is a doctor and a teacher" : 0.033087528643565095
         "John and Mary are doctors" : 0.032919191118037705
         "John and Mary are teachers" : 0.03281729408172352
         "Mary is a doctor and a teacher" : 0.03258042719106399
         "John is a doctor or a teacher" : 0.03257251483198158
         "John or Mary is a doctor" : 0.03256469713927943
         "John or Mary is a teacher" : 0.032552954342938
         "Mary is a doctor or a teacher" : 0.03252478147740798
         "Mary is not a doctor or a teacher" : 0.024089863735624863
         "John or Mary is not a teacher" : 0.024089272373295667
         "John or Mary is not a doctor" : 0.024089026744079974
         "John is not a doctor or a teacher" : 0.024088878557445646
         "Mary is not a doctor and a teacher" : 0.024088854382241377
         "John and Mary are not teachers" : 0.024083345610274576
         "John and Mary are not doctors" : 0.02408108823579853
         "John is not a doctor and a teacher" : 0.02407962206689452
         "John and Mary are doctors and teachers" : 0.01788816071167816
         "John or Mary is a doctor and a teacher" : 0.01785089253541665
         "John and Mary are doctors or teachers" : 0.017850846773830437
         "John or Mary is a doctor or a teacher" : 0.01784680768230232
         "John or Mary is not a doctor or a teacher" : 0.013220862916909437
         "John and Mary are not doctors or teachers" : 0.013220778609602996
         "John or Mary is not a doctor and a teacher" : 0.013220777625400915
         "John and Mary are not doctors and teachers" : 0.013220003488173588,
    KLDivergence: 1.4091978859376166 },
  { query: [ 'Who is a doctor or a teacher', [Object] ],
    trueResult: 
     Marginal:
         "John and Mary are doctors" : 0.1056107851909732
         "John and Mary are teachers" : 0.1056107851909732
         "John is a doctor" : 0.08118368320238828
         "John is a teacher" : 0.08118368320238828
         "Mary is a teacher" : 0.08118368320238828
         "Mary is a doctor" : 0.08118368320238828
         "John and Mary are doctors or teachers" : 0.05796042780983282
         "John and Mary are doctors and teachers" : 0.05796042780983277
         "Mary is a doctor and a teacher" : 0.044554550002441795
         "John is a doctor and a teacher" : 0.044554550002441795
         "Mary is a doctor or a teacher" : 0.04455455000244175
         "John is a doctor or a teacher" : 0.04455455000244175
         "John or Mary is a teacher" : 0.03129208450102909
         "John or Mary is a doctor" : 0.03129208450102909
         "John or Mary is a doctor and a teacher" : 0.021122604886965272
         "John or Mary is a doctor or a teacher" : 0.012519452406923889
         "John is not a doctor and a teacher" : 0.009779799246246973
         "Mary is not a doctor and a teacher" : 0.009779799246246973
         "John is not a teacher" : 0.007517793967297686
         "Mary is not a teacher" : 0.007517793967297686
         "Mary is not a doctor" : 0.007517793967297686
         "John is not a doctor" : 0.007517793967297686
         "John or Mary is not a doctor and a teacher" : 0.00651387501985663
         "John or Mary is not a doctor" : 0.00565960604528182
         "John or Mary is not a teacher" : 0.00565960604528182
         "John and Mary are not doctors and teachers" : 0.0037696035994540657
         "John and Mary are not doctors" : 0.0012224749057808738
         "John and Mary are not teachers" : 0.0012224749057808738,
    learnedResult: 
     Marginal:
         "John is a doctor" : 0.059917910021291564
         "Mary is a doctor" : 0.05989318266702616
         "John is a teacher" : 0.05987542194406936
         "Mary is a teacher" : 0.059868681666944874
         "Mary is not a teacher" : 0.04434450544759211
         "John is not a teacher" : 0.044344346325993
         "Mary is not a doctor" : 0.04434392709739563
         "John is not a doctor" : 0.04434334356906462
         "John and Mary are doctors" : 0.03285825267617839
         "John is a doctor and a teacher" : 0.03285711832339785
         "Mary is a doctor and a teacher" : 0.03285469546801908
         "John and Mary are teachers" : 0.032853296002651425
         "John or Mary is a doctor" : 0.032852066716883524
         "John is a doctor or a teacher" : 0.0328520189200324
         "Mary is a doctor or a teacher" : 0.032851752818933315
         "John or Mary is a teacher" : 0.0328515741667446
         "John or Mary is not a teacher" : 0.024336900437108327
         "Mary is not a doctor or a teacher" : 0.02433689680346253
         "John is not a doctor or a teacher" : 0.024336891307860313
         "John or Mary is not a doctor" : 0.02433689011865581
         "John and Mary are not teachers" : 0.02433686162563499
         "Mary is not a doctor and a teacher" : 0.024336843690939063
         "John is not a doctor and a teacher" : 0.02433679928996814
         "John and Mary are not doctors" : 0.02433675069376151
         "John and Mary are doctors and teachers" : 0.01802978620912515
         "John and Mary are doctors or teachers" : 0.018029291994415383
         "John or Mary is a doctor and a teacher" : 0.01802927438821852
         "John or Mary is a doctor or a teacher" : 0.018029228697854994
         "John or Mary is not a doctor or a teacher" : 0.013356376188646667
         "John or Mary is not a doctor and a teacher" : 0.013356375235055408
         "John and Mary are not doctors or teachers" : 0.013356374867553075
         "John and Mary are not doctors and teachers" : 0.013356364619522498,
    KLDivergence: 0.42634655354727685 },
  { query: [ 'Who is not a doctor and a teacher', [Object] ],
    trueResult: 
     Marginal:
         "John is a doctor and a teacher" : 0.5057429117707349
         "John is a doctor" : 0.11519045846271186
         "John is a teacher" : 0.11519045846271186
         "John or Mary is a doctor and a teacher" : 0.051789172217255514
         "Mary is not a teacher" : 0.02528450088232814
         "Mary is not a doctor" : 0.02528450088232814
         "John and Mary are teachers" : 0.018731218954471676
         "John and Mary are doctors" : 0.018731218954471676
         "John or Mary is a teacher" : 0.018731218954471645
         "John is a doctor or a teacher" : 0.018731218954471645
         "John or Mary is a doctor" : 0.018731218954471645
         "Mary is not a doctor or a teacher" : 0.013876428297051366
         "Mary is not a doctor and a teacher" : 0.013876428297051366
         "John and Mary are doctors or teachers" : 0.007219910001734958
         "Mary is a doctor or a teacher" : 0.00554999080132493
         "John or Mary is a doctor or a teacher" : 0.005263314391264789
         "Mary is a doctor" : 0.004266313276396742
         "Mary is a teacher" : 0.004266313276396742
         "John or Mary is not a doctor" : 0.004111534310237441
         "John or Mary is not a teacher" : 0.004111534310237441
         "John or Mary is not a doctor and a teacher" : 0.003899159202225257
         "John or Mary is not a doctor or a teacher" : 0.0014209763856506024,
    learnedResult: 
     Marginal:
         "John is a doctor" : 0.0598701947331746
         "John is a teacher" : 0.059869330775828684
         "Mary is a doctor" : 0.05986715092985729
         "Mary is a teacher" : 0.059867035215047326
         "Mary is not a teacher" : 0.04435042427751265
         "Mary is not a doctor" : 0.04435042154536945
         "John is not a teacher" : 0.04435037007768915
         "John is not a doctor" : 0.04435034967941174
         "John is a doctor and a teacher" : 0.03285603044097133
         "John and Mary are doctors" : 0.03285590125502565
         "John and Mary are teachers" : 0.032855823901039256
         "John is a doctor or a teacher" : 0.032855646984163274
         "Mary is a doctor and a teacher" : 0.032855641683299804
         "John or Mary is a doctor" : 0.03285564095491411
         "John or Mary is a teacher" : 0.032855631980977795
         "Mary is a doctor or a teacher" : 0.03285561021584892
         "Mary is not a doctor or a teacher" : 0.024340031644073723
         "John or Mary is not a teacher" : 0.024340031187372838
         "Mary is not a doctor and a teacher" : 0.024340031072332995
         "John or Mary is not a doctor" : 0.02434003099950596
         "John is not a doctor or a teacher" : 0.02434003088471848
         "John and Mary are not teachers" : 0.02434002686942941
         "John and Mary are not doctors" : 0.024340025142740158
         "John is not a doctor and a teacher" : 0.024340023947982715
         "John and Mary are doctors and teachers" : 0.01803156974651522
         "John or Mary is a doctor and a teacher" : 0.0180315424031026
         "John and Mary are doctors or teachers" : 0.018031542337328624
         "John or Mary is a doctor or a teacher" : 0.01803153936443071
         "John or Mary is not a doctor or a teacher" : 0.013358092626950575
         "John and Mary are not doctors or teachers" : 0.013358092564891628
         "John or Mary is not a doctor and a teacher" : 0.013358092563496998
         "John and Mary are not doctors and teachers" : 0.013358091994996046,
    KLDivergence: 1.4233069237430818 },
  { query: [ 'Who is not a doctor or a teacher', [Object] ],
    trueResult: 
     Marginal:
         "John and Mary are doctors" : 0.1056107851909732
         "John and Mary are teachers" : 0.1056107851909732
         "John is a doctor" : 0.08118368320238828
         "John is a teacher" : 0.08118368320238828
         "Mary is a teacher" : 0.08118368320238828
         "Mary is a doctor" : 0.08118368320238828
         "John and Mary are doctors or teachers" : 0.05796042780983282
         "John and Mary are doctors and teachers" : 0.05796042780983277
         "Mary is a doctor and a teacher" : 0.044554550002441795
         "John is a doctor and a teacher" : 0.044554550002441795
         "Mary is a doctor or a teacher" : 0.04455455000244175
         "John is a doctor or a teacher" : 0.04455455000244175
         "John or Mary is a teacher" : 0.03129208450102909
         "John or Mary is a doctor" : 0.03129208450102909
         "John or Mary is a doctor and a teacher" : 0.021122604886965272
         "John or Mary is a doctor or a teacher" : 0.012519452406923889
         "John is not a doctor and a teacher" : 0.009779799246246973
         "Mary is not a doctor and a teacher" : 0.009779799246246973
         "John is not a teacher" : 0.007517793967297686
         "Mary is not a teacher" : 0.007517793967297686
         "Mary is not a doctor" : 0.007517793967297686
         "John is not a doctor" : 0.007517793967297686
         "John or Mary is not a doctor and a teacher" : 0.00651387501985663
         "John or Mary is not a doctor" : 0.00565960604528182
         "John or Mary is not a teacher" : 0.00565960604528182
         "John and Mary are not doctors and teachers" : 0.0037696035994540657
         "John and Mary are not doctors" : 0.0012224749057808738
         "John and Mary are not teachers" : 0.0012224749057808738,
    learnedResult: 
     Marginal:
         "John is a doctor" : 0.05986729979935863
         "Mary is a doctor" : 0.05986728019024985
         "John is a teacher" : 0.05986726611445586
         "Mary is a teacher" : 0.059867260767305204
         "Mary is not a teacher" : 0.04435075183027515
         "John is not a teacher" : 0.04435075170402309
         "Mary is not a doctor" : 0.04435075137167851
         "John is not a doctor" : 0.044350750908686384
         "John and Mary are doctors" : 0.03285585063078813
         "John is a doctor and a teacher" : 0.03285584973179955
         "Mary is a doctor and a teacher" : 0.03285584780956436
         "John and Mary are teachers" : 0.03285584670014257
         "John or Mary is a doctor" : 0.032855845729265996
         "John is a doctor or a teacher" : 0.03285584569137332
         "Mary is a doctor or a teacher" : 0.03285584548024578
         "John or Mary is a teacher" : 0.03285584533862176
         "John or Mary is not a teacher" : 0.024340208768617047
         "Mary is not a doctor or a teacher" : 0.024340208765736435
         "John is not a doctor or a teacher" : 0.02434020876137607
         "John or Mary is not a doctor" : 0.024340208760433375
         "John and Mary are not teachers" : 0.024340208737926743
         "Mary is not a doctor and a teacher" : 0.024340208723692656
         "John is not a doctor and a teacher" : 0.02434020868846277
         "John and Mary are not doctors" : 0.024340208649948986
         "John and Mary are doctors and teachers" : 0.018031670600083347
         "John and Mary are doctors or teachers" : 0.018031670208598565
         "John or Mary is a doctor and a teacher" : 0.018031670194647603
         "John or Mary is a doctor or a teacher" : 0.018031670158448337
         "John or Mary is not a doctor or a teacher" : 0.013358189798790247
         "John or Mary is not a doctor and a teacher" : 0.013358189798034732
         "John and Mary are not doctors or teachers" : 0.01335818979774354
         "John and Mary are not doctors and teachers" : 0.01335818978962563,
    KLDivergence: 0.4264157639105126 },
  { query: [ 'What is John', [Object] ],
    trueResult: 
     Marginal:
         "John is a doctor" : 0.23702792248662735
         "John is not a teacher" : 0.17559460378842734
         "John and Mary are doctors" : 0.130083681939854
         "John and Mary are not teachers" : 0.09636836179440914
         "John or Mary is a doctor" : 0.03854331316736411
         "John is a doctor or a teacher" : 0.03854331316736411
         "Mary is a teacher" : 0.029628490310828412
         "Mary is a doctor" : 0.029628490310828412
         "John is not a doctor and a teacher" : 0.02855358867982489
         "John or Mary is not a teacher" : 0.02855358867982489
         "Mary is not a doctor" : 0.02194932547355341
         "Mary is not a teacher" : 0.02194932547355341
         "John and Mary are doctors or teachers" : 0.021153018759865538
         "Mary is a doctor and a teacher" : 0.01626046024248175
         "Mary is a doctor or a teacher" : 0.016260460242481723
         "John and Mary are not doctors and teachers" : 0.0156705417197306
         "Mary is not a doctor or a teacher" : 0.012046045224301137
         "Mary is not a doctor and a teacher" : 0.012046045224301137
         "John or Mary is a doctor or a teacher" : 0.010830345605051172
         "John or Mary is not a doctor and a teacher" : 0.008023317360502066
         "John or Mary is a teacher" : 0.004817914145920514
         "John or Mary is not a doctor" : 0.0035691985849781176
         "John or Mary is a doctor and a teacher" : 0.0016651064329923299
         "John or Mary is not a doctor or a teacher" : 0.0012335411849350591,
    learnedResult: 
     Marginal:
         "John is a doctor" : 0.3499718114407731
         "Mary is a teacher" : 0.04374647643009662
         "Mary is a doctor" : 0.04374647643009662
         "John and Mary are doctors" : 0.03634071673891523
         "John is not a teacher" : 0.035606701738307475
         "Mary is not a teacher" : 0.032408186830038925
         "Mary is not a doctor" : 0.032408186830038925
         "John is not a doctor" : 0.0294071934559789
         "John is a doctor and a teacher" : 0.026242228778282573
         "John or Mary is a doctor" : 0.025347931062334145
         "John is a doctor or a teacher" : 0.024985395865486506
         "Mary is a doctor or a teacher" : 0.0240085753029501
         "Mary is a doctor and a teacher" : 0.0240085753029501
         "John or Mary is a teacher" : 0.02271725058801375
         "John and Mary are not teachers" : 0.018025006599514948
         "John or Mary is not a teacher" : 0.01781353082007034
         "Mary is not a doctor or a teacher" : 0.01778599003703456
         "Mary is not a doctor and a teacher" : 0.01778599003703453
         "John is not a doctor or a teacher" : 0.01776608822252108
         "John or Mary is not a doctor" : 0.01775847765510196
         "John is not a doctor and a teacher" : 0.017745869631079967
         "John and Mary are not doctors" : 0.01754909581979025
         "John and Mary are teachers" : 0.014839309985136934
         "John and Mary are doctors and teachers" : 0.013317798886521157
         "John and Mary are doctors or teachers" : 0.013249763674335925
         "John or Mary is a doctor and a teacher" : 0.013193231923574831
         "John or Mary is a doctor or a teacher" : 0.013184682072125514
         "John or Mary is not a doctor or a teacher" : 0.009760980806504043
         "John or Mary is not a doctor and a teacher" : 0.009760799298172761
         "John and Mary are not doctors or teachers" : 0.009759624462612172
         "John and Mary are not doctors and teachers" : 0.009758053274606835,
    KLDivergence: 0.5073395732156332 },
  { query: [ 'What is John', [Object] ],
    trueResult: 
     Marginal:
         "John is a doctor and a teacher" : 0.37545849217947985
         "John and Mary are doctors and teachers" : 0.20605598937841657
         "John is a doctor" : 0.08551624717081296
         "John is a teacher" : 0.08551624717081296
         "John and Mary are teachers" : 0.046932311522435
         "John and Mary are doctors" : 0.046932311522435
         "John or Mary is a doctor and a teacher" : 0.03844776478197857
         "John or Mary is a teacher" : 0.013905870080721474
         "John is a doctor or a teacher" : 0.013905870080721474
         "John or Mary is a doctor" : 0.013905870080721474
         "Mary is a teacher" : 0.010689530896351615
         "Mary is a doctor" : 0.010689530896351615
         "Mary is not a doctor" : 0.007918999258557448
         "Mary is not a teacher" : 0.007918999258557448
         "John and Mary are doctors or teachers" : 0.007631703310311726
         "Mary is a doctor and a teacher" : 0.005866538940304378
         "Mary is a doctor or a teacher" : 0.0058665389403043675
         "Mary is not a doctor or a teacher" : 0.004346038939316297
         "Mary is not a doctor and a teacher" : 0.004346038939316297
         "John or Mary is a doctor or a teacher" : 0.003907432094879606
         "John or Mary is not a doctor" : 0.0012877152412789025
         "John or Mary is not a teacher" : 0.0012877152412789025
         "John or Mary is not a doctor and a teacher" : 0.0012212002512970355
         "John or Mary is not a doctor or a teacher" : 0.00044504382335897773,
    learnedResult: 
     Marginal:
         "John is a doctor" : 0.25147626457447386
         "John is a teacher" : 0.25147626457447386
         "John is a doctor and a teacher" : 0.035026518190007135
         "Mary is a teacher" : 0.031434533071809226
         "Mary is a doctor" : 0.031434533071809226
         "John and Mary are teachers" : 0.026113039389768288
         "John and Mary are doctors" : 0.026113039389768264
         "Mary is not a doctor" : 0.023287274858218347
         "Mary is not a teacher" : 0.023287274858218347
         "John is not a doctor" : 0.021130876602557466
         "John is not a teacher" : 0.021130876602557466
         "John is a doctor or a teacher" : 0.018477058628345724
         "John or Mary is a doctor" : 0.018214046988541035
         "John or Mary is a teacher" : 0.018214046988541004
         "Mary is a doctor or a teacher" : 0.017251637524991408
         "Mary is a doctor and a teacher" : 0.017251637524991408
         "Mary is not a doctor or a teacher" : 0.012780327415110104
         "Mary is not a doctor and a teacher" : 0.012780327415110081
         "John or Mary is not a doctor" : 0.012760558077089795
         "John or Mary is not a teacher" : 0.012760558077089795
         "John is not a doctor or a teacher" : 0.012755614172942284
         "John and Mary are not teachers" : 0.012610104354553788
         "John and Mary are not doctors" : 0.012610104354553765
         "John is not a doctor and a teacher" : 0.012529726379589459
         "John and Mary are doctors and teachers" : 0.01044717995784775
         "John or Mary is a doctor and a teacher" : 0.009576484910436682
         "John and Mary are doctors or teachers" : 0.009559514727651326
         "John or Mary is a doctor or a teacher" : 0.009478456700931802
         "John or Mary is not a doctor or a teacher" : 0.0070137719454572475
         "John and Mary are not doctors or teachers" : 0.007012087353367618
         "John or Mary is not a doctor and a teacher" : 0.0070117369825052935
         "John and Mary are not doctors and teachers" : 0.006994524336690573,
    KLDivergence: 1.3409306206903602 },
  { query: [ 'What isn\'t John', [Object] ],
    trueResult: 
     Marginal:
         "John is a doctor and a teacher" : 0.37545849217947985
         "John and Mary are doctors and teachers" : 0.20605598937841657
         "John is a doctor" : 0.08551624717081296
         "John is a teacher" : 0.08551624717081296
         "John and Mary are teachers" : 0.046932311522435
         "John and Mary are doctors" : 0.046932311522435
         "John or Mary is a doctor and a teacher" : 0.03844776478197857
         "John or Mary is a teacher" : 0.013905870080721474
         "John is a doctor or a teacher" : 0.013905870080721474
         "John or Mary is a doctor" : 0.013905870080721474
         "Mary is a teacher" : 0.010689530896351615
         "Mary is a doctor" : 0.010689530896351615
         "Mary is not a doctor" : 0.007918999258557448
         "Mary is not a teacher" : 0.007918999258557448
         "John and Mary are doctors or teachers" : 0.007631703310311726
         "Mary is a doctor and a teacher" : 0.005866538940304378
         "Mary is a doctor or a teacher" : 0.0058665389403043675
         "Mary is not a doctor or a teacher" : 0.004346038939316297
         "Mary is not a doctor and a teacher" : 0.004346038939316297
         "John or Mary is a doctor or a teacher" : 0.003907432094879606
         "John or Mary is not a doctor" : 0.0012877152412789025
         "John or Mary is not a teacher" : 0.0012877152412789025
         "John or Mary is not a doctor and a teacher" : 0.0012212002512970355
         "John or Mary is not a doctor or a teacher" : 0.00044504382335897773,
    learnedResult: 
     Marginal:
         "John is a doctor" : 0.059990416997296174
         "John is a teacher" : 0.059990416997296174
         "Mary is a doctor" : 0.05984763842607545
         "Mary is a teacher" : 0.05984763842607545
         "Mary is not a teacher" : 0.044336221010808
         "Mary is not a doctor" : 0.044336221010808
         "John is not a doctor" : 0.04433285261687978
         "John is not a teacher" : 0.04433285261687976
         "John is a doctor and a teacher" : 0.03286543731411852
         "John and Mary are teachers" : 0.03285668347879047
         "John and Mary are doctors" : 0.032856683478790456
         "John is a doctor or a teacher" : 0.032846899941578994
         "John or Mary is a doctor" : 0.03284651007703205
         "John or Mary is a teacher" : 0.03284651007703201
         "Mary is a doctor or a teacher" : 0.032845080360978184
         "Mary is a doctor and a teacher" : 0.03284508036097817
         "Mary is not a doctor or a teacher" : 0.02433223399116791
         "Mary is not a doctor and a teacher" : 0.0243322339911679
         "John or Mary is not a teacher" : 0.024332204068126594
         "John or Mary is not a doctor" : 0.024332204068126594
         "John is not a doctor or a teacher" : 0.024332196412942327
         "John and Mary are not teachers" : 0.024331975321931362
         "John and Mary are not doctors" : 0.024331975321931352
         "John is not a doctor and a teacher" : 0.02433186099088567
         "John and Mary are doctors and teachers" : 0.01802715403078065
         "John or Mary is a doctor and a teacher" : 0.018025922076405698
         "John and Mary are doctors or teachers" : 0.018025901005224148
         "John or Mary is a doctor or a teacher" : 0.01802577832617607
         "John or Mary is not a doctor or a teacher" : 0.013353812811513781
         "John and Mary are not doctors or teachers" : 0.013353810251339158
         "John or Mary is not a doctor and a teacher" : 0.013353809811190236
         "John and Mary are not doctors and teachers" : 0.013353784329672824,
    KLDivergence: 1.3800617544779263 },
  { query: [ 'What isn\'t John', [Object] ],
    trueResult: 
     Marginal:
         "John is a doctor and a teacher" : 0.37545849217947985
         "John and Mary are doctors and teachers" : 0.20605598937841657
         "John is a doctor" : 0.08551624717081296
         "John is a teacher" : 0.08551624717081296
         "John and Mary are teachers" : 0.046932311522435
         "John and Mary are doctors" : 0.046932311522435
         "John or Mary is a doctor and a teacher" : 0.03844776478197857
         "John or Mary is a teacher" : 0.013905870080721474
         "John is a doctor or a teacher" : 0.013905870080721474
         "John or Mary is a doctor" : 0.013905870080721474
         "Mary is a teacher" : 0.010689530896351615
         "Mary is a doctor" : 0.010689530896351615
         "Mary is not a doctor" : 0.007918999258557448
         "Mary is not a teacher" : 0.007918999258557448
         "John and Mary are doctors or teachers" : 0.007631703310311726
         "Mary is a doctor and a teacher" : 0.005866538940304378
         "Mary is a doctor or a teacher" : 0.0058665389403043675
         "Mary is not a doctor or a teacher" : 0.004346038939316297
         "Mary is not a doctor and a teacher" : 0.004346038939316297
         "John or Mary is a doctor or a teacher" : 0.003907432094879606
         "John or Mary is not a doctor" : 0.0012877152412789025
         "John or Mary is not a teacher" : 0.0012877152412789025
         "John or Mary is not a doctor and a teacher" : 0.0012212002512970355
         "John or Mary is not a doctor or a teacher" : 0.00044504382335897773,
    learnedResult: 
     Marginal:
         "John is a doctor" : 0.059990416997296174
         "John is a teacher" : 0.059990416997296174
         "Mary is a doctor" : 0.05984763842607545
         "Mary is a teacher" : 0.05984763842607545
         "Mary is not a teacher" : 0.044336221010808
         "Mary is not a doctor" : 0.044336221010808
         "John is not a doctor" : 0.04433285261687978
         "John is not a teacher" : 0.04433285261687976
         "John is a doctor and a teacher" : 0.03286543731411852
         "John and Mary are teachers" : 0.03285668347879047
         "John and Mary are doctors" : 0.032856683478790456
         "John is a doctor or a teacher" : 0.032846899941578994
         "John or Mary is a doctor" : 0.03284651007703205
         "John or Mary is a teacher" : 0.03284651007703201
         "Mary is a doctor or a teacher" : 0.032845080360978184
         "Mary is a doctor and a teacher" : 0.03284508036097817
         "Mary is not a doctor or a teacher" : 0.02433223399116791
         "Mary is not a doctor and a teacher" : 0.0243322339911679
         "John or Mary is not a teacher" : 0.024332204068126594
         "John or Mary is not a doctor" : 0.024332204068126594
         "John is not a doctor or a teacher" : 0.024332196412942327
         "John and Mary are not teachers" : 0.024331975321931362
         "John and Mary are not doctors" : 0.024331975321931352
         "John is not a doctor and a teacher" : 0.02433186099088567
         "John and Mary are doctors and teachers" : 0.01802715403078065
         "John or Mary is a doctor and a teacher" : 0.018025922076405698
         "John and Mary are doctors or teachers" : 0.018025901005224148
         "John or Mary is a doctor or a teacher" : 0.01802577832617607
         "John or Mary is not a doctor or a teacher" : 0.013353812811513781
         "John and Mary are not doctors or teachers" : 0.013353810251339158
         "John or Mary is not a doctor and a teacher" : 0.013353809811190236
         "John and Mary are not doctors and teachers" : 0.013353784329672824,
    KLDivergence: 1.3800617544779263 } ]
